[ 2017-07-24T11:31:48+08:00 ] 127.0.0.1 /lbyun/lbyun/question/list.do
INFO: [ app_init ] --START--
INFO: Run Behavior\BuildLiteBehavior [ RunTime:0.000000s ]
INFO: [ app_init ] --END-- [ RunTime:0.001000s ]
ERR: 无法加载模块:Question

[ 2017-07-24T11:31:53+08:00 ] 127.0.0.1 /lbyun/lbyun/index.php/Product/index.html
INFO: [ app_init ] --START--
INFO: Run Behavior\BuildLiteBehavior [ RunTime:0.000000s ]
INFO: [ app_init ] --END-- [ RunTime:0.000000s ]
ERR: 无法加载模块:Product

[ 2017-07-24T11:31:54+08:00 ] 127.0.0.1 /lbyun/lbyun/index.php/Extension/index.html
INFO: [ app_init ] --START--
INFO: Run Behavior\BuildLiteBehavior [ RunTime:0.000000s ]
INFO: [ app_init ] --END-- [ RunTime:0.001000s ]
ERR: 无法加载模块:Extension

[ 2017-07-24T11:33:27+08:00 ] 127.0.0.1 /lbyun/lbyun/index.php/Extension/index.html
INFO: [ app_init ] --START--
INFO: Run Behavior\BuildLiteBehavior [ RunTime:0.000000s ]
INFO: [ app_init ] --END-- [ RunTime:0.001000s ]
ERR: 无法加载模块:Extension

[ 2017-07-24T11:33:30+08:00 ] 127.0.0.1 /lbyun/lbyun/question/list.do
INFO: [ app_init ] --START--
INFO: Run Behavior\BuildLiteBehavior [ RunTime:0.000000s ]
INFO: [ app_init ] --END-- [ RunTime:0.001000s ]
ERR: 无法加载模块:Question

[ 2017-07-24T11:33:37+08:00 ] 127.0.0.1 /lbyun/lbyun/index.php/Product/index.html
INFO: [ app_init ] --START--
INFO: Run Behavior\BuildLiteBehavior [ RunTime:0.000000s ]
INFO: [ app_init ] --END-- [ RunTime:0.000000s ]
ERR: 无法加载模块:Product

[ 2017-07-24T11:33:38+08:00 ] 127.0.0.1 /lbyun/lbyun/index.php/Extension/index.html
INFO: [ app_init ] --START--
INFO: Run Behavior\BuildLiteBehavior [ RunTime:0.000000s ]
INFO: [ app_init ] --END-- [ RunTime:0.000000s ]
ERR: 无法加载模块:Extension

[ 2017-07-24T11:33:42+08:00 ] 127.0.0.1 /lbyun/lbyun/index.php/merchant/access.html
INFO: [ app_init ] --START--
INFO: Run Behavior\BuildLiteBehavior [ RunTime:0.000000s ]
INFO: [ app_init ] --END-- [ RunTime:0.001000s ]
ERR: 无法加载模块:Merchant

[ 2017-07-24T11:33:44+08:00 ] 127.0.0.1 /lbyun/lbyun/probleminformation/list.do
INFO: [ app_init ] --START--
INFO: Run Behavior\BuildLiteBehavior [ RunTime:0.000000s ]
INFO: [ app_init ] --END-- [ RunTime:0.001000s ]
ERR: 无法加载模块:Probleminformation

[ 2017-07-24T11:33:45+08:00 ] 127.0.0.1 /lbyun/lbyun/probleminformation/list.do
INFO: [ app_init ] --START--
INFO: Run Behavior\BuildLiteBehavior [ RunTime:0.000000s ]
INFO: [ app_init ] --END-- [ RunTime:0.001000s ]
ERR: 无法加载模块:Probleminformation

[ 2017-07-24T11:33:48+08:00 ] 127.0.0.1 /lbyun/lbyun/probleminformation/list.do
INFO: [ app_init ] --START--
INFO: Run Behavior\BuildLiteBehavior [ RunTime:0.000000s ]
INFO: [ app_init ] --END-- [ RunTime:0.001000s ]
ERR: 无法加载模块:Probleminformation

[ 2017-07-24T11:33:50+08:00 ] 127.0.0.1 /lbyun/lbyun/probleminformation/list.do
INFO: [ app_init ] --START--
INFO: Run Behavior\BuildLiteBehavior [ RunTime:0.000000s ]
INFO: [ app_init ] --END-- [ RunTime:0.001000s ]
ERR: 无法加载模块:Probleminformation

[ 2017-07-24T11:36:19+08:00 ] 127.0.0.1 /lbyun/lbyun/index.php/Product/index.html
INFO: [ app_init ] --START--
INFO: Run Behavior\BuildLiteBehavior [ RunTime:0.000000s ]
INFO: [ app_init ] --END-- [ RunTime:0.000000s ]
ERR: 无法加载模块:Product

[ 2017-07-24T11:36:45+08:00 ] 127.0.0.1 /lbyun/lbyun/index.php/Extension/index.html
INFO: [ app_init ] --START--
INFO: Run Behavior\BuildLiteBehavior [ RunTime:0.000000s ]
INFO: [ app_init ] --END-- [ RunTime:0.000000s ]
ERR: 无法加载模块:Extension

[ 2017-07-24T11:36:47+08:00 ] 127.0.0.1 /lbyun/lbyun/index.php/Background/brand_show.html
INFO: [ app_init ] --START--
INFO: Run Behavior\BuildLiteBehavior [ RunTime:0.000000s ]
INFO: [ app_init ] --END-- [ RunTime:0.001000s ]
ERR: 无法加载模块:Background

[ 2017-07-24T11:36:49+08:00 ] 127.0.0.1 /lbyun/lbyun/index.php/Model/model_add.html
INFO: [ app_init ] --START--
INFO: Run Behavior\BuildLiteBehavior [ RunTime:0.000000s ]
INFO: [ app_init ] --END-- [ RunTime:0.000000s ]
ERR: 无法加载模块:Model

