[ 2017-06-17T09:28:43+08:00 ] ::1 /yjc/lby/index.php/Admin/Index/index1.html
ERR: 非法操作:index1

[ 2017-06-17T09:28:51+08:00 ] ::1 /yjc/lby/probleminformation/list.do
ERR: 无法加载控制器:Probleminformation

[ 2017-06-17T09:28:57+08:00 ] ::1 /yjc/lby/index.php/Tian/WdatePicker.css
ERR: 非法操作:WdatePicker.css

[ 2017-06-17T09:28:57+08:00 ] ::1 /yjc/lby/index.php/Tian/WdatePicker.css
ERR: 非法操作:WdatePicker.css

[ 2017-06-17T09:28:57+08:00 ] ::1 /yjc/lby/Public/Admin/static/userlist/skin/WdatePicker.css
ERR: 无法加载控制器:Public

[ 2017-06-17T09:40:08+08:00 ] ::1 /yjc/lby/index.php/Tian/WdatePicker.css
ERR: 非法操作:WdatePicker.css

[ 2017-06-17T09:40:08+08:00 ] ::1 /yjc/lby/Public/Admin/static/userlist/skin/WdatePicker.css
ERR: 无法加载控制器:Public

[ 2017-06-17T09:40:08+08:00 ] ::1 /yjc/lby/index.php/Tian/WdatePicker.css
ERR: 非法操作:WdatePicker.css

[ 2017-06-17T09:40:37+08:00 ] ::1 /yjc/lby/index.php/Tian/WdatePicker.css
ERR: 非法操作:WdatePicker.css

[ 2017-06-17T09:40:37+08:00 ] ::1 /yjc/lby/Public/Admin/static/userlist/skin/WdatePicker.css
ERR: 无法加载控制器:Public

[ 2017-06-17T09:40:37+08:00 ] ::1 /yjc/lby/index.php/Tian/WdatePicker.css
ERR: 非法操作:WdatePicker.css

[ 2017-06-17T09:47:25+08:00 ] ::1 /yjc/lby/index.php/Tian/WdatePicker.css
ERR: 非法操作:WdatePicker.css

[ 2017-06-17T09:47:25+08:00 ] ::1 /yjc/lby/Public/Admin/static/userlist/j/yjc/lby/Public/Admin/static/userlist/query_006.js
ERR: 无法加载控制器:Public

[ 2017-06-17T09:47:25+08:00 ] ::1 /yjc/lby/Public/Admin/static/userlist/j/yjc/lby/Public/Admin/static/userlist/query_006.js
ERR: 无法加载控制器:Public

[ 2017-06-17T09:47:25+08:00 ] ::1 /yjc/lby/Public/Admin/static/userlist/skin/WdatePicker.css
ERR: 无法加载控制器:Public

[ 2017-06-17T09:47:25+08:00 ] ::1 /yjc/lby/index.php/Tian/WdatePicker.css
ERR: 非法操作:WdatePicker.css

[ 2017-06-17T09:47:43+08:00 ] ::1 /yjc/lby/index.php/Tian/tian_add.html
ERR: 1048:Column 'tian_user' cannot be null
 [ SQL语句 ] : INSERT INTO `tianmao` (`brand_name`,`model_name`,`product_type`,`product_name`,`tian_way`,`tian_user`,`user_address`,`tian_phone`,`tian_order`,`tian_time`,`tian_come_time`,`tian_price`) VALUES ('海尔空调','XTE321','上门服务',' 	家庭清洗服务','0',NULL,',,',NULL,'2147483647','2017-06-17 09-47-43','2017-06-18 09-47-43',NULL)

[ 2017-06-17T09:48:38+08:00 ] ::1 /yjc/lby/index.php/Tian/WdatePicker.css
ERR: 非法操作:WdatePicker.css

[ 2017-06-17T09:48:38+08:00 ] ::1 /yjc/lby/Public/Admin/static/userlist/j/yjc/lby/Public/Admin/static/userlist/query_006.js
ERR: 无法加载控制器:Public

[ 2017-06-17T09:48:38+08:00 ] ::1 /yjc/lby/Public/Admin/static/userlist/j/yjc/lby/Public/Admin/static/userlist/query_006.js
ERR: 无法加载控制器:Public

[ 2017-06-17T09:48:38+08:00 ] ::1 /yjc/lby/Public/Admin/static/userlist/skin/WdatePicker.css
ERR: 无法加载控制器:Public

[ 2017-06-17T09:48:38+08:00 ] ::1 /yjc/lby/index.php/Tian/WdatePicker.css
ERR: 非法操作:WdatePicker.css

[ 2017-06-17T09:49:02+08:00 ] ::1 /yjc/lby/Public/Admin/static/userlist/j/yjc/lby/Public/Admin/static/userlist/query_006.js
ERR: 无法加载控制器:Public

[ 2017-06-17T09:49:02+08:00 ] ::1 /yjc/lby/index.php/Product/WdatePicker.css
ERR: 非法操作:WdatePicker.css

[ 2017-06-17T09:49:02+08:00 ] ::1 /yjc/lby/Public/Admin/static/userlist/j/yjc/lby/Public/Admin/static/userlist/query_006.js
ERR: 无法加载控制器:Public

[ 2017-06-17T09:49:02+08:00 ] ::1 /yjc/lby/Public/Admin/static/userlist/skin/WdatePicker.css
ERR: 无法加载控制器:Public

[ 2017-06-17T09:49:02+08:00 ] ::1 /yjc/lby/index.php/Product/WdatePicker.css
ERR: 非法操作:WdatePicker.css

[ 2017-06-17T09:50:32+08:00 ] ::1 /yjc/lby/index.php/Product/WdatePicker.css
ERR: 非法操作:WdatePicker.css

[ 2017-06-17T09:50:32+08:00 ] ::1 /yjc/lby/Public/Admin/static/userlist/j/yjc/lby/Public/Admin/static/userlist/query_006.js
ERR: 无法加载控制器:Public

[ 2017-06-17T09:50:32+08:00 ] ::1 /yjc/lby/Public/Admin/static/userlist/j/yjc/lby/Public/Admin/static/userlist/query_006.js
ERR: 无法加载控制器:Public

[ 2017-06-17T09:50:32+08:00 ] ::1 /yjc/lby/index.php/Product/WdatePicker.css
ERR: 非法操作:WdatePicker.css

[ 2017-06-17T09:50:32+08:00 ] ::1 /yjc/lby/Public/Admin/static/userlist/skin/WdatePicker.css
ERR: 无法加载控制器:Public

[ 2017-06-17T09:50:52+08:00 ] ::1 /yjc/lby/index.php/Login/undefined?1497664252266
ERR: 非法操作:undefined

[ 2017-06-17T09:51:05+08:00 ] ::1 /yjc/lby/index.php/Admin/Index/index1.html
ERR: 非法操作:index1

[ 2017-06-17T09:51:12+08:00 ] ::1 /yjc/lby/index.php/Tian/WdatePicker.css
ERR: 非法操作:WdatePicker.css

[ 2017-06-17T09:51:13+08:00 ] ::1 /yjc/lby/Public/Admin/static/userlist/skin/WdatePicker.css
ERR: 无法加载控制器:Public

[ 2017-06-17T09:51:13+08:00 ] ::1 /yjc/lby/index.php/Tian/WdatePicker.css
ERR: 非法操作:WdatePicker.css

[ 2017-06-17T09:51:20+08:00 ] ::1 /yjc/lby/Public/Admin/static/userlist/j/yjc/lby/Public/Admin/static/userlist/query_006.js
ERR: 无法加载控制器:Public

[ 2017-06-17T09:51:20+08:00 ] ::1 /yjc/lby/index.php/Tian/WdatePicker.css
ERR: 非法操作:WdatePicker.css

[ 2017-06-17T09:51:20+08:00 ] ::1 /yjc/lby/Public/Admin/static/userlist/j/yjc/lby/Public/Admin/static/userlist/query_006.js
ERR: 无法加载控制器:Public

[ 2017-06-17T09:51:21+08:00 ] ::1 /yjc/lby/Public/Admin/static/userlist/skin/WdatePicker.css
ERR: 无法加载控制器:Public

[ 2017-06-17T09:51:21+08:00 ] ::1 /yjc/lby/index.php/Tian/WdatePicker.css
ERR: 非法操作:WdatePicker.css

[ 2017-06-17T09:51:45+08:00 ] ::1 /yjc/lby/Public/Admin/static/userlist/j/yjc/lby/Public/Admin/static/userlist/query_006.js
ERR: 无法加载控制器:Public

[ 2017-06-17T09:51:45+08:00 ] ::1 /yjc/lby/index.php/Tian/WdatePicker.css
ERR: 非法操作:WdatePicker.css

[ 2017-06-17T09:51:45+08:00 ] ::1 /yjc/lby/Public/Admin/static/userlist/j/yjc/lby/Public/Admin/static/userlist/query_006.js
ERR: 无法加载控制器:Public

[ 2017-06-17T09:51:45+08:00 ] ::1 /yjc/lby/Public/Admin/static/userlist/skin/WdatePicker.css
ERR: 无法加载控制器:Public

[ 2017-06-17T09:51:45+08:00 ] ::1 /yjc/lby/index.php/Tian/WdatePicker.css
ERR: 非法操作:WdatePicker.css

[ 2017-06-17T09:51:53+08:00 ] ::1 /yjc/lby/Public/Admin/static/userlist/j/yjc/lby/Public/Admin/static/userlist/query_006.js
ERR: 无法加载控制器:Public

[ 2017-06-17T09:51:53+08:00 ] ::1 /yjc/lby/index.php/Tian/WdatePicker.css
ERR: 非法操作:WdatePicker.css

[ 2017-06-17T09:51:53+08:00 ] ::1 /yjc/lby/Public/Admin/static/userlist/j/yjc/lby/Public/Admin/static/userlist/query_006.js
ERR: 无法加载控制器:Public

[ 2017-06-17T09:51:53+08:00 ] ::1 /yjc/lby/index.php/Tian/WdatePicker.css
ERR: 非法操作:WdatePicker.css

[ 2017-06-17T09:51:53+08:00 ] ::1 /yjc/lby/Public/Admin/static/userlist/skin/WdatePicker.css
ERR: 无法加载控制器:Public

[ 2017-06-17T09:51:59+08:00 ] ::1 /yjc/lby/index.php/Tian/WdatePicker.css
ERR: 非法操作:WdatePicker.css

[ 2017-06-17T09:51:59+08:00 ] ::1 /yjc/lby/Public/Admin/static/userlist/skin/WdatePicker.css
ERR: 无法加载控制器:Public

[ 2017-06-17T09:51:59+08:00 ] ::1 /yjc/lby/index.php/Tian/WdatePicker.css
ERR: 非法操作:WdatePicker.css

[ 2017-06-17T09:52:57+08:00 ] ::1 /yjc/lby/index.php/Tian/WdatePicker.css
ERR: 非法操作:WdatePicker.css

[ 2017-06-17T09:52:58+08:00 ] ::1 /yjc/lby/Public/Admin/static/userlist/skin/WdatePicker.css
ERR: 无法加载控制器:Public

[ 2017-06-17T09:52:58+08:00 ] ::1 /yjc/lby/index.php/Tian/WdatePicker.css
ERR: 非法操作:WdatePicker.css

[ 2017-06-17T09:53:07+08:00 ] ::1 /yjc/lby/index.php/Tian/WdatePicker.css
ERR: 非法操作:WdatePicker.css

[ 2017-06-17T09:53:07+08:00 ] ::1 /yjc/lby/index.php/Tian/WdatePicker.css
ERR: 非法操作:WdatePicker.css

[ 2017-06-17T09:53:07+08:00 ] ::1 /yjc/lby/Public/Admin/static/userlist/skin/WdatePicker.css
ERR: 无法加载控制器:Public

[ 2017-06-17T09:59:52+08:00 ] ::1 /yjc/lby/index.php/Tian/WdatePicker.css
ERR: 非法操作:WdatePicker.css

[ 2017-06-17T09:59:52+08:00 ] ::1 /yjc/lby/index.php/Tian/WdatePicker.css
ERR: 非法操作:WdatePicker.css

[ 2017-06-17T09:59:52+08:00 ] ::1 /yjc/lby/Public/Admin/static/userlist/skin/WdatePicker.css
ERR: 无法加载控制器:Public

[ 2017-06-17T10:11:16+08:00 ] ::1 /yjc/lby/index.php/Tian/WdatePicker.css
ERR: 非法操作:WdatePicker.css

[ 2017-06-17T10:11:16+08:00 ] ::1 /yjc/lby/Public/Admin/static/userlist/skin/WdatePicker.css
ERR: 无法加载控制器:Public

[ 2017-06-17T10:11:16+08:00 ] ::1 /yjc/lby/index.php/Tian/WdatePicker.css
ERR: 非法操作:WdatePicker.css

[ 2017-06-17T10:11:45+08:00 ] ::1 /yjc/lby/index.php/Tian/WdatePicker.css
ERR: 非法操作:WdatePicker.css

[ 2017-06-17T10:11:46+08:00 ] ::1 /yjc/lby/index.php/Tian/WdatePicker.css
ERR: 非法操作:WdatePicker.css

[ 2017-06-17T10:11:46+08:00 ] ::1 /yjc/lby/Public/Admin/static/userlist/skin/WdatePicker.css
ERR: 无法加载控制器:Public

[ 2017-06-17T10:16:46+08:00 ] ::1 /yjc/lby/index.php/Tian/WdatePicker.css
ERR: 非法操作:WdatePicker.css

[ 2017-06-17T10:16:46+08:00 ] ::1 /yjc/lby/Public/Admin/static/userlist/j/yjc/lby/Public/Admin/static/userlist/query_006.js
ERR: 无法加载控制器:Public

[ 2017-06-17T10:16:46+08:00 ] ::1 /yjc/lby/Public/Admin/static/userlist/j/yjc/lby/Public/Admin/static/userlist/query_006.js
ERR: 无法加载控制器:Public

[ 2017-06-17T10:16:46+08:00 ] ::1 /yjc/lby/Public/Admin/static/userlist/skin/WdatePicker.css
ERR: 无法加载控制器:Public

[ 2017-06-17T10:16:46+08:00 ] ::1 /yjc/lby/index.php/Tian/WdatePicker.css
ERR: 非法操作:WdatePicker.css

[ 2017-06-17T10:23:12+08:00 ] ::1 /yjc/lby/index.php/Tian/WdatePicker.css
ERR: 非法操作:WdatePicker.css

[ 2017-06-17T10:23:12+08:00 ] ::1 /yjc/lby/Public/Admin/static/userlist/skin/WdatePicker.css
ERR: 无法加载控制器:Public

[ 2017-06-17T10:23:12+08:00 ] ::1 /yjc/lby/index.php/Tian/WdatePicker.css
ERR: 非法操作:WdatePicker.css

[ 2017-06-17T10:48:06+08:00 ] ::1 /yjc/lby/index.php/Index/probleminformation/list.do
ERR: 非法操作:probleminformation

[ 2017-06-17T12:24:20+08:00 ] ::1 /yjc/lby/index.php/Lnstru/WdatePicker.css
ERR: 非法操作:WdatePicker.css

[ 2017-06-17T12:24:20+08:00 ] ::1 /yjc/lby/Public/Admin/static/userlist/j/yjc/lby/Public/Admin/static/userlist/query_006.js
ERR: 无法加载控制器:Public

[ 2017-06-17T12:24:21+08:00 ] ::1 /yjc/lby/Public/Admin/static/userlist/j/yjc/lby/Public/Admin/static/userlist/query_006.js
ERR: 无法加载控制器:Public

[ 2017-06-17T12:24:21+08:00 ] ::1 /yjc/lby/Public/Admin/static/userlist/skin/WdatePicker.css
ERR: 无法加载控制器:Public

[ 2017-06-17T12:24:21+08:00 ] ::1 /yjc/lby/index.php/Lnstru/WdatePicker.css
ERR: 非法操作:WdatePicker.css

[ 2017-06-17T12:24:21+08:00 ] ::1 /yjc/lby/index.php/Batch/WdatePicker.css
ERR: 非法操作:WdatePicker.css

[ 2017-06-17T12:24:21+08:00 ] ::1 /yjc/lby/Public/Admin/static/userlist/j/yjc/lby/Public/Admin/static/userlist/query_006.js
ERR: 无法加载控制器:Public

[ 2017-06-17T12:24:22+08:00 ] ::1 /yjc/lby/Public/Admin/static/userlist/j/yjc/lby/Public/Admin/static/userlist/query_006.js
ERR: 无法加载控制器:Public

[ 2017-06-17T12:24:22+08:00 ] ::1 /yjc/lby/Public/Admin/static/userlist/skin/WdatePicker.css
ERR: 无法加载控制器:Public

[ 2017-06-17T12:24:22+08:00 ] ::1 /yjc/lby/index.php/Batch/WdatePicker.css
ERR: 非法操作:WdatePicker.css

[ 2017-06-17T12:24:27+08:00 ] ::1 /yjc/lby/index.php/Index/warranty_card/list.do
ERR: 非法操作:warranty_card

[ 2017-06-17T12:41:41+08:00 ] ::1 /yjc/lby/index.php/Index/warranty_card/list.do
ERR: 非法操作:warranty_card

[ 2017-06-17T12:41:44+08:00 ] ::1 /yjc/lby/index.php/Index/probleminformation/list.do
ERR: 非法操作:probleminformation

[ 2017-06-17T14:48:17+08:00 ] ::1 /yjc/lby/index.php/Tian/WdatePicker.css
ERR: 非法操作:WdatePicker.css

[ 2017-06-17T14:48:17+08:00 ] ::1 /yjc/lby/Public/Admin/static/userlist/skin/WdatePicker.css
ERR: 无法加载控制器:Public

[ 2017-06-17T14:48:17+08:00 ] ::1 /yjc/lby/index.php/Tian/WdatePicker.css
ERR: 非法操作:WdatePicker.css

[ 2017-06-17T15:34:14+08:00 ] ::1 /yjc/lby/index.php/Tian/tian_list.html
ERR: 1054:Unknown column 't' in 'where clause'
 [ SQL语句 ] : SELECT COUNT(*) AS tp_count FROM `tianmao` WHERE ( pid=1 and tian_user=t ) LIMIT 1  

[ 2017-06-17T15:34:30+08:00 ] ::1 /yjc/lby/index.php/Tian/tian_list.html
ERR: 1054:Unknown column 'test1' in 'where clause'
 [ SQL语句 ] : SELECT COUNT(*) AS tp_count FROM `tianmao` WHERE ( pid=1 and tian_user=test1 ) LIMIT 1  

[ 2017-06-17T15:34:39+08:00 ] ::1 /yjc/lby/index.php/Tian/tian_list.html
ERR: 1054:Unknown column '杨进昌' in 'where clause'
 [ SQL语句 ] : SELECT COUNT(*) AS tp_count FROM `tianmao` WHERE ( pid=1 and tian_user=杨进昌 ) LIMIT 1  

[ 2017-06-17T15:41:28+08:00 ] ::1 /yjc/lby/index.php/Tian/WdatePicker.css
ERR: 非法操作:WdatePicker.css

[ 2017-06-17T15:41:29+08:00 ] ::1 /yjc/lby/Public/Admin/static/userlist/skin/WdatePicker.css
ERR: 无法加载控制器:Public

[ 2017-06-17T15:41:29+08:00 ] ::1 /yjc/lby/index.php/Tian/WdatePicker.css
ERR: 非法操作:WdatePicker.css

[ 2017-06-17T15:48:55+08:00 ] ::1 /yjc/lby/index.php/Admin/Index/index1.html
ERR: 非法操作:index1

[ 2017-06-17T15:59:15+08:00 ] ::1 /yjc/lby/index.php/Admin/Index/index1.html
ERR: 非法操作:index1

[ 2017-06-17T16:31:23+08:00 ] 127.0.0.1 /yjc/lby/Public/Admin/static/userlist/j/yjc/lby/Public/Admin/static/userlist/query_006.js
ERR: 无法加载控制器:Public

[ 2017-06-17T16:31:23+08:00 ] 127.0.0.1 /yjc/lby/index.php/Product/WdatePicker.css
ERR: 非法操作:WdatePicker.css

[ 2017-06-17T16:31:23+08:00 ] 127.0.0.1 /yjc/lby/Public/Admin/static/userlist/j/yjc/lby/Public/Admin/static/userlist/query_006.js
ERR: 无法加载控制器:Public

[ 2017-06-17T16:31:23+08:00 ] 127.0.0.1 /yjc/lby/Public/Admin/static/userlist/skin/WdatePicker.css
ERR: 无法加载控制器:Public

[ 2017-06-17T16:31:23+08:00 ] 127.0.0.1 /yjc/lby/index.php/Product/WdatePicker.css
ERR: 非法操作:WdatePicker.css

[ 2017-06-17T16:36:31+08:00 ] ::1 /yjc/lby/index.php/Admin/Index/index1.html
ERR: 非法操作:index1

[ 2017-06-17T17:11:06+08:00 ] 127.0.0.1 /yjc/lby/index.php/Tian/WdatePicker.css
ERR: 非法操作:WdatePicker.css

[ 2017-06-17T17:11:06+08:00 ] 127.0.0.1 /yjc/lby/Public/Admin/static/userlist/skin/WdatePicker.css
ERR: 无法加载控制器:Public

[ 2017-06-17T17:11:06+08:00 ] 127.0.0.1 /yjc/lby/index.php/Tian/WdatePicker.css
ERR: 非法操作:WdatePicker.css

[ 2017-06-17T17:11:14+08:00 ] 127.0.0.1 /yjc/lby/index.php/Tian/WdatePicker.css
ERR: 非法操作:WdatePicker.css

[ 2017-06-17T17:11:14+08:00 ] 127.0.0.1 /yjc/lby/Public/Admin/static/userlist/skin/WdatePicker.css
ERR: 无法加载控制器:Public

[ 2017-06-17T17:11:14+08:00 ] 127.0.0.1 /yjc/lby/index.php/Tian/WdatePicker.css
ERR: 非法操作:WdatePicker.css

[ 2017-06-17T17:29:00+08:00 ] 127.0.0.1 /yjc/lby/Public/Admin/static/userlist/j/yjc/lby/Public/Admin/static/userlist/query_006.js
ERR: 无法加载控制器:Public

[ 2017-06-17T17:29:00+08:00 ] 127.0.0.1 /yjc/lby/index.php/Tian/WdatePicker.css
ERR: 非法操作:WdatePicker.css

[ 2017-06-17T17:29:00+08:00 ] 127.0.0.1 /yjc/lby/Public/Admin/static/userlist/j/yjc/lby/Public/Admin/static/userlist/query_006.js
ERR: 无法加载控制器:Public

[ 2017-06-17T17:29:00+08:00 ] 127.0.0.1 /yjc/lby/index.php/Tian/WdatePicker.css
ERR: 非法操作:WdatePicker.css

[ 2017-06-17T17:29:00+08:00 ] 127.0.0.1 /yjc/lby/Public/Admin/static/userlist/skin/WdatePicker.css
ERR: 无法加载控制器:Public

[ 2017-06-17T17:29:11+08:00 ] 127.0.0.1 /yjc/lby/index.php/Tian/tian_add.html
ERR: 1048:Column 'tian_user' cannot be null
 [ SQL语句 ] : INSERT INTO `tianmao` (`brand_name`,`model_name`,`product_type`,`product_name`,`tian_way`,`tian_user`,`user_address`,`tian_phone`,`tian_order`,`tian_time`,`tian_come_time`,`tian_price`) VALUES ('电车','XIY100','安装服务','免费上门取修（1年延保）','0',NULL,',,',NULL,'2147483647','2017-06-17 17-29','2017-06-18 17-29',NULL)

[ 2017-06-17T17:29:35+08:00 ] 127.0.0.1 /yjc/lby/Public/Admin/static/userlist/j/yjc/lby/Public/Admin/static/userlist/query_006.js
ERR: 无法加载控制器:Public

[ 2017-06-17T17:29:35+08:00 ] 127.0.0.1 /yjc/lby/index.php/Tian/WdatePicker.css
ERR: 非法操作:WdatePicker.css

[ 2017-06-17T17:29:36+08:00 ] 127.0.0.1 /yjc/lby/Public/Admin/static/userlist/j/yjc/lby/Public/Admin/static/userlist/query_006.js
ERR: 无法加载控制器:Public

[ 2017-06-17T17:29:36+08:00 ] 127.0.0.1 /yjc/lby/index.php/Tian/WdatePicker.css
ERR: 非法操作:WdatePicker.css

[ 2017-06-17T17:29:36+08:00 ] 127.0.0.1 /yjc/lby/Public/Admin/static/userlist/skin/WdatePicker.css
ERR: 无法加载控制器:Public

[ 2017-06-17T17:29:48+08:00 ] 127.0.0.1 /yjc/lby/index.php/Login/undefined?1497691788316
ERR: 非法操作:undefined

[ 2017-06-17T17:29:56+08:00 ] 127.0.0.1 /yjc/lby/index.php/Admin/Index/index1.html
ERR: 非法操作:index1

[ 2017-06-17T17:30:04+08:00 ] 127.0.0.1 /yjc/lby/Public/Admin/static/userlist/j/yjc/lby/Public/Admin/static/userlist/query_006.js
ERR: 无法加载控制器:Public

[ 2017-06-17T17:30:04+08:00 ] 127.0.0.1 /yjc/lby/index.php/Tian/WdatePicker.css
ERR: 非法操作:WdatePicker.css

[ 2017-06-17T17:30:05+08:00 ] 127.0.0.1 /yjc/lby/Public/Admin/static/userlist/j/yjc/lby/Public/Admin/static/userlist/query_006.js
ERR: 无法加载控制器:Public

[ 2017-06-17T17:30:05+08:00 ] 127.0.0.1 /yjc/lby/index.php/Tian/WdatePicker.css
ERR: 非法操作:WdatePicker.css

[ 2017-06-17T17:30:05+08:00 ] 127.0.0.1 /yjc/lby/Public/Admin/static/userlist/skin/WdatePicker.css
ERR: 无法加载控制器:Public

[ 2017-06-17T17:30:17+08:00 ] 127.0.0.1 /yjc/lby/index.php/Tian/tian_add.html
ERR: 1048:Column 'tian_price' cannot be null
 [ SQL语句 ] : INSERT INTO `tianmao` (`brand_name`,`model_name`,`product_type`,`product_name`,`tian_way`,`tian_user`,`user_address`,`tian_phone`,`tian_order`,`tian_time`,`tian_come_time`,`tian_price`) VALUES ('电车','汽车','上门服务','免费上门取修（1年延保）','1','杨进昌','河北省,邯郸市,','15803667868','2147483647','2017-06-17 17-30','2017-06-18 17-30',NULL)

[ 2017-06-17T17:31:02+08:00 ] 127.0.0.1 /yjc/lby/index.php/Tian/WdatePicker.css
ERR: 非法操作:WdatePicker.css

[ 2017-06-17T17:31:02+08:00 ] 127.0.0.1 /yjc/lby/Public/Admin/static/userlist/j/yjc/lby/Public/Admin/static/userlist/query_006.js
ERR: 无法加载控制器:Public

[ 2017-06-17T17:31:02+08:00 ] 127.0.0.1 /yjc/lby/Public/Admin/static/userlist/j/yjc/lby/Public/Admin/static/userlist/query_006.js
ERR: 无法加载控制器:Public

[ 2017-06-17T17:31:02+08:00 ] 127.0.0.1 /yjc/lby/index.php/Tian/WdatePicker.css
ERR: 非法操作:WdatePicker.css

[ 2017-06-17T17:31:02+08:00 ] 127.0.0.1 /yjc/lby/Public/Admin/static/userlist/skin/WdatePicker.css
ERR: 无法加载控制器:Public

[ 2017-06-17T17:31:13+08:00 ] 127.0.0.1 /yjc/lby/index.php/Tian/tian_add.html
ERR: 1048:Column 'tian_price' cannot be null
 [ SQL语句 ] : INSERT INTO `tianmao` (`brand_name`,`model_name`,`product_type`,`product_name`,`tian_way`,`tian_user`,`user_address`,`tian_phone`,`tian_order`,`tian_time`,`tian_come_time`,`tian_price`) VALUES ('电车','汽车','上门服务','免费上门取修（1年延保）','1','杨进昌','河北省,邯郸市,','15803667868','2147483647','2017-06-17 17-31','2017-06-18 17-31',NULL)

[ 2017-06-17T17:32:05+08:00 ] 127.0.0.1 /yjc/lby/Public/Admin/static/userlist/j/yjc/lby/Public/Admin/static/userlist/query_006.js
ERR: 无法加载控制器:Public

[ 2017-06-17T17:32:05+08:00 ] 127.0.0.1 /yjc/lby/index.php/Tian/WdatePicker.css
ERR: 非法操作:WdatePicker.css

[ 2017-06-17T17:32:06+08:00 ] 127.0.0.1 /yjc/lby/Public/Admin/static/userlist/j/yjc/lby/Public/Admin/static/userlist/query_006.js
ERR: 无法加载控制器:Public

[ 2017-06-17T17:32:06+08:00 ] 127.0.0.1 /yjc/lby/index.php/Tian/WdatePicker.css
ERR: 非法操作:WdatePicker.css

[ 2017-06-17T17:32:06+08:00 ] 127.0.0.1 /yjc/lby/Public/Admin/static/userlist/skin/WdatePicker.css
ERR: 无法加载控制器:Public

[ 2017-06-17T17:32:08+08:00 ] 127.0.0.1 /yjc/lby/index.php/Tian/tian_add.html
ERR: 1048:Column 'tian_price' cannot be null
 [ SQL语句 ] : INSERT INTO `tianmao` (`brand_name`,`model_name`,`product_type`,`product_name`,`tian_way`,`tian_user`,`user_address`,`tian_phone`,`tian_order`,`tian_time`,`tian_come_time`,`tian_price`) VALUES ('电车','汽车','上门服务','免费上门取修（1年延保）','1','杨进昌','河北省,邯郸市,','15803667868','2147483647','2017-06-17 17-32-08','2017-06-18 17-32-08',NULL)

[ 2017-06-17T17:32:22+08:00 ] 127.0.0.1 /yjc/lby/Public/Admin/static/userlist/j/yjc/lby/Public/Admin/static/userlist/query_006.js
ERR: 无法加载控制器:Public

[ 2017-06-17T17:32:22+08:00 ] 127.0.0.1 /yjc/lby/index.php/Tian/WdatePicker.css
ERR: 非法操作:WdatePicker.css

[ 2017-06-17T17:32:22+08:00 ] 127.0.0.1 /yjc/lby/Public/Admin/static/userlist/j/yjc/lby/Public/Admin/static/userlist/query_006.js
ERR: 无法加载控制器:Public

[ 2017-06-17T17:32:22+08:00 ] 127.0.0.1 /yjc/lby/Public/Admin/static/userlist/skin/WdatePicker.css
ERR: 无法加载控制器:Public

[ 2017-06-17T17:32:22+08:00 ] 127.0.0.1 /yjc/lby/index.php/Tian/WdatePicker.css
ERR: 非法操作:WdatePicker.css

[ 2017-06-17T17:32:30+08:00 ] 127.0.0.1 /yjc/lby/index.php/Tian/tian_add.html
ERR: 1048:Column 'tian_price' cannot be null
 [ SQL语句 ] : INSERT INTO `tianmao` (`brand_name`,`model_name`,`product_type`,`product_name`,`tian_way`,`tian_user`,`user_address`,`tian_phone`,`tian_order`,`tian_time`,`tian_come_time`,`tian_price`) VALUES ('联想手机','32GOP','手机膜服务','JD显示器3年延保服务','0','杨进昌','河北省,邯郸市,','15803667868','2147483647','2017-06-17 17-32-30','2017-06-18 17-32-30',NULL)

[ 2017-06-17T17:33:46+08:00 ] 127.0.0.1 /yjc/lby/Public/Admin/static/userlist/j/yjc/lby/Public/Admin/static/userlist/query_006.js
ERR: 无法加载控制器:Public

[ 2017-06-17T17:33:46+08:00 ] 127.0.0.1 /yjc/lby/index.php/Tian/WdatePicker.css
ERR: 非法操作:WdatePicker.css

[ 2017-06-17T17:33:46+08:00 ] 127.0.0.1 /yjc/lby/Public/Admin/static/userlist/j/yjc/lby/Public/Admin/static/userlist/query_006.js
ERR: 无法加载控制器:Public

[ 2017-06-17T17:33:46+08:00 ] 127.0.0.1 /yjc/lby/Public/Admin/static/userlist/skin/WdatePicker.css
ERR: 无法加载控制器:Public

[ 2017-06-17T17:33:46+08:00 ] 127.0.0.1 /yjc/lby/index.php/Tian/WdatePicker.css
ERR: 非法操作:WdatePicker.css

[ 2017-06-17T17:34:02+08:00 ] 127.0.0.1 /yjc/lby/index.php/Tian/tian_add.html
ERR: 1048:Column 'tian_price' cannot be null
 [ SQL语句 ] : INSERT INTO `tianmao` (`brand_name`,`model_name`,`product_type`,`product_name`,`tian_way`,`tian_user`,`user_address`,`tian_phone`,`tian_order`,`tian_time`,`tian_come_time`,`tian_price`) VALUES ('联想手机','XIY100','上门服务',' 	清洗空调服务','0','杨进昌','河北省,邯郸市,','15803667868','2147483647','2017-06-17 17-34-02','2017-06-18 17-34-02',NULL)

[ 2017-06-17T17:34:29+08:00 ] 127.0.0.1 /yjc/lby/Public/Admin/static/userlist/j/yjc/lby/Public/Admin/static/userlist/query_006.js
ERR: 无法加载控制器:Public

[ 2017-06-17T17:34:29+08:00 ] 127.0.0.1 /yjc/lby/index.php/Tian/WdatePicker.css
ERR: 非法操作:WdatePicker.css

[ 2017-06-17T17:34:29+08:00 ] 127.0.0.1 /yjc/lby/Public/Admin/static/userlist/j/yjc/lby/Public/Admin/static/userlist/query_006.js
ERR: 无法加载控制器:Public

[ 2017-06-17T17:34:29+08:00 ] 127.0.0.1 /yjc/lby/index.php/Tian/WdatePicker.css
ERR: 非法操作:WdatePicker.css

[ 2017-06-17T17:34:29+08:00 ] 127.0.0.1 /yjc/lby/Public/Admin/static/userlist/skin/WdatePicker.css
ERR: 无法加载控制器:Public

[ 2017-06-17T17:34:37+08:00 ] 127.0.0.1 /yjc/lby/Public/Admin/static/userlist/j/yjc/lby/Public/Admin/static/userlist/query_006.js
ERR: 无法加载控制器:Public

[ 2017-06-17T17:34:37+08:00 ] 127.0.0.1 /yjc/lby/index.php/Tian/WdatePicker.css
ERR: 非法操作:WdatePicker.css

[ 2017-06-17T17:34:37+08:00 ] 127.0.0.1 /yjc/lby/Public/Admin/static/userlist/j/yjc/lby/Public/Admin/static/userlist/query_006.js
ERR: 无法加载控制器:Public

[ 2017-06-17T17:34:37+08:00 ] 127.0.0.1 /yjc/lby/Public/Admin/static/userlist/skin/WdatePicker.css
ERR: 无法加载控制器:Public

[ 2017-06-17T17:34:37+08:00 ] 127.0.0.1 /yjc/lby/index.php/Tian/WdatePicker.css
ERR: 非法操作:WdatePicker.css

[ 2017-06-17T17:35:02+08:00 ] 127.0.0.1 /yjc/lby/index.php/Tian/WdatePicker.css
ERR: 非法操作:WdatePicker.css

[ 2017-06-17T17:35:03+08:00 ] 127.0.0.1 /yjc/lby/index.php/Tian/WdatePicker.css
ERR: 非法操作:WdatePicker.css

[ 2017-06-17T17:35:03+08:00 ] 127.0.0.1 /yjc/lby/Public/Admin/static/userlist/skin/WdatePicker.css
ERR: 无法加载控制器:Public

[ 2017-06-17T17:35:31+08:00 ] 127.0.0.1 /yjc/lby/Public/Admin/static/userlist/j/yjc/lby/Public/Admin/static/userlist/query_006.js
ERR: 无法加载控制器:Public

[ 2017-06-17T17:35:31+08:00 ] 127.0.0.1 /yjc/lby/index.php/Tian/WdatePicker.css
ERR: 非法操作:WdatePicker.css

[ 2017-06-17T17:35:31+08:00 ] 127.0.0.1 /yjc/lby/Public/Admin/static/userlist/j/yjc/lby/Public/Admin/static/userlist/query_006.js
ERR: 无法加载控制器:Public

[ 2017-06-17T17:35:31+08:00 ] 127.0.0.1 /yjc/lby/index.php/Tian/WdatePicker.css
ERR: 非法操作:WdatePicker.css

[ 2017-06-17T17:35:31+08:00 ] 127.0.0.1 /yjc/lby/Public/Admin/static/userlist/skin/WdatePicker.css
ERR: 无法加载控制器:Public

[ 2017-06-17T17:35:42+08:00 ] 127.0.0.1 /yjc/lby/Public/Admin/static/userlist/j/yjc/lby/Public/Admin/static/userlist/query_006.js
ERR: 无法加载控制器:Public

[ 2017-06-17T17:35:42+08:00 ] 127.0.0.1 /yjc/lby/index.php/Tian/WdatePicker.css
ERR: 非法操作:WdatePicker.css

[ 2017-06-17T17:35:42+08:00 ] 127.0.0.1 /yjc/lby/Public/Admin/static/userlist/j/yjc/lby/Public/Admin/static/userlist/query_006.js
ERR: 无法加载控制器:Public

[ 2017-06-17T17:35:42+08:00 ] 127.0.0.1 /yjc/lby/index.php/Tian/WdatePicker.css
ERR: 非法操作:WdatePicker.css

[ 2017-06-17T17:35:42+08:00 ] 127.0.0.1 /yjc/lby/Public/Admin/static/userlist/skin/WdatePicker.css
ERR: 无法加载控制器:Public

[ 2017-06-17T17:37:22+08:00 ] 127.0.0.1 /yjc/lby/Public/Admin/static/userlist/j/yjc/lby/Public/Admin/static/userlist/query_006.js
ERR: 无法加载控制器:Public

[ 2017-06-17T17:37:22+08:00 ] 127.0.0.1 /yjc/lby/index.php/Tian/WdatePicker.css
ERR: 非法操作:WdatePicker.css

[ 2017-06-17T17:37:22+08:00 ] 127.0.0.1 /yjc/lby/Public/Admin/static/userlist/j/yjc/lby/Public/Admin/static/userlist/query_006.js
ERR: 无法加载控制器:Public

[ 2017-06-17T17:37:22+08:00 ] 127.0.0.1 /yjc/lby/Public/Admin/static/userlist/skin/WdatePicker.css
ERR: 无法加载控制器:Public

[ 2017-06-17T17:37:22+08:00 ] 127.0.0.1 /yjc/lby/index.php/Tian/WdatePicker.css
ERR: 非法操作:WdatePicker.css

[ 2017-06-17T17:37:30+08:00 ] 127.0.0.1 /yjc/lby/Public/Admin/static/userlist/j/yjc/lby/Public/Admin/static/userlist/query_006.js
ERR: 无法加载控制器:Public

[ 2017-06-17T17:37:30+08:00 ] 127.0.0.1 /yjc/lby/index.php/Tian/WdatePicker.css
ERR: 非法操作:WdatePicker.css

[ 2017-06-17T17:37:30+08:00 ] 127.0.0.1 /yjc/lby/Public/Admin/static/userlist/j/yjc/lby/Public/Admin/static/userlist/query_006.js
ERR: 无法加载控制器:Public

[ 2017-06-17T17:37:30+08:00 ] 127.0.0.1 /yjc/lby/Public/Admin/static/userlist/skin/WdatePicker.css
ERR: 无法加载控制器:Public

[ 2017-06-17T17:37:30+08:00 ] 127.0.0.1 /yjc/lby/index.php/Tian/WdatePicker.css
ERR: 非法操作:WdatePicker.css

[ 2017-06-17T18:14:32+08:00 ] 127.0.0.1 /yjc/lby/index.php/Tian/WdatePicker.css
ERR: 非法操作:WdatePicker.css

[ 2017-06-17T18:14:32+08:00 ] 127.0.0.1 /yjc/lby/Public/Admin/static/userlist/skin/WdatePicker.css
ERR: 无法加载控制器:Public

[ 2017-06-17T18:14:32+08:00 ] 127.0.0.1 /yjc/lby/index.php/Tian/WdatePicker.css
ERR: 非法操作:WdatePicker.css

[ 2017-06-17T18:15:09+08:00 ] 127.0.0.1 /yjc/lby/index.php/Index/probleminformation/list.do
ERR: 非法操作:probleminformation

[ 2017-06-17T18:15:51+08:00 ] 127.0.0.1 /yjc/lby/index.php/Lnstru/WdatePicker.css
ERR: 非法操作:WdatePicker.css

[ 2017-06-17T18:15:51+08:00 ] 127.0.0.1 /yjc/lby/Public/Admin/static/userlist/j/yjc/lby/Public/Admin/static/userlist/query_006.js
ERR: 无法加载控制器:Public

[ 2017-06-17T18:15:51+08:00 ] 127.0.0.1 /yjc/lby/Public/Admin/static/userlist/j/yjc/lby/Public/Admin/static/userlist/query_006.js
ERR: 无法加载控制器:Public

[ 2017-06-17T18:15:51+08:00 ] 127.0.0.1 /yjc/lby/Public/Admin/static/userlist/skin/WdatePicker.css
ERR: 无法加载控制器:Public

[ 2017-06-17T18:15:51+08:00 ] 127.0.0.1 /yjc/lby/index.php/Lnstru/WdatePicker.css
ERR: 非法操作:WdatePicker.css

[ 2017-06-17T18:15:52+08:00 ] 127.0.0.1 /yjc/lby/index.php/Index/instructions/list
ERR: 非法操作:instructions

[ 2017-06-17T18:15:52+08:00 ] 127.0.0.1 /yjc/lby/Public/Admin/static/userlist/j/yjc/lby/Public/Admin/static/userlist/query_006.js
ERR: 无法加载控制器:Public

[ 2017-06-17T18:15:52+08:00 ] 127.0.0.1 /yjc/lby/index.php/Batch/WdatePicker.css
ERR: 非法操作:WdatePicker.css

[ 2017-06-17T18:15:53+08:00 ] 127.0.0.1 /yjc/lby/Public/Admin/static/userlist/j/yjc/lby/Public/Admin/static/userlist/query_006.js
ERR: 无法加载控制器:Public

[ 2017-06-17T18:15:53+08:00 ] 127.0.0.1 /yjc/lby/Public/Admin/static/userlist/skin/WdatePicker.css
ERR: 无法加载控制器:Public

[ 2017-06-17T18:15:53+08:00 ] 127.0.0.1 /yjc/lby/index.php/Batch/WdatePicker.css
ERR: 非法操作:WdatePicker.css

[ 2017-06-17T18:15:53+08:00 ] 127.0.0.1 /yjc/lby/index.php/Index/instructions/list
ERR: 非法操作:instructions

[ 2017-06-17T18:16:36+08:00 ] 127.0.0.1 /yjc/lby/index.php/Index/warranty_card/list.do
ERR: 非法操作:warranty_card

[ 2017-06-17T18:16:39+08:00 ] 127.0.0.1 /yjc/lby/index.php/Index/probleminformation/list.do
ERR: 非法操作:probleminformation

