[ 2017-07-18T09:22:49+08:00 ] ::1 /yjc/lby/index.php/Admin/Index/index1.html
ERR: 非法操作:index1

[ 2017-07-18T09:29:32+08:00 ] ::1 /yjc/lby/Public/Admin/static/userlist/skin/WdatePicker.css
ERR: 无法加载控制器:Public

[ 2017-07-18T09:29:57+08:00 ] ::1 /yjc/lby/index.php/Login/undefined?1500341396983
ERR: 非法操作:undefined

[ 2017-07-18T09:30:07+08:00 ] ::1 /yjc/lby/index.php/Admin/Index/index1.html
ERR: 非法操作:index1

[ 2017-07-18T09:31:59+08:00 ] ::1 /yjc/lby/Public/Admin/static/userlist/j/yjc/lby/Public/Admin/static/userlist/query_006.js
ERR: 无法加载控制器:Public

[ 2017-07-18T09:31:59+08:00 ] ::1 /yjc/lby/index.php/Batch/WdatePicker.css
ERR: 非法操作:WdatePicker.css

[ 2017-07-18T09:31:59+08:00 ] ::1 /yjc/lby/Public/Admin/static/userlist/j/yjc/lby/Public/Admin/static/userlist/query_006.js
ERR: 无法加载控制器:Public

[ 2017-07-18T09:31:59+08:00 ] ::1 /yjc/lby/index.php/Batch/WdatePicker.css
ERR: 非法操作:WdatePicker.css

[ 2017-07-18T09:31:59+08:00 ] ::1 /yjc/lby/Public/Admin/static/userlist/skin/WdatePicker.css
ERR: 无法加载控制器:Public

[ 2017-07-18T09:32:01+08:00 ] ::1 /yjc/lby/index.php/Index/instructions/list
ERR: 非法操作:instructions

[ 2017-07-18T09:32:05+08:00 ] ::1 /yjc/lby/index.php/Index/instructions/list
ERR: 非法操作:instructions

[ 2017-07-18T09:34:59+08:00 ] ::1 /yjc/lby/Public/Admin/static/userlist/j/yjc/lby/Public/Admin/static/userlist/query_006.js
ERR: 无法加载控制器:Public

[ 2017-07-18T09:34:59+08:00 ] ::1 /yjc/lby/index.php/Lnstru/WdatePicker.css
ERR: 非法操作:WdatePicker.css

[ 2017-07-18T09:34:59+08:00 ] ::1 /yjc/lby/Public/Admin/static/userlist/j/yjc/lby/Public/Admin/static/userlist/query_006.js
ERR: 无法加载控制器:Public

[ 2017-07-18T09:34:59+08:00 ] ::1 /yjc/lby/index.php/Lnstru/WdatePicker.css
ERR: 非法操作:WdatePicker.css

[ 2017-07-18T09:34:59+08:00 ] ::1 /yjc/lby/Public/Admin/static/userlist/skin/WdatePicker.css
ERR: 无法加载控制器:Public

[ 2017-07-18T13:32:59+08:00 ] ::1 /yjc/lby/index.php/Admin/Index/index1.html
ERR: 非法操作:index1

[ 2017-07-18T13:33:08+08:00 ] ::1 /yjc/lby/index.php/Login/undefined?1500355988386
ERR: 非法操作:undefined

[ 2017-07-18T13:33:19+08:00 ] ::1 /yjc/lby/index.php/Admin/Index/index1.html
ERR: 非法操作:index1

[ 2017-07-18T13:51:02+08:00 ] ::1 /yjc/lby/Public/Admin/static/userlist/j/yjc/lby/Public/Admin/static/userlist/query_006.js
ERR: 无法加载控制器:Public

[ 2017-07-18T13:51:02+08:00 ] ::1 /yjc/lby/index.php/Lnstru/WdatePicker.css
ERR: 非法操作:WdatePicker.css

[ 2017-07-18T13:51:02+08:00 ] ::1 /yjc/lby/Public/Admin/static/userlist/j/yjc/lby/Public/Admin/static/userlist/query_006.js
ERR: 无法加载控制器:Public

[ 2017-07-18T13:51:02+08:00 ] ::1 /yjc/lby/Public/Admin/static/userlist/skin/WdatePicker.css
ERR: 无法加载控制器:Public

[ 2017-07-18T13:51:02+08:00 ] ::1 /yjc/lby/index.php/Lnstru/WdatePicker.css
ERR: 非法操作:WdatePicker.css

[ 2017-07-18T13:51:40+08:00 ] ::1 /yjc/lby/index.php/Login/undefined?1500357100164
ERR: 非法操作:undefined

[ 2017-07-18T13:54:01+08:00 ] ::1 /yjc/lby/Public/Admin/static/userlist/j/yjc/lby/Public/Admin/static/userlist/query_006.js
ERR: 无法加载控制器:Public

[ 2017-07-18T13:54:01+08:00 ] ::1 /yjc/lby/index.php/Lnstru/WdatePicker.css
ERR: 非法操作:WdatePicker.css

[ 2017-07-18T13:54:01+08:00 ] ::1 /yjc/lby/Public/Admin/static/userlist/j/yjc/lby/Public/Admin/static/userlist/query_006.js
ERR: 无法加载控制器:Public

[ 2017-07-18T13:54:01+08:00 ] ::1 /yjc/lby/Public/Admin/static/userlist/skin/WdatePicker.css
ERR: 无法加载控制器:Public

[ 2017-07-18T13:54:01+08:00 ] ::1 /yjc/lby/index.php/Lnstru/WdatePicker.css
ERR: 非法操作:WdatePicker.css

[ 2017-07-18T14:00:08+08:00 ] ::1 /yjc/lby/index.php/Login/undefined?1500357608795
ERR: 非法操作:undefined

[ 2017-07-18T14:11:05+08:00 ] ::1 /yjc/lby/index.php/Admin/Index/index1.html
ERR: 非法操作:index1

[ 2017-07-18T14:31:15+08:00 ] ::1 /yjc/lby/index.php/Admin/Index/index1.html
ERR: 非法操作:index1

[ 2017-07-18T14:35:36+08:00 ] ::1 /yjc/lby/index.php/Index/warranty_card/list.do
ERR: 非法操作:warranty_card

[ 2017-07-18T14:35:55+08:00 ] ::1 /yjc/lby/Public/Admin/static/userlist/j/yjc/lby/Public/Admin/static/userlist/query_006.js
ERR: 无法加载控制器:Public

[ 2017-07-18T14:35:55+08:00 ] ::1 /yjc/lby/index.php/Lnstru/WdatePicker.css
ERR: 非法操作:WdatePicker.css

[ 2017-07-18T14:35:55+08:00 ] ::1 /yjc/lby/Public/Admin/static/userlist/j/yjc/lby/Public/Admin/static/userlist/query_006.js
ERR: 无法加载控制器:Public

[ 2017-07-18T14:35:55+08:00 ] ::1 /yjc/lby/index.php/Lnstru/WdatePicker.css
ERR: 非法操作:WdatePicker.css

[ 2017-07-18T14:35:55+08:00 ] ::1 /yjc/lby/Public/Admin/static/userlist/skin/WdatePicker.css
ERR: 无法加载控制器:Public

[ 2017-07-18T14:40:11+08:00 ] ::1 /yjc/lby/index.php/Admin/Index/index1.html
ERR: 非法操作:index1

[ 2017-07-18T14:42:36+08:00 ] ::1 /yjc/lby/index.php/Login/undefined?1500360156470
ERR: 非法操作:undefined

[ 2017-07-18T14:42:45+08:00 ] ::1 /yjc/lby/index.php/Admin/Index/index1.html
ERR: 非法操作:index1

[ 2017-07-18T14:42:58+08:00 ] ::1 /yjc/lby/Public/Admin/static/userlist/j/yjc/lby/Public/Admin/static/userlist/query_006.js
ERR: 无法加载控制器:Public

[ 2017-07-18T14:42:58+08:00 ] ::1 /yjc/lby/index.php/Lnstru/WdatePicker.css
ERR: 非法操作:WdatePicker.css

[ 2017-07-18T14:42:59+08:00 ] ::1 /yjc/lby/Public/Admin/static/userlist/j/yjc/lby/Public/Admin/static/userlist/query_006.js
ERR: 无法加载控制器:Public

[ 2017-07-18T14:42:59+08:00 ] ::1 /yjc/lby/Public/Admin/static/userlist/skin/WdatePicker.css
ERR: 无法加载控制器:Public

[ 2017-07-18T14:42:59+08:00 ] ::1 /yjc/lby/index.php/Lnstru/WdatePicker.css
ERR: 非法操作:WdatePicker.css

[ 2017-07-18T14:43:03+08:00 ] ::1 /yjc/lby/Public/Admin/static/userlist/j/yjc/lby/Public/Admin/static/userlist/query_006.js
ERR: 无法加载控制器:Public

[ 2017-07-18T14:43:04+08:00 ] ::1 /yjc/lby/Public/Admin/static/userlist/j/yjc/lby/Public/Admin/static/userlist/query_006.js
ERR: 无法加载控制器:Public

[ 2017-07-18T15:10:25+08:00 ] ::1 /yjc/lby/index.php/Lnstru/WdatePicker.css
ERR: 非法操作:WdatePicker.css

[ 2017-07-18T15:10:25+08:00 ] ::1 /yjc/lby/Public/Admin/static/userlist/j/yjc/lby/Public/Admin/static/userlist/query_006.js
ERR: 无法加载控制器:Public

[ 2017-07-18T15:10:25+08:00 ] ::1 /yjc/lby/Public/Admin/static/userlist/j/yjc/lby/Public/Admin/static/userlist/query_006.js
ERR: 无法加载控制器:Public

[ 2017-07-18T15:10:25+08:00 ] ::1 /yjc/lby/index.php/Lnstru/WdatePicker.css
ERR: 非法操作:WdatePicker.css

[ 2017-07-18T15:10:25+08:00 ] ::1 /yjc/lby/Public/Admin/static/userlist/skin/WdatePicker.css
ERR: 无法加载控制器:Public

[ 2017-07-18T15:10:26+08:00 ] ::1 /yjc/lby/index.php/Batch/WdatePicker.css
ERR: 非法操作:WdatePicker.css

[ 2017-07-18T15:10:26+08:00 ] ::1 /yjc/lby/Public/Admin/static/userlist/j/yjc/lby/Public/Admin/static/userlist/query_006.js
ERR: 无法加载控制器:Public

[ 2017-07-18T15:10:26+08:00 ] ::1 /yjc/lby/Public/Admin/static/userlist/j/yjc/lby/Public/Admin/static/userlist/query_006.js
ERR: 无法加载控制器:Public

[ 2017-07-18T15:10:26+08:00 ] ::1 /yjc/lby/index.php/Batch/WdatePicker.css
ERR: 非法操作:WdatePicker.css

[ 2017-07-18T15:10:26+08:00 ] ::1 /yjc/lby/Public/Admin/static/userlist/skin/WdatePicker.css
ERR: 无法加载控制器:Public

[ 2017-07-18T15:10:27+08:00 ] ::1 /yjc/lby/index.php/Lnstru/WdatePicker.css
ERR: 非法操作:WdatePicker.css

[ 2017-07-18T15:10:27+08:00 ] ::1 /yjc/lby/Public/Admin/static/userlist/j/yjc/lby/Public/Admin/static/userlist/query_006.js
ERR: 无法加载控制器:Public

[ 2017-07-18T15:10:27+08:00 ] ::1 /yjc/lby/Public/Admin/static/userlist/j/yjc/lby/Public/Admin/static/userlist/query_006.js
ERR: 无法加载控制器:Public

[ 2017-07-18T15:10:27+08:00 ] ::1 /yjc/lby/index.php/Lnstru/WdatePicker.css
ERR: 非法操作:WdatePicker.css

[ 2017-07-18T15:10:27+08:00 ] ::1 /yjc/lby/Public/Admin/static/userlist/skin/WdatePicker.css
ERR: 无法加载控制器:Public

[ 2017-07-18T15:10:30+08:00 ] ::1 /yjc/lby/Public/Admin/static/userlist/j/yjc/lby/Public/Admin/static/userlist/query_006.js
ERR: 无法加载控制器:Public

[ 2017-07-18T15:10:30+08:00 ] ::1 /yjc/lby/Public/Admin/static/userlist/j/yjc/lby/Public/Admin/static/userlist/query_006.js
ERR: 无法加载控制器:Public

[ 2017-07-18T15:13:35+08:00 ] ::1 /yjc/lby/Public/Admin/static/userlist/j/yjc/lby/Public/Admin/static/userlist/query_006.js
ERR: 无法加载控制器:Public

[ 2017-07-18T15:13:35+08:00 ] ::1 /yjc/lby/Public/Admin/static/userlist/j/yjc/lby/Public/Admin/static/userlist/query_006.js
ERR: 无法加载控制器:Public

[ 2017-07-18T15:48:41+08:00 ] ::1 /yjc/lby/index.php/Market/WdatePicker.css
ERR: 非法操作:WdatePicker.css

[ 2017-07-18T15:48:41+08:00 ] ::1 /yjc/lby/Public/Admin/static/userlist/j/yjc/lby/Public/Admin/static/userlist/query_006.js
ERR: 无法加载控制器:Public

[ 2017-07-18T15:48:41+08:00 ] ::1 /yjc/lby/Public/Admin/static/userlist/j/yjc/lby/Public/Admin/static/userlist/query_006.js
ERR: 无法加载控制器:Public

[ 2017-07-18T15:48:41+08:00 ] ::1 /yjc/lby/index.php/Market/WdatePicker.css
ERR: 非法操作:WdatePicker.css

[ 2017-07-18T15:48:41+08:00 ] ::1 /yjc/lby/Public/Admin/static/userlist/skin/WdatePicker.css
ERR: 无法加载控制器:Public

[ 2017-07-18T15:50:31+08:00 ] ::1 /yjc/lby/Public/Admin/static/userlist/j/yjc/lby/Public/Admin/static/userlist/query_006.js
ERR: 无法加载控制器:Public

[ 2017-07-18T15:50:31+08:00 ] ::1 /yjc/lby/index.php/Lnstru/WdatePicker.css
ERR: 非法操作:WdatePicker.css

[ 2017-07-18T15:50:31+08:00 ] ::1 /yjc/lby/Public/Admin/static/userlist/j/yjc/lby/Public/Admin/static/userlist/query_006.js
ERR: 无法加载控制器:Public

[ 2017-07-18T15:50:31+08:00 ] ::1 /yjc/lby/Public/Admin/static/userlist/skin/WdatePicker.css
ERR: 无法加载控制器:Public

[ 2017-07-18T15:50:31+08:00 ] ::1 /yjc/lby/index.php/Lnstru/WdatePicker.css
ERR: 非法操作:WdatePicker.css

[ 2017-07-18T15:50:35+08:00 ] ::1 /yjc/lby/Public/Admin/static/userlist/j/yjc/lby/Public/Admin/static/userlist/query_006.js
ERR: 无法加载控制器:Public

[ 2017-07-18T15:50:35+08:00 ] ::1 /yjc/lby/Public/Admin/static/userlist/j/yjc/lby/Public/Admin/static/userlist/query_006.js
ERR: 无法加载控制器:Public

[ 2017-07-18T16:37:14+08:00 ] ::1 /yjc/lby/index.php/Blot/index_add.html
ERR: 1064:You have an error in your SQL syntax; check the manual that corresponds to your MySQL server version for the right syntax to use near 'by act_good' at line 1
 [ SQL语句 ] : select count('act_enable') from register grount by act_good

[ 2017-07-18T16:37:44+08:00 ] ::1 /yjc/lby/index.php/Blot/index_add.html
ERR: 1064:You have an error in your SQL syntax; check the manual that corresponds to your MySQL server version for the right syntax to use near 'by act_good' at line 1
 [ SQL语句 ] : select count(act_enable) from register grount by act_good

[ 2017-07-18T16:48:24+08:00 ] ::1 /yjc/lby/Public/Admin/static/userlist/j/yjc/lby/Public/Admin/static/userlist/query_006.js
ERR: 无法加载控制器:Public

[ 2017-07-18T16:48:24+08:00 ] ::1 /yjc/lby/index.php/Lnstru/WdatePicker.css
ERR: 非法操作:WdatePicker.css

[ 2017-07-18T16:48:24+08:00 ] ::1 /yjc/lby/Public/Admin/static/userlist/j/yjc/lby/Public/Admin/static/userlist/query_006.js
ERR: 无法加载控制器:Public

[ 2017-07-18T16:48:24+08:00 ] ::1 /yjc/lby/Public/Admin/static/userlist/skin/WdatePicker.css
ERR: 无法加载控制器:Public

[ 2017-07-18T16:48:24+08:00 ] ::1 /yjc/lby/index.php/Lnstru/WdatePicker.css
ERR: 非法操作:WdatePicker.css

[ 2017-07-18T16:51:28+08:00 ] ::1 /yjc/lby/index.php/Index/instructions/list
ERR: 非法操作:instructions

[ 2017-07-18T16:51:37+08:00 ] ::1 /yjc/lby/Public/Admin/static/userlist/j/yjc/lby/Public/Admin/static/userlist/query_006.js
ERR: 无法加载控制器:Public

[ 2017-07-18T16:51:37+08:00 ] ::1 /yjc/lby/index.php/Lnstru/WdatePicker.css
ERR: 非法操作:WdatePicker.css

[ 2017-07-18T16:51:37+08:00 ] ::1 /yjc/lby/Public/Admin/static/userlist/j/yjc/lby/Public/Admin/static/userlist/query_006.js
ERR: 无法加载控制器:Public

[ 2017-07-18T16:51:37+08:00 ] ::1 /yjc/lby/Public/Admin/static/userlist/skin/WdatePicker.css
ERR: 无法加载控制器:Public

[ 2017-07-18T16:51:37+08:00 ] ::1 /yjc/lby/index.php/Lnstru/WdatePicker.css
ERR: 非法操作:WdatePicker.css

[ 2017-07-18T16:51:38+08:00 ] ::1 /yjc/lby/Public/Admin/static/userlist/j/yjc/lby/Public/Admin/static/userlist/query_006.js
ERR: 无法加载控制器:Public

[ 2017-07-18T16:51:38+08:00 ] ::1 /yjc/lby/index.php/Batch/WdatePicker.css
ERR: 非法操作:WdatePicker.css

[ 2017-07-18T16:51:38+08:00 ] ::1 /yjc/lby/Public/Admin/static/userlist/j/yjc/lby/Public/Admin/static/userlist/query_006.js
ERR: 无法加载控制器:Public

[ 2017-07-18T16:51:38+08:00 ] ::1 /yjc/lby/Public/Admin/static/userlist/skin/WdatePicker.css
ERR: 无法加载控制器:Public

[ 2017-07-18T16:51:38+08:00 ] ::1 /yjc/lby/index.php/Batch/WdatePicker.css
ERR: 非法操作:WdatePicker.css

[ 2017-07-18T16:51:39+08:00 ] ::1 /yjc/lby/index.php/Index/instructions/list
ERR: 非法操作:instructions

[ 2017-07-18T16:51:41+08:00 ] ::1 /yjc/lby/Public/Admin/static/userlist/j/yjc/lby/Public/Admin/static/userlist/query_006.js
ERR: 无法加载控制器:Public

[ 2017-07-18T16:51:41+08:00 ] ::1 /yjc/lby/index.php/Batch/WdatePicker.css
ERR: 非法操作:WdatePicker.css

[ 2017-07-18T16:51:41+08:00 ] ::1 /yjc/lby/Public/Admin/static/userlist/j/yjc/lby/Public/Admin/static/userlist/query_006.js
ERR: 无法加载控制器:Public

[ 2017-07-18T16:51:41+08:00 ] ::1 /yjc/lby/index.php/Batch/WdatePicker.css
ERR: 非法操作:WdatePicker.css

[ 2017-07-18T16:51:41+08:00 ] ::1 /yjc/lby/Public/Admin/static/userlist/skin/WdatePicker.css
ERR: 无法加载控制器:Public

[ 2017-07-18T16:54:10+08:00 ] ::1 /yjc/lby/index.php/Lnstru/WdatePicker.css
ERR: 非法操作:WdatePicker.css

[ 2017-07-18T16:54:10+08:00 ] ::1 /yjc/lby/Public/Admin/static/userlist/j/yjc/lby/Public/Admin/static/userlist/query_006.js
ERR: 无法加载控制器:Public

[ 2017-07-18T16:54:10+08:00 ] ::1 /yjc/lby/Public/Admin/static/userlist/j/yjc/lby/Public/Admin/static/userlist/query_006.js
ERR: 无法加载控制器:Public

[ 2017-07-18T16:54:10+08:00 ] ::1 /yjc/lby/Public/Admin/static/userlist/skin/WdatePicker.css
ERR: 无法加载控制器:Public

[ 2017-07-18T16:54:10+08:00 ] ::1 /yjc/lby/index.php/Lnstru/WdatePicker.css
ERR: 非法操作:WdatePicker.css

[ 2017-07-18T16:54:10+08:00 ] ::1 /yjc/lby/index.php/Batch/WdatePicker.css
ERR: 非法操作:WdatePicker.css

[ 2017-07-18T16:54:10+08:00 ] ::1 /yjc/lby/Public/Admin/static/userlist/j/yjc/lby/Public/Admin/static/userlist/query_006.js
ERR: 无法加载控制器:Public

[ 2017-07-18T16:54:11+08:00 ] ::1 /yjc/lby/Public/Admin/static/userlist/j/yjc/lby/Public/Admin/static/userlist/query_006.js
ERR: 无法加载控制器:Public

[ 2017-07-18T16:54:11+08:00 ] ::1 /yjc/lby/Public/Admin/static/userlist/skin/WdatePicker.css
ERR: 无法加载控制器:Public

[ 2017-07-18T16:54:11+08:00 ] ::1 /yjc/lby/index.php/Batch/WdatePicker.css
ERR: 非法操作:WdatePicker.css

[ 2017-07-18T16:54:12+08:00 ] ::1 /yjc/lby/index.php/Index/instructions/list
ERR: 非法操作:instructions

[ 2017-07-18T16:54:15+08:00 ] ::1 /yjc/lby/index.php/Index/instructions/list
ERR: 非法操作:instructions

[ 2017-07-18T17:37:47+08:00 ] ::1 /yjc/lby/index.php/Blot/index_add.html
ERR: Think\Model:grount方法不存在！

[ 2017-07-18T17:38:47+08:00 ] ::1 /yjc/lby/index.php/Admin/Index/index1.html
ERR: 非法操作:index1

[ 2017-07-18T17:47:02+08:00 ] ::1 /yjc/lby/index.php/Admin/Index/index1.html
ERR: 非法操作:index1

[ 2017-07-18T17:47:23+08:00 ] ::1 /yjc/lby/index.php/Admin/Index/index1.html
ERR: 非法操作:index1

[ 2017-07-18T17:51:23+08:00 ] ::1 /yjc/lby/index.php/Admin/Index/index1.html
ERR: 非法操作:index1

