[ 2017-07-15T09:57:20+08:00 ] ::1 /yjc/lby/index.php/Admin/Index/index1.html
ERR: 非法操作:index1

[ 2017-07-15T09:57:24+08:00 ] ::1 /yjc/lby/Public/Admin/static/userlist/j/yjc/lby/Public/Admin/static/userlist/query_006.js
ERR: 无法加载控制器:Public

[ 2017-07-15T09:57:24+08:00 ] ::1 /yjc/lby/index.php/Lnstru/WdatePicker.css
ERR: 非法操作:WdatePicker.css

[ 2017-07-15T09:57:24+08:00 ] ::1 /yjc/lby/Public/Admin/static/userlist/j/yjc/lby/Public/Admin/static/userlist/query_006.js
ERR: 无法加载控制器:Public

[ 2017-07-15T09:57:24+08:00 ] ::1 /yjc/lby/Public/Admin/static/userlist/skin/WdatePicker.css
ERR: 无法加载控制器:Public

[ 2017-07-15T09:57:24+08:00 ] ::1 /yjc/lby/index.php/Lnstru/WdatePicker.css
ERR: 非法操作:WdatePicker.css

[ 2017-07-15T09:58:02+08:00 ] ::1 /yjc/lby/Public/Admin/static/userlist/j/yjc/lby/Public/Admin/static/userlist/query_006.js
ERR: 无法加载控制器:Public

[ 2017-07-15T09:58:02+08:00 ] ::1 /yjc/lby/Public/Admin/static/userlist/j/yjc/lby/Public/Admin/static/userlist/query_006.js
ERR: 无法加载控制器:Public

[ 2017-07-15T09:59:39+08:00 ] ::1 /yjc/lby/index.php/Audit/order_inser.html
ERR: 1048:Column 'audit_name' cannot be null
 [ SQL语句 ] : INSERT INTO `checking_audit` (`audit_tong`,`audit_product`,`audit_file`,`audit_time`,`audit_name`,`audit_phone`,`audit_order`,`audit_serial_number`) VALUES ('1','5','./Public/Shens/2017-07-15/','2017-07-15,09-59-39',NULL,NULL,'71583979504113623','32179581064')

[ 2017-07-15T10:00:05+08:00 ] ::1 /yjc/lby/index.php/Login/undefined?1500084005518
ERR: 非法操作:undefined

[ 2017-07-15T10:00:29+08:00 ] ::1 /yjc/lby/index.php/Admin/Index/index1.html
ERR: 非法操作:index1

[ 2017-07-15T10:00:33+08:00 ] ::1 /yjc/lby/index.php/Lnstru/WdatePicker.css
ERR: 非法操作:WdatePicker.css

[ 2017-07-15T10:00:33+08:00 ] ::1 /yjc/lby/Public/Admin/static/userlist/j/yjc/lby/Public/Admin/static/userlist/query_006.js
ERR: 无法加载控制器:Public

[ 2017-07-15T10:00:33+08:00 ] ::1 /yjc/lby/Public/Admin/static/userlist/j/yjc/lby/Public/Admin/static/userlist/query_006.js
ERR: 无法加载控制器:Public

[ 2017-07-15T10:00:33+08:00 ] ::1 /yjc/lby/Public/Admin/static/userlist/skin/WdatePicker.css
ERR: 无法加载控制器:Public

[ 2017-07-15T10:00:33+08:00 ] ::1 /yjc/lby/index.php/Lnstru/WdatePicker.css
ERR: 非法操作:WdatePicker.css

[ 2017-07-15T10:00:35+08:00 ] ::1 /yjc/lby/Public/Admin/static/userlist/j/yjc/lby/Public/Admin/static/userlist/query_006.js
ERR: 无法加载控制器:Public

[ 2017-07-15T10:00:35+08:00 ] ::1 /yjc/lby/Public/Admin/static/userlist/j/yjc/lby/Public/Admin/static/userlist/query_006.js
ERR: 无法加载控制器:Public

[ 2017-07-15T10:05:21+08:00 ] ::1 /yjc/lby/Public/Admin/static/userlist/j/yjc/lby/Public/Admin/static/userlist/query_006.js
ERR: 无法加载控制器:Public

[ 2017-07-15T10:05:21+08:00 ] ::1 /yjc/lby/index.php/Lnstru/WdatePicker.css
ERR: 非法操作:WdatePicker.css

[ 2017-07-15T10:05:21+08:00 ] ::1 /yjc/lby/Public/Admin/static/userlist/j/yjc/lby/Public/Admin/static/userlist/query_006.js
ERR: 无法加载控制器:Public

[ 2017-07-15T10:05:21+08:00 ] ::1 /yjc/lby/index.php/Lnstru/WdatePicker.css
ERR: 非法操作:WdatePicker.css

[ 2017-07-15T10:05:21+08:00 ] ::1 /yjc/lby/Public/Admin/static/userlist/skin/WdatePicker.css
ERR: 无法加载控制器:Public

[ 2017-07-15T10:08:17+08:00 ] ::1 /yjc/lby/Public/Admin/static/userlist/j/yjc/lby/Public/Admin/static/userlist/query_006.js
ERR: 无法加载控制器:Public

[ 2017-07-15T10:08:17+08:00 ] ::1 /yjc/lby/Public/Admin/static/userlist/j/yjc/lby/Public/Admin/static/userlist/query_006.js
ERR: 无法加载控制器:Public

[ 2017-07-15T10:09:09+08:00 ] ::1 /yjc/lby/Public/Admin/static/userlist/j/yjc/lby/Public/Admin/static/userlist/query_006.js
ERR: 无法加载控制器:Public

[ 2017-07-15T10:09:09+08:00 ] ::1 /yjc/lby/Public/Admin/static/userlist/j/yjc/lby/Public/Admin/static/userlist/query_006.js
ERR: 无法加载控制器:Public

[ 2017-07-15T10:42:14+08:00 ] ::1 /yjc/lby/Public/Admin/static/userlist/j/yjc/lby/Public/Admin/static/userlist/query_006.js
ERR: 无法加载控制器:Public

[ 2017-07-15T10:42:14+08:00 ] ::1 /yjc/lby/index.php/Lnstru/WdatePicker.css
ERR: 非法操作:WdatePicker.css

[ 2017-07-15T10:42:14+08:00 ] ::1 /yjc/lby/Public/Admin/static/userlist/j/yjc/lby/Public/Admin/static/userlist/query_006.js
ERR: 无法加载控制器:Public

[ 2017-07-15T10:42:14+08:00 ] ::1 /yjc/lby/index.php/Lnstru/WdatePicker.css
ERR: 非法操作:WdatePicker.css

[ 2017-07-15T10:42:14+08:00 ] ::1 /yjc/lby/Public/Admin/static/userlist/skin/WdatePicker.css
ERR: 无法加载控制器:Public

[ 2017-07-15T10:42:57+08:00 ] ::1 /yjc/lby/Public/Admin/static/userlist/j/yjc/lby/Public/Admin/static/userlist/query_006.js
ERR: 无法加载控制器:Public

[ 2017-07-15T10:42:58+08:00 ] ::1 /yjc/lby/Public/Admin/static/userlist/j/yjc/lby/Public/Admin/static/userlist/query_006.js
ERR: 无法加载控制器:Public

[ 2017-07-15T10:44:46+08:00 ] ::1 /yjc/lby/Public/Admin/static/userlist/j/yjc/lby/Public/Admin/static/userlist/query_006.js
ERR: 无法加载控制器:Public

[ 2017-07-15T10:44:46+08:00 ] ::1 /yjc/lby/Public/Admin/static/userlist/j/yjc/lby/Public/Admin/static/userlist/query_006.js
ERR: 无法加载控制器:Public

[ 2017-07-15T10:45:32+08:00 ] ::1 /yjc/lby/Public/Admin/static/userlist/j/yjc/lby/Public/Admin/static/userlist/query_006.js
ERR: 无法加载控制器:Public

[ 2017-07-15T10:45:32+08:00 ] ::1 /yjc/lby/index.php/Lnstru/WdatePicker.css
ERR: 非法操作:WdatePicker.css

[ 2017-07-15T10:45:33+08:00 ] ::1 /yjc/lby/Public/Admin/static/userlist/j/yjc/lby/Public/Admin/static/userlist/query_006.js
ERR: 无法加载控制器:Public

[ 2017-07-15T10:45:33+08:00 ] ::1 /yjc/lby/index.php/Lnstru/WdatePicker.css
ERR: 非法操作:WdatePicker.css

[ 2017-07-15T10:45:33+08:00 ] ::1 /yjc/lby/Public/Admin/static/userlist/skin/WdatePicker.css
ERR: 无法加载控制器:Public

[ 2017-07-15T10:55:29+08:00 ] ::1 /yjc/lby/index.php/Lnstru/WdatePicker.css
ERR: 非法操作:WdatePicker.css

[ 2017-07-15T10:55:29+08:00 ] ::1 /yjc/lby/Public/Admin/static/userlist/j/yjc/lby/Public/Admin/static/userlist/query_006.js
ERR: 无法加载控制器:Public

[ 2017-07-15T10:55:29+08:00 ] ::1 /yjc/lby/Public/Admin/static/userlist/j/yjc/lby/Public/Admin/static/userlist/query_006.js
ERR: 无法加载控制器:Public

[ 2017-07-15T10:55:29+08:00 ] ::1 /yjc/lby/index.php/Lnstru/WdatePicker.css
ERR: 非法操作:WdatePicker.css

[ 2017-07-15T10:55:29+08:00 ] ::1 /yjc/lby/Public/Admin/static/userlist/skin/WdatePicker.css
ERR: 无法加载控制器:Public

[ 2017-07-15T10:55:32+08:00 ] ::1 /yjc/lby/Public/Admin/static/userlist/j/yjc/lby/Public/Admin/static/userlist/query_006.js
ERR: 无法加载控制器:Public

[ 2017-07-15T10:55:32+08:00 ] ::1 /yjc/lby/Public/Admin/static/userlist/j/yjc/lby/Public/Admin/static/userlist/query_006.js
ERR: 无法加载控制器:Public

[ 2017-07-15T10:59:34+08:00 ] ::1 /yjc/lby/index.php/Lnstru/WdatePicker.css
ERR: 非法操作:WdatePicker.css

[ 2017-07-15T10:59:34+08:00 ] ::1 /yjc/lby/Public/Admin/static/userlist/j/yjc/lby/Public/Admin/static/userlist/query_006.js
ERR: 无法加载控制器:Public

[ 2017-07-15T10:59:34+08:00 ] ::1 /yjc/lby/Public/Admin/static/userlist/j/yjc/lby/Public/Admin/static/userlist/query_006.js
ERR: 无法加载控制器:Public

[ 2017-07-15T10:59:34+08:00 ] ::1 /yjc/lby/index.php/Lnstru/WdatePicker.css
ERR: 非法操作:WdatePicker.css

[ 2017-07-15T10:59:34+08:00 ] ::1 /yjc/lby/Public/Admin/static/userlist/skin/WdatePicker.css
ERR: 无法加载控制器:Public

[ 2017-07-15T10:59:37+08:00 ] ::1 /yjc/lby/Public/Admin/static/userlist/j/yjc/lby/Public/Admin/static/userlist/query_006.js
ERR: 无法加载控制器:Public

[ 2017-07-15T10:59:37+08:00 ] ::1 /yjc/lby/Public/Admin/static/userlist/j/yjc/lby/Public/Admin/static/userlist/query_006.js
ERR: 无法加载控制器:Public

[ 2017-07-15T10:59:40+08:00 ] ::1 /yjc/lby/index.php/Lnstru/WdatePicker.css
ERR: 非法操作:WdatePicker.css

[ 2017-07-15T10:59:40+08:00 ] ::1 /yjc/lby/Public/Admin/static/userlist/j/yjc/lby/Public/Admin/static/userlist/query_006.js
ERR: 无法加载控制器:Public

[ 2017-07-15T10:59:40+08:00 ] ::1 /yjc/lby/Public/Admin/static/userlist/j/yjc/lby/Public/Admin/static/userlist/query_006.js
ERR: 无法加载控制器:Public

[ 2017-07-15T10:59:40+08:00 ] ::1 /yjc/lby/Public/Admin/static/userlist/skin/WdatePicker.css
ERR: 无法加载控制器:Public

[ 2017-07-15T10:59:40+08:00 ] ::1 /yjc/lby/index.php/Lnstru/WdatePicker.css
ERR: 非法操作:WdatePicker.css

[ 2017-07-15T10:59:42+08:00 ] ::1 /yjc/lby/Public/Admin/static/userlist/j/yjc/lby/Public/Admin/static/userlist/query_006.js
ERR: 无法加载控制器:Public

[ 2017-07-15T10:59:42+08:00 ] ::1 /yjc/lby/Public/Admin/static/userlist/j/yjc/lby/Public/Admin/static/userlist/query_006.js
ERR: 无法加载控制器:Public

[ 2017-07-15T10:59:55+08:00 ] ::1 /yjc/lby/Public/Admin/static/userlist/j/yjc/lby/Public/Admin/static/userlist/query_006.js
ERR: 无法加载控制器:Public

[ 2017-07-15T10:59:55+08:00 ] ::1 /yjc/lby/Public/Admin/static/userlist/j/yjc/lby/Public/Admin/static/userlist/query_006.js
ERR: 无法加载控制器:Public

[ 2017-07-15T10:59:58+08:00 ] ::1 /yjc/lby/Public/Admin/static/userlist/j/yjc/lby/Public/Admin/static/userlist/query_006.js
ERR: 无法加载控制器:Public

[ 2017-07-15T10:59:58+08:00 ] ::1 /yjc/lby/Public/Admin/static/userlist/j/yjc/lby/Public/Admin/static/userlist/query_006.js
ERR: 无法加载控制器:Public

[ 2017-07-15T11:00:02+08:00 ] ::1 /yjc/lby/Public/Admin/static/userlist/j/yjc/lby/Public/Admin/static/userlist/query_006.js
ERR: 无法加载控制器:Public

[ 2017-07-15T11:00:02+08:00 ] ::1 /yjc/lby/Public/Admin/static/userlist/j/yjc/lby/Public/Admin/static/userlist/query_006.js
ERR: 无法加载控制器:Public

[ 2017-07-15T11:00:06+08:00 ] ::1 /yjc/lby/Public/Admin/static/userlist/j/yjc/lby/Public/Admin/static/userlist/query_006.js
ERR: 无法加载控制器:Public

[ 2017-07-15T11:00:06+08:00 ] ::1 /yjc/lby/Public/Admin/static/userlist/j/yjc/lby/Public/Admin/static/userlist/query_006.js
ERR: 无法加载控制器:Public

[ 2017-07-15T11:00:11+08:00 ] ::1 /yjc/lby/Public/Admin/static/userlist/j/yjc/lby/Public/Admin/static/userlist/query_006.js
ERR: 无法加载控制器:Public

[ 2017-07-15T11:00:11+08:00 ] ::1 /yjc/lby/Public/Admin/static/userlist/j/yjc/lby/Public/Admin/static/userlist/query_006.js
ERR: 无法加载控制器:Public

[ 2017-07-15T11:03:15+08:00 ] ::1 /yjc/lby/Public/Admin/static/userlist/j/yjc/lby/Public/Admin/static/userlist/query_006.js
ERR: 无法加载控制器:Public

[ 2017-07-15T11:03:15+08:00 ] ::1 /yjc/lby/index.php/Lnstru/WdatePicker.css
ERR: 非法操作:WdatePicker.css

[ 2017-07-15T11:03:16+08:00 ] ::1 /yjc/lby/Public/Admin/static/userlist/j/yjc/lby/Public/Admin/static/userlist/query_006.js
ERR: 无法加载控制器:Public

[ 2017-07-15T11:03:16+08:00 ] ::1 /yjc/lby/index.php/Lnstru/WdatePicker.css
ERR: 非法操作:WdatePicker.css

[ 2017-07-15T11:03:16+08:00 ] ::1 /yjc/lby/Public/Admin/static/userlist/skin/WdatePicker.css
ERR: 无法加载控制器:Public

[ 2017-07-15T11:03:18+08:00 ] ::1 /yjc/lby/Public/Admin/static/userlist/j/yjc/lby/Public/Admin/static/userlist/query_006.js
ERR: 无法加载控制器:Public

[ 2017-07-15T11:03:18+08:00 ] ::1 /yjc/lby/Public/Admin/static/userlist/j/yjc/lby/Public/Admin/static/userlist/query_006.js
ERR: 无法加载控制器:Public

[ 2017-07-15T11:04:07+08:00 ] ::1 /yjc/lby/Public/Admin/static/userlist/j/yjc/lby/Public/Admin/static/userlist/query_006.js
ERR: 无法加载控制器:Public

[ 2017-07-15T11:04:07+08:00 ] ::1 /yjc/lby/Public/Admin/static/userlist/j/yjc/lby/Public/Admin/static/userlist/query_006.js
ERR: 无法加载控制器:Public

[ 2017-07-15T11:05:20+08:00 ] ::1 /yjc/lby/Public/Admin/static/userlist/j/yjc/lby/Public/Admin/static/userlist/query_006.js
ERR: 无法加载控制器:Public

[ 2017-07-15T11:05:20+08:00 ] ::1 /yjc/lby/Public/Admin/static/userlist/j/yjc/lby/Public/Admin/static/userlist/query_006.js
ERR: 无法加载控制器:Public

[ 2017-07-15T11:05:51+08:00 ] ::1 /yjc/lby/Public/Admin/static/userlist/j/yjc/lby/Public/Admin/static/userlist/query_006.js
ERR: 无法加载控制器:Public

[ 2017-07-15T11:05:52+08:00 ] ::1 /yjc/lby/Public/Admin/static/userlist/j/yjc/lby/Public/Admin/static/userlist/query_006.js
ERR: 无法加载控制器:Public

[ 2017-07-15T11:06:12+08:00 ] ::1 /yjc/lby/Public/Admin/static/userlist/j/yjc/lby/Public/Admin/static/userlist/query_006.js
ERR: 无法加载控制器:Public

[ 2017-07-15T11:06:12+08:00 ] ::1 /yjc/lby/Public/Admin/static/userlist/j/yjc/lby/Public/Admin/static/userlist/query_006.js
ERR: 无法加载控制器:Public

[ 2017-07-15T11:07:04+08:00 ] ::1 /yjc/lby/Public/Admin/static/userlist/j/yjc/lby/Public/Admin/static/userlist/query_006.js
ERR: 无法加载控制器:Public

[ 2017-07-15T11:07:04+08:00 ] ::1 /yjc/lby/Public/Admin/static/userlist/j/yjc/lby/Public/Admin/static/userlist/query_006.js
ERR: 无法加载控制器:Public

[ 2017-07-15T11:49:13+08:00 ] ::1 /yjc/lby/index.php/Login/undefined?1500090553067
ERR: 非法操作:undefined

[ 2017-07-15T11:49:21+08:00 ] ::1 /yjc/lby/index.php/Admin/Index/index1.html
ERR: 非法操作:index1

[ 2017-07-15T11:49:37+08:00 ] ::1 /yjc/lby/Public/Admin/static/userlist/j/yjc/lby/Public/Admin/static/userlist/query_006.js
ERR: 无法加载控制器:Public

[ 2017-07-15T11:49:37+08:00 ] ::1 /yjc/lby/index.php/Lnstru/WdatePicker.css
ERR: 非法操作:WdatePicker.css

[ 2017-07-15T11:49:37+08:00 ] ::1 /yjc/lby/Public/Admin/static/userlist/j/yjc/lby/Public/Admin/static/userlist/query_006.js
ERR: 无法加载控制器:Public

[ 2017-07-15T11:49:37+08:00 ] ::1 /yjc/lby/index.php/Lnstru/WdatePicker.css
ERR: 非法操作:WdatePicker.css

[ 2017-07-15T11:49:37+08:00 ] ::1 /yjc/lby/Public/Admin/static/userlist/skin/WdatePicker.css
ERR: 无法加载控制器:Public

[ 2017-07-15T11:49:45+08:00 ] ::1 /yjc/lby/Public/Admin/static/userlist/j/yjc/lby/Public/Admin/static/userlist/query_006.js
ERR: 无法加载控制器:Public

[ 2017-07-15T11:49:46+08:00 ] ::1 /yjc/lby/Public/Admin/static/userlist/j/yjc/lby/Public/Admin/static/userlist/query_006.js
ERR: 无法加载控制器:Public

[ 2017-07-15T11:50:14+08:00 ] ::1 /yjc/lby/Public/Admin/static/userlist/j/yjc/lby/Public/Admin/static/userlist/query_006.js
ERR: 无法加载控制器:Public

[ 2017-07-15T11:50:14+08:00 ] ::1 /yjc/lby/Public/Admin/static/userlist/j/yjc/lby/Public/Admin/static/userlist/query_006.js
ERR: 无法加载控制器:Public

[ 2017-07-15T11:51:47+08:00 ] ::1 /yjc/lby/Public/Admin/static/userlist/j/yjc/lby/Public/Admin/static/userlist/query_006.js
ERR: 无法加载控制器:Public

[ 2017-07-15T11:51:47+08:00 ] ::1 /yjc/lby/index.php/Lnstru/WdatePicker.css
ERR: 非法操作:WdatePicker.css

[ 2017-07-15T11:51:47+08:00 ] ::1 /yjc/lby/Public/Admin/static/userlist/j/yjc/lby/Public/Admin/static/userlist/query_006.js
ERR: 无法加载控制器:Public

[ 2017-07-15T11:51:47+08:00 ] ::1 /yjc/lby/Public/Admin/static/userlist/skin/WdatePicker.css
ERR: 无法加载控制器:Public

[ 2017-07-15T11:51:47+08:00 ] ::1 /yjc/lby/index.php/Lnstru/WdatePicker.css
ERR: 非法操作:WdatePicker.css

[ 2017-07-15T11:51:49+08:00 ] ::1 /yjc/lby/Public/Admin/static/userlist/j/yjc/lby/Public/Admin/static/userlist/query_006.js
ERR: 无法加载控制器:Public

[ 2017-07-15T11:51:49+08:00 ] ::1 /yjc/lby/Public/Admin/static/userlist/j/yjc/lby/Public/Admin/static/userlist/query_006.js
ERR: 无法加载控制器:Public

[ 2017-07-15T11:53:39+08:00 ] ::1 /yjc/lby/Public/Admin/static/userlist/j/yjc/lby/Public/Admin/static/userlist/query_006.js
ERR: 无法加载控制器:Public

[ 2017-07-15T11:53:39+08:00 ] ::1 /yjc/lby/index.php/Lnstru/WdatePicker.css
ERR: 非法操作:WdatePicker.css

[ 2017-07-15T11:53:39+08:00 ] ::1 /yjc/lby/Public/Admin/static/userlist/j/yjc/lby/Public/Admin/static/userlist/query_006.js
ERR: 无法加载控制器:Public

[ 2017-07-15T11:53:39+08:00 ] ::1 /yjc/lby/Public/Admin/static/userlist/skin/WdatePicker.css
ERR: 无法加载控制器:Public

[ 2017-07-15T11:53:39+08:00 ] ::1 /yjc/lby/index.php/Lnstru/WdatePicker.css
ERR: 非法操作:WdatePicker.css

[ 2017-07-15T11:53:41+08:00 ] ::1 /yjc/lby/Public/Admin/static/userlist/j/yjc/lby/Public/Admin/static/userlist/query_006.js
ERR: 无法加载控制器:Public

[ 2017-07-15T11:53:41+08:00 ] ::1 /yjc/lby/Public/Admin/static/userlist/j/yjc/lby/Public/Admin/static/userlist/query_006.js
ERR: 无法加载控制器:Public

[ 2017-07-15T11:53:56+08:00 ] ::1 /yjc/lby/Public/Admin/static/userlist/j/yjc/lby/Public/Admin/static/userlist/query_006.js
ERR: 无法加载控制器:Public

[ 2017-07-15T11:53:56+08:00 ] ::1 /yjc/lby/Public/Admin/static/userlist/j/yjc/lby/Public/Admin/static/userlist/query_006.js
ERR: 无法加载控制器:Public

[ 2017-07-15T11:56:07+08:00 ] ::1 /yjc/lby/Public/Admin/static/userlist/j/yjc/lby/Public/Admin/static/userlist/query_006.js
ERR: 无法加载控制器:Public

[ 2017-07-15T11:56:07+08:00 ] ::1 /yjc/lby/Public/Admin/static/userlist/j/yjc/lby/Public/Admin/static/userlist/query_006.js
ERR: 无法加载控制器:Public

[ 2017-07-15T11:59:31+08:00 ] ::1 /yjc/lby/Public/Admin/static/userlist/j/yjc/lby/Public/Admin/static/userlist/query_006.js
ERR: 无法加载控制器:Public

[ 2017-07-15T11:59:32+08:00 ] ::1 /yjc/lby/Public/Admin/static/userlist/j/yjc/lby/Public/Admin/static/userlist/query_006.js
ERR: 无法加载控制器:Public

[ 2017-07-15T11:59:40+08:00 ] ::1 /yjc/lby/Public/Admin/static/userlist/j/yjc/lby/Public/Admin/static/userlist/query_006.js
ERR: 无法加载控制器:Public

[ 2017-07-15T11:59:40+08:00 ] ::1 /yjc/lby/Public/Admin/static/userlist/j/yjc/lby/Public/Admin/static/userlist/query_006.js
ERR: 无法加载控制器:Public

[ 2017-07-15T12:00:03+08:00 ] ::1 /yjc/lby/Public/Admin/static/userlist/j/yjc/lby/Public/Admin/static/userlist/query_006.js
ERR: 无法加载控制器:Public

[ 2017-07-15T12:00:03+08:00 ] ::1 /yjc/lby/Public/Admin/static/userlist/j/yjc/lby/Public/Admin/static/userlist/query_006.js
ERR: 无法加载控制器:Public

[ 2017-07-15T12:00:04+08:00 ] ::1 /yjc/lby/Public/Admin/static/userlist/j/yjc/lby/Public/Admin/static/userlist/query_006.js
ERR: 无法加载控制器:Public

[ 2017-07-15T12:00:04+08:00 ] ::1 /yjc/lby/index.php/Lnstru/WdatePicker.css
ERR: 非法操作:WdatePicker.css

[ 2017-07-15T12:00:04+08:00 ] ::1 /yjc/lby/Public/Admin/static/userlist/j/yjc/lby/Public/Admin/static/userlist/query_006.js
ERR: 无法加载控制器:Public

[ 2017-07-15T12:00:04+08:00 ] ::1 /yjc/lby/index.php/Lnstru/WdatePicker.css
ERR: 非法操作:WdatePicker.css

[ 2017-07-15T12:00:04+08:00 ] ::1 /yjc/lby/Public/Admin/static/userlist/skin/WdatePicker.css
ERR: 无法加载控制器:Public

[ 2017-07-15T12:00:05+08:00 ] ::1 /yjc/lby/Public/Admin/static/userlist/j/yjc/lby/Public/Admin/static/userlist/query_006.js
ERR: 无法加载控制器:Public

[ 2017-07-15T12:00:05+08:00 ] ::1 /yjc/lby/index.php/Lnstru/WdatePicker.css
ERR: 非法操作:WdatePicker.css

[ 2017-07-15T12:00:05+08:00 ] ::1 /yjc/lby/Public/Admin/static/userlist/j/yjc/lby/Public/Admin/static/userlist/query_006.js
ERR: 无法加载控制器:Public

[ 2017-07-15T12:00:06+08:00 ] ::1 /yjc/lby/Public/Admin/static/userlist/skin/WdatePicker.css
ERR: 无法加载控制器:Public

[ 2017-07-15T12:00:06+08:00 ] ::1 /yjc/lby/index.php/Lnstru/WdatePicker.css
ERR: 非法操作:WdatePicker.css

[ 2017-07-15T12:00:08+08:00 ] ::1 /yjc/lby/Public/Admin/static/userlist/j/yjc/lby/Public/Admin/static/userlist/query_006.js
ERR: 无法加载控制器:Public

[ 2017-07-15T12:00:08+08:00 ] ::1 /yjc/lby/Public/Admin/static/userlist/j/yjc/lby/Public/Admin/static/userlist/query_006.js
ERR: 无法加载控制器:Public

[ 2017-07-15T12:00:20+08:00 ] ::1 /yjc/lby/Public/Admin/static/userlist/j/yjc/lby/Public/Admin/static/userlist/query_006.js
ERR: 无法加载控制器:Public

[ 2017-07-15T12:00:20+08:00 ] ::1 /yjc/lby/Public/Admin/static/userlist/j/yjc/lby/Public/Admin/static/userlist/query_006.js
ERR: 无法加载控制器:Public

[ 2017-07-15T12:04:27+08:00 ] ::1 /yjc/lby/Public/Admin/static/userlist/j/yjc/lby/Public/Admin/static/userlist/query_006.js
ERR: 无法加载控制器:Public

[ 2017-07-15T12:04:27+08:00 ] ::1 /yjc/lby/index.php/Lnstru/WdatePicker.css
ERR: 非法操作:WdatePicker.css

[ 2017-07-15T12:04:27+08:00 ] ::1 /yjc/lby/Public/Admin/static/userlist/j/yjc/lby/Public/Admin/static/userlist/query_006.js
ERR: 无法加载控制器:Public

[ 2017-07-15T12:04:27+08:00 ] ::1 /yjc/lby/Public/Admin/static/userlist/skin/WdatePicker.css
ERR: 无法加载控制器:Public

[ 2017-07-15T12:04:27+08:00 ] ::1 /yjc/lby/index.php/Lnstru/WdatePicker.css
ERR: 非法操作:WdatePicker.css

[ 2017-07-15T12:04:30+08:00 ] ::1 /yjc/lby/Public/Admin/static/userlist/j/yjc/lby/Public/Admin/static/userlist/query_006.js
ERR: 无法加载控制器:Public

[ 2017-07-15T12:04:30+08:00 ] ::1 /yjc/lby/Public/Admin/static/userlist/j/yjc/lby/Public/Admin/static/userlist/query_006.js
ERR: 无法加载控制器:Public

[ 2017-07-15T12:04:44+08:00 ] ::1 /yjc/lby/Public/Admin/static/userlist/j/yjc/lby/Public/Admin/static/userlist/query_006.js
ERR: 无法加载控制器:Public

[ 2017-07-15T12:04:44+08:00 ] ::1 /yjc/lby/Public/Admin/static/userlist/j/yjc/lby/Public/Admin/static/userlist/query_006.js
ERR: 无法加载控制器:Public

[ 2017-07-15T12:05:12+08:00 ] ::1 /yjc/lby/Public/Admin/static/userlist/j/yjc/lby/Public/Admin/static/userlist/query_006.js
ERR: 无法加载控制器:Public

[ 2017-07-15T12:05:12+08:00 ] ::1 /yjc/lby/Public/Admin/static/userlist/j/yjc/lby/Public/Admin/static/userlist/query_006.js
ERR: 无法加载控制器:Public

[ 2017-07-15T12:05:17+08:00 ] ::1 /yjc/lby/index.php/Blot/index_add.html
ERR: 1146:Table 'good.act_info' doesn't exist
 [ SQL语句 ] : SHOW COLUMNS FROM `act_info`

[ 2017-07-15T12:13:14+08:00 ] ::1 /yjc/lby/Public/Admin/static/userlist/j/yjc/lby/Public/Admin/static/userlist/query_006.js
ERR: 无法加载控制器:Public

[ 2017-07-15T12:13:14+08:00 ] ::1 /yjc/lby/index.php/Lnstru/WdatePicker.css
ERR: 非法操作:WdatePicker.css

[ 2017-07-15T12:13:14+08:00 ] ::1 /yjc/lby/Public/Admin/static/userlist/j/yjc/lby/Public/Admin/static/userlist/query_006.js
ERR: 无法加载控制器:Public

[ 2017-07-15T12:13:14+08:00 ] ::1 /yjc/lby/Public/Admin/static/userlist/skin/WdatePicker.css
ERR: 无法加载控制器:Public

[ 2017-07-15T12:13:14+08:00 ] ::1 /yjc/lby/index.php/Lnstru/WdatePicker.css
ERR: 非法操作:WdatePicker.css

[ 2017-07-15T12:13:18+08:00 ] ::1 /yjc/lby/Public/Admin/static/userlist/j/yjc/lby/Public/Admin/static/userlist/query_006.js
ERR: 无法加载控制器:Public

[ 2017-07-15T12:13:18+08:00 ] ::1 /yjc/lby/Public/Admin/static/userlist/j/yjc/lby/Public/Admin/static/userlist/query_006.js
ERR: 无法加载控制器:Public

[ 2017-07-15T14:36:31+08:00 ] ::1 /yjc/lby/index.php/Admin/Index/index1.html
ERR: 非法操作:index1

[ 2017-07-15T14:36:44+08:00 ] ::1 /yjc/lby/index.php/Login/undefined?1500100603884
ERR: 非法操作:undefined

[ 2017-07-15T14:36:54+08:00 ] ::1 /yjc/lby/index.php/Admin/Index/index1.html
ERR: 非法操作:index1

[ 2017-07-15T14:37:01+08:00 ] ::1 /yjc/lby/index.php/Lnstru/WdatePicker.css
ERR: 非法操作:WdatePicker.css

[ 2017-07-15T14:37:01+08:00 ] ::1 /yjc/lby/Public/Admin/static/userlist/j/yjc/lby/Public/Admin/static/userlist/query_006.js
ERR: 无法加载控制器:Public

[ 2017-07-15T14:37:01+08:00 ] ::1 /yjc/lby/Public/Admin/static/userlist/j/yjc/lby/Public/Admin/static/userlist/query_006.js
ERR: 无法加载控制器:Public

[ 2017-07-15T14:37:01+08:00 ] ::1 /yjc/lby/Public/Admin/static/userlist/skin/WdatePicker.css
ERR: 无法加载控制器:Public

[ 2017-07-15T14:37:01+08:00 ] ::1 /yjc/lby/index.php/Lnstru/WdatePicker.css
ERR: 非法操作:WdatePicker.css

[ 2017-07-15T14:37:03+08:00 ] ::1 /yjc/lby/Public/Admin/static/userlist/j/yjc/lby/Public/Admin/static/userlist/query_006.js
ERR: 无法加载控制器:Public

[ 2017-07-15T14:37:03+08:00 ] ::1 /yjc/lby/Public/Admin/static/userlist/j/yjc/lby/Public/Admin/static/userlist/query_006.js
ERR: 无法加载控制器:Public

[ 2017-07-15T14:37:18+08:00 ] ::1 /yjc/lby/Public/Admin/static/userlist/j/yjc/lby/Public/Admin/static/userlist/query_006.js
ERR: 无法加载控制器:Public

[ 2017-07-15T14:37:18+08:00 ] ::1 /yjc/lby/Public/Admin/static/userlist/j/yjc/lby/Public/Admin/static/userlist/query_006.js
ERR: 无法加载控制器:Public

[ 2017-07-15T14:37:25+08:00 ] ::1 /yjc/lby/Public/Admin/static/userlist/j/yjc/lby/Public/Admin/static/userlist/query_006.js
ERR: 无法加载控制器:Public

[ 2017-07-15T14:37:25+08:00 ] ::1 /yjc/lby/Public/Admin/static/userlist/j/yjc/lby/Public/Admin/static/userlist/query_006.js
ERR: 无法加载控制器:Public

[ 2017-07-15T14:37:35+08:00 ] ::1 /yjc/lby/Public/Admin/static/userlist/j/yjc/lby/Public/Admin/static/userlist/query_006.js
ERR: 无法加载控制器:Public

[ 2017-07-15T14:37:35+08:00 ] ::1 /yjc/lby/Public/Admin/static/userlist/j/yjc/lby/Public/Admin/static/userlist/query_006.js
ERR: 无法加载控制器:Public

[ 2017-07-15T14:37:57+08:00 ] ::1 /yjc/lby/Public/Admin/static/userlist/j/yjc/lby/Public/Admin/static/userlist/query_006.js
ERR: 无法加载控制器:Public

[ 2017-07-15T14:37:58+08:00 ] ::1 /yjc/lby/Public/Admin/static/userlist/j/yjc/lby/Public/Admin/static/userlist/query_006.js
ERR: 无法加载控制器:Public

[ 2017-07-15T14:38:08+08:00 ] ::1 /yjc/lby/Public/Admin/static/userlist/j/yjc/lby/Public/Admin/static/userlist/query_006.js
ERR: 无法加载控制器:Public

[ 2017-07-15T14:38:08+08:00 ] ::1 /yjc/lby/Public/Admin/static/userlist/j/yjc/lby/Public/Admin/static/userlist/query_006.js
ERR: 无法加载控制器:Public

[ 2017-07-15T14:38:14+08:00 ] ::1 /yjc/lby/Public/Admin/static/userlist/j/yjc/lby/Public/Admin/static/userlist/query_006.js
ERR: 无法加载控制器:Public

[ 2017-07-15T14:38:14+08:00 ] ::1 /yjc/lby/Public/Admin/static/userlist/j/yjc/lby/Public/Admin/static/userlist/query_006.js
ERR: 无法加载控制器:Public

[ 2017-07-15T14:38:22+08:00 ] ::1 /yjc/lby/Public/Admin/static/userlist/j/yjc/lby/Public/Admin/static/userlist/query_006.js
ERR: 无法加载控制器:Public

[ 2017-07-15T14:38:23+08:00 ] ::1 /yjc/lby/Public/Admin/static/userlist/j/yjc/lby/Public/Admin/static/userlist/query_006.js
ERR: 无法加载控制器:Public

[ 2017-07-15T15:00:15+08:00 ] ::1 /yjc/lby/Public/Admin/static/userlist/j/yjc/lby/Public/Admin/static/userlist/query_006.js
ERR: 无法加载控制器:Public

[ 2017-07-15T15:00:15+08:00 ] ::1 /yjc/lby/index.php/Lnstru/WdatePicker.css
ERR: 非法操作:WdatePicker.css

[ 2017-07-15T15:00:15+08:00 ] ::1 /yjc/lby/Public/Admin/static/userlist/j/yjc/lby/Public/Admin/static/userlist/query_006.js
ERR: 无法加载控制器:Public

[ 2017-07-15T15:00:15+08:00 ] ::1 /yjc/lby/Public/Admin/static/userlist/skin/WdatePicker.css
ERR: 无法加载控制器:Public

[ 2017-07-15T15:00:15+08:00 ] ::1 /yjc/lby/index.php/Lnstru/WdatePicker.css
ERR: 非法操作:WdatePicker.css

[ 2017-07-15T15:20:05+08:00 ] ::1 /yjc/lby/index.php/Lnstru/WdatePicker.css
ERR: 非法操作:WdatePicker.css

[ 2017-07-15T15:20:05+08:00 ] ::1 /yjc/lby/Public/Admin/static/userlist/j/yjc/lby/Public/Admin/static/userlist/query_006.js
ERR: 无法加载控制器:Public

[ 2017-07-15T15:20:06+08:00 ] ::1 /yjc/lby/Public/Admin/static/userlist/j/yjc/lby/Public/Admin/static/userlist/query_006.js
ERR: 无法加载控制器:Public

[ 2017-07-15T15:20:06+08:00 ] ::1 /yjc/lby/Public/Admin/static/userlist/skin/WdatePicker.css
ERR: 无法加载控制器:Public

[ 2017-07-15T15:20:06+08:00 ] ::1 /yjc/lby/index.php/Lnstru/WdatePicker.css
ERR: 非法操作:WdatePicker.css

[ 2017-07-15T15:20:30+08:00 ] ::1 /yjc/lby/Public/Admin/static/userlist/j/yjc/lby/Public/Admin/static/userlist/query_006.js
ERR: 无法加载控制器:Public

[ 2017-07-15T15:20:30+08:00 ] ::1 /yjc/lby/Public/Admin/static/userlist/j/yjc/lby/Public/Admin/static/userlist/query_006.js
ERR: 无法加载控制器:Public

[ 2017-07-15T15:20:55+08:00 ] ::1 /yjc/lby/Public/Admin/static/userlist/j/yjc/lby/Public/Admin/static/userlist/query_006.js
ERR: 无法加载控制器:Public

[ 2017-07-15T15:20:55+08:00 ] ::1 /yjc/lby/Public/Admin/static/userlist/j/yjc/lby/Public/Admin/static/userlist/query_006.js
ERR: 无法加载控制器:Public

[ 2017-07-15T15:21:04+08:00 ] ::1 /yjc/lby/Public/Admin/static/userlist/j/yjc/lby/Public/Admin/static/userlist/query_006.js
ERR: 无法加载控制器:Public

[ 2017-07-15T15:21:04+08:00 ] ::1 /yjc/lby/Public/Admin/static/userlist/j/yjc/lby/Public/Admin/static/userlist/query_006.js
ERR: 无法加载控制器:Public

[ 2017-07-15T15:34:30+08:00 ] ::1 /yjc/lby/index.php/Lnstru/WdatePicker.css
ERR: 非法操作:WdatePicker.css

[ 2017-07-15T15:34:30+08:00 ] ::1 /yjc/lby/Public/Admin/static/userlist/j/yjc/lby/Public/Admin/static/userlist/query_006.js
ERR: 无法加载控制器:Public

[ 2017-07-15T15:34:30+08:00 ] ::1 /yjc/lby/Public/Admin/static/userlist/j/yjc/lby/Public/Admin/static/userlist/query_006.js
ERR: 无法加载控制器:Public

[ 2017-07-15T15:34:30+08:00 ] ::1 /yjc/lby/index.php/Lnstru/WdatePicker.css
ERR: 非法操作:WdatePicker.css

[ 2017-07-15T15:34:30+08:00 ] ::1 /yjc/lby/Public/Admin/static/userlist/skin/WdatePicker.css
ERR: 无法加载控制器:Public

[ 2017-07-15T15:34:33+08:00 ] ::1 /yjc/lby/Public/Admin/static/userlist/j/yjc/lby/Public/Admin/static/userlist/query_006.js
ERR: 无法加载控制器:Public

[ 2017-07-15T15:34:33+08:00 ] ::1 /yjc/lby/Public/Admin/static/userlist/j/yjc/lby/Public/Admin/static/userlist/query_006.js
ERR: 无法加载控制器:Public

[ 2017-07-15T15:34:51+08:00 ] ::1 /yjc/lby/Public/Admin/static/userlist/j/yjc/lby/Public/Admin/static/userlist/query_006.js
ERR: 无法加载控制器:Public

[ 2017-07-15T15:34:51+08:00 ] ::1 /yjc/lby/Public/Admin/static/userlist/j/yjc/lby/Public/Admin/static/userlist/query_006.js
ERR: 无法加载控制器:Public

[ 2017-07-15T15:34:56+08:00 ] ::1 /yjc/lby/Public/Admin/static/userlist/j/yjc/lby/Public/Admin/static/userlist/query_006.js
ERR: 无法加载控制器:Public

[ 2017-07-15T15:34:56+08:00 ] ::1 /yjc/lby/Public/Admin/static/userlist/j/yjc/lby/Public/Admin/static/userlist/query_006.js
ERR: 无法加载控制器:Public

[ 2017-07-15T17:22:23+08:00 ] ::1 /yjc/lby/index.php/Admin/Index/index1.html
ERR: 非法操作:index1

[ 2017-07-15T17:22:30+08:00 ] ::1 /yjc/lby/index.php/Login/undefined?1500110550827
ERR: 非法操作:undefined

