[ 2017-07-12T09:24:41+08:00 ] ::1 /yjc/lby/index.php/Admin/Index/index1.html
ERR: 非法操作:index1

[ 2017-07-12T09:24:48+08:00 ] ::1 /yjc/lby/Public/Admin/static/userlist/skin/WdatePicker.css
ERR: 无法加载控制器:Public

[ 2017-07-12T09:24:55+08:00 ] ::1 /yjc/lby/Public/Admin/static/userlist/skin/WdatePicker.css
ERR: 无法加载控制器:Public

[ 2017-07-12T09:45:28+08:00 ] ::1 /yjc/lby/Public/Admin/static/userlist/skin/WdatePicker.css
ERR: 无法加载控制器:Public

[ 2017-07-12T10:19:06+08:00 ] ::1 /yjc/lby/Public/Admin/static/userlist/skin/WdatePicker.css
ERR: 无法加载控制器:Public

[ 2017-07-12T10:19:17+08:00 ] ::1 /yjc/lby/Public/Admin/static/userlist/skin/WdatePicker.css
ERR: 无法加载控制器:Public

[ 2017-07-12T11:05:34+08:00 ] ::1 /yjc/lby/Public/Admin/static/userlist/skin/WdatePicker.css
ERR: 无法加载控制器:Public

[ 2017-07-12T11:06:31+08:00 ] ::1 /yjc/lby/Public/Admin/static/userlist/skin/WdatePicker.css
ERR: 无法加载控制器:Public

[ 2017-07-12T11:07:43+08:00 ] ::1 /yjc/lby/Public/Admin/static/userlist/skin/WdatePicker.css
ERR: 无法加载控制器:Public

[ 2017-07-12T11:07:52+08:00 ] ::1 /yjc/lby/Public/Admin/static/userlist/skin/WdatePicker.css
ERR: 无法加载控制器:Public

[ 2017-07-12T11:08:58+08:00 ] ::1 /yjc/lby/instructions/list
ERR: 无法加载控制器:Instructions

[ 2017-07-12T11:09:01+08:00 ] ::1 /yjc/lby/Public/Admin/static/userlist/skin/WdatePicker.css
ERR: 无法加载控制器:Public

[ 2017-07-12T11:14:19+08:00 ] ::1 /yjc/lby/Public/Admin/static/userlist/skin/WdatePicker.css
ERR: 无法加载控制器:Public

[ 2017-07-12T11:14:25+08:00 ] ::1 /yjc/lby/Public/Admin/static/userlist/skin/WdatePicker.css
ERR: 无法加载控制器:Public

[ 2017-07-12T11:17:49+08:00 ] ::1 /yjc/lby/Public/Admin/static/userlist/skin/WdatePicker.css
ERR: 无法加载控制器:Public

[ 2017-07-12T11:17:53+08:00 ] ::1 /yjc/lby/Public/Admin/static/userlist/skin/WdatePicker.css
ERR: 无法加载控制器:Public

[ 2017-07-12T11:34:39+08:00 ] ::1 /yjc/lby/Public/Admin/static/userlist/skin/WdatePicker.css
ERR: 无法加载控制器:Public

[ 2017-07-12T11:34:46+08:00 ] ::1 /yjc/lby/Public/Admin/static/userlist/skin/WdatePicker.css
ERR: 无法加载控制器:Public

[ 2017-07-12T11:38:10+08:00 ] ::1 /yjc/lby/Public/Admin/static/userlist/skin/WdatePicker.css
ERR: 无法加载控制器:Public

[ 2017-07-12T11:38:31+08:00 ] ::1 /yjc/lby/Public/Admin/static/userlist/skin/WdatePicker.css
ERR: 无法加载控制器:Public

[ 2017-07-12T11:45:41+08:00 ] ::1 /yjc/lby/Public/Admin/static/userlist/skin/WdatePicker.css
ERR: 无法加载控制器:Public

[ 2017-07-12T11:48:05+08:00 ] ::1 /yjc/lby/Public/Admin/static/userlist/skin/WdatePicker.css
ERR: 无法加载控制器:Public

[ 2017-07-12T11:48:38+08:00 ] ::1 /yjc/lby/Public/Admin/static/userlist/skin/WdatePicker.css
ERR: 无法加载控制器:Public

[ 2017-07-12T11:51:14+08:00 ] ::1 /yjc/lby/Public/Admin/static/userlist/skin/WdatePicker.css
ERR: 无法加载控制器:Public

[ 2017-07-12T13:53:07+08:00 ] ::1 /yjc/lby/instructions/list
ERR: 无法加载控制器:Instructions

[ 2017-07-12T14:10:11+08:00 ] ::1 /yjc/lby/Public/Admin/static/userlist/skin/WdatePicker.css
ERR: 无法加载控制器:Public

[ 2017-07-12T14:10:40+08:00 ] ::1 /yjc/lby/Public/Admin/static/userlist/skin/WdatePicker.css
ERR: 无法加载控制器:Public

[ 2017-07-12T14:10:44+08:00 ] ::1 /yjc/lby/Public/Admin/static/userlist/skin/WdatePicker.css
ERR: 无法加载控制器:Public

[ 2017-07-12T14:11:10+08:00 ] ::1 /yjc/lby/Public/Admin/static/userlist/skin/WdatePicker.css
ERR: 无法加载控制器:Public

[ 2017-07-12T14:11:51+08:00 ] ::1 /yjc/lby/index.php/Activated/activa_list.html?x_id=00000000012
ERR: XML标签语法错误 : condition="($b <= $a <$c"

[ 2017-07-12T14:25:46+08:00 ] ::1 /yjc/lby/index.php/Admin/Index/index1.html
ERR: 非法操作:index1

[ 2017-07-12T14:31:51+08:00 ] ::1 /yjc/lby/Public/Admin/static/userlist/skin/WdatePicker.css
ERR: 无法加载控制器:Public

[ 2017-07-12T14:44:03+08:00 ] ::1 /yjc/lby/Public/Admin/static/userlist/skin/WdatePicker.css
ERR: 无法加载控制器:Public

[ 2017-07-12T15:03:54+08:00 ] ::1 /yjc/lby/Public/Admin/static/userlist/j/yjc/lby/Public/Admin/static/userlist/query_006.js
ERR: 无法加载控制器:Public

[ 2017-07-12T15:03:54+08:00 ] ::1 /yjc/lby/index.php/Batch/WdatePicker.css
ERR: 非法操作:WdatePicker.css

[ 2017-07-12T15:03:55+08:00 ] ::1 /yjc/lby/Public/Admin/static/userlist/j/yjc/lby/Public/Admin/static/userlist/query_006.js
ERR: 无法加载控制器:Public

[ 2017-07-12T15:03:55+08:00 ] ::1 /yjc/lby/index.php/Batch/WdatePicker.css
ERR: 非法操作:WdatePicker.css

[ 2017-07-12T15:03:55+08:00 ] ::1 /yjc/lby/Public/Admin/static/userlist/skin/WdatePicker.css
ERR: 无法加载控制器:Public

[ 2017-07-12T15:03:56+08:00 ] ::1 /yjc/lby/Public/Admin/static/userlist/j/yjc/lby/Public/Admin/static/userlist/query_006.js
ERR: 无法加载控制器:Public

[ 2017-07-12T15:03:56+08:00 ] ::1 /yjc/lby/index.php/Lnstru/WdatePicker.css
ERR: 非法操作:WdatePicker.css

[ 2017-07-12T15:03:56+08:00 ] ::1 /yjc/lby/Public/Admin/static/userlist/j/yjc/lby/Public/Admin/static/userlist/query_006.js
ERR: 无法加载控制器:Public

[ 2017-07-12T15:03:57+08:00 ] ::1 /yjc/lby/Public/Admin/static/userlist/skin/WdatePicker.css
ERR: 无法加载控制器:Public

[ 2017-07-12T15:03:57+08:00 ] ::1 /yjc/lby/index.php/Lnstru/WdatePicker.css
ERR: 非法操作:WdatePicker.css

[ 2017-07-12T15:03:58+08:00 ] ::1 /yjc/lby/Public/Admin/static/userlist/j/yjc/lby/Public/Admin/static/userlist/query_006.js
ERR: 无法加载控制器:Public

[ 2017-07-12T15:03:58+08:00 ] ::1 /yjc/lby/index.php/Batch/WdatePicker.css
ERR: 非法操作:WdatePicker.css

[ 2017-07-12T15:03:58+08:00 ] ::1 /yjc/lby/Public/Admin/static/userlist/j/yjc/lby/Public/Admin/static/userlist/query_006.js
ERR: 无法加载控制器:Public

[ 2017-07-12T15:03:58+08:00 ] ::1 /yjc/lby/Public/Admin/static/userlist/skin/WdatePicker.css
ERR: 无法加载控制器:Public

[ 2017-07-12T15:03:58+08:00 ] ::1 /yjc/lby/index.php/Batch/WdatePicker.css
ERR: 非法操作:WdatePicker.css

[ 2017-07-12T15:04:05+08:00 ] ::1 /yjc/lby/instructions/list
ERR: 无法加载控制器:Instructions

[ 2017-07-12T15:04:14+08:00 ] ::1 /yjc/lby/index.php/Activated/activa_upda.html?b_id=00000000018
ERR: 非法操作:activa_upda

[ 2017-07-12T15:04:39+08:00 ] ::1 /yjc/lby/Public/Admin/static/userlist/lenjoy/static/bootstrap/bsie/js/bootstrap-ie.min.js
ERR: 无法加载控制器:Public

[ 2017-07-12T15:04:39+08:00 ] ::1 /yjc/lby/Public/Admin/static/userlist/lenjoy/static/bootstrap/bsie/css/bootstrap-ie6.min.css
ERR: 无法加载控制器:Public

[ 2017-07-12T15:04:39+08:00 ] ::1 /yjc/lby/Public/Admin/static/userlist/lenjoy/static/bootstrap/bsie/css/bootstrap-ie6.min.css
ERR: 无法加载控制器:Public

[ 2017-07-12T15:04:39+08:00 ] ::1 /yjc/lby/Public/Admin/static/userlist/lenjoy/static/bootstrap/bsie/js/bootstrap-ie.min.js
ERR: 无法加载控制器:Public

[ 2017-07-12T15:04:39+08:00 ] ::1 /yjc/lby/Public/Admin/static/userlist/skin/WdatePicker.css
ERR: 无法加载控制器:Public

[ 2017-07-12T15:04:47+08:00 ] ::1 /yjc/lby/Public/Admin/static/userlist/skin/WdatePicker.css
ERR: 无法加载控制器:Public

[ 2017-07-12T15:04:52+08:00 ] ::1 /yjc/lby/Public/Admin/static/userlist/lenjoy/static/bootstrap/bsie/css/bootstrap-ie6.min.css
ERR: 无法加载控制器:Public

[ 2017-07-12T15:04:52+08:00 ] ::1 /yjc/lby/Public/Admin/static/userlist/lenjoy/static/bootstrap/bsie/js/bootstrap-ie.min.js
ERR: 无法加载控制器:Public

[ 2017-07-12T15:04:52+08:00 ] ::1 /yjc/lby/Public/Admin/static/userlist/lenjoy/static/bootstrap/bsie/css/bootstrap-ie6.min.css
ERR: 无法加载控制器:Public

[ 2017-07-12T15:04:52+08:00 ] ::1 /yjc/lby/Public/Admin/static/userlist/lenjoy/static/bootstrap/bsie/js/bootstrap-ie.min.js
ERR: 无法加载控制器:Public

[ 2017-07-12T15:04:52+08:00 ] ::1 /yjc/lby/Public/Admin/static/userlist/skin/WdatePicker.css
ERR: 无法加载控制器:Public

[ 2017-07-12T15:07:03+08:00 ] ::1 /yjc/lby/Public/Admin/static/userlist/lenjoy/static/bootstrap/bsie/css/bootstrap-ie6.min.css
ERR: 无法加载控制器:Public

[ 2017-07-12T15:07:03+08:00 ] ::1 /yjc/lby/Public/Admin/static/userlist/lenjoy/static/bootstrap/bsie/js/bootstrap-ie.min.js
ERR: 无法加载控制器:Public

[ 2017-07-12T15:07:03+08:00 ] ::1 /yjc/lby/Public/Admin/static/userlist/lenjoy/static/bootstrap/bsie/css/bootstrap-ie6.min.css
ERR: 无法加载控制器:Public

[ 2017-07-12T15:07:03+08:00 ] ::1 /yjc/lby/Public/Admin/static/userlist/lenjoy/static/bootstrap/bsie/js/bootstrap-ie.min.js
ERR: 无法加载控制器:Public

[ 2017-07-12T15:07:03+08:00 ] ::1 /yjc/lby/Public/Admin/static/userlist/skin/WdatePicker.css
ERR: 无法加载控制器:Public

[ 2017-07-12T15:07:20+08:00 ] ::1 /yjc/lby/Public/Admin/static/userlist/lenjoy/static/bootstrap/bsie/js/bootstrap-ie.min.js
ERR: 无法加载控制器:Public

[ 2017-07-12T15:07:20+08:00 ] ::1 /yjc/lby/Public/Admin/static/userlist/lenjoy/static/bootstrap/bsie/css/bootstrap-ie6.min.css
ERR: 无法加载控制器:Public

[ 2017-07-12T15:07:21+08:00 ] ::1 /yjc/lby/Public/Admin/static/userlist/lenjoy/static/bootstrap/bsie/js/bootstrap-ie.min.js
ERR: 无法加载控制器:Public

[ 2017-07-12T15:07:21+08:00 ] ::1 /yjc/lby/Public/Admin/static/userlist/lenjoy/static/bootstrap/bsie/css/bootstrap-ie6.min.css
ERR: 无法加载控制器:Public

[ 2017-07-12T15:07:21+08:00 ] ::1 /yjc/lby/Public/Admin/static/userlist/skin/WdatePicker.css
ERR: 无法加载控制器:Public

[ 2017-07-12T15:10:32+08:00 ] ::1 /yjc/lby/Public/Admin/static/userlist/lenjoy/static/bootstrap/bsie/css/bootstrap-ie6.min.css
ERR: 无法加载控制器:Public

[ 2017-07-12T15:10:32+08:00 ] ::1 /yjc/lby/Public/Admin/static/userlist/lenjoy/static/bootstrap/bsie/js/bootstrap-ie.min.js
ERR: 无法加载控制器:Public

[ 2017-07-12T15:10:32+08:00 ] ::1 /yjc/lby/Public/Admin/static/userlist/lenjoy/static/bootstrap/bsie/js/bootstrap-ie.min.js
ERR: 无法加载控制器:Public

[ 2017-07-12T15:10:32+08:00 ] ::1 /yjc/lby/Public/Admin/static/userlist/lenjoy/static/bootstrap/bsie/css/bootstrap-ie6.min.css
ERR: 无法加载控制器:Public

[ 2017-07-12T15:10:32+08:00 ] ::1 /yjc/lby/Public/Admin/static/userlist/skin/WdatePicker.css
ERR: 无法加载控制器:Public

[ 2017-07-12T15:27:10+08:00 ] ::1 /yjc/lby/index.php/Lnstru/WdatePicker.css
ERR: 非法操作:WdatePicker.css

[ 2017-07-12T15:27:10+08:00 ] ::1 /yjc/lby/Public/Admin/static/userlist/j/yjc/lby/Public/Admin/static/userlist/query_006.js
ERR: 无法加载控制器:Public

[ 2017-07-12T15:27:10+08:00 ] ::1 /yjc/lby/Public/Admin/static/userlist/j/yjc/lby/Public/Admin/static/userlist/query_006.js
ERR: 无法加载控制器:Public

[ 2017-07-12T15:27:10+08:00 ] ::1 /yjc/lby/Public/Admin/static/userlist/skin/WdatePicker.css
ERR: 无法加载控制器:Public

[ 2017-07-12T15:27:10+08:00 ] ::1 /yjc/lby/index.php/Lnstru/WdatePicker.css
ERR: 非法操作:WdatePicker.css

[ 2017-07-12T15:27:11+08:00 ] ::1 /yjc/lby/index.php/Batch/WdatePicker.css
ERR: 非法操作:WdatePicker.css

[ 2017-07-12T15:27:11+08:00 ] ::1 /yjc/lby/Public/Admin/static/userlist/j/yjc/lby/Public/Admin/static/userlist/query_006.js
ERR: 无法加载控制器:Public

[ 2017-07-12T15:27:12+08:00 ] ::1 /yjc/lby/Public/Admin/static/userlist/j/yjc/lby/Public/Admin/static/userlist/query_006.js
ERR: 无法加载控制器:Public

[ 2017-07-12T15:27:12+08:00 ] ::1 /yjc/lby/Public/Admin/static/userlist/skin/WdatePicker.css
ERR: 无法加载控制器:Public

[ 2017-07-12T15:27:12+08:00 ] ::1 /yjc/lby/index.php/Batch/WdatePicker.css
ERR: 非法操作:WdatePicker.css

[ 2017-07-12T15:27:12+08:00 ] ::1 /yjc/lby/instructions/list
ERR: 无法加载控制器:Instructions

[ 2017-07-12T15:27:18+08:00 ] ::1 /yjc/lby/instructions/list
ERR: 无法加载控制器:Instructions

[ 2017-07-12T15:32:33+08:00 ] ::1 /yjc/lby/Public/Admin/static/userlist/j/yjc/lby/Public/Admin/static/userlist/query_006.js
ERR: 无法加载控制器:Public

[ 2017-07-12T15:32:34+08:00 ] ::1 /yjc/lby/Public/Admin/static/userlist/j/yjc/lby/Public/Admin/static/userlist/query_006.js
ERR: 无法加载控制器:Public

[ 2017-07-12T15:32:46+08:00 ] ::1 /yjc/lby/Public/Admin/static/userlist/skin/WdatePicker.css
ERR: 无法加载控制器:Public

[ 2017-07-12T15:33:06+08:00 ] ::1 /yjc/lby/index.php/Tian/WdatePicker.css
ERR: 非法操作:WdatePicker.css

[ 2017-07-12T15:33:06+08:00 ] ::1 /yjc/lby/Public/Admin/static/userlist/skin/WdatePicker.css
ERR: 无法加载控制器:Public

[ 2017-07-12T15:33:06+08:00 ] ::1 /yjc/lby/index.php/Tian/WdatePicker.css
ERR: 非法操作:WdatePicker.css

[ 2017-07-12T16:09:30+08:00 ] ::1 /yjc/lby/Public/Admin/static/userlist/j/yjc/lby/Public/Admin/static/userlist/query_006.js
ERR: 无法加载控制器:Public

[ 2017-07-12T16:09:30+08:00 ] ::1 /yjc/lby/Public/Admin/static/userlist/j/yjc/lby/Public/Admin/static/userlist/query_006.js
ERR: 无法加载控制器:Public

[ 2017-07-12T16:10:36+08:00 ] ::1 /yjc/lby/Public/Admin/static/userlist/j/yjc/lby/Public/Admin/static/userlist/query_006.js
ERR: 无法加载控制器:Public

[ 2017-07-12T16:10:36+08:00 ] ::1 /yjc/lby/Public/Admin/static/userlist/j/yjc/lby/Public/Admin/static/userlist/query_006.js
ERR: 无法加载控制器:Public

[ 2017-07-12T16:11:05+08:00 ] ::1 /yjc/lby/Public/Admin/static/userlist/j/yjc/lby/Public/Admin/static/userlist/query_006.js
ERR: 无法加载控制器:Public

[ 2017-07-12T16:11:05+08:00 ] ::1 /yjc/lby/Public/Admin/static/userlist/j/yjc/lby/Public/Admin/static/userlist/query_006.js
ERR: 无法加载控制器:Public

[ 2017-07-12T16:11:47+08:00 ] ::1 /yjc/lby/Public/Admin/static/userlist/j/yjc/lby/Public/Admin/static/userlist/query_006.js
ERR: 无法加载控制器:Public

[ 2017-07-12T16:11:47+08:00 ] ::1 /yjc/lby/Public/Admin/static/userlist/j/yjc/lby/Public/Admin/static/userlist/query_006.js
ERR: 无法加载控制器:Public

[ 2017-07-12T16:15:10+08:00 ] ::1 /yjc/lby/Public/Admin/static/userlist/j/yjc/lby/Public/Admin/static/userlist/query_006.js
ERR: 无法加载控制器:Public

[ 2017-07-12T16:15:10+08:00 ] ::1 /yjc/lby/index.php/Lnstru/WdatePicker.css
ERR: 非法操作:WdatePicker.css

[ 2017-07-12T16:15:10+08:00 ] ::1 /yjc/lby/Public/Admin/static/userlist/j/yjc/lby/Public/Admin/static/userlist/query_006.js
ERR: 无法加载控制器:Public

[ 2017-07-12T16:15:10+08:00 ] ::1 /yjc/lby/Public/Admin/static/userlist/skin/WdatePicker.css
ERR: 无法加载控制器:Public

[ 2017-07-12T16:15:10+08:00 ] ::1 /yjc/lby/index.php/Lnstru/WdatePicker.css
ERR: 非法操作:WdatePicker.css

[ 2017-07-12T16:15:13+08:00 ] ::1 /yjc/lby/Public/Admin/static/userlist/j/yjc/lby/Public/Admin/static/userlist/query_006.js
ERR: 无法加载控制器:Public

[ 2017-07-12T16:15:13+08:00 ] ::1 /yjc/lby/index.php/Batch/WdatePicker.css
ERR: 非法操作:WdatePicker.css

[ 2017-07-12T16:15:13+08:00 ] ::1 /yjc/lby/Public/Admin/static/userlist/j/yjc/lby/Public/Admin/static/userlist/query_006.js
ERR: 无法加载控制器:Public

[ 2017-07-12T16:15:13+08:00 ] ::1 /yjc/lby/index.php/Batch/WdatePicker.css
ERR: 非法操作:WdatePicker.css

[ 2017-07-12T16:15:13+08:00 ] ::1 /yjc/lby/Public/Admin/static/userlist/skin/WdatePicker.css
ERR: 无法加载控制器:Public

[ 2017-07-12T16:15:16+08:00 ] ::1 /yjc/lby/index.php/Lnstru/WdatePicker.css
ERR: 非法操作:WdatePicker.css

[ 2017-07-12T16:15:16+08:00 ] ::1 /yjc/lby/Public/Admin/static/userlist/j/yjc/lby/Public/Admin/static/userlist/query_006.js
ERR: 无法加载控制器:Public

[ 2017-07-12T16:15:16+08:00 ] ::1 /yjc/lby/Public/Admin/static/userlist/j/yjc/lby/Public/Admin/static/userlist/query_006.js
ERR: 无法加载控制器:Public

[ 2017-07-12T16:15:16+08:00 ] ::1 /yjc/lby/Public/Admin/static/userlist/skin/WdatePicker.css
ERR: 无法加载控制器:Public

[ 2017-07-12T16:15:16+08:00 ] ::1 /yjc/lby/index.php/Lnstru/WdatePicker.css
ERR: 非法操作:WdatePicker.css

[ 2017-07-12T16:15:18+08:00 ] ::1 /yjc/lby/Public/Admin/static/userlist/j/yjc/lby/Public/Admin/static/userlist/query_006.js
ERR: 无法加载控制器:Public

[ 2017-07-12T16:15:18+08:00 ] ::1 /yjc/lby/index.php/Lnstru/WdatePicker.css
ERR: 非法操作:WdatePicker.css

[ 2017-07-12T16:15:18+08:00 ] ::1 /yjc/lby/Public/Admin/static/userlist/j/yjc/lby/Public/Admin/static/userlist/query_006.js
ERR: 无法加载控制器:Public

[ 2017-07-12T16:15:18+08:00 ] ::1 /yjc/lby/Public/Admin/static/userlist/skin/WdatePicker.css
ERR: 无法加载控制器:Public

[ 2017-07-12T16:15:18+08:00 ] ::1 /yjc/lby/index.php/Lnstru/WdatePicker.css
ERR: 非法操作:WdatePicker.css

[ 2017-07-12T16:15:18+08:00 ] ::1 /yjc/lby/Public/Admin/static/userlist/j/yjc/lby/Public/Admin/static/userlist/query_006.js
ERR: 无法加载控制器:Public

[ 2017-07-12T16:15:18+08:00 ] ::1 /yjc/lby/index.php/Batch/WdatePicker.css
ERR: 非法操作:WdatePicker.css

[ 2017-07-12T16:15:18+08:00 ] ::1 /yjc/lby/Public/Admin/static/userlist/j/yjc/lby/Public/Admin/static/userlist/query_006.js
ERR: 无法加载控制器:Public

[ 2017-07-12T16:15:18+08:00 ] ::1 /yjc/lby/index.php/Batch/WdatePicker.css
ERR: 非法操作:WdatePicker.css

[ 2017-07-12T16:15:18+08:00 ] ::1 /yjc/lby/Public/Admin/static/userlist/skin/WdatePicker.css
ERR: 无法加载控制器:Public

[ 2017-07-12T16:15:22+08:00 ] ::1 /yjc/lby/Public/Admin/static/userlist/j/yjc/lby/Public/Admin/static/userlist/query_006.js
ERR: 无法加载控制器:Public

[ 2017-07-12T16:15:22+08:00 ] ::1 /yjc/lby/index.php/Lnstru/WdatePicker.css
ERR: 非法操作:WdatePicker.css

[ 2017-07-12T16:15:22+08:00 ] ::1 /yjc/lby/Public/Admin/static/userlist/j/yjc/lby/Public/Admin/static/userlist/query_006.js
ERR: 无法加载控制器:Public

[ 2017-07-12T16:15:22+08:00 ] ::1 /yjc/lby/Public/Admin/static/userlist/skin/WdatePicker.css
ERR: 无法加载控制器:Public

[ 2017-07-12T16:15:22+08:00 ] ::1 /yjc/lby/index.php/Lnstru/WdatePicker.css
ERR: 非法操作:WdatePicker.css

[ 2017-07-12T16:15:24+08:00 ] ::1 /yjc/lby/index.php/Batch/WdatePicker.css
ERR: 非法操作:WdatePicker.css

[ 2017-07-12T16:15:24+08:00 ] ::1 /yjc/lby/Public/Admin/static/userlist/j/yjc/lby/Public/Admin/static/userlist/query_006.js
ERR: 无法加载控制器:Public

[ 2017-07-12T16:15:24+08:00 ] ::1 /yjc/lby/Public/Admin/static/userlist/j/yjc/lby/Public/Admin/static/userlist/query_006.js
ERR: 无法加载控制器:Public

[ 2017-07-12T16:15:24+08:00 ] ::1 /yjc/lby/Public/Admin/static/userlist/skin/WdatePicker.css
ERR: 无法加载控制器:Public

[ 2017-07-12T16:15:24+08:00 ] ::1 /yjc/lby/index.php/Batch/WdatePicker.css
ERR: 非法操作:WdatePicker.css

[ 2017-07-12T16:19:50+08:00 ] ::1 /yjc/lby/index.php/Admin/Index/index1.html
ERR: 非法操作:index1

[ 2017-07-12T16:19:56+08:00 ] ::1 /yjc/lby/Public/Admin/static/userlist/skin/WdatePicker.css
ERR: 无法加载控制器:Public

[ 2017-07-12T16:20:30+08:00 ] ::1 /yjc/lby/Public/Admin/static/userlist/skin/WdatePicker.css
ERR: 无法加载控制器:Public

[ 2017-07-12T16:20:53+08:00 ] ::1 /yjc/lby/Public/Admin/static/userlist/skin/WdatePicker.css
ERR: 无法加载控制器:Public

[ 2017-07-12T16:21:42+08:00 ] ::1 /yjc/lby/index.php/Admin/Index/index1.html
ERR: 非法操作:index1

[ 2017-07-12T16:21:50+08:00 ] ::1 /yjc/lby/Public/Admin/static/userlist/skin/WdatePicker.css
ERR: 无法加载控制器:Public

[ 2017-07-12T16:26:17+08:00 ] ::1 /yjc/lby/Public/Admin/static/userlist/skin/WdatePicker.css
ERR: 无法加载控制器:Public

[ 2017-07-12T16:27:27+08:00 ] ::1 /yjc/lby/index.php/Admin/Index/index1.html
ERR: 非法操作:index1

[ 2017-07-12T16:28:09+08:00 ] ::1 /yjc/lby/Public/Admin/static/userlist/j/yjc/lby/Public/Admin/static/userlist/query_006.js
ERR: 无法加载控制器:Public

[ 2017-07-12T16:28:09+08:00 ] ::1 /yjc/lby/index.php/Lnstru/WdatePicker.css
ERR: 非法操作:WdatePicker.css

[ 2017-07-12T16:28:09+08:00 ] ::1 /yjc/lby/Public/Admin/static/userlist/j/yjc/lby/Public/Admin/static/userlist/query_006.js
ERR: 无法加载控制器:Public

[ 2017-07-12T16:28:09+08:00 ] ::1 /yjc/lby/Public/Admin/static/userlist/skin/WdatePicker.css
ERR: 无法加载控制器:Public

[ 2017-07-12T16:28:09+08:00 ] ::1 /yjc/lby/index.php/Lnstru/WdatePicker.css
ERR: 非法操作:WdatePicker.css

[ 2017-07-12T16:38:04+08:00 ] ::1 /yjc/lby/index.php/Tian/WdatePicker.css
ERR: 非法操作:WdatePicker.css

[ 2017-07-12T16:38:04+08:00 ] ::1 /yjc/lby/index.php/Tian/WdatePicker.css
ERR: 非法操作:WdatePicker.css

[ 2017-07-12T16:38:04+08:00 ] ::1 /yjc/lby/Public/Admin/static/userlist/skin/WdatePicker.css
ERR: 无法加载控制器:Public

[ 2017-07-12T16:38:20+08:00 ] ::1 /yjc/lby/index.php/Tian/WdatePicker.css
ERR: 非法操作:WdatePicker.css

[ 2017-07-12T16:38:20+08:00 ] ::1 /yjc/lby/index.php/Tian/WdatePicker.css
ERR: 非法操作:WdatePicker.css

[ 2017-07-12T16:38:20+08:00 ] ::1 /yjc/lby/Public/Admin/static/userlist/skin/WdatePicker.css
ERR: 无法加载控制器:Public

[ 2017-07-12T16:39:17+08:00 ] ::1 /yjc/lby/Public/Admin/static/userlist/j/yjc/lby/Public/Admin/static/userlist/query_006.js
ERR: 无法加载控制器:Public

[ 2017-07-12T16:39:17+08:00 ] ::1 /yjc/lby/index.php/Tian/WdatePicker.css
ERR: 非法操作:WdatePicker.css

[ 2017-07-12T16:39:17+08:00 ] ::1 /yjc/lby/Public/Admin/static/userlist/skin/WdatePicker.css
ERR: 无法加载控制器:Public

[ 2017-07-12T16:46:13+08:00 ] ::1 /yjc/lby/index.php/Tian/WdatePicker.css
ERR: 非法操作:WdatePicker.css

[ 2017-07-12T16:46:13+08:00 ] ::1 /yjc/lby/index.php/Tian/WdatePicker.css
ERR: 非法操作:WdatePicker.css

[ 2017-07-12T16:46:13+08:00 ] ::1 /yjc/lby/Public/Admin/static/userlist/skin/WdatePicker.css
ERR: 无法加载控制器:Public

[ 2017-07-12T16:56:51+08:00 ] ::1 /yjc/lby/Public/Admin/static/userlist/j/yjc/lby/Public/Admin/static/userlist/query_006.js
ERR: 无法加载控制器:Public

[ 2017-07-12T16:56:51+08:00 ] ::1 /yjc/lby/index.php/Tian/WdatePicker.css
ERR: 非法操作:WdatePicker.css

[ 2017-07-12T16:56:51+08:00 ] ::1 /yjc/lby/Public/Admin/static/userlist/skin/WdatePicker.css
ERR: 无法加载控制器:Public

[ 2017-07-12T17:01:10+08:00 ] ::1 /yjc/lby/index.php/Tian/tian_add.html
ERR: 1048:Column 'tian_user' cannot be null
 [ SQL语句 ] : INSERT INTO `tianmao` (`brand_name`,`model_name`,`product_types`,`product_names`,`tian_way`,`tian_user`,`user_address`,`tian_phone`,`tian_order`,`tian_time`,`tian_come_time`) VALUES ('小天鹅洗衣机','XIY100','3','5','1',NULL,',',NULL,'71250070815351209','2017-07-12 17-01-10','2017-07-13 17-01-10')

[ 2017-07-12T17:02:40+08:00 ] ::1 /yjc/lby/index.php/Login/undefined?1499850160791
ERR: 非法操作:undefined

[ 2017-07-12T17:02:41+08:00 ] ::1 /yjc/lby/index.php/Login/undefined?1499850161113
ERR: 非法操作:undefined

[ 2017-07-12T17:02:52+08:00 ] ::1 /yjc/lby/index.php/Admin/Index/index1.html
ERR: 非法操作:index1

[ 2017-07-12T17:03:03+08:00 ] ::1 /yjc/lby/Public/Admin/static/userlist/j/yjc/lby/Public/Admin/static/userlist/query_006.js
ERR: 无法加载控制器:Public

[ 2017-07-12T17:03:03+08:00 ] ::1 /yjc/lby/index.php/Tian/WdatePicker.css
ERR: 非法操作:WdatePicker.css

[ 2017-07-12T17:03:03+08:00 ] ::1 /yjc/lby/Public/Admin/static/userlist/skin/WdatePicker.css
ERR: 无法加载控制器:Public

[ 2017-07-12T17:03:19+08:00 ] ::1 /yjc/lby/Public/Admin/static/userlist/j/yjc/lby/Public/Admin/static/userlist/query_006.js
ERR: 无法加载控制器:Public

[ 2017-07-12T17:03:19+08:00 ] ::1 /yjc/lby/index.php/Tian/WdatePicker.css
ERR: 非法操作:WdatePicker.css

[ 2017-07-12T17:03:19+08:00 ] ::1 /yjc/lby/Public/Admin/static/userlist/skin/WdatePicker.css
ERR: 无法加载控制器:Public

[ 2017-07-12T17:03:28+08:00 ] ::1 /yjc/lby/index.php/Tian/WdatePicker.css
ERR: 非法操作:WdatePicker.css

[ 2017-07-12T17:03:28+08:00 ] ::1 /yjc/lby/Public/Admin/static/userlist/skin/WdatePicker.css
ERR: 无法加载控制器:Public

[ 2017-07-12T17:05:13+08:00 ] ::1 /yjc/lby/index.php/Tian/WdatePicker.css
ERR: 非法操作:WdatePicker.css

[ 2017-07-12T17:05:13+08:00 ] ::1 /yjc/lby/Public/Admin/static/userlist/skin/WdatePicker.css
ERR: 无法加载控制器:Public

[ 2017-07-12T17:28:08+08:00 ] ::1 /yjc/lby/index.php/Tian/WdatePicker.css
ERR: 非法操作:WdatePicker.css

[ 2017-07-12T17:28:08+08:00 ] ::1 /yjc/lby/Public/Admin/static/userlist/skin/WdatePicker.css
ERR: 无法加载控制器:Public

[ 2017-07-12T17:32:39+08:00 ] ::1 /yjc/lby/Public/Admin/static/userlist/j/yjc/lby/Public/Admin/static/userlist/query_006.js
ERR: 无法加载控制器:Public

[ 2017-07-12T17:32:39+08:00 ] ::1 /yjc/lby/index.php/Tian/WdatePicker.css
ERR: 非法操作:WdatePicker.css

[ 2017-07-12T17:32:39+08:00 ] ::1 /yjc/lby/Public/Admin/static/userlist/skin/WdatePicker.css
ERR: 无法加载控制器:Public

[ 2017-07-12T17:32:57+08:00 ] ::1 /yjc/lby/index.php/Tian/WdatePicker.css
ERR: 非法操作:WdatePicker.css

[ 2017-07-12T17:32:57+08:00 ] ::1 /yjc/lby/Public/Admin/static/userlist/j/yjc/lby/Public/Admin/static/userlist/query_006.js
ERR: 无法加载控制器:Public

[ 2017-07-12T17:32:57+08:00 ] ::1 /yjc/lby/Public/Admin/static/userlist/j/yjc/lby/Public/Admin/static/userlist/query_006.js
ERR: 无法加载控制器:Public

[ 2017-07-12T17:32:57+08:00 ] ::1 /yjc/lby/Public/Admin/static/userlist/skin/WdatePicker.css
ERR: 无法加载控制器:Public

[ 2017-07-12T17:32:57+08:00 ] ::1 /yjc/lby/index.php/Tian/WdatePicker.css
ERR: 非法操作:WdatePicker.css

[ 2017-07-12T17:33:03+08:00 ] ::1 /yjc/lby/index.php/Tian/WdatePicker.css
ERR: 非法操作:WdatePicker.css

[ 2017-07-12T17:33:03+08:00 ] ::1 /yjc/lby/Public/Admin/static/userlist/skin/WdatePicker.css
ERR: 无法加载控制器:Public

[ 2017-07-12T17:34:37+08:00 ] ::1 /yjc/lby/index.php/Tian/WdatePicker.css
ERR: 非法操作:WdatePicker.css

[ 2017-07-12T17:34:37+08:00 ] ::1 /yjc/lby/Public/Admin/static/userlist/j/yjc/lby/Public/Admin/static/userlist/query_006.js
ERR: 无法加载控制器:Public

[ 2017-07-12T17:34:37+08:00 ] ::1 /yjc/lby/Public/Admin/static/userlist/j/yjc/lby/Public/Admin/static/userlist/query_006.js
ERR: 无法加载控制器:Public

[ 2017-07-12T17:34:37+08:00 ] ::1 /yjc/lby/index.php/Tian/WdatePicker.css
ERR: 非法操作:WdatePicker.css

[ 2017-07-12T17:34:37+08:00 ] ::1 /yjc/lby/Public/Admin/static/userlist/skin/WdatePicker.css
ERR: 无法加载控制器:Public

[ 2017-07-12T17:37:48+08:00 ] ::1 /yjc/lby/index.php/Tian/WdatePicker.css
ERR: 非法操作:WdatePicker.css

[ 2017-07-12T17:37:48+08:00 ] ::1 /yjc/lby/Public/Admin/static/userlist/skin/WdatePicker.css
ERR: 无法加载控制器:Public

[ 2017-07-12T17:37:48+08:00 ] ::1 /yjc/lby/index.php/Tian/WdatePicker.css
ERR: 非法操作:WdatePicker.css

[ 2017-07-12T17:38:58+08:00 ] ::1 /yjc/lby/index.php/Tian/WdatePicker.css
ERR: 非法操作:WdatePicker.css

[ 2017-07-12T17:38:58+08:00 ] ::1 /yjc/lby/Public/Admin/static/userlist/skin/WdatePicker.css
ERR: 无法加载控制器:Public

[ 2017-07-12T17:39:41+08:00 ] ::1 /yjc/lby/index.php/Tian/WdatePicker.css
ERR: 非法操作:WdatePicker.css

[ 2017-07-12T17:39:41+08:00 ] ::1 /yjc/lby/Public/Admin/static/userlist/skin/WdatePicker.css
ERR: 无法加载控制器:Public

[ 2017-07-12T17:40:30+08:00 ] ::1 /yjc/lby/index.php/Tian/WdatePicker.css
ERR: 非法操作:WdatePicker.css

[ 2017-07-12T17:40:30+08:00 ] ::1 /yjc/lby/Public/Admin/static/userlist/skin/WdatePicker.css
ERR: 无法加载控制器:Public

[ 2017-07-12T17:40:45+08:00 ] ::1 /yjc/lby/index.php/Tian/WdatePicker.css
ERR: 非法操作:WdatePicker.css

[ 2017-07-12T17:40:45+08:00 ] ::1 /yjc/lby/Public/Admin/static/userlist/skin/WdatePicker.css
ERR: 无法加载控制器:Public

[ 2017-07-12T17:41:40+08:00 ] ::1 /yjc/lby/index.php/Tian/WdatePicker.css
ERR: 非法操作:WdatePicker.css

[ 2017-07-12T17:41:40+08:00 ] ::1 /yjc/lby/Public/Admin/static/userlist/skin/WdatePicker.css
ERR: 无法加载控制器:Public

[ 2017-07-12T17:56:34+08:00 ] ::1 /yjc/lby/index.php/Admin/Index/index1.html
ERR: 非法操作:index1

[ 2017-07-12T17:56:39+08:00 ] ::1 /yjc/lby/index.php/Tian/WdatePicker.css
ERR: 非法操作:WdatePicker.css

[ 2017-07-12T17:56:39+08:00 ] ::1 /yjc/lby/Public/Admin/static/userlist/skin/WdatePicker.css
ERR: 无法加载控制器:Public

[ 2017-07-12T18:19:41+08:00 ] ::1 /yjc/lby/index.php/Admin/Index/index1.html
ERR: 非法操作:index1

