[ 2017-06-23T09:30:43+08:00 ] ::1 /yjc/lby/index.php/Admin/Index/index1.html
ERR: 非法操作:index1

[ 2017-06-23T09:30:50+08:00 ] ::1 /yjc/lby/question/list.do
ERR: 无法加载控制器:Question

[ 2017-06-23T09:30:51+08:00 ] ::1 /yjc/lby/index.php/Info/WdatePicker.css
ERR: 非法操作:WdatePicker.css

[ 2017-06-23T09:30:51+08:00 ] ::1 /yjc/lby/index.php/Info/style.css
ERR: 非法操作:style.css

[ 2017-06-23T09:30:51+08:00 ] ::1 /yjc/lby/index.php/Info/WdatePicker.css
ERR: 非法操作:WdatePicker.css

[ 2017-06-23T09:30:51+08:00 ] ::1 /yjc/lby/Public/Admin/static/userlist/skin/WdatePicker.css
ERR: 无法加载控制器:Public

[ 2017-06-23T09:30:51+08:00 ] ::1 /yjc/lby/index.php/Info/style.css
ERR: 非法操作:style.css

[ 2017-06-23T09:32:26+08:00 ] ::1 /yjc/lby/index.php/Info/WdatePicker.css
ERR: 非法操作:WdatePicker.css

[ 2017-06-23T09:32:26+08:00 ] ::1 /yjc/lby/index.php/Info/style.css
ERR: 非法操作:style.css

[ 2017-06-23T09:32:26+08:00 ] ::1 /yjc/lby/Public/Admin/static/userlist/skin/WdatePicker.css
ERR: 无法加载控制器:Public

[ 2017-06-23T09:32:26+08:00 ] ::1 /yjc/lby/index.php/Info/WdatePicker.css
ERR: 非法操作:WdatePicker.css

[ 2017-06-23T09:32:27+08:00 ] ::1 /yjc/lby/index.php/Info/style.css
ERR: 非法操作:style.css

[ 2017-06-23T09:32:53+08:00 ] ::1 /yjc/lby/probleminformation/list.do
ERR: 无法加载控制器:Probleminformation

[ 2017-06-23T09:32:54+08:00 ] ::1 /yjc/lby/question/list.do
ERR: 无法加载控制器:Question

[ 2017-06-23T09:32:56+08:00 ] ::1 /yjc/lby/index.php/Info/style.css
ERR: 非法操作:style.css

[ 2017-06-23T09:32:56+08:00 ] ::1 /yjc/lby/index.php/Info/WdatePicker.css
ERR: 非法操作:WdatePicker.css

[ 2017-06-23T09:32:56+08:00 ] ::1 /yjc/lby/index.php/Info/WdatePicker.css
ERR: 非法操作:WdatePicker.css

[ 2017-06-23T09:32:56+08:00 ] ::1 /yjc/lby/Public/Admin/static/userlist/skin/WdatePicker.css
ERR: 无法加载控制器:Public

[ 2017-06-23T09:32:56+08:00 ] ::1 /yjc/lby/index.php/Info/style.css
ERR: 非法操作:style.css

[ 2017-06-23T09:33:03+08:00 ] ::1 /yjc/lby/Public/Admin/static/userlist/skin/twoer/datepicker.css
ERR: 无法加载控制器:Public

[ 2017-06-23T09:33:03+08:00 ] ::1 /yjc/lby/Public/Admin/static/userlist/lang/zh-cn.js
ERR: 无法加载控制器:Public

[ 2017-06-23T09:33:03+08:00 ] ::1 /yjc/lby/Public/Admin/static/userlist/calendar.js?
ERR: 无法加载控制器:Public

[ 2017-06-23T09:33:03+08:00 ] ::1 /yjc/lby/Public/Admin/static/userlist/calendar.js?
ERR: 无法加载控制器:Public

[ 2017-06-23T09:33:03+08:00 ] ::1 /yjc/lby/Public/Admin/static/userlist/skin/twoer/datepicker.css
ERR: 无法加载控制器:Public

[ 2017-06-23T09:33:05+08:00 ] ::1 /yjc/lby/index.php/Info/WdatePicker.css
ERR: 非法操作:WdatePicker.css

[ 2017-06-23T09:33:05+08:00 ] ::1 /yjc/lby/index.php/Info/style.css
ERR: 非法操作:style.css

[ 2017-06-23T09:33:05+08:00 ] ::1 /yjc/lby/index.php/Info/WdatePicker.css
ERR: 非法操作:WdatePicker.css

[ 2017-06-23T09:33:05+08:00 ] ::1 /yjc/lby/Public/Admin/static/userlist/skin/WdatePicker.css
ERR: 无法加载控制器:Public

[ 2017-06-23T09:33:06+08:00 ] ::1 /yjc/lby/index.php/Info/style.css
ERR: 非法操作:style.css

[ 2017-06-23T09:33:13+08:00 ] ::1 /yjc/lby/index.php/Info/WdatePicker.css
ERR: 非法操作:WdatePicker.css

[ 2017-06-23T09:33:13+08:00 ] ::1 /yjc/lby/index.php/Info/style.css
ERR: 非法操作:style.css

[ 2017-06-23T09:33:13+08:00 ] ::1 /yjc/lby/Public/Admin/static/userlist/skin/WdatePicker.css
ERR: 无法加载控制器:Public

[ 2017-06-23T09:33:13+08:00 ] ::1 /yjc/lby/index.php/Info/WdatePicker.css
ERR: 非法操作:WdatePicker.css

[ 2017-06-23T09:33:14+08:00 ] ::1 /yjc/lby/index.php/Info/style.css
ERR: 非法操作:style.css

[ 2017-06-23T09:40:13+08:00 ] ::1 /yjc/lby/question/list.do
ERR: 无法加载控制器:Question

[ 2017-06-23T09:40:13+08:00 ] ::1 /yjc/lby/probleminformation/list.do
ERR: 无法加载控制器:Probleminformation

[ 2017-06-23T09:40:14+08:00 ] ::1 /yjc/lby/probleminformation/list.do
ERR: 无法加载控制器:Probleminformation

[ 2017-06-23T09:40:15+08:00 ] ::1 /yjc/lby/probleminformation/list.do
ERR: 无法加载控制器:Probleminformation

[ 2017-06-23T09:40:17+08:00 ] ::1 /yjc/lby/question/list.do
ERR: 无法加载控制器:Question

[ 2017-06-23T09:48:01+08:00 ] ::1 /yjc/lby/index.php/Info/style.css
ERR: 非法操作:style.css

[ 2017-06-23T09:48:01+08:00 ] ::1 /yjc/lby/index.php/Info/WdatePicker.css
ERR: 非法操作:WdatePicker.css

[ 2017-06-23T09:48:02+08:00 ] ::1 /yjc/lby/Public/Admin/static/userlist/skin/WdatePicker.css
ERR: 无法加载控制器:Public

[ 2017-06-23T09:48:02+08:00 ] ::1 /yjc/lby/index.php/Info/WdatePicker.css
ERR: 非法操作:WdatePicker.css

[ 2017-06-23T09:48:02+08:00 ] ::1 /yjc/lby/index.php/Info/style.css
ERR: 非法操作:style.css

[ 2017-06-23T09:49:12+08:00 ] ::1 /yjc/lby/question/list.do
ERR: 无法加载控制器:Question

[ 2017-06-23T09:49:15+08:00 ] ::1 /yjc/lby/index.php/Info/style.css
ERR: 非法操作:style.css

[ 2017-06-23T09:49:15+08:00 ] ::1 /yjc/lby/index.php/Info/WdatePicker.css
ERR: 非法操作:WdatePicker.css

[ 2017-06-23T09:49:15+08:00 ] ::1 /yjc/lby/Public/Admin/static/userlist/skin/WdatePicker.css
ERR: 无法加载控制器:Public

[ 2017-06-23T09:49:15+08:00 ] ::1 /yjc/lby/index.php/Info/WdatePicker.css
ERR: 非法操作:WdatePicker.css

[ 2017-06-23T09:49:15+08:00 ] ::1 /yjc/lby/index.php/Info/style.css
ERR: 非法操作:style.css

[ 2017-06-23T10:35:35+08:00 ] ::1 /yjc/lby/question/list.do
ERR: 无法加载控制器:Question

[ 2017-06-23T10:35:36+08:00 ] ::1 /yjc/lby/index.php/Info/WdatePicker.css
ERR: 非法操作:WdatePicker.css

[ 2017-06-23T10:35:36+08:00 ] ::1 /yjc/lby/index.php/Info/style.css
ERR: 非法操作:style.css

[ 2017-06-23T10:35:36+08:00 ] ::1 /yjc/lby/Public/Admin/static/userlist/skin/WdatePicker.css
ERR: 无法加载控制器:Public

[ 2017-06-23T10:35:36+08:00 ] ::1 /yjc/lby/index.php/Info/WdatePicker.css
ERR: 非法操作:WdatePicker.css

[ 2017-06-23T10:35:36+08:00 ] ::1 /yjc/lby/index.php/Info/style.css
ERR: 非法操作:style.css

[ 2017-06-23T10:35:36+08:00 ] ::1 /yjc/lby/Public/Admin/static/userlist/skin/WdatePicker.css
ERR: 无法加载控制器:Public

[ 2017-06-23T10:35:57+08:00 ] ::1 /yjc/lby/index.php/Info/WdatePicker.css
ERR: 非法操作:WdatePicker.css

[ 2017-06-23T10:35:57+08:00 ] ::1 /yjc/lby/index.php/Info/style.css
ERR: 非法操作:style.css

[ 2017-06-23T10:35:57+08:00 ] ::1 /yjc/lby/Public/Admin/static/userlist/skin/WdatePicker.css
ERR: 无法加载控制器:Public

[ 2017-06-23T10:35:57+08:00 ] ::1 /yjc/lby/index.php/Info/WdatePicker.css
ERR: 非法操作:WdatePicker.css

[ 2017-06-23T10:35:57+08:00 ] ::1 /yjc/lby/index.php/Info/style.css
ERR: 非法操作:style.css

[ 2017-06-23T10:35:58+08:00 ] ::1 /yjc/lby/Public/Admin/static/userlist/skin/WdatePicker.css
ERR: 无法加载控制器:Public

[ 2017-06-23T10:36:50+08:00 ] ::1 /yjc/lby/index.php/Info/WdatePicker.css
ERR: 非法操作:WdatePicker.css

[ 2017-06-23T10:36:50+08:00 ] ::1 /yjc/lby/index.php/Info/style.css
ERR: 非法操作:style.css

[ 2017-06-23T10:36:50+08:00 ] ::1 /yjc/lby/Public/Admin/static/userlist/skin/WdatePicker.css
ERR: 无法加载控制器:Public

[ 2017-06-23T10:36:50+08:00 ] ::1 /yjc/lby/index.php/Info/WdatePicker.css
ERR: 非法操作:WdatePicker.css

[ 2017-06-23T10:36:50+08:00 ] ::1 /yjc/lby/index.php/Info/style.css
ERR: 非法操作:style.css

[ 2017-06-23T10:36:50+08:00 ] ::1 /yjc/lby/Public/Admin/static/userlist/skin/WdatePicker.css
ERR: 无法加载控制器:Public

[ 2017-06-23T10:37:46+08:00 ] ::1 /yjc/lby/index.php/Info/style.css
ERR: 非法操作:style.css

[ 2017-06-23T10:37:46+08:00 ] ::1 /yjc/lby/index.php/Info/WdatePicker.css
ERR: 非法操作:WdatePicker.css

[ 2017-06-23T10:37:46+08:00 ] ::1 /yjc/lby/Public/Admin/static/userlist/skin/WdatePicker.css
ERR: 无法加载控制器:Public

[ 2017-06-23T10:37:46+08:00 ] ::1 /yjc/lby/index.php/Info/WdatePicker.css
ERR: 非法操作:WdatePicker.css

[ 2017-06-23T10:37:46+08:00 ] ::1 /yjc/lby/index.php/Info/style.css
ERR: 非法操作:style.css

[ 2017-06-23T10:37:46+08:00 ] ::1 /yjc/lby/Public/Admin/static/userlist/skin/WdatePicker.css
ERR: 无法加载控制器:Public

[ 2017-06-23T10:39:16+08:00 ] ::1 /yjc/lby/index.php/Info/WdatePicker.css
ERR: 非法操作:WdatePicker.css

[ 2017-06-23T10:39:16+08:00 ] ::1 /yjc/lby/index.php/Info/style.css
ERR: 非法操作:style.css

[ 2017-06-23T10:39:16+08:00 ] ::1 /yjc/lby/index.php/Info/WdatePicker.css
ERR: 非法操作:WdatePicker.css

[ 2017-06-23T10:39:16+08:00 ] ::1 /yjc/lby/Public/Admin/static/userlist/skin/WdatePicker.css
ERR: 无法加载控制器:Public

[ 2017-06-23T10:39:16+08:00 ] ::1 /yjc/lby/index.php/Info/style.css
ERR: 非法操作:style.css

[ 2017-06-23T10:39:16+08:00 ] ::1 /yjc/lby/Public/Admin/static/userlist/skin/WdatePicker.css
ERR: 无法加载控制器:Public

[ 2017-06-23T10:39:18+08:00 ] ::1 /yjc/lby/index.php/Admin/Index/index1.html
ERR: 非法操作:index1

[ 2017-06-23T10:39:22+08:00 ] ::1 /yjc/lby/index.php/Info/WdatePicker.css
ERR: 非法操作:WdatePicker.css

[ 2017-06-23T10:39:22+08:00 ] ::1 /yjc/lby/index.php/Info/style.css
ERR: 非法操作:style.css

[ 2017-06-23T10:39:23+08:00 ] ::1 /yjc/lby/Public/Admin/static/userlist/skin/WdatePicker.css
ERR: 无法加载控制器:Public

[ 2017-06-23T10:39:23+08:00 ] ::1 /yjc/lby/index.php/Info/WdatePicker.css
ERR: 非法操作:WdatePicker.css

[ 2017-06-23T10:39:23+08:00 ] ::1 /yjc/lby/index.php/Info/style.css
ERR: 非法操作:style.css

[ 2017-06-23T10:39:23+08:00 ] ::1 /yjc/lby/Public/Admin/static/userlist/skin/WdatePicker.css
ERR: 无法加载控制器:Public

[ 2017-06-23T10:40:12+08:00 ] ::1 /yjc/lby/index.php/Info/style.css
ERR: 非法操作:style.css

[ 2017-06-23T10:40:12+08:00 ] ::1 /yjc/lby/index.php/Info/style.css
ERR: 非法操作:style.css

[ 2017-06-23T10:40:43+08:00 ] ::1 /yjc/lby/index.php/Info/style.css
ERR: 非法操作:style.css

[ 2017-06-23T10:40:43+08:00 ] ::1 /yjc/lby/index.php/Info/style.css
ERR: 非法操作:style.css

[ 2017-06-23T10:40:52+08:00 ] ::1 /yjc/lby/index.php/Info/style.css
ERR: 非法操作:style.css

[ 2017-06-23T10:40:52+08:00 ] ::1 /yjc/lby/index.php/Info/style.css
ERR: 非法操作:style.css

[ 2017-06-23T10:40:56+08:00 ] ::1 /yjc/lby/index.php/Info/style.css
ERR: 非法操作:style.css

[ 2017-06-23T10:40:56+08:00 ] ::1 /yjc/lby/index.php/Info/style.css
ERR: 非法操作:style.css

[ 2017-06-23T10:50:16+08:00 ] ::1 /yjc/lby/index.php/Info/style.css
ERR: 非法操作:style.css

[ 2017-06-23T10:50:16+08:00 ] ::1 /yjc/lby/index.php/Info/style.css
ERR: 非法操作:style.css

[ 2017-06-23T10:52:26+08:00 ] ::1 /yjc/lby/question/list.do
ERR: 无法加载控制器:Question

[ 2017-06-23T10:52:27+08:00 ] ::1 /yjc/lby/index.php/Info/style.css
ERR: 非法操作:style.css

[ 2017-06-23T10:52:27+08:00 ] ::1 /yjc/lby/index.php/Info/style.css
ERR: 非法操作:style.css

[ 2017-06-23T11:29:57+08:00 ] ::1 /yjc/lby/probleminformation/list.do
ERR: 无法加载控制器:Probleminformation

[ 2017-06-23T11:53:36+08:00 ] ::1 /yjc/lby/question/list.do
ERR: 无法加载控制器:Question

[ 2017-06-23T12:00:31+08:00 ] ::1 /yjc/lby/probleminformation/list.do
ERR: 无法加载控制器:Probleminformation

[ 2017-06-23T12:00:36+08:00 ] ::1 /yjc/lby/index.php/Admin/Index/index1.html
ERR: 非法操作:index1

[ 2017-06-23T12:13:45+08:00 ] ::1 /yjc/lby/question/list.do
ERR: 无法加载控制器:Question

[ 2017-06-23T12:13:47+08:00 ] ::1 /yjc/lby/probleminformation/list.do
ERR: 无法加载控制器:Probleminformation

[ 2017-06-23T12:13:49+08:00 ] ::1 /yjc/lby/question/list.do
ERR: 无法加载控制器:Question

[ 2017-06-23T12:16:26+08:00 ] ::1 /yjc/lby/index.php/Lnstru/WdatePicker.css
ERR: 非法操作:WdatePicker.css

[ 2017-06-23T12:16:26+08:00 ] ::1 /yjc/lby/Public/Admin/static/userlist/j/yjc/lby/Public/Admin/static/userlist/query_006.js
ERR: 无法加载控制器:Public

[ 2017-06-23T12:16:26+08:00 ] ::1 /yjc/lby/Public/Admin/static/userlist/j/yjc/lby/Public/Admin/static/userlist/query_006.js
ERR: 无法加载控制器:Public

[ 2017-06-23T12:16:26+08:00 ] ::1 /yjc/lby/index.php/Lnstru/WdatePicker.css
ERR: 非法操作:WdatePicker.css

[ 2017-06-23T12:16:26+08:00 ] ::1 /yjc/lby/Public/Admin/static/userlist/skin/WdatePicker.css
ERR: 无法加载控制器:Public

[ 2017-06-23T12:16:27+08:00 ] ::1 /yjc/lby/instructions/list
ERR: 无法加载控制器:Instructions

[ 2017-06-23T12:16:27+08:00 ] ::1 /yjc/lby/instructions/list
ERR: 无法加载控制器:Instructions

[ 2017-06-23T12:16:31+08:00 ] ::1 /yjc/lby/instructions/list
ERR: 无法加载控制器:Instructions

[ 2017-06-23T12:16:31+08:00 ] ::1 /yjc/lby/instructions/list
ERR: 无法加载控制器:Instructions

[ 2017-06-23T12:16:32+08:00 ] ::1 /yjc/lby/instructions/list
ERR: 无法加载控制器:Instructions

[ 2017-06-23T12:16:34+08:00 ] ::1 /yjc/lby/warranty_card/list.do
ERR: 无法加载控制器:Warranty_card

[ 2017-06-23T12:16:58+08:00 ] ::1 /yjc/lby/warranty_card/list.do
ERR: 无法加载控制器:Warranty_card

[ 2017-06-23T13:35:11+08:00 ] ::1 /yjc/lby/index.php/Admin/Index/index1.html
ERR: 非法操作:index1

[ 2017-06-23T13:35:16+08:00 ] ::1 /yjc/lby/index.php/Admin/Index/index1.html
ERR: 非法操作:index1

[ 2017-06-23T13:36:50+08:00 ] ::1 /yjc/lby/index.php/Info/style.css
ERR: 非法操作:style.css

[ 2017-06-23T13:36:50+08:00 ] ::1 /yjc/lby/index.php/Info/style.css
ERR: 非法操作:style.css

[ 2017-06-23T13:37:03+08:00 ] ::1 /yjc/lby/question/list.do
ERR: 无法加载控制器:Question

[ 2017-06-23T13:37:04+08:00 ] ::1 /yjc/lby/index.php/Info/style.css
ERR: 非法操作:style.css

[ 2017-06-23T13:37:04+08:00 ] ::1 /yjc/lby/index.php/Info/style.css
ERR: 非法操作:style.css

[ 2017-06-23T13:37:05+08:00 ] ::1 /yjc/lby/question/list.do
ERR: 无法加载控制器:Question

[ 2017-06-23T13:37:05+08:00 ] ::1 /yjc/lby/index.php/Info/style.css
ERR: 非法操作:style.css

[ 2017-06-23T13:37:06+08:00 ] ::1 /yjc/lby/index.php/Info/style.css
ERR: 非法操作:style.css

[ 2017-06-23T13:37:06+08:00 ] ::1 /yjc/lby/question/list.do
ERR: 无法加载控制器:Question

[ 2017-06-23T13:37:07+08:00 ] ::1 /yjc/lby/index.php/Info/style.css
ERR: 非法操作:style.css

[ 2017-06-23T13:37:07+08:00 ] ::1 /yjc/lby/index.php/Info/style.css
ERR: 非法操作:style.css

[ 2017-06-23T13:37:08+08:00 ] ::1 /yjc/lby/probleminformation/list.do
ERR: 无法加载控制器:Probleminformation

[ 2017-06-23T13:37:09+08:00 ] ::1 /yjc/lby/index.php/Info/style.css
ERR: 非法操作:style.css

[ 2017-06-23T13:37:09+08:00 ] ::1 /yjc/lby/index.php/Info/style.css
ERR: 非法操作:style.css

[ 2017-06-23T13:37:10+08:00 ] ::1 /yjc/lby/question/list.do
ERR: 无法加载控制器:Question

[ 2017-06-23T13:37:11+08:00 ] ::1 /yjc/lby/probleminformation/list.do
ERR: 无法加载控制器:Probleminformation

[ 2017-06-23T13:37:12+08:00 ] ::1 /yjc/lby/probleminformation/list.do
ERR: 无法加载控制器:Probleminformation

[ 2017-06-23T13:37:13+08:00 ] ::1 /yjc/lby/probleminformation/list.do
ERR: 无法加载控制器:Probleminformation

[ 2017-06-23T13:37:14+08:00 ] ::1 /yjc/lby/index.php/Info/style.css
ERR: 非法操作:style.css

[ 2017-06-23T13:37:14+08:00 ] ::1 /yjc/lby/index.php/Info/style.css
ERR: 非法操作:style.css

[ 2017-06-23T13:37:14+08:00 ] ::1 /yjc/lby/question/list.do
ERR: 无法加载控制器:Question

[ 2017-06-23T13:37:15+08:00 ] ::1 /yjc/lby/index.php/Info/style.css
ERR: 非法操作:style.css

[ 2017-06-23T13:37:16+08:00 ] ::1 /yjc/lby/index.php/Info/style.css
ERR: 非法操作:style.css

[ 2017-06-23T13:39:26+08:00 ] ::1 /yjc/lby/index.php/Batch/WdatePicker.css
ERR: 非法操作:WdatePicker.css

[ 2017-06-23T13:39:26+08:00 ] ::1 /yjc/lby/Public/Admin/static/userlist/j/yjc/lby/Public/Admin/static/userlist/query_006.js
ERR: 无法加载控制器:Public

[ 2017-06-23T13:39:26+08:00 ] ::1 /yjc/lby/Public/Admin/static/userlist/j/yjc/lby/Public/Admin/static/userlist/query_006.js
ERR: 无法加载控制器:Public

[ 2017-06-23T13:39:26+08:00 ] ::1 /yjc/lby/Public/Admin/static/userlist/skin/WdatePicker.css
ERR: 无法加载控制器:Public

[ 2017-06-23T13:39:26+08:00 ] ::1 /yjc/lby/index.php/Batch/WdatePicker.css
ERR: 非法操作:WdatePicker.css

[ 2017-06-23T13:39:27+08:00 ] ::1 /yjc/lby/Public/Admin/static/userlist/j/yjc/lby/Public/Admin/static/userlist/query_006.js
ERR: 无法加载控制器:Public

[ 2017-06-23T13:39:27+08:00 ] ::1 /yjc/lby/index.php/Lnstru/WdatePicker.css
ERR: 非法操作:WdatePicker.css

[ 2017-06-23T13:39:27+08:00 ] ::1 /yjc/lby/Public/Admin/static/userlist/j/yjc/lby/Public/Admin/static/userlist/query_006.js
ERR: 无法加载控制器:Public

[ 2017-06-23T13:39:27+08:00 ] ::1 /yjc/lby/Public/Admin/static/userlist/skin/WdatePicker.css
ERR: 无法加载控制器:Public

[ 2017-06-23T13:39:27+08:00 ] ::1 /yjc/lby/index.php/Lnstru/WdatePicker.css
ERR: 非法操作:WdatePicker.css

[ 2017-06-23T13:39:28+08:00 ] ::1 /yjc/lby/Public/Admin/static/userlist/j/yjc/lby/Public/Admin/static/userlist/query_006.js
ERR: 无法加载控制器:Public

[ 2017-06-23T13:39:28+08:00 ] ::1 /yjc/lby/index.php/Batch/WdatePicker.css
ERR: 非法操作:WdatePicker.css

[ 2017-06-23T13:39:28+08:00 ] ::1 /yjc/lby/Public/Admin/static/userlist/j/yjc/lby/Public/Admin/static/userlist/query_006.js
ERR: 无法加载控制器:Public

[ 2017-06-23T13:39:28+08:00 ] ::1 /yjc/lby/index.php/Batch/WdatePicker.css
ERR: 非法操作:WdatePicker.css

[ 2017-06-23T13:39:28+08:00 ] ::1 /yjc/lby/Public/Admin/static/userlist/skin/WdatePicker.css
ERR: 无法加载控制器:Public

[ 2017-06-23T13:39:28+08:00 ] ::1 /yjc/lby/instructions/list
ERR: 无法加载控制器:Instructions

[ 2017-06-23T13:39:29+08:00 ] ::1 /yjc/lby/instructions/list
ERR: 无法加载控制器:Instructions

[ 2017-06-23T14:10:52+08:00 ] ::1 /yjc/lby/question/list.do
ERR: 无法加载控制器:Question

[ 2017-06-23T14:10:52+08:00 ] ::1 /yjc/lby/question/list.do
ERR: 无法加载控制器:Question

[ 2017-06-23T14:18:14+08:00 ] ::1 /yjc/lby/index.php/Tian/WdatePicker.css
ERR: 非法操作:WdatePicker.css

[ 2017-06-23T14:18:14+08:00 ] ::1 /yjc/lby/Public/Admin/static/userlist/skin/WdatePicker.css
ERR: 无法加载控制器:Public

[ 2017-06-23T14:18:14+08:00 ] ::1 /yjc/lby/index.php/Tian/WdatePicker.css
ERR: 非法操作:WdatePicker.css

[ 2017-06-23T14:21:55+08:00 ] ::1 /yjc/lby/question/list.do
ERR: 无法加载控制器:Question

[ 2017-06-23T14:21:55+08:00 ] ::1 /yjc/lby/probleminformation/list.do
ERR: 无法加载控制器:Probleminformation

[ 2017-06-23T14:21:57+08:00 ] ::1 /yjc/lby/probleminformation/list.do
ERR: 无法加载控制器:Probleminformation

[ 2017-06-23T14:21:59+08:00 ] ::1 /yjc/lby/index.php/Info/style.css
ERR: 非法操作:style.css

[ 2017-06-23T14:21:59+08:00 ] ::1 /yjc/lby/index.php/Info/style.css
ERR: 非法操作:style.css

[ 2017-06-23T14:23:49+08:00 ] ::1 /yjc/lby/index.php/Login/undefined?1498199029152
ERR: 非法操作:undefined

[ 2017-06-23T14:24:00+08:00 ] ::1 /yjc/lby/index.php/Admin/Index/index1.html
ERR: 非法操作:index1

[ 2017-06-23T14:31:24+08:00 ] ::1 /yjc/lby/index.php/Nva/WdatePicker.css
ERR: 非法操作:WdatePicker.css

[ 2017-06-23T14:31:24+08:00 ] ::1 /yjc/lby/index.php/Nva/jquery_003.js
ERR: 非法操作:jquery_003.js

[ 2017-06-23T14:31:25+08:00 ] ::1 /yjc/lby/Public/Admin/static/userlist/skin/WdatePicker.css
ERR: 无法加载控制器:Public

[ 2017-06-23T14:31:25+08:00 ] ::1 /yjc/lby/index.php/Nva/WdatePicker.css
ERR: 非法操作:WdatePicker.css

[ 2017-06-23T14:31:25+08:00 ] ::1 /yjc/lby/index.php/Nva/jquery_003.js
ERR: 非法操作:jquery_003.js

[ 2017-06-23T14:32:24+08:00 ] ::1 /yjc/lby/index.php/Admin/Index/index1.html
ERR: 非法操作:index1

[ 2017-06-23T14:32:31+08:00 ] ::1 /yjc/lby/index.php/Admin/Index/index1.html
ERR: 非法操作:index1

[ 2017-06-23T14:48:44+08:00 ] ::1 /yjc/lby/index.php/Admin/Index/index1.html
ERR: 非法操作:index1

[ 2017-06-23T14:50:15+08:00 ] ::1 /yjc/lby/index.php/Admin/Index/index1.html
ERR: 非法操作:index1

[ 2017-06-23T15:14:50+08:00 ] ::1 /yjc/lby/Public/Admin/static/userlist/j/yjc/lby/Public/Admin/static/userlist/query_006.js
ERR: 无法加载控制器:Public

[ 2017-06-23T15:14:50+08:00 ] ::1 /yjc/lby/index.php/Tian/WdatePicker.css
ERR: 非法操作:WdatePicker.css

[ 2017-06-23T15:14:51+08:00 ] ::1 /yjc/lby/Public/Admin/static/userlist/j/yjc/lby/Public/Admin/static/userlist/query_006.js
ERR: 无法加载控制器:Public

[ 2017-06-23T15:14:51+08:00 ] ::1 /yjc/lby/Public/Admin/static/userlist/skin/WdatePicker.css
ERR: 无法加载控制器:Public

[ 2017-06-23T15:14:51+08:00 ] ::1 /yjc/lby/index.php/Tian/WdatePicker.css
ERR: 非法操作:WdatePicker.css

[ 2017-06-23T15:17:30+08:00 ] ::1 /yjc/lby/Public/Admin/static/userlist/j/yjc/lby/Public/Admin/static/userlist/query_006.js
ERR: 无法加载控制器:Public

[ 2017-06-23T15:17:30+08:00 ] ::1 /yjc/lby/index.php/Tian/WdatePicker.css
ERR: 非法操作:WdatePicker.css

[ 2017-06-23T15:17:31+08:00 ] ::1 /yjc/lby/Public/Admin/static/userlist/j/yjc/lby/Public/Admin/static/userlist/query_006.js
ERR: 无法加载控制器:Public

[ 2017-06-23T15:17:31+08:00 ] ::1 /yjc/lby/Public/Admin/static/userlist/skin/WdatePicker.css
ERR: 无法加载控制器:Public

[ 2017-06-23T15:17:31+08:00 ] ::1 /yjc/lby/index.php/Tian/WdatePicker.css
ERR: 非法操作:WdatePicker.css

[ 2017-06-23T15:17:35+08:00 ] ::1 /yjc/lby/index.php/Tian/WdatePicker.css
ERR: 非法操作:WdatePicker.css

[ 2017-06-23T15:17:35+08:00 ] ::1 /yjc/lby/Public/Admin/static/userlist/j/yjc/lby/Public/Admin/static/userlist/query_006.js
ERR: 无法加载控制器:Public

[ 2017-06-23T15:17:35+08:00 ] ::1 /yjc/lby/Public/Admin/static/userlist/j/yjc/lby/Public/Admin/static/userlist/query_006.js
ERR: 无法加载控制器:Public

[ 2017-06-23T15:17:36+08:00 ] ::1 /yjc/lby/index.php/Tian/WdatePicker.css
ERR: 非法操作:WdatePicker.css

[ 2017-06-23T15:17:36+08:00 ] ::1 /yjc/lby/Public/Admin/static/userlist/skin/WdatePicker.css
ERR: 无法加载控制器:Public

[ 2017-06-23T15:18:05+08:00 ] ::1 /yjc/lby/Public/Admin/static/userlist/j/yjc/lby/Public/Admin/static/userlist/query_006.js
ERR: 无法加载控制器:Public

[ 2017-06-23T15:18:05+08:00 ] ::1 /yjc/lby/index.php/Tian/WdatePicker.css
ERR: 非法操作:WdatePicker.css

[ 2017-06-23T15:18:05+08:00 ] ::1 /yjc/lby/Public/Admin/static/userlist/j/yjc/lby/Public/Admin/static/userlist/query_006.js
ERR: 无法加载控制器:Public

[ 2017-06-23T15:18:05+08:00 ] ::1 /yjc/lby/index.php/Tian/WdatePicker.css
ERR: 非法操作:WdatePicker.css

[ 2017-06-23T15:18:05+08:00 ] ::1 /yjc/lby/Public/Admin/static/userlist/skin/WdatePicker.css
ERR: 无法加载控制器:Public

[ 2017-06-23T15:18:18+08:00 ] ::1 /yjc/lby/Public/Admin/static/userlist/j/yjc/lby/Public/Admin/static/userlist/query_006.js
ERR: 无法加载控制器:Public

[ 2017-06-23T15:18:18+08:00 ] ::1 /yjc/lby/index.php/Tian/WdatePicker.css
ERR: 非法操作:WdatePicker.css

[ 2017-06-23T15:18:18+08:00 ] ::1 /yjc/lby/Public/Admin/static/userlist/j/yjc/lby/Public/Admin/static/userlist/query_006.js
ERR: 无法加载控制器:Public

[ 2017-06-23T15:18:18+08:00 ] ::1 /yjc/lby/Public/Admin/static/userlist/skin/WdatePicker.css
ERR: 无法加载控制器:Public

[ 2017-06-23T15:18:18+08:00 ] ::1 /yjc/lby/index.php/Tian/WdatePicker.css
ERR: 非法操作:WdatePicker.css

[ 2017-06-23T15:18:56+08:00 ] ::1 /yjc/lby/index.php/Admin/Index/index1.html
ERR: 非法操作:index1

[ 2017-06-23T15:20:33+08:00 ] ::1 /yjc/lby/index.php/Admin/Index/index1.html
ERR: 非法操作:index1

[ 2017-06-23T15:20:38+08:00 ] ::1 /yjc/lby/index.php/Login/undefined?1498202438621
ERR: 非法操作:undefined

[ 2017-06-23T15:20:50+08:00 ] ::1 /yjc/lby/index.php/Admin/Index/index1.html
ERR: 非法操作:index1

[ 2017-06-23T16:42:12+08:00 ] ::1 /yjc/lby/index.php/Admin/Index/index1.html
ERR: 非法操作:index1

[ 2017-06-23T17:04:35+08:00 ] ::1 /yjc/lby/question/list.do
ERR: 无法加载控制器:Question

[ 2017-06-23T17:04:36+08:00 ] ::1 /yjc/lby/index.php/Info/style.css
ERR: 非法操作:style.css

[ 2017-06-23T17:04:36+08:00 ] ::1 /yjc/lby/index.php/Info/style.css
ERR: 非法操作:style.css

