[ 2017-07-29T10:03:13+08:00 ] 127.0.0.1 /lenovo3c_new/lbyun/index.php/Admin/SaleAnalyze/route.html?day=7
INFO: [ app_begin ] --START--
INFO: Run Behavior\ReadHtmlCacheBehavior [ RunTime:0.001001s ]
INFO: [ app_begin ] --END-- [ RunTime:0.002001s ]
SQL: SHOW COLUMNS FROM `sys_route` [ RunTime:0.0080s ]
SQL: SELECT MAX(t_id) AS tp_max FROM `sys_route` LIMIT 1   [ RunTime:0.0000s ]
SQL: SELECT `name` FROM `sys_route` WHERE ( t_id = 1 ) LIMIT 1   [ RunTime:0.0010s ]
SQL: SHOW COLUMNS FROM `checking_audit` [ RunTime:0.0120s ]
SQL: SELECT COUNT(*) AS tp_count FROM `checking_audit` WHERE ( audit_tong = 1 ) AND `audit_time` > '2017-07-22 10:03:13' AND `audit_decision` = 1 LIMIT 1   [ RunTime:0.0040s ]
SQL: SELECT `name` FROM `sys_route` WHERE ( t_id = 2 ) LIMIT 1   [ RunTime:0.0000s ]
SQL: SELECT COUNT(*) AS tp_count FROM `checking_audit` WHERE ( audit_tong = 2 ) AND `audit_time` > '2017-07-22 10:03:13' AND `audit_decision` = 1 LIMIT 1   [ RunTime:0.0000s ]
SQL: SELECT `name` FROM `sys_route` WHERE ( t_id = 3 ) LIMIT 1   [ RunTime:0.0000s ]
SQL: SELECT COUNT(*) AS tp_count FROM `checking_audit` WHERE ( audit_tong = 3 ) AND `audit_time` > '2017-07-22 10:03:13' AND `audit_decision` = 1 LIMIT 1   [ RunTime:0.0010s ]
SQL: SELECT `name` FROM `sys_route` WHERE ( t_id = 4 ) LIMIT 1   [ RunTime:0.0000s ]
SQL: SELECT COUNT(*) AS tp_count FROM `checking_audit` WHERE ( audit_tong = 4 ) AND `audit_time` > '2017-07-22 10:03:13' AND `audit_decision` = 1 LIMIT 1   [ RunTime:0.0000s ]

[ 2017-07-29T10:03:13+08:00 ] 127.0.0.1 /lenovo3c_new/lbyun/index.php/Admin/SaleAnalyze/columnarRouteList.html
INFO: [ app_begin ] --START--
INFO: Run Behavior\ReadHtmlCacheBehavior [ RunTime:0.001000s ]
INFO: [ app_begin ] --END-- [ RunTime:0.002000s ]
SQL: SHOW COLUMNS FROM `sys_route` [ RunTime:0.0060s ]
SQL: SELECT `t_id`,`name` FROM `sys_route`  [ RunTime:0.0010s ]

[ 2017-07-29T10:03:13+08:00 ] 127.0.0.1 /lenovo3c_new/lbyun/index.php/Admin/SaleAnalyze/columnar.html?day=7
INFO: [ app_begin ] --START--
INFO: Run Behavior\ReadHtmlCacheBehavior [ RunTime:0.001000s ]
INFO: [ app_begin ] --END-- [ RunTime:0.002000s ]
SQL: SHOW COLUMNS FROM `sys_route` [ RunTime:0.0070s ]
SQL: SELECT MAX(t_id) AS tp_max FROM `sys_route` LIMIT 1   [ RunTime:0.0000s ]
SQL: SHOW COLUMNS FROM `checking_audit` [ RunTime:0.0070s ]
SQL: SELECT COUNT(*) AS tp_count FROM `checking_audit` WHERE `audit_time` BETWEEN '2017-07-29  00:00:00' AND '2017-07-29 23:59:59' AND `audit_tong` = 1 AND `audit_decision` = 1 LIMIT 1   [ RunTime:0.0010s ]
SQL: SELECT COUNT(*) AS tp_count FROM `checking_audit` WHERE `audit_time` BETWEEN '2017-07-28  00:00:00' AND '2017-07-28 23:59:59' AND `audit_tong` = 1 AND `audit_decision` = 1 LIMIT 1   [ RunTime:0.0020s ]
SQL: SELECT COUNT(*) AS tp_count FROM `checking_audit` WHERE `audit_time` BETWEEN '2017-07-27  00:00:00' AND '2017-07-27 23:59:59' AND `audit_tong` = 1 AND `audit_decision` = 1 LIMIT 1   [ RunTime:0.0020s ]
SQL: SELECT COUNT(*) AS tp_count FROM `checking_audit` WHERE `audit_time` BETWEEN '2017-07-26  00:00:00' AND '2017-07-26 23:59:59' AND `audit_tong` = 1 AND `audit_decision` = 1 LIMIT 1   [ RunTime:0.0010s ]
SQL: SELECT COUNT(*) AS tp_count FROM `checking_audit` WHERE `audit_time` BETWEEN '2017-07-25  00:00:00' AND '2017-07-25 23:59:59' AND `audit_tong` = 1 AND `audit_decision` = 1 LIMIT 1   [ RunTime:0.0010s ]
SQL: SELECT COUNT(*) AS tp_count FROM `checking_audit` WHERE `audit_time` BETWEEN '2017-07-24  00:00:00' AND '2017-07-24 23:59:59' AND `audit_tong` = 1 AND `audit_decision` = 1 LIMIT 1   [ RunTime:0.0010s ]
SQL: SELECT COUNT(*) AS tp_count FROM `checking_audit` WHERE `audit_time` BETWEEN '2017-07-23  00:00:00' AND '2017-07-23 23:59:59' AND `audit_tong` = 1 AND `audit_decision` = 1 LIMIT 1   [ RunTime:0.0010s ]
SQL: SELECT `name` FROM `sys_route` WHERE ( t_id = 1 ) LIMIT 1   [ RunTime:0.0000s ]
SQL: SELECT COUNT(*) AS tp_count FROM `checking_audit` WHERE `audit_time` BETWEEN '2017-07-29  00:00:00' AND '2017-07-29 23:59:59' AND `audit_tong` = 2 AND `audit_decision` = 1 LIMIT 1   [ RunTime:0.0010s ]
SQL: SELECT COUNT(*) AS tp_count FROM `checking_audit` WHERE `audit_time` BETWEEN '2017-07-28  00:00:00' AND '2017-07-28 23:59:59' AND `audit_tong` = 2 AND `audit_decision` = 1 LIMIT 1   [ RunTime:0.0010s ]
SQL: SELECT COUNT(*) AS tp_count FROM `checking_audit` WHERE `audit_time` BETWEEN '2017-07-27  00:00:00' AND '2017-07-27 23:59:59' AND `audit_tong` = 2 AND `audit_decision` = 1 LIMIT 1   [ RunTime:0.0000s ]
SQL: SELECT COUNT(*) AS tp_count FROM `checking_audit` WHERE `audit_time` BETWEEN '2017-07-26  00:00:00' AND '2017-07-26 23:59:59' AND `audit_tong` = 2 AND `audit_decision` = 1 LIMIT 1   [ RunTime:0.0010s ]
SQL: SELECT COUNT(*) AS tp_count FROM `checking_audit` WHERE `audit_time` BETWEEN '2017-07-25  00:00:00' AND '2017-07-25 23:59:59' AND `audit_tong` = 2 AND `audit_decision` = 1 LIMIT 1   [ RunTime:0.0020s ]
SQL: SELECT COUNT(*) AS tp_count FROM `checking_audit` WHERE `audit_time` BETWEEN '2017-07-24  00:00:00' AND '2017-07-24 23:59:59' AND `audit_tong` = 2 AND `audit_decision` = 1 LIMIT 1   [ RunTime:0.0010s ]
SQL: SELECT COUNT(*) AS tp_count FROM `checking_audit` WHERE `audit_time` BETWEEN '2017-07-23  00:00:00' AND '2017-07-23 23:59:59' AND `audit_tong` = 2 AND `audit_decision` = 1 LIMIT 1   [ RunTime:0.0010s ]
SQL: SELECT `name` FROM `sys_route` WHERE ( t_id = 2 ) LIMIT 1   [ RunTime:0.0010s ]
SQL: SELECT COUNT(*) AS tp_count FROM `checking_audit` WHERE `audit_time` BETWEEN '2017-07-29  00:00:00' AND '2017-07-29 23:59:59' AND `audit_tong` = 3 AND `audit_decision` = 1 LIMIT 1   [ RunTime:0.0020s ]
SQL: SELECT COUNT(*) AS tp_count FROM `checking_audit` WHERE `audit_time` BETWEEN '2017-07-28  00:00:00' AND '2017-07-28 23:59:59' AND `audit_tong` = 3 AND `audit_decision` = 1 LIMIT 1   [ RunTime:0.0010s ]
SQL: SELECT COUNT(*) AS tp_count FROM `checking_audit` WHERE `audit_time` BETWEEN '2017-07-27  00:00:00' AND '2017-07-27 23:59:59' AND `audit_tong` = 3 AND `audit_decision` = 1 LIMIT 1   [ RunTime:0.0010s ]
SQL: SELECT COUNT(*) AS tp_count FROM `checking_audit` WHERE `audit_time` BETWEEN '2017-07-26  00:00:00' AND '2017-07-26 23:59:59' AND `audit_tong` = 3 AND `audit_decision` = 1 LIMIT 1   [ RunTime:0.0010s ]
SQL: SELECT COUNT(*) AS tp_count FROM `checking_audit` WHERE `audit_time` BETWEEN '2017-07-25  00:00:00' AND '2017-07-25 23:59:59' AND `audit_tong` = 3 AND `audit_decision` = 1 LIMIT 1   [ RunTime:0.0010s ]
SQL: SELECT COUNT(*) AS tp_count FROM `checking_audit` WHERE `audit_time` BETWEEN '2017-07-24  00:00:00' AND '2017-07-24 23:59:59' AND `audit_tong` = 3 AND `audit_decision` = 1 LIMIT 1   [ RunTime:0.0010s ]
SQL: SELECT COUNT(*) AS tp_count FROM `checking_audit` WHERE `audit_time` BETWEEN '2017-07-23  00:00:00' AND '2017-07-23 23:59:59' AND `audit_tong` = 3 AND `audit_decision` = 1 LIMIT 1   [ RunTime:0.0010s ]
SQL: SELECT `name` FROM `sys_route` WHERE ( t_id = 3 ) LIMIT 1   [ RunTime:0.0000s ]
SQL: SELECT COUNT(*) AS tp_count FROM `checking_audit` WHERE `audit_time` BETWEEN '2017-07-29  00:00:00' AND '2017-07-29 23:59:59' AND `audit_tong` = 4 AND `audit_decision` = 1 LIMIT 1   [ RunTime:0.0010s ]
SQL: SELECT COUNT(*) AS tp_count FROM `checking_audit` WHERE `audit_time` BETWEEN '2017-07-28  00:00:00' AND '2017-07-28 23:59:59' AND `audit_tong` = 4 AND `audit_decision` = 1 LIMIT 1   [ RunTime:0.0010s ]
SQL: SELECT COUNT(*) AS tp_count FROM `checking_audit` WHERE `audit_time` BETWEEN '2017-07-27  00:00:00' AND '2017-07-27 23:59:59' AND `audit_tong` = 4 AND `audit_decision` = 1 LIMIT 1   [ RunTime:0.0010s ]
SQL: SELECT COUNT(*) AS tp_count FROM `checking_audit` WHERE `audit_time` BETWEEN '2017-07-26  00:00:00' AND '2017-07-26 23:59:59' AND `audit_tong` = 4 AND `audit_decision` = 1 LIMIT 1   [ RunTime:0.0010s ]
SQL: SELECT COUNT(*) AS tp_count FROM `checking_audit` WHERE `audit_time` BETWEEN '2017-07-25  00:00:00' AND '2017-07-25 23:59:59' AND `audit_tong` = 4 AND `audit_decision` = 1 LIMIT 1   [ RunTime:0.0010s ]
SQL: SELECT COUNT(*) AS tp_count FROM `checking_audit` WHERE `audit_time` BETWEEN '2017-07-24  00:00:00' AND '2017-07-24 23:59:59' AND `audit_tong` = 4 AND `audit_decision` = 1 LIMIT 1   [ RunTime:0.0010s ]
SQL: SELECT COUNT(*) AS tp_count FROM `checking_audit` WHERE `audit_time` BETWEEN '2017-07-23  00:00:00' AND '2017-07-23 23:59:59' AND `audit_tong` = 4 AND `audit_decision` = 1 LIMIT 1   [ RunTime:0.0010s ]
SQL: SELECT `name` FROM `sys_route` WHERE ( t_id = 4 ) LIMIT 1   [ RunTime:0.0000s ]

[ 2017-07-29T10:03:39+08:00 ] 127.0.0.1 /lenovo3c_new/lbyun/index.php/Admin/SaleAnalyze/business.html?day=7
INFO: [ app_begin ] --START--
INFO: Run Behavior\ReadHtmlCacheBehavior [ RunTime:0.002000s ]
INFO: [ app_begin ] --END-- [ RunTime:0.003000s ]
SQL: SHOW COLUMNS FROM `sys_business` [ RunTime:0.0200s ]
SQL: SELECT MAX(id) AS tp_max FROM `sys_business` LIMIT 1   [ RunTime:0.0020s ]
SQL: SELECT `busName` FROM `sys_business` WHERE ( id = 1 ) LIMIT 1   [ RunTime:0.0010s ]
SQL: SHOW COLUMNS FROM `checking_audit` [ RunTime:0.0140s ]
SQL: SELECT COUNT(*) AS tp_count FROM `checking_audit` WHERE ( audit_shops_name = 1 ) AND `audit_time` > '2017-07-22 10:03:39' AND `audit_decision` = 1 LIMIT 1   [ RunTime:0.0020s ]
SQL: SELECT `busName` FROM `sys_business` WHERE ( id = 2 ) LIMIT 1   [ RunTime:0.0000s ]
SQL: SELECT COUNT(*) AS tp_count FROM `checking_audit` WHERE ( audit_shops_name = 2 ) AND `audit_time` > '2017-07-22 10:03:39' AND `audit_decision` = 1 LIMIT 1   [ RunTime:0.0020s ]
SQL: SELECT `busName` FROM `sys_business` WHERE ( id = 3 ) LIMIT 1   [ RunTime:0.0010s ]
SQL: SELECT COUNT(*) AS tp_count FROM `checking_audit` WHERE ( audit_shops_name = 3 ) AND `audit_time` > '2017-07-22 10:03:39' AND `audit_decision` = 1 LIMIT 1   [ RunTime:0.0010s ]
SQL: SELECT `busName` FROM `sys_business` WHERE ( id = 4 ) LIMIT 1   [ RunTime:0.0010s ]
SQL: SELECT COUNT(*) AS tp_count FROM `checking_audit` WHERE ( audit_shops_name = 4 ) AND `audit_time` > '2017-07-22 10:03:39' AND `audit_decision` = 1 LIMIT 1   [ RunTime:0.0070s ]
SQL: SELECT `busName` FROM `sys_business` WHERE ( id = 5 ) LIMIT 1   [ RunTime:0.0020s ]
SQL: SELECT COUNT(*) AS tp_count FROM `checking_audit` WHERE ( audit_shops_name = 5 ) AND `audit_time` > '2017-07-22 10:03:39' AND `audit_decision` = 1 LIMIT 1   [ RunTime:0.0030s ]

[ 2017-07-29T10:03:39+08:00 ] 127.0.0.1 /lenovo3c_new/lbyun/index.php/Admin/SaleAnalyze/businessLine.html?day=7
INFO: [ app_begin ] --START--
INFO: Run Behavior\ReadHtmlCacheBehavior [ RunTime:0.001000s ]
INFO: [ app_begin ] --END-- [ RunTime:0.002001s ]
SQL: SHOW COLUMNS FROM `sys_business` [ RunTime:0.0410s ]
SQL: SELECT MAX(id) AS tp_max FROM `sys_business` LIMIT 1   [ RunTime:0.0170s ]
SQL: SELECT * FROM `sys_business` WHERE ( id = 1 ) LIMIT 1   [ RunTime:0.0020s ]
SQL: SHOW COLUMNS FROM `checking_audit` [ RunTime:0.0110s ]
SQL: SELECT COUNT(*) AS tp_count FROM `checking_audit` WHERE `audit_time` BETWEEN '2017-07-29  00:00:00' AND '2017-07-29 23:59:59' AND `audit_shops_name` = 1 AND `audit_decision` = 1 LIMIT 1   [ RunTime:0.0020s ]
SQL: SELECT COUNT(*) AS tp_count FROM `checking_audit` WHERE `audit_time` BETWEEN '2017-07-28  00:00:00' AND '2017-07-28 23:59:59' AND `audit_shops_name` = 1 AND `audit_decision` = 1 LIMIT 1   [ RunTime:0.0010s ]
SQL: SELECT COUNT(*) AS tp_count FROM `checking_audit` WHERE `audit_time` BETWEEN '2017-07-27  00:00:00' AND '2017-07-27 23:59:59' AND `audit_shops_name` = 1 AND `audit_decision` = 1 LIMIT 1   [ RunTime:0.0020s ]
SQL: SELECT COUNT(*) AS tp_count FROM `checking_audit` WHERE `audit_time` BETWEEN '2017-07-26  00:00:00' AND '2017-07-26 23:59:59' AND `audit_shops_name` = 1 AND `audit_decision` = 1 LIMIT 1   [ RunTime:0.0020s ]
SQL: SELECT COUNT(*) AS tp_count FROM `checking_audit` WHERE `audit_time` BETWEEN '2017-07-25  00:00:00' AND '2017-07-25 23:59:59' AND `audit_shops_name` = 1 AND `audit_decision` = 1 LIMIT 1   [ RunTime:0.0020s ]
SQL: SELECT COUNT(*) AS tp_count FROM `checking_audit` WHERE `audit_time` BETWEEN '2017-07-24  00:00:00' AND '2017-07-24 23:59:59' AND `audit_shops_name` = 1 AND `audit_decision` = 1 LIMIT 1   [ RunTime:0.0010s ]
SQL: SELECT COUNT(*) AS tp_count FROM `checking_audit` WHERE `audit_time` BETWEEN '2017-07-23  00:00:00' AND '2017-07-23 23:59:59' AND `audit_shops_name` = 1 AND `audit_decision` = 1 LIMIT 1   [ RunTime:0.0010s ]
SQL: SELECT * FROM `sys_business` WHERE ( id = 2 ) LIMIT 1   [ RunTime:0.0000s ]
SQL: SELECT COUNT(*) AS tp_count FROM `checking_audit` WHERE `audit_time` BETWEEN '2017-07-29  00:00:00' AND '2017-07-29 23:59:59' AND `audit_shops_name` = 2 AND `audit_decision` = 1 LIMIT 1   [ RunTime:0.0020s ]
SQL: SELECT COUNT(*) AS tp_count FROM `checking_audit` WHERE `audit_time` BETWEEN '2017-07-28  00:00:00' AND '2017-07-28 23:59:59' AND `audit_shops_name` = 2 AND `audit_decision` = 1 LIMIT 1   [ RunTime:0.0020s ]
SQL: SELECT COUNT(*) AS tp_count FROM `checking_audit` WHERE `audit_time` BETWEEN '2017-07-27  00:00:00' AND '2017-07-27 23:59:59' AND `audit_shops_name` = 2 AND `audit_decision` = 1 LIMIT 1   [ RunTime:0.0020s ]
SQL: SELECT COUNT(*) AS tp_count FROM `checking_audit` WHERE `audit_time` BETWEEN '2017-07-26  00:00:00' AND '2017-07-26 23:59:59' AND `audit_shops_name` = 2 AND `audit_decision` = 1 LIMIT 1   [ RunTime:0.0010s ]
SQL: SELECT COUNT(*) AS tp_count FROM `checking_audit` WHERE `audit_time` BETWEEN '2017-07-25  00:00:00' AND '2017-07-25 23:59:59' AND `audit_shops_name` = 2 AND `audit_decision` = 1 LIMIT 1   [ RunTime:0.0020s ]
SQL: SELECT COUNT(*) AS tp_count FROM `checking_audit` WHERE `audit_time` BETWEEN '2017-07-24  00:00:00' AND '2017-07-24 23:59:59' AND `audit_shops_name` = 2 AND `audit_decision` = 1 LIMIT 1   [ RunTime:0.0020s ]
SQL: SELECT COUNT(*) AS tp_count FROM `checking_audit` WHERE `audit_time` BETWEEN '2017-07-23  00:00:00' AND '2017-07-23 23:59:59' AND `audit_shops_name` = 2 AND `audit_decision` = 1 LIMIT 1   [ RunTime:0.0020s ]
SQL: SELECT * FROM `sys_business` WHERE ( id = 3 ) LIMIT 1   [ RunTime:0.0010s ]
SQL: SELECT COUNT(*) AS tp_count FROM `checking_audit` WHERE `audit_time` BETWEEN '2017-07-29  00:00:00' AND '2017-07-29 23:59:59' AND `audit_shops_name` = 3 AND `audit_decision` = 1 LIMIT 1   [ RunTime:0.0020s ]
SQL: SELECT COUNT(*) AS tp_count FROM `checking_audit` WHERE `audit_time` BETWEEN '2017-07-28  00:00:00' AND '2017-07-28 23:59:59' AND `audit_shops_name` = 3 AND `audit_decision` = 1 LIMIT 1   [ RunTime:0.0020s ]
SQL: SELECT COUNT(*) AS tp_count FROM `checking_audit` WHERE `audit_time` BETWEEN '2017-07-27  00:00:00' AND '2017-07-27 23:59:59' AND `audit_shops_name` = 3 AND `audit_decision` = 1 LIMIT 1   [ RunTime:0.0020s ]
SQL: SELECT COUNT(*) AS tp_count FROM `checking_audit` WHERE `audit_time` BETWEEN '2017-07-26  00:00:00' AND '2017-07-26 23:59:59' AND `audit_shops_name` = 3 AND `audit_decision` = 1 LIMIT 1   [ RunTime:0.0010s ]
SQL: SELECT COUNT(*) AS tp_count FROM `checking_audit` WHERE `audit_time` BETWEEN '2017-07-25  00:00:00' AND '2017-07-25 23:59:59' AND `audit_shops_name` = 3 AND `audit_decision` = 1 LIMIT 1   [ RunTime:0.0010s ]
SQL: SELECT COUNT(*) AS tp_count FROM `checking_audit` WHERE `audit_time` BETWEEN '2017-07-24  00:00:00' AND '2017-07-24 23:59:59' AND `audit_shops_name` = 3 AND `audit_decision` = 1 LIMIT 1   [ RunTime:0.0020s ]
SQL: SELECT COUNT(*) AS tp_count FROM `checking_audit` WHERE `audit_time` BETWEEN '2017-07-23  00:00:00' AND '2017-07-23 23:59:59' AND `audit_shops_name` = 3 AND `audit_decision` = 1 LIMIT 1   [ RunTime:0.0020s ]
SQL: SELECT * FROM `sys_business` WHERE ( id = 4 ) LIMIT 1   [ RunTime:0.0010s ]
SQL: SELECT COUNT(*) AS tp_count FROM `checking_audit` WHERE `audit_time` BETWEEN '2017-07-29  00:00:00' AND '2017-07-29 23:59:59' AND `audit_shops_name` = 4 AND `audit_decision` = 1 LIMIT 1   [ RunTime:0.0020s ]
SQL: SELECT COUNT(*) AS tp_count FROM `checking_audit` WHERE `audit_time` BETWEEN '2017-07-28  00:00:00' AND '2017-07-28 23:59:59' AND `audit_shops_name` = 4 AND `audit_decision` = 1 LIMIT 1   [ RunTime:0.0020s ]
SQL: SELECT COUNT(*) AS tp_count FROM `checking_audit` WHERE `audit_time` BETWEEN '2017-07-27  00:00:00' AND '2017-07-27 23:59:59' AND `audit_shops_name` = 4 AND `audit_decision` = 1 LIMIT 1   [ RunTime:0.0020s ]
SQL: SELECT COUNT(*) AS tp_count FROM `checking_audit` WHERE `audit_time` BETWEEN '2017-07-26  00:00:00' AND '2017-07-26 23:59:59' AND `audit_shops_name` = 4 AND `audit_decision` = 1 LIMIT 1   [ RunTime:0.0020s ]
SQL: SELECT COUNT(*) AS tp_count FROM `checking_audit` WHERE `audit_time` BETWEEN '2017-07-25  00:00:00' AND '2017-07-25 23:59:59' AND `audit_shops_name` = 4 AND `audit_decision` = 1 LIMIT 1   [ RunTime:0.0030s ]
SQL: SELECT COUNT(*) AS tp_count FROM `checking_audit` WHERE `audit_time` BETWEEN '2017-07-24  00:00:00' AND '2017-07-24 23:59:59' AND `audit_shops_name` = 4 AND `audit_decision` = 1 LIMIT 1   [ RunTime:0.0020s ]
SQL: SELECT COUNT(*) AS tp_count FROM `checking_audit` WHERE `audit_time` BETWEEN '2017-07-23  00:00:00' AND '2017-07-23 23:59:59' AND `audit_shops_name` = 4 AND `audit_decision` = 1 LIMIT 1   [ RunTime:0.0020s ]
SQL: SELECT * FROM `sys_business` WHERE ( id = 5 ) LIMIT 1   [ RunTime:0.0010s ]
SQL: SELECT COUNT(*) AS tp_count FROM `checking_audit` WHERE `audit_time` BETWEEN '2017-07-29  00:00:00' AND '2017-07-29 23:59:59' AND `audit_shops_name` = 5 AND `audit_decision` = 1 LIMIT 1   [ RunTime:0.0040s ]
SQL: SELECT COUNT(*) AS tp_count FROM `checking_audit` WHERE `audit_time` BETWEEN '2017-07-28  00:00:00' AND '2017-07-28 23:59:59' AND `audit_shops_name` = 5 AND `audit_decision` = 1 LIMIT 1   [ RunTime:0.0020s ]
SQL: SELECT COUNT(*) AS tp_count FROM `checking_audit` WHERE `audit_time` BETWEEN '2017-07-27  00:00:00' AND '2017-07-27 23:59:59' AND `audit_shops_name` = 5 AND `audit_decision` = 1 LIMIT 1   [ RunTime:0.0010s ]
SQL: SELECT COUNT(*) AS tp_count FROM `checking_audit` WHERE `audit_time` BETWEEN '2017-07-26  00:00:00' AND '2017-07-26 23:59:59' AND `audit_shops_name` = 5 AND `audit_decision` = 1 LIMIT 1   [ RunTime:0.0020s ]
SQL: SELECT COUNT(*) AS tp_count FROM `checking_audit` WHERE `audit_time` BETWEEN '2017-07-25  00:00:00' AND '2017-07-25 23:59:59' AND `audit_shops_name` = 5 AND `audit_decision` = 1 LIMIT 1   [ RunTime:0.0020s ]
SQL: SELECT COUNT(*) AS tp_count FROM `checking_audit` WHERE `audit_time` BETWEEN '2017-07-24  00:00:00' AND '2017-07-24 23:59:59' AND `audit_shops_name` = 5 AND `audit_decision` = 1 LIMIT 1   [ RunTime:0.0020s ]
SQL: SELECT COUNT(*) AS tp_count FROM `checking_audit` WHERE `audit_time` BETWEEN '2017-07-23  00:00:00' AND '2017-07-23 23:59:59' AND `audit_shops_name` = 5 AND `audit_decision` = 1 LIMIT 1   [ RunTime:0.0020s ]

[ 2017-07-29T14:01:38+08:00 ] 127.0.0.1 /lenovo3c_new/lbyun/index.php/Admin/SaleAnalyze/businessLine.html?day=30
INFO: [ app_begin ] --START--
INFO: Run Behavior\ReadHtmlCacheBehavior [ RunTime:0.001000s ]
INFO: [ app_begin ] --END-- [ RunTime:0.002000s ]
SQL: SHOW COLUMNS FROM `sys_business` [ RunTime:0.0070s ]
SQL: SELECT MAX(id) AS tp_max FROM `sys_business` LIMIT 1   [ RunTime:0.0000s ]
SQL: SELECT * FROM `sys_business` WHERE ( id = 1 ) LIMIT 1   [ RunTime:0.0000s ]
SQL: SHOW COLUMNS FROM `checking_audit` [ RunTime:0.0070s ]
SQL: SELECT COUNT(*) AS tp_count FROM `checking_audit` WHERE `audit_time` BETWEEN '2017-07-29  00:00:00' AND '2017-07-29 23:59:59' AND `audit_shops_name` = 1 AND `audit_decision` = 1 LIMIT 1   [ RunTime:0.0010s ]
SQL: SELECT COUNT(*) AS tp_count FROM `checking_audit` WHERE `audit_time` BETWEEN '2017-07-28  00:00:00' AND '2017-07-28 23:59:59' AND `audit_shops_name` = 1 AND `audit_decision` = 1 LIMIT 1   [ RunTime:0.0020s ]
SQL: SELECT COUNT(*) AS tp_count FROM `checking_audit` WHERE `audit_time` BETWEEN '2017-07-27  00:00:00' AND '2017-07-27 23:59:59' AND `audit_shops_name` = 1 AND `audit_decision` = 1 LIMIT 1   [ RunTime:0.0010s ]
SQL: SELECT COUNT(*) AS tp_count FROM `checking_audit` WHERE `audit_time` BETWEEN '2017-07-26  00:00:00' AND '2017-07-26 23:59:59' AND `audit_shops_name` = 1 AND `audit_decision` = 1 LIMIT 1   [ RunTime:0.0010s ]
SQL: SELECT COUNT(*) AS tp_count FROM `checking_audit` WHERE `audit_time` BETWEEN '2017-07-25  00:00:00' AND '2017-07-25 23:59:59' AND `audit_shops_name` = 1 AND `audit_decision` = 1 LIMIT 1   [ RunTime:0.0010s ]
SQL: SELECT COUNT(*) AS tp_count FROM `checking_audit` WHERE `audit_time` BETWEEN '2017-07-24  00:00:00' AND '2017-07-24 23:59:59' AND `audit_shops_name` = 1 AND `audit_decision` = 1 LIMIT 1   [ RunTime:0.0010s ]
SQL: SELECT COUNT(*) AS tp_count FROM `checking_audit` WHERE `audit_time` BETWEEN '2017-07-23  00:00:00' AND '2017-07-23 23:59:59' AND `audit_shops_name` = 1 AND `audit_decision` = 1 LIMIT 1   [ RunTime:0.0010s ]
SQL: SELECT COUNT(*) AS tp_count FROM `checking_audit` WHERE `audit_time` BETWEEN '2017-07-22  00:00:00' AND '2017-07-22 23:59:59' AND `audit_shops_name` = 1 AND `audit_decision` = 1 LIMIT 1   [ RunTime:0.0010s ]
SQL: SELECT COUNT(*) AS tp_count FROM `checking_audit` WHERE `audit_time` BETWEEN '2017-07-21  00:00:00' AND '2017-07-21 23:59:59' AND `audit_shops_name` = 1 AND `audit_decision` = 1 LIMIT 1   [ RunTime:0.0010s ]
SQL: SELECT COUNT(*) AS tp_count FROM `checking_audit` WHERE `audit_time` BETWEEN '2017-07-20  00:00:00' AND '2017-07-20 23:59:59' AND `audit_shops_name` = 1 AND `audit_decision` = 1 LIMIT 1   [ RunTime:0.0020s ]
SQL: SELECT COUNT(*) AS tp_count FROM `checking_audit` WHERE `audit_time` BETWEEN '2017-07-19  00:00:00' AND '2017-07-19 23:59:59' AND `audit_shops_name` = 1 AND `audit_decision` = 1 LIMIT 1   [ RunTime:0.0010s ]
SQL: SELECT COUNT(*) AS tp_count FROM `checking_audit` WHERE `audit_time` BETWEEN '2017-07-18  00:00:00' AND '2017-07-18 23:59:59' AND `audit_shops_name` = 1 AND `audit_decision` = 1 LIMIT 1   [ RunTime:0.0010s ]
SQL: SELECT COUNT(*) AS tp_count FROM `checking_audit` WHERE `audit_time` BETWEEN '2017-07-17  00:00:00' AND '2017-07-17 23:59:59' AND `audit_shops_name` = 1 AND `audit_decision` = 1 LIMIT 1   [ RunTime:0.0010s ]
SQL: SELECT COUNT(*) AS tp_count FROM `checking_audit` WHERE `audit_time` BETWEEN '2017-07-16  00:00:00' AND '2017-07-16 23:59:59' AND `audit_shops_name` = 1 AND `audit_decision` = 1 LIMIT 1   [ RunTime:0.0010s ]
SQL: SELECT COUNT(*) AS tp_count FROM `checking_audit` WHERE `audit_time` BETWEEN '2017-07-15  00:00:00' AND '2017-07-15 23:59:59' AND `audit_shops_name` = 1 AND `audit_decision` = 1 LIMIT 1   [ RunTime:0.0010s ]
SQL: SELECT COUNT(*) AS tp_count FROM `checking_audit` WHERE `audit_time` BETWEEN '2017-07-14  00:00:00' AND '2017-07-14 23:59:59' AND `audit_shops_name` = 1 AND `audit_decision` = 1 LIMIT 1   [ RunTime:0.0010s ]
SQL: SELECT COUNT(*) AS tp_count FROM `checking_audit` WHERE `audit_time` BETWEEN '2017-07-13  00:00:00' AND '2017-07-13 23:59:59' AND `audit_shops_name` = 1 AND `audit_decision` = 1 LIMIT 1   [ RunTime:0.0010s ]
SQL: SELECT COUNT(*) AS tp_count FROM `checking_audit` WHERE `audit_time` BETWEEN '2017-07-12  00:00:00' AND '2017-07-12 23:59:59' AND `audit_shops_name` = 1 AND `audit_decision` = 1 LIMIT 1   [ RunTime:0.0010s ]
SQL: SELECT COUNT(*) AS tp_count FROM `checking_audit` WHERE `audit_time` BETWEEN '2017-07-11  00:00:00' AND '2017-07-11 23:59:59' AND `audit_shops_name` = 1 AND `audit_decision` = 1 LIMIT 1   [ RunTime:0.0010s ]
SQL: SELECT COUNT(*) AS tp_count FROM `checking_audit` WHERE `audit_time` BETWEEN '2017-07-10  00:00:00' AND '2017-07-10 23:59:59' AND `audit_shops_name` = 1 AND `audit_decision` = 1 LIMIT 1   [ RunTime:0.0010s ]
SQL: SELECT COUNT(*) AS tp_count FROM `checking_audit` WHERE `audit_time` BETWEEN '2017-07-09  00:00:00' AND '2017-07-09 23:59:59' AND `audit_shops_name` = 1 AND `audit_decision` = 1 LIMIT 1   [ RunTime:0.0010s ]
SQL: SELECT COUNT(*) AS tp_count FROM `checking_audit` WHERE `audit_time` BETWEEN '2017-07-08  00:00:00' AND '2017-07-08 23:59:59' AND `audit_shops_name` = 1 AND `audit_decision` = 1 LIMIT 1   [ RunTime:0.0010s ]
SQL: SELECT COUNT(*) AS tp_count FROM `checking_audit` WHERE `audit_time` BETWEEN '2017-07-07  00:00:00' AND '2017-07-07 23:59:59' AND `audit_shops_name` = 1 AND `audit_decision` = 1 LIMIT 1   [ RunTime:0.0010s ]
SQL: SELECT COUNT(*) AS tp_count FROM `checking_audit` WHERE `audit_time` BETWEEN '2017-07-06  00:00:00' AND '2017-07-06 23:59:59' AND `audit_shops_name` = 1 AND `audit_decision` = 1 LIMIT 1   [ RunTime:0.0010s ]
SQL: SELECT COUNT(*) AS tp_count FROM `checking_audit` WHERE `audit_time` BETWEEN '2017-07-05  00:00:00' AND '2017-07-05 23:59:59' AND `audit_shops_name` = 1 AND `audit_decision` = 1 LIMIT 1   [ RunTime:0.0010s ]
SQL: SELECT COUNT(*) AS tp_count FROM `checking_audit` WHERE `audit_time` BETWEEN '2017-07-04  00:00:00' AND '2017-07-04 23:59:59' AND `audit_shops_name` = 1 AND `audit_decision` = 1 LIMIT 1   [ RunTime:0.0010s ]
SQL: SELECT COUNT(*) AS tp_count FROM `checking_audit` WHERE `audit_time` BETWEEN '2017-07-03  00:00:00' AND '2017-07-03 23:59:59' AND `audit_shops_name` = 1 AND `audit_decision` = 1 LIMIT 1   [ RunTime:0.0010s ]
SQL: SELECT COUNT(*) AS tp_count FROM `checking_audit` WHERE `audit_time` BETWEEN '2017-07-02  00:00:00' AND '2017-07-02 23:59:59' AND `audit_shops_name` = 1 AND `audit_decision` = 1 LIMIT 1   [ RunTime:0.0010s ]
SQL: SELECT COUNT(*) AS tp_count FROM `checking_audit` WHERE `audit_time` BETWEEN '2017-07-01  00:00:00' AND '2017-07-01 23:59:59' AND `audit_shops_name` = 1 AND `audit_decision` = 1 LIMIT 1   [ RunTime:0.0010s ]
SQL: SELECT COUNT(*) AS tp_count FROM `checking_audit` WHERE `audit_time` BETWEEN '2017-06-30  00:00:00' AND '2017-06-30 23:59:59' AND `audit_shops_name` = 1 AND `audit_decision` = 1 LIMIT 1   [ RunTime:0.0010s ]
SQL: SELECT * FROM `sys_business` WHERE ( id = 2 ) LIMIT 1   [ RunTime:0.0000s ]
SQL: SELECT COUNT(*) AS tp_count FROM `checking_audit` WHERE `audit_time` BETWEEN '2017-07-29  00:00:00' AND '2017-07-29 23:59:59' AND `audit_shops_name` = 2 AND `audit_decision` = 1 LIMIT 1   [ RunTime:0.0010s ]
SQL: SELECT COUNT(*) AS tp_count FROM `checking_audit` WHERE `audit_time` BETWEEN '2017-07-28  00:00:00' AND '2017-07-28 23:59:59' AND `audit_shops_name` = 2 AND `audit_decision` = 1 LIMIT 1   [ RunTime:0.0010s ]
SQL: SELECT COUNT(*) AS tp_count FROM `checking_audit` WHERE `audit_time` BETWEEN '2017-07-27  00:00:00' AND '2017-07-27 23:59:59' AND `audit_shops_name` = 2 AND `audit_decision` = 1 LIMIT 1   [ RunTime:0.0010s ]
SQL: SELECT COUNT(*) AS tp_count FROM `checking_audit` WHERE `audit_time` BETWEEN '2017-07-26  00:00:00' AND '2017-07-26 23:59:59' AND `audit_shops_name` = 2 AND `audit_decision` = 1 LIMIT 1   [ RunTime:0.0020s ]
SQL: SELECT COUNT(*) AS tp_count FROM `checking_audit` WHERE `audit_time` BETWEEN '2017-07-25  00:00:00' AND '2017-07-25 23:59:59' AND `audit_shops_name` = 2 AND `audit_decision` = 1 LIMIT 1   [ RunTime:0.0010s ]
SQL: SELECT COUNT(*) AS tp_count FROM `checking_audit` WHERE `audit_time` BETWEEN '2017-07-24  00:00:00' AND '2017-07-24 23:59:59' AND `audit_shops_name` = 2 AND `audit_decision` = 1 LIMIT 1   [ RunTime:0.0010s ]
SQL: SELECT COUNT(*) AS tp_count FROM `checking_audit` WHERE `audit_time` BETWEEN '2017-07-23  00:00:00' AND '2017-07-23 23:59:59' AND `audit_shops_name` = 2 AND `audit_decision` = 1 LIMIT 1   [ RunTime:0.0020s ]
SQL: SELECT COUNT(*) AS tp_count FROM `checking_audit` WHERE `audit_time` BETWEEN '2017-07-22  00:00:00' AND '2017-07-22 23:59:59' AND `audit_shops_name` = 2 AND `audit_decision` = 1 LIMIT 1   [ RunTime:0.0010s ]
SQL: SELECT COUNT(*) AS tp_count FROM `checking_audit` WHERE `audit_time` BETWEEN '2017-07-21  00:00:00' AND '2017-07-21 23:59:59' AND `audit_shops_name` = 2 AND `audit_decision` = 1 LIMIT 1   [ RunTime:0.0020s ]
SQL: SELECT COUNT(*) AS tp_count FROM `checking_audit` WHERE `audit_time` BETWEEN '2017-07-20  00:00:00' AND '2017-07-20 23:59:59' AND `audit_shops_name` = 2 AND `audit_decision` = 1 LIMIT 1   [ RunTime:0.0010s ]
SQL: SELECT COUNT(*) AS tp_count FROM `checking_audit` WHERE `audit_time` BETWEEN '2017-07-19  00:00:00' AND '2017-07-19 23:59:59' AND `audit_shops_name` = 2 AND `audit_decision` = 1 LIMIT 1   [ RunTime:0.0010s ]
SQL: SELECT COUNT(*) AS tp_count FROM `checking_audit` WHERE `audit_time` BETWEEN '2017-07-18  00:00:00' AND '2017-07-18 23:59:59' AND `audit_shops_name` = 2 AND `audit_decision` = 1 LIMIT 1   [ RunTime:0.0010s ]
SQL: SELECT COUNT(*) AS tp_count FROM `checking_audit` WHERE `audit_time` BETWEEN '2017-07-17  00:00:00' AND '2017-07-17 23:59:59' AND `audit_shops_name` = 2 AND `audit_decision` = 1 LIMIT 1   [ RunTime:0.0010s ]
SQL: SELECT COUNT(*) AS tp_count FROM `checking_audit` WHERE `audit_time` BETWEEN '2017-07-16  00:00:00' AND '2017-07-16 23:59:59' AND `audit_shops_name` = 2 AND `audit_decision` = 1 LIMIT 1   [ RunTime:0.0010s ]
SQL: SELECT COUNT(*) AS tp_count FROM `checking_audit` WHERE `audit_time` BETWEEN '2017-07-15  00:00:00' AND '2017-07-15 23:59:59' AND `audit_shops_name` = 2 AND `audit_decision` = 1 LIMIT 1   [ RunTime:0.0010s ]
SQL: SELECT COUNT(*) AS tp_count FROM `checking_audit` WHERE `audit_time` BETWEEN '2017-07-14  00:00:00' AND '2017-07-14 23:59:59' AND `audit_shops_name` = 2 AND `audit_decision` = 1 LIMIT 1   [ RunTime:0.0010s ]
SQL: SELECT COUNT(*) AS tp_count FROM `checking_audit` WHERE `audit_time` BETWEEN '2017-07-13  00:00:00' AND '2017-07-13 23:59:59' AND `audit_shops_name` = 2 AND `audit_decision` = 1 LIMIT 1   [ RunTime:0.0010s ]
SQL: SELECT COUNT(*) AS tp_count FROM `checking_audit` WHERE `audit_time` BETWEEN '2017-07-12  00:00:00' AND '2017-07-12 23:59:59' AND `audit_shops_name` = 2 AND `audit_decision` = 1 LIMIT 1   [ RunTime:0.0010s ]
SQL: SELECT COUNT(*) AS tp_count FROM `checking_audit` WHERE `audit_time` BETWEEN '2017-07-11  00:00:00' AND '2017-07-11 23:59:59' AND `audit_shops_name` = 2 AND `audit_decision` = 1 LIMIT 1   [ RunTime:0.0010s ]
SQL: SELECT COUNT(*) AS tp_count FROM `checking_audit` WHERE `audit_time` BETWEEN '2017-07-10  00:00:00' AND '2017-07-10 23:59:59' AND `audit_shops_name` = 2 AND `audit_decision` = 1 LIMIT 1   [ RunTime:0.0010s ]
SQL: SELECT COUNT(*) AS tp_count FROM `checking_audit` WHERE `audit_time` BETWEEN '2017-07-09  00:00:00' AND '2017-07-09 23:59:59' AND `audit_shops_name` = 2 AND `audit_decision` = 1 LIMIT 1   [ RunTime:0.0010s ]
SQL: SELECT COUNT(*) AS tp_count FROM `checking_audit` WHERE `audit_time` BETWEEN '2017-07-08  00:00:00' AND '2017-07-08 23:59:59' AND `audit_shops_name` = 2 AND `audit_decision` = 1 LIMIT 1   [ RunTime:0.0010s ]
SQL: SELECT COUNT(*) AS tp_count FROM `checking_audit` WHERE `audit_time` BETWEEN '2017-07-07  00:00:00' AND '2017-07-07 23:59:59' AND `audit_shops_name` = 2 AND `audit_decision` = 1 LIMIT 1   [ RunTime:0.0020s ]
SQL: SELECT COUNT(*) AS tp_count FROM `checking_audit` WHERE `audit_time` BETWEEN '2017-07-06  00:00:00' AND '2017-07-06 23:59:59' AND `audit_shops_name` = 2 AND `audit_decision` = 1 LIMIT 1   [ RunTime:0.0010s ]
SQL: SELECT COUNT(*) AS tp_count FROM `checking_audit` WHERE `audit_time` BETWEEN '2017-07-05  00:00:00' AND '2017-07-05 23:59:59' AND `audit_shops_name` = 2 AND `audit_decision` = 1 LIMIT 1   [ RunTime:0.0010s ]
SQL: SELECT COUNT(*) AS tp_count FROM `checking_audit` WHERE `audit_time` BETWEEN '2017-07-04  00:00:00' AND '2017-07-04 23:59:59' AND `audit_shops_name` = 2 AND `audit_decision` = 1 LIMIT 1   [ RunTime:0.0010s ]
SQL: SELECT COUNT(*) AS tp_count FROM `checking_audit` WHERE `audit_time` BETWEEN '2017-07-03  00:00:00' AND '2017-07-03 23:59:59' AND `audit_shops_name` = 2 AND `audit_decision` = 1 LIMIT 1   [ RunTime:0.0010s ]
SQL: SELECT COUNT(*) AS tp_count FROM `checking_audit` WHERE `audit_time` BETWEEN '2017-07-02  00:00:00' AND '2017-07-02 23:59:59' AND `audit_shops_name` = 2 AND `audit_decision` = 1 LIMIT 1   [ RunTime:0.0020s ]
SQL: SELECT COUNT(*) AS tp_count FROM `checking_audit` WHERE `audit_time` BETWEEN '2017-07-01  00:00:00' AND '2017-07-01 23:59:59' AND `audit_shops_name` = 2 AND `audit_decision` = 1 LIMIT 1   [ RunTime:0.0010s ]
SQL: SELECT COUNT(*) AS tp_count FROM `checking_audit` WHERE `audit_time` BETWEEN '2017-06-30  00:00:00' AND '2017-06-30 23:59:59' AND `audit_shops_name` = 2 AND `audit_decision` = 1 LIMIT 1   [ RunTime:0.0010s ]
SQL: SELECT * FROM `sys_business` WHERE ( id = 3 ) LIMIT 1   [ RunTime:0.0010s ]
SQL: SELECT COUNT(*) AS tp_count FROM `checking_audit` WHERE `audit_time` BETWEEN '2017-07-29  00:00:00' AND '2017-07-29 23:59:59' AND `audit_shops_name` = 3 AND `audit_decision` = 1 LIMIT 1   [ RunTime:0.0010s ]
SQL: SELECT COUNT(*) AS tp_count FROM `checking_audit` WHERE `audit_time` BETWEEN '2017-07-28  00:00:00' AND '2017-07-28 23:59:59' AND `audit_shops_name` = 3 AND `audit_decision` = 1 LIMIT 1   [ RunTime:0.0010s ]
SQL: SELECT COUNT(*) AS tp_count FROM `checking_audit` WHERE `audit_time` BETWEEN '2017-07-27  00:00:00' AND '2017-07-27 23:59:59' AND `audit_shops_name` = 3 AND `audit_decision` = 1 LIMIT 1   [ RunTime:0.0020s ]
SQL: SELECT COUNT(*) AS tp_count FROM `checking_audit` WHERE `audit_time` BETWEEN '2017-07-26  00:00:00' AND '2017-07-26 23:59:59' AND `audit_shops_name` = 3 AND `audit_decision` = 1 LIMIT 1   [ RunTime:0.0010s ]
SQL: SELECT COUNT(*) AS tp_count FROM `checking_audit` WHERE `audit_time` BETWEEN '2017-07-25  00:00:00' AND '2017-07-25 23:59:59' AND `audit_shops_name` = 3 AND `audit_decision` = 1 LIMIT 1   [ RunTime:0.0010s ]
SQL: SELECT COUNT(*) AS tp_count FROM `checking_audit` WHERE `audit_time` BETWEEN '2017-07-24  00:00:00' AND '2017-07-24 23:59:59' AND `audit_shops_name` = 3 AND `audit_decision` = 1 LIMIT 1   [ RunTime:0.0010s ]
SQL: SELECT COUNT(*) AS tp_count FROM `checking_audit` WHERE `audit_time` BETWEEN '2017-07-23  00:00:00' AND '2017-07-23 23:59:59' AND `audit_shops_name` = 3 AND `audit_decision` = 1 LIMIT 1   [ RunTime:0.0010s ]
SQL: SELECT COUNT(*) AS tp_count FROM `checking_audit` WHERE `audit_time` BETWEEN '2017-07-22  00:00:00' AND '2017-07-22 23:59:59' AND `audit_shops_name` = 3 AND `audit_decision` = 1 LIMIT 1   [ RunTime:0.0010s ]
SQL: SELECT COUNT(*) AS tp_count FROM `checking_audit` WHERE `audit_time` BETWEEN '2017-07-21  00:00:00' AND '2017-07-21 23:59:59' AND `audit_shops_name` = 3 AND `audit_decision` = 1 LIMIT 1   [ RunTime:0.0010s ]
SQL: SELECT COUNT(*) AS tp_count FROM `checking_audit` WHERE `audit_time` BETWEEN '2017-07-20  00:00:00' AND '2017-07-20 23:59:59' AND `audit_shops_name` = 3 AND `audit_decision` = 1 LIMIT 1   [ RunTime:0.0010s ]
SQL: SELECT COUNT(*) AS tp_count FROM `checking_audit` WHERE `audit_time` BETWEEN '2017-07-19  00:00:00' AND '2017-07-19 23:59:59' AND `audit_shops_name` = 3 AND `audit_decision` = 1 LIMIT 1   [ RunTime:0.0010s ]
SQL: SELECT COUNT(*) AS tp_count FROM `checking_audit` WHERE `audit_time` BETWEEN '2017-07-18  00:00:00' AND '2017-07-18 23:59:59' AND `audit_shops_name` = 3 AND `audit_decision` = 1 LIMIT 1   [ RunTime:0.0010s ]
SQL: SELECT COUNT(*) AS tp_count FROM `checking_audit` WHERE `audit_time` BETWEEN '2017-07-17  00:00:00' AND '2017-07-17 23:59:59' AND `audit_shops_name` = 3 AND `audit_decision` = 1 LIMIT 1   [ RunTime:0.0010s ]
SQL: SELECT COUNT(*) AS tp_count FROM `checking_audit` WHERE `audit_time` BETWEEN '2017-07-16  00:00:00' AND '2017-07-16 23:59:59' AND `audit_shops_name` = 3 AND `audit_decision` = 1 LIMIT 1   [ RunTime:0.0010s ]
SQL: SELECT COUNT(*) AS tp_count FROM `checking_audit` WHERE `audit_time` BETWEEN '2017-07-15  00:00:00' AND '2017-07-15 23:59:59' AND `audit_shops_name` = 3 AND `audit_decision` = 1 LIMIT 1   [ RunTime:0.0020s ]
SQL: SELECT COUNT(*) AS tp_count FROM `checking_audit` WHERE `audit_time` BETWEEN '2017-07-14  00:00:00' AND '2017-07-14 23:59:59' AND `audit_shops_name` = 3 AND `audit_decision` = 1 LIMIT 1   [ RunTime:0.0010s ]
SQL: SELECT COUNT(*) AS tp_count FROM `checking_audit` WHERE `audit_time` BETWEEN '2017-07-13  00:00:00' AND '2017-07-13 23:59:59' AND `audit_shops_name` = 3 AND `audit_decision` = 1 LIMIT 1   [ RunTime:0.0010s ]
SQL: SELECT COUNT(*) AS tp_count FROM `checking_audit` WHERE `audit_time` BETWEEN '2017-07-12  00:00:00' AND '2017-07-12 23:59:59' AND `audit_shops_name` = 3 AND `audit_decision` = 1 LIMIT 1   [ RunTime:0.0000s ]
SQL: SELECT COUNT(*) AS tp_count FROM `checking_audit` WHERE `audit_time` BETWEEN '2017-07-11  00:00:00' AND '2017-07-11 23:59:59' AND `audit_shops_name` = 3 AND `audit_decision` = 1 LIMIT 1   [ RunTime:0.0010s ]
SQL: SELECT COUNT(*) AS tp_count FROM `checking_audit` WHERE `audit_time` BETWEEN '2017-07-10  00:00:00' AND '2017-07-10 23:59:59' AND `audit_shops_name` = 3 AND `audit_decision` = 1 LIMIT 1   [ RunTime:0.0010s ]
SQL: SELECT COUNT(*) AS tp_count FROM `checking_audit` WHERE `audit_time` BETWEEN '2017-07-09  00:00:00' AND '2017-07-09 23:59:59' AND `audit_shops_name` = 3 AND `audit_decision` = 1 LIMIT 1   [ RunTime:0.0010s ]
SQL: SELECT COUNT(*) AS tp_count FROM `checking_audit` WHERE `audit_time` BETWEEN '2017-07-08  00:00:00' AND '2017-07-08 23:59:59' AND `audit_shops_name` = 3 AND `audit_decision` = 1 LIMIT 1   [ RunTime:0.0020s ]
SQL: SELECT COUNT(*) AS tp_count FROM `checking_audit` WHERE `audit_time` BETWEEN '2017-07-07  00:00:00' AND '2017-07-07 23:59:59' AND `audit_shops_name` = 3 AND `audit_decision` = 1 LIMIT 1   [ RunTime:0.0010s ]
SQL: SELECT COUNT(*) AS tp_count FROM `checking_audit` WHERE `audit_time` BETWEEN '2017-07-06  00:00:00' AND '2017-07-06 23:59:59' AND `audit_shops_name` = 3 AND `audit_decision` = 1 LIMIT 1   [ RunTime:0.0020s ]
SQL: SELECT COUNT(*) AS tp_count FROM `checking_audit` WHERE `audit_time` BETWEEN '2017-07-05  00:00:00' AND '2017-07-05 23:59:59' AND `audit_shops_name` = 3 AND `audit_decision` = 1 LIMIT 1   [ RunTime:0.0010s ]
SQL: SELECT COUNT(*) AS tp_count FROM `checking_audit` WHERE `audit_time` BETWEEN '2017-07-04  00:00:00' AND '2017-07-04 23:59:59' AND `audit_shops_name` = 3 AND `audit_decision` = 1 LIMIT 1   [ RunTime:0.0010s ]
SQL: SELECT COUNT(*) AS tp_count FROM `checking_audit` WHERE `audit_time` BETWEEN '2017-07-03  00:00:00' AND '2017-07-03 23:59:59' AND `audit_shops_name` = 3 AND `audit_decision` = 1 LIMIT 1   [ RunTime:0.0010s ]
SQL: SELECT COUNT(*) AS tp_count FROM `checking_audit` WHERE `audit_time` BETWEEN '2017-07-02  00:00:00' AND '2017-07-02 23:59:59' AND `audit_shops_name` = 3 AND `audit_decision` = 1 LIMIT 1   [ RunTime:0.0010s ]
SQL: SELECT COUNT(*) AS tp_count FROM `checking_audit` WHERE `audit_time` BETWEEN '2017-07-01  00:00:00' AND '2017-07-01 23:59:59' AND `audit_shops_name` = 3 AND `audit_decision` = 1 LIMIT 1   [ RunTime:0.0010s ]
SQL: SELECT COUNT(*) AS tp_count FROM `checking_audit` WHERE `audit_time` BETWEEN '2017-06-30  00:00:00' AND '2017-06-30 23:59:59' AND `audit_shops_name` = 3 AND `audit_decision` = 1 LIMIT 1   [ RunTime:0.0010s ]
SQL: SELECT * FROM `sys_business` WHERE ( id = 4 ) LIMIT 1   [ RunTime:0.0000s ]
SQL: SELECT COUNT(*) AS tp_count FROM `checking_audit` WHERE `audit_time` BETWEEN '2017-07-29  00:00:00' AND '2017-07-29 23:59:59' AND `audit_shops_name` = 4 AND `audit_decision` = 1 LIMIT 1   [ RunTime:0.0010s ]
SQL: SELECT COUNT(*) AS tp_count FROM `checking_audit` WHERE `audit_time` BETWEEN '2017-07-28  00:00:00' AND '2017-07-28 23:59:59' AND `audit_shops_name` = 4 AND `audit_decision` = 1 LIMIT 1   [ RunTime:0.0010s ]
SQL: SELECT COUNT(*) AS tp_count FROM `checking_audit` WHERE `audit_time` BETWEEN '2017-07-27  00:00:00' AND '2017-07-27 23:59:59' AND `audit_shops_name` = 4 AND `audit_decision` = 1 LIMIT 1   [ RunTime:0.0020s ]
SQL: SELECT COUNT(*) AS tp_count FROM `checking_audit` WHERE `audit_time` BETWEEN '2017-07-26  00:00:00' AND '2017-07-26 23:59:59' AND `audit_shops_name` = 4 AND `audit_decision` = 1 LIMIT 1   [ RunTime:0.0010s ]
SQL: SELECT COUNT(*) AS tp_count FROM `checking_audit` WHERE `audit_time` BETWEEN '2017-07-25  00:00:00' AND '2017-07-25 23:59:59' AND `audit_shops_name` = 4 AND `audit_decision` = 1 LIMIT 1   [ RunTime:0.0020s ]
SQL: SELECT COUNT(*) AS tp_count FROM `checking_audit` WHERE `audit_time` BETWEEN '2017-07-24  00:00:00' AND '2017-07-24 23:59:59' AND `audit_shops_name` = 4 AND `audit_decision` = 1 LIMIT 1   [ RunTime:0.0010s ]
SQL: SELECT COUNT(*) AS tp_count FROM `checking_audit` WHERE `audit_time` BETWEEN '2017-07-23  00:00:00' AND '2017-07-23 23:59:59' AND `audit_shops_name` = 4 AND `audit_decision` = 1 LIMIT 1   [ RunTime:0.0020s ]
SQL: SELECT COUNT(*) AS tp_count FROM `checking_audit` WHERE `audit_time` BETWEEN '2017-07-22  00:00:00' AND '2017-07-22 23:59:59' AND `audit_shops_name` = 4 AND `audit_decision` = 1 LIMIT 1   [ RunTime:0.0010s ]
SQL: SELECT COUNT(*) AS tp_count FROM `checking_audit` WHERE `audit_time` BETWEEN '2017-07-21  00:00:00' AND '2017-07-21 23:59:59' AND `audit_shops_name` = 4 AND `audit_decision` = 1 LIMIT 1   [ RunTime:0.0010s ]
SQL: SELECT COUNT(*) AS tp_count FROM `checking_audit` WHERE `audit_time` BETWEEN '2017-07-20  00:00:00' AND '2017-07-20 23:59:59' AND `audit_shops_name` = 4 AND `audit_decision` = 1 LIMIT 1   [ RunTime:0.0010s ]
SQL: SELECT COUNT(*) AS tp_count FROM `checking_audit` WHERE `audit_time` BETWEEN '2017-07-19  00:00:00' AND '2017-07-19 23:59:59' AND `audit_shops_name` = 4 AND `audit_decision` = 1 LIMIT 1   [ RunTime:0.0010s ]
SQL: SELECT COUNT(*) AS tp_count FROM `checking_audit` WHERE `audit_time` BETWEEN '2017-07-18  00:00:00' AND '2017-07-18 23:59:59' AND `audit_shops_name` = 4 AND `audit_decision` = 1 LIMIT 1   [ RunTime:0.0010s ]
SQL: SELECT COUNT(*) AS tp_count FROM `checking_audit` WHERE `audit_time` BETWEEN '2017-07-17  00:00:00' AND '2017-07-17 23:59:59' AND `audit_shops_name` = 4 AND `audit_decision` = 1 LIMIT 1   [ RunTime:0.0010s ]
SQL: SELECT COUNT(*) AS tp_count FROM `checking_audit` WHERE `audit_time` BETWEEN '2017-07-16  00:00:00' AND '2017-07-16 23:59:59' AND `audit_shops_name` = 4 AND `audit_decision` = 1 LIMIT 1   [ RunTime:0.0010s ]
SQL: SELECT COUNT(*) AS tp_count FROM `checking_audit` WHERE `audit_time` BETWEEN '2017-07-15  00:00:00' AND '2017-07-15 23:59:59' AND `audit_shops_name` = 4 AND `audit_decision` = 1 LIMIT 1   [ RunTime:0.0010s ]
SQL: SELECT COUNT(*) AS tp_count FROM `checking_audit` WHERE `audit_time` BETWEEN '2017-07-14  00:00:00' AND '2017-07-14 23:59:59' AND `audit_shops_name` = 4 AND `audit_decision` = 1 LIMIT 1   [ RunTime:0.0010s ]
SQL: SELECT COUNT(*) AS tp_count FROM `checking_audit` WHERE `audit_time` BETWEEN '2017-07-13  00:00:00' AND '2017-07-13 23:59:59' AND `audit_shops_name` = 4 AND `audit_decision` = 1 LIMIT 1   [ RunTime:0.0010s ]
SQL: SELECT COUNT(*) AS tp_count FROM `checking_audit` WHERE `audit_time` BETWEEN '2017-07-12  00:00:00' AND '2017-07-12 23:59:59' AND `audit_shops_name` = 4 AND `audit_decision` = 1 LIMIT 1   [ RunTime:0.0010s ]
SQL: SELECT COUNT(*) AS tp_count FROM `checking_audit` WHERE `audit_time` BETWEEN '2017-07-11  00:00:00' AND '2017-07-11 23:59:59' AND `audit_shops_name` = 4 AND `audit_decision` = 1 LIMIT 1   [ RunTime:0.0010s ]
SQL: SELECT COUNT(*) AS tp_count FROM `checking_audit` WHERE `audit_time` BETWEEN '2017-07-10  00:00:00' AND '2017-07-10 23:59:59' AND `audit_shops_name` = 4 AND `audit_decision` = 1 LIMIT 1   [ RunTime:0.0010s ]
SQL: SELECT COUNT(*) AS tp_count FROM `checking_audit` WHERE `audit_time` BETWEEN '2017-07-09  00:00:00' AND '2017-07-09 23:59:59' AND `audit_shops_name` = 4 AND `audit_decision` = 1 LIMIT 1   [ RunTime:0.0010s ]
SQL: SELECT COUNT(*) AS tp_count FROM `checking_audit` WHERE `audit_time` BETWEEN '2017-07-08  00:00:00' AND '2017-07-08 23:59:59' AND `audit_shops_name` = 4 AND `audit_decision` = 1 LIMIT 1   [ RunTime:0.0010s ]
SQL: SELECT COUNT(*) AS tp_count FROM `checking_audit` WHERE `audit_time` BETWEEN '2017-07-07  00:00:00' AND '2017-07-07 23:59:59' AND `audit_shops_name` = 4 AND `audit_decision` = 1 LIMIT 1   [ RunTime:0.0000s ]
SQL: SELECT COUNT(*) AS tp_count FROM `checking_audit` WHERE `audit_time` BETWEEN '2017-07-06  00:00:00' AND '2017-07-06 23:59:59' AND `audit_shops_name` = 4 AND `audit_decision` = 1 LIMIT 1   [ RunTime:0.0010s ]
SQL: SELECT COUNT(*) AS tp_count FROM `checking_audit` WHERE `audit_time` BETWEEN '2017-07-05  00:00:00' AND '2017-07-05 23:59:59' AND `audit_shops_name` = 4 AND `audit_decision` = 1 LIMIT 1   [ RunTime:0.0010s ]
SQL: SELECT COUNT(*) AS tp_count FROM `checking_audit` WHERE `audit_time` BETWEEN '2017-07-04  00:00:00' AND '2017-07-04 23:59:59' AND `audit_shops_name` = 4 AND `audit_decision` = 1 LIMIT 1   [ RunTime:0.0010s ]
SQL: SELECT COUNT(*) AS tp_count FROM `checking_audit` WHERE `audit_time` BETWEEN '2017-07-03  00:00:00' AND '2017-07-03 23:59:59' AND `audit_shops_name` = 4 AND `audit_decision` = 1 LIMIT 1   [ RunTime:0.0020s ]
SQL: SELECT COUNT(*) AS tp_count FROM `checking_audit` WHERE `audit_time` BETWEEN '2017-07-02  00:00:00' AND '2017-07-02 23:59:59' AND `audit_shops_name` = 4 AND `audit_decision` = 1 LIMIT 1   [ RunTime:0.0010s ]
SQL: SELECT COUNT(*) AS tp_count FROM `checking_audit` WHERE `audit_time` BETWEEN '2017-07-01  00:00:00' AND '2017-07-01 23:59:59' AND `audit_shops_name` = 4 AND `audit_decision` = 1 LIMIT 1   [ RunTime:0.0010s ]
SQL: SELECT COUNT(*) AS tp_count FROM `checking_audit` WHERE `audit_time` BETWEEN '2017-06-30  00:00:00' AND '2017-06-30 23:59:59' AND `audit_shops_name` = 4 AND `audit_decision` = 1 LIMIT 1   [ RunTime:0.0010s ]
SQL: SELECT * FROM `sys_business` WHERE ( id = 5 ) LIMIT 1   [ RunTime:0.0010s ]
SQL: SELECT COUNT(*) AS tp_count FROM `checking_audit` WHERE `audit_time` BETWEEN '2017-07-29  00:00:00' AND '2017-07-29 23:59:59' AND `audit_shops_name` = 5 AND `audit_decision` = 1 LIMIT 1   [ RunTime:0.0010s ]
SQL: SELECT COUNT(*) AS tp_count FROM `checking_audit` WHERE `audit_time` BETWEEN '2017-07-28  00:00:00' AND '2017-07-28 23:59:59' AND `audit_shops_name` = 5 AND `audit_decision` = 1 LIMIT 1   [ RunTime:0.0010s ]
SQL: SELECT COUNT(*) AS tp_count FROM `checking_audit` WHERE `audit_time` BETWEEN '2017-07-27  00:00:00' AND '2017-07-27 23:59:59' AND `audit_shops_name` = 5 AND `audit_decision` = 1 LIMIT 1   [ RunTime:0.0010s ]
SQL: SELECT COUNT(*) AS tp_count FROM `checking_audit` WHERE `audit_time` BETWEEN '2017-07-26  00:00:00' AND '2017-07-26 23:59:59' AND `audit_shops_name` = 5 AND `audit_decision` = 1 LIMIT 1   [ RunTime:0.0010s ]
SQL: SELECT COUNT(*) AS tp_count FROM `checking_audit` WHERE `audit_time` BETWEEN '2017-07-25  00:00:00' AND '2017-07-25 23:59:59' AND `audit_shops_name` = 5 AND `audit_decision` = 1 LIMIT 1   [ RunTime:0.0010s ]
SQL: SELECT COUNT(*) AS tp_count FROM `checking_audit` WHERE `audit_time` BETWEEN '2017-07-24  00:00:00' AND '2017-07-24 23:59:59' AND `audit_shops_name` = 5 AND `audit_decision` = 1 LIMIT 1   [ RunTime:0.0010s ]
SQL: SELECT COUNT(*) AS tp_count FROM `checking_audit` WHERE `audit_time` BETWEEN '2017-07-23  00:00:00' AND '2017-07-23 23:59:59' AND `audit_shops_name` = 5 AND `audit_decision` = 1 LIMIT 1   [ RunTime:0.0010s ]
SQL: SELECT COUNT(*) AS tp_count FROM `checking_audit` WHERE `audit_time` BETWEEN '2017-07-22  00:00:00' AND '2017-07-22 23:59:59' AND `audit_shops_name` = 5 AND `audit_decision` = 1 LIMIT 1   [ RunTime:0.0010s ]
SQL: SELECT COUNT(*) AS tp_count FROM `checking_audit` WHERE `audit_time` BETWEEN '2017-07-21  00:00:00' AND '2017-07-21 23:59:59' AND `audit_shops_name` = 5 AND `audit_decision` = 1 LIMIT 1   [ RunTime:0.0010s ]
SQL: SELECT COUNT(*) AS tp_count FROM `checking_audit` WHERE `audit_time` BETWEEN '2017-07-20  00:00:00' AND '2017-07-20 23:59:59' AND `audit_shops_name` = 5 AND `audit_decision` = 1 LIMIT 1   [ RunTime:0.0010s ]
SQL: SELECT COUNT(*) AS tp_count FROM `checking_audit` WHERE `audit_time` BETWEEN '2017-07-19  00:00:00' AND '2017-07-19 23:59:59' AND `audit_shops_name` = 5 AND `audit_decision` = 1 LIMIT 1   [ RunTime:0.0010s ]
SQL: SELECT COUNT(*) AS tp_count FROM `checking_audit` WHERE `audit_time` BETWEEN '2017-07-18  00:00:00' AND '2017-07-18 23:59:59' AND `audit_shops_name` = 5 AND `audit_decision` = 1 LIMIT 1   [ RunTime:0.0020s ]
SQL: SELECT COUNT(*) AS tp_count FROM `checking_audit` WHERE `audit_time` BETWEEN '2017-07-17  00:00:00' AND '2017-07-17 23:59:59' AND `audit_shops_name` = 5 AND `audit_decision` = 1 LIMIT 1   [ RunTime:0.0010s ]
SQL: SELECT COUNT(*) AS tp_count FROM `checking_audit` WHERE `audit_time` BETWEEN '2017-07-16  00:00:00' AND '2017-07-16 23:59:59' AND `audit_shops_name` = 5 AND `audit_decision` = 1 LIMIT 1   [ RunTime:0.0020s ]
SQL: SELECT COUNT(*) AS tp_count FROM `checking_audit` WHERE `audit_time` BETWEEN '2017-07-15  00:00:00' AND '2017-07-15 23:59:59' AND `audit_shops_name` = 5 AND `audit_decision` = 1 LIMIT 1   [ RunTime:0.0010s ]
SQL: SELECT COUNT(*) AS tp_count FROM `checking_audit` WHERE `audit_time` BETWEEN '2017-07-14  00:00:00' AND '2017-07-14 23:59:59' AND `audit_shops_name` = 5 AND `audit_decision` = 1 LIMIT 1   [ RunTime:0.0020s ]
SQL: SELECT COUNT(*) AS tp_count FROM `checking_audit` WHERE `audit_time` BETWEEN '2017-07-13  00:00:00' AND '2017-07-13 23:59:59' AND `audit_shops_name` = 5 AND `audit_decision` = 1 LIMIT 1   [ RunTime:0.0010s ]
SQL: SELECT COUNT(*) AS tp_count FROM `checking_audit` WHERE `audit_time` BETWEEN '2017-07-12  00:00:00' AND '2017-07-12 23:59:59' AND `audit_shops_name` = 5 AND `audit_decision` = 1 LIMIT 1   [ RunTime:0.0010s ]
SQL: SELECT COUNT(*) AS tp_count FROM `checking_audit` WHERE `audit_time` BETWEEN '2017-07-11  00:00:00' AND '2017-07-11 23:59:59' AND `audit_shops_name` = 5 AND `audit_decision` = 1 LIMIT 1   [ RunTime:0.0010s ]
SQL: SELECT COUNT(*) AS tp_count FROM `checking_audit` WHERE `audit_time` BETWEEN '2017-07-10  00:00:00' AND '2017-07-10 23:59:59' AND `audit_shops_name` = 5 AND `audit_decision` = 1 LIMIT 1   [ RunTime:0.0010s ]
SQL: SELECT COUNT(*) AS tp_count FROM `checking_audit` WHERE `audit_time` BETWEEN '2017-07-09  00:00:00' AND '2017-07-09 23:59:59' AND `audit_shops_name` = 5 AND `audit_decision` = 1 LIMIT 1   [ RunTime:0.0010s ]
SQL: SELECT COUNT(*) AS tp_count FROM `checking_audit` WHERE `audit_time` BETWEEN '2017-07-08  00:00:00' AND '2017-07-08 23:59:59' AND `audit_shops_name` = 5 AND `audit_decision` = 1 LIMIT 1   [ RunTime:0.0010s ]
SQL: SELECT COUNT(*) AS tp_count FROM `checking_audit` WHERE `audit_time` BETWEEN '2017-07-07  00:00:00' AND '2017-07-07 23:59:59' AND `audit_shops_name` = 5 AND `audit_decision` = 1 LIMIT 1   [ RunTime:0.0010s ]
SQL: SELECT COUNT(*) AS tp_count FROM `checking_audit` WHERE `audit_time` BETWEEN '2017-07-06  00:00:00' AND '2017-07-06 23:59:59' AND `audit_shops_name` = 5 AND `audit_decision` = 1 LIMIT 1   [ RunTime:0.0010s ]
SQL: SELECT COUNT(*) AS tp_count FROM `checking_audit` WHERE `audit_time` BETWEEN '2017-07-05  00:00:00' AND '2017-07-05 23:59:59' AND `audit_shops_name` = 5 AND `audit_decision` = 1 LIMIT 1   [ RunTime:0.0010s ]
SQL: SELECT COUNT(*) AS tp_count FROM `checking_audit` WHERE `audit_time` BETWEEN '2017-07-04  00:00:00' AND '2017-07-04 23:59:59' AND `audit_shops_name` = 5 AND `audit_decision` = 1 LIMIT 1   [ RunTime:0.0000s ]
SQL: SELECT COUNT(*) AS tp_count FROM `checking_audit` WHERE `audit_time` BETWEEN '2017-07-03  00:00:00' AND '2017-07-03 23:59:59' AND `audit_shops_name` = 5 AND `audit_decision` = 1 LIMIT 1   [ RunTime:0.0000s ]
SQL: SELECT COUNT(*) AS tp_count FROM `checking_audit` WHERE `audit_time` BETWEEN '2017-07-02  00:00:00' AND '2017-07-02 23:59:59' AND `audit_shops_name` = 5 AND `audit_decision` = 1 LIMIT 1   [ RunTime:0.0010s ]
SQL: SELECT COUNT(*) AS tp_count FROM `checking_audit` WHERE `audit_time` BETWEEN '2017-07-01  00:00:00' AND '2017-07-01 23:59:59' AND `audit_shops_name` = 5 AND `audit_decision` = 1 LIMIT 1   [ RunTime:0.0010s ]
SQL: SELECT COUNT(*) AS tp_count FROM `checking_audit` WHERE `audit_time` BETWEEN '2017-06-30  00:00:00' AND '2017-06-30 23:59:59' AND `audit_shops_name` = 5 AND `audit_decision` = 1 LIMIT 1   [ RunTime:0.0010s ]

[ 2017-07-29T14:01:42+08:00 ] 127.0.0.1 /lenovo3c_new/lbyun/index.php/Admin/SaleAnalyze/businessLine.html?day=7
INFO: [ app_begin ] --START--
INFO: Run Behavior\ReadHtmlCacheBehavior [ RunTime:0.000000s ]
INFO: [ app_begin ] --END-- [ RunTime:0.001001s ]
SQL: SHOW COLUMNS FROM `sys_business` [ RunTime:0.0070s ]
SQL: SELECT MAX(id) AS tp_max FROM `sys_business` LIMIT 1   [ RunTime:0.0010s ]
SQL: SELECT * FROM `sys_business` WHERE ( id = 1 ) LIMIT 1   [ RunTime:0.0000s ]
SQL: SHOW COLUMNS FROM `checking_audit` [ RunTime:0.0060s ]
SQL: SELECT COUNT(*) AS tp_count FROM `checking_audit` WHERE `audit_time` BETWEEN '2017-07-29  00:00:00' AND '2017-07-29 23:59:59' AND `audit_shops_name` = 1 AND `audit_decision` = 1 LIMIT 1   [ RunTime:0.0010s ]
SQL: SELECT COUNT(*) AS tp_count FROM `checking_audit` WHERE `audit_time` BETWEEN '2017-07-28  00:00:00' AND '2017-07-28 23:59:59' AND `audit_shops_name` = 1 AND `audit_decision` = 1 LIMIT 1   [ RunTime:0.0010s ]
SQL: SELECT COUNT(*) AS tp_count FROM `checking_audit` WHERE `audit_time` BETWEEN '2017-07-27  00:00:00' AND '2017-07-27 23:59:59' AND `audit_shops_name` = 1 AND `audit_decision` = 1 LIMIT 1   [ RunTime:0.0010s ]
SQL: SELECT COUNT(*) AS tp_count FROM `checking_audit` WHERE `audit_time` BETWEEN '2017-07-26  00:00:00' AND '2017-07-26 23:59:59' AND `audit_shops_name` = 1 AND `audit_decision` = 1 LIMIT 1   [ RunTime:0.0010s ]
SQL: SELECT COUNT(*) AS tp_count FROM `checking_audit` WHERE `audit_time` BETWEEN '2017-07-25  00:00:00' AND '2017-07-25 23:59:59' AND `audit_shops_name` = 1 AND `audit_decision` = 1 LIMIT 1   [ RunTime:0.0000s ]
SQL: SELECT COUNT(*) AS tp_count FROM `checking_audit` WHERE `audit_time` BETWEEN '2017-07-24  00:00:00' AND '2017-07-24 23:59:59' AND `audit_shops_name` = 1 AND `audit_decision` = 1 LIMIT 1   [ RunTime:0.0010s ]
SQL: SELECT COUNT(*) AS tp_count FROM `checking_audit` WHERE `audit_time` BETWEEN '2017-07-23  00:00:00' AND '2017-07-23 23:59:59' AND `audit_shops_name` = 1 AND `audit_decision` = 1 LIMIT 1   [ RunTime:0.0010s ]
SQL: SELECT * FROM `sys_business` WHERE ( id = 2 ) LIMIT 1   [ RunTime:0.0000s ]
SQL: SELECT COUNT(*) AS tp_count FROM `checking_audit` WHERE `audit_time` BETWEEN '2017-07-29  00:00:00' AND '2017-07-29 23:59:59' AND `audit_shops_name` = 2 AND `audit_decision` = 1 LIMIT 1   [ RunTime:0.0010s ]
SQL: SELECT COUNT(*) AS tp_count FROM `checking_audit` WHERE `audit_time` BETWEEN '2017-07-28  00:00:00' AND '2017-07-28 23:59:59' AND `audit_shops_name` = 2 AND `audit_decision` = 1 LIMIT 1   [ RunTime:0.0010s ]
SQL: SELECT COUNT(*) AS tp_count FROM `checking_audit` WHERE `audit_time` BETWEEN '2017-07-27  00:00:00' AND '2017-07-27 23:59:59' AND `audit_shops_name` = 2 AND `audit_decision` = 1 LIMIT 1   [ RunTime:0.0010s ]
SQL: SELECT COUNT(*) AS tp_count FROM `checking_audit` WHERE `audit_time` BETWEEN '2017-07-26  00:00:00' AND '2017-07-26 23:59:59' AND `audit_shops_name` = 2 AND `audit_decision` = 1 LIMIT 1   [ RunTime:0.0010s ]
SQL: SELECT COUNT(*) AS tp_count FROM `checking_audit` WHERE `audit_time` BETWEEN '2017-07-25  00:00:00' AND '2017-07-25 23:59:59' AND `audit_shops_name` = 2 AND `audit_decision` = 1 LIMIT 1   [ RunTime:0.0010s ]
SQL: SELECT COUNT(*) AS tp_count FROM `checking_audit` WHERE `audit_time` BETWEEN '2017-07-24  00:00:00' AND '2017-07-24 23:59:59' AND `audit_shops_name` = 2 AND `audit_decision` = 1 LIMIT 1   [ RunTime:0.0010s ]
SQL: SELECT COUNT(*) AS tp_count FROM `checking_audit` WHERE `audit_time` BETWEEN '2017-07-23  00:00:00' AND '2017-07-23 23:59:59' AND `audit_shops_name` = 2 AND `audit_decision` = 1 LIMIT 1   [ RunTime:0.0010s ]
SQL: SELECT * FROM `sys_business` WHERE ( id = 3 ) LIMIT 1   [ RunTime:0.0000s ]
SQL: SELECT COUNT(*) AS tp_count FROM `checking_audit` WHERE `audit_time` BETWEEN '2017-07-29  00:00:00' AND '2017-07-29 23:59:59' AND `audit_shops_name` = 3 AND `audit_decision` = 1 LIMIT 1   [ RunTime:0.0020s ]
SQL: SELECT COUNT(*) AS tp_count FROM `checking_audit` WHERE `audit_time` BETWEEN '2017-07-28  00:00:00' AND '2017-07-28 23:59:59' AND `audit_shops_name` = 3 AND `audit_decision` = 1 LIMIT 1   [ RunTime:0.0010s ]
SQL: SELECT COUNT(*) AS tp_count FROM `checking_audit` WHERE `audit_time` BETWEEN '2017-07-27  00:00:00' AND '2017-07-27 23:59:59' AND `audit_shops_name` = 3 AND `audit_decision` = 1 LIMIT 1   [ RunTime:0.0020s ]
SQL: SELECT COUNT(*) AS tp_count FROM `checking_audit` WHERE `audit_time` BETWEEN '2017-07-26  00:00:00' AND '2017-07-26 23:59:59' AND `audit_shops_name` = 3 AND `audit_decision` = 1 LIMIT 1   [ RunTime:0.0010s ]
SQL: SELECT COUNT(*) AS tp_count FROM `checking_audit` WHERE `audit_time` BETWEEN '2017-07-25  00:00:00' AND '2017-07-25 23:59:59' AND `audit_shops_name` = 3 AND `audit_decision` = 1 LIMIT 1   [ RunTime:0.0010s ]
SQL: SELECT COUNT(*) AS tp_count FROM `checking_audit` WHERE `audit_time` BETWEEN '2017-07-24  00:00:00' AND '2017-07-24 23:59:59' AND `audit_shops_name` = 3 AND `audit_decision` = 1 LIMIT 1   [ RunTime:0.0010s ]
SQL: SELECT COUNT(*) AS tp_count FROM `checking_audit` WHERE `audit_time` BETWEEN '2017-07-23  00:00:00' AND '2017-07-23 23:59:59' AND `audit_shops_name` = 3 AND `audit_decision` = 1 LIMIT 1   [ RunTime:0.0010s ]
SQL: SELECT * FROM `sys_business` WHERE ( id = 4 ) LIMIT 1   [ RunTime:0.0000s ]
SQL: SELECT COUNT(*) AS tp_count FROM `checking_audit` WHERE `audit_time` BETWEEN '2017-07-29  00:00:00' AND '2017-07-29 23:59:59' AND `audit_shops_name` = 4 AND `audit_decision` = 1 LIMIT 1   [ RunTime:0.0010s ]
SQL: SELECT COUNT(*) AS tp_count FROM `checking_audit` WHERE `audit_time` BETWEEN '2017-07-28  00:00:00' AND '2017-07-28 23:59:59' AND `audit_shops_name` = 4 AND `audit_decision` = 1 LIMIT 1   [ RunTime:0.0010s ]
SQL: SELECT COUNT(*) AS tp_count FROM `checking_audit` WHERE `audit_time` BETWEEN '2017-07-27  00:00:00' AND '2017-07-27 23:59:59' AND `audit_shops_name` = 4 AND `audit_decision` = 1 LIMIT 1   [ RunTime:0.0010s ]
SQL: SELECT COUNT(*) AS tp_count FROM `checking_audit` WHERE `audit_time` BETWEEN '2017-07-26  00:00:00' AND '2017-07-26 23:59:59' AND `audit_shops_name` = 4 AND `audit_decision` = 1 LIMIT 1   [ RunTime:0.0020s ]
SQL: SELECT COUNT(*) AS tp_count FROM `checking_audit` WHERE `audit_time` BETWEEN '2017-07-25  00:00:00' AND '2017-07-25 23:59:59' AND `audit_shops_name` = 4 AND `audit_decision` = 1 LIMIT 1   [ RunTime:0.0010s ]
SQL: SELECT COUNT(*) AS tp_count FROM `checking_audit` WHERE `audit_time` BETWEEN '2017-07-24  00:00:00' AND '2017-07-24 23:59:59' AND `audit_shops_name` = 4 AND `audit_decision` = 1 LIMIT 1   [ RunTime:0.0010s ]
SQL: SELECT COUNT(*) AS tp_count FROM `checking_audit` WHERE `audit_time` BETWEEN '2017-07-23  00:00:00' AND '2017-07-23 23:59:59' AND `audit_shops_name` = 4 AND `audit_decision` = 1 LIMIT 1   [ RunTime:0.0010s ]
SQL: SELECT * FROM `sys_business` WHERE ( id = 5 ) LIMIT 1   [ RunTime:0.0000s ]
SQL: SELECT COUNT(*) AS tp_count FROM `checking_audit` WHERE `audit_time` BETWEEN '2017-07-29  00:00:00' AND '2017-07-29 23:59:59' AND `audit_shops_name` = 5 AND `audit_decision` = 1 LIMIT 1   [ RunTime:0.0010s ]
SQL: SELECT COUNT(*) AS tp_count FROM `checking_audit` WHERE `audit_time` BETWEEN '2017-07-28  00:00:00' AND '2017-07-28 23:59:59' AND `audit_shops_name` = 5 AND `audit_decision` = 1 LIMIT 1   [ RunTime:0.0020s ]
SQL: SELECT COUNT(*) AS tp_count FROM `checking_audit` WHERE `audit_time` BETWEEN '2017-07-27  00:00:00' AND '2017-07-27 23:59:59' AND `audit_shops_name` = 5 AND `audit_decision` = 1 LIMIT 1   [ RunTime:0.0010s ]
SQL: SELECT COUNT(*) AS tp_count FROM `checking_audit` WHERE `audit_time` BETWEEN '2017-07-26  00:00:00' AND '2017-07-26 23:59:59' AND `audit_shops_name` = 5 AND `audit_decision` = 1 LIMIT 1   [ RunTime:0.0010s ]
SQL: SELECT COUNT(*) AS tp_count FROM `checking_audit` WHERE `audit_time` BETWEEN '2017-07-25  00:00:00' AND '2017-07-25 23:59:59' AND `audit_shops_name` = 5 AND `audit_decision` = 1 LIMIT 1   [ RunTime:0.0010s ]
SQL: SELECT COUNT(*) AS tp_count FROM `checking_audit` WHERE `audit_time` BETWEEN '2017-07-24  00:00:00' AND '2017-07-24 23:59:59' AND `audit_shops_name` = 5 AND `audit_decision` = 1 LIMIT 1   [ RunTime:0.0010s ]
SQL: SELECT COUNT(*) AS tp_count FROM `checking_audit` WHERE `audit_time` BETWEEN '2017-07-23  00:00:00' AND '2017-07-23 23:59:59' AND `audit_shops_name` = 5 AND `audit_decision` = 1 LIMIT 1   [ RunTime:0.0010s ]

