[ 2017-05-27T09:03:53+08:00 ] ::1 /yjc/lby/index.php/Admin/Index/index1.html
ERR: 非法操作:index1

[ 2017-05-27T09:04:00+08:00 ] ::1 /yjc/lby/Public/Admin/static/userlist/j/yjc/lby/Public/Admin/static/userlist/query_006.js
ERR: 无法加载控制器:Public

[ 2017-05-27T09:04:00+08:00 ] ::1 /yjc/lby/index.php/Background/WdatePicker.css
ERR: 非法操作:WdatePicker.css

[ 2017-05-27T09:04:00+08:00 ] ::1 /yjc/lby/Public/Admin/static/userlist/j/yjc/lby/Public/Admin/static/userlist/query_006.js
ERR: 无法加载控制器:Public

[ 2017-05-27T09:04:01+08:00 ] ::1 /yjc/lby/index.php/Background/WdatePicker.css
ERR: 非法操作:WdatePicker.css

[ 2017-05-27T09:04:01+08:00 ] ::1 /yjc/lby/Public/Admin/static/userlist/skin/WdatePicker.css
ERR: 无法加载控制器:Public

[ 2017-05-27T09:08:46+08:00 ] ::1 /yjc/lby/index.php/Admin/Index/index1.html
ERR: 非法操作:index1

[ 2017-05-27T09:08:51+08:00 ] ::1 /yjc/lby/index.php/Background/WdatePicker.css
ERR: 非法操作:WdatePicker.css

[ 2017-05-27T09:08:51+08:00 ] ::1 /yjc/lby/Public/Admin/static/userlist/j/yjc/lby/Public/Admin/static/userlist/query_006.js
ERR: 无法加载控制器:Public

[ 2017-05-27T09:08:51+08:00 ] ::1 /yjc/lby/Public/Admin/static/userlist/j/yjc/lby/Public/Admin/static/userlist/query_006.js
ERR: 无法加载控制器:Public

[ 2017-05-27T09:08:51+08:00 ] ::1 /yjc/lby/Public/Admin/static/userlist/skin/WdatePicker.css
ERR: 无法加载控制器:Public

[ 2017-05-27T09:08:51+08:00 ] ::1 /yjc/lby/index.php/Background/WdatePicker.css
ERR: 非法操作:WdatePicker.css

[ 2017-05-27T09:08:52+08:00 ] ::1 /yjc/lby/probleminformation/list.do
ERR: 无法加载控制器:Probleminformation

[ 2017-05-27T09:08:54+08:00 ] ::1 /yjc/lby/Public/Admin/static/userlist/j/yjc/lby/Public/Admin/static/userlist/query_006.js
ERR: 无法加载控制器:Public

[ 2017-05-27T09:08:54+08:00 ] ::1 /yjc/lby/index.php/Background/WdatePicker.css
ERR: 非法操作:WdatePicker.css

[ 2017-05-27T09:08:54+08:00 ] ::1 /yjc/lby/Public/Admin/static/userlist/j/yjc/lby/Public/Admin/static/userlist/query_006.js
ERR: 无法加载控制器:Public

[ 2017-05-27T09:08:54+08:00 ] ::1 /yjc/lby/Public/Admin/static/userlist/skin/WdatePicker.css
ERR: 无法加载控制器:Public

[ 2017-05-27T09:08:54+08:00 ] ::1 /yjc/lby/index.php/Background/WdatePicker.css
ERR: 非法操作:WdatePicker.css

[ 2017-05-27T09:12:34+08:00 ] ::1 /yjc/lby/Public/Admin/static/userlist/j/yjc/lby/Public/Admin/static/userlist/query_006.js
ERR: 无法加载控制器:Public

[ 2017-05-27T09:12:34+08:00 ] ::1 /yjc/lby/index.php/Background/WdatePicker.css
ERR: 非法操作:WdatePicker.css

[ 2017-05-27T09:12:34+08:00 ] ::1 /yjc/lby/Public/Admin/static/userlist/j/yjc/lby/Public/Admin/static/userlist/query_006.js
ERR: 无法加载控制器:Public

[ 2017-05-27T09:12:34+08:00 ] ::1 /yjc/lby/index.php/Background/WdatePicker.css
ERR: 非法操作:WdatePicker.css

[ 2017-05-27T09:12:34+08:00 ] ::1 /yjc/lby/Public/Admin/static/userlist/skin/WdatePicker.css
ERR: 无法加载控制器:Public

[ 2017-05-27T09:19:00+08:00 ] ::1 /yjc/lby/Public/Admin/static/userlist/j/yjc/lby/Public/Admin/static/userlist/query_006.js
ERR: 无法加载控制器:Public

[ 2017-05-27T09:19:00+08:00 ] ::1 /yjc/lby/index.php/Background/WdatePicker.css
ERR: 非法操作:WdatePicker.css

[ 2017-05-27T09:19:00+08:00 ] ::1 /yjc/lby/Public/Admin/static/userlist/j/yjc/lby/Public/Admin/static/userlist/query_006.js
ERR: 无法加载控制器:Public

[ 2017-05-27T09:19:00+08:00 ] ::1 /yjc/lby/Public/Admin/static/userlist/skin/WdatePicker.css
ERR: 无法加载控制器:Public

[ 2017-05-27T09:19:00+08:00 ] ::1 /yjc/lby/index.php/Background/WdatePicker.css
ERR: 非法操作:WdatePicker.css

[ 2017-05-27T09:22:58+08:00 ] ::1 /yjc/lby/index.php/Background/WdatePicker.css
ERR: 非法操作:WdatePicker.css

[ 2017-05-27T09:22:58+08:00 ] ::1 /yjc/lby/Public/Admin/static/userlist/j/yjc/lby/Public/Admin/static/userlist/query_006.js
ERR: 无法加载控制器:Public

[ 2017-05-27T09:22:58+08:00 ] ::1 /yjc/lby/Public/Admin/static/userlist/j/yjc/lby/Public/Admin/static/userlist/query_006.js
ERR: 无法加载控制器:Public

[ 2017-05-27T09:22:58+08:00 ] ::1 /yjc/lby/Public/Admin/static/userlist/skin/WdatePicker.css
ERR: 无法加载控制器:Public

[ 2017-05-27T09:22:58+08:00 ] ::1 /yjc/lby/index.php/Background/WdatePicker.css
ERR: 非法操作:WdatePicker.css

[ 2017-05-27T09:23:22+08:00 ] ::1 /yjc/lby/Public/Admin/static/userlist/j/yjc/lby/Public/Admin/static/userlist/query_006.js
ERR: 无法加载控制器:Public

[ 2017-05-27T09:23:22+08:00 ] ::1 /yjc/lby/index.php/Background/WdatePicker.css
ERR: 非法操作:WdatePicker.css

[ 2017-05-27T09:23:22+08:00 ] ::1 /yjc/lby/Public/Admin/static/userlist/j/yjc/lby/Public/Admin/static/userlist/query_006.js
ERR: 无法加载控制器:Public

[ 2017-05-27T09:23:22+08:00 ] ::1 /yjc/lby/index.php/Background/WdatePicker.css
ERR: 非法操作:WdatePicker.css

[ 2017-05-27T09:23:22+08:00 ] ::1 /yjc/lby/Public/Admin/static/userlist/skin/WdatePicker.css
ERR: 无法加载控制器:Public

[ 2017-05-27T09:24:39+08:00 ] ::1 /yjc/lby/Public/Admin/static/userlist/j/yjc/lby/Public/Admin/static/userlist/query_006.js
ERR: 无法加载控制器:Public

[ 2017-05-27T09:24:39+08:00 ] ::1 /yjc/lby/index.php/Background/WdatePicker.css
ERR: 非法操作:WdatePicker.css

[ 2017-05-27T09:24:39+08:00 ] ::1 /yjc/lby/Public/Admin/static/userlist/j/yjc/lby/Public/Admin/static/userlist/query_006.js
ERR: 无法加载控制器:Public

[ 2017-05-27T09:24:39+08:00 ] ::1 /yjc/lby/index.php/Background/WdatePicker.css
ERR: 非法操作:WdatePicker.css

[ 2017-05-27T09:24:39+08:00 ] ::1 /yjc/lby/Public/Admin/static/userlist/skin/WdatePicker.css
ERR: 无法加载控制器:Public

[ 2017-05-27T09:26:51+08:00 ] ::1 /yjc/lby/Public/Admin/static/userlist/j/yjc/lby/Public/Admin/static/userlist/query_006.js
ERR: 无法加载控制器:Public

[ 2017-05-27T09:26:51+08:00 ] ::1 /yjc/lby/index.php/Background/WdatePicker.css
ERR: 非法操作:WdatePicker.css

[ 2017-05-27T09:26:51+08:00 ] ::1 /yjc/lby/Public/Admin/static/userlist/j/yjc/lby/Public/Admin/static/userlist/query_006.js
ERR: 无法加载控制器:Public

[ 2017-05-27T09:26:51+08:00 ] ::1 /yjc/lby/index.php/Background/WdatePicker.css
ERR: 非法操作:WdatePicker.css

[ 2017-05-27T09:26:51+08:00 ] ::1 /yjc/lby/Public/Admin/static/userlist/skin/WdatePicker.css
ERR: 无法加载控制器:Public

[ 2017-05-27T09:30:03+08:00 ] ::1 /yjc/lby/Public/Admin/static/userlist/j/yjc/lby/Public/Admin/static/userlist/query_006.js
ERR: 无法加载控制器:Public

[ 2017-05-27T09:30:03+08:00 ] ::1 /yjc/lby/index.php/Background/WdatePicker.css
ERR: 非法操作:WdatePicker.css

[ 2017-05-27T09:30:03+08:00 ] ::1 /yjc/lby/Public/Admin/static/userlist/j/yjc/lby/Public/Admin/static/userlist/query_006.js
ERR: 无法加载控制器:Public

[ 2017-05-27T09:30:03+08:00 ] ::1 /yjc/lby/index.php/Background/WdatePicker.css
ERR: 非法操作:WdatePicker.css

[ 2017-05-27T09:30:03+08:00 ] ::1 /yjc/lby/Public/Admin/static/userlist/skin/WdatePicker.css
ERR: 无法加载控制器:Public

[ 2017-05-27T09:30:41+08:00 ] ::1 /yjc/lby/index.php/Background/WdatePicker.css
ERR: 非法操作:WdatePicker.css

[ 2017-05-27T09:30:41+08:00 ] ::1 /yjc/lby/Public/Admin/static/userlist/j/yjc/lby/Public/Admin/static/userlist/query_006.js
ERR: 无法加载控制器:Public

[ 2017-05-27T09:30:41+08:00 ] ::1 /yjc/lby/Public/Admin/static/userlist/j/yjc/lby/Public/Admin/static/userlist/query_006.js
ERR: 无法加载控制器:Public

[ 2017-05-27T09:30:41+08:00 ] ::1 /yjc/lby/index.php/Background/WdatePicker.css
ERR: 非法操作:WdatePicker.css

[ 2017-05-27T09:30:41+08:00 ] ::1 /yjc/lby/Public/Admin/static/userlist/skin/WdatePicker.css
ERR: 无法加载控制器:Public

[ 2017-05-27T09:32:02+08:00 ] ::1 /yjc/lby/index.php/Background/WdatePicker.css
ERR: 非法操作:WdatePicker.css

[ 2017-05-27T09:32:02+08:00 ] ::1 /yjc/lby/Public/Admin/static/userlist/j/yjc/lby/Public/Admin/static/userlist/query_006.js
ERR: 无法加载控制器:Public

[ 2017-05-27T09:32:02+08:00 ] ::1 /yjc/lby/Public/Admin/static/userlist/j/yjc/lby/Public/Admin/static/userlist/query_006.js
ERR: 无法加载控制器:Public

[ 2017-05-27T09:32:02+08:00 ] ::1 /yjc/lby/Public/Admin/static/userlist/skin/WdatePicker.css
ERR: 无法加载控制器:Public

[ 2017-05-27T09:32:02+08:00 ] ::1 /yjc/lby/index.php/Background/WdatePicker.css
ERR: 非法操作:WdatePicker.css

[ 2017-05-27T09:32:27+08:00 ] ::1 /yjc/lby/index.php/Background/WdatePicker.css
ERR: 非法操作:WdatePicker.css

[ 2017-05-27T09:32:27+08:00 ] ::1 /yjc/lby/Public/Admin/static/userlist/j/yjc/lby/Public/Admin/static/userlist/query_006.js
ERR: 无法加载控制器:Public

[ 2017-05-27T09:32:27+08:00 ] ::1 /yjc/lby/Public/Admin/static/userlist/j/yjc/lby/Public/Admin/static/userlist/query_006.js
ERR: 无法加载控制器:Public

[ 2017-05-27T09:32:27+08:00 ] ::1 /yjc/lby/Public/Admin/static/userlist/skin/WdatePicker.css
ERR: 无法加载控制器:Public

[ 2017-05-27T09:32:27+08:00 ] ::1 /yjc/lby/index.php/Background/WdatePicker.css
ERR: 非法操作:WdatePicker.css

[ 2017-05-27T09:46:30+08:00 ] ::1 /yjc/lby/Public/Admin/static/userlist/j/yjc/lby/Public/Admin/static/userlist/query_006.js
ERR: 无法加载控制器:Public

[ 2017-05-27T09:46:30+08:00 ] ::1 /yjc/lby/index.php/Background/WdatePicker.css
ERR: 非法操作:WdatePicker.css

[ 2017-05-27T09:46:30+08:00 ] ::1 /yjc/lby/Public/Admin/static/userlist/j/yjc/lby/Public/Admin/static/userlist/query_006.js
ERR: 无法加载控制器:Public

[ 2017-05-27T09:46:30+08:00 ] ::1 /yjc/lby/Public/Admin/static/userlist/skin/WdatePicker.css
ERR: 无法加载控制器:Public

[ 2017-05-27T09:46:30+08:00 ] ::1 /yjc/lby/index.php/Background/WdatePicker.css
ERR: 非法操作:WdatePicker.css

[ 2017-05-27T09:54:48+08:00 ] ::1 /yjc/lby/Public/Admin/static/userlist/j/yjc/lby/Public/Admin/static/userlist/query_006.js
ERR: 无法加载控制器:Public

[ 2017-05-27T09:54:48+08:00 ] ::1 /yjc/lby/index.php/Background/WdatePicker.css
ERR: 非法操作:WdatePicker.css

[ 2017-05-27T09:54:48+08:00 ] ::1 /yjc/lby/Public/Admin/static/userlist/j/yjc/lby/Public/Admin/static/userlist/query_006.js
ERR: 无法加载控制器:Public

[ 2017-05-27T09:54:48+08:00 ] ::1 /yjc/lby/index.php/Background/WdatePicker.css
ERR: 非法操作:WdatePicker.css

[ 2017-05-27T09:54:48+08:00 ] ::1 /yjc/lby/Public/Admin/static/userlist/skin/WdatePicker.css
ERR: 无法加载控制器:Public

[ 2017-05-27T10:08:22+08:00 ] ::1 /yjc/lby/index.php/Background/brand_seek.html
ERR: 非法操作:brand_seek

[ 2017-05-27T10:08:47+08:00 ] ::1 /yjc/lby/index.php/Background/brand_seek.html
ERR: 非法操作:brand_seek

[ 2017-05-27T10:10:04+08:00 ] ::1 /yjc/lby/index.php/Background/brand_seek.html
ERR: 非法操作:brand_seek

[ 2017-05-27T10:12:04+08:00 ] ::1 /yjc/lby/index.php/Admin/Index/index1.html
ERR: 非法操作:index1

[ 2017-05-27T10:12:07+08:00 ] ::1 /yjc/lby/Public/Admin/static/userlist/j/yjc/lby/Public/Admin/static/userlist/query_006.js
ERR: 无法加载控制器:Public

[ 2017-05-27T10:12:07+08:00 ] ::1 /yjc/lby/index.php/Background/WdatePicker.css
ERR: 非法操作:WdatePicker.css

[ 2017-05-27T10:12:07+08:00 ] ::1 /yjc/lby/Public/Admin/static/userlist/j/yjc/lby/Public/Admin/static/userlist/query_006.js
ERR: 无法加载控制器:Public

[ 2017-05-27T10:12:07+08:00 ] ::1 /yjc/lby/Public/Admin/static/userlist/skin/WdatePicker.css
ERR: 无法加载控制器:Public

[ 2017-05-27T10:12:07+08:00 ] ::1 /yjc/lby/index.php/Background/WdatePicker.css
ERR: 非法操作:WdatePicker.css

[ 2017-05-27T10:12:26+08:00 ] ::1 /yjc/lby/Public/Admin/static/userlist/j/yjc/lby/Public/Admin/static/userlist/query_006.js
ERR: 无法加载控制器:Public

[ 2017-05-27T10:12:26+08:00 ] ::1 /yjc/lby/index.php/Background/WdatePicker.css
ERR: 非法操作:WdatePicker.css

[ 2017-05-27T10:12:26+08:00 ] ::1 /yjc/lby/Public/Admin/static/userlist/j/yjc/lby/Public/Admin/static/userlist/query_006.js
ERR: 无法加载控制器:Public

[ 2017-05-27T10:12:26+08:00 ] ::1 /yjc/lby/index.php/Background/WdatePicker.css
ERR: 非法操作:WdatePicker.css

[ 2017-05-27T10:12:26+08:00 ] ::1 /yjc/lby/Public/Admin/static/userlist/skin/WdatePicker.css
ERR: 无法加载控制器:Public

[ 2017-05-27T10:23:00+08:00 ] ::1 /yjc/lby/Public/Admin/static/userlist/j/yjc/lby/Public/Admin/static/userlist/query_006.js
ERR: 无法加载控制器:Public

[ 2017-05-27T10:23:00+08:00 ] ::1 /yjc/lby/index.php/Background/WdatePicker.css
ERR: 非法操作:WdatePicker.css

[ 2017-05-27T10:23:00+08:00 ] ::1 /yjc/lby/Public/Admin/static/userlist/j/yjc/lby/Public/Admin/static/userlist/query_006.js
ERR: 无法加载控制器:Public

[ 2017-05-27T10:23:00+08:00 ] ::1 /yjc/lby/Public/Admin/static/userlist/skin/WdatePicker.css
ERR: 无法加载控制器:Public

[ 2017-05-27T10:23:00+08:00 ] ::1 /yjc/lby/index.php/Background/WdatePicker.css
ERR: 非法操作:WdatePicker.css

[ 2017-05-27T10:23:01+08:00 ] ::1 /yjc/lby/Public/Admin/static/userlist/j/yjc/lby/Public/Admin/static/userlist/query_006.js
ERR: 无法加载控制器:Public

[ 2017-05-27T10:23:01+08:00 ] ::1 /yjc/lby/index.php/Background/WdatePicker.css
ERR: 非法操作:WdatePicker.css

[ 2017-05-27T10:23:01+08:00 ] ::1 /yjc/lby/Public/Admin/static/userlist/j/yjc/lby/Public/Admin/static/userlist/query_006.js
ERR: 无法加载控制器:Public

[ 2017-05-27T10:23:01+08:00 ] ::1 /yjc/lby/Public/Admin/static/userlist/skin/WdatePicker.css
ERR: 无法加载控制器:Public

[ 2017-05-27T10:23:01+08:00 ] ::1 /yjc/lby/index.php/Background/WdatePicker.css
ERR: 非法操作:WdatePicker.css

[ 2017-05-27T10:24:11+08:00 ] ::1 /yjc/lby/Public/Admin/static/userlist/j/yjc/lby/Public/Admin/static/userlist/query_006.js
ERR: 无法加载控制器:Public

[ 2017-05-27T10:24:11+08:00 ] ::1 /yjc/lby/index.php/Background/WdatePicker.css
ERR: 非法操作:WdatePicker.css

[ 2017-05-27T10:24:11+08:00 ] ::1 /yjc/lby/Public/Admin/static/userlist/j/yjc/lby/Public/Admin/static/userlist/query_006.js
ERR: 无法加载控制器:Public

[ 2017-05-27T10:24:11+08:00 ] ::1 /yjc/lby/Public/Admin/static/userlist/skin/WdatePicker.css
ERR: 无法加载控制器:Public

[ 2017-05-27T10:24:11+08:00 ] ::1 /yjc/lby/index.php/Background/WdatePicker.css
ERR: 非法操作:WdatePicker.css

[ 2017-05-27T10:26:30+08:00 ] ::1 /yjc/lby/Public/Admin/static/userlist/j/yjc/lby/Public/Admin/static/userlist/query_006.js
ERR: 无法加载控制器:Public

[ 2017-05-27T10:26:30+08:00 ] ::1 /yjc/lby/index.php/Background/WdatePicker.css
ERR: 非法操作:WdatePicker.css

[ 2017-05-27T10:26:31+08:00 ] ::1 /yjc/lby/Public/Admin/static/userlist/j/yjc/lby/Public/Admin/static/userlist/query_006.js
ERR: 无法加载控制器:Public

[ 2017-05-27T10:26:31+08:00 ] ::1 /yjc/lby/index.php/Background/WdatePicker.css
ERR: 非法操作:WdatePicker.css

[ 2017-05-27T10:26:31+08:00 ] ::1 /yjc/lby/Public/Admin/static/userlist/skin/WdatePicker.css
ERR: 无法加载控制器:Public

[ 2017-05-27T10:47:25+08:00 ] ::1 /yjc/lby/Public/Admin/static/userlist/j/yjc/lby/Public/Admin/static/userlist/query_006.js
ERR: 无法加载控制器:Public

[ 2017-05-27T10:47:25+08:00 ] ::1 /yjc/lby/index.php/Background/WdatePicker.css
ERR: 非法操作:WdatePicker.css

[ 2017-05-27T10:47:26+08:00 ] ::1 /yjc/lby/Public/Admin/static/userlist/j/yjc/lby/Public/Admin/static/userlist/query_006.js
ERR: 无法加载控制器:Public

[ 2017-05-27T10:47:26+08:00 ] ::1 /yjc/lby/Public/Admin/static/userlist/skin/WdatePicker.css
ERR: 无法加载控制器:Public

[ 2017-05-27T10:47:26+08:00 ] ::1 /yjc/lby/index.php/Background/WdatePicker.css
ERR: 非法操作:WdatePicker.css

[ 2017-05-27T10:49:13+08:00 ] ::1 /yjc/lby/Public/Admin/static/userlist/j/yjc/lby/Public/Admin/static/userlist/query_006.js
ERR: 无法加载控制器:Public

[ 2017-05-27T10:49:13+08:00 ] ::1 /yjc/lby/index.php/Background/WdatePicker.css
ERR: 非法操作:WdatePicker.css

[ 2017-05-27T10:49:13+08:00 ] ::1 /yjc/lby/Public/Admin/static/userlist/j/yjc/lby/Public/Admin/static/userlist/query_006.js
ERR: 无法加载控制器:Public

[ 2017-05-27T10:49:13+08:00 ] ::1 /yjc/lby/Public/Admin/static/userlist/skin/WdatePicker.css
ERR: 无法加载控制器:Public

[ 2017-05-27T10:49:13+08:00 ] ::1 /yjc/lby/index.php/Background/WdatePicker.css
ERR: 非法操作:WdatePicker.css

[ 2017-05-27T10:55:55+08:00 ] ::1 /yjc/lby/index.php/Admin/Index/index1.html
ERR: 非法操作:index1

[ 2017-05-27T10:56:01+08:00 ] ::1 /yjc/lby/index.php/Background/WdatePicker.css
ERR: 非法操作:WdatePicker.css

[ 2017-05-27T10:56:01+08:00 ] ::1 /yjc/lby/Public/Admin/static/userlist/j/yjc/lby/Public/Admin/static/userlist/query_006.js
ERR: 无法加载控制器:Public

[ 2017-05-27T10:56:01+08:00 ] ::1 /yjc/lby/Public/Admin/static/userlist/j/yjc/lby/Public/Admin/static/userlist/query_006.js
ERR: 无法加载控制器:Public

[ 2017-05-27T10:56:01+08:00 ] ::1 /yjc/lby/Public/Admin/static/userlist/skin/WdatePicker.css
ERR: 无法加载控制器:Public

[ 2017-05-27T10:56:01+08:00 ] ::1 /yjc/lby/index.php/Background/WdatePicker.css
ERR: 非法操作:WdatePicker.css

[ 2017-05-27T10:56:51+08:00 ] ::1 /yjc/lby/index.php/Background/WdatePicker.css
ERR: 非法操作:WdatePicker.css

[ 2017-05-27T10:56:51+08:00 ] ::1 /yjc/lby/Public/Admin/static/userlist/j/yjc/lby/Public/Admin/static/userlist/query_006.js
ERR: 无法加载控制器:Public

[ 2017-05-27T10:56:51+08:00 ] ::1 /yjc/lby/Public/Admin/static/userlist/j/yjc/lby/Public/Admin/static/userlist/query_006.js
ERR: 无法加载控制器:Public

[ 2017-05-27T10:56:51+08:00 ] ::1 /yjc/lby/index.php/Background/WdatePicker.css
ERR: 非法操作:WdatePicker.css

[ 2017-05-27T10:56:51+08:00 ] ::1 /yjc/lby/Public/Admin/static/userlist/skin/WdatePicker.css
ERR: 无法加载控制器:Public

[ 2017-05-27T10:56:55+08:00 ] ::1 /yjc/lby/index.php/Background/brand_show.html
ERR: 1064:You have an error in your SQL syntax; check the manual that corresponds to your MySQL server version for the right syntax to use near 'and parent_id=19 ) LIMIT 1' at line 1
 [ SQL语句 ] : SELECT COUNT(*) AS tp_count FROM `hou_brand` WHERE (  and parent_id=19 ) LIMIT 1  

[ 2017-05-27T10:57:27+08:00 ] ::1 /yjc/lby/Public/Admin/static/userlist/j/yjc/lby/Public/Admin/static/userlist/query_006.js
ERR: 无法加载控制器:Public

[ 2017-05-27T10:57:27+08:00 ] ::1 /yjc/lby/index.php/Background/WdatePicker.css
ERR: 非法操作:WdatePicker.css

[ 2017-05-27T10:57:27+08:00 ] ::1 /yjc/lby/Public/Admin/static/userlist/j/yjc/lby/Public/Admin/static/userlist/query_006.js
ERR: 无法加载控制器:Public

[ 2017-05-27T10:57:27+08:00 ] ::1 /yjc/lby/index.php/Background/WdatePicker.css
ERR: 非法操作:WdatePicker.css

[ 2017-05-27T10:57:27+08:00 ] ::1 /yjc/lby/Public/Admin/static/userlist/skin/WdatePicker.css
ERR: 无法加载控制器:Public

[ 2017-05-27T10:57:58+08:00 ] ::1 /yjc/lby/Public/Admin/static/userlist/j/yjc/lby/Public/Admin/static/userlist/query_006.js
ERR: 无法加载控制器:Public

[ 2017-05-27T10:57:58+08:00 ] ::1 /yjc/lby/index.php/Background/WdatePicker.css
ERR: 非法操作:WdatePicker.css

[ 2017-05-27T10:57:59+08:00 ] ::1 /yjc/lby/Public/Admin/static/userlist/j/yjc/lby/Public/Admin/static/userlist/query_006.js
ERR: 无法加载控制器:Public

[ 2017-05-27T10:57:59+08:00 ] ::1 /yjc/lby/index.php/Background/WdatePicker.css
ERR: 非法操作:WdatePicker.css

[ 2017-05-27T10:57:59+08:00 ] ::1 /yjc/lby/Public/Admin/static/userlist/skin/WdatePicker.css
ERR: 无法加载控制器:Public

[ 2017-05-27T10:58:17+08:00 ] ::1 /yjc/lby/Public/Admin/static/userlist/j/yjc/lby/Public/Admin/static/userlist/query_006.js
ERR: 无法加载控制器:Public

[ 2017-05-27T10:58:17+08:00 ] ::1 /yjc/lby/index.php/Background/WdatePicker.css
ERR: 非法操作:WdatePicker.css

[ 2017-05-27T10:58:17+08:00 ] ::1 /yjc/lby/Public/Admin/static/userlist/j/yjc/lby/Public/Admin/static/userlist/query_006.js
ERR: 无法加载控制器:Public

[ 2017-05-27T10:58:17+08:00 ] ::1 /yjc/lby/index.php/Background/WdatePicker.css
ERR: 非法操作:WdatePicker.css

[ 2017-05-27T10:58:17+08:00 ] ::1 /yjc/lby/Public/Admin/static/userlist/skin/WdatePicker.css
ERR: 无法加载控制器:Public

[ 2017-05-27T10:59:14+08:00 ] ::1 /yjc/lby/Public/Admin/static/userlist/j/yjc/lby/Public/Admin/static/userlist/query_006.js
ERR: 无法加载控制器:Public

[ 2017-05-27T10:59:14+08:00 ] ::1 /yjc/lby/index.php/Background/WdatePicker.css
ERR: 非法操作:WdatePicker.css

[ 2017-05-27T10:59:14+08:00 ] ::1 /yjc/lby/Public/Admin/static/userlist/j/yjc/lby/Public/Admin/static/userlist/query_006.js
ERR: 无法加载控制器:Public

[ 2017-05-27T10:59:14+08:00 ] ::1 /yjc/lby/index.php/Background/WdatePicker.css
ERR: 非法操作:WdatePicker.css

[ 2017-05-27T10:59:14+08:00 ] ::1 /yjc/lby/Public/Admin/static/userlist/skin/WdatePicker.css
ERR: 无法加载控制器:Public

[ 2017-05-27T10:59:18+08:00 ] ::1 /yjc/lby/index.php/Background/brand_show.html
ERR: 1064:You have an error in your SQL syntax; check the manual that corresponds to your MySQL server version for the right syntax to use near 'and brand_id=19 ) LIMIT 1' at line 1
 [ SQL语句 ] : SELECT COUNT(*) AS tp_count FROM `hou_brand` WHERE (  and brand_id=19 ) LIMIT 1  

[ 2017-05-27T10:59:39+08:00 ] ::1 /yjc/lby/Public/Admin/static/userlist/j/yjc/lby/Public/Admin/static/userlist/query_006.js
ERR: 无法加载控制器:Public

[ 2017-05-27T10:59:39+08:00 ] ::1 /yjc/lby/index.php/Background/WdatePicker.css
ERR: 非法操作:WdatePicker.css

[ 2017-05-27T10:59:39+08:00 ] ::1 /yjc/lby/Public/Admin/static/userlist/j/yjc/lby/Public/Admin/static/userlist/query_006.js
ERR: 无法加载控制器:Public

[ 2017-05-27T10:59:39+08:00 ] ::1 /yjc/lby/Public/Admin/static/userlist/skin/WdatePicker.css
ERR: 无法加载控制器:Public

[ 2017-05-27T10:59:39+08:00 ] ::1 /yjc/lby/index.php/Background/WdatePicker.css
ERR: 非法操作:WdatePicker.css

[ 2017-05-27T11:10:26+08:00 ] ::1 /yjc/lby/Public/Admin/static/userlist/j/yjc/lby/Public/Admin/static/userlist/query_006.js
ERR: 无法加载控制器:Public

[ 2017-05-27T11:10:26+08:00 ] ::1 /yjc/lby/index.php/Background/WdatePicker.css
ERR: 非法操作:WdatePicker.css

[ 2017-05-27T11:10:26+08:00 ] ::1 /yjc/lby/Public/Admin/static/userlist/j/yjc/lby/Public/Admin/static/userlist/query_006.js
ERR: 无法加载控制器:Public

[ 2017-05-27T11:10:26+08:00 ] ::1 /yjc/lby/Public/Admin/static/userlist/skin/WdatePicker.css
ERR: 无法加载控制器:Public

[ 2017-05-27T11:10:26+08:00 ] ::1 /yjc/lby/index.php/Background/WdatePicker.css
ERR: 非法操作:WdatePicker.css

[ 2017-05-27T11:12:20+08:00 ] ::1 /yjc/lby/Public/Admin/static/userlist/j/yjc/lby/Public/Admin/static/userlist/query_006.js
ERR: 无法加载控制器:Public

[ 2017-05-27T11:12:20+08:00 ] ::1 /yjc/lby/index.php/Background/WdatePicker.css
ERR: 非法操作:WdatePicker.css

[ 2017-05-27T11:12:20+08:00 ] ::1 /yjc/lby/Public/Admin/static/userlist/j/yjc/lby/Public/Admin/static/userlist/query_006.js
ERR: 无法加载控制器:Public

[ 2017-05-27T11:12:20+08:00 ] ::1 /yjc/lby/index.php/Background/WdatePicker.css
ERR: 非法操作:WdatePicker.css

[ 2017-05-27T11:12:20+08:00 ] ::1 /yjc/lby/Public/Admin/static/userlist/skin/WdatePicker.css
ERR: 无法加载控制器:Public

[ 2017-05-27T11:16:35+08:00 ] ::1 /yjc/lby/Public/Admin/static/userlist/j/yjc/lby/Public/Admin/static/userlist/query_006.js
ERR: 无法加载控制器:Public

[ 2017-05-27T11:16:35+08:00 ] ::1 /yjc/lby/index.php/Background/WdatePicker.css
ERR: 非法操作:WdatePicker.css

[ 2017-05-27T11:16:35+08:00 ] ::1 /yjc/lby/Public/Admin/static/userlist/j/yjc/lby/Public/Admin/static/userlist/query_006.js
ERR: 无法加载控制器:Public

[ 2017-05-27T11:16:35+08:00 ] ::1 /yjc/lby/index.php/Background/WdatePicker.css
ERR: 非法操作:WdatePicker.css

[ 2017-05-27T11:16:35+08:00 ] ::1 /yjc/lby/Public/Admin/static/userlist/skin/WdatePicker.css
ERR: 无法加载控制器:Public

[ 2017-05-27T11:16:58+08:00 ] ::1 /yjc/lby/Public/Admin/static/userlist/j/yjc/lby/Public/Admin/static/userlist/query_006.js
ERR: 无法加载控制器:Public

[ 2017-05-27T11:16:58+08:00 ] ::1 /yjc/lby/index.php/Background/WdatePicker.css
ERR: 非法操作:WdatePicker.css

[ 2017-05-27T11:16:58+08:00 ] ::1 /yjc/lby/Public/Admin/static/userlist/j/yjc/lby/Public/Admin/static/userlist/query_006.js
ERR: 无法加载控制器:Public

[ 2017-05-27T11:16:58+08:00 ] ::1 /yjc/lby/index.php/Background/WdatePicker.css
ERR: 非法操作:WdatePicker.css

[ 2017-05-27T11:16:58+08:00 ] ::1 /yjc/lby/Public/Admin/static/userlist/skin/WdatePicker.css
ERR: 无法加载控制器:Public

[ 2017-05-27T11:17:02+08:00 ] ::1 /yjc/lby/index.php/Background/brand_show.html
ERR: 1064:You have an error in your SQL syntax; check the manual that corresponds to your MySQL server version for the right syntax to use near 'and brand_id=21 ) LIMIT 1' at line 1
 [ SQL语句 ] : SELECT COUNT(*) AS tp_count FROM `hou_brand` WHERE (  and brand_id=21 ) LIMIT 1  

[ 2017-05-27T11:17:24+08:00 ] ::1 /yjc/lby/Public/Admin/static/userlist/j/yjc/lby/Public/Admin/static/userlist/query_006.js
ERR: 无法加载控制器:Public

[ 2017-05-27T11:17:24+08:00 ] ::1 /yjc/lby/index.php/Background/WdatePicker.css
ERR: 非法操作:WdatePicker.css

[ 2017-05-27T11:17:24+08:00 ] ::1 /yjc/lby/Public/Admin/static/userlist/j/yjc/lby/Public/Admin/static/userlist/query_006.js
ERR: 无法加载控制器:Public

[ 2017-05-27T11:17:24+08:00 ] ::1 /yjc/lby/index.php/Background/WdatePicker.css
ERR: 非法操作:WdatePicker.css

[ 2017-05-27T11:17:24+08:00 ] ::1 /yjc/lby/Public/Admin/static/userlist/skin/WdatePicker.css
ERR: 无法加载控制器:Public

[ 2017-05-27T11:17:29+08:00 ] ::1 /yjc/lby/index.php/Background/brand_show.html
ERR: 1064:You have an error in your SQL syntax; check the manual that corresponds to your MySQL server version for the right syntax to use near 'and brand_id=19 ) LIMIT 1' at line 1
 [ SQL语句 ] : SELECT COUNT(*) AS tp_count FROM `hou_brand` WHERE (  and brand_id=19 ) LIMIT 1  

[ 2017-05-27T11:17:45+08:00 ] ::1 /yjc/lby/Public/Admin/static/userlist/j/yjc/lby/Public/Admin/static/userlist/query_006.js
ERR: 无法加载控制器:Public

[ 2017-05-27T11:17:45+08:00 ] ::1 /yjc/lby/index.php/Background/WdatePicker.css
ERR: 非法操作:WdatePicker.css

[ 2017-05-27T11:17:45+08:00 ] ::1 /yjc/lby/Public/Admin/static/userlist/j/yjc/lby/Public/Admin/static/userlist/query_006.js
ERR: 无法加载控制器:Public

[ 2017-05-27T11:17:45+08:00 ] ::1 /yjc/lby/Public/Admin/static/userlist/skin/WdatePicker.css
ERR: 无法加载控制器:Public

[ 2017-05-27T11:17:45+08:00 ] ::1 /yjc/lby/index.php/Background/WdatePicker.css
ERR: 非法操作:WdatePicker.css

[ 2017-05-27T11:18:46+08:00 ] ::1 /yjc/lby/index.php/Background/WdatePicker.css
ERR: 非法操作:WdatePicker.css

[ 2017-05-27T11:18:46+08:00 ] ::1 /yjc/lby/Public/Admin/static/userlist/j/yjc/lby/Public/Admin/static/userlist/query_006.js
ERR: 无法加载控制器:Public

[ 2017-05-27T11:18:46+08:00 ] ::1 /yjc/lby/Public/Admin/static/userlist/j/yjc/lby/Public/Admin/static/userlist/query_006.js
ERR: 无法加载控制器:Public

[ 2017-05-27T11:18:46+08:00 ] ::1 /yjc/lby/index.php/Background/WdatePicker.css
ERR: 非法操作:WdatePicker.css

[ 2017-05-27T11:18:46+08:00 ] ::1 /yjc/lby/Public/Admin/static/userlist/skin/WdatePicker.css
ERR: 无法加载控制器:Public

[ 2017-05-27T11:20:42+08:00 ] ::1 /yjc/lby/Public/Admin/static/userlist/j/yjc/lby/Public/Admin/static/userlist/query_006.js
ERR: 无法加载控制器:Public

[ 2017-05-27T11:20:43+08:00 ] ::1 /yjc/lby/index.php/Background/WdatePicker.css
ERR: 非法操作:WdatePicker.css

[ 2017-05-27T11:20:43+08:00 ] ::1 /yjc/lby/Public/Admin/static/userlist/j/yjc/lby/Public/Admin/static/userlist/query_006.js
ERR: 无法加载控制器:Public

[ 2017-05-27T11:20:43+08:00 ] ::1 /yjc/lby/Public/Admin/static/userlist/skin/WdatePicker.css
ERR: 无法加载控制器:Public

[ 2017-05-27T11:20:43+08:00 ] ::1 /yjc/lby/index.php/Background/WdatePicker.css
ERR: 非法操作:WdatePicker.css

[ 2017-05-27T11:21:12+08:00 ] ::1 /yjc/lby/index.php/Background/WdatePicker.css
ERR: 非法操作:WdatePicker.css

[ 2017-05-27T11:21:12+08:00 ] ::1 /yjc/lby/Public/Admin/static/userlist/j/yjc/lby/Public/Admin/static/userlist/query_006.js
ERR: 无法加载控制器:Public

[ 2017-05-27T11:21:12+08:00 ] ::1 /yjc/lby/Public/Admin/static/userlist/j/yjc/lby/Public/Admin/static/userlist/query_006.js
ERR: 无法加载控制器:Public

[ 2017-05-27T11:21:12+08:00 ] ::1 /yjc/lby/index.php/Background/WdatePicker.css
ERR: 非法操作:WdatePicker.css

[ 2017-05-27T11:21:12+08:00 ] ::1 /yjc/lby/Public/Admin/static/userlist/skin/WdatePicker.css
ERR: 无法加载控制器:Public

[ 2017-05-27T11:21:39+08:00 ] ::1 /yjc/lby/index.php/Admin/Index/index1.html
ERR: 非法操作:index1

[ 2017-05-27T11:21:44+08:00 ] ::1 /yjc/lby/index.php/Background/WdatePicker.css
ERR: 非法操作:WdatePicker.css

[ 2017-05-27T11:21:44+08:00 ] ::1 /yjc/lby/Public/Admin/static/userlist/j/yjc/lby/Public/Admin/static/userlist/query_006.js
ERR: 无法加载控制器:Public

[ 2017-05-27T11:21:44+08:00 ] ::1 /yjc/lby/Public/Admin/static/userlist/j/yjc/lby/Public/Admin/static/userlist/query_006.js
ERR: 无法加载控制器:Public

[ 2017-05-27T11:21:44+08:00 ] ::1 /yjc/lby/Public/Admin/static/userlist/skin/WdatePicker.css
ERR: 无法加载控制器:Public

[ 2017-05-27T11:21:44+08:00 ] ::1 /yjc/lby/index.php/Background/WdatePicker.css
ERR: 非法操作:WdatePicker.css

[ 2017-05-27T11:23:58+08:00 ] ::1 /yjc/lby/Public/Admin/static/userlist/j/yjc/lby/Public/Admin/static/userlist/query_006.js
ERR: 无法加载控制器:Public

[ 2017-05-27T11:23:59+08:00 ] ::1 /yjc/lby/index.php/Background/WdatePicker.css
ERR: 非法操作:WdatePicker.css

[ 2017-05-27T11:23:59+08:00 ] ::1 /yjc/lby/Public/Admin/static/userlist/j/yjc/lby/Public/Admin/static/userlist/query_006.js
ERR: 无法加载控制器:Public

[ 2017-05-27T11:23:59+08:00 ] ::1 /yjc/lby/Public/Admin/static/userlist/skin/WdatePicker.css
ERR: 无法加载控制器:Public

[ 2017-05-27T11:23:59+08:00 ] ::1 /yjc/lby/index.php/Background/WdatePicker.css
ERR: 非法操作:WdatePicker.css

[ 2017-05-27T11:28:33+08:00 ] ::1 /yjc/lby/index.php/Admin/Index/index1.html
ERR: 非法操作:index1

[ 2017-05-27T11:28:49+08:00 ] ::1 /yjc/lby/Public/Admin/static/userlist/j/yjc/lby/Public/Admin/static/userlist/query_006.js
ERR: 无法加载控制器:Public

[ 2017-05-27T11:28:50+08:00 ] ::1 /yjc/lby/index.php/Background/WdatePicker.css
ERR: 非法操作:WdatePicker.css

[ 2017-05-27T11:28:50+08:00 ] ::1 /yjc/lby/Public/Admin/static/userlist/j/yjc/lby/Public/Admin/static/userlist/query_006.js
ERR: 无法加载控制器:Public

[ 2017-05-27T11:28:50+08:00 ] ::1 /yjc/lby/index.php/Background/WdatePicker.css
ERR: 非法操作:WdatePicker.css

[ 2017-05-27T11:28:50+08:00 ] ::1 /yjc/lby/Public/Admin/static/userlist/skin/WdatePicker.css
ERR: 无法加载控制器:Public

[ 2017-05-27T11:37:57+08:00 ] ::1 /yjc/lby/index.php/Admin/Index/index1.html
ERR: 非法操作:index1

[ 2017-05-27T11:49:14+08:00 ] ::1 /yjc/lby/Public/Admin/static/userlist/j/yjc/lby/Public/Admin/static/userlist/query_006.js
ERR: 无法加载控制器:Public

[ 2017-05-27T11:49:14+08:00 ] ::1 /yjc/lby/index.php/Background/WdatePicker.css
ERR: 非法操作:WdatePicker.css

[ 2017-05-27T11:49:14+08:00 ] ::1 /yjc/lby/Public/Admin/static/userlist/j/yjc/lby/Public/Admin/static/userlist/query_006.js
ERR: 无法加载控制器:Public

[ 2017-05-27T11:49:14+08:00 ] ::1 /yjc/lby/index.php/Background/WdatePicker.css
ERR: 非法操作:WdatePicker.css

[ 2017-05-27T11:49:14+08:00 ] ::1 /yjc/lby/Public/Admin/static/userlist/skin/WdatePicker.css
ERR: 无法加载控制器:Public

[ 2017-05-27T11:51:32+08:00 ] ::1 /yjc/lby/Public/Admin/static/userlist/j/yjc/lby/Public/Admin/static/userlist/query_006.js
ERR: 无法加载控制器:Public

[ 2017-05-27T11:51:32+08:00 ] ::1 /yjc/lby/index.php/Background/WdatePicker.css
ERR: 非法操作:WdatePicker.css

[ 2017-05-27T11:51:32+08:00 ] ::1 /yjc/lby/Public/Admin/static/userlist/j/yjc/lby/Public/Admin/static/userlist/query_006.js
ERR: 无法加载控制器:Public

[ 2017-05-27T11:51:32+08:00 ] ::1 /yjc/lby/Public/Admin/static/userlist/skin/WdatePicker.css
ERR: 无法加载控制器:Public

[ 2017-05-27T11:51:32+08:00 ] ::1 /yjc/lby/index.php/Background/WdatePicker.css
ERR: 非法操作:WdatePicker.css

[ 2017-05-27T11:52:39+08:00 ] ::1 /yjc/lby/index.php/Background/WdatePicker.css
ERR: 非法操作:WdatePicker.css

[ 2017-05-27T11:52:39+08:00 ] ::1 /yjc/lby/Public/Admin/static/userlist/j/yjc/lby/Public/Admin/static/userlist/query_006.js
ERR: 无法加载控制器:Public

[ 2017-05-27T11:52:39+08:00 ] ::1 /yjc/lby/Public/Admin/static/userlist/j/yjc/lby/Public/Admin/static/userlist/query_006.js
ERR: 无法加载控制器:Public

[ 2017-05-27T11:52:39+08:00 ] ::1 /yjc/lby/index.php/Background/WdatePicker.css
ERR: 非法操作:WdatePicker.css

[ 2017-05-27T11:52:39+08:00 ] ::1 /yjc/lby/Public/Admin/static/userlist/skin/WdatePicker.css
ERR: 无法加载控制器:Public

[ 2017-05-27T11:54:37+08:00 ] ::1 /yjc/lby/Public/Admin/static/userlist/j/yjc/lby/Public/Admin/static/userlist/query_006.js
ERR: 无法加载控制器:Public

[ 2017-05-27T11:54:37+08:00 ] ::1 /yjc/lby/index.php/Background/WdatePicker.css
ERR: 非法操作:WdatePicker.css

[ 2017-05-27T11:54:38+08:00 ] ::1 /yjc/lby/Public/Admin/static/userlist/j/yjc/lby/Public/Admin/static/userlist/query_006.js
ERR: 无法加载控制器:Public

[ 2017-05-27T11:54:38+08:00 ] ::1 /yjc/lby/index.php/Background/WdatePicker.css
ERR: 非法操作:WdatePicker.css

[ 2017-05-27T11:54:38+08:00 ] ::1 /yjc/lby/Public/Admin/static/userlist/skin/WdatePicker.css
ERR: 无法加载控制器:Public

[ 2017-05-27T12:03:39+08:00 ] ::1 /yjc/lby/Public/Admin/static/userlist/j/yjc/lby/Public/Admin/static/userlist/query_006.js
ERR: 无法加载控制器:Public

[ 2017-05-27T12:03:39+08:00 ] ::1 /yjc/lby/index.php/Background/WdatePicker.css
ERR: 非法操作:WdatePicker.css

[ 2017-05-27T12:03:39+08:00 ] ::1 /yjc/lby/Public/Admin/static/userlist/j/yjc/lby/Public/Admin/static/userlist/query_006.js
ERR: 无法加载控制器:Public

[ 2017-05-27T12:03:39+08:00 ] ::1 /yjc/lby/Public/Admin/static/userlist/skin/WdatePicker.css
ERR: 无法加载控制器:Public

[ 2017-05-27T12:03:39+08:00 ] ::1 /yjc/lby/index.php/Background/WdatePicker.css
ERR: 非法操作:WdatePicker.css

[ 2017-05-27T12:04:12+08:00 ] ::1 /yjc/lby/Public/Admin/static/userlist/j/yjc/lby/Public/Admin/static/userlist/query_006.js
ERR: 无法加载控制器:Public

[ 2017-05-27T12:04:12+08:00 ] ::1 /yjc/lby/index.php/Background/WdatePicker.css
ERR: 非法操作:WdatePicker.css

[ 2017-05-27T12:04:12+08:00 ] ::1 /yjc/lby/Public/Admin/static/userlist/j/yjc/lby/Public/Admin/static/userlist/query_006.js
ERR: 无法加载控制器:Public

[ 2017-05-27T12:04:12+08:00 ] ::1 /yjc/lby/Public/Admin/static/userlist/skin/WdatePicker.css
ERR: 无法加载控制器:Public

[ 2017-05-27T12:04:12+08:00 ] ::1 /yjc/lby/index.php/Background/WdatePicker.css
ERR: 非法操作:WdatePicker.css

[ 2017-05-27T12:07:30+08:00 ] ::1 /yjc/lby/index.php/Background/WdatePicker.css
ERR: 非法操作:WdatePicker.css

[ 2017-05-27T12:07:30+08:00 ] ::1 /yjc/lby/Public/Admin/static/userlist/j/yjc/lby/Public/Admin/static/userlist/query_006.js
ERR: 无法加载控制器:Public

[ 2017-05-27T12:07:30+08:00 ] ::1 /yjc/lby/Public/Admin/static/userlist/j/yjc/lby/Public/Admin/static/userlist/query_006.js
ERR: 无法加载控制器:Public

[ 2017-05-27T12:07:30+08:00 ] ::1 /yjc/lby/Public/Admin/static/userlist/skin/WdatePicker.css
ERR: 无法加载控制器:Public

[ 2017-05-27T12:07:30+08:00 ] ::1 /yjc/lby/index.php/Background/WdatePicker.css
ERR: 非法操作:WdatePicker.css

[ 2017-05-27T12:09:56+08:00 ] ::1 /yjc/lby/Public/Admin/static/userlist/j/yjc/lby/Public/Admin/static/userlist/query_006.js
ERR: 无法加载控制器:Public

[ 2017-05-27T12:09:56+08:00 ] ::1 /yjc/lby/index.php/Background/WdatePicker.css
ERR: 非法操作:WdatePicker.css

[ 2017-05-27T12:09:56+08:00 ] ::1 /yjc/lby/Public/Admin/static/userlist/j/yjc/lby/Public/Admin/static/userlist/query_006.js
ERR: 无法加载控制器:Public

[ 2017-05-27T12:09:56+08:00 ] ::1 /yjc/lby/index.php/Background/WdatePicker.css
ERR: 非法操作:WdatePicker.css

[ 2017-05-27T12:09:56+08:00 ] ::1 /yjc/lby/Public/Admin/static/userlist/skin/WdatePicker.css
ERR: 无法加载控制器:Public

[ 2017-05-27T12:17:54+08:00 ] ::1 /yjc/lby/index.php/Background/WdatePicker.css
ERR: 非法操作:WdatePicker.css

[ 2017-05-27T12:17:54+08:00 ] ::1 /yjc/lby/Public/Admin/static/userlist/j/yjc/lby/Public/Admin/static/userlist/query_006.js
ERR: 无法加载控制器:Public

[ 2017-05-27T12:17:54+08:00 ] ::1 /yjc/lby/Public/Admin/static/userlist/j/yjc/lby/Public/Admin/static/userlist/query_006.js
ERR: 无法加载控制器:Public

[ 2017-05-27T12:17:54+08:00 ] ::1 /yjc/lby/index.php/Background/WdatePicker.css
ERR: 非法操作:WdatePicker.css

[ 2017-05-27T12:17:54+08:00 ] ::1 /yjc/lby/Public/Admin/static/userlist/skin/WdatePicker.css
ERR: 无法加载控制器:Public

[ 2017-05-27T12:19:52+08:00 ] ::1 /yjc/lby/Public/Admin/static/userlist/j/yjc/lby/Public/Admin/static/userlist/query_006.js
ERR: 无法加载控制器:Public

[ 2017-05-27T12:19:52+08:00 ] ::1 /yjc/lby/index.php/Background/WdatePicker.css
ERR: 非法操作:WdatePicker.css

[ 2017-05-27T12:19:52+08:00 ] ::1 /yjc/lby/Public/Admin/static/userlist/j/yjc/lby/Public/Admin/static/userlist/query_006.js
ERR: 无法加载控制器:Public

[ 2017-05-27T12:19:52+08:00 ] ::1 /yjc/lby/index.php/Background/WdatePicker.css
ERR: 非法操作:WdatePicker.css

[ 2017-05-27T12:19:52+08:00 ] ::1 /yjc/lby/Public/Admin/static/userlist/skin/WdatePicker.css
ERR: 无法加载控制器:Public

[ 2017-05-27T12:21:48+08:00 ] ::1 /yjc/lby/Public/Admin/static/userlist/j/yjc/lby/Public/Admin/static/userlist/query_006.js
ERR: 无法加载控制器:Public

[ 2017-05-27T12:21:48+08:00 ] ::1 /yjc/lby/index.php/Background/WdatePicker.css
ERR: 非法操作:WdatePicker.css

[ 2017-05-27T12:21:48+08:00 ] ::1 /yjc/lby/Public/Admin/static/userlist/j/yjc/lby/Public/Admin/static/userlist/query_006.js
ERR: 无法加载控制器:Public

[ 2017-05-27T12:21:48+08:00 ] ::1 /yjc/lby/Public/Admin/static/userlist/skin/WdatePicker.css
ERR: 无法加载控制器:Public

[ 2017-05-27T12:21:48+08:00 ] ::1 /yjc/lby/index.php/Background/WdatePicker.css
ERR: 非法操作:WdatePicker.css

[ 2017-05-27T12:23:49+08:00 ] ::1 /yjc/lby/Public/Admin/static/userlist/j/yjc/lby/Public/Admin/static/userlist/query_006.js
ERR: 无法加载控制器:Public

[ 2017-05-27T12:23:49+08:00 ] ::1 /yjc/lby/index.php/Background/WdatePicker.css
ERR: 非法操作:WdatePicker.css

[ 2017-05-27T12:23:49+08:00 ] ::1 /yjc/lby/Public/Admin/static/userlist/j/yjc/lby/Public/Admin/static/userlist/query_006.js
ERR: 无法加载控制器:Public

[ 2017-05-27T12:23:49+08:00 ] ::1 /yjc/lby/Public/Admin/static/userlist/skin/WdatePicker.css
ERR: 无法加载控制器:Public

[ 2017-05-27T12:23:49+08:00 ] ::1 /yjc/lby/index.php/Background/WdatePicker.css
ERR: 非法操作:WdatePicker.css

[ 2017-05-27T13:34:18+08:00 ] ::1 /yjc/lby/index.php/Admin/Index/index1.html
ERR: 非法操作:index1

[ 2017-05-27T13:34:23+08:00 ] ::1 /yjc/lby/Public/Admin/static/userlist/j/yjc/lby/Public/Admin/static/userlist/query_006.js
ERR: 无法加载控制器:Public

[ 2017-05-27T13:34:23+08:00 ] ::1 /yjc/lby/index.php/Background/WdatePicker.css
ERR: 非法操作:WdatePicker.css

[ 2017-05-27T13:34:23+08:00 ] ::1 /yjc/lby/Public/Admin/static/userlist/j/yjc/lby/Public/Admin/static/userlist/query_006.js
ERR: 无法加载控制器:Public

[ 2017-05-27T13:34:23+08:00 ] ::1 /yjc/lby/Public/Admin/static/userlist/skin/WdatePicker.css
ERR: 无法加载控制器:Public

[ 2017-05-27T13:34:23+08:00 ] ::1 /yjc/lby/index.php/Background/WdatePicker.css
ERR: 非法操作:WdatePicker.css

[ 2017-05-27T13:41:32+08:00 ] ::1 /yjc/lby/Public/Admin/static/userlist/j/yjc/lby/Public/Admin/static/userlist/query_006.js
ERR: 无法加载控制器:Public

[ 2017-05-27T13:41:32+08:00 ] ::1 /yjc/lby/index.php/Background/WdatePicker.css
ERR: 非法操作:WdatePicker.css

[ 2017-05-27T13:41:32+08:00 ] ::1 /yjc/lby/Public/Admin/static/userlist/j/yjc/lby/Public/Admin/static/userlist/query_006.js
ERR: 无法加载控制器:Public

[ 2017-05-27T13:41:32+08:00 ] ::1 /yjc/lby/index.php/Background/WdatePicker.css
ERR: 非法操作:WdatePicker.css

[ 2017-05-27T13:41:32+08:00 ] ::1 /yjc/lby/Public/Admin/static/userlist/skin/WdatePicker.css
ERR: 无法加载控制器:Public

[ 2017-05-27T13:52:17+08:00 ] ::1 /yjc/lby/Public/Admin/static/userlist/j/yjc/lby/Public/Admin/static/userlist/query_006.js
ERR: 无法加载控制器:Public

[ 2017-05-27T13:52:17+08:00 ] ::1 /yjc/lby/index.php/Background/WdatePicker.css
ERR: 非法操作:WdatePicker.css

[ 2017-05-27T13:52:17+08:00 ] ::1 /yjc/lby/Public/Admin/static/userlist/j/yjc/lby/Public/Admin/static/userlist/query_006.js
ERR: 无法加载控制器:Public

[ 2017-05-27T13:52:17+08:00 ] ::1 /yjc/lby/index.php/Background/WdatePicker.css
ERR: 非法操作:WdatePicker.css

[ 2017-05-27T13:52:17+08:00 ] ::1 /yjc/lby/Public/Admin/static/userlist/skin/WdatePicker.css
ERR: 无法加载控制器:Public

[ 2017-05-27T14:01:39+08:00 ] ::1 /yjc/lby/Public/Admin/static/userlist/j/yjc/lby/Public/Admin/static/userlist/query_006.js
ERR: 无法加载控制器:Public

[ 2017-05-27T14:01:39+08:00 ] ::1 /yjc/lby/index.php/Background/WdatePicker.css
ERR: 非法操作:WdatePicker.css

[ 2017-05-27T14:01:39+08:00 ] ::1 /yjc/lby/Public/Admin/static/userlist/j/yjc/lby/Public/Admin/static/userlist/query_006.js
ERR: 无法加载控制器:Public

[ 2017-05-27T14:01:39+08:00 ] ::1 /yjc/lby/index.php/Background/WdatePicker.css
ERR: 非法操作:WdatePicker.css

[ 2017-05-27T14:01:39+08:00 ] ::1 /yjc/lby/Public/Admin/static/userlist/skin/WdatePicker.css
ERR: 无法加载控制器:Public

[ 2017-05-27T14:04:12+08:00 ] ::1 /yjc/lby/probleminformation/list.do
ERR: 无法加载控制器:Probleminformation

[ 2017-05-27T14:04:13+08:00 ] ::1 /yjc/lby/Public/Admin/static/userlist/j/yjc/lby/Public/Admin/static/userlist/query_006.js
ERR: 无法加载控制器:Public

[ 2017-05-27T14:04:13+08:00 ] ::1 /yjc/lby/index.php/Background/WdatePicker.css
ERR: 非法操作:WdatePicker.css

[ 2017-05-27T14:04:13+08:00 ] ::1 /yjc/lby/Public/Admin/static/userlist/j/yjc/lby/Public/Admin/static/userlist/query_006.js
ERR: 无法加载控制器:Public

[ 2017-05-27T14:04:13+08:00 ] ::1 /yjc/lby/Public/Admin/static/userlist/skin/WdatePicker.css
ERR: 无法加载控制器:Public

[ 2017-05-27T14:04:13+08:00 ] ::1 /yjc/lby/index.php/Background/WdatePicker.css
ERR: 非法操作:WdatePicker.css

[ 2017-05-27T14:29:49+08:00 ] ::1 /yjc/lby/Public/Admin/static/userlist/j/yjc/lby/Public/Admin/static/userlist/query_006.js
ERR: 无法加载控制器:Public

[ 2017-05-27T14:29:49+08:00 ] ::1 /yjc/lby/index.php/Background/WdatePicker.css
ERR: 非法操作:WdatePicker.css

[ 2017-05-27T14:29:49+08:00 ] ::1 /yjc/lby/Public/Admin/static/userlist/j/yjc/lby/Public/Admin/static/userlist/query_006.js
ERR: 无法加载控制器:Public

[ 2017-05-27T14:29:49+08:00 ] ::1 /yjc/lby/Public/Admin/static/userlist/skin/WdatePicker.css
ERR: 无法加载控制器:Public

[ 2017-05-27T14:29:49+08:00 ] ::1 /yjc/lby/index.php/Background/WdatePicker.css
ERR: 非法操作:WdatePicker.css

[ 2017-05-27T14:30:09+08:00 ] ::1 /yjc/lby/Public/Admin/static/userlist/j/yjc/lby/Public/Admin/static/userlist/query_006.js
ERR: 无法加载控制器:Public

[ 2017-05-27T14:30:09+08:00 ] ::1 /yjc/lby/index.php/Background/WdatePicker.css
ERR: 非法操作:WdatePicker.css

[ 2017-05-27T14:30:09+08:00 ] ::1 /yjc/lby/Public/Admin/static/userlist/j/yjc/lby/Public/Admin/static/userlist/query_006.js
ERR: 无法加载控制器:Public

[ 2017-05-27T14:30:09+08:00 ] ::1 /yjc/lby/index.php/Background/WdatePicker.css
ERR: 非法操作:WdatePicker.css

[ 2017-05-27T14:30:09+08:00 ] ::1 /yjc/lby/Public/Admin/static/userlist/skin/WdatePicker.css
ERR: 无法加载控制器:Public

[ 2017-05-27T14:50:03+08:00 ] ::1 /yjc/lby/Public/Admin/static/userlist/j/yjc/lby/Public/Admin/static/userlist/query_006.js
ERR: 无法加载控制器:Public

[ 2017-05-27T14:50:03+08:00 ] ::1 /yjc/lby/index.php/Background/WdatePicker.css
ERR: 非法操作:WdatePicker.css

[ 2017-05-27T14:50:03+08:00 ] ::1 /yjc/lby/Public/Admin/static/userlist/j/yjc/lby/Public/Admin/static/userlist/query_006.js
ERR: 无法加载控制器:Public

[ 2017-05-27T14:50:03+08:00 ] ::1 /yjc/lby/index.php/Background/WdatePicker.css
ERR: 非法操作:WdatePicker.css

[ 2017-05-27T14:50:03+08:00 ] ::1 /yjc/lby/Public/Admin/static/userlist/skin/WdatePicker.css
ERR: 无法加载控制器:Public

[ 2017-05-27T14:58:56+08:00 ] ::1 /yjc/lby/Background%E3%80%81brand_seek
ERR: 无法加载控制器:Background、brand_seek

[ 2017-05-27T15:01:40+08:00 ] ::1 /yjc/lby/index.php/Admin/Index/index1.html
ERR: 非法操作:index1

[ 2017-05-27T15:01:43+08:00 ] ::1 /yjc/lby/Public/Admin/static/userlist/j/yjc/lby/Public/Admin/static/userlist/query_006.js
ERR: 无法加载控制器:Public

[ 2017-05-27T15:01:43+08:00 ] ::1 /yjc/lby/index.php/Background/WdatePicker.css
ERR: 非法操作:WdatePicker.css

[ 2017-05-27T15:01:43+08:00 ] ::1 /yjc/lby/Public/Admin/static/userlist/j/yjc/lby/Public/Admin/static/userlist/query_006.js
ERR: 无法加载控制器:Public

[ 2017-05-27T15:01:43+08:00 ] ::1 /yjc/lby/index.php/Background/WdatePicker.css
ERR: 非法操作:WdatePicker.css

[ 2017-05-27T15:01:43+08:00 ] ::1 /yjc/lby/Public/Admin/static/userlist/skin/WdatePicker.css
ERR: 无法加载控制器:Public

[ 2017-05-27T15:02:26+08:00 ] ::1 /yjc/lby/Public/Admin/static/userlist/j/yjc/lby/Public/Admin/static/userlist/query_006.js
ERR: 无法加载控制器:Public

[ 2017-05-27T15:02:26+08:00 ] ::1 /yjc/lby/index.php/Background/WdatePicker.css
ERR: 非法操作:WdatePicker.css

[ 2017-05-27T15:02:26+08:00 ] ::1 /yjc/lby/Public/Admin/static/userlist/j/yjc/lby/Public/Admin/static/userlist/query_006.js
ERR: 无法加载控制器:Public

[ 2017-05-27T15:02:27+08:00 ] ::1 /yjc/lby/index.php/Background/WdatePicker.css
ERR: 非法操作:WdatePicker.css

[ 2017-05-27T15:02:27+08:00 ] ::1 /yjc/lby/Public/Admin/static/userlist/skin/WdatePicker.css
ERR: 无法加载控制器:Public

[ 2017-05-27T15:02:28+08:00 ] ::1 /yjc/lby/probleminformation/list.do
ERR: 无法加载控制器:Probleminformation

[ 2017-05-27T15:02:29+08:00 ] ::1 /yjc/lby/index.php/Background/WdatePicker.css
ERR: 非法操作:WdatePicker.css

[ 2017-05-27T15:02:29+08:00 ] ::1 /yjc/lby/Public/Admin/static/userlist/j/yjc/lby/Public/Admin/static/userlist/query_006.js
ERR: 无法加载控制器:Public

[ 2017-05-27T15:02:29+08:00 ] ::1 /yjc/lby/Public/Admin/static/userlist/j/yjc/lby/Public/Admin/static/userlist/query_006.js
ERR: 无法加载控制器:Public

[ 2017-05-27T15:02:30+08:00 ] ::1 /yjc/lby/Public/Admin/static/userlist/skin/WdatePicker.css
ERR: 无法加载控制器:Public

[ 2017-05-27T15:02:30+08:00 ] ::1 /yjc/lby/index.php/Background/WdatePicker.css
ERR: 非法操作:WdatePicker.css

[ 2017-05-27T15:02:36+08:00 ] ::1 /yjc/lby/probleminformation/list.do
ERR: 无法加载控制器:Probleminformation

[ 2017-05-27T15:02:37+08:00 ] ::1 /yjc/lby/index.php/Background/WdatePicker.css
ERR: 非法操作:WdatePicker.css

[ 2017-05-27T15:02:37+08:00 ] ::1 /yjc/lby/Public/Admin/static/userlist/j/yjc/lby/Public/Admin/static/userlist/query_006.js
ERR: 无法加载控制器:Public

[ 2017-05-27T15:02:38+08:00 ] ::1 /yjc/lby/Public/Admin/static/userlist/j/yjc/lby/Public/Admin/static/userlist/query_006.js
ERR: 无法加载控制器:Public

[ 2017-05-27T15:02:38+08:00 ] ::1 /yjc/lby/index.php/Background/WdatePicker.css
ERR: 非法操作:WdatePicker.css

[ 2017-05-27T15:02:38+08:00 ] ::1 /yjc/lby/Public/Admin/static/userlist/skin/WdatePicker.css
ERR: 无法加载控制器:Public

[ 2017-05-27T15:02:43+08:00 ] ::1 /yjc/lby/question/list.do
ERR: 无法加载控制器:Question

[ 2017-05-27T15:02:44+08:00 ] ::1 /yjc/lby/probleminformation/list.do
ERR: 无法加载控制器:Probleminformation

[ 2017-05-27T15:02:44+08:00 ] ::1 /yjc/lby/question/list.do
ERR: 无法加载控制器:Question

[ 2017-05-27T15:02:46+08:00 ] ::1 /yjc/lby/Public/Admin/static/userlist/j/yjc/lby/Public/Admin/static/userlist/query_006.js
ERR: 无法加载控制器:Public

[ 2017-05-27T15:02:47+08:00 ] ::1 /yjc/lby/index.php/Background/WdatePicker.css
ERR: 非法操作:WdatePicker.css

[ 2017-05-27T15:02:47+08:00 ] ::1 /yjc/lby/Public/Admin/static/userlist/j/yjc/lby/Public/Admin/static/userlist/query_006.js
ERR: 无法加载控制器:Public

[ 2017-05-27T15:02:47+08:00 ] ::1 /yjc/lby/index.php/Background/WdatePicker.css
ERR: 非法操作:WdatePicker.css

[ 2017-05-27T15:02:47+08:00 ] ::1 /yjc/lby/Public/Admin/static/userlist/skin/WdatePicker.css
ERR: 无法加载控制器:Public

[ 2017-05-27T15:22:54+08:00 ] ::1 /yjc/lby/Background/brand_seek
ERR: 非法操作:brand_seek

[ 2017-05-27T15:23:00+08:00 ] ::1 /yjc/lby/index.php/Admin/Index/index1.html
ERR: 非法操作:index1

[ 2017-05-27T15:23:03+08:00 ] ::1 /yjc/lby/probleminformation/list.do
ERR: 无法加载控制器:Probleminformation

[ 2017-05-27T15:23:04+08:00 ] ::1 /yjc/lby/index.php/Background/WdatePicker.css
ERR: 非法操作:WdatePicker.css

[ 2017-05-27T15:23:04+08:00 ] ::1 /yjc/lby/Public/Admin/static/userlist/j/yjc/lby/Public/Admin/static/userlist/query_006.js
ERR: 无法加载控制器:Public

[ 2017-05-27T15:23:04+08:00 ] ::1 /yjc/lby/Public/Admin/static/userlist/j/yjc/lby/Public/Admin/static/userlist/query_006.js
ERR: 无法加载控制器:Public

[ 2017-05-27T15:23:04+08:00 ] ::1 /yjc/lby/index.php/Background/WdatePicker.css
ERR: 非法操作:WdatePicker.css

[ 2017-05-27T15:23:04+08:00 ] ::1 /yjc/lby/Public/Admin/static/userlist/skin/WdatePicker.css
ERR: 无法加载控制器:Public

[ 2017-05-27T15:34:08+08:00 ] ::1 /yjc/lby/Public/Admin/static/userlist/j/yjc/lby/Public/Admin/static/userlist/query_006.js
ERR: 无法加载控制器:Public

[ 2017-05-27T15:34:08+08:00 ] ::1 /yjc/lby/index.php/Background/WdatePicker.css
ERR: 非法操作:WdatePicker.css

[ 2017-05-27T15:34:09+08:00 ] ::1 /yjc/lby/Public/Admin/static/userlist/j/yjc/lby/Public/Admin/static/userlist/query_006.js
ERR: 无法加载控制器:Public

[ 2017-05-27T15:34:09+08:00 ] ::1 /yjc/lby/index.php/Background/WdatePicker.css
ERR: 非法操作:WdatePicker.css

[ 2017-05-27T15:34:09+08:00 ] ::1 /yjc/lby/Public/Admin/static/userlist/skin/WdatePicker.css
ERR: 无法加载控制器:Public

[ 2017-05-27T15:36:40+08:00 ] ::1 /yjc/lby/Public/Admin/static/userlist/j/yjc/lby/Public/Admin/static/userlist/query_006.js
ERR: 无法加载控制器:Public

[ 2017-05-27T15:36:40+08:00 ] ::1 /yjc/lby/index.php/Background/WdatePicker.css
ERR: 非法操作:WdatePicker.css

[ 2017-05-27T15:36:40+08:00 ] ::1 /yjc/lby/Public/Admin/static/userlist/j/yjc/lby/Public/Admin/static/userlist/query_006.js
ERR: 无法加载控制器:Public

[ 2017-05-27T15:36:40+08:00 ] ::1 /yjc/lby/Public/Admin/static/userlist/skin/WdatePicker.css
ERR: 无法加载控制器:Public

[ 2017-05-27T15:36:40+08:00 ] ::1 /yjc/lby/index.php/Background/WdatePicker.css
ERR: 非法操作:WdatePicker.css

[ 2017-05-27T15:37:20+08:00 ] ::1 /yjc/lby/Public/Admin/static/userlist/j/yjc/lby/Public/Admin/static/userlist/query_006.js
ERR: 无法加载控制器:Public

[ 2017-05-27T15:37:20+08:00 ] ::1 /yjc/lby/index.php/Background/WdatePicker.css
ERR: 非法操作:WdatePicker.css

[ 2017-05-27T15:37:20+08:00 ] ::1 /yjc/lby/Public/Admin/static/userlist/j/yjc/lby/Public/Admin/static/userlist/query_006.js
ERR: 无法加载控制器:Public

[ 2017-05-27T15:37:20+08:00 ] ::1 /yjc/lby/Public/Admin/static/userlist/skin/WdatePicker.css
ERR: 无法加载控制器:Public

[ 2017-05-27T15:37:20+08:00 ] ::1 /yjc/lby/index.php/Background/WdatePicker.css
ERR: 非法操作:WdatePicker.css

[ 2017-05-27T15:38:05+08:00 ] ::1 /yjc/lby/Public/Admin/static/userlist/j/yjc/lby/Public/Admin/static/userlist/query_006.js
ERR: 无法加载控制器:Public

[ 2017-05-27T15:38:05+08:00 ] ::1 /yjc/lby/index.php/Background/WdatePicker.css
ERR: 非法操作:WdatePicker.css

[ 2017-05-27T15:38:05+08:00 ] ::1 /yjc/lby/Public/Admin/static/userlist/j/yjc/lby/Public/Admin/static/userlist/query_006.js
ERR: 无法加载控制器:Public

[ 2017-05-27T15:38:05+08:00 ] ::1 /yjc/lby/index.php/Background/WdatePicker.css
ERR: 非法操作:WdatePicker.css

[ 2017-05-27T15:38:05+08:00 ] ::1 /yjc/lby/Public/Admin/static/userlist/skin/WdatePicker.css
ERR: 无法加载控制器:Public

[ 2017-05-27T15:38:34+08:00 ] ::1 /yjc/lby/index.php/Background/WdatePicker.css
ERR: 非法操作:WdatePicker.css

[ 2017-05-27T15:38:34+08:00 ] ::1 /yjc/lby/Public/Admin/static/userlist/j/yjc/lby/Public/Admin/static/userlist/query_006.js
ERR: 无法加载控制器:Public

[ 2017-05-27T15:38:34+08:00 ] ::1 /yjc/lby/Public/Admin/static/userlist/j/yjc/lby/Public/Admin/static/userlist/query_006.js
ERR: 无法加载控制器:Public

[ 2017-05-27T15:38:34+08:00 ] ::1 /yjc/lby/Public/Admin/static/userlist/skin/WdatePicker.css
ERR: 无法加载控制器:Public

[ 2017-05-27T15:38:34+08:00 ] ::1 /yjc/lby/index.php/Background/WdatePicker.css
ERR: 非法操作:WdatePicker.css

[ 2017-05-27T15:38:36+08:00 ] ::1 /yjc/lby/probleminformation/list.do
ERR: 无法加载控制器:Probleminformation

[ 2017-05-27T15:39:32+08:00 ] ::1 /yjc/lby/Public/Admin/static/userlist/j/yjc/lby/Public/Admin/static/userlist/query_006.js
ERR: 无法加载控制器:Public

[ 2017-05-27T15:39:32+08:00 ] ::1 /yjc/lby/index.php/Background/WdatePicker.css
ERR: 非法操作:WdatePicker.css

[ 2017-05-27T15:39:32+08:00 ] ::1 /yjc/lby/Public/Admin/static/userlist/j/yjc/lby/Public/Admin/static/userlist/query_006.js
ERR: 无法加载控制器:Public

[ 2017-05-27T15:39:32+08:00 ] ::1 /yjc/lby/index.php/Background/WdatePicker.css
ERR: 非法操作:WdatePicker.css

[ 2017-05-27T15:39:32+08:00 ] ::1 /yjc/lby/Public/Admin/static/userlist/skin/WdatePicker.css
ERR: 无法加载控制器:Public

[ 2017-05-27T15:39:49+08:00 ] ::1 /yjc/lby/index.php/Background/WdatePicker.css
ERR: 非法操作:WdatePicker.css

[ 2017-05-27T15:39:49+08:00 ] ::1 /yjc/lby/Public/Admin/static/userlist/j/yjc/lby/Public/Admin/static/userlist/query_006.js
ERR: 无法加载控制器:Public

[ 2017-05-27T15:39:49+08:00 ] ::1 /yjc/lby/Public/Admin/static/userlist/j/yjc/lby/Public/Admin/static/userlist/query_006.js
ERR: 无法加载控制器:Public

[ 2017-05-27T15:39:49+08:00 ] ::1 /yjc/lby/index.php/Background/WdatePicker.css
ERR: 非法操作:WdatePicker.css

[ 2017-05-27T15:39:49+08:00 ] ::1 /yjc/lby/Public/Admin/static/userlist/skin/WdatePicker.css
ERR: 无法加载控制器:Public

[ 2017-05-27T15:47:27+08:00 ] ::1 /yjc/lby/probleminformation/list.do
ERR: 无法加载控制器:Probleminformation

[ 2017-05-27T15:47:29+08:00 ] ::1 /yjc/lby/probleminformation/list.do
ERR: 无法加载控制器:Probleminformation

[ 2017-05-27T15:47:30+08:00 ] ::1 /yjc/lby/Public/Admin/static/userlist/j/yjc/lby/Public/Admin/static/userlist/query_006.js
ERR: 无法加载控制器:Public

[ 2017-05-27T15:47:30+08:00 ] ::1 /yjc/lby/index.php/Background/WdatePicker.css
ERR: 非法操作:WdatePicker.css

[ 2017-05-27T15:47:30+08:00 ] ::1 /yjc/lby/Public/Admin/static/userlist/j/yjc/lby/Public/Admin/static/userlist/query_006.js
ERR: 无法加载控制器:Public

[ 2017-05-27T15:47:30+08:00 ] ::1 /yjc/lby/index.php/Background/WdatePicker.css
ERR: 非法操作:WdatePicker.css

[ 2017-05-27T15:47:30+08:00 ] ::1 /yjc/lby/Public/Admin/static/userlist/skin/WdatePicker.css
ERR: 无法加载控制器:Public

[ 2017-05-27T15:47:30+08:00 ] ::1 /yjc/lby/probleminformation/list.do
ERR: 无法加载控制器:Probleminformation

[ 2017-05-27T15:48:02+08:00 ] ::1 /yjc/lby/probleminformation/list.do
ERR: 无法加载控制器:Probleminformation

[ 2017-05-27T15:48:03+08:00 ] ::1 /yjc/lby/probleminformation/list.do
ERR: 无法加载控制器:Probleminformation

[ 2017-05-27T15:48:06+08:00 ] ::1 /yjc/lby/index.php/Admin/Index/index1.html
ERR: 非法操作:index1

[ 2017-05-27T15:48:09+08:00 ] ::1 /yjc/lby/Public/Admin/static/userlist/j/yjc/lby/Public/Admin/static/userlist/query_006.js
ERR: 无法加载控制器:Public

[ 2017-05-27T15:48:09+08:00 ] ::1 /yjc/lby/index.php/Background/WdatePicker.css
ERR: 非法操作:WdatePicker.css

[ 2017-05-27T15:48:09+08:00 ] ::1 /yjc/lby/Public/Admin/static/userlist/j/yjc/lby/Public/Admin/static/userlist/query_006.js
ERR: 无法加载控制器:Public

[ 2017-05-27T15:48:09+08:00 ] ::1 /yjc/lby/index.php/Background/WdatePicker.css
ERR: 非法操作:WdatePicker.css

[ 2017-05-27T15:48:09+08:00 ] ::1 /yjc/lby/Public/Admin/static/userlist/skin/WdatePicker.css
ERR: 无法加载控制器:Public

[ 2017-05-27T15:48:11+08:00 ] ::1 /yjc/lby/index.php/Model/model_add.html
ERR: 无法加载控制器:Model

[ 2017-05-27T15:48:12+08:00 ] ::1 /yjc/lby/index.php/Model/model_add.html
ERR: 无法加载控制器:Model

[ 2017-05-27T15:48:12+08:00 ] ::1 /yjc/lby/index.php/Model/model_add.html
ERR: 无法加载控制器:Model

[ 2017-05-27T15:51:25+08:00 ] ::1 /yjc/lby/index.php/Model/companyinfo/selectBycompany.do
INFO: [ app_begin ] --START--
INFO: Run Behavior\ReadHtmlCacheBehavior [ RunTime:0.001000s ]
INFO: [ app_begin ] --END-- [ RunTime:0.002000s ]
ERR: 非法操作:companyinfo

[ 2017-05-27T15:51:41+08:00 ] ::1 /yjc/lby/index.php/Background/WdatePicker.css
ERR: 非法操作:WdatePicker.css

[ 2017-05-27T15:51:41+08:00 ] ::1 /yjc/lby/Public/Admin/static/userlist/j/yjc/lby/Public/Admin/static/userlist/query_006.js
ERR: 无法加载控制器:Public

[ 2017-05-27T15:51:41+08:00 ] ::1 /yjc/lby/Public/Admin/static/userlist/j/yjc/lby/Public/Admin/static/userlist/query_006.js
ERR: 无法加载控制器:Public

[ 2017-05-27T15:51:41+08:00 ] ::1 /yjc/lby/index.php/Background/WdatePicker.css
ERR: 非法操作:WdatePicker.css

[ 2017-05-27T15:51:41+08:00 ] ::1 /yjc/lby/Public/Admin/static/userlist/skin/WdatePicker.css
ERR: 无法加载控制器:Public

[ 2017-05-27T15:51:44+08:00 ] ::1 /yjc/lby/index.php/Model/companyinfo/selectBycompany.do
INFO: [ app_begin ] --START--
INFO: Run Behavior\ReadHtmlCacheBehavior [ RunTime:0.000000s ]
INFO: [ app_begin ] --END-- [ RunTime:0.001000s ]
ERR: 非法操作:companyinfo

[ 2017-05-27T15:51:47+08:00 ] ::1 /yjc/lby/Public/Admin/static/userlist/j/yjc/lby/Public/Admin/static/userlist/query_006.js
ERR: 无法加载控制器:Public

[ 2017-05-27T15:51:47+08:00 ] ::1 /yjc/lby/index.php/Background/WdatePicker.css
ERR: 非法操作:WdatePicker.css

[ 2017-05-27T15:51:47+08:00 ] ::1 /yjc/lby/Public/Admin/static/userlist/j/yjc/lby/Public/Admin/static/userlist/query_006.js
ERR: 无法加载控制器:Public

[ 2017-05-27T15:51:47+08:00 ] ::1 /yjc/lby/Public/Admin/static/userlist/skin/WdatePicker.css
ERR: 无法加载控制器:Public

[ 2017-05-27T15:51:47+08:00 ] ::1 /yjc/lby/index.php/Background/WdatePicker.css
ERR: 非法操作:WdatePicker.css

[ 2017-05-27T15:51:55+08:00 ] ::1 /yjc/lby/index.php/Model/companyinfo/selectBycompany.do
INFO: [ app_begin ] --START--
INFO: Run Behavior\ReadHtmlCacheBehavior [ RunTime:0.001000s ]
INFO: [ app_begin ] --END-- [ RunTime:0.001000s ]
ERR: 非法操作:companyinfo

[ 2017-05-27T15:52:01+08:00 ] ::1 /yjc/lby/index.php/Admin/Device/addDevice.html
INFO: [ app_begin ] --START--
INFO: Run Behavior\ReadHtmlCacheBehavior [ RunTime:0.000000s ]
INFO: [ app_begin ] --END-- [ RunTime:0.001000s ]
ERR: 无法加载控制器:Device

[ 2017-05-27T15:52:07+08:00 ] ::1 /yjc/lby/index.php/Model/companyinfo/selectBycompany.do
INFO: [ app_begin ] --START--
INFO: Run Behavior\ReadHtmlCacheBehavior [ RunTime:0.001000s ]
INFO: [ app_begin ] --END-- [ RunTime:0.002000s ]
ERR: 非法操作:companyinfo

[ 2017-05-27T15:52:08+08:00 ] ::1 /yjc/lby/index.php/Admin/Device/addDevice.html
INFO: [ app_begin ] --START--
INFO: Run Behavior\ReadHtmlCacheBehavior [ RunTime:0.001000s ]
INFO: [ app_begin ] --END-- [ RunTime:0.002000s ]
ERR: 无法加载控制器:Device

[ 2017-05-27T15:52:11+08:00 ] ::1 /yjc/lby/index.php/Model/companyinfo/selectBycompany.do
INFO: [ app_begin ] --START--
INFO: Run Behavior\ReadHtmlCacheBehavior [ RunTime:0.001000s ]
INFO: [ app_begin ] --END-- [ RunTime:0.001000s ]
ERR: 非法操作:companyinfo

[ 2017-05-27T16:35:24+08:00 ] ::1 /yjc/lby/Public/Admin/static/userlist/j/yjc/lby/Public/Admin/static/userlist/query_006.js
ERR: 无法加载控制器:Public

[ 2017-05-27T16:35:24+08:00 ] ::1 /yjc/lby/index.php/Background/WdatePicker.css
ERR: 非法操作:WdatePicker.css

[ 2017-05-27T16:35:24+08:00 ] ::1 /yjc/lby/Public/Admin/static/userlist/j/yjc/lby/Public/Admin/static/userlist/query_006.js
ERR: 无法加载控制器:Public

[ 2017-05-27T16:35:24+08:00 ] ::1 /yjc/lby/Public/Admin/static/userlist/skin/WdatePicker.css
ERR: 无法加载控制器:Public

[ 2017-05-27T16:35:24+08:00 ] ::1 /yjc/lby/index.php/Background/WdatePicker.css
ERR: 非法操作:WdatePicker.css

[ 2017-05-27T16:35:33+08:00 ] ::1 /yjc/lby/index.php/Model/companyinfo/selectBycompany.do
INFO: [ app_begin ] --START--
INFO: Run Behavior\ReadHtmlCacheBehavior [ RunTime:0.001000s ]
INFO: [ app_begin ] --END-- [ RunTime:0.001000s ]
ERR: 非法操作:companyinfo

[ 2017-05-27T16:36:33+08:00 ] ::1 /yjc/lby/Public/Admin/static/userlist/j/yjc/lby/Public/Admin/static/userlist/query_006.js
ERR: 无法加载控制器:Public

[ 2017-05-27T16:36:33+08:00 ] ::1 /yjc/lby/index.php/Background/WdatePicker.css
ERR: 非法操作:WdatePicker.css

[ 2017-05-27T16:36:34+08:00 ] ::1 /yjc/lby/Public/Admin/static/userlist/j/yjc/lby/Public/Admin/static/userlist/query_006.js
ERR: 无法加载控制器:Public

[ 2017-05-27T16:36:34+08:00 ] ::1 /yjc/lby/index.php/Background/WdatePicker.css
ERR: 非法操作:WdatePicker.css

[ 2017-05-27T16:36:34+08:00 ] ::1 /yjc/lby/Public/Admin/static/userlist/skin/WdatePicker.css
ERR: 无法加载控制器:Public

[ 2017-05-27T16:36:38+08:00 ] ::1 /yjc/lby/Public/Admin/static/userlist/j/yjc/lby/Public/Admin/static/userlist/query_006.js
ERR: 无法加载控制器:Public

[ 2017-05-27T16:36:38+08:00 ] ::1 /yjc/lby/index.php/Background/WdatePicker.css
ERR: 非法操作:WdatePicker.css

[ 2017-05-27T16:36:38+08:00 ] ::1 /yjc/lby/Public/Admin/static/userlist/j/yjc/lby/Public/Admin/static/userlist/query_006.js
ERR: 无法加载控制器:Public

[ 2017-05-27T16:36:38+08:00 ] ::1 /yjc/lby/index.php/Background/WdatePicker.css
ERR: 非法操作:WdatePicker.css

[ 2017-05-27T16:36:38+08:00 ] ::1 /yjc/lby/Public/Admin/static/userlist/skin/WdatePicker.css
ERR: 无法加载控制器:Public

[ 2017-05-27T16:36:44+08:00 ] ::1 /yjc/lby/Public/Admin/static/userlist/j/yjc/lby/Public/Admin/static/userlist/query_006.js
ERR: 无法加载控制器:Public

[ 2017-05-27T16:36:44+08:00 ] ::1 /yjc/lby/index.php/Background/WdatePicker.css
ERR: 非法操作:WdatePicker.css

[ 2017-05-27T16:36:44+08:00 ] ::1 /yjc/lby/Public/Admin/static/userlist/j/yjc/lby/Public/Admin/static/userlist/query_006.js
ERR: 无法加载控制器:Public

[ 2017-05-27T16:36:44+08:00 ] ::1 /yjc/lby/Public/Admin/static/userlist/skin/WdatePicker.css
ERR: 无法加载控制器:Public

[ 2017-05-27T16:36:44+08:00 ] ::1 /yjc/lby/index.php/Background/WdatePicker.css
ERR: 非法操作:WdatePicker.css

[ 2017-05-27T16:52:28+08:00 ] ::1 /yjc/lby/Public/Admin/static/userlist/j/yjc/lby/Public/Admin/static/userlist/query_006.js
ERR: 无法加载控制器:Public

[ 2017-05-27T16:52:28+08:00 ] ::1 /yjc/lby/index.php/Background/WdatePicker.css
ERR: 非法操作:WdatePicker.css

[ 2017-05-27T16:52:28+08:00 ] ::1 /yjc/lby/Public/Admin/static/userlist/j/yjc/lby/Public/Admin/static/userlist/query_006.js
ERR: 无法加载控制器:Public

[ 2017-05-27T16:52:28+08:00 ] ::1 /yjc/lby/index.php/Background/WdatePicker.css
ERR: 非法操作:WdatePicker.css

[ 2017-05-27T16:52:28+08:00 ] ::1 /yjc/lby/Public/Admin/static/userlist/skin/WdatePicker.css
ERR: 无法加载控制器:Public

[ 2017-05-27T16:52:30+08:00 ] ::1 /yjc/lby/Public/Admin/static/userlist/j/yjc/lby/Public/Admin/static/userlist/query_006.js
ERR: 无法加载控制器:Public

[ 2017-05-27T16:52:30+08:00 ] ::1 /yjc/lby/index.php/Background/WdatePicker.css
ERR: 非法操作:WdatePicker.css

[ 2017-05-27T16:52:30+08:00 ] ::1 /yjc/lby/Public/Admin/static/userlist/j/yjc/lby/Public/Admin/static/userlist/query_006.js
ERR: 无法加载控制器:Public

[ 2017-05-27T16:52:30+08:00 ] ::1 /yjc/lby/Public/Admin/static/userlist/skin/WdatePicker.css
ERR: 无法加载控制器:Public

[ 2017-05-27T16:52:30+08:00 ] ::1 /yjc/lby/index.php/Background/WdatePicker.css
ERR: 非法操作:WdatePicker.css

[ 2017-05-27T16:52:36+08:00 ] ::1 /yjc/lby/index.php/Background/WdatePicker.css
ERR: 非法操作:WdatePicker.css

[ 2017-05-27T16:52:36+08:00 ] ::1 /yjc/lby/Public/Admin/static/userlist/j/yjc/lby/Public/Admin/static/userlist/query_006.js
ERR: 无法加载控制器:Public

[ 2017-05-27T16:52:36+08:00 ] ::1 /yjc/lby/Public/Admin/static/userlist/j/yjc/lby/Public/Admin/static/userlist/query_006.js
ERR: 无法加载控制器:Public

[ 2017-05-27T16:52:36+08:00 ] ::1 /yjc/lby/Public/Admin/static/userlist/skin/WdatePicker.css
ERR: 无法加载控制器:Public

[ 2017-05-27T16:52:36+08:00 ] ::1 /yjc/lby/index.php/Background/WdatePicker.css
ERR: 非法操作:WdatePicker.css

[ 2017-05-27T16:54:20+08:00 ] ::1 /yjc/lby/Public/Admin/static/userlist/j/yjc/lby/Public/Admin/static/userlist/query_006.js
ERR: 无法加载控制器:Public

[ 2017-05-27T16:54:20+08:00 ] ::1 /yjc/lby/index.php/Background/WdatePicker.css
ERR: 非法操作:WdatePicker.css

[ 2017-05-27T16:54:20+08:00 ] ::1 /yjc/lby/Public/Admin/static/userlist/j/yjc/lby/Public/Admin/static/userlist/query_006.js
ERR: 无法加载控制器:Public

[ 2017-05-27T16:54:20+08:00 ] ::1 /yjc/lby/Public/Admin/static/userlist/skin/WdatePicker.css
ERR: 无法加载控制器:Public

[ 2017-05-27T16:54:20+08:00 ] ::1 /yjc/lby/index.php/Background/WdatePicker.css
ERR: 非法操作:WdatePicker.css

[ 2017-05-27T16:56:11+08:00 ] ::1 /yjc/lby/Public/Admin/static/userlist/j/yjc/lby/Public/Admin/static/userlist/query_006.js
ERR: 无法加载控制器:Public

[ 2017-05-27T16:56:11+08:00 ] ::1 /yjc/lby/index.php/Background/WdatePicker.css
ERR: 非法操作:WdatePicker.css

[ 2017-05-27T16:56:11+08:00 ] ::1 /yjc/lby/Public/Admin/static/userlist/j/yjc/lby/Public/Admin/static/userlist/query_006.js
ERR: 无法加载控制器:Public

[ 2017-05-27T16:56:11+08:00 ] ::1 /yjc/lby/index.php/Background/WdatePicker.css
ERR: 非法操作:WdatePicker.css

[ 2017-05-27T16:56:11+08:00 ] ::1 /yjc/lby/Public/Admin/static/userlist/skin/WdatePicker.css
ERR: 无法加载控制器:Public

[ 2017-05-27T16:56:13+08:00 ] ::1 /yjc/lby/index.php/Background/WdatePicker.css
ERR: 非法操作:WdatePicker.css

[ 2017-05-27T16:56:13+08:00 ] ::1 /yjc/lby/Public/Admin/static/userlist/j/yjc/lby/Public/Admin/static/userlist/query_006.js
ERR: 无法加载控制器:Public

[ 2017-05-27T16:56:13+08:00 ] ::1 /yjc/lby/Public/Admin/static/userlist/j/yjc/lby/Public/Admin/static/userlist/query_006.js
ERR: 无法加载控制器:Public

[ 2017-05-27T16:56:13+08:00 ] ::1 /yjc/lby/index.php/Background/WdatePicker.css
ERR: 非法操作:WdatePicker.css

[ 2017-05-27T16:56:13+08:00 ] ::1 /yjc/lby/Public/Admin/static/userlist/skin/WdatePicker.css
ERR: 无法加载控制器:Public

[ 2017-05-27T16:57:50+08:00 ] ::1 /yjc/lby/index.php/Background/WdatePicker.css
ERR: 非法操作:WdatePicker.css

[ 2017-05-27T16:57:50+08:00 ] ::1 /yjc/lby/Public/Admin/static/userlist/j/yjc/lby/Public/Admin/static/userlist/query_006.js
ERR: 无法加载控制器:Public

[ 2017-05-27T16:57:50+08:00 ] ::1 /yjc/lby/Public/Admin/static/userlist/j/yjc/lby/Public/Admin/static/userlist/query_006.js
ERR: 无法加载控制器:Public

[ 2017-05-27T16:57:50+08:00 ] ::1 /yjc/lby/Public/Admin/static/userlist/skin/WdatePicker.css
ERR: 无法加载控制器:Public

[ 2017-05-27T16:57:51+08:00 ] ::1 /yjc/lby/index.php/Background/WdatePicker.css
ERR: 非法操作:WdatePicker.css

[ 2017-05-27T16:58:46+08:00 ] ::1 /yjc/lby/Public/Admin/static/userlist/j/yjc/lby/Public/Admin/static/userlist/query_006.js
ERR: 无法加载控制器:Public

[ 2017-05-27T16:58:46+08:00 ] ::1 /yjc/lby/index.php/Background/WdatePicker.css
ERR: 非法操作:WdatePicker.css

[ 2017-05-27T16:58:46+08:00 ] ::1 /yjc/lby/Public/Admin/static/userlist/j/yjc/lby/Public/Admin/static/userlist/query_006.js
ERR: 无法加载控制器:Public

[ 2017-05-27T16:58:47+08:00 ] ::1 /yjc/lby/index.php/Background/WdatePicker.css
ERR: 非法操作:WdatePicker.css

[ 2017-05-27T16:58:47+08:00 ] ::1 /yjc/lby/Public/Admin/static/userlist/skin/WdatePicker.css
ERR: 无法加载控制器:Public

[ 2017-05-27T16:59:00+08:00 ] ::1 /yjc/lby/Public/Admin/static/userlist/j/yjc/lby/Public/Admin/static/userlist/query_006.js
ERR: 无法加载控制器:Public

[ 2017-05-27T16:59:00+08:00 ] ::1 /yjc/lby/index.php/Background/WdatePicker.css
ERR: 非法操作:WdatePicker.css

[ 2017-05-27T16:59:00+08:00 ] ::1 /yjc/lby/Public/Admin/static/userlist/j/yjc/lby/Public/Admin/static/userlist/query_006.js
ERR: 无法加载控制器:Public

[ 2017-05-27T16:59:00+08:00 ] ::1 /yjc/lby/index.php/Background/WdatePicker.css
ERR: 非法操作:WdatePicker.css

[ 2017-05-27T16:59:00+08:00 ] ::1 /yjc/lby/Public/Admin/static/userlist/skin/WdatePicker.css
ERR: 无法加载控制器:Public

[ 2017-05-27T17:00:08+08:00 ] ::1 /yjc/lby/Public/Admin/static/userlist/j/yjc/lby/Public/Admin/static/userlist/query_006.js
ERR: 无法加载控制器:Public

[ 2017-05-27T17:00:08+08:00 ] ::1 /yjc/lby/index.php/Background/WdatePicker.css
ERR: 非法操作:WdatePicker.css

[ 2017-05-27T17:00:08+08:00 ] ::1 /yjc/lby/Public/Admin/static/userlist/j/yjc/lby/Public/Admin/static/userlist/query_006.js
ERR: 无法加载控制器:Public

[ 2017-05-27T17:00:08+08:00 ] ::1 /yjc/lby/Public/Admin/static/userlist/skin/WdatePicker.css
ERR: 无法加载控制器:Public

[ 2017-05-27T17:00:08+08:00 ] ::1 /yjc/lby/index.php/Background/WdatePicker.css
ERR: 非法操作:WdatePicker.css

[ 2017-05-27T17:00:41+08:00 ] ::1 /yjc/lby/Public/Admin/static/userlist/j/yjc/lby/Public/Admin/static/userlist/query_006.js
ERR: 无法加载控制器:Public

[ 2017-05-27T17:00:41+08:00 ] ::1 /yjc/lby/index.php/Background/WdatePicker.css
ERR: 非法操作:WdatePicker.css

[ 2017-05-27T17:00:41+08:00 ] ::1 /yjc/lby/Public/Admin/static/userlist/j/yjc/lby/Public/Admin/static/userlist/query_006.js
ERR: 无法加载控制器:Public

[ 2017-05-27T17:00:41+08:00 ] ::1 /yjc/lby/index.php/Background/WdatePicker.css
ERR: 非法操作:WdatePicker.css

[ 2017-05-27T17:00:41+08:00 ] ::1 /yjc/lby/Public/Admin/static/userlist/skin/WdatePicker.css
ERR: 无法加载控制器:Public

[ 2017-05-27T17:01:38+08:00 ] ::1 /yjc/lby/Public/Admin/static/userlist/j/yjc/lby/Public/Admin/static/userlist/query_006.js
ERR: 无法加载控制器:Public

[ 2017-05-27T17:01:38+08:00 ] ::1 /yjc/lby/index.php/Background/WdatePicker.css
ERR: 非法操作:WdatePicker.css

[ 2017-05-27T17:01:38+08:00 ] ::1 /yjc/lby/Public/Admin/static/userlist/j/yjc/lby/Public/Admin/static/userlist/query_006.js
ERR: 无法加载控制器:Public

[ 2017-05-27T17:01:39+08:00 ] ::1 /yjc/lby/Public/Admin/static/userlist/skin/WdatePicker.css
ERR: 无法加载控制器:Public

[ 2017-05-27T17:01:39+08:00 ] ::1 /yjc/lby/index.php/Background/WdatePicker.css
ERR: 非法操作:WdatePicker.css

[ 2017-05-27T17:01:57+08:00 ] ::1 /yjc/lby/Public/Admin/static/userlist/j/yjc/lby/Public/Admin/static/userlist/query_006.js
ERR: 无法加载控制器:Public

[ 2017-05-27T17:01:57+08:00 ] ::1 /yjc/lby/index.php/Background/WdatePicker.css
ERR: 非法操作:WdatePicker.css

[ 2017-05-27T17:01:57+08:00 ] ::1 /yjc/lby/Public/Admin/static/userlist/j/yjc/lby/Public/Admin/static/userlist/query_006.js
ERR: 无法加载控制器:Public

[ 2017-05-27T17:01:57+08:00 ] ::1 /yjc/lby/index.php/Background/WdatePicker.css
ERR: 非法操作:WdatePicker.css

[ 2017-05-27T17:01:57+08:00 ] ::1 /yjc/lby/Public/Admin/static/userlist/skin/WdatePicker.css
ERR: 无法加载控制器:Public

[ 2017-05-27T17:02:36+08:00 ] ::1 /yjc/lby/index.php/Background/WdatePicker.css
ERR: 非法操作:WdatePicker.css

[ 2017-05-27T17:02:36+08:00 ] ::1 /yjc/lby/Public/Admin/static/userlist/j/yjc/lby/Public/Admin/static/userlist/query_006.js
ERR: 无法加载控制器:Public

[ 2017-05-27T17:02:37+08:00 ] ::1 /yjc/lby/Public/Admin/static/userlist/j/yjc/lby/Public/Admin/static/userlist/query_006.js
ERR: 无法加载控制器:Public

[ 2017-05-27T17:02:37+08:00 ] ::1 /yjc/lby/Public/Admin/static/userlist/skin/WdatePicker.css
ERR: 无法加载控制器:Public

[ 2017-05-27T17:02:37+08:00 ] ::1 /yjc/lby/index.php/Background/WdatePicker.css
ERR: 非法操作:WdatePicker.css

[ 2017-05-27T17:03:29+08:00 ] ::1 /yjc/lby/Public/Admin/static/userlist/j/yjc/lby/Public/Admin/static/userlist/query_006.js
ERR: 无法加载控制器:Public

[ 2017-05-27T17:03:29+08:00 ] ::1 /yjc/lby/index.php/Background/WdatePicker.css
ERR: 非法操作:WdatePicker.css

[ 2017-05-27T17:03:29+08:00 ] ::1 /yjc/lby/Public/Admin/static/userlist/j/yjc/lby/Public/Admin/static/userlist/query_006.js
ERR: 无法加载控制器:Public

[ 2017-05-27T17:03:29+08:00 ] ::1 /yjc/lby/index.php/Background/WdatePicker.css
ERR: 非法操作:WdatePicker.css

[ 2017-05-27T17:03:29+08:00 ] ::1 /yjc/lby/Public/Admin/static/userlist/skin/WdatePicker.css
ERR: 无法加载控制器:Public

[ 2017-05-27T17:04:25+08:00 ] ::1 /yjc/lby/Public/Admin/static/userlist/j/yjc/lby/Public/Admin/static/userlist/query_006.js
ERR: 无法加载控制器:Public

[ 2017-05-27T17:04:25+08:00 ] ::1 /yjc/lby/index.php/Background/WdatePicker.css
ERR: 非法操作:WdatePicker.css

[ 2017-05-27T17:04:25+08:00 ] ::1 /yjc/lby/Public/Admin/static/userlist/j/yjc/lby/Public/Admin/static/userlist/query_006.js
ERR: 无法加载控制器:Public

[ 2017-05-27T17:04:25+08:00 ] ::1 /yjc/lby/index.php/Background/WdatePicker.css
ERR: 非法操作:WdatePicker.css

[ 2017-05-27T17:04:25+08:00 ] ::1 /yjc/lby/Public/Admin/static/userlist/skin/WdatePicker.css
ERR: 无法加载控制器:Public

[ 2017-05-27T17:04:43+08:00 ] ::1 /yjc/lby/Public/Admin/static/userlist/j/yjc/lby/Public/Admin/static/userlist/query_006.js
ERR: 无法加载控制器:Public

[ 2017-05-27T17:04:43+08:00 ] ::1 /yjc/lby/index.php/Background/WdatePicker.css
ERR: 非法操作:WdatePicker.css

[ 2017-05-27T17:04:43+08:00 ] ::1 /yjc/lby/Public/Admin/static/userlist/j/yjc/lby/Public/Admin/static/userlist/query_006.js
ERR: 无法加载控制器:Public

[ 2017-05-27T17:04:44+08:00 ] ::1 /yjc/lby/index.php/Background/WdatePicker.css
ERR: 非法操作:WdatePicker.css

[ 2017-05-27T17:04:44+08:00 ] ::1 /yjc/lby/Public/Admin/static/userlist/skin/WdatePicker.css
ERR: 无法加载控制器:Public

[ 2017-05-27T17:06:28+08:00 ] ::1 /yjc/lby/Public/Admin/static/userlist/j/yjc/lby/Public/Admin/static/userlist/query_006.js
ERR: 无法加载控制器:Public

[ 2017-05-27T17:06:28+08:00 ] ::1 /yjc/lby/index.php/Background/WdatePicker.css
ERR: 非法操作:WdatePicker.css

[ 2017-05-27T17:06:28+08:00 ] ::1 /yjc/lby/Public/Admin/static/userlist/j/yjc/lby/Public/Admin/static/userlist/query_006.js
ERR: 无法加载控制器:Public

[ 2017-05-27T17:06:28+08:00 ] ::1 /yjc/lby/index.php/Background/WdatePicker.css
ERR: 非法操作:WdatePicker.css

[ 2017-05-27T17:06:28+08:00 ] ::1 /yjc/lby/Public/Admin/static/userlist/skin/WdatePicker.css
ERR: 无法加载控制器:Public

[ 2017-05-27T17:07:08+08:00 ] ::1 /yjc/lby/Public/Admin/static/userlist/j/yjc/lby/Public/Admin/static/userlist/query_006.js
ERR: 无法加载控制器:Public

[ 2017-05-27T17:07:08+08:00 ] ::1 /yjc/lby/index.php/Background/WdatePicker.css
ERR: 非法操作:WdatePicker.css

[ 2017-05-27T17:07:08+08:00 ] ::1 /yjc/lby/Public/Admin/static/userlist/j/yjc/lby/Public/Admin/static/userlist/query_006.js
ERR: 无法加载控制器:Public

[ 2017-05-27T17:07:08+08:00 ] ::1 /yjc/lby/index.php/Background/WdatePicker.css
ERR: 非法操作:WdatePicker.css

[ 2017-05-27T17:07:08+08:00 ] ::1 /yjc/lby/Public/Admin/static/userlist/skin/WdatePicker.css
ERR: 无法加载控制器:Public

[ 2017-05-27T17:07:32+08:00 ] ::1 /yjc/lby/Public/Admin/static/userlist/j/yjc/lby/Public/Admin/static/userlist/query_006.js
ERR: 无法加载控制器:Public

[ 2017-05-27T17:07:32+08:00 ] ::1 /yjc/lby/index.php/Background/WdatePicker.css
ERR: 非法操作:WdatePicker.css

[ 2017-05-27T17:07:32+08:00 ] ::1 /yjc/lby/Public/Admin/static/userlist/j/yjc/lby/Public/Admin/static/userlist/query_006.js
ERR: 无法加载控制器:Public

[ 2017-05-27T17:07:32+08:00 ] ::1 /yjc/lby/index.php/Background/WdatePicker.css
ERR: 非法操作:WdatePicker.css

[ 2017-05-27T17:07:32+08:00 ] ::1 /yjc/lby/Public/Admin/static/userlist/skin/WdatePicker.css
ERR: 无法加载控制器:Public

[ 2017-05-27T17:08:26+08:00 ] ::1 /yjc/lby/index.php/Background/WdatePicker.css
ERR: 非法操作:WdatePicker.css

[ 2017-05-27T17:08:26+08:00 ] ::1 /yjc/lby/Public/Admin/static/userlist/j/yjc/lby/Public/Admin/static/userlist/query_006.js
ERR: 无法加载控制器:Public

[ 2017-05-27T17:08:26+08:00 ] ::1 /yjc/lby/Public/Admin/static/userlist/j/yjc/lby/Public/Admin/static/userlist/query_006.js
ERR: 无法加载控制器:Public

[ 2017-05-27T17:08:26+08:00 ] ::1 /yjc/lby/index.php/Background/WdatePicker.css
ERR: 非法操作:WdatePicker.css

[ 2017-05-27T17:08:26+08:00 ] ::1 /yjc/lby/Public/Admin/static/userlist/skin/WdatePicker.css
ERR: 无法加载控制器:Public

[ 2017-05-27T17:08:29+08:00 ] ::1 /yjc/lby/Public/Admin/static/userlist/j/yjc/lby/Public/Admin/static/userlist/query_006.js
ERR: 无法加载控制器:Public

[ 2017-05-27T17:08:29+08:00 ] ::1 /yjc/lby/index.php/Background/WdatePicker.css
ERR: 非法操作:WdatePicker.css

[ 2017-05-27T17:08:29+08:00 ] ::1 /yjc/lby/Public/Admin/static/userlist/j/yjc/lby/Public/Admin/static/userlist/query_006.js
ERR: 无法加载控制器:Public

[ 2017-05-27T17:08:29+08:00 ] ::1 /yjc/lby/index.php/Background/WdatePicker.css
ERR: 非法操作:WdatePicker.css

[ 2017-05-27T17:08:29+08:00 ] ::1 /yjc/lby/Public/Admin/static/userlist/skin/WdatePicker.css
ERR: 无法加载控制器:Public

[ 2017-05-27T17:15:47+08:00 ] ::1 /yjc/lby/Public/Admin/static/userlist/j/yjc/lby/Public/Admin/static/userlist/query_006.js
ERR: 无法加载控制器:Public

[ 2017-05-27T17:15:47+08:00 ] ::1 /yjc/lby/index.php/Background/WdatePicker.css
ERR: 非法操作:WdatePicker.css

[ 2017-05-27T17:15:48+08:00 ] ::1 /yjc/lby/Public/Admin/static/userlist/j/yjc/lby/Public/Admin/static/userlist/query_006.js
ERR: 无法加载控制器:Public

[ 2017-05-27T17:15:48+08:00 ] ::1 /yjc/lby/Public/Admin/static/userlist/skin/WdatePicker.css
ERR: 无法加载控制器:Public

[ 2017-05-27T17:15:48+08:00 ] ::1 /yjc/lby/index.php/Background/WdatePicker.css
ERR: 非法操作:WdatePicker.css

[ 2017-05-27T17:15:51+08:00 ] ::1 /yjc/lby/index.php/Background/WdatePicker.css
ERR: 非法操作:WdatePicker.css

[ 2017-05-27T17:15:51+08:00 ] ::1 /yjc/lby/Public/Admin/static/userlist/j/yjc/lby/Public/Admin/static/userlist/query_006.js
ERR: 无法加载控制器:Public

[ 2017-05-27T17:15:51+08:00 ] ::1 /yjc/lby/Public/Admin/static/userlist/j/yjc/lby/Public/Admin/static/userlist/query_006.js
ERR: 无法加载控制器:Public

[ 2017-05-27T17:15:51+08:00 ] ::1 /yjc/lby/index.php/Background/WdatePicker.css
ERR: 非法操作:WdatePicker.css

[ 2017-05-27T17:15:51+08:00 ] ::1 /yjc/lby/Public/Admin/static/userlist/skin/WdatePicker.css
ERR: 无法加载控制器:Public

[ 2017-05-27T17:15:53+08:00 ] ::1 /yjc/lby/Public/Admin/static/userlist/j/yjc/lby/Public/Admin/static/userlist/query_006.js
ERR: 无法加载控制器:Public

[ 2017-05-27T17:15:53+08:00 ] ::1 /yjc/lby/index.php/Background/WdatePicker.css
ERR: 非法操作:WdatePicker.css

[ 2017-05-27T17:15:53+08:00 ] ::1 /yjc/lby/Public/Admin/static/userlist/j/yjc/lby/Public/Admin/static/userlist/query_006.js
ERR: 无法加载控制器:Public

[ 2017-05-27T17:15:53+08:00 ] ::1 /yjc/lby/Public/Admin/static/userlist/skin/WdatePicker.css
ERR: 无法加载控制器:Public

[ 2017-05-27T17:15:53+08:00 ] ::1 /yjc/lby/index.php/Background/WdatePicker.css
ERR: 非法操作:WdatePicker.css

[ 2017-05-27T17:15:56+08:00 ] ::1 /yjc/lby/index.php/Background/WdatePicker.css
ERR: 非法操作:WdatePicker.css

[ 2017-05-27T17:15:56+08:00 ] ::1 /yjc/lby/Public/Admin/static/userlist/j/yjc/lby/Public/Admin/static/userlist/query_006.js
ERR: 无法加载控制器:Public

[ 2017-05-27T17:15:57+08:00 ] ::1 /yjc/lby/Public/Admin/static/userlist/j/yjc/lby/Public/Admin/static/userlist/query_006.js
ERR: 无法加载控制器:Public

[ 2017-05-27T17:15:57+08:00 ] ::1 /yjc/lby/Public/Admin/static/userlist/skin/WdatePicker.css
ERR: 无法加载控制器:Public

[ 2017-05-27T17:15:57+08:00 ] ::1 /yjc/lby/index.php/Background/WdatePicker.css
ERR: 非法操作:WdatePicker.css

[ 2017-05-27T17:20:51+08:00 ] ::1 /yjc/lby/Public/Admin/static/userlist/j/yjc/lby/Public/Admin/static/userlist/query_006.js
ERR: 无法加载控制器:Public

[ 2017-05-27T17:20:51+08:00 ] ::1 /yjc/lby/index.php/Background/WdatePicker.css
ERR: 非法操作:WdatePicker.css

[ 2017-05-27T17:20:51+08:00 ] ::1 /yjc/lby/Public/Admin/static/userlist/j/yjc/lby/Public/Admin/static/userlist/query_006.js
ERR: 无法加载控制器:Public

[ 2017-05-27T17:20:51+08:00 ] ::1 /yjc/lby/index.php/Background/WdatePicker.css
ERR: 非法操作:WdatePicker.css

[ 2017-05-27T17:20:51+08:00 ] ::1 /yjc/lby/Public/Admin/static/userlist/skin/WdatePicker.css
ERR: 无法加载控制器:Public

[ 2017-05-27T17:21:42+08:00 ] ::1 /yjc/lby/Public/Admin/static/userlist/j/yjc/lby/Public/Admin/static/userlist/query_006.js
ERR: 无法加载控制器:Public

[ 2017-05-27T17:21:42+08:00 ] ::1 /yjc/lby/index.php/Background/WdatePicker.css
ERR: 非法操作:WdatePicker.css

[ 2017-05-27T17:21:42+08:00 ] ::1 /yjc/lby/Public/Admin/static/userlist/j/yjc/lby/Public/Admin/static/userlist/query_006.js
ERR: 无法加载控制器:Public

[ 2017-05-27T17:21:42+08:00 ] ::1 /yjc/lby/index.php/Background/WdatePicker.css
ERR: 非法操作:WdatePicker.css

[ 2017-05-27T17:21:42+08:00 ] ::1 /yjc/lby/Public/Admin/static/userlist/skin/WdatePicker.css
ERR: 无法加载控制器:Public

[ 2017-05-27T17:31:42+08:00 ] ::1 /yjc/lby/index.php/Admin/Index/index1.html
ERR: 非法操作:index1

[ 2017-05-27T17:31:54+08:00 ] ::1 /yjc/lby/Public/Admin/static/userlist/j/yjc/lby/Public/Admin/static/userlist/query_006.js
ERR: 无法加载控制器:Public

[ 2017-05-27T17:31:55+08:00 ] ::1 /yjc/lby/index.php/Background/WdatePicker.css
ERR: 非法操作:WdatePicker.css

[ 2017-05-27T17:31:55+08:00 ] ::1 /yjc/lby/Public/Admin/static/userlist/j/yjc/lby/Public/Admin/static/userlist/query_006.js
ERR: 无法加载控制器:Public

[ 2017-05-27T17:31:55+08:00 ] ::1 /yjc/lby/Public/Admin/static/userlist/skin/WdatePicker.css
ERR: 无法加载控制器:Public

[ 2017-05-27T17:31:55+08:00 ] ::1 /yjc/lby/index.php/Background/WdatePicker.css
ERR: 非法操作:WdatePicker.css

[ 2017-05-27T17:35:42+08:00 ] ::1 /yjc/lby/index.php/Admin/Index/index1.html
ERR: 非法操作:index1

[ 2017-05-27T17:35:49+08:00 ] ::1 /yjc/lby/Public/Admin/static/userlist/j/yjc/lby/Public/Admin/static/userlist/query_006.js
ERR: 无法加载控制器:Public

[ 2017-05-27T17:35:49+08:00 ] ::1 /yjc/lby/index.php/Background/WdatePicker.css
ERR: 非法操作:WdatePicker.css

[ 2017-05-27T17:35:49+08:00 ] ::1 /yjc/lby/Public/Admin/static/userlist/j/yjc/lby/Public/Admin/static/userlist/query_006.js
ERR: 无法加载控制器:Public

[ 2017-05-27T17:35:49+08:00 ] ::1 /yjc/lby/Public/Admin/static/userlist/skin/WdatePicker.css
ERR: 无法加载控制器:Public

[ 2017-05-27T17:35:49+08:00 ] ::1 /yjc/lby/index.php/Background/WdatePicker.css
ERR: 非法操作:WdatePicker.css

[ 2017-05-27T17:52:01+08:00 ] ::1 /yjc/lby/index.php/Admin/Index/index1.html
ERR: 非法操作:index1

[ 2017-05-27T17:52:05+08:00 ] ::1 /yjc/lby/Public/Admin/static/userlist/j/yjc/lby/Public/Admin/static/userlist/query_006.js
ERR: 无法加载控制器:Public

[ 2017-05-27T17:52:05+08:00 ] ::1 /yjc/lby/index.php/Background/WdatePicker.css
ERR: 非法操作:WdatePicker.css

[ 2017-05-27T17:52:05+08:00 ] ::1 /yjc/lby/Public/Admin/static/userlist/j/yjc/lby/Public/Admin/static/userlist/query_006.js
ERR: 无法加载控制器:Public

[ 2017-05-27T17:52:05+08:00 ] ::1 /yjc/lby/Public/Admin/static/userlist/skin/WdatePicker.css
ERR: 无法加载控制器:Public

[ 2017-05-27T17:52:05+08:00 ] ::1 /yjc/lby/index.php/Background/WdatePicker.css
ERR: 非法操作:WdatePicker.css

