[ 2017-06-14T09:18:14+08:00 ] ::1 /yjc/lby/index.php/Admin/Index/index1.html
ERR: éæ³•æ“ä½œ:index1

[ 2017-06-14T09:18:17+08:00 ] ::1 /yjc/lby/Public/Admin/static/userlist/j/yjc/lby/Public/Admin/static/userlist/query_006.js
ERR: æ— æ³•åŠ è½½æ§åˆ¶å™¨:Public

[ 2017-06-14T09:18:17+08:00 ] ::1 /yjc/lby/index.php/Lnstru/WdatePicker.css
ERR: éæ³•æ“ä½œ:WdatePicker.css

[ 2017-06-14T09:18:18+08:00 ] ::1 /yjc/lby/Public/Admin/static/userlist/j/yjc/lby/Public/Admin/static/userlist/query_006.js
ERR: æ— æ³•åŠ è½½æ§åˆ¶å™¨:Public

[ 2017-06-14T09:18:18+08:00 ] ::1 /yjc/lby/Public/Admin/static/userlist/skin/WdatePicker.css
ERR: æ— æ³•åŠ è½½æ§åˆ¶å™¨:Public

[ 2017-06-14T09:18:18+08:00 ] ::1 /yjc/lby/index.php/Lnstru/WdatePicker.css
ERR: éæ³•æ“ä½œ:WdatePicker.css

[ 2017-06-14T09:18:19+08:00 ] ::1 /yjc/lby/Public/Admin/static/userlist/j/yjc/lby/Public/Admin/static/userlist/query_006.js
ERR: æ— æ³•åŠ è½½æ§åˆ¶å™¨:Public

[ 2017-06-14T09:18:19+08:00 ] ::1 /yjc/lby/index.php/Batch/WdatePicker.css
ERR: éæ³•æ“ä½œ:WdatePicker.css

[ 2017-06-14T09:18:19+08:00 ] ::1 /yjc/lby/Public/Admin/static/userlist/j/yjc/lby/Public/Admin/static/userlist/query_006.js
ERR: æ— æ³•åŠ è½½æ§åˆ¶å™¨:Public

[ 2017-06-14T09:18:19+08:00 ] ::1 /yjc/lby/index.php/Batch/WdatePicker.css
ERR: éæ³•æ“ä½œ:WdatePicker.css

[ 2017-06-14T09:18:19+08:00 ] ::1 /yjc/lby/Public/Admin/static/userlist/skin/WdatePicker.css
ERR: æ— æ³•åŠ è½½æ§åˆ¶å™¨:Public

[ 2017-06-14T09:18:20+08:00 ] ::1 /yjc/lby/Public/Admin/static/userlist/j/yjc/lby/Public/Admin/static/userlist/query_006.js
ERR: æ— æ³•åŠ è½½æ§åˆ¶å™¨:Public

[ 2017-06-14T09:18:20+08:00 ] ::1 /yjc/lby/index.php/Lnstru/WdatePicker.css
ERR: éæ³•æ“ä½œ:WdatePicker.css

[ 2017-06-14T09:18:20+08:00 ] ::1 /yjc/lby/Public/Admin/static/userlist/j/yjc/lby/Public/Admin/static/userlist/query_006.js
ERR: æ— æ³•åŠ è½½æ§åˆ¶å™¨:Public

[ 2017-06-14T09:18:20+08:00 ] ::1 /yjc/lby/index.php/Lnstru/WdatePicker.css
ERR: éæ³•æ“ä½œ:WdatePicker.css

[ 2017-06-14T09:18:20+08:00 ] ::1 /yjc/lby/Public/Admin/static/userlist/skin/WdatePicker.css
ERR: æ— æ³•åŠ è½½æ§åˆ¶å™¨:Public

[ 2017-06-14T09:18:23+08:00 ] ::1 /yjc/lby/index.php/Lnstru/WdatePicker.css
ERR: éæ³•æ“ä½œ:WdatePicker.css

[ 2017-06-14T09:18:23+08:00 ] ::1 /yjc/lby/Public/Admin/static/userlist/j/yjc/lby/Public/Admin/static/userlist/query_006.js
ERR: æ— æ³•åŠ è½½æ§åˆ¶å™¨:Public

[ 2017-06-14T09:18:23+08:00 ] ::1 /yjc/lby/Public/Admin/static/userlist/j/yjc/lby/Public/Admin/static/userlist/query_006.js
ERR: æ— æ³•åŠ è½½æ§åˆ¶å™¨:Public

[ 2017-06-14T09:18:23+08:00 ] ::1 /yjc/lby/index.php/Lnstru/WdatePicker.css
ERR: éæ³•æ“ä½œ:WdatePicker.css

[ 2017-06-14T09:18:23+08:00 ] ::1 /yjc/lby/Public/Admin/static/userlist/skin/WdatePicker.css
ERR: æ— æ³•åŠ è½½æ§åˆ¶å™¨:Public

[ 2017-06-14T09:18:23+08:00 ] ::1 /yjc/lby/index.php/Batch/WdatePicker.css
ERR: éæ³•æ“ä½œ:WdatePicker.css

[ 2017-06-14T09:18:23+08:00 ] ::1 /yjc/lby/Public/Admin/static/userlist/j/yjc/lby/Public/Admin/static/userlist/query_006.js
ERR: æ— æ³•åŠ è½½æ§åˆ¶å™¨:Public

[ 2017-06-14T09:18:24+08:00 ] ::1 /yjc/lby/Public/Admin/static/userlist/j/yjc/lby/Public/Admin/static/userlist/query_006.js
ERR: æ— æ³•åŠ è½½æ§åˆ¶å™¨:Public

[ 2017-06-14T09:18:24+08:00 ] ::1 /yjc/lby/index.php/Batch/WdatePicker.css
ERR: éæ³•æ“ä½œ:WdatePicker.css

[ 2017-06-14T09:18:24+08:00 ] ::1 /yjc/lby/Public/Admin/static/userlist/skin/WdatePicker.css
ERR: æ— æ³•åŠ è½½æ§åˆ¶å™¨:Public

[ 2017-06-14T09:18:26+08:00 ] ::1 /yjc/lby/instructions/list
ERR: æ— æ³•åŠ è½½æ§åˆ¶å™¨:Instructions

[ 2017-06-14T09:18:28+08:00 ] ::1 /yjc/lby/instructions/list
ERR: æ— æ³•åŠ è½½æ§åˆ¶å™¨:Instructions

[ 2017-06-14T09:18:31+08:00 ] ::1 /yjc/lby/Public/Admin/static/userlist/j/yjc/lby/Public/Admin/static/userlist/query_006.js
ERR: æ— æ³•åŠ è½½æ§åˆ¶å™¨:Public

[ 2017-06-14T09:18:31+08:00 ] ::1 /yjc/lby/index.php/Lnstru/WdatePicker.css
ERR: éæ³•æ“ä½œ:WdatePicker.css

[ 2017-06-14T09:18:31+08:00 ] ::1 /yjc/lby/Public/Admin/static/userlist/j/yjc/lby/Public/Admin/static/userlist/query_006.js
ERR: æ— æ³•åŠ è½½æ§åˆ¶å™¨:Public

[ 2017-06-14T09:18:31+08:00 ] ::1 /yjc/lby/index.php/Lnstru/WdatePicker.css
ERR: éæ³•æ“ä½œ:WdatePicker.css

[ 2017-06-14T09:18:31+08:00 ] ::1 /yjc/lby/Public/Admin/static/userlist/skin/WdatePicker.css
ERR: æ— æ³•åŠ è½½æ§åˆ¶å™¨:Public

[ 2017-06-14T09:18:32+08:00 ] ::1 /yjc/lby/Public/Admin/static/userlist/j/yjc/lby/Public/Admin/static/userlist/query_006.js
ERR: æ— æ³•åŠ è½½æ§åˆ¶å™¨:Public

[ 2017-06-14T09:18:32+08:00 ] ::1 /yjc/lby/index.php/Batch/WdatePicker.css
ERR: éæ³•æ“ä½œ:WdatePicker.css

[ 2017-06-14T09:18:32+08:00 ] ::1 /yjc/lby/Public/Admin/static/userlist/j/yjc/lby/Public/Admin/static/userlist/query_006.js
ERR: æ— æ³•åŠ è½½æ§åˆ¶å™¨:Public

[ 2017-06-14T09:18:32+08:00 ] ::1 /yjc/lby/index.php/Batch/WdatePicker.css
ERR: éæ³•æ“ä½œ:WdatePicker.css

[ 2017-06-14T09:18:32+08:00 ] ::1 /yjc/lby/Public/Admin/static/userlist/skin/WdatePicker.css
ERR: æ— æ³•åŠ è½½æ§åˆ¶å™¨:Public

[ 2017-06-14T09:22:16+08:00 ] ::1 /yjc/lby/index.php/Lnstru/WdatePicker.css
ERR: éæ³•æ“ä½œ:WdatePicker.css

[ 2017-06-14T09:22:16+08:00 ] ::1 /yjc/lby/Public/Admin/static/userlist/j/yjc/lby/Public/Admin/static/userlist/query_006.js
ERR: æ— æ³•åŠ è½½æ§åˆ¶å™¨:Public

[ 2017-06-14T09:22:16+08:00 ] ::1 /yjc/lby/Public/Admin/static/userlist/j/yjc/lby/Public/Admin/static/userlist/query_006.js
ERR: æ— æ³•åŠ è½½æ§åˆ¶å™¨:Public

[ 2017-06-14T09:22:16+08:00 ] ::1 /yjc/lby/index.php/Lnstru/WdatePicker.css
ERR: éæ³•æ“ä½œ:WdatePicker.css

[ 2017-06-14T09:22:16+08:00 ] ::1 /yjc/lby/Public/Admin/static/userlist/skin/WdatePicker.css
ERR: æ— æ³•åŠ è½½æ§åˆ¶å™¨:Public

[ 2017-06-14T09:22:17+08:00 ] ::1 /yjc/lby/Public/Admin/static/userlist/j/yjc/lby/Public/Admin/static/userlist/query_006.js
ERR: æ— æ³•åŠ è½½æ§åˆ¶å™¨:Public

[ 2017-06-14T09:22:17+08:00 ] ::1 /yjc/lby/index.php/Batch/WdatePicker.css
ERR: éæ³•æ“ä½œ:WdatePicker.css

[ 2017-06-14T09:22:18+08:00 ] ::1 /yjc/lby/Public/Admin/static/userlist/j/yjc/lby/Public/Admin/static/userlist/query_006.js
ERR: æ— æ³•åŠ è½½æ§åˆ¶å™¨:Public

[ 2017-06-14T09:22:18+08:00 ] ::1 /yjc/lby/index.php/Batch/WdatePicker.css
ERR: éæ³•æ“ä½œ:WdatePicker.css

[ 2017-06-14T09:22:18+08:00 ] ::1 /yjc/lby/Public/Admin/static/userlist/skin/WdatePicker.css
ERR: æ— æ³•åŠ è½½æ§åˆ¶å™¨:Public

[ 2017-06-14T09:47:11+08:00 ] ::1 /yjc/lby/index.php/Admin/Index/index1.html
ERR: éæ³•æ“ä½œ:index1

[ 2017-06-14T09:47:14+08:00 ] ::1 /yjc/lby/Public/Admin/static/userlist/j/yjc/lby/Public/Admin/static/userlist/query_006.js
ERR: æ— æ³•åŠ è½½æ§åˆ¶å™¨:Public

[ 2017-06-14T09:47:14+08:00 ] ::1 /yjc/lby/index.php/Lnstru/WdatePicker.css
ERR: éæ³•æ“ä½œ:WdatePicker.css

[ 2017-06-14T09:47:14+08:00 ] ::1 /yjc/lby/Public/Admin/static/userlist/j/yjc/lby/Public/Admin/static/userlist/query_006.js
ERR: æ— æ³•åŠ è½½æ§åˆ¶å™¨:Public

[ 2017-06-14T09:47:14+08:00 ] ::1 /yjc/lby/Public/Admin/static/userlist/skin/WdatePicker.css
ERR: æ— æ³•åŠ è½½æ§åˆ¶å™¨:Public

[ 2017-06-14T09:47:14+08:00 ] ::1 /yjc/lby/index.php/Lnstru/WdatePicker.css
ERR: éæ³•æ“ä½œ:WdatePicker.css

[ 2017-06-14T09:47:15+08:00 ] ::1 /yjc/lby/index.php/Batch/index.html
ERR: SQLSTATE[HY000] [2002] ÓÉÓÚÄ¿±ê¼ÆËã»ú»ı¼«¾Ü¾ø£¬ÎŞ·¨Á¬½Ó¡£


[ 2017-06-14T09:47:15+08:00 ] ::1 /yjc/lby/instructions/list
ERR: æ— æ³•åŠ è½½æ§åˆ¶å™¨:Instructions

[ 2017-06-14T10:35:28+08:00 ] ::1 /yjc/lby/index.php/Admin/Index/index1.html
ERR: éæ³•æ“ä½œ:index1

[ 2017-06-14T10:36:49+08:00 ] ::1 /yjc/lby/Public/Admin/static/userlist/j/yjc/lby/Public/Admin/static/userlist/query_006.js
ERR: æ— æ³•åŠ è½½æ§åˆ¶å™¨:Public

[ 2017-06-14T10:36:49+08:00 ] ::1 /yjc/lby/index.php/Lnstru/WdatePicker.css
ERR: éæ³•æ“ä½œ:WdatePicker.css

[ 2017-06-14T10:36:49+08:00 ] ::1 /yjc/lby/Public/Admin/static/userlist/j/yjc/lby/Public/Admin/static/userlist/query_006.js
ERR: æ— æ³•åŠ è½½æ§åˆ¶å™¨:Public

[ 2017-06-14T10:36:49+08:00 ] ::1 /yjc/lby/Public/Admin/static/userlist/skin/WdatePicker.css
ERR: æ— æ³•åŠ è½½æ§åˆ¶å™¨:Public

[ 2017-06-14T10:36:49+08:00 ] ::1 /yjc/lby/index.php/Lnstru/WdatePicker.css
ERR: éæ³•æ“ä½œ:WdatePicker.css

[ 2017-06-14T10:40:11+08:00 ] ::1 /yjc/lby/index.php/Lnstru/WdatePicker.css
ERR: éæ³•æ“ä½œ:WdatePicker.css

[ 2017-06-14T10:40:11+08:00 ] ::1 /yjc/lby/Public/Admin/static/userlist/j/yjc/lby/Public/Admin/static/userlist/query_006.js
ERR: æ— æ³•åŠ è½½æ§åˆ¶å™¨:Public

[ 2017-06-14T10:40:11+08:00 ] ::1 /yjc/lby/Public/Admin/static/userlist/j/yjc/lby/Public/Admin/static/userlist/query_006.js
ERR: æ— æ³•åŠ è½½æ§åˆ¶å™¨:Public

[ 2017-06-14T10:40:11+08:00 ] ::1 /yjc/lby/index.php/Lnstru/WdatePicker.css
ERR: éæ³•æ“ä½œ:WdatePicker.css

[ 2017-06-14T10:40:11+08:00 ] ::1 /yjc/lby/Public/Admin/static/userlist/skin/WdatePicker.css
ERR: æ— æ³•åŠ è½½æ§åˆ¶å™¨:Public

[ 2017-06-14T10:40:12+08:00 ] ::1 /yjc/lby/Public/Admin/static/userlist/j/yjc/lby/Public/Admin/static/userlist/query_006.js
ERR: æ— æ³•åŠ è½½æ§åˆ¶å™¨:Public

[ 2017-06-14T10:40:12+08:00 ] ::1 /yjc/lby/index.php/Batch/WdatePicker.css
ERR: éæ³•æ“ä½œ:WdatePicker.css

[ 2017-06-14T10:40:12+08:00 ] ::1 /yjc/lby/Public/Admin/static/userlist/j/yjc/lby/Public/Admin/static/userlist/query_006.js
ERR: æ— æ³•åŠ è½½æ§åˆ¶å™¨:Public

[ 2017-06-14T10:40:12+08:00 ] ::1 /yjc/lby/index.php/Batch/WdatePicker.css
ERR: éæ³•æ“ä½œ:WdatePicker.css

[ 2017-06-14T10:40:12+08:00 ] ::1 /yjc/lby/Public/Admin/static/userlist/skin/WdatePicker.css
ERR: æ— æ³•åŠ è½½æ§åˆ¶å™¨:Public

[ 2017-06-14T10:40:18+08:00 ] ::1 /yjc/lby/Public/Admin/static/userlist/j/yjc/lby/Public/Admin/static/userlist/query_006.js
ERR: æ— æ³•åŠ è½½æ§åˆ¶å™¨:Public

[ 2017-06-14T10:40:18+08:00 ] ::1 /yjc/lby/index.php/Batch/WdatePicker.css
ERR: éæ³•æ“ä½œ:WdatePicker.css

[ 2017-06-14T10:40:18+08:00 ] ::1 /yjc/lby/Public/Admin/static/userlist/j/yjc/lby/Public/Admin/static/userlist/query_006.js
ERR: æ— æ³•åŠ è½½æ§åˆ¶å™¨:Public

[ 2017-06-14T10:40:18+08:00 ] ::1 /yjc/lby/index.php/Batch/WdatePicker.css
ERR: éæ³•æ“ä½œ:WdatePicker.css

[ 2017-06-14T10:40:18+08:00 ] ::1 /yjc/lby/Public/Admin/static/userlist/skin/WdatePicker.css
ERR: æ— æ³•åŠ è½½æ§åˆ¶å™¨:Public

[ 2017-06-14T10:42:50+08:00 ] ::1 /yjc/lby/index.php/Nva/jquery_003.js
ERR: éæ³•æ“ä½œ:jquery_003.js

[ 2017-06-14T10:42:50+08:00 ] ::1 /yjc/lby/index.php/Nva/WdatePicker.css
ERR: éæ³•æ“ä½œ:WdatePicker.css

[ 2017-06-14T10:42:50+08:00 ] ::1 /yjc/lby/index.php/Nva/WdatePicker.css
ERR: éæ³•æ“ä½œ:WdatePicker.css

[ 2017-06-14T10:42:50+08:00 ] ::1 /yjc/lby/index.php/Nva/jquery_003.js
ERR: éæ³•æ“ä½œ:jquery_003.js

[ 2017-06-14T10:42:50+08:00 ] ::1 /yjc/lby/Public/Admin/static/userlist/skin/WdatePicker.css
ERR: æ— æ³•åŠ è½½æ§åˆ¶å™¨:Public

[ 2017-06-14T10:43:07+08:00 ] ::1 /yjc/lby/Public/Admin/static/userlist/j/yjc/lby/Public/Admin/static/userlist/query_006.js
ERR: æ— æ³•åŠ è½½æ§åˆ¶å™¨:Public

[ 2017-06-14T10:43:07+08:00 ] ::1 /yjc/lby/index.php/Extension/WdatePicker.css
ERR: éæ³•æ“ä½œ:WdatePicker.css

[ 2017-06-14T10:43:07+08:00 ] ::1 /yjc/lby/Public/Admin/static/userlist/j/yjc/lby/Public/Admin/static/userlist/query_006.js
ERR: æ— æ³•åŠ è½½æ§åˆ¶å™¨:Public

[ 2017-06-14T10:43:07+08:00 ] ::1 /yjc/lby/index.php/Extension/WdatePicker.css
ERR: éæ³•æ“ä½œ:WdatePicker.css

[ 2017-06-14T10:43:07+08:00 ] ::1 /yjc/lby/Public/Admin/static/userlist/skin/WdatePicker.css
ERR: æ— æ³•åŠ è½½æ§åˆ¶å™¨:Public

[ 2017-06-14T10:43:34+08:00 ] ::1 /yjc/lby/probleminformation/list.do
ERR: æ— æ³•åŠ è½½æ§åˆ¶å™¨:Probleminformation

[ 2017-06-14T10:47:04+08:00 ] ::1 /yjc/lby/index.php/Lnstru/WdatePicker.css
ERR: éæ³•æ“ä½œ:WdatePicker.css

[ 2017-06-14T10:47:04+08:00 ] ::1 /yjc/lby/Public/Admin/static/userlist/j/yjc/lby/Public/Admin/static/userlist/query_006.js
ERR: æ— æ³•åŠ è½½æ§åˆ¶å™¨:Public

[ 2017-06-14T10:47:04+08:00 ] ::1 /yjc/lby/Public/Admin/static/userlist/j/yjc/lby/Public/Admin/static/userlist/query_006.js
ERR: æ— æ³•åŠ è½½æ§åˆ¶å™¨:Public

[ 2017-06-14T10:47:05+08:00 ] ::1 /yjc/lby/index.php/Lnstru/WdatePicker.css
ERR: éæ³•æ“ä½œ:WdatePicker.css

[ 2017-06-14T10:47:05+08:00 ] ::1 /yjc/lby/Public/Admin/static/userlist/skin/WdatePicker.css
ERR: æ— æ³•åŠ è½½æ§åˆ¶å™¨:Public

[ 2017-06-14T10:47:06+08:00 ] ::1 /yjc/lby/Public/Admin/static/userlist/j/yjc/lby/Public/Admin/static/userlist/query_006.js
ERR: æ— æ³•åŠ è½½æ§åˆ¶å™¨:Public

[ 2017-06-14T10:47:06+08:00 ] ::1 /yjc/lby/index.php/Batch/WdatePicker.css
ERR: éæ³•æ“ä½œ:WdatePicker.css

[ 2017-06-14T10:47:06+08:00 ] ::1 /yjc/lby/Public/Admin/static/userlist/j/yjc/lby/Public/Admin/static/userlist/query_006.js
ERR: æ— æ³•åŠ è½½æ§åˆ¶å™¨:Public

[ 2017-06-14T10:47:06+08:00 ] ::1 /yjc/lby/index.php/Batch/WdatePicker.css
ERR: éæ³•æ“ä½œ:WdatePicker.css

[ 2017-06-14T10:47:06+08:00 ] ::1 /yjc/lby/Public/Admin/static/userlist/skin/WdatePicker.css
ERR: æ— æ³•åŠ è½½æ§åˆ¶å™¨:Public

[ 2017-06-14T10:47:07+08:00 ] ::1 /yjc/lby/instructions/list
ERR: æ— æ³•åŠ è½½æ§åˆ¶å™¨:Instructions

[ 2017-06-14T10:47:08+08:00 ] ::1 /yjc/lby/instructions/list
ERR: æ— æ³•åŠ è½½æ§åˆ¶å™¨:Instructions

[ 2017-06-14T10:47:10+08:00 ] ::1 /yjc/lby/instructions/list
ERR: æ— æ³•åŠ è½½æ§åˆ¶å™¨:Instructions

[ 2017-06-14T10:47:11+08:00 ] ::1 /yjc/lby/instructions/list
ERR: æ— æ³•åŠ è½½æ§åˆ¶å™¨:Instructions

[ 2017-06-14T10:47:13+08:00 ] ::1 /yjc/lby/instructions/list
ERR: æ— æ³•åŠ è½½æ§åˆ¶å™¨:Instructions

[ 2017-06-14T10:47:15+08:00 ] ::1 /yjc/lby/index.php/Lnstru/WdatePicker.css
ERR: éæ³•æ“ä½œ:WdatePicker.css

[ 2017-06-14T10:47:15+08:00 ] ::1 /yjc/lby/Public/Admin/static/userlist/j/yjc/lby/Public/Admin/static/userlist/query_006.js
ERR: æ— æ³•åŠ è½½æ§åˆ¶å™¨:Public

[ 2017-06-14T10:47:15+08:00 ] ::1 /yjc/lby/Public/Admin/static/userlist/j/yjc/lby/Public/Admin/static/userlist/query_006.js
ERR: æ— æ³•åŠ è½½æ§åˆ¶å™¨:Public

[ 2017-06-14T10:47:15+08:00 ] ::1 /yjc/lby/index.php/Lnstru/WdatePicker.css
ERR: éæ³•æ“ä½œ:WdatePicker.css

[ 2017-06-14T10:47:15+08:00 ] ::1 /yjc/lby/Public/Admin/static/userlist/skin/WdatePicker.css
ERR: æ— æ³•åŠ è½½æ§åˆ¶å™¨:Public

[ 2017-06-14T10:47:16+08:00 ] ::1 /yjc/lby/index.php/Batch/WdatePicker.css
ERR: éæ³•æ“ä½œ:WdatePicker.css

[ 2017-06-14T10:47:16+08:00 ] ::1 /yjc/lby/Public/Admin/static/userlist/j/yjc/lby/Public/Admin/static/userlist/query_006.js
ERR: æ— æ³•åŠ è½½æ§åˆ¶å™¨:Public

[ 2017-06-14T10:47:17+08:00 ] ::1 /yjc/lby/Public/Admin/static/userlist/j/yjc/lby/Public/Admin/static/userlist/query_006.js
ERR: æ— æ³•åŠ è½½æ§åˆ¶å™¨:Public

[ 2017-06-14T10:47:17+08:00 ] ::1 /yjc/lby/index.php/Batch/WdatePicker.css
ERR: éæ³•æ“ä½œ:WdatePicker.css

[ 2017-06-14T10:47:17+08:00 ] ::1 /yjc/lby/Public/Admin/static/userlist/skin/WdatePicker.css
ERR: æ— æ³•åŠ è½½æ§åˆ¶å™¨:Public

[ 2017-06-14T10:54:46+08:00 ] ::1 /yjc/lby/index.php/Lnstru/WdatePicker.css
ERR: éæ³•æ“ä½œ:WdatePicker.css

[ 2017-06-14T10:54:46+08:00 ] ::1 /yjc/lby/Public/Admin/static/userlist/j/yjc/lby/Public/Admin/static/userlist/query_006.js
ERR: æ— æ³•åŠ è½½æ§åˆ¶å™¨:Public

[ 2017-06-14T10:54:46+08:00 ] ::1 /yjc/lby/Public/Admin/static/userlist/j/yjc/lby/Public/Admin/static/userlist/query_006.js
ERR: æ— æ³•åŠ è½½æ§åˆ¶å™¨:Public

[ 2017-06-14T10:54:46+08:00 ] ::1 /yjc/lby/Public/Admin/static/userlist/skin/WdatePicker.css
ERR: æ— æ³•åŠ è½½æ§åˆ¶å™¨:Public

[ 2017-06-14T10:54:46+08:00 ] ::1 /yjc/lby/index.php/Lnstru/WdatePicker.css
ERR: éæ³•æ“ä½œ:WdatePicker.css

[ 2017-06-14T10:54:48+08:00 ] ::1 /yjc/lby/index.php/Batch/WdatePicker.css
ERR: éæ³•æ“ä½œ:WdatePicker.css

[ 2017-06-14T10:54:48+08:00 ] ::1 /yjc/lby/Public/Admin/static/userlist/j/yjc/lby/Public/Admin/static/userlist/query_006.js
ERR: æ— æ³•åŠ è½½æ§åˆ¶å™¨:Public

[ 2017-06-14T10:54:48+08:00 ] ::1 /yjc/lby/Public/Admin/static/userlist/j/yjc/lby/Public/Admin/static/userlist/query_006.js
ERR: æ— æ³•åŠ è½½æ§åˆ¶å™¨:Public

[ 2017-06-14T10:54:48+08:00 ] ::1 /yjc/lby/index.php/Batch/WdatePicker.css
ERR: éæ³•æ“ä½œ:WdatePicker.css

[ 2017-06-14T10:54:48+08:00 ] ::1 /yjc/lby/Public/Admin/static/userlist/skin/WdatePicker.css
ERR: æ— æ³•åŠ è½½æ§åˆ¶å™¨:Public

[ 2017-06-14T10:54:56+08:00 ] ::1 /yjc/lby/Public/Admin/static/userlist/j/yjc/lby/Public/Admin/static/userlist/query_006.js
ERR: æ— æ³•åŠ è½½æ§åˆ¶å™¨:Public

[ 2017-06-14T10:54:56+08:00 ] ::1 /yjc/lby/index.php/Lnstru/WdatePicker.css
ERR: éæ³•æ“ä½œ:WdatePicker.css

[ 2017-06-14T10:54:56+08:00 ] ::1 /yjc/lby/Public/Admin/static/userlist/j/yjc/lby/Public/Admin/static/userlist/query_006.js
ERR: æ— æ³•åŠ è½½æ§åˆ¶å™¨:Public

[ 2017-06-14T10:54:56+08:00 ] ::1 /yjc/lby/index.php/Lnstru/WdatePicker.css
ERR: éæ³•æ“ä½œ:WdatePicker.css

[ 2017-06-14T10:54:56+08:00 ] ::1 /yjc/lby/Public/Admin/static/userlist/skin/WdatePicker.css
ERR: æ— æ³•åŠ è½½æ§åˆ¶å™¨:Public

[ 2017-06-14T10:54:57+08:00 ] ::1 /yjc/lby/index.php/Batch/WdatePicker.css
ERR: éæ³•æ“ä½œ:WdatePicker.css

[ 2017-06-14T10:54:57+08:00 ] ::1 /yjc/lby/Public/Admin/static/userlist/j/yjc/lby/Public/Admin/static/userlist/query_006.js
ERR: æ— æ³•åŠ è½½æ§åˆ¶å™¨:Public

[ 2017-06-14T10:54:57+08:00 ] ::1 /yjc/lby/Public/Admin/static/userlist/j/yjc/lby/Public/Admin/static/userlist/query_006.js
ERR: æ— æ³•åŠ è½½æ§åˆ¶å™¨:Public

[ 2017-06-14T10:54:57+08:00 ] ::1 /yjc/lby/index.php/Batch/WdatePicker.css
ERR: éæ³•æ“ä½œ:WdatePicker.css

[ 2017-06-14T10:54:57+08:00 ] ::1 /yjc/lby/Public/Admin/static/userlist/skin/WdatePicker.css
ERR: æ— æ³•åŠ è½½æ§åˆ¶å™¨:Public

[ 2017-06-14T10:54:58+08:00 ] ::1 /yjc/lby/instructions/list
ERR: æ— æ³•åŠ è½½æ§åˆ¶å™¨:Instructions

[ 2017-06-14T10:54:59+08:00 ] ::1 /yjc/lby/instructions/list
ERR: æ— æ³•åŠ è½½æ§åˆ¶å™¨:Instructions

[ 2017-06-14T10:55:00+08:00 ] ::1 /yjc/lby/instructions/list
ERR: æ— æ³•åŠ è½½æ§åˆ¶å™¨:Instructions

[ 2017-06-14T10:55:02+08:00 ] ::1 /yjc/lby/Public/Admin/static/userlist/j/yjc/lby/Public/Admin/static/userlist/query_006.js
ERR: æ— æ³•åŠ è½½æ§åˆ¶å™¨:Public

[ 2017-06-14T10:55:02+08:00 ] ::1 /yjc/lby/index.php/Batch/WdatePicker.css
ERR: éæ³•æ“ä½œ:WdatePicker.css

[ 2017-06-14T10:55:02+08:00 ] ::1 /yjc/lby/Public/Admin/static/userlist/j/yjc/lby/Public/Admin/static/userlist/query_006.js
ERR: æ— æ³•åŠ è½½æ§åˆ¶å™¨:Public

[ 2017-06-14T10:55:02+08:00 ] ::1 /yjc/lby/index.php/Batch/WdatePicker.css
ERR: éæ³•æ“ä½œ:WdatePicker.css

[ 2017-06-14T10:55:02+08:00 ] ::1 /yjc/lby/Public/Admin/static/userlist/skin/WdatePicker.css
ERR: æ— æ³•åŠ è½½æ§åˆ¶å™¨:Public

[ 2017-06-14T10:55:04+08:00 ] ::1 /yjc/lby/instructions/list
ERR: æ— æ³•åŠ è½½æ§åˆ¶å™¨:Instructions

[ 2017-06-14T10:55:06+08:00 ] ::1 /yjc/lby/instructions/list
ERR: æ— æ³•åŠ è½½æ§åˆ¶å™¨:Instructions

[ 2017-06-14T13:05:31+08:00 ] ::1 /yjc/lby/index.php/Product/WdatePicker.css
ERR: éæ³•æ“ä½œ:WdatePicker.css

[ 2017-06-14T13:05:31+08:00 ] ::1 /yjc/lby/Public/Admin/static/userlist/j/yjc/lby/Public/Admin/static/userlist/query_006.js
ERR: æ— æ³•åŠ è½½æ§åˆ¶å™¨:Public

[ 2017-06-14T13:05:31+08:00 ] ::1 /yjc/lby/Public/Admin/static/userlist/j/yjc/lby/Public/Admin/static/userlist/query_006.js
ERR: æ— æ³•åŠ è½½æ§åˆ¶å™¨:Public

[ 2017-06-14T13:05:31+08:00 ] ::1 /yjc/lby/Public/Admin/static/userlist/skin/WdatePicker.css
ERR: æ— æ³•åŠ è½½æ§åˆ¶å™¨:Public

[ 2017-06-14T13:05:31+08:00 ] ::1 /yjc/lby/index.php/Product/WdatePicker.css
ERR: éæ³•æ“ä½œ:WdatePicker.css

[ 2017-06-14T13:05:40+08:00 ] ::1 /yjc/lby/Public/Admin/static/userlist/j/yjc/lby/Public/Admin/static/userlist/query_006.js
ERR: æ— æ³•åŠ è½½æ§åˆ¶å™¨:Public

[ 2017-06-14T13:05:40+08:00 ] ::1 /yjc/lby/index.php/Lead/WdatePicker.css
ERR: éæ³•æ“ä½œ:WdatePicker.css

[ 2017-06-14T13:05:40+08:00 ] ::1 /yjc/lby/Public/Admin/static/userlist/j/yjc/lby/Public/Admin/static/userlist/query_006.js
ERR: æ— æ³•åŠ è½½æ§åˆ¶å™¨:Public

[ 2017-06-14T13:05:40+08:00 ] ::1 /yjc/lby/index.php/Lead/WdatePicker.css
ERR: éæ³•æ“ä½œ:WdatePicker.css

[ 2017-06-14T13:05:40+08:00 ] ::1 /yjc/lby/Public/Admin/static/userlist/skin/WdatePicker.css
ERR: æ— æ³•åŠ è½½æ§åˆ¶å™¨:Public

[ 2017-06-14T13:08:02+08:00 ] ::1 /yjc/lby/index.php/Lead/WdatePicker.css
ERR: éæ³•æ“ä½œ:WdatePicker.css

[ 2017-06-14T13:08:02+08:00 ] ::1 /yjc/lby/Public/Admin/static/userlist/j/yjc/lby/Public/Admin/static/userlist/query_006.js
ERR: æ— æ³•åŠ è½½æ§åˆ¶å™¨:Public

[ 2017-06-14T13:08:02+08:00 ] ::1 /yjc/lby/Public/Admin/static/userlist/j/yjc/lby/Public/Admin/static/userlist/query_006.js
ERR: æ— æ³•åŠ è½½æ§åˆ¶å™¨:Public

[ 2017-06-14T13:08:02+08:00 ] ::1 /yjc/lby/Public/Admin/static/userlist/skin/WdatePicker.css
ERR: æ— æ³•åŠ è½½æ§åˆ¶å™¨:Public

[ 2017-06-14T13:08:02+08:00 ] ::1 /yjc/lby/index.php/Lead/WdatePicker.css
ERR: éæ³•æ“ä½œ:WdatePicker.css

[ 2017-06-14T13:08:19+08:00 ] ::1 /yjc/lby/index.php/Lead/WdatePicker.css
ERR: éæ³•æ“ä½œ:WdatePicker.css

[ 2017-06-14T13:08:19+08:00 ] ::1 /yjc/lby/Public/Admin/static/userlist/j/yjc/lby/Public/Admin/static/userlist/query_006.js
ERR: æ— æ³•åŠ è½½æ§åˆ¶å™¨:Public

[ 2017-06-14T13:08:19+08:00 ] ::1 /yjc/lby/Public/Admin/static/userlist/j/yjc/lby/Public/Admin/static/userlist/query_006.js
ERR: æ— æ³•åŠ è½½æ§åˆ¶å™¨:Public

[ 2017-06-14T13:08:19+08:00 ] ::1 /yjc/lby/Public/Admin/static/userlist/skin/WdatePicker.css
ERR: æ— æ³•åŠ è½½æ§åˆ¶å™¨:Public

[ 2017-06-14T13:08:19+08:00 ] ::1 /yjc/lby/index.php/Lead/WdatePicker.css
ERR: éæ³•æ“ä½œ:WdatePicker.css

[ 2017-06-14T13:08:28+08:00 ] ::1 /yjc/lby/index.php/Lead/WdatePicker.css
ERR: éæ³•æ“ä½œ:WdatePicker.css

[ 2017-06-14T13:08:28+08:00 ] ::1 /yjc/lby/Public/Admin/static/userlist/j/yjc/lby/Public/Admin/static/userlist/query_006.js
ERR: æ— æ³•åŠ è½½æ§åˆ¶å™¨:Public

[ 2017-06-14T13:08:28+08:00 ] ::1 /yjc/lby/Public/Admin/static/userlist/j/yjc/lby/Public/Admin/static/userlist/query_006.js
ERR: æ— æ³•åŠ è½½æ§åˆ¶å™¨:Public

[ 2017-06-14T13:08:28+08:00 ] ::1 /yjc/lby/Public/Admin/static/userlist/skin/WdatePicker.css
ERR: æ— æ³•åŠ è½½æ§åˆ¶å™¨:Public

[ 2017-06-14T13:08:28+08:00 ] ::1 /yjc/lby/index.php/Lead/WdatePicker.css
ERR: éæ³•æ“ä½œ:WdatePicker.css

[ 2017-06-14T13:09:12+08:00 ] ::1 /yjc/lby/Public/Admin/static/userlist/j/yjc/lby/Public/Admin/static/userlist/query_006.js
ERR: æ— æ³•åŠ è½½æ§åˆ¶å™¨:Public

[ 2017-06-14T13:09:12+08:00 ] ::1 /yjc/lby/index.php/Lead/WdatePicker.css
ERR: éæ³•æ“ä½œ:WdatePicker.css

[ 2017-06-14T13:09:12+08:00 ] ::1 /yjc/lby/Public/Admin/static/userlist/j/yjc/lby/Public/Admin/static/userlist/query_006.js
ERR: æ— æ³•åŠ è½½æ§åˆ¶å™¨:Public

[ 2017-06-14T13:09:12+08:00 ] ::1 /yjc/lby/index.php/Lead/WdatePicker.css
ERR: éæ³•æ“ä½œ:WdatePicker.css

[ 2017-06-14T13:09:12+08:00 ] ::1 /yjc/lby/Public/Admin/static/userlist/skin/WdatePicker.css
ERR: æ— æ³•åŠ è½½æ§åˆ¶å™¨:Public

[ 2017-06-14T13:09:24+08:00 ] ::1 /yjc/lby/Public/Admin/static/userlist/j/yjc/lby/Public/Admin/static/userlist/query_006.js
ERR: æ— æ³•åŠ è½½æ§åˆ¶å™¨:Public

[ 2017-06-14T13:09:24+08:00 ] ::1 /yjc/lby/index.php/Lead/WdatePicker.css
ERR: éæ³•æ“ä½œ:WdatePicker.css

[ 2017-06-14T13:09:24+08:00 ] ::1 /yjc/lby/Public/Admin/static/userlist/j/yjc/lby/Public/Admin/static/userlist/query_006.js
ERR: æ— æ³•åŠ è½½æ§åˆ¶å™¨:Public

[ 2017-06-14T13:09:24+08:00 ] ::1 /yjc/lby/Public/Admin/static/userlist/skin/WdatePicker.css
ERR: æ— æ³•åŠ è½½æ§åˆ¶å™¨:Public

[ 2017-06-14T13:09:24+08:00 ] ::1 /yjc/lby/index.php/Lead/WdatePicker.css
ERR: éæ³•æ“ä½œ:WdatePicker.css

[ 2017-06-14T13:10:59+08:00 ] ::1 /yjc/lby/Public/Admin/static/userlist/j/yjc/lby/Public/Admin/static/userlist/query_006.js
ERR: æ— æ³•åŠ è½½æ§åˆ¶å™¨:Public

[ 2017-06-14T13:10:59+08:00 ] ::1 /yjc/lby/index.php/Lnstru/WdatePicker.css
ERR: éæ³•æ“ä½œ:WdatePicker.css

[ 2017-06-14T13:10:59+08:00 ] ::1 /yjc/lby/Public/Admin/static/userlist/j/yjc/lby/Public/Admin/static/userlist/query_006.js
ERR: æ— æ³•åŠ è½½æ§åˆ¶å™¨:Public

[ 2017-06-14T13:10:59+08:00 ] ::1 /yjc/lby/index.php/Lnstru/WdatePicker.css
ERR: éæ³•æ“ä½œ:WdatePicker.css

[ 2017-06-14T13:10:59+08:00 ] ::1 /yjc/lby/Public/Admin/static/userlist/skin/WdatePicker.css
ERR: æ— æ³•åŠ è½½æ§åˆ¶å™¨:Public

[ 2017-06-14T13:11:01+08:00 ] ::1 /yjc/lby/index.php/Batch/WdatePicker.css
ERR: éæ³•æ“ä½œ:WdatePicker.css

[ 2017-06-14T13:11:01+08:00 ] ::1 /yjc/lby/Public/Admin/static/userlist/j/yjc/lby/Public/Admin/static/userlist/query_006.js
ERR: æ— æ³•åŠ è½½æ§åˆ¶å™¨:Public

[ 2017-06-14T13:11:01+08:00 ] ::1 /yjc/lby/Public/Admin/static/userlist/j/yjc/lby/Public/Admin/static/userlist/query_006.js
ERR: æ— æ³•åŠ è½½æ§åˆ¶å™¨:Public

[ 2017-06-14T13:11:01+08:00 ] ::1 /yjc/lby/index.php/Batch/WdatePicker.css
ERR: éæ³•æ“ä½œ:WdatePicker.css

[ 2017-06-14T13:11:01+08:00 ] ::1 /yjc/lby/Public/Admin/static/userlist/skin/WdatePicker.css
ERR: æ— æ³•åŠ è½½æ§åˆ¶å™¨:Public

[ 2017-06-14T13:11:04+08:00 ] ::1 /yjc/lby/index.php/Batch/WdatePicker.css
ERR: éæ³•æ“ä½œ:WdatePicker.css

[ 2017-06-14T13:11:04+08:00 ] ::1 /yjc/lby/Public/Admin/static/userlist/j/yjc/lby/Public/Admin/static/userlist/query_006.js
ERR: æ— æ³•åŠ è½½æ§åˆ¶å™¨:Public

[ 2017-06-14T13:11:04+08:00 ] ::1 /yjc/lby/Public/Admin/static/userlist/j/yjc/lby/Public/Admin/static/userlist/query_006.js
ERR: æ— æ³•åŠ è½½æ§åˆ¶å™¨:Public

[ 2017-06-14T13:11:04+08:00 ] ::1 /yjc/lby/index.php/Batch/WdatePicker.css
ERR: éæ³•æ“ä½œ:WdatePicker.css

[ 2017-06-14T13:11:04+08:00 ] ::1 /yjc/lby/Public/Admin/static/userlist/skin/WdatePicker.css
ERR: æ— æ³•åŠ è½½æ§åˆ¶å™¨:Public

[ 2017-06-14T13:11:05+08:00 ] ::1 /yjc/lby/instructions/list
ERR: æ— æ³•åŠ è½½æ§åˆ¶å™¨:Instructions

[ 2017-06-14T13:11:06+08:00 ] ::1 /yjc/lby/index.php/Batch/WdatePicker.css
ERR: éæ³•æ“ä½œ:WdatePicker.css

[ 2017-06-14T13:11:06+08:00 ] ::1 /yjc/lby/Public/Admin/static/userlist/j/yjc/lby/Public/Admin/static/userlist/query_006.js
ERR: æ— æ³•åŠ è½½æ§åˆ¶å™¨:Public

[ 2017-06-14T13:11:06+08:00 ] ::1 /yjc/lby/Public/Admin/static/userlist/j/yjc/lby/Public/Admin/static/userlist/query_006.js
ERR: æ— æ³•åŠ è½½æ§åˆ¶å™¨:Public

[ 2017-06-14T13:11:06+08:00 ] ::1 /yjc/lby/index.php/Batch/WdatePicker.css
ERR: éæ³•æ“ä½œ:WdatePicker.css

[ 2017-06-14T13:11:06+08:00 ] ::1 /yjc/lby/Public/Admin/static/userlist/skin/WdatePicker.css
ERR: æ— æ³•åŠ è½½æ§åˆ¶å™¨:Public

[ 2017-06-14T13:11:19+08:00 ] ::1 /yjc/lby/Public/Admin/static/userlist/j/yjc/lby/Public/Admin/static/userlist/query_006.js
ERR: æ— æ³•åŠ è½½æ§åˆ¶å™¨:Public

[ 2017-06-14T13:11:19+08:00 ] ::1 /yjc/lby/index.php/Batch/WdatePicker.css
ERR: éæ³•æ“ä½œ:WdatePicker.css

[ 2017-06-14T13:11:19+08:00 ] ::1 /yjc/lby/Public/Admin/static/userlist/j/yjc/lby/Public/Admin/static/userlist/query_006.js
ERR: æ— æ³•åŠ è½½æ§åˆ¶å™¨:Public

[ 2017-06-14T13:11:19+08:00 ] ::1 /yjc/lby/index.php/Batch/WdatePicker.css
ERR: éæ³•æ“ä½œ:WdatePicker.css

[ 2017-06-14T13:11:19+08:00 ] ::1 /yjc/lby/Public/Admin/static/userlist/skin/WdatePicker.css
ERR: æ— æ³•åŠ è½½æ§åˆ¶å™¨:Public

[ 2017-06-14T13:11:23+08:00 ] ::1 /yjc/lby/Public/Admin/static/userlist/j/yjc/lby/Public/Admin/static/userlist/query_006.js
ERR: æ— æ³•åŠ è½½æ§åˆ¶å™¨:Public

[ 2017-06-14T13:11:23+08:00 ] ::1 /yjc/lby/index.php/Lnstru/WdatePicker.css
ERR: éæ³•æ“ä½œ:WdatePicker.css

[ 2017-06-14T13:11:24+08:00 ] ::1 /yjc/lby/Public/Admin/static/userlist/j/yjc/lby/Public/Admin/static/userlist/query_006.js
ERR: æ— æ³•åŠ è½½æ§åˆ¶å™¨:Public

[ 2017-06-14T13:11:24+08:00 ] ::1 /yjc/lby/index.php/Lnstru/WdatePicker.css
ERR: éæ³•æ“ä½œ:WdatePicker.css

[ 2017-06-14T13:11:24+08:00 ] ::1 /yjc/lby/Public/Admin/static/userlist/skin/WdatePicker.css
ERR: æ— æ³•åŠ è½½æ§åˆ¶å™¨:Public

[ 2017-06-14T13:11:25+08:00 ] ::1 /yjc/lby/Public/Admin/static/userlist/j/yjc/lby/Public/Admin/static/userlist/query_006.js
ERR: æ— æ³•åŠ è½½æ§åˆ¶å™¨:Public

[ 2017-06-14T13:11:25+08:00 ] ::1 /yjc/lby/index.php/Batch/WdatePicker.css
ERR: éæ³•æ“ä½œ:WdatePicker.css

[ 2017-06-14T13:11:26+08:00 ] ::1 /yjc/lby/Public/Admin/static/userlist/j/yjc/lby/Public/Admin/static/userlist/query_006.js
ERR: æ— æ³•åŠ è½½æ§åˆ¶å™¨:Public

[ 2017-06-14T13:11:26+08:00 ] ::1 /yjc/lby/index.php/Batch/WdatePicker.css
ERR: éæ³•æ“ä½œ:WdatePicker.css

[ 2017-06-14T13:11:26+08:00 ] ::1 /yjc/lby/Public/Admin/static/userlist/skin/WdatePicker.css
ERR: æ— æ³•åŠ è½½æ§åˆ¶å™¨:Public

[ 2017-06-14T13:11:28+08:00 ] ::1 /yjc/lby/instructions/list
ERR: æ— æ³•åŠ è½½æ§åˆ¶å™¨:Instructions

[ 2017-06-14T14:52:31+08:00 ] ::1 /yjc/lby/Public/Admin/static/userlist/j/yjc/lby/Public/Admin/static/userlist/query_006.js
ERR: æ— æ³•åŠ è½½æ§åˆ¶å™¨:Public

[ 2017-06-14T14:52:31+08:00 ] ::1 /yjc/lby/index.php/Lnstru/WdatePicker.css
ERR: éæ³•æ“ä½œ:WdatePicker.css

[ 2017-06-14T14:52:31+08:00 ] ::1 /yjc/lby/Public/Admin/static/userlist/j/yjc/lby/Public/Admin/static/userlist/query_006.js
ERR: æ— æ³•åŠ è½½æ§åˆ¶å™¨:Public

[ 2017-06-14T14:52:31+08:00 ] ::1 /yjc/lby/Public/Admin/static/userlist/skin/WdatePicker.css
ERR: æ— æ³•åŠ è½½æ§åˆ¶å™¨:Public

[ 2017-06-14T14:52:31+08:00 ] ::1 /yjc/lby/index.php/Lnstru/WdatePicker.css
ERR: éæ³•æ“ä½œ:WdatePicker.css

[ 2017-06-14T14:55:35+08:00 ] ::1 /yjc/lby/Public/Admin/static/userlist/j/yjc/lby/Public/Admin/static/userlist/query_006.js
ERR: æ— æ³•åŠ è½½æ§åˆ¶å™¨:Public

[ 2017-06-14T14:55:35+08:00 ] ::1 /yjc/lby/index.php/Lnstru/WdatePicker.css
ERR: éæ³•æ“ä½œ:WdatePicker.css

[ 2017-06-14T14:55:35+08:00 ] ::1 /yjc/lby/Public/Admin/static/userlist/j/yjc/lby/Public/Admin/static/userlist/query_006.js
ERR: æ— æ³•åŠ è½½æ§åˆ¶å™¨:Public

[ 2017-06-14T14:55:35+08:00 ] ::1 /yjc/lby/index.php/Lnstru/WdatePicker.css
ERR: éæ³•æ“ä½œ:WdatePicker.css

[ 2017-06-14T14:55:35+08:00 ] ::1 /yjc/lby/Public/Admin/static/userlist/skin/WdatePicker.css
ERR: æ— æ³•åŠ è½½æ§åˆ¶å™¨:Public

[ 2017-06-14T14:58:56+08:00 ] ::1 /yjc/lby/Public/Admin/static/userlist/j/yjc/lby/Public/Admin/static/userlist/query_006.js
ERR: æ— æ³•åŠ è½½æ§åˆ¶å™¨:Public

[ 2017-06-14T14:58:56+08:00 ] ::1 /yjc/lby/index.php/Lnstru/WdatePicker.css
ERR: éæ³•æ“ä½œ:WdatePicker.css

[ 2017-06-14T14:58:57+08:00 ] ::1 /yjc/lby/Public/Admin/static/userlist/j/yjc/lby/Public/Admin/static/userlist/query_006.js
ERR: æ— æ³•åŠ è½½æ§åˆ¶å™¨:Public

[ 2017-06-14T14:58:57+08:00 ] ::1 /yjc/lby/Public/Admin/static/userlist/skin/WdatePicker.css
ERR: æ— æ³•åŠ è½½æ§åˆ¶å™¨:Public

[ 2017-06-14T14:58:57+08:00 ] ::1 /yjc/lby/index.php/Lnstru/WdatePicker.css
ERR: éæ³•æ“ä½œ:WdatePicker.css

[ 2017-06-14T15:02:17+08:00 ] ::1 /yjc/lby/index.php/Lnstru/WdatePicker.css
ERR: éæ³•æ“ä½œ:WdatePicker.css

[ 2017-06-14T15:02:17+08:00 ] ::1 /yjc/lby/Public/Admin/static/userlist/j/yjc/lby/Public/Admin/static/userlist/query_006.js
ERR: æ— æ³•åŠ è½½æ§åˆ¶å™¨:Public

[ 2017-06-14T15:02:17+08:00 ] ::1 /yjc/lby/Public/Admin/static/userlist/j/yjc/lby/Public/Admin/static/userlist/query_006.js
ERR: æ— æ³•åŠ è½½æ§åˆ¶å™¨:Public

[ 2017-06-14T15:02:17+08:00 ] ::1 /yjc/lby/index.php/Lnstru/WdatePicker.css
ERR: éæ³•æ“ä½œ:WdatePicker.css

[ 2017-06-14T15:02:17+08:00 ] ::1 /yjc/lby/Public/Admin/static/userlist/skin/WdatePicker.css
ERR: æ— æ³•åŠ è½½æ§åˆ¶å™¨:Public

[ 2017-06-14T15:02:18+08:00 ] ::1 /yjc/lby/index.php/Batch/WdatePicker.css
ERR: éæ³•æ“ä½œ:WdatePicker.css

[ 2017-06-14T15:02:18+08:00 ] ::1 /yjc/lby/Public/Admin/static/userlist/j/yjc/lby/Public/Admin/static/userlist/query_006.js
ERR: æ— æ³•åŠ è½½æ§åˆ¶å™¨:Public

[ 2017-06-14T15:02:18+08:00 ] ::1 /yjc/lby/Public/Admin/static/userlist/j/yjc/lby/Public/Admin/static/userlist/query_006.js
ERR: æ— æ³•åŠ è½½æ§åˆ¶å™¨:Public

[ 2017-06-14T15:02:18+08:00 ] ::1 /yjc/lby/index.php/Batch/WdatePicker.css
ERR: éæ³•æ“ä½œ:WdatePicker.css

[ 2017-06-14T15:02:18+08:00 ] ::1 /yjc/lby/Public/Admin/static/userlist/skin/WdatePicker.css
ERR: æ— æ³•åŠ è½½æ§åˆ¶å™¨:Public

[ 2017-06-14T15:02:19+08:00 ] ::1 /yjc/lby/instructions/list
ERR: æ— æ³•åŠ è½½æ§åˆ¶å™¨:Instructions

[ 2017-06-14T15:02:20+08:00 ] ::1 /yjc/lby/instructions/list
ERR: æ— æ³•åŠ è½½æ§åˆ¶å™¨:Instructions

[ 2017-06-14T15:02:21+08:00 ] ::1 /yjc/lby/instructions/list
ERR: æ— æ³•åŠ è½½æ§åˆ¶å™¨:Instructions

[ 2017-06-14T15:02:49+08:00 ] ::1 /yjc/lby/warranty_card/list.do
ERR: æ— æ³•åŠ è½½æ§åˆ¶å™¨:Warranty_card

[ 2017-06-14T15:02:50+08:00 ] ::1 /yjc/lby/question/list.do
ERR: æ— æ³•åŠ è½½æ§åˆ¶å™¨:Question

[ 2017-06-14T15:02:50+08:00 ] ::1 /yjc/lby/probleminformation/list.do
ERR: æ— æ³•åŠ è½½æ§åˆ¶å™¨:Probleminformation

[ 2017-06-14T16:04:36+08:00 ] ::1 /yjc/lby/Public/Admin/static/userlist/j/yjc/lby/Public/Admin/static/userlist/query_006.js
ERR: æ— æ³•åŠ è½½æ§åˆ¶å™¨:Public

[ 2017-06-14T16:04:36+08:00 ] ::1 /yjc/lby/index.php/Lnstru/WdatePicker.css
ERR: éæ³•æ“ä½œ:WdatePicker.css

[ 2017-06-14T16:04:36+08:00 ] ::1 /yjc/lby/Public/Admin/static/userlist/j/yjc/lby/Public/Admin/static/userlist/query_006.js
ERR: æ— æ³•åŠ è½½æ§åˆ¶å™¨:Public

[ 2017-06-14T16:04:36+08:00 ] ::1 /yjc/lby/Public/Admin/static/userlist/skin/WdatePicker.css
ERR: æ— æ³•åŠ è½½æ§åˆ¶å™¨:Public

[ 2017-06-14T16:04:36+08:00 ] ::1 /yjc/lby/index.php/Lnstru/WdatePicker.css
ERR: éæ³•æ“ä½œ:WdatePicker.css

[ 2017-06-14T16:04:39+08:00 ] ::1 /yjc/lby/index.php/Admin/Index/index1.html
ERR: éæ³•æ“ä½œ:index1

[ 2017-06-14T16:04:43+08:00 ] ::1 /yjc/lby/Public/Admin/static/userlist/j/yjc/lby/Public/Admin/static/userlist/query_006.js
ERR: æ— æ³•åŠ è½½æ§åˆ¶å™¨:Public

[ 2017-06-14T16:04:43+08:00 ] ::1 /yjc/lby/index.php/Lnstru/WdatePicker.css
ERR: éæ³•æ“ä½œ:WdatePicker.css

[ 2017-06-14T16:04:43+08:00 ] ::1 /yjc/lby/Public/Admin/static/userlist/j/yjc/lby/Public/Admin/static/userlist/query_006.js
ERR: æ— æ³•åŠ è½½æ§åˆ¶å™¨:Public

[ 2017-06-14T16:04:43+08:00 ] ::1 /yjc/lby/Public/Admin/static/userlist/skin/WdatePicker.css
ERR: æ— æ³•åŠ è½½æ§åˆ¶å™¨:Public

[ 2017-06-14T16:04:43+08:00 ] ::1 /yjc/lby/index.php/Lnstru/WdatePicker.css
ERR: éæ³•æ“ä½œ:WdatePicker.css

[ 2017-06-14T16:04:46+08:00 ] ::1 /yjc/lby/index.php/Admin/Index/index1.html
ERR: éæ³•æ“ä½œ:index1

[ 2017-06-14T16:06:39+08:00 ] ::1 /yjc/lby/login
ERR: éæ³•æ“ä½œ:main

[ 2017-06-14T16:22:09+08:00 ] ::1 /yjc/lby/login/login
ERR: éæ³•æ“ä½œ:login

[ 2017-06-14T16:40:15+08:00 ] ::1 /yjc/lby/index.php/Admin/Index/index1.html
ERR: éæ³•æ“ä½œ:index1

[ 2017-06-14T16:49:26+08:00 ] ::1 /yjc/lby/index.php/Admin/Index/index1.html
ERR: éæ³•æ“ä½œ:index1

[ 2017-06-14T16:50:23+08:00 ] ::1 /yjc/lby/index.php/Admin/Index/index1.html
ERR: éæ³•æ“ä½œ:index1

[ 2017-06-14T16:50:27+08:00 ] ::1 /yjc/lby/Public/Admin/static/userlist/j/yjc/lby/Public/Admin/static/userlist/query_006.js
ERR: æ— æ³•åŠ è½½æ§åˆ¶å™¨:Public

[ 2017-06-14T16:50:27+08:00 ] ::1 /yjc/lby/index.php/Lnstru/WdatePicker.css
ERR: éæ³•æ“ä½œ:WdatePicker.css

[ 2017-06-14T16:50:27+08:00 ] ::1 /yjc/lby/Public/Admin/static/userlist/j/yjc/lby/Public/Admin/static/userlist/query_006.js
ERR: æ— æ³•åŠ è½½æ§åˆ¶å™¨:Public

[ 2017-06-14T16:50:27+08:00 ] ::1 /yjc/lby/Public/Admin/static/userlist/skin/WdatePicker.css
ERR: æ— æ³•åŠ è½½æ§åˆ¶å™¨:Public

[ 2017-06-14T16:50:27+08:00 ] ::1 /yjc/lby/index.php/Lnstru/WdatePicker.css
ERR: éæ³•æ“ä½œ:WdatePicker.css

[ 2017-06-14T16:50:49+08:00 ] ::1 /yjc/lby/index.php/Lnstru/WdatePicker.css
ERR: éæ³•æ“ä½œ:WdatePicker.css

[ 2017-06-14T16:50:49+08:00 ] ::1 /yjc/lby/Public/Admin/static/userlist/j/yjc/lby/Public/Admin/static/userlist/query_006.js
ERR: æ— æ³•åŠ è½½æ§åˆ¶å™¨:Public

[ 2017-06-14T16:50:49+08:00 ] ::1 /yjc/lby/Public/Admin/static/userlist/j/yjc/lby/Public/Admin/static/userlist/query_006.js
ERR: æ— æ³•åŠ è½½æ§åˆ¶å™¨:Public

[ 2017-06-14T16:50:49+08:00 ] ::1 /yjc/lby/index.php/Lnstru/WdatePicker.css
ERR: éæ³•æ“ä½œ:WdatePicker.css

[ 2017-06-14T16:50:49+08:00 ] ::1 /yjc/lby/Public/Admin/static/userlist/skin/WdatePicker.css
ERR: æ— æ³•åŠ è½½æ§åˆ¶å™¨:Public

[ 2017-06-14T16:50:51+08:00 ] ::1 /yjc/lby/Public/Admin/static/userlist/j/yjc/lby/Public/Admin/static/userlist/query_006.js
ERR: æ— æ³•åŠ è½½æ§åˆ¶å™¨:Public

[ 2017-06-14T16:50:51+08:00 ] ::1 /yjc/lby/index.php/Batch/WdatePicker.css
ERR: éæ³•æ“ä½œ:WdatePicker.css

[ 2017-06-14T16:50:51+08:00 ] ::1 /yjc/lby/Public/Admin/static/userlist/j/yjc/lby/Public/Admin/static/userlist/query_006.js
ERR: æ— æ³•åŠ è½½æ§åˆ¶å™¨:Public

[ 2017-06-14T16:50:51+08:00 ] ::1 /yjc/lby/index.php/Batch/WdatePicker.css
ERR: éæ³•æ“ä½œ:WdatePicker.css

[ 2017-06-14T16:50:51+08:00 ] ::1 /yjc/lby/Public/Admin/static/userlist/skin/WdatePicker.css
ERR: æ— æ³•åŠ è½½æ§åˆ¶å™¨:Public

[ 2017-06-14T16:50:57+08:00 ] ::1 /yjc/lby/instructions/list
ERR: æ— æ³•åŠ è½½æ§åˆ¶å™¨:Instructions

[ 2017-06-14T17:19:25+08:00 ] ::1 /yjc/lby/Public/Admin/static/userlist/j/yjc/lby/Public/Admin/static/userlist/query_006.js
ERR: æ— æ³•åŠ è½½æ§åˆ¶å™¨:Public

[ 2017-06-14T17:19:25+08:00 ] ::1 /yjc/lby/index.php/Batch/WdatePicker.css
ERR: éæ³•æ“ä½œ:WdatePicker.css

[ 2017-06-14T17:19:25+08:00 ] ::1 /yjc/lby/Public/Admin/static/userlist/j/yjc/lby/Public/Admin/static/userlist/query_006.js
ERR: æ— æ³•åŠ è½½æ§åˆ¶å™¨:Public

[ 2017-06-14T17:19:25+08:00 ] ::1 /yjc/lby/index.php/Batch/WdatePicker.css
ERR: éæ³•æ“ä½œ:WdatePicker.css

[ 2017-06-14T17:19:25+08:00 ] ::1 /yjc/lby/Public/Admin/static/userlist/skin/WdatePicker.css
ERR: æ— æ³•åŠ è½½æ§åˆ¶å™¨:Public

[ 2017-06-14T17:29:07+08:00 ] ::1 /yjc/lby/Public/Admin/static/userlist/j/yjc/lby/Public/Admin/static/userlist/query_006.js
ERR: æ— æ³•åŠ è½½æ§åˆ¶å™¨:Public

[ 2017-06-14T17:29:07+08:00 ] ::1 /yjc/lby/index.php/Batch/WdatePicker.css
ERR: éæ³•æ“ä½œ:WdatePicker.css

[ 2017-06-14T17:29:07+08:00 ] ::1 /yjc/lby/Public/Admin/static/userlist/j/yjc/lby/Public/Admin/static/userlist/query_006.js
ERR: æ— æ³•åŠ è½½æ§åˆ¶å™¨:Public

[ 2017-06-14T17:29:07+08:00 ] ::1 /yjc/lby/index.php/Batch/WdatePicker.css
ERR: éæ³•æ“ä½œ:WdatePicker.css

[ 2017-06-14T17:29:07+08:00 ] ::1 /yjc/lby/Public/Admin/static/userlist/skin/WdatePicker.css
ERR: æ— æ³•åŠ è½½æ§åˆ¶å™¨:Public

[ 2017-06-14T17:29:18+08:00 ] ::1 /yjc/lby/index.php/Admin/Index/index1.html
ERR: éæ³•æ“ä½œ:index1

[ 2017-06-14T17:29:22+08:00 ] ::1 /yjc/lby/index.php/Batch/WdatePicker.css
ERR: éæ³•æ“ä½œ:WdatePicker.css

[ 2017-06-14T17:29:22+08:00 ] ::1 /yjc/lby/Public/Admin/static/userlist/j/yjc/lby/Public/Admin/static/userlist/query_006.js
ERR: æ— æ³•åŠ è½½æ§åˆ¶å™¨:Public

[ 2017-06-14T17:29:22+08:00 ] ::1 /yjc/lby/Public/Admin/static/userlist/j/yjc/lby/Public/Admin/static/userlist/query_006.js
ERR: æ— æ³•åŠ è½½æ§åˆ¶å™¨:Public

[ 2017-06-14T17:29:22+08:00 ] ::1 /yjc/lby/Public/Admin/static/userlist/skin/WdatePicker.css
ERR: æ— æ³•åŠ è½½æ§åˆ¶å™¨:Public

[ 2017-06-14T17:29:22+08:00 ] ::1 /yjc/lby/index.php/Batch/WdatePicker.css
ERR: éæ³•æ“ä½œ:WdatePicker.css

[ 2017-06-14T17:46:02+08:00 ] ::1 /yjc/lby/index.php/Lnstru/WdatePicker.css
ERR: éæ³•æ“ä½œ:WdatePicker.css

[ 2017-06-14T17:46:02+08:00 ] ::1 /yjc/lby/Public/Admin/static/userlist/j/yjc/lby/Public/Admin/static/userlist/query_006.js
ERR: æ— æ³•åŠ è½½æ§åˆ¶å™¨:Public

[ 2017-06-14T17:46:02+08:00 ] ::1 /yjc/lby/Public/Admin/static/userlist/j/yjc/lby/Public/Admin/static/userlist/query_006.js
ERR: æ— æ³•åŠ è½½æ§åˆ¶å™¨:Public

[ 2017-06-14T17:46:02+08:00 ] ::1 /yjc/lby/index.php/Lnstru/WdatePicker.css
ERR: éæ³•æ“ä½œ:WdatePicker.css

[ 2017-06-14T17:46:02+08:00 ] ::1 /yjc/lby/Public/Admin/static/userlist/skin/WdatePicker.css
ERR: æ— æ³•åŠ è½½æ§åˆ¶å™¨:Public

[ 2017-06-14T17:46:03+08:00 ] ::1 /yjc/lby/Public/Admin/static/userlist/j/yjc/lby/Public/Admin/static/userlist/query_006.js
ERR: æ— æ³•åŠ è½½æ§åˆ¶å™¨:Public

[ 2017-06-14T17:46:03+08:00 ] ::1 /yjc/lby/index.php/Batch/WdatePicker.css
ERR: éæ³•æ“ä½œ:WdatePicker.css

[ 2017-06-14T17:46:03+08:00 ] ::1 /yjc/lby/Public/Admin/static/userlist/j/yjc/lby/Public/Admin/static/userlist/query_006.js
ERR: æ— æ³•åŠ è½½æ§åˆ¶å™¨:Public

[ 2017-06-14T17:46:03+08:00 ] ::1 /yjc/lby/index.php/Batch/WdatePicker.css
ERR: éæ³•æ“ä½œ:WdatePicker.css

[ 2017-06-14T17:46:03+08:00 ] ::1 /yjc/lby/Public/Admin/static/userlist/skin/WdatePicker.css
ERR: æ— æ³•åŠ è½½æ§åˆ¶å™¨:Public

[ 2017-06-14T17:46:49+08:00 ] ::1 /yjc/lby/Public/Admin/static/userlist/j/yjc/lby/Public/Admin/static/userlist/query_006.js
ERR: æ— æ³•åŠ è½½æ§åˆ¶å™¨:Public

[ 2017-06-14T17:46:49+08:00 ] ::1 /yjc/lby/index.php/Batch/WdatePicker.css
ERR: éæ³•æ“ä½œ:WdatePicker.css

[ 2017-06-14T17:46:50+08:00 ] ::1 /yjc/lby/Public/Admin/static/userlist/j/yjc/lby/Public/Admin/static/userlist/query_006.js
ERR: æ— æ³•åŠ è½½æ§åˆ¶å™¨:Public

[ 2017-06-14T17:46:50+08:00 ] ::1 /yjc/lby/index.php/Batch/WdatePicker.css
ERR: éæ³•æ“ä½œ:WdatePicker.css

[ 2017-06-14T17:46:50+08:00 ] ::1 /yjc/lby/Public/Admin/static/userlist/skin/WdatePicker.css
ERR: æ— æ³•åŠ è½½æ§åˆ¶å™¨:Public

[ 2017-06-14T17:46:50+08:00 ] ::1 /yjc/lby/instructions/list
ERR: æ— æ³•åŠ è½½æ§åˆ¶å™¨:Instructions

[ 2017-06-14T17:46:50+08:00 ] ::1 /yjc/lby/instructions/list
ERR: æ— æ³•åŠ è½½æ§åˆ¶å™¨:Instructions

[ 2017-06-14T17:46:51+08:00 ] ::1 /yjc/lby/instructions/list
ERR: æ— æ³•åŠ è½½æ§åˆ¶å™¨:Instructions

[ 2017-06-14T17:46:52+08:00 ] ::1 /yjc/lby/index.php/Batch/WdatePicker.css
ERR: éæ³•æ“ä½œ:WdatePicker.css

[ 2017-06-14T17:46:52+08:00 ] ::1 /yjc/lby/Public/Admin/static/userlist/j/yjc/lby/Public/Admin/static/userlist/query_006.js
ERR: æ— æ³•åŠ è½½æ§åˆ¶å™¨:Public

[ 2017-06-14T17:46:52+08:00 ] ::1 /yjc/lby/Public/Admin/static/userlist/j/yjc/lby/Public/Admin/static/userlist/query_006.js
ERR: æ— æ³•åŠ è½½æ§åˆ¶å™¨:Public

[ 2017-06-14T17:46:52+08:00 ] ::1 /yjc/lby/index.php/Batch/WdatePicker.css
ERR: éæ³•æ“ä½œ:WdatePicker.css

[ 2017-06-14T17:46:52+08:00 ] ::1 /yjc/lby/Public/Admin/static/userlist/skin/WdatePicker.css
ERR: æ— æ³•åŠ è½½æ§åˆ¶å™¨:Public

[ 2017-06-14T17:46:54+08:00 ] ::1 /yjc/lby/index.php/Admin/Index/index1.html
ERR: éæ³•æ“ä½œ:index1

[ 2017-06-14T17:46:57+08:00 ] ::1 /yjc/lby/Public/Admin/static/userlist/j/yjc/lby/Public/Admin/static/userlist/query_006.js
ERR: æ— æ³•åŠ è½½æ§åˆ¶å™¨:Public

[ 2017-06-14T17:46:57+08:00 ] ::1 /yjc/lby/index.php/Batch/WdatePicker.css
ERR: éæ³•æ“ä½œ:WdatePicker.css

[ 2017-06-14T17:46:57+08:00 ] ::1 /yjc/lby/Public/Admin/static/userlist/j/yjc/lby/Public/Admin/static/userlist/query_006.js
ERR: æ— æ³•åŠ è½½æ§åˆ¶å™¨:Public

[ 2017-06-14T17:46:57+08:00 ] ::1 /yjc/lby/index.php/Batch/WdatePicker.css
ERR: éæ³•æ“ä½œ:WdatePicker.css

[ 2017-06-14T17:46:57+08:00 ] ::1 /yjc/lby/Public/Admin/static/userlist/skin/WdatePicker.css
ERR: æ— æ³•åŠ è½½æ§åˆ¶å™¨:Public

[ 2017-06-14T17:47:29+08:00 ] ::1 /yjc/lby/index.php/Batch/WdatePicker.css
ERR: éæ³•æ“ä½œ:WdatePicker.css

[ 2017-06-14T17:47:29+08:00 ] ::1 /yjc/lby/Public/Admin/static/userlist/j/yjc/lby/Public/Admin/static/userlist/query_006.js
ERR: æ— æ³•åŠ è½½æ§åˆ¶å™¨:Public

[ 2017-06-14T17:47:29+08:00 ] ::1 /yjc/lby/Public/Admin/static/userlist/j/yjc/lby/Public/Admin/static/userlist/query_006.js
ERR: æ— æ³•åŠ è½½æ§åˆ¶å™¨:Public

[ 2017-06-14T17:47:29+08:00 ] ::1 /yjc/lby/Public/Admin/static/userlist/skin/WdatePicker.css
ERR: æ— æ³•åŠ è½½æ§åˆ¶å™¨:Public

[ 2017-06-14T17:47:29+08:00 ] ::1 /yjc/lby/index.php/Batch/WdatePicker.css
ERR: éæ³•æ“ä½œ:WdatePicker.css

[ 2017-06-14T17:50:15+08:00 ] ::1 /yjc/lby/index.php/Admin/Index/index1.html
ERR: éæ³•æ“ä½œ:index1

[ 2017-06-14T17:50:18+08:00 ] ::1 /yjc/lby/index.php/Admin/Index/index1.html
ERR: éæ³•æ“ä½œ:index1

[ 2017-06-14T17:50:20+08:00 ] ::1 /yjc/lby/index.php/Batch/WdatePicker.css
ERR: éæ³•æ“ä½œ:WdatePicker.css

[ 2017-06-14T17:50:20+08:00 ] ::1 /yjc/lby/Public/Admin/static/userlist/j/yjc/lby/Public/Admin/static/userlist/query_006.js
ERR: æ— æ³•åŠ è½½æ§åˆ¶å™¨:Public

[ 2017-06-14T17:50:20+08:00 ] ::1 /yjc/lby/Public/Admin/static/userlist/j/yjc/lby/Public/Admin/static/userlist/query_006.js
ERR: æ— æ³•åŠ è½½æ§åˆ¶å™¨:Public

[ 2017-06-14T17:50:20+08:00 ] ::1 /yjc/lby/Public/Admin/static/userlist/skin/WdatePicker.css
ERR: æ— æ³•åŠ è½½æ§åˆ¶å™¨:Public

[ 2017-06-14T17:50:20+08:00 ] ::1 /yjc/lby/index.php/Batch/WdatePicker.css
ERR: éæ³•æ“ä½œ:WdatePicker.css

[ 2017-06-14T17:50:46+08:00 ] ::1 /yjc/lby/index.php/Batch/WdatePicker.css
ERR: éæ³•æ“ä½œ:WdatePicker.css

[ 2017-06-14T17:50:46+08:00 ] ::1 /yjc/lby/Public/Admin/static/userlist/j/yjc/lby/Public/Admin/static/userlist/query_006.js
ERR: æ— æ³•åŠ è½½æ§åˆ¶å™¨:Public

[ 2017-06-14T17:50:46+08:00 ] ::1 /yjc/lby/Public/Admin/static/userlist/j/yjc/lby/Public/Admin/static/userlist/query_006.js
ERR: æ— æ³•åŠ è½½æ§åˆ¶å™¨:Public

[ 2017-06-14T17:50:46+08:00 ] ::1 /yjc/lby/index.php/Batch/WdatePicker.css
ERR: éæ³•æ“ä½œ:WdatePicker.css

[ 2017-06-14T17:50:46+08:00 ] ::1 /yjc/lby/Public/Admin/static/userlist/skin/WdatePicker.css
ERR: æ— æ³•åŠ è½½æ§åˆ¶å™¨:Public

[ 2017-06-14T17:50:48+08:00 ] ::1 /yjc/lby/index.php/Batch/WdatePicker.css
ERR: éæ³•æ“ä½œ:WdatePicker.css

[ 2017-06-14T17:50:48+08:00 ] ::1 /yjc/lby/Public/Admin/static/userlist/j/yjc/lby/Public/Admin/static/userlist/query_006.js
ERR: æ— æ³•åŠ è½½æ§åˆ¶å™¨:Public

[ 2017-06-14T17:50:48+08:00 ] ::1 /yjc/lby/Public/Admin/static/userlist/j/yjc/lby/Public/Admin/static/userlist/query_006.js
ERR: æ— æ³•åŠ è½½æ§åˆ¶å™¨:Public

[ 2017-06-14T17:50:48+08:00 ] ::1 /yjc/lby/Public/Admin/static/userlist/skin/WdatePicker.css
ERR: æ— æ³•åŠ è½½æ§åˆ¶å™¨:Public

[ 2017-06-14T17:50:48+08:00 ] ::1 /yjc/lby/index.php/Batch/WdatePicker.css
ERR: éæ³•æ“ä½œ:WdatePicker.css

[ 2017-06-14T17:50:49+08:00 ] ::1 /yjc/lby/index.php/Batch/WdatePicker.css
ERR: éæ³•æ“ä½œ:WdatePicker.css

[ 2017-06-14T17:50:49+08:00 ] ::1 /yjc/lby/Public/Admin/static/userlist/j/yjc/lby/Public/Admin/static/userlist/query_006.js
ERR: æ— æ³•åŠ è½½æ§åˆ¶å™¨:Public

[ 2017-06-14T17:50:49+08:00 ] ::1 /yjc/lby/Public/Admin/static/userlist/j/yjc/lby/Public/Admin/static/userlist/query_006.js
ERR: æ— æ³•åŠ è½½æ§åˆ¶å™¨:Public

[ 2017-06-14T17:50:49+08:00 ] ::1 /yjc/lby/Public/Admin/static/userlist/skin/WdatePicker.css
ERR: æ— æ³•åŠ è½½æ§åˆ¶å™¨:Public

[ 2017-06-14T17:50:49+08:00 ] ::1 /yjc/lby/index.php/Batch/WdatePicker.css
ERR: éæ³•æ“ä½œ:WdatePicker.css

[ 2017-06-14T17:50:50+08:00 ] ::1 /yjc/lby/Public/Admin/static/userlist/j/yjc/lby/Public/Admin/static/userlist/query_006.js
ERR: æ— æ³•åŠ è½½æ§åˆ¶å™¨:Public

[ 2017-06-14T17:50:50+08:00 ] ::1 /yjc/lby/index.php/Batch/WdatePicker.css
ERR: éæ³•æ“ä½œ:WdatePicker.css

[ 2017-06-14T17:50:50+08:00 ] ::1 /yjc/lby/Public/Admin/static/userlist/j/yjc/lby/Public/Admin/static/userlist/query_006.js
ERR: æ— æ³•åŠ è½½æ§åˆ¶å™¨:Public

[ 2017-06-14T17:50:50+08:00 ] ::1 /yjc/lby/index.php/Batch/WdatePicker.css
ERR: éæ³•æ“ä½œ:WdatePicker.css

[ 2017-06-14T17:50:50+08:00 ] ::1 /yjc/lby/Public/Admin/static/userlist/skin/WdatePicker.css
ERR: æ— æ³•åŠ è½½æ§åˆ¶å™¨:Public

[ 2017-06-14T17:50:50+08:00 ] ::1 /yjc/lby/Public/Admin/static/userlist/j/yjc/lby/Public/Admin/static/userlist/query_006.js
ERR: æ— æ³•åŠ è½½æ§åˆ¶å™¨:Public

[ 2017-06-14T17:50:50+08:00 ] ::1 /yjc/lby/index.php/Batch/WdatePicker.css
ERR: éæ³•æ“ä½œ:WdatePicker.css

[ 2017-06-14T17:50:50+08:00 ] ::1 /yjc/lby/Public/Admin/static/userlist/j/yjc/lby/Public/Admin/static/userlist/query_006.js
ERR: æ— æ³•åŠ è½½æ§åˆ¶å™¨:Public

[ 2017-06-14T17:50:51+08:00 ] ::1 /yjc/lby/index.php/Batch/WdatePicker.css
ERR: éæ³•æ“ä½œ:WdatePicker.css

[ 2017-06-14T17:50:51+08:00 ] ::1 /yjc/lby/Public/Admin/static/userlist/skin/WdatePicker.css
ERR: æ— æ³•åŠ è½½æ§åˆ¶å™¨:Public

[ 2017-06-14T17:50:51+08:00 ] ::1 /yjc/lby/Public/Admin/static/userlist/j/yjc/lby/Public/Admin/static/userlist/query_006.js
ERR: æ— æ³•åŠ è½½æ§åˆ¶å™¨:Public

[ 2017-06-14T17:50:51+08:00 ] ::1 /yjc/lby/index.php/Batch/WdatePicker.css
ERR: éæ³•æ“ä½œ:WdatePicker.css

[ 2017-06-14T17:50:51+08:00 ] ::1 /yjc/lby/Public/Admin/static/userlist/j/yjc/lby/Public/Admin/static/userlist/query_006.js
ERR: æ— æ³•åŠ è½½æ§åˆ¶å™¨:Public

[ 2017-06-14T17:50:51+08:00 ] ::1 /yjc/lby/Public/Admin/static/userlist/skin/WdatePicker.css
ERR: æ— æ³•åŠ è½½æ§åˆ¶å™¨:Public

[ 2017-06-14T17:50:51+08:00 ] ::1 /yjc/lby/index.php/Batch/WdatePicker.css
ERR: éæ³•æ“ä½œ:WdatePicker.css

[ 2017-06-14T17:50:52+08:00 ] ::1 /yjc/lby/index.php/Batch/WdatePicker.css
ERR: éæ³•æ“ä½œ:WdatePicker.css

[ 2017-06-14T17:50:52+08:00 ] ::1 /yjc/lby/Public/Admin/static/userlist/j/yjc/lby/Public/Admin/static/userlist/query_006.js
ERR: æ— æ³•åŠ è½½æ§åˆ¶å™¨:Public

[ 2017-06-14T17:50:52+08:00 ] ::1 /yjc/lby/Public/Admin/static/userlist/j/yjc/lby/Public/Admin/static/userlist/query_006.js
ERR: æ— æ³•åŠ è½½æ§åˆ¶å™¨:Public

[ 2017-06-14T17:50:52+08:00 ] ::1 /yjc/lby/index.php/Batch/WdatePicker.css
ERR: éæ³•æ“ä½œ:WdatePicker.css

[ 2017-06-14T17:50:52+08:00 ] ::1 /yjc/lby/Public/Admin/static/userlist/skin/WdatePicker.css
ERR: æ— æ³•åŠ è½½æ§åˆ¶å™¨:Public

[ 2017-06-14T17:50:59+08:00 ] ::1 /yjc/lby/index.php/Lead/WdatePicker.css
ERR: éæ³•æ“ä½œ:WdatePicker.css

[ 2017-06-14T17:50:59+08:00 ] ::1 /yjc/lby/Public/Admin/static/userlist/j/yjc/lby/Public/Admin/static/userlist/query_006.js
ERR: æ— æ³•åŠ è½½æ§åˆ¶å™¨:Public

[ 2017-06-14T17:50:59+08:00 ] ::1 /yjc/lby/Public/Admin/static/userlist/j/yjc/lby/Public/Admin/static/userlist/query_006.js
ERR: æ— æ³•åŠ è½½æ§åˆ¶å™¨:Public

[ 2017-06-14T17:50:59+08:00 ] ::1 /yjc/lby/index.php/Lead/WdatePicker.css
ERR: éæ³•æ“ä½œ:WdatePicker.css

[ 2017-06-14T17:50:59+08:00 ] ::1 /yjc/lby/Public/Admin/static/userlist/skin/WdatePicker.css
ERR: æ— æ³•åŠ è½½æ§åˆ¶å™¨:Public

[ 2017-06-14T17:51:14+08:00 ] ::1 /yjc/lby/Public/Admin/static/userlist/j/yjc/lby/Public/Admin/static/userlist/query_006.js
ERR: æ— æ³•åŠ è½½æ§åˆ¶å™¨:Public

[ 2017-06-14T17:51:14+08:00 ] ::1 /yjc/lby/index.php/Lnstru/WdatePicker.css
ERR: éæ³•æ“ä½œ:WdatePicker.css

[ 2017-06-14T17:51:14+08:00 ] ::1 /yjc/lby/Public/Admin/static/userlist/j/yjc/lby/Public/Admin/static/userlist/query_006.js
ERR: æ— æ³•åŠ è½½æ§åˆ¶å™¨:Public

[ 2017-06-14T17:51:14+08:00 ] ::1 /yjc/lby/index.php/Lnstru/WdatePicker.css
ERR: éæ³•æ“ä½œ:WdatePicker.css

[ 2017-06-14T17:51:14+08:00 ] ::1 /yjc/lby/Public/Admin/static/userlist/skin/WdatePicker.css
ERR: æ— æ³•åŠ è½½æ§åˆ¶å™¨:Public

[ 2017-06-14T17:51:15+08:00 ] ::1 /yjc/lby/Public/Admin/static/userlist/j/yjc/lby/Public/Admin/static/userlist/query_006.js
ERR: æ— æ³•åŠ è½½æ§åˆ¶å™¨:Public

[ 2017-06-14T17:51:15+08:00 ] ::1 /yjc/lby/index.php/Batch/WdatePicker.css
ERR: éæ³•æ“ä½œ:WdatePicker.css

[ 2017-06-14T17:51:15+08:00 ] ::1 /yjc/lby/Public/Admin/static/userlist/j/yjc/lby/Public/Admin/static/userlist/query_006.js
ERR: æ— æ³•åŠ è½½æ§åˆ¶å™¨:Public

[ 2017-06-14T17:51:15+08:00 ] ::1 /yjc/lby/index.php/Batch/WdatePicker.css
ERR: éæ³•æ“ä½œ:WdatePicker.css

[ 2017-06-14T17:51:15+08:00 ] ::1 /yjc/lby/Public/Admin/static/userlist/skin/WdatePicker.css
ERR: æ— æ³•åŠ è½½æ§åˆ¶å™¨:Public

[ 2017-06-14T17:51:37+08:00 ] ::1 /yjc/lby/Public/Admin/static/userlist/j/yjc/lby/Public/Admin/static/userlist/query_006.js
ERR: æ— æ³•åŠ è½½æ§åˆ¶å™¨:Public

[ 2017-06-14T17:51:37+08:00 ] ::1 /yjc/lby/index.php/Batch/WdatePicker.css
ERR: éæ³•æ“ä½œ:WdatePicker.css

[ 2017-06-14T17:51:38+08:00 ] ::1 /yjc/lby/Public/Admin/static/userlist/j/yjc/lby/Public/Admin/static/userlist/query_006.js
ERR: æ— æ³•åŠ è½½æ§åˆ¶å™¨:Public

[ 2017-06-14T17:51:38+08:00 ] ::1 /yjc/lby/Public/Admin/static/userlist/skin/WdatePicker.css
ERR: æ— æ³•åŠ è½½æ§åˆ¶å™¨:Public

[ 2017-06-14T17:51:38+08:00 ] ::1 /yjc/lby/index.php/Batch/WdatePicker.css
ERR: éæ³•æ“ä½œ:WdatePicker.css

[ 2017-06-14T17:51:50+08:00 ] ::1 /yjc/lby/Public/Admin/static/userlist/j/yjc/lby/Public/Admin/static/userlist/query_006.js
ERR: æ— æ³•åŠ è½½æ§åˆ¶å™¨:Public

[ 2017-06-14T17:51:50+08:00 ] ::1 /yjc/lby/index.php/Batch/WdatePicker.css
ERR: éæ³•æ“ä½œ:WdatePicker.css

[ 2017-06-14T17:51:50+08:00 ] ::1 /yjc/lby/Public/Admin/static/userlist/j/yjc/lby/Public/Admin/static/userlist/query_006.js
ERR: æ— æ³•åŠ è½½æ§åˆ¶å™¨:Public

[ 2017-06-14T17:51:50+08:00 ] ::1 /yjc/lby/index.php/Batch/WdatePicker.css
ERR: éæ³•æ“ä½œ:WdatePicker.css

[ 2017-06-14T17:51:50+08:00 ] ::1 /yjc/lby/Public/Admin/static/userlist/skin/WdatePicker.css
ERR: æ— æ³•åŠ è½½æ§åˆ¶å™¨:Public

[ 2017-06-14T17:55:44+08:00 ] ::1 /yjc/lby/Public/Admin/static/userlist/j/yjc/lby/Public/Admin/static/userlist/query_006.js
ERR: æ— æ³•åŠ è½½æ§åˆ¶å™¨:Public

[ 2017-06-14T17:55:44+08:00 ] ::1 /yjc/lby/index.php/Batch/WdatePicker.css
ERR: éæ³•æ“ä½œ:WdatePicker.css

[ 2017-06-14T17:55:45+08:00 ] ::1 /yjc/lby/Public/Admin/static/userlist/j/yjc/lby/Public/Admin/static/userlist/query_006.js
ERR: æ— æ³•åŠ è½½æ§åˆ¶å™¨:Public

[ 2017-06-14T17:55:45+08:00 ] ::1 /yjc/lby/index.php/Batch/WdatePicker.css
ERR: éæ³•æ“ä½œ:WdatePicker.css

[ 2017-06-14T17:55:45+08:00 ] ::1 /yjc/lby/Public/Admin/static/userlist/skin/WdatePicker.css
ERR: æ— æ³•åŠ è½½æ§åˆ¶å™¨:Public

[ 2017-06-14T17:56:03+08:00 ] ::1 /yjc/lby/Public/Admin/static/userlist/j/yjc/lby/Public/Admin/static/userlist/query_006.js
ERR: æ— æ³•åŠ è½½æ§åˆ¶å™¨:Public

[ 2017-06-14T17:56:03+08:00 ] ::1 /yjc/lby/index.php/Batch/WdatePicker.css
ERR: éæ³•æ“ä½œ:WdatePicker.css

[ 2017-06-14T17:56:03+08:00 ] ::1 /yjc/lby/Public/Admin/static/userlist/j/yjc/lby/Public/Admin/static/userlist/query_006.js
ERR: æ— æ³•åŠ è½½æ§åˆ¶å™¨:Public

[ 2017-06-14T17:56:03+08:00 ] ::1 /yjc/lby/index.php/Batch/WdatePicker.css
ERR: éæ³•æ“ä½œ:WdatePicker.css

[ 2017-06-14T17:56:03+08:00 ] ::1 /yjc/lby/Public/Admin/static/userlist/skin/WdatePicker.css
ERR: æ— æ³•åŠ è½½æ§åˆ¶å™¨:Public

[ 2017-06-14T17:56:04+08:00 ] ::1 /yjc/lby/index.php/Batch/WdatePicker.css
ERR: éæ³•æ“ä½œ:WdatePicker.css

[ 2017-06-14T17:56:04+08:00 ] ::1 /yjc/lby/Public/Admin/static/userlist/j/yjc/lby/Public/Admin/static/userlist/query_006.js
ERR: æ— æ³•åŠ è½½æ§åˆ¶å™¨:Public

[ 2017-06-14T17:56:04+08:00 ] ::1 /yjc/lby/Public/Admin/static/userlist/j/yjc/lby/Public/Admin/static/userlist/query_006.js
ERR: æ— æ³•åŠ è½½æ§åˆ¶å™¨:Public

[ 2017-06-14T17:56:04+08:00 ] ::1 /yjc/lby/index.php/Batch/WdatePicker.css
ERR: éæ³•æ“ä½œ:WdatePicker.css

[ 2017-06-14T17:56:04+08:00 ] ::1 /yjc/lby/index.php/Batch/WdatePicker.css
ERR: éæ³•æ“ä½œ:WdatePicker.css

[ 2017-06-14T17:56:04+08:00 ] ::1 /yjc/lby/Public/Admin/static/userlist/j/yjc/lby/Public/Admin/static/userlist/query_006.js
ERR: æ— æ³•åŠ è½½æ§åˆ¶å™¨:Public

[ 2017-06-14T17:56:04+08:00 ] ::1 /yjc/lby/Public/Admin/static/userlist/j/yjc/lby/Public/Admin/static/userlist/query_006.js
ERR: æ— æ³•åŠ è½½æ§åˆ¶å™¨:Public

[ 2017-06-14T17:56:05+08:00 ] ::1 /yjc/lby/index.php/Batch/WdatePicker.css
ERR: éæ³•æ“ä½œ:WdatePicker.css

[ 2017-06-14T17:56:05+08:00 ] ::1 /yjc/lby/Public/Admin/static/userlist/skin/WdatePicker.css
ERR: æ— æ³•åŠ è½½æ§åˆ¶å™¨:Public

[ 2017-06-14T17:56:05+08:00 ] ::1 /yjc/lby/index.php/Batch/WdatePicker.css
ERR: éæ³•æ“ä½œ:WdatePicker.css

[ 2017-06-14T17:56:05+08:00 ] ::1 /yjc/lby/Public/Admin/static/userlist/j/yjc/lby/Public/Admin/static/userlist/query_006.js
ERR: æ— æ³•åŠ è½½æ§åˆ¶å™¨:Public

[ 2017-06-14T17:56:05+08:00 ] ::1 /yjc/lby/Public/Admin/static/userlist/j/yjc/lby/Public/Admin/static/userlist/query_006.js
ERR: æ— æ³•åŠ è½½æ§åˆ¶å™¨:Public

[ 2017-06-14T17:56:05+08:00 ] ::1 /yjc/lby/index.php/Batch/WdatePicker.css
ERR: éæ³•æ“ä½œ:WdatePicker.css

[ 2017-06-14T17:56:05+08:00 ] ::1 /yjc/lby/Public/Admin/static/userlist/skin/WdatePicker.css
ERR: æ— æ³•åŠ è½½æ§åˆ¶å™¨:Public

[ 2017-06-14T17:56:36+08:00 ] ::1 /yjc/lby/Public/Admin/static/userlist/j/yjc/lby/Public/Admin/static/userlist/query_006.js
ERR: æ— æ³•åŠ è½½æ§åˆ¶å™¨:Public

[ 2017-06-14T17:56:36+08:00 ] ::1 /yjc/lby/index.php/Lnstru/WdatePicker.css
ERR: éæ³•æ“ä½œ:WdatePicker.css

[ 2017-06-14T17:56:37+08:00 ] ::1 /yjc/lby/Public/Admin/static/userlist/j/yjc/lby/Public/Admin/static/userlist/query_006.js
ERR: æ— æ³•åŠ è½½æ§åˆ¶å™¨:Public

[ 2017-06-14T17:56:37+08:00 ] ::1 /yjc/lby/index.php/Lnstru/WdatePicker.css
ERR: éæ³•æ“ä½œ:WdatePicker.css

[ 2017-06-14T17:56:37+08:00 ] ::1 /yjc/lby/Public/Admin/static/userlist/skin/WdatePicker.css
ERR: æ— æ³•åŠ è½½æ§åˆ¶å™¨:Public

[ 2017-06-14T17:56:37+08:00 ] ::1 /yjc/lby/Public/Admin/static/userlist/j/yjc/lby/Public/Admin/static/userlist/query_006.js
ERR: æ— æ³•åŠ è½½æ§åˆ¶å™¨:Public

[ 2017-06-14T17:56:37+08:00 ] ::1 /yjc/lby/index.php/Batch/WdatePicker.css
ERR: éæ³•æ“ä½œ:WdatePicker.css

[ 2017-06-14T17:56:37+08:00 ] ::1 /yjc/lby/Public/Admin/static/userlist/j/yjc/lby/Public/Admin/static/userlist/query_006.js
ERR: æ— æ³•åŠ è½½æ§åˆ¶å™¨:Public

[ 2017-06-14T17:56:37+08:00 ] ::1 /yjc/lby/index.php/Batch/WdatePicker.css
ERR: éæ³•æ“ä½œ:WdatePicker.css

[ 2017-06-14T17:56:37+08:00 ] ::1 /yjc/lby/Public/Admin/static/userlist/skin/WdatePicker.css
ERR: æ— æ³•åŠ è½½æ§åˆ¶å™¨:Public

[ 2017-06-14T17:56:37+08:00 ] ::1 /yjc/lby/instructions/list
ERR: æ— æ³•åŠ è½½æ§åˆ¶å™¨:Instructions

[ 2017-06-14T17:56:39+08:00 ] ::1 /yjc/lby/index.php/Admin/Index/index1.html
ERR: éæ³•æ“ä½œ:index1

[ 2017-06-14T17:56:43+08:00 ] ::1 /yjc/lby/index.php/Batch/WdatePicker.css
ERR: éæ³•æ“ä½œ:WdatePicker.css

[ 2017-06-14T17:56:44+08:00 ] ::1 /yjc/lby/Public/Admin/static/userlist/j/yjc/lby/Public/Admin/static/userlist/query_006.js
ERR: æ— æ³•åŠ è½½æ§åˆ¶å™¨:Public

[ 2017-06-14T17:56:44+08:00 ] ::1 /yjc/lby/Public/Admin/static/userlist/j/yjc/lby/Public/Admin/static/userlist/query_006.js
ERR: æ— æ³•åŠ è½½æ§åˆ¶å™¨:Public

[ 2017-06-14T17:56:44+08:00 ] ::1 /yjc/lby/Public/Admin/static/userlist/skin/WdatePicker.css
ERR: æ— æ³•åŠ è½½æ§åˆ¶å™¨:Public

[ 2017-06-14T17:56:44+08:00 ] ::1 /yjc/lby/index.php/Batch/WdatePicker.css
ERR: éæ³•æ“ä½œ:WdatePicker.css

[ 2017-06-14T17:56:45+08:00 ] ::1 /yjc/lby/Public/Admin/static/userlist/j/yjc/lby/Public/Admin/static/userlist/query_006.js
ERR: æ— æ³•åŠ è½½æ§åˆ¶å™¨:Public

[ 2017-06-14T17:56:45+08:00 ] ::1 /yjc/lby/index.php/Batch/WdatePicker.css
ERR: éæ³•æ“ä½œ:WdatePicker.css

[ 2017-06-14T17:56:45+08:00 ] ::1 /yjc/lby/Public/Admin/static/userlist/j/yjc/lby/Public/Admin/static/userlist/query_006.js
ERR: æ— æ³•åŠ è½½æ§åˆ¶å™¨:Public

[ 2017-06-14T17:56:45+08:00 ] ::1 /yjc/lby/index.php/Batch/WdatePicker.css
ERR: éæ³•æ“ä½œ:WdatePicker.css

[ 2017-06-14T17:56:45+08:00 ] ::1 /yjc/lby/Public/Admin/static/userlist/skin/WdatePicker.css
ERR: æ— æ³•åŠ è½½æ§åˆ¶å™¨:Public

[ 2017-06-14T17:56:45+08:00 ] ::1 /yjc/lby/Public/Admin/static/userlist/j/yjc/lby/Public/Admin/static/userlist/query_006.js
ERR: æ— æ³•åŠ è½½æ§åˆ¶å™¨:Public

[ 2017-06-14T17:56:45+08:00 ] ::1 /yjc/lby/index.php/Batch/WdatePicker.css
ERR: éæ³•æ“ä½œ:WdatePicker.css

[ 2017-06-14T17:56:45+08:00 ] ::1 /yjc/lby/Public/Admin/static/userlist/j/yjc/lby/Public/Admin/static/userlist/query_006.js
ERR: æ— æ³•åŠ è½½æ§åˆ¶å™¨:Public

[ 2017-06-14T17:56:45+08:00 ] ::1 /yjc/lby/index.php/Batch/WdatePicker.css
ERR: éæ³•æ“ä½œ:WdatePicker.css

[ 2017-06-14T17:56:45+08:00 ] ::1 /yjc/lby/Public/Admin/static/userlist/skin/WdatePicker.css
ERR: æ— æ³•åŠ è½½æ§åˆ¶å™¨:Public

[ 2017-06-14T17:56:46+08:00 ] ::1 /yjc/lby/Public/Admin/static/userlist/j/yjc/lby/Public/Admin/static/userlist/query_006.js
ERR: æ— æ³•åŠ è½½æ§åˆ¶å™¨:Public

[ 2017-06-14T17:56:46+08:00 ] ::1 /yjc/lby/index.php/Batch/WdatePicker.css
ERR: éæ³•æ“ä½œ:WdatePicker.css

[ 2017-06-14T17:56:46+08:00 ] ::1 /yjc/lby/Public/Admin/static/userlist/j/yjc/lby/Public/Admin/static/userlist/query_006.js
ERR: æ— æ³•åŠ è½½æ§åˆ¶å™¨:Public

[ 2017-06-14T17:56:46+08:00 ] ::1 /yjc/lby/index.php/Batch/WdatePicker.css
ERR: éæ³•æ“ä½œ:WdatePicker.css

[ 2017-06-14T17:56:46+08:00 ] ::1 /yjc/lby/Public/Admin/static/userlist/skin/WdatePicker.css
ERR: æ— æ³•åŠ è½½æ§åˆ¶å™¨:Public

[ 2017-06-14T17:56:49+08:00 ] ::1 /yjc/lby/index.php/Admin/Index/index1.html
ERR: éæ³•æ“ä½œ:index1

[ 2017-06-14T17:56:52+08:00 ] ::1 /yjc/lby/Public/Admin/static/userlist/j/yjc/lby/Public/Admin/static/userlist/query_006.js
ERR: æ— æ³•åŠ è½½æ§åˆ¶å™¨:Public

[ 2017-06-14T17:56:52+08:00 ] ::1 /yjc/lby/index.php/Lnstru/WdatePicker.css
ERR: éæ³•æ“ä½œ:WdatePicker.css

[ 2017-06-14T17:56:52+08:00 ] ::1 /yjc/lby/Public/Admin/static/userlist/j/yjc/lby/Public/Admin/static/userlist/query_006.js
ERR: æ— æ³•åŠ è½½æ§åˆ¶å™¨:Public

[ 2017-06-14T17:56:52+08:00 ] ::1 /yjc/lby/index.php/Lnstru/WdatePicker.css
ERR: éæ³•æ“ä½œ:WdatePicker.css

[ 2017-06-14T17:56:52+08:00 ] ::1 /yjc/lby/Public/Admin/static/userlist/skin/WdatePicker.css
ERR: æ— æ³•åŠ è½½æ§åˆ¶å™¨:Public

[ 2017-06-14T17:56:53+08:00 ] ::1 /yjc/lby/Public/Admin/static/userlist/j/yjc/lby/Public/Admin/static/userlist/query_006.js
ERR: æ— æ³•åŠ è½½æ§åˆ¶å™¨:Public

[ 2017-06-14T17:56:53+08:00 ] ::1 /yjc/lby/index.php/Batch/WdatePicker.css
ERR: éæ³•æ“ä½œ:WdatePicker.css

[ 2017-06-14T17:56:53+08:00 ] ::1 /yjc/lby/Public/Admin/static/userlist/j/yjc/lby/Public/Admin/static/userlist/query_006.js
ERR: æ— æ³•åŠ è½½æ§åˆ¶å™¨:Public

[ 2017-06-14T17:56:54+08:00 ] ::1 /yjc/lby/index.php/Batch/WdatePicker.css
ERR: éæ³•æ“ä½œ:WdatePicker.css

[ 2017-06-14T17:56:54+08:00 ] ::1 /yjc/lby/Public/Admin/static/userlist/skin/WdatePicker.css
ERR: æ— æ³•åŠ è½½æ§åˆ¶å™¨:Public

[ 2017-06-14T17:58:53+08:00 ] ::1 /yjc/lby/Public/Admin/static/userlist/j/yjc/lby/Public/Admin/static/userlist/query_006.js
ERR: æ— æ³•åŠ è½½æ§åˆ¶å™¨:Public

[ 2017-06-14T17:58:53+08:00 ] ::1 /yjc/lby/index.php/Lnstru/WdatePicker.css
ERR: éæ³•æ“ä½œ:WdatePicker.css

[ 2017-06-14T17:58:53+08:00 ] ::1 /yjc/lby/Public/Admin/static/userlist/j/yjc/lby/Public/Admin/static/userlist/query_006.js
ERR: æ— æ³•åŠ è½½æ§åˆ¶å™¨:Public

[ 2017-06-14T17:58:53+08:00 ] ::1 /yjc/lby/index.php/Lnstru/WdatePicker.css
ERR: éæ³•æ“ä½œ:WdatePicker.css

[ 2017-06-14T17:58:53+08:00 ] ::1 /yjc/lby/Public/Admin/static/userlist/skin/WdatePicker.css
ERR: æ— æ³•åŠ è½½æ§åˆ¶å™¨:Public

[ 2017-06-14T17:58:54+08:00 ] ::1 /yjc/lby/Public/Admin/static/userlist/j/yjc/lby/Public/Admin/static/userlist/query_006.js
ERR: æ— æ³•åŠ è½½æ§åˆ¶å™¨:Public

[ 2017-06-14T17:58:54+08:00 ] ::1 /yjc/lby/index.php/Batch/WdatePicker.css
ERR: éæ³•æ“ä½œ:WdatePicker.css

[ 2017-06-14T17:58:54+08:00 ] ::1 /yjc/lby/Public/Admin/static/userlist/j/yjc/lby/Public/Admin/static/userlist/query_006.js
ERR: æ— æ³•åŠ è½½æ§åˆ¶å™¨:Public

[ 2017-06-14T17:58:54+08:00 ] ::1 /yjc/lby/index.php/Batch/WdatePicker.css
ERR: éæ³•æ“ä½œ:WdatePicker.css

[ 2017-06-14T17:58:54+08:00 ] ::1 /yjc/lby/Public/Admin/static/userlist/skin/WdatePicker.css
ERR: æ— æ³•åŠ è½½æ§åˆ¶å™¨:Public

[ 2017-06-14T17:58:55+08:00 ] ::1 /yjc/lby/Public/Admin/static/userlist/j/yjc/lby/Public/Admin/static/userlist/query_006.js
ERR: æ— æ³•åŠ è½½æ§åˆ¶å™¨:Public

[ 2017-06-14T17:58:55+08:00 ] ::1 /yjc/lby/index.php/Batch/WdatePicker.css
ERR: éæ³•æ“ä½œ:WdatePicker.css

[ 2017-06-14T17:58:55+08:00 ] ::1 /yjc/lby/Public/Admin/static/userlist/j/yjc/lby/Public/Admin/static/userlist/query_006.js
ERR: æ— æ³•åŠ è½½æ§åˆ¶å™¨:Public

[ 2017-06-14T17:58:55+08:00 ] ::1 /yjc/lby/index.php/Batch/WdatePicker.css
ERR: éæ³•æ“ä½œ:WdatePicker.css

[ 2017-06-14T17:58:55+08:00 ] ::1 /yjc/lby/Public/Admin/static/userlist/skin/WdatePicker.css
ERR: æ— æ³•åŠ è½½æ§åˆ¶å™¨:Public

[ 2017-06-14T17:58:56+08:00 ] ::1 /yjc/lby/Public/Admin/static/userlist/j/yjc/lby/Public/Admin/static/userlist/query_006.js
ERR: æ— æ³•åŠ è½½æ§åˆ¶å™¨:Public

[ 2017-06-14T17:58:56+08:00 ] ::1 /yjc/lby/index.php/Batch/WdatePicker.css
ERR: éæ³•æ“ä½œ:WdatePicker.css

[ 2017-06-14T17:58:56+08:00 ] ::1 /yjc/lby/Public/Admin/static/userlist/j/yjc/lby/Public/Admin/static/userlist/query_006.js
ERR: æ— æ³•åŠ è½½æ§åˆ¶å™¨:Public

[ 2017-06-14T17:58:56+08:00 ] ::1 /yjc/lby/index.php/Batch/WdatePicker.css
ERR: éæ³•æ“ä½œ:WdatePicker.css

[ 2017-06-14T17:58:56+08:00 ] ::1 /yjc/lby/Public/Admin/static/userlist/skin/WdatePicker.css
ERR: æ— æ³•åŠ è½½æ§åˆ¶å™¨:Public

[ 2017-06-14T18:00:29+08:00 ] ::1 /yjc/lby/Public/Admin/static/userlist/j/yjc/lby/Public/Admin/static/userlist/query_006.js
ERR: æ— æ³•åŠ è½½æ§åˆ¶å™¨:Public

[ 2017-06-14T18:00:29+08:00 ] ::1 /yjc/lby/index.php/Batch/WdatePicker.css
ERR: éæ³•æ“ä½œ:WdatePicker.css

[ 2017-06-14T18:00:29+08:00 ] ::1 /yjc/lby/Public/Admin/static/userlist/j/yjc/lby/Public/Admin/static/userlist/query_006.js
ERR: æ— æ³•åŠ è½½æ§åˆ¶å™¨:Public

[ 2017-06-14T18:00:29+08:00 ] ::1 /yjc/lby/Public/Admin/static/userlist/skin/WdatePicker.css
ERR: æ— æ³•åŠ è½½æ§åˆ¶å™¨:Public

[ 2017-06-14T18:00:29+08:00 ] ::1 /yjc/lby/index.php/Batch/WdatePicker.css
ERR: éæ³•æ“ä½œ:WdatePicker.css

[ 2017-06-14T18:00:30+08:00 ] ::1 /yjc/lby/Public/Admin/static/userlist/j/yjc/lby/Public/Admin/static/userlist/query_006.js
ERR: æ— æ³•åŠ è½½æ§åˆ¶å™¨:Public

[ 2017-06-14T18:00:30+08:00 ] ::1 /yjc/lby/index.php/Batch/WdatePicker.css
ERR: éæ³•æ“ä½œ:WdatePicker.css

[ 2017-06-14T18:00:30+08:00 ] ::1 /yjc/lby/Public/Admin/static/userlist/j/yjc/lby/Public/Admin/static/userlist/query_006.js
ERR: æ— æ³•åŠ è½½æ§åˆ¶å™¨:Public

[ 2017-06-14T18:00:30+08:00 ] ::1 /yjc/lby/Public/Admin/static/userlist/skin/WdatePicker.css
ERR: æ— æ³•åŠ è½½æ§åˆ¶å™¨:Public

[ 2017-06-14T18:00:30+08:00 ] ::1 /yjc/lby/index.php/Batch/WdatePicker.css
ERR: éæ³•æ“ä½œ:WdatePicker.css

[ 2017-06-14T18:00:31+08:00 ] ::1 /yjc/lby/Public/Admin/static/userlist/j/yjc/lby/Public/Admin/static/userlist/query_006.js
ERR: æ— æ³•åŠ è½½æ§åˆ¶å™¨:Public

[ 2017-06-14T18:00:31+08:00 ] ::1 /yjc/lby/index.php/Batch/WdatePicker.css
ERR: éæ³•æ“ä½œ:WdatePicker.css

[ 2017-06-14T18:00:31+08:00 ] ::1 /yjc/lby/Public/Admin/static/userlist/j/yjc/lby/Public/Admin/static/userlist/query_006.js
ERR: æ— æ³•åŠ è½½æ§åˆ¶å™¨:Public

[ 2017-06-14T18:00:31+08:00 ] ::1 /yjc/lby/Public/Admin/static/userlist/skin/WdatePicker.css
ERR: æ— æ³•åŠ è½½æ§åˆ¶å™¨:Public

[ 2017-06-14T18:00:31+08:00 ] ::1 /yjc/lby/index.php/Batch/WdatePicker.css
ERR: éæ³•æ“ä½œ:WdatePicker.css

[ 2017-06-14T18:00:31+08:00 ] ::1 /yjc/lby/Public/Admin/static/userlist/j/yjc/lby/Public/Admin/static/userlist/query_006.js
ERR: æ— æ³•åŠ è½½æ§åˆ¶å™¨:Public

[ 2017-06-14T18:00:31+08:00 ] ::1 /yjc/lby/index.php/Batch/WdatePicker.css
ERR: éæ³•æ“ä½œ:WdatePicker.css

[ 2017-06-14T18:00:32+08:00 ] ::1 /yjc/lby/Public/Admin/static/userlist/j/yjc/lby/Public/Admin/static/userlist/query_006.js
ERR: æ— æ³•åŠ è½½æ§åˆ¶å™¨:Public

[ 2017-06-14T18:00:32+08:00 ] ::1 /yjc/lby/index.php/Batch/WdatePicker.css
ERR: éæ³•æ“ä½œ:WdatePicker.css

[ 2017-06-14T18:00:32+08:00 ] ::1 /yjc/lby/Public/Admin/static/userlist/skin/WdatePicker.css
ERR: æ— æ³•åŠ è½½æ§åˆ¶å™¨:Public

[ 2017-06-14T18:00:33+08:00 ] ::1 /yjc/lby/Public/Admin/static/userlist/j/yjc/lby/Public/Admin/static/userlist/query_006.js
ERR: æ— æ³•åŠ è½½æ§åˆ¶å™¨:Public

[ 2017-06-14T18:00:33+08:00 ] ::1 /yjc/lby/index.php/Lnstru/WdatePicker.css
ERR: éæ³•æ“ä½œ:WdatePicker.css

[ 2017-06-14T18:00:33+08:00 ] ::1 /yjc/lby/Public/Admin/static/userlist/j/yjc/lby/Public/Admin/static/userlist/query_006.js
ERR: æ— æ³•åŠ è½½æ§åˆ¶å™¨:Public

[ 2017-06-14T18:00:33+08:00 ] ::1 /yjc/lby/Public/Admin/static/userlist/skin/WdatePicker.css
ERR: æ— æ³•åŠ è½½æ§åˆ¶å™¨:Public

[ 2017-06-14T18:00:33+08:00 ] ::1 /yjc/lby/index.php/Lnstru/WdatePicker.css
ERR: éæ³•æ“ä½œ:WdatePicker.css

[ 2017-06-14T18:00:34+08:00 ] ::1 /yjc/lby/Public/Admin/static/userlist/j/yjc/lby/Public/Admin/static/userlist/query_006.js
ERR: æ— æ³•åŠ è½½æ§åˆ¶å™¨:Public

[ 2017-06-14T18:00:34+08:00 ] ::1 /yjc/lby/index.php/Batch/WdatePicker.css
ERR: éæ³•æ“ä½œ:WdatePicker.css

[ 2017-06-14T18:00:34+08:00 ] ::1 /yjc/lby/Public/Admin/static/userlist/j/yjc/lby/Public/Admin/static/userlist/query_006.js
ERR: æ— æ³•åŠ è½½æ§åˆ¶å™¨:Public

[ 2017-06-14T18:00:34+08:00 ] ::1 /yjc/lby/Public/Admin/static/userlist/skin/WdatePicker.css
ERR: æ— æ³•åŠ è½½æ§åˆ¶å™¨:Public

[ 2017-06-14T18:00:34+08:00 ] ::1 /yjc/lby/index.php/Batch/WdatePicker.css
ERR: éæ³•æ“ä½œ:WdatePicker.css

[ 2017-06-14T18:01:50+08:00 ] ::1 /yjc/lby/index.php/Lnstru/WdatePicker.css
ERR: éæ³•æ“ä½œ:WdatePicker.css

[ 2017-06-14T18:01:50+08:00 ] ::1 /yjc/lby/Public/Admin/static/userlist/j/yjc/lby/Public/Admin/static/userlist/query_006.js
ERR: æ— æ³•åŠ è½½æ§åˆ¶å™¨:Public

[ 2017-06-14T18:01:50+08:00 ] ::1 /yjc/lby/Public/Admin/static/userlist/j/yjc/lby/Public/Admin/static/userlist/query_006.js
ERR: æ— æ³•åŠ è½½æ§åˆ¶å™¨:Public

[ 2017-06-14T18:01:50+08:00 ] ::1 /yjc/lby/index.php/Lnstru/WdatePicker.css
ERR: éæ³•æ“ä½œ:WdatePicker.css

[ 2017-06-14T18:01:50+08:00 ] ::1 /yjc/lby/Public/Admin/static/userlist/skin/WdatePicker.css
ERR: æ— æ³•åŠ è½½æ§åˆ¶å™¨:Public

[ 2017-06-14T18:01:51+08:00 ] ::1 /yjc/lby/index.php/Lnstru/WdatePicker.css
ERR: éæ³•æ“ä½œ:WdatePicker.css

[ 2017-06-14T18:01:51+08:00 ] ::1 /yjc/lby/Public/Admin/static/userlist/j/yjc/lby/Public/Admin/static/userlist/query_006.js
ERR: æ— æ³•åŠ è½½æ§åˆ¶å™¨:Public

[ 2017-06-14T18:01:51+08:00 ] ::1 /yjc/lby/Public/Admin/static/userlist/j/yjc/lby/Public/Admin/static/userlist/query_006.js
ERR: æ— æ³•åŠ è½½æ§åˆ¶å™¨:Public

[ 2017-06-14T18:01:51+08:00 ] ::1 /yjc/lby/Public/Admin/static/userlist/skin/WdatePicker.css
ERR: æ— æ³•åŠ è½½æ§åˆ¶å™¨:Public

[ 2017-06-14T18:01:51+08:00 ] ::1 /yjc/lby/index.php/Lnstru/WdatePicker.css
ERR: éæ³•æ“ä½œ:WdatePicker.css

[ 2017-06-14T18:01:52+08:00 ] ::1 /yjc/lby/instructions/list
ERR: æ— æ³•åŠ è½½æ§åˆ¶å™¨:Instructions

[ 2017-06-14T18:01:53+08:00 ] ::1 /yjc/lby/instructions/list
ERR: æ— æ³•åŠ è½½æ§åˆ¶å™¨:Instructions

[ 2017-06-14T18:01:54+08:00 ] ::1 /yjc/lby/Public/Admin/static/userlist/j/yjc/lby/Public/Admin/static/userlist/query_006.js
ERR: æ— æ³•åŠ è½½æ§åˆ¶å™¨:Public

[ 2017-06-14T18:01:54+08:00 ] ::1 /yjc/lby/index.php/Batch/WdatePicker.css
ERR: éæ³•æ“ä½œ:WdatePicker.css

[ 2017-06-14T18:01:54+08:00 ] ::1 /yjc/lby/Public/Admin/static/userlist/j/yjc/lby/Public/Admin/static/userlist/query_006.js
ERR: æ— æ³•åŠ è½½æ§åˆ¶å™¨:Public

[ 2017-06-14T18:01:54+08:00 ] ::1 /yjc/lby/Public/Admin/static/userlist/skin/WdatePicker.css
ERR: æ— æ³•åŠ è½½æ§åˆ¶å™¨:Public

[ 2017-06-14T18:01:54+08:00 ] ::1 /yjc/lby/index.php/Batch/WdatePicker.css
ERR: éæ³•æ“ä½œ:WdatePicker.css

[ 2017-06-14T18:01:57+08:00 ] ::1 /yjc/lby/Public/Admin/static/userlist/j/yjc/lby/Public/Admin/static/userlist/query_006.js
ERR: æ— æ³•åŠ è½½æ§åˆ¶å™¨:Public

[ 2017-06-14T18:01:57+08:00 ] ::1 /yjc/lby/index.php/Lnstru/WdatePicker.css
ERR: éæ³•æ“ä½œ:WdatePicker.css

[ 2017-06-14T18:01:57+08:00 ] ::1 /yjc/lby/Public/Admin/static/userlist/j/yjc/lby/Public/Admin/static/userlist/query_006.js
ERR: æ— æ³•åŠ è½½æ§åˆ¶å™¨:Public

[ 2017-06-14T18:01:57+08:00 ] ::1 /yjc/lby/index.php/Lnstru/WdatePicker.css
ERR: éæ³•æ“ä½œ:WdatePicker.css

[ 2017-06-14T18:01:57+08:00 ] ::1 /yjc/lby/Public/Admin/static/userlist/skin/WdatePicker.css
ERR: æ— æ³•åŠ è½½æ§åˆ¶å™¨:Public

[ 2017-06-14T18:03:46+08:00 ] ::1 /yjc/lby/Public/Admin/static/userlist/j/yjc/lby/Public/Admin/static/userlist/query_006.js
ERR: æ— æ³•åŠ è½½æ§åˆ¶å™¨:Public

[ 2017-06-14T18:03:46+08:00 ] ::1 /yjc/lby/index.php/Lnstru/WdatePicker.css
ERR: éæ³•æ“ä½œ:WdatePicker.css

[ 2017-06-14T18:03:46+08:00 ] ::1 /yjc/lby/Public/Admin/static/userlist/j/yjc/lby/Public/Admin/static/userlist/query_006.js
ERR: æ— æ³•åŠ è½½æ§åˆ¶å™¨:Public

[ 2017-06-14T18:03:46+08:00 ] ::1 /yjc/lby/index.php/Lnstru/WdatePicker.css
ERR: éæ³•æ“ä½œ:WdatePicker.css

[ 2017-06-14T18:03:46+08:00 ] ::1 /yjc/lby/Public/Admin/static/userlist/skin/WdatePicker.css
ERR: æ— æ³•åŠ è½½æ§åˆ¶å™¨:Public

[ 2017-06-14T18:03:46+08:00 ] ::1 /yjc/lby/Public/Admin/static/userlist/j/yjc/lby/Public/Admin/static/userlist/query_006.js
ERR: æ— æ³•åŠ è½½æ§åˆ¶å™¨:Public

[ 2017-06-14T18:03:46+08:00 ] ::1 /yjc/lby/index.php/Lnstru/WdatePicker.css
ERR: éæ³•æ“ä½œ:WdatePicker.css

[ 2017-06-14T18:03:47+08:00 ] ::1 /yjc/lby/Public/Admin/static/userlist/j/yjc/lby/Public/Admin/static/userlist/query_006.js
ERR: æ— æ³•åŠ è½½æ§åˆ¶å™¨:Public

[ 2017-06-14T18:03:47+08:00 ] ::1 /yjc/lby/index.php/Lnstru/WdatePicker.css
ERR: éæ³•æ“ä½œ:WdatePicker.css

[ 2017-06-14T18:03:47+08:00 ] ::1 /yjc/lby/Public/Admin/static/userlist/skin/WdatePicker.css
ERR: æ— æ³•åŠ è½½æ§åˆ¶å™¨:Public

[ 2017-06-14T18:03:47+08:00 ] ::1 /yjc/lby/Public/Admin/static/userlist/j/yjc/lby/Public/Admin/static/userlist/query_006.js
ERR: æ— æ³•åŠ è½½æ§åˆ¶å™¨:Public

[ 2017-06-14T18:03:47+08:00 ] ::1 /yjc/lby/index.php/Lnstru/WdatePicker.css
ERR: éæ³•æ“ä½œ:WdatePicker.css

[ 2017-06-14T18:03:47+08:00 ] ::1 /yjc/lby/Public/Admin/static/userlist/j/yjc/lby/Public/Admin/static/userlist/query_006.js
ERR: æ— æ³•åŠ è½½æ§åˆ¶å™¨:Public

[ 2017-06-14T18:03:47+08:00 ] ::1 /yjc/lby/Public/Admin/static/userlist/skin/WdatePicker.css
ERR: æ— æ³•åŠ è½½æ§åˆ¶å™¨:Public

[ 2017-06-14T18:03:47+08:00 ] ::1 /yjc/lby/index.php/Lnstru/WdatePicker.css
ERR: éæ³•æ“ä½œ:WdatePicker.css

[ 2017-06-14T18:03:47+08:00 ] ::1 /yjc/lby/Public/Admin/static/userlist/j/yjc/lby/Public/Admin/static/userlist/query_006.js
ERR: æ— æ³•åŠ è½½æ§åˆ¶å™¨:Public

[ 2017-06-14T18:03:47+08:00 ] ::1 /yjc/lby/index.php/Lnstru/WdatePicker.css
ERR: éæ³•æ“ä½œ:WdatePicker.css

[ 2017-06-14T18:03:47+08:00 ] ::1 /yjc/lby/Public/Admin/static/userlist/j/yjc/lby/Public/Admin/static/userlist/query_006.js
ERR: æ— æ³•åŠ è½½æ§åˆ¶å™¨:Public

[ 2017-06-14T18:03:47+08:00 ] ::1 /yjc/lby/Public/Admin/static/userlist/skin/WdatePicker.css
ERR: æ— æ³•åŠ è½½æ§åˆ¶å™¨:Public

[ 2017-06-14T18:03:47+08:00 ] ::1 /yjc/lby/index.php/Lnstru/WdatePicker.css
ERR: éæ³•æ“ä½œ:WdatePicker.css

[ 2017-06-14T18:05:02+08:00 ] ::1 /yjc/lby/Public/Admin/static/userlist/j/yjc/lby/Public/Admin/static/userlist/query_006.js
ERR: æ— æ³•åŠ è½½æ§åˆ¶å™¨:Public

[ 2017-06-14T18:05:02+08:00 ] ::1 /yjc/lby/index.php/Batch/WdatePicker.css
ERR: éæ³•æ“ä½œ:WdatePicker.css

[ 2017-06-14T18:05:02+08:00 ] ::1 /yjc/lby/Public/Admin/static/userlist/j/yjc/lby/Public/Admin/static/userlist/query_006.js
ERR: æ— æ³•åŠ è½½æ§åˆ¶å™¨:Public

[ 2017-06-14T18:05:02+08:00 ] ::1 /yjc/lby/Public/Admin/static/userlist/skin/WdatePicker.css
ERR: æ— æ³•åŠ è½½æ§åˆ¶å™¨:Public

[ 2017-06-14T18:05:02+08:00 ] ::1 /yjc/lby/index.php/Batch/WdatePicker.css
ERR: éæ³•æ“ä½œ:WdatePicker.css

[ 2017-06-14T18:05:03+08:00 ] ::1 /yjc/lby/Public/Admin/static/userlist/j/yjc/lby/Public/Admin/static/userlist/query_006.js
ERR: æ— æ³•åŠ è½½æ§åˆ¶å™¨:Public

[ 2017-06-14T18:05:03+08:00 ] ::1 /yjc/lby/index.php/Batch/WdatePicker.css
ERR: éæ³•æ“ä½œ:WdatePicker.css

[ 2017-06-14T18:05:03+08:00 ] ::1 /yjc/lby/Public/Admin/static/userlist/j/yjc/lby/Public/Admin/static/userlist/query_006.js
ERR: æ— æ³•åŠ è½½æ§åˆ¶å™¨:Public

[ 2017-06-14T18:05:03+08:00 ] ::1 /yjc/lby/index.php/Batch/WdatePicker.css
ERR: éæ³•æ“ä½œ:WdatePicker.css

[ 2017-06-14T18:05:03+08:00 ] ::1 /yjc/lby/Public/Admin/static/userlist/skin/WdatePicker.css
ERR: æ— æ³•åŠ è½½æ§åˆ¶å™¨:Public

[ 2017-06-14T18:05:04+08:00 ] ::1 /yjc/lby/Public/Admin/static/userlist/j/yjc/lby/Public/Admin/static/userlist/query_006.js
ERR: æ— æ³•åŠ è½½æ§åˆ¶å™¨:Public

[ 2017-06-14T18:05:04+08:00 ] ::1 /yjc/lby/index.php/Batch/WdatePicker.css
ERR: éæ³•æ“ä½œ:WdatePicker.css

[ 2017-06-14T18:05:04+08:00 ] ::1 /yjc/lby/Public/Admin/static/userlist/j/yjc/lby/Public/Admin/static/userlist/query_006.js
ERR: æ— æ³•åŠ è½½æ§åˆ¶å™¨:Public

[ 2017-06-14T18:05:04+08:00 ] ::1 /yjc/lby/Public/Admin/static/userlist/j/yjc/lby/Public/Admin/static/userlist/query_006.js
ERR: æ— æ³•åŠ è½½æ§åˆ¶å™¨:Public

[ 2017-06-14T18:05:04+08:00 ] ::1 /yjc/lby/index.php/Batch/WdatePicker.css
ERR: éæ³•æ“ä½œ:WdatePicker.css

[ 2017-06-14T18:05:04+08:00 ] ::1 /yjc/lby/Public/Admin/static/userlist/j/yjc/lby/Public/Admin/static/userlist/query_006.js
ERR: æ— æ³•åŠ è½½æ§åˆ¶å™¨:Public

[ 2017-06-14T18:05:04+08:00 ] ::1 /yjc/lby/index.php/Batch/WdatePicker.css
ERR: éæ³•æ“ä½œ:WdatePicker.css

[ 2017-06-14T18:05:04+08:00 ] ::1 /yjc/lby/Public/Admin/static/userlist/j/yjc/lby/Public/Admin/static/userlist/query_006.js
ERR: æ— æ³•åŠ è½½æ§åˆ¶å™¨:Public

[ 2017-06-14T18:05:04+08:00 ] ::1 /yjc/lby/Public/Admin/static/userlist/j/yjc/lby/Public/Admin/static/userlist/query_006.js
ERR: æ— æ³•åŠ è½½æ§åˆ¶å™¨:Public

[ 2017-06-14T18:05:04+08:00 ] ::1 /yjc/lby/index.php/Batch/WdatePicker.css
ERR: éæ³•æ“ä½œ:WdatePicker.css

[ 2017-06-14T18:05:04+08:00 ] ::1 /yjc/lby/Public/Admin/static/userlist/skin/WdatePicker.css
ERR: æ— æ³•åŠ è½½æ§åˆ¶å™¨:Public

[ 2017-06-14T18:06:46+08:00 ] ::1 /yjc/lby/Public/Admin/static/userlist/j/yjc/lby/Public/Admin/static/userlist/query_006.js
ERR: æ— æ³•åŠ è½½æ§åˆ¶å™¨:Public

[ 2017-06-14T18:06:46+08:00 ] ::1 /yjc/lby/index.php/Lnstru/WdatePicker.css
ERR: éæ³•æ“ä½œ:WdatePicker.css

[ 2017-06-14T18:06:46+08:00 ] ::1 /yjc/lby/Public/Admin/static/userlist/j/yjc/lby/Public/Admin/static/userlist/query_006.js
ERR: æ— æ³•åŠ è½½æ§åˆ¶å™¨:Public

[ 2017-06-14T18:06:46+08:00 ] ::1 /yjc/lby/index.php/Lnstru/WdatePicker.css
ERR: éæ³•æ“ä½œ:WdatePicker.css

[ 2017-06-14T18:06:46+08:00 ] ::1 /yjc/lby/Public/Admin/static/userlist/skin/WdatePicker.css
ERR: æ— æ³•åŠ è½½æ§åˆ¶å™¨:Public

[ 2017-06-14T18:06:47+08:00 ] ::1 /yjc/lby/index.php/Batch/WdatePicker.css
ERR: éæ³•æ“ä½œ:WdatePicker.css

[ 2017-06-14T18:06:47+08:00 ] ::1 /yjc/lby/Public/Admin/static/userlist/j/yjc/lby/Public/Admin/static/userlist/query_006.js
ERR: æ— æ³•åŠ è½½æ§åˆ¶å™¨:Public

[ 2017-06-14T18:06:47+08:00 ] ::1 /yjc/lby/Public/Admin/static/userlist/j/yjc/lby/Public/Admin/static/userlist/query_006.js
ERR: æ— æ³•åŠ è½½æ§åˆ¶å™¨:Public

[ 2017-06-14T18:06:47+08:00 ] ::1 /yjc/lby/index.php/Batch/WdatePicker.css
ERR: éæ³•æ“ä½œ:WdatePicker.css

[ 2017-06-14T18:06:47+08:00 ] ::1 /yjc/lby/Public/Admin/static/userlist/skin/WdatePicker.css
ERR: æ— æ³•åŠ è½½æ§åˆ¶å™¨:Public

[ 2017-06-14T18:10:04+08:00 ] ::1 /yjc/lby/Public/Admin/static/userlist/j/yjc/lby/Public/Admin/static/userlist/query_006.js
ERR: æ— æ³•åŠ è½½æ§åˆ¶å™¨:Public

[ 2017-06-14T18:10:04+08:00 ] ::1 /yjc/lby/index.php/Batch/WdatePicker.css
ERR: éæ³•æ“ä½œ:WdatePicker.css

[ 2017-06-14T18:10:04+08:00 ] ::1 /yjc/lby/Public/Admin/static/userlist/j/yjc/lby/Public/Admin/static/userlist/query_006.js
ERR: æ— æ³•åŠ è½½æ§åˆ¶å™¨:Public

[ 2017-06-14T18:10:04+08:00 ] ::1 /yjc/lby/index.php/Batch/WdatePicker.css
ERR: éæ³•æ“ä½œ:WdatePicker.css

[ 2017-06-14T18:10:04+08:00 ] ::1 /yjc/lby/Public/Admin/static/userlist/skin/WdatePicker.css
ERR: æ— æ³•åŠ è½½æ§åˆ¶å™¨:Public

[ 2017-06-14T18:10:05+08:00 ] ::1 /yjc/lby/index.php/Lnstru/WdatePicker.css
ERR: éæ³•æ“ä½œ:WdatePicker.css

[ 2017-06-14T18:10:05+08:00 ] ::1 /yjc/lby/Public/Admin/static/userlist/j/yjc/lby/Public/Admin/static/userlist/query_006.js
ERR: æ— æ³•åŠ è½½æ§åˆ¶å™¨:Public

[ 2017-06-14T18:10:05+08:00 ] ::1 /yjc/lby/Public/Admin/static/userlist/j/yjc/lby/Public/Admin/static/userlist/query_006.js
ERR: æ— æ³•åŠ è½½æ§åˆ¶å™¨:Public

[ 2017-06-14T18:10:05+08:00 ] ::1 /yjc/lby/Public/Admin/static/userlist/skin/WdatePicker.css
ERR: æ— æ³•åŠ è½½æ§åˆ¶å™¨:Public

[ 2017-06-14T18:10:05+08:00 ] ::1 /yjc/lby/index.php/Lnstru/WdatePicker.css
ERR: éæ³•æ“ä½œ:WdatePicker.css

[ 2017-06-14T18:10:06+08:00 ] ::1 /yjc/lby/index.php/Batch/WdatePicker.css
ERR: éæ³•æ“ä½œ:WdatePicker.css

[ 2017-06-14T18:10:06+08:00 ] ::1 /yjc/lby/Public/Admin/static/userlist/j/yjc/lby/Public/Admin/static/userlist/query_006.js
ERR: æ— æ³•åŠ è½½æ§åˆ¶å™¨:Public

[ 2017-06-14T18:10:06+08:00 ] ::1 /yjc/lby/Public/Admin/static/userlist/j/yjc/lby/Public/Admin/static/userlist/query_006.js
ERR: æ— æ³•åŠ è½½æ§åˆ¶å™¨:Public

[ 2017-06-14T18:10:06+08:00 ] ::1 /yjc/lby/Public/Admin/static/userlist/skin/WdatePicker.css
ERR: æ— æ³•åŠ è½½æ§åˆ¶å™¨:Public

[ 2017-06-14T18:10:06+08:00 ] ::1 /yjc/lby/index.php/Batch/WdatePicker.css
ERR: éæ³•æ“ä½œ:WdatePicker.css

[ 2017-06-14T18:43:55+08:00 ] ::1 /yjc/lby/index.php/Lnstru/WdatePicker.css
ERR: éæ³•æ“ä½œ:WdatePicker.css

[ 2017-06-14T18:43:55+08:00 ] ::1 /yjc/lby/Public/Admin/static/userlist/j/yjc/lby/Public/Admin/static/userlist/query_006.js
ERR: æ— æ³•åŠ è½½æ§åˆ¶å™¨:Public

[ 2017-06-14T18:43:55+08:00 ] ::1 /yjc/lby/Public/Admin/static/userlist/j/yjc/lby/Public/Admin/static/userlist/query_006.js
ERR: æ— æ³•åŠ è½½æ§åˆ¶å™¨:Public

[ 2017-06-14T18:43:55+08:00 ] ::1 /yjc/lby/index.php/Lnstru/WdatePicker.css
ERR: éæ³•æ“ä½œ:WdatePicker.css

[ 2017-06-14T18:43:55+08:00 ] ::1 /yjc/lby/Public/Admin/static/userlist/skin/WdatePicker.css
ERR: æ— æ³•åŠ è½½æ§åˆ¶å™¨:Public

[ 2017-06-14T18:43:55+08:00 ] ::1 /yjc/lby/Public/Admin/static/userlist/j/yjc/lby/Public/Admin/static/userlist/query_006.js
ERR: æ— æ³•åŠ è½½æ§åˆ¶å™¨:Public

[ 2017-06-14T18:43:55+08:00 ] ::1 /yjc/lby/index.php/Batch/WdatePicker.css
ERR: éæ³•æ“ä½œ:WdatePicker.css

[ 2017-06-14T18:43:55+08:00 ] ::1 /yjc/lby/Public/Admin/static/userlist/j/yjc/lby/Public/Admin/static/userlist/query_006.js
ERR: æ— æ³•åŠ è½½æ§åˆ¶å™¨:Public

[ 2017-06-14T18:43:56+08:00 ] ::1 /yjc/lby/Public/Admin/static/userlist/skin/WdatePicker.css
ERR: æ— æ³•åŠ è½½æ§åˆ¶å™¨:Public

[ 2017-06-14T18:43:56+08:00 ] ::1 /yjc/lby/index.php/Batch/WdatePicker.css
ERR: éæ³•æ“ä½œ:WdatePicker.css

[ 2017-06-14T18:44:02+08:00 ] ::1 /yjc/lby/Public/Admin/static/userlist/j/yjc/lby/Public/Admin/static/userlist/query_006.js
ERR: æ— æ³•åŠ è½½æ§åˆ¶å™¨:Public

[ 2017-06-14T18:44:02+08:00 ] ::1 /yjc/lby/index.php/Batch/WdatePicker.css
ERR: éæ³•æ“ä½œ:WdatePicker.css

[ 2017-06-14T18:44:02+08:00 ] ::1 /yjc/lby/Public/Admin/static/userlist/j/yjc/lby/Public/Admin/static/userlist/query_006.js
ERR: æ— æ³•åŠ è½½æ§åˆ¶å™¨:Public

[ 2017-06-14T18:44:02+08:00 ] ::1 /yjc/lby/index.php/Batch/WdatePicker.css
ERR: éæ³•æ“ä½œ:WdatePicker.css

[ 2017-06-14T18:44:02+08:00 ] ::1 /yjc/lby/Public/Admin/static/userlist/skin/WdatePicker.css
ERR: æ— æ³•åŠ è½½æ§åˆ¶å™¨:Public

[ 2017-06-14T18:47:25+08:00 ] ::1 /yjc/lby/Public/Admin/static/userlist/j/yjc/lby/Public/Admin/static/userlist/query_006.js
ERR: æ— æ³•åŠ è½½æ§åˆ¶å™¨:Public

[ 2017-06-14T18:47:25+08:00 ] ::1 /yjc/lby/index.php/Batch/WdatePicker.css
ERR: éæ³•æ“ä½œ:WdatePicker.css

[ 2017-06-14T18:47:25+08:00 ] ::1 /yjc/lby/Public/Admin/static/userlist/j/yjc/lby/Public/Admin/static/userlist/query_006.js
ERR: æ— æ³•åŠ è½½æ§åˆ¶å™¨:Public

[ 2017-06-14T18:47:25+08:00 ] ::1 /yjc/lby/index.php/Batch/WdatePicker.css
ERR: éæ³•æ“ä½œ:WdatePicker.css

[ 2017-06-14T18:47:25+08:00 ] ::1 /yjc/lby/Public/Admin/static/userlist/skin/WdatePicker.css
ERR: æ— æ³•åŠ è½½æ§åˆ¶å™¨:Public

[ 2017-06-14T18:48:37+08:00 ] ::1 /yjc/lby/index.php/Batch/WdatePicker.css
ERR: éæ³•æ“ä½œ:WdatePicker.css

[ 2017-06-14T18:48:37+08:00 ] ::1 /yjc/lby/Public/Admin/static/userlist/j/yjc/lby/Public/Admin/static/userlist/query_006.js
ERR: æ— æ³•åŠ è½½æ§åˆ¶å™¨:Public

[ 2017-06-14T18:48:37+08:00 ] ::1 /yjc/lby/Public/Admin/static/userlist/j/yjc/lby/Public/Admin/static/userlist/query_006.js
ERR: æ— æ³•åŠ è½½æ§åˆ¶å™¨:Public

[ 2017-06-14T18:48:37+08:00 ] ::1 /yjc/lby/index.php/Batch/WdatePicker.css
ERR: éæ³•æ“ä½œ:WdatePicker.css

[ 2017-06-14T18:48:37+08:00 ] ::1 /yjc/lby/Public/Admin/static/userlist/skin/WdatePicker.css
ERR: æ— æ³•åŠ è½½æ§åˆ¶å™¨:Public

[ 2017-06-14T18:58:13+08:00 ] ::1 /yjc/lby/Public/Admin/static/userlist/j/yjc/lby/Public/Admin/static/userlist/query_006.js
ERR: æ— æ³•åŠ è½½æ§åˆ¶å™¨:Public

[ 2017-06-14T18:58:13+08:00 ] ::1 /yjc/lby/index.php/Lnstru/WdatePicker.css
ERR: éæ³•æ“ä½œ:WdatePicker.css

[ 2017-06-14T18:58:13+08:00 ] ::1 /yjc/lby/Public/Admin/static/userlist/j/yjc/lby/Public/Admin/static/userlist/query_006.js
ERR: æ— æ³•åŠ è½½æ§åˆ¶å™¨:Public

[ 2017-06-14T18:58:13+08:00 ] ::1 /yjc/lby/Public/Admin/static/userlist/skin/WdatePicker.css
ERR: æ— æ³•åŠ è½½æ§åˆ¶å™¨:Public

[ 2017-06-14T18:58:13+08:00 ] ::1 /yjc/lby/index.php/Lnstru/WdatePicker.css
ERR: éæ³•æ“ä½œ:WdatePicker.css

[ 2017-06-14T18:58:14+08:00 ] ::1 /yjc/lby/Public/Admin/static/userlist/j/yjc/lby/Public/Admin/static/userlist/query_006.js
ERR: æ— æ³•åŠ è½½æ§åˆ¶å™¨:Public

[ 2017-06-14T18:58:14+08:00 ] ::1 /yjc/lby/index.php/Batch/WdatePicker.css
ERR: éæ³•æ“ä½œ:WdatePicker.css

[ 2017-06-14T18:58:14+08:00 ] ::1 /yjc/lby/Public/Admin/static/userlist/j/yjc/lby/Public/Admin/static/userlist/query_006.js
ERR: æ— æ³•åŠ è½½æ§åˆ¶å™¨:Public

[ 2017-06-14T18:58:14+08:00 ] ::1 /yjc/lby/Public/Admin/static/userlist/skin/WdatePicker.css
ERR: æ— æ³•åŠ è½½æ§åˆ¶å™¨:Public

[ 2017-06-14T18:58:14+08:00 ] ::1 /yjc/lby/index.php/Batch/WdatePicker.css
ERR: éæ³•æ“ä½œ:WdatePicker.css

[ 2017-06-14T19:00:46+08:00 ] ::1 /yjc/lby/index.php/Batch/WdatePicker.css
ERR: éæ³•æ“ä½œ:WdatePicker.css

[ 2017-06-14T19:00:46+08:00 ] ::1 /yjc/lby/Public/Admin/static/userlist/j/yjc/lby/Public/Admin/static/userlist/query_006.js
ERR: æ— æ³•åŠ è½½æ§åˆ¶å™¨:Public

[ 2017-06-14T19:00:46+08:00 ] ::1 /yjc/lby/Public/Admin/static/userlist/j/yjc/lby/Public/Admin/static/userlist/query_006.js
ERR: æ— æ³•åŠ è½½æ§åˆ¶å™¨:Public

[ 2017-06-14T19:00:46+08:00 ] ::1 /yjc/lby/index.php/Batch/WdatePicker.css
ERR: éæ³•æ“ä½œ:WdatePicker.css

[ 2017-06-14T19:00:46+08:00 ] ::1 /yjc/lby/Public/Admin/static/userlist/skin/WdatePicker.css
ERR: æ— æ³•åŠ è½½æ§åˆ¶å™¨:Public

[ 2017-06-14T19:01:31+08:00 ] ::1 /yjc/lby/index.php/Batch/impUser.html
ERR: 1062:Duplicate entry '3' for key 'PRIMARY'
 [ SQLè¯­å¥ ] : INSERT INTO `market_action` (`active_id`,`action_count`) VALUES ('3','12')

[ 2017-06-14T19:02:19+08:00 ] ::1 /yjc/lby/Public/Admin/static/userlist/j/yjc/lby/Public/Admin/static/userlist/query_006.js
ERR: æ— æ³•åŠ è½½æ§åˆ¶å™¨:Public

[ 2017-06-14T19:02:19+08:00 ] ::1 /yjc/lby/index.php/Batch/WdatePicker.css
ERR: éæ³•æ“ä½œ:WdatePicker.css

[ 2017-06-14T19:02:19+08:00 ] ::1 /yjc/lby/Public/Admin/static/userlist/j/yjc/lby/Public/Admin/static/userlist/query_006.js
ERR: æ— æ³•åŠ è½½æ§åˆ¶å™¨:Public

[ 2017-06-14T19:02:19+08:00 ] ::1 /yjc/lby/index.php/Batch/WdatePicker.css
ERR: éæ³•æ“ä½œ:WdatePicker.css

[ 2017-06-14T19:02:19+08:00 ] ::1 /yjc/lby/Public/Admin/static/userlist/skin/WdatePicker.css
ERR: æ— æ³•åŠ è½½æ§åˆ¶å™¨:Public

[ 2017-06-14T19:02:28+08:00 ] ::1 /yjc/lby/index.php/Batch/WdatePicker.css
ERR: éæ³•æ“ä½œ:WdatePicker.css

[ 2017-06-14T19:02:28+08:00 ] ::1 /yjc/lby/Public/Admin/static/userlist/j/yjc/lby/Public/Admin/static/userlist/query_006.js
ERR: æ— æ³•åŠ è½½æ§åˆ¶å™¨:Public

[ 2017-06-14T19:02:28+08:00 ] ::1 /yjc/lby/Public/Admin/static/userlist/j/yjc/lby/Public/Admin/static/userlist/query_006.js
ERR: æ— æ³•åŠ è½½æ§åˆ¶å™¨:Public

[ 2017-06-14T19:02:28+08:00 ] ::1 /yjc/lby/index.php/Batch/WdatePicker.css
ERR: éæ³•æ“ä½œ:WdatePicker.css

[ 2017-06-14T19:02:28+08:00 ] ::1 /yjc/lby/Public/Admin/static/userlist/skin/WdatePicker.css
ERR: æ— æ³•åŠ è½½æ§åˆ¶å™¨:Public

[ 2017-06-14T19:03:00+08:00 ] ::1 /yjc/lby/Public/Admin/static/userlist/j/yjc/lby/Public/Admin/static/userlist/query_006.js
ERR: æ— æ³•åŠ è½½æ§åˆ¶å™¨:Public

[ 2017-06-14T19:03:00+08:00 ] ::1 /yjc/lby/index.php/Batch/WdatePicker.css
ERR: éæ³•æ“ä½œ:WdatePicker.css

[ 2017-06-14T19:03:01+08:00 ] ::1 /yjc/lby/Public/Admin/static/userlist/j/yjc/lby/Public/Admin/static/userlist/query_006.js
ERR: æ— æ³•åŠ è½½æ§åˆ¶å™¨:Public

[ 2017-06-14T19:03:01+08:00 ] ::1 /yjc/lby/Public/Admin/static/userlist/skin/WdatePicker.css
ERR: æ— æ³•åŠ è½½æ§åˆ¶å™¨:Public

[ 2017-06-14T19:03:01+08:00 ] ::1 /yjc/lby/index.php/Batch/WdatePicker.css
ERR: éæ³•æ“ä½œ:WdatePicker.css

[ 2017-06-14T19:03:08+08:00 ] ::1 /yjc/lby/Public/Admin/static/userlist/j/yjc/lby/Public/Admin/static/userlist/query_006.js
ERR: æ— æ³•åŠ è½½æ§åˆ¶å™¨:Public

[ 2017-06-14T19:03:08+08:00 ] ::1 /yjc/lby/index.php/Batch/WdatePicker.css
ERR: éæ³•æ“ä½œ:WdatePicker.css

[ 2017-06-14T19:03:08+08:00 ] ::1 /yjc/lby/Public/Admin/static/userlist/j/yjc/lby/Public/Admin/static/userlist/query_006.js
ERR: æ— æ³•åŠ è½½æ§åˆ¶å™¨:Public

[ 2017-06-14T19:03:08+08:00 ] ::1 /yjc/lby/index.php/Batch/WdatePicker.css
ERR: éæ³•æ“ä½œ:WdatePicker.css

[ 2017-06-14T19:03:08+08:00 ] ::1 /yjc/lby/Public/Admin/static/userlist/skin/WdatePicker.css
ERR: æ— æ³•åŠ è½½æ§åˆ¶å™¨:Public

[ 2017-06-14T19:03:21+08:00 ] ::1 /yjc/lby/instructions/list
ERR: æ— æ³•åŠ è½½æ§åˆ¶å™¨:Instructions

[ 2017-06-14T19:03:23+08:00 ] ::1 /yjc/lby/index.php/Batch/WdatePicker.css
ERR: éæ³•æ“ä½œ:WdatePicker.css

[ 2017-06-14T19:03:23+08:00 ] ::1 /yjc/lby/Public/Admin/static/userlist/j/yjc/lby/Public/Admin/static/userlist/query_006.js
ERR: æ— æ³•åŠ è½½æ§åˆ¶å™¨:Public

[ 2017-06-14T19:03:23+08:00 ] ::1 /yjc/lby/Public/Admin/static/userlist/j/yjc/lby/Public/Admin/static/userlist/query_006.js
ERR: æ— æ³•åŠ è½½æ§åˆ¶å™¨:Public

[ 2017-06-14T19:03:23+08:00 ] ::1 /yjc/lby/Public/Admin/static/userlist/skin/WdatePicker.css
ERR: æ— æ³•åŠ è½½æ§åˆ¶å™¨:Public

[ 2017-06-14T19:03:23+08:00 ] ::1 /yjc/lby/index.php/Batch/WdatePicker.css
ERR: éæ³•æ“ä½œ:WdatePicker.css

[ 2017-06-14T19:05:08+08:00 ] ::1 /yjc/lby/index.php/Batch/WdatePicker.css
ERR: éæ³•æ“ä½œ:WdatePicker.css

[ 2017-06-14T19:05:08+08:00 ] ::1 /yjc/lby/Public/Admin/static/userlist/j/yjc/lby/Public/Admin/static/userlist/query_006.js
ERR: æ— æ³•åŠ è½½æ§åˆ¶å™¨:Public

[ 2017-06-14T19:05:08+08:00 ] ::1 /yjc/lby/Public/Admin/static/userlist/j/yjc/lby/Public/Admin/static/userlist/query_006.js
ERR: æ— æ³•åŠ è½½æ§åˆ¶å™¨:Public

[ 2017-06-14T19:05:08+08:00 ] ::1 /yjc/lby/index.php/Batch/WdatePicker.css
ERR: éæ³•æ“ä½œ:WdatePicker.css

[ 2017-06-14T19:05:08+08:00 ] ::1 /yjc/lby/Public/Admin/static/userlist/skin/WdatePicker.css
ERR: æ— æ³•åŠ è½½æ§åˆ¶å™¨:Public

[ 2017-06-14T19:09:19+08:00 ] ::1 /yjc/lby/index.php/Lnstru/WdatePicker.css
ERR: éæ³•æ“ä½œ:WdatePicker.css

[ 2017-06-14T19:09:19+08:00 ] ::1 /yjc/lby/Public/Admin/static/userlist/j/yjc/lby/Public/Admin/static/userlist/query_006.js
ERR: æ— æ³•åŠ è½½æ§åˆ¶å™¨:Public

[ 2017-06-14T19:09:19+08:00 ] ::1 /yjc/lby/Public/Admin/static/userlist/j/yjc/lby/Public/Admin/static/userlist/query_006.js
ERR: æ— æ³•åŠ è½½æ§åˆ¶å™¨:Public

[ 2017-06-14T19:09:19+08:00 ] ::1 /yjc/lby/index.php/Lnstru/WdatePicker.css
ERR: éæ³•æ“ä½œ:WdatePicker.css

[ 2017-06-14T19:09:20+08:00 ] ::1 /yjc/lby/Public/Admin/static/userlist/skin/WdatePicker.css
ERR: æ— æ³•åŠ è½½æ§åˆ¶å™¨:Public

[ 2017-06-14T19:09:21+08:00 ] ::1 /yjc/lby/index.php/Batch/WdatePicker.css
ERR: éæ³•æ“ä½œ:WdatePicker.css

[ 2017-06-14T19:09:21+08:00 ] ::1 /yjc/lby/Public/Admin/static/userlist/j/yjc/lby/Public/Admin/static/userlist/query_006.js
ERR: æ— æ³•åŠ è½½æ§åˆ¶å™¨:Public

[ 2017-06-14T19:09:22+08:00 ] ::1 /yjc/lby/Public/Admin/static/userlist/j/yjc/lby/Public/Admin/static/userlist/query_006.js
ERR: æ— æ³•åŠ è½½æ§åˆ¶å™¨:Public

[ 2017-06-14T19:09:22+08:00 ] ::1 /yjc/lby/index.php/Batch/WdatePicker.css
ERR: éæ³•æ“ä½œ:WdatePicker.css

[ 2017-06-14T19:09:22+08:00 ] ::1 /yjc/lby/Public/Admin/static/userlist/skin/WdatePicker.css
ERR: æ— æ³•åŠ è½½æ§åˆ¶å™¨:Public

