[ 2017-06-09T09:09:13+08:00 ] ::1 /yjc/lby/index.php/Admin/Index/index1.html
ERR: 非法操作:index1

[ 2017-06-09T09:09:39+08:00 ] ::1 /yjc/lby/index.php/Market/WdatePicker.css
ERR: 非法操作:WdatePicker.css

[ 2017-06-09T09:09:39+08:00 ] ::1 /yjc/lby/Public/Admin/static/userlist/j/yjc/lby/Public/Admin/static/userlist/query_006.js
ERR: 无法加载控制器:Public

[ 2017-06-09T09:09:39+08:00 ] ::1 /yjc/lby/Public/Admin/static/userlist/j/yjc/lby/Public/Admin/static/userlist/query_006.js
ERR: 无法加载控制器:Public

[ 2017-06-09T09:09:40+08:00 ] ::1 /yjc/lby/index.php/Market/WdatePicker.css
ERR: 非法操作:WdatePicker.css

[ 2017-06-09T09:09:40+08:00 ] ::1 /yjc/lby/Public/Admin/static/userlist/skin/WdatePicker.css
ERR: 无法加载控制器:Public

[ 2017-06-09T09:10:04+08:00 ] ::1 /yjc/lby/Public/Admin/static/userlist/j/yjc/lby/Public/Admin/static/userlist/query_006.js
ERR: 无法加载控制器:Public

[ 2017-06-09T09:10:04+08:00 ] ::1 /yjc/lby/index.php/Market/WdatePicker.css
ERR: 非法操作:WdatePicker.css

[ 2017-06-09T09:10:04+08:00 ] ::1 /yjc/lby/Public/Admin/static/userlist/j/yjc/lby/Public/Admin/static/userlist/query_006.js
ERR: 无法加载控制器:Public

[ 2017-06-09T09:10:04+08:00 ] ::1 /yjc/lby/index.php/Market/WdatePicker.css
ERR: 非法操作:WdatePicker.css

[ 2017-06-09T09:10:04+08:00 ] ::1 /yjc/lby/Public/Admin/static/userlist/skin/WdatePicker.css
ERR: 无法加载控制器:Public

[ 2017-06-09T09:10:05+08:00 ] ::1 /yjc/lby/Public/Admin/static/userlist/j/yjc/lby/Public/Admin/static/userlist/query_006.js
ERR: 无法加载控制器:Public

[ 2017-06-09T09:10:05+08:00 ] ::1 /yjc/lby/index.php/Market/WdatePicker.css
ERR: 非法操作:WdatePicker.css

[ 2017-06-09T09:10:05+08:00 ] ::1 /yjc/lby/Public/Admin/static/userlist/j/yjc/lby/Public/Admin/static/userlist/query_006.js
ERR: 无法加载控制器:Public

[ 2017-06-09T09:10:05+08:00 ] ::1 /yjc/lby/index.php/Market/WdatePicker.css
ERR: 非法操作:WdatePicker.css

[ 2017-06-09T09:10:05+08:00 ] ::1 /yjc/lby/Public/Admin/static/userlist/skin/WdatePicker.css
ERR: 无法加载控制器:Public

[ 2017-06-09T09:17:36+08:00 ] ::1 /yjc/lby/Public/Admin/static/userlist/j/yjc/lby/Public/Admin/static/userlist/query_006.js
ERR: 无法加载控制器:Public

[ 2017-06-09T09:17:36+08:00 ] ::1 /yjc/lby/index.php/Market/WdatePicker.css
ERR: 非法操作:WdatePicker.css

[ 2017-06-09T09:17:36+08:00 ] ::1 /yjc/lby/Public/Admin/static/userlist/j/yjc/lby/Public/Admin/static/userlist/query_006.js
ERR: 无法加载控制器:Public

[ 2017-06-09T09:17:36+08:00 ] ::1 /yjc/lby/Public/Admin/static/userlist/skin/WdatePicker.css
ERR: 无法加载控制器:Public

[ 2017-06-09T09:17:36+08:00 ] ::1 /yjc/lby/index.php/Market/WdatePicker.css
ERR: 非法操作:WdatePicker.css

[ 2017-06-09T09:17:37+08:00 ] ::1 /yjc/lby/Public/Admin/static/userlist/j/yjc/lby/Public/Admin/static/userlist/query_006.js
ERR: 无法加载控制器:Public

[ 2017-06-09T09:17:37+08:00 ] ::1 /yjc/lby/index.php/Market/WdatePicker.css
ERR: 非法操作:WdatePicker.css

[ 2017-06-09T09:17:37+08:00 ] ::1 /yjc/lby/Public/Admin/static/userlist/j/yjc/lby/Public/Admin/static/userlist/query_006.js
ERR: 无法加载控制器:Public

[ 2017-06-09T09:17:37+08:00 ] ::1 /yjc/lby/Public/Admin/static/userlist/skin/WdatePicker.css
ERR: 无法加载控制器:Public

[ 2017-06-09T09:17:37+08:00 ] ::1 /yjc/lby/index.php/Market/WdatePicker.css
ERR: 非法操作:WdatePicker.css

[ 2017-06-09T09:18:41+08:00 ] ::1 /yjc/lby/index.php/Market/WdatePicker.css
ERR: 非法操作:WdatePicker.css

[ 2017-06-09T09:18:41+08:00 ] ::1 /yjc/lby/Public/Admin/static/userlist/j/yjc/lby/Public/Admin/static/userlist/query_006.js
ERR: 无法加载控制器:Public

[ 2017-06-09T09:18:41+08:00 ] ::1 /yjc/lby/Public/Admin/static/userlist/j/yjc/lby/Public/Admin/static/userlist/query_006.js
ERR: 无法加载控制器:Public

[ 2017-06-09T09:18:41+08:00 ] ::1 /yjc/lby/Public/Admin/static/userlist/skin/WdatePicker.css
ERR: 无法加载控制器:Public

[ 2017-06-09T09:18:41+08:00 ] ::1 /yjc/lby/index.php/Market/WdatePicker.css
ERR: 非法操作:WdatePicker.css

[ 2017-06-09T09:18:42+08:00 ] ::1 /yjc/lby/index.php/Market/WdatePicker.css
ERR: 非法操作:WdatePicker.css

[ 2017-06-09T09:18:42+08:00 ] ::1 /yjc/lby/Public/Admin/static/userlist/j/yjc/lby/Public/Admin/static/userlist/query_006.js
ERR: 无法加载控制器:Public

[ 2017-06-09T09:18:42+08:00 ] ::1 /yjc/lby/Public/Admin/static/userlist/j/yjc/lby/Public/Admin/static/userlist/query_006.js
ERR: 无法加载控制器:Public

[ 2017-06-09T09:18:42+08:00 ] ::1 /yjc/lby/index.php/Market/WdatePicker.css
ERR: 非法操作:WdatePicker.css

[ 2017-06-09T09:18:42+08:00 ] ::1 /yjc/lby/Public/Admin/static/userlist/skin/WdatePicker.css
ERR: 无法加载控制器:Public

[ 2017-06-09T09:19:30+08:00 ] ::1 /yjc/lby/Public/Admin/static/userlist/j/yjc/lby/Public/Admin/static/userlist/query_006.js
ERR: 无法加载控制器:Public

[ 2017-06-09T09:19:30+08:00 ] ::1 /yjc/lby/index.php/Market/WdatePicker.css
ERR: 非法操作:WdatePicker.css

[ 2017-06-09T09:19:30+08:00 ] ::1 /yjc/lby/Public/Admin/static/userlist/j/yjc/lby/Public/Admin/static/userlist/query_006.js
ERR: 无法加载控制器:Public

[ 2017-06-09T09:19:30+08:00 ] ::1 /yjc/lby/Public/Admin/static/userlist/skin/WdatePicker.css
ERR: 无法加载控制器:Public

[ 2017-06-09T09:19:30+08:00 ] ::1 /yjc/lby/index.php/Market/WdatePicker.css
ERR: 非法操作:WdatePicker.css

[ 2017-06-09T09:19:31+08:00 ] ::1 /yjc/lby/Public/Admin/static/userlist/j/yjc/lby/Public/Admin/static/userlist/query_006.js
ERR: 无法加载控制器:Public

[ 2017-06-09T09:19:31+08:00 ] ::1 /yjc/lby/index.php/Market/WdatePicker.css
ERR: 非法操作:WdatePicker.css

[ 2017-06-09T09:19:31+08:00 ] ::1 /yjc/lby/Public/Admin/static/userlist/j/yjc/lby/Public/Admin/static/userlist/query_006.js
ERR: 无法加载控制器:Public

[ 2017-06-09T09:19:31+08:00 ] ::1 /yjc/lby/Public/Admin/static/userlist/skin/WdatePicker.css
ERR: 无法加载控制器:Public

[ 2017-06-09T09:19:31+08:00 ] ::1 /yjc/lby/index.php/Market/WdatePicker.css
ERR: 非法操作:WdatePicker.css

[ 2017-06-09T09:20:07+08:00 ] ::1 /yjc/lby/Public/Admin/static/userlist/j/yjc/lby/Public/Admin/static/userlist/query_006.js
ERR: 无法加载控制器:Public

[ 2017-06-09T09:20:07+08:00 ] ::1 /yjc/lby/index.php/Market/WdatePicker.css
ERR: 非法操作:WdatePicker.css

[ 2017-06-09T09:20:07+08:00 ] ::1 /yjc/lby/Public/Admin/static/userlist/j/yjc/lby/Public/Admin/static/userlist/query_006.js
ERR: 无法加载控制器:Public

[ 2017-06-09T09:20:07+08:00 ] ::1 /yjc/lby/Public/Admin/static/userlist/skin/WdatePicker.css
ERR: 无法加载控制器:Public

[ 2017-06-09T09:20:07+08:00 ] ::1 /yjc/lby/index.php/Market/WdatePicker.css
ERR: 非法操作:WdatePicker.css

[ 2017-06-09T09:20:08+08:00 ] ::1 /yjc/lby/index.php/Market/WdatePicker.css
ERR: 非法操作:WdatePicker.css

[ 2017-06-09T09:20:08+08:00 ] ::1 /yjc/lby/Public/Admin/static/userlist/j/yjc/lby/Public/Admin/static/userlist/query_006.js
ERR: 无法加载控制器:Public

[ 2017-06-09T09:20:08+08:00 ] ::1 /yjc/lby/Public/Admin/static/userlist/j/yjc/lby/Public/Admin/static/userlist/query_006.js
ERR: 无法加载控制器:Public

[ 2017-06-09T09:20:09+08:00 ] ::1 /yjc/lby/Public/Admin/static/userlist/skin/WdatePicker.css
ERR: 无法加载控制器:Public

[ 2017-06-09T09:20:09+08:00 ] ::1 /yjc/lby/index.php/Market/WdatePicker.css
ERR: 非法操作:WdatePicker.css

[ 2017-06-09T09:47:15+08:00 ] ::1 /yjc/lby/Public/Admin/static/userlist/j/yjc/lby/Public/Admin/static/userlist/query_006.js
ERR: 无法加载控制器:Public

[ 2017-06-09T09:47:15+08:00 ] ::1 /yjc/lby/index.php/Market/WdatePicker.css
ERR: 非法操作:WdatePicker.css

[ 2017-06-09T09:47:15+08:00 ] ::1 /yjc/lby/Public/Admin/static/userlist/j/yjc/lby/Public/Admin/static/userlist/query_006.js
ERR: 无法加载控制器:Public

[ 2017-06-09T09:47:15+08:00 ] ::1 /yjc/lby/Public/Admin/static/userlist/skin/WdatePicker.css
ERR: 无法加载控制器:Public

[ 2017-06-09T09:47:15+08:00 ] ::1 /yjc/lby/index.php/Market/WdatePicker.css
ERR: 非法操作:WdatePicker.css

[ 2017-06-09T10:05:32+08:00 ] ::1 /yjc/lby/index.php/Market/index.html
ERR: 1064:You have an error in your SQL syntax; check the manual that corresponds to your MySQL server version for the right syntax to use near 'on .order_id=.product_id  LIMIT 0,2' at line 1
 [ SQL语句 ] : SELECT * FROM `market_order` INNER JOIN  on .order_id=.product_id  LIMIT 0,2  

[ 2017-06-09T10:13:26+08:00 ] ::1 /yjc/lby/index.php/Market/index.html
ERR: 1146:Table 'good.car_users' doesn't exist
 [ SQL语句 ] : SELECT ne.*,us.user_name FROM `market_order` INNER JOIN car_users us ON ne.aid = us.id  LIMIT 0,2  

[ 2017-06-09T10:20:11+08:00 ] ::1 /yjc/lby/index.php/Market/index.html
ERR: 1054:Unknown column 'pt_id' in 'on clause'
 [ SQL语句 ] : SELECT * FROM `market_order` INNER JOIN hou_product pt on order_id =pt_id  LIMIT 0,2  

[ 2017-06-09T10:20:13+08:00 ] ::1 /yjc/lby/index.php/Market/index.html
ERR: 1054:Unknown column 'pt_id' in 'on clause'
 [ SQL语句 ] : SELECT * FROM `market_order` INNER JOIN hou_product pt on order_id =pt_id  LIMIT 0,2  

[ 2017-06-09T10:20:14+08:00 ] ::1 /yjc/lby/index.php/Market/index.html
ERR: 1054:Unknown column 'pt_id' in 'on clause'
 [ SQL语句 ] : SELECT * FROM `market_order` INNER JOIN hou_product pt on order_id =pt_id  LIMIT 0,2  

[ 2017-06-09T10:20:14+08:00 ] ::1 /yjc/lby/index.php/Market/index.html
ERR: 1054:Unknown column 'pt_id' in 'on clause'
 [ SQL语句 ] : SELECT * FROM `market_order` INNER JOIN hou_product pt on order_id =pt_id  LIMIT 0,2  

[ 2017-06-09T10:20:14+08:00 ] ::1 /yjc/lby/index.php/Market/index.html
ERR: 1054:Unknown column 'pt_id' in 'on clause'
 [ SQL语句 ] : SELECT * FROM `market_order` INNER JOIN hou_product pt on order_id =pt_id  LIMIT 0,2  

[ 2017-06-09T10:35:51+08:00 ] ::1 /yjc/lby/index.php/Admin/Index/index1.html
ERR: 非法操作:index1

[ 2017-06-09T10:39:52+08:00 ] ::1 /yjc/lby/index.php/Admin/Index/index1.html
ERR: 非法操作:index1

[ 2017-06-09T11:00:02+08:00 ] ::1 /yjc/lby/index.php/Market/WdatePicker.css
ERR: 非法操作:WdatePicker.css

[ 2017-06-09T11:00:02+08:00 ] ::1 /yjc/lby/Public/Admin/static/userlist/j/yjc/lby/Public/Admin/static/userlist/query_006.js
ERR: 无法加载控制器:Public

[ 2017-06-09T11:00:02+08:00 ] ::1 /yjc/lby/Public/Admin/static/userlist/j/yjc/lby/Public/Admin/static/userlist/query_006.js
ERR: 无法加载控制器:Public

[ 2017-06-09T11:00:02+08:00 ] ::1 /yjc/lby/index.php/Market/WdatePicker.css
ERR: 非法操作:WdatePicker.css

[ 2017-06-09T11:00:02+08:00 ] ::1 /yjc/lby/Public/Admin/static/userlist/skin/WdatePicker.css
ERR: 无法加载控制器:Public

[ 2017-06-09T11:00:05+08:00 ] ::1 /yjc/lby/index.php/Admin/Index/index1.html
ERR: 非法操作:index1

[ 2017-06-09T11:00:08+08:00 ] ::1 /yjc/lby/index.php/Admin/Index/index1.html
ERR: 非法操作:index1

[ 2017-06-09T11:01:06+08:00 ] ::1 /yjc/lby/index.php/Admin/Index/index1.html
ERR: 非法操作:index1

[ 2017-06-09T11:01:26+08:00 ] ::1 /yjc/lby/Public/Admin/static/userlist/j/yjc/lby/Public/Admin/static/userlist/query_006.js
ERR: 无法加载控制器:Public

[ 2017-06-09T11:01:26+08:00 ] ::1 /yjc/lby/index.php/Market/WdatePicker.css
ERR: 非法操作:WdatePicker.css

[ 2017-06-09T11:01:26+08:00 ] ::1 /yjc/lby/Public/Admin/static/userlist/j/yjc/lby/Public/Admin/static/userlist/query_006.js
ERR: 无法加载控制器:Public

[ 2017-06-09T11:01:26+08:00 ] ::1 /yjc/lby/index.php/Market/WdatePicker.css
ERR: 非法操作:WdatePicker.css

[ 2017-06-09T11:01:26+08:00 ] ::1 /yjc/lby/Public/Admin/static/userlist/skin/WdatePicker.css
ERR: 无法加载控制器:Public

[ 2017-06-09T11:01:54+08:00 ] ::1 /yjc/lby/index.php/Market/WdatePicker.css
ERR: 非法操作:WdatePicker.css

[ 2017-06-09T11:01:54+08:00 ] ::1 /yjc/lby/Public/Admin/static/userlist/j/yjc/lby/Public/Admin/static/userlist/query_006.js
ERR: 无法加载控制器:Public

[ 2017-06-09T11:01:54+08:00 ] ::1 /yjc/lby/Public/Admin/static/userlist/j/yjc/lby/Public/Admin/static/userlist/query_006.js
ERR: 无法加载控制器:Public

[ 2017-06-09T11:01:54+08:00 ] ::1 /yjc/lby/index.php/Market/WdatePicker.css
ERR: 非法操作:WdatePicker.css

[ 2017-06-09T11:01:54+08:00 ] ::1 /yjc/lby/Public/Admin/static/userlist/skin/WdatePicker.css
ERR: 无法加载控制器:Public

[ 2017-06-09T11:02:01+08:00 ] ::1 /yjc/lby/index.php/Admin/Index/index1.html
ERR: 非法操作:index1

[ 2017-06-09T11:03:28+08:00 ] ::1 /yjc/lby/index.php/Admin/Index/index1.html
ERR: 非法操作:index1

[ 2017-06-09T11:31:52+08:00 ] ::1 /yjc/lby/Public/Admin/static/userlist/j/yjc/lby/Public/Admin/static/userlist/query_006.js
ERR: 无法加载控制器:Public

[ 2017-06-09T11:31:52+08:00 ] ::1 /yjc/lby/index.php/Market/WdatePicker.css
ERR: 非法操作:WdatePicker.css

[ 2017-06-09T11:31:52+08:00 ] ::1 /yjc/lby/Public/Admin/static/userlist/j/yjc/lby/Public/Admin/static/userlist/query_006.js
ERR: 无法加载控制器:Public

[ 2017-06-09T11:31:52+08:00 ] ::1 /yjc/lby/Public/Admin/static/userlist/skin/WdatePicker.css
ERR: 无法加载控制器:Public

[ 2017-06-09T11:31:52+08:00 ] ::1 /yjc/lby/index.php/Market/WdatePicker.css
ERR: 非法操作:WdatePicker.css

[ 2017-06-09T11:32:27+08:00 ] ::1 /yjc/lby/index.php/Market/market_add.html
ERR: 1048:Column 'order_creater' cannot be null
 [ SQL语句 ] : INSERT INTO `market_order` (`product_type`,`product_name`,`order_card_type`,`order_buy`,`order_phone`,`order_count`,`order_advance`,`order_number`,`create_time`,`end_time`,`order_creater`) VALUES ('1','2','1','1','18303226686','100','1000.0','G609791476887412','2017-06-09,11-32-27','2017-06-09,11-32-27',NULL)

[ 2017-06-09T11:33:35+08:00 ] ::1 /yjc/lby/Public/Admin/static/userlist/j/yjc/lby/Public/Admin/static/userlist/query_006.js
ERR: 无法加载控制器:Public

[ 2017-06-09T11:33:35+08:00 ] ::1 /yjc/lby/index.php/Market/WdatePicker.css
ERR: 非法操作:WdatePicker.css

[ 2017-06-09T11:33:35+08:00 ] ::1 /yjc/lby/Public/Admin/static/userlist/j/yjc/lby/Public/Admin/static/userlist/query_006.js
ERR: 无法加载控制器:Public

[ 2017-06-09T11:33:35+08:00 ] ::1 /yjc/lby/index.php/Market/WdatePicker.css
ERR: 非法操作:WdatePicker.css

[ 2017-06-09T11:33:35+08:00 ] ::1 /yjc/lby/Public/Admin/static/userlist/skin/WdatePicker.css
ERR: 无法加载控制器:Public

[ 2017-06-09T11:33:39+08:00 ] ::1 /yjc/lby/Public/Admin/static/userlist/j/yjc/lby/Public/Admin/static/userlist/query_006.js
ERR: 无法加载控制器:Public

[ 2017-06-09T11:33:39+08:00 ] ::1 /yjc/lby/index.php/Market/WdatePicker.css
ERR: 非法操作:WdatePicker.css

[ 2017-06-09T11:33:39+08:00 ] ::1 /yjc/lby/Public/Admin/static/userlist/j/yjc/lby/Public/Admin/static/userlist/query_006.js
ERR: 无法加载控制器:Public

[ 2017-06-09T11:33:39+08:00 ] ::1 /yjc/lby/Public/Admin/static/userlist/skin/WdatePicker.css
ERR: 无法加载控制器:Public

[ 2017-06-09T11:33:39+08:00 ] ::1 /yjc/lby/index.php/Market/WdatePicker.css
ERR: 非法操作:WdatePicker.css

[ 2017-06-09T11:41:14+08:00 ] ::1 /yjc/lby/index.php/Admin/Index/index1.html
ERR: 非法操作:index1

[ 2017-06-09T11:41:20+08:00 ] ::1 /yjc/lby/index.php/Admin/Index/index1.html
ERR: 非法操作:index1

[ 2017-06-09T11:43:52+08:00 ] ::1 /yjc/lby/Public/Admin/static/userlist/j/yjc/lby/Public/Admin/static/userlist/query_006.js
ERR: 无法加载控制器:Public

[ 2017-06-09T11:43:52+08:00 ] ::1 /yjc/lby/index.php/Market/WdatePicker.css
ERR: 非法操作:WdatePicker.css

[ 2017-06-09T11:43:53+08:00 ] ::1 /yjc/lby/Public/Admin/static/userlist/j/yjc/lby/Public/Admin/static/userlist/query_006.js
ERR: 无法加载控制器:Public

[ 2017-06-09T11:43:53+08:00 ] ::1 /yjc/lby/index.php/Market/WdatePicker.css
ERR: 非法操作:WdatePicker.css

[ 2017-06-09T11:43:53+08:00 ] ::1 /yjc/lby/Public/Admin/static/userlist/skin/WdatePicker.css
ERR: 无法加载控制器:Public

[ 2017-06-09T12:05:50+08:00 ] ::1 /yjc/lby/index.php/Market/index.html?lastEnd=&product_type=0&product_name=0&order_card_type=0&order_number=&order_phone=9&order_creater=
ERR: 1064:You have an error in your SQL syntax; check the manual that corresponds to your MySQL server version for the right syntax to use near '%9% ) LIMIT 1' at line 1
 [ SQL语句 ] : SELECT COUNT(*) AS tp_count FROM `market_order` INNER JOIN hou_product on order_id = product_id  WHERE ( join_id and order_phone like %9% ) LIMIT 1  

[ 2017-06-09T13:26:11+08:00 ] ::1 /yjc/lby/index.php/Admin/Index/index1.html
ERR: 非法操作:index1

[ 2017-06-09T13:30:54+08:00 ] ::1 /yjc/lby/index.php/Market/index.html?lastEnd=&product_type=1&product_name=0&order_card_type=0&order_number=&order_phone=&order_creater=
ERR: 1052:Column 'product_type' in where clause is ambiguous
 [ SQL语句 ] : SELECT COUNT(*) AS tp_count FROM `market_order` INNER JOIN hou_product on order_id = product_id  WHERE ( join_id and product_type=1 ) LIMIT 1  

[ 2017-06-09T13:35:15+08:00 ] ::1 /yjc/lby/index.php/Market/index.html?lastEnd=&product_type=0&product_name=1&order_card_type=0&order_number=&order_phone=&order_creater=
ERR: 1052:Column 'product_name' in where clause is ambiguous
 [ SQL语句 ] : SELECT COUNT(*) AS tp_count FROM `market_order` INNER JOIN hou_product on order_id = product_id  WHERE ( join_id and  product_name like '%1%' ) LIMIT 1  

[ 2017-06-09T13:40:10+08:00 ] ::1 /yjc/lby/index.php/Admin/Index/index1.html
ERR: 非法操作:index1

[ 2017-06-09T13:40:14+08:00 ] ::1 /yjc/lby/index.php/Admin/Index/index1.html
ERR: 非法操作:index1

[ 2017-06-09T13:44:40+08:00 ] ::1 /yjc/lby/index.php/Product/WdatePicker.css
ERR: 非法操作:WdatePicker.css

[ 2017-06-09T13:44:40+08:00 ] ::1 /yjc/lby/Public/Admin/static/userlist/j/yjc/lby/Public/Admin/static/userlist/query_006.js
ERR: 无法加载控制器:Public

[ 2017-06-09T13:44:40+08:00 ] ::1 /yjc/lby/Public/Admin/static/userlist/j/yjc/lby/Public/Admin/static/userlist/query_006.js
ERR: 无法加载控制器:Public

[ 2017-06-09T13:44:40+08:00 ] ::1 /yjc/lby/Public/Admin/static/userlist/skin/WdatePicker.css
ERR: 无法加载控制器:Public

[ 2017-06-09T13:44:40+08:00 ] ::1 /yjc/lby/index.php/Product/WdatePicker.css
ERR: 非法操作:WdatePicker.css

[ 2017-06-09T13:46:02+08:00 ] ::1 /yjc/lby/Public/Admin/static/userlist/j/yjc/lby/Public/Admin/static/userlist/query_006.js
ERR: 无法加载控制器:Public

[ 2017-06-09T13:46:02+08:00 ] ::1 /yjc/lby/index.php/Product/WdatePicker.css
ERR: 非法操作:WdatePicker.css

[ 2017-06-09T13:46:02+08:00 ] ::1 /yjc/lby/Public/Admin/static/userlist/j/yjc/lby/Public/Admin/static/userlist/query_006.js
ERR: 无法加载控制器:Public

[ 2017-06-09T13:46:02+08:00 ] ::1 /yjc/lby/Public/Admin/static/userlist/skin/WdatePicker.css
ERR: 无法加载控制器:Public

[ 2017-06-09T13:46:02+08:00 ] ::1 /yjc/lby/index.php/Product/WdatePicker.css
ERR: 非法操作:WdatePicker.css

[ 2017-06-09T13:46:16+08:00 ] ::1 /yjc/lby/Public/Admin/static/userlist/j/yjc/lby/Public/Admin/static/userlist/query_006.js
ERR: 无法加载控制器:Public

[ 2017-06-09T13:46:16+08:00 ] ::1 /yjc/lby/index.php/Market/WdatePicker.css
ERR: 非法操作:WdatePicker.css

[ 2017-06-09T13:46:16+08:00 ] ::1 /yjc/lby/Public/Admin/static/userlist/j/yjc/lby/Public/Admin/static/userlist/query_006.js
ERR: 无法加载控制器:Public

[ 2017-06-09T13:46:16+08:00 ] ::1 /yjc/lby/index.php/Market/WdatePicker.css
ERR: 非法操作:WdatePicker.css

[ 2017-06-09T13:46:16+08:00 ] ::1 /yjc/lby/Public/Admin/static/userlist/skin/WdatePicker.css
ERR: 无法加载控制器:Public

[ 2017-06-09T13:46:58+08:00 ] ::1 /yjc/lby/index.php/Market/WdatePicker.css
ERR: 非法操作:WdatePicker.css

[ 2017-06-09T13:46:58+08:00 ] ::1 /yjc/lby/Public/Admin/static/userlist/j/yjc/lby/Public/Admin/static/userlist/query_006.js
ERR: 无法加载控制器:Public

[ 2017-06-09T13:46:58+08:00 ] ::1 /yjc/lby/Public/Admin/static/userlist/j/yjc/lby/Public/Admin/static/userlist/query_006.js
ERR: 无法加载控制器:Public

[ 2017-06-09T13:46:58+08:00 ] ::1 /yjc/lby/index.php/Market/WdatePicker.css
ERR: 非法操作:WdatePicker.css

[ 2017-06-09T13:46:58+08:00 ] ::1 /yjc/lby/Public/Admin/static/userlist/skin/WdatePicker.css
ERR: 无法加载控制器:Public

[ 2017-06-09T13:47:08+08:00 ] ::1 /yjc/lby/index.php/Admin/Index/index1.html
ERR: 非法操作:index1

[ 2017-06-09T13:50:02+08:00 ] ::1 /yjc/lby/index.php/Market/index.html
ERR: 1052:Column 'product_name' in field list is ambiguous
 [ SQL语句 ] : SELECT `product_name` FROM `market_order` INNER JOIN hou_product on order_id = product_id  WHERE ( join_id ) LIMIT 0,3  

[ 2017-06-09T13:57:04+08:00 ] ::1 /yjc/lby/index.php/Market/index.html?lastEnd=&product_type=1&product_name=0&order_card_type=0&order_number=&order_phone=&order_creater=
ERR: 1052:Column 'product_type' in where clause is ambiguous
 [ SQL语句 ] : SELECT COUNT(*) AS tp_count FROM `market_order` INNER JOIN hou_product on order_id = product_id  WHERE ( join_id and product_type=1 ) LIMIT 1  

[ 2017-06-09T14:03:57+08:00 ] ::1 /yjc/lby/index.php/Market/index.html
ERR: Think\Model:with方法不存在！

[ 2017-06-09T14:06:01+08:00 ] ::1 /yjc/lby/index.php/Market/index.html?lastEnd=&product_type=1&product_name=0&order_card_type=0&order_number=&order_phone=&order_creater=
ERR: 1052:Column 'product_type' in where clause is ambiguous
 [ SQL语句 ] : SELECT * FROM `market_order` INNER JOIN hou_product on order_id = product_id  WHERE ( join_id and product_type=1 ) LIMIT 0,3  

[ 2017-06-09T14:20:11+08:00 ] ::1 /yjc/lby/index.php/Market/index.html?lastEnd=&product_type=0&product_name=1&order_card_type=0&order_number=&order_phone=&order_creater=
ERR: 1052:Column 'product_name' in where clause is ambiguous
 [ SQL语句 ] : SELECT * FROM `market_order` INNER JOIN hou_product ON order_id = product_id  WHERE ( join_id and  product_name=1 ) LIMIT 0,3  

[ 2017-06-09T14:20:56+08:00 ] ::1 /yjc/lby/index.php/Market/index.html?lastEnd=&product_type=2&product_name=0&order_card_type=0&order_number=&order_phone=&order_creater=
ERR: 1054:Unknown column 'product_' in 'where clause'
 [ SQL语句 ] : SELECT COUNT(*) AS tp_count FROM `market_order` WHERE ( join_id and product_=2 ) LIMIT 1  

[ 2017-06-09T14:21:11+08:00 ] ::1 /yjc/lby/index.php/Market/index.html?lastEnd=&product_type=1&product_name=0&order_card_type=0&order_number=&order_phone=&order_creater=
ERR: 1054:Unknown column 'product_' in 'where clause'
 [ SQL语句 ] : SELECT COUNT(*) AS tp_count FROM `market_order` WHERE ( join_id and product_=1 ) LIMIT 1  

[ 2017-06-09T14:21:34+08:00 ] ::1 /yjc/lby/index.php/Market/index.html?lastEnd=&product_type=0&product_name=1&order_card_type=0&order_number=&order_phone=&order_creater=
ERR: 1052:Column 'product_name' in where clause is ambiguous
 [ SQL语句 ] : SELECT * FROM `market_order` INNER JOIN hou_product on order_id = product_id  WHERE ( join_id and  product_name=1 ) LIMIT 0,3  

[ 2017-06-09T14:27:18+08:00 ] ::1 /yjc/lby/index.php/Market/index.html?lastEnd=&product_type=1&product_name=0&order_card_type=0&order_number=&order_phone=&order_creater=
ERR: 1054:Unknown column 'product_' in 'where clause'
 [ SQL语句 ] : SELECT COUNT(*) AS tp_count FROM `market_order` WHERE ( join_id and product_=1 ) LIMIT 1  

[ 2017-06-09T14:28:01+08:00 ] ::1 /yjc/lby/index.php/Market/index.html?lastEnd=&product_type=1&product_name=0&order_card_type=0&order_number=&order_phone=&order_creater=
ERR: 1054:Unknown column 'product_id' in 'where clause'
 [ SQL语句 ] : SELECT COUNT(*) AS tp_count FROM `market_order` WHERE ( join_id and product_id=1 ) LIMIT 1  

[ 2017-06-09T14:34:08+08:00 ] ::1 /yjc/lby/index.php/Market/index.html?lastEnd=&brand_name=1&product_name=0&order_card_type=0&order_number=&order_phone=&order_creater=
ERR: 1054:Unknown column 'product_id' in 'where clause'
 [ SQL语句 ] : SELECT COUNT(*) AS tp_count FROM `market_order` WHERE ( join_id and product_id=1 ) LIMIT 1  

[ 2017-06-09T14:35:39+08:00 ] ::1 /yjc/lby/Public/Admin/static/userlist/j/yjc/lby/Public/Admin/static/userlist/query_006.js
ERR: 无法加载控制器:Public

[ 2017-06-09T14:35:39+08:00 ] ::1 /yjc/lby/index.php/Market/WdatePicker.css
ERR: 非法操作:WdatePicker.css

[ 2017-06-09T14:35:40+08:00 ] ::1 /yjc/lby/Public/Admin/static/userlist/j/yjc/lby/Public/Admin/static/userlist/query_006.js
ERR: 无法加载控制器:Public

[ 2017-06-09T14:35:40+08:00 ] ::1 /yjc/lby/index.php/Market/WdatePicker.css
ERR: 非法操作:WdatePicker.css

[ 2017-06-09T14:35:40+08:00 ] ::1 /yjc/lby/Public/Admin/static/userlist/skin/WdatePicker.css
ERR: 无法加载控制器:Public

[ 2017-06-09T14:36:57+08:00 ] ::1 /yjc/lby/index.php/Admin/Index/index1.html
ERR: 非法操作:index1

[ 2017-06-09T14:39:24+08:00 ] ::1 /yjc/lby/index.php/Market/WdatePicker.css
ERR: 非法操作:WdatePicker.css

[ 2017-06-09T14:39:24+08:00 ] ::1 /yjc/lby/Public/Admin/static/userlist/j/yjc/lby/Public/Admin/static/userlist/query_006.js
ERR: 无法加载控制器:Public

[ 2017-06-09T14:39:24+08:00 ] ::1 /yjc/lby/Public/Admin/static/userlist/j/yjc/lby/Public/Admin/static/userlist/query_006.js
ERR: 无法加载控制器:Public

[ 2017-06-09T14:39:24+08:00 ] ::1 /yjc/lby/index.php/Market/WdatePicker.css
ERR: 非法操作:WdatePicker.css

[ 2017-06-09T14:39:24+08:00 ] ::1 /yjc/lby/Public/Admin/static/userlist/skin/WdatePicker.css
ERR: 无法加载控制器:Public

[ 2017-06-09T14:39:44+08:00 ] ::1 /yjc/lby/Public/Admin/static/userlist/j/yjc/lby/Public/Admin/static/userlist/query_006.js
ERR: 无法加载控制器:Public

[ 2017-06-09T14:39:44+08:00 ] ::1 /yjc/lby/index.php/Market/WdatePicker.css
ERR: 非法操作:WdatePicker.css

[ 2017-06-09T14:39:44+08:00 ] ::1 /yjc/lby/Public/Admin/static/userlist/j/yjc/lby/Public/Admin/static/userlist/query_006.js
ERR: 无法加载控制器:Public

[ 2017-06-09T14:39:44+08:00 ] ::1 /yjc/lby/index.php/Market/WdatePicker.css
ERR: 非法操作:WdatePicker.css

[ 2017-06-09T14:39:44+08:00 ] ::1 /yjc/lby/Public/Admin/static/userlist/skin/WdatePicker.css
ERR: 无法加载控制器:Public

[ 2017-06-09T14:45:36+08:00 ] ::1 /yjc/lby/index.php/Market/index.html?lastEnd=&brand_name=1&product_name=0&order_card_type=0&order_number=&order_phone=&order_creater=
ERR: 1052:Column 'brand_name' in where clause is ambiguous
 [ SQL语句 ] : SELECT COUNT(*) AS tp_count FROM `market_order` INNER JOIN hou_product on order_id = product_id INNER JOIN hou_brand on order_id = brand_id  WHERE ( join_id and brand_name=1 ) LIMIT 1  

[ 2017-06-09T14:47:24+08:00 ] ::1 /yjc/lby/index.php/Market/index.html?lastEnd=&brand_name=1&product_name=0&order_card_type=0&order_number=&order_phone=&order_creater=
ERR: 1052:Column 'brand_name' in where clause is ambiguous
 [ SQL语句 ] : SELECT COUNT(*) AS tp_count FROM `market_order` INNER JOIN hou_product on order_id = product_id INNER JOIN hou_brand on order_id = brand_id  WHERE ( join_id and brand_name=1 ) LIMIT 1  

[ 2017-06-09T14:53:29+08:00 ] ::1 /yjc/lby/index.php/Market/WdatePicker.css
ERR: 非法操作:WdatePicker.css

[ 2017-06-09T14:53:29+08:00 ] ::1 /yjc/lby/Public/Admin/static/userlist/j/yjc/lby/Public/Admin/static/userlist/query_006.js
ERR: 无法加载控制器:Public

[ 2017-06-09T14:53:29+08:00 ] ::1 /yjc/lby/Public/Admin/static/userlist/j/yjc/lby/Public/Admin/static/userlist/query_006.js
ERR: 无法加载控制器:Public

[ 2017-06-09T14:53:29+08:00 ] ::1 /yjc/lby/Public/Admin/static/userlist/skin/WdatePicker.css
ERR: 无法加载控制器:Public

[ 2017-06-09T14:53:29+08:00 ] ::1 /yjc/lby/index.php/Market/WdatePicker.css
ERR: 非法操作:WdatePicker.css

[ 2017-06-09T14:54:15+08:00 ] ::1 /yjc/lby/Public/Admin/static/userlist/j/yjc/lby/Public/Admin/static/userlist/query_006.js
ERR: 无法加载控制器:Public

[ 2017-06-09T14:54:15+08:00 ] ::1 /yjc/lby/index.php/Market/WdatePicker.css
ERR: 非法操作:WdatePicker.css

[ 2017-06-09T14:54:16+08:00 ] ::1 /yjc/lby/Public/Admin/static/userlist/j/yjc/lby/Public/Admin/static/userlist/query_006.js
ERR: 无法加载控制器:Public

[ 2017-06-09T14:54:16+08:00 ] ::1 /yjc/lby/index.php/Market/WdatePicker.css
ERR: 非法操作:WdatePicker.css

[ 2017-06-09T14:54:16+08:00 ] ::1 /yjc/lby/Public/Admin/static/userlist/skin/WdatePicker.css
ERR: 无法加载控制器:Public

[ 2017-06-09T14:54:37+08:00 ] ::1 /yjc/lby/Public/Admin/static/userlist/j/yjc/lby/Public/Admin/static/userlist/query_006.js
ERR: 无法加载控制器:Public

[ 2017-06-09T14:54:37+08:00 ] ::1 /yjc/lby/index.php/Market/WdatePicker.css
ERR: 非法操作:WdatePicker.css

[ 2017-06-09T14:54:37+08:00 ] ::1 /yjc/lby/Public/Admin/static/userlist/j/yjc/lby/Public/Admin/static/userlist/query_006.js
ERR: 无法加载控制器:Public

[ 2017-06-09T14:54:37+08:00 ] ::1 /yjc/lby/Public/Admin/static/userlist/skin/WdatePicker.css
ERR: 无法加载控制器:Public

[ 2017-06-09T14:54:37+08:00 ] ::1 /yjc/lby/index.php/Market/WdatePicker.css
ERR: 非法操作:WdatePicker.css

[ 2017-06-09T15:05:11+08:00 ] ::1 /yjc/lby/index.php/Admin/Index/index1.html
ERR: 非法操作:index1

[ 2017-06-09T15:05:46+08:00 ] ::1 /yjc/lby/index.php/Admin/Index/index1.html
ERR: 非法操作:index1

[ 2017-06-09T15:24:33+08:00 ] ::1 /yjc/lby/index.php/Admin/Index/index1.html
ERR: 非法操作:index1

[ 2017-06-09T15:27:22+08:00 ] ::1 /yjc/lby/Public/Admin/static/userlist/j/yjc/lby/Public/Admin/static/userlist/query_006.js
ERR: 无法加载控制器:Public

[ 2017-06-09T15:27:22+08:00 ] ::1 /yjc/lby/index.php/Market/WdatePicker.css
ERR: 非法操作:WdatePicker.css

[ 2017-06-09T15:27:22+08:00 ] ::1 /yjc/lby/Public/Admin/static/userlist/j/yjc/lby/Public/Admin/static/userlist/query_006.js
ERR: 无法加载控制器:Public

[ 2017-06-09T15:27:22+08:00 ] ::1 /yjc/lby/index.php/Market/WdatePicker.css
ERR: 非法操作:WdatePicker.css

[ 2017-06-09T15:27:22+08:00 ] ::1 /yjc/lby/Public/Admin/static/userlist/skin/WdatePicker.css
ERR: 无法加载控制器:Public

[ 2017-06-09T15:27:35+08:00 ] ::1 /yjc/lby/Public/Admin/static/userlist/j/yjc/lby/Public/Admin/static/userlist/query_006.js
ERR: 无法加载控制器:Public

[ 2017-06-09T15:27:35+08:00 ] ::1 /yjc/lby/index.php/Market/WdatePicker.css
ERR: 非法操作:WdatePicker.css

[ 2017-06-09T15:27:35+08:00 ] ::1 /yjc/lby/Public/Admin/static/userlist/j/yjc/lby/Public/Admin/static/userlist/query_006.js
ERR: 无法加载控制器:Public

[ 2017-06-09T15:27:35+08:00 ] ::1 /yjc/lby/Public/Admin/static/userlist/skin/WdatePicker.css
ERR: 无法加载控制器:Public

[ 2017-06-09T15:27:35+08:00 ] ::1 /yjc/lby/index.php/Market/WdatePicker.css
ERR: 非法操作:WdatePicker.css

[ 2017-06-09T15:38:41+08:00 ] ::1 /yjc/lby/index.php/Market/index.html
ERR: Think\Model:filed方法不存在！

[ 2017-06-09T15:44:29+08:00 ] ::1 /yjc/lby/index.php/Admin/Index/index1.html
ERR: 非法操作:index1

[ 2017-06-09T15:44:30+08:00 ] ::1 /yjc/lby/index.php/Admin/Index/index1.html
ERR: 非法操作:index1

[ 2017-06-09T15:50:21+08:00 ] ::1 /yjc/lby/index.php/Admin/Index/index1.html
ERR: 非法操作:index1

[ 2017-06-09T15:54:09+08:00 ] ::1 /yjc/lby/index.php/Admin/Index/index1.html
ERR: 非法操作:index1

[ 2017-06-09T15:55:52+08:00 ] ::1 /yjc/lby/index.php/Market/index.html?lastEnd=&brand_name=1&product_name=0&order_card_type=0&order_number=&order_phone=&order_creater=
ERR: 1054:Unknown column 'parent_id' in 'where clause'
 [ SQL语句 ] : SELECT COUNT(*) AS tp_count FROM `market_order` left join hou_product on order_id = product_id  WHERE ( join_id and parent_id=1 ) LIMIT 1  

[ 2017-06-09T15:56:33+08:00 ] ::1 /yjc/lby/index.php/Market/index.html?lastEnd=&brand_name=1&product_name=0&order_card_type=0&order_number=&order_phone=&order_creater=
ERR: 1054:Unknown column 'brand_id' in 'where clause'
 [ SQL语句 ] : SELECT COUNT(*) AS tp_count FROM `market_order` left join hou_product on order_id = product_id  WHERE ( join_id and brand_id=1 ) LIMIT 1  

[ 2017-06-09T15:56:37+08:00 ] ::1 /yjc/lby/index.php/Admin/Index/index1.html
ERR: 非法操作:index1

[ 2017-06-09T15:56:44+08:00 ] ::1 /yjc/lby/index.php/Market/index.html?lastEnd=&brand_name=1&product_name=0&order_card_type=0&order_number=&order_phone=&order_creater=
ERR: 1054:Unknown column 'brand_id' in 'where clause'
 [ SQL语句 ] : SELECT COUNT(*) AS tp_count FROM `market_order` left join hou_product on order_id = product_id  WHERE ( join_id and brand_id=1 ) LIMIT 1  

[ 2017-06-09T16:07:09+08:00 ] ::1 /yjc/lby/index.php/Admin/Index/index1.html
ERR: 非法操作:index1

[ 2017-06-09T16:18:44+08:00 ] ::1 /yjc/lby/Public/Admin/static/userlist/j/yjc/lby/Public/Admin/static/userlist/query_006.js
ERR: 无法加载控制器:Public

[ 2017-06-09T16:18:44+08:00 ] ::1 /yjc/lby/index.php/Product/WdatePicker.css
ERR: 非法操作:WdatePicker.css

[ 2017-06-09T16:18:44+08:00 ] ::1 /yjc/lby/Public/Admin/static/userlist/j/yjc/lby/Public/Admin/static/userlist/query_006.js
ERR: 无法加载控制器:Public

[ 2017-06-09T16:18:44+08:00 ] ::1 /yjc/lby/Public/Admin/static/userlist/skin/WdatePicker.css
ERR: 无法加载控制器:Public

[ 2017-06-09T16:18:44+08:00 ] ::1 /yjc/lby/index.php/Product/WdatePicker.css
ERR: 非法操作:WdatePicker.css

[ 2017-06-09T16:19:43+08:00 ] ::1 /yjc/lby/Public/Admin/static/userlist/j/yjc/lby/Public/Admin/static/userlist/query_006.js
ERR: 无法加载控制器:Public

[ 2017-06-09T16:19:43+08:00 ] ::1 /yjc/lby/index.php/Product/WdatePicker.css
ERR: 非法操作:WdatePicker.css

[ 2017-06-09T16:19:43+08:00 ] ::1 /yjc/lby/Public/Admin/static/userlist/j/yjc/lby/Public/Admin/static/userlist/query_006.js
ERR: 无法加载控制器:Public

[ 2017-06-09T16:19:43+08:00 ] ::1 /yjc/lby/index.php/Product/WdatePicker.css
ERR: 非法操作:WdatePicker.css

[ 2017-06-09T16:19:43+08:00 ] ::1 /yjc/lby/Public/Admin/static/userlist/skin/WdatePicker.css
ERR: 无法加载控制器:Public

[ 2017-06-09T16:21:59+08:00 ] ::1 /yjc/lby/index.php/Admin/Index/index1.html
ERR: 非法操作:index1

[ 2017-06-09T16:22:06+08:00 ] ::1 /yjc/lby/index.php/Admin/Index/index1.html
ERR: 非法操作:index1

[ 2017-06-09T16:32:13+08:00 ] ::1 /yjc/lby/index.php/Admin/Index/index1.html
ERR: 非法操作:index1

[ 2017-06-09T16:36:20+08:00 ] ::1 /yjc/lby/index.php/Admin/Index/index1.html
ERR: 非法操作:index1

[ 2017-06-09T16:36:26+08:00 ] ::1 /yjc/lby/index.php/Admin/Index/index1.html
ERR: 非法操作:index1

[ 2017-06-09T16:39:10+08:00 ] ::1 /yjc/lby/index.php/Admin/Index/index1.html
ERR: 非法操作:index1

[ 2017-06-09T16:39:53+08:00 ] ::1 /yjc/lby/index.php/Admin/Index/index1.html
ERR: 非法操作:index1

[ 2017-06-09T16:39:57+08:00 ] ::1 /yjc/lby/index.php/Admin/Index/index1.html
ERR: 非法操作:index1

[ 2017-06-09T16:48:37+08:00 ] ::1 /yjc/lby/index.php/Admin/Index/index1.html
ERR: 非法操作:index1

[ 2017-06-09T16:48:40+08:00 ] ::1 /yjc/lby/index.php/Admin/Index/index1.html
ERR: 非法操作:index1

[ 2017-06-09T16:48:43+08:00 ] ::1 /yjc/lby/index.php/Admin/Index/index1.html
ERR: 非法操作:index1

[ 2017-06-09T17:42:30+08:00 ] ::1 /yjc/lby/index.php/Good/index.html
ERR: 1064:You have an error in your SQL syntax; check the manual that corresponds to your MySQL server version for the right syntax to use near 'left hou_product on order_id = product_id  LIMIT 1' at line 1
 [ SQL语句 ] : SELECT COUNT(*) AS tp_count FROM `market_order` INNER JOIN left hou_product on order_id = product_id  LIMIT 1  

[ 2017-06-09T17:55:20+08:00 ] ::1 /yjc/lby/Public/Admin/static/userlist/j/yjc/lby/Public/Admin/static/userlist/query_006.js
ERR: 无法加载控制器:Public

[ 2017-06-09T17:55:20+08:00 ] ::1 /yjc/lby/index.php/Market/WdatePicker.css
ERR: 非法操作:WdatePicker.css

[ 2017-06-09T17:55:20+08:00 ] ::1 /yjc/lby/Public/Admin/static/userlist/j/yjc/lby/Public/Admin/static/userlist/query_006.js
ERR: 无法加载控制器:Public

[ 2017-06-09T17:55:20+08:00 ] ::1 /yjc/lby/Public/Admin/static/userlist/skin/WdatePicker.css
ERR: 无法加载控制器:Public

[ 2017-06-09T17:55:20+08:00 ] ::1 /yjc/lby/index.php/Market/WdatePicker.css
ERR: 非法操作:WdatePicker.css

[ 2017-06-09T18:13:23+08:00 ] ::1 /yjc/lby/Public/Admin/static/userlist/j/yjc/lby/Public/Admin/static/userlist/query_006.js
ERR: 无法加载控制器:Public

[ 2017-06-09T18:13:23+08:00 ] ::1 /yjc/lby/index.php/Market/WdatePicker.css
ERR: 非法操作:WdatePicker.css

[ 2017-06-09T18:13:23+08:00 ] ::1 /yjc/lby/Public/Admin/static/userlist/j/yjc/lby/Public/Admin/static/userlist/query_006.js
ERR: 无法加载控制器:Public

[ 2017-06-09T18:13:23+08:00 ] ::1 /yjc/lby/index.php/Market/WdatePicker.css
ERR: 非法操作:WdatePicker.css

[ 2017-06-09T18:13:23+08:00 ] ::1 /yjc/lby/Public/Admin/static/userlist/skin/WdatePicker.css
ERR: 无法加载控制器:Public

[ 2017-06-09T18:38:53+08:00 ] ::1 /yjc/lby/Public/Admin/static/userlist/j/yjc/lby/Public/Admin/static/userlist/query_006.js
ERR: 无法加载控制器:Public

[ 2017-06-09T18:38:53+08:00 ] ::1 /yjc/lby/index.php/Market/WdatePicker.css
ERR: 非法操作:WdatePicker.css

[ 2017-06-09T18:38:54+08:00 ] ::1 /yjc/lby/Public/Admin/static/userlist/j/yjc/lby/Public/Admin/static/userlist/query_006.js
ERR: 无法加载控制器:Public

[ 2017-06-09T18:38:54+08:00 ] ::1 /yjc/lby/index.php/Market/WdatePicker.css
ERR: 非法操作:WdatePicker.css

[ 2017-06-09T18:38:54+08:00 ] ::1 /yjc/lby/Public/Admin/static/userlist/skin/WdatePicker.css
ERR: 无法加载控制器:Public

[ 2017-06-09T18:39:00+08:00 ] ::1 /yjc/lby/index.php/Admin/Index/index1.html
ERR: 非法操作:index1

[ 2017-06-09T19:14:26+08:00 ] ::1 /yjc/lby/index.php/Admin/Index/index1.html
ERR: 非法操作:index1

[ 2017-06-09T19:14:34+08:00 ] ::1 /yjc/lby/market/
ERR: 非法操作:main

[ 2017-06-09T19:14:44+08:00 ] ::1 /yjc/lby/market/
ERR: 非法操作:main

[ 2017-06-09T19:14:44+08:00 ] ::1 /yjc/lby/market/
ERR: 非法操作:main

[ 2017-06-09T19:15:14+08:00 ] ::1 /yjc/lby/market/
ERR: 非法操作:main

[ 2017-06-09T19:15:16+08:00 ] ::1 /yjc/lby/market/
ERR: 非法操作:main

[ 2017-06-09T19:15:22+08:00 ] ::1 /yjc/lby/Public/Admin/static/userlist/j/yjc/lby/Public/Admin/static/userlist/query_006.js
ERR: 无法加载控制器:Public

[ 2017-06-09T19:15:22+08:00 ] ::1 /yjc/lby/market/WdatePicker.css
ERR: 非法操作:WdatePicker.css

[ 2017-06-09T19:15:22+08:00 ] ::1 /yjc/lby/Public/Admin/static/userlist/j/yjc/lby/Public/Admin/static/userlist/query_006.js
ERR: 无法加载控制器:Public

[ 2017-06-09T19:15:22+08:00 ] ::1 /yjc/lby/Public/Admin/static/userlist/skin/WdatePicker.css
ERR: 无法加载控制器:Public

[ 2017-06-09T19:15:22+08:00 ] ::1 /yjc/lby/market/WdatePicker.css
ERR: 非法操作:WdatePicker.css

[ 2017-06-09T19:15:23+08:00 ] ::1 /yjc/lby/Public/Admin/static/userlist/j/yjc/lby/Public/Admin/static/userlist/query_006.js
ERR: 无法加载控制器:Public

[ 2017-06-09T19:15:23+08:00 ] ::1 /yjc/lby/market/WdatePicker.css
ERR: 非法操作:WdatePicker.css

[ 2017-06-09T19:15:24+08:00 ] ::1 /yjc/lby/Public/Admin/static/userlist/j/yjc/lby/Public/Admin/static/userlist/query_006.js
ERR: 无法加载控制器:Public

[ 2017-06-09T19:15:24+08:00 ] ::1 /yjc/lby/Public/Admin/static/userlist/skin/WdatePicker.css
ERR: 无法加载控制器:Public

[ 2017-06-09T19:15:24+08:00 ] ::1 /yjc/lby/market/WdatePicker.css
ERR: 非法操作:WdatePicker.css

[ 2017-06-09T19:15:25+08:00 ] ::1 /yjc/lby/market/WdatePicker.css
ERR: 非法操作:WdatePicker.css

[ 2017-06-09T19:15:25+08:00 ] ::1 /yjc/lby/Public/Admin/static/userlist/j/yjc/lby/Public/Admin/static/userlist/query_006.js
ERR: 无法加载控制器:Public

[ 2017-06-09T19:15:25+08:00 ] ::1 /yjc/lby/Public/Admin/static/userlist/j/yjc/lby/Public/Admin/static/userlist/query_006.js
ERR: 无法加载控制器:Public

[ 2017-06-09T19:15:25+08:00 ] ::1 /yjc/lby/Public/Admin/static/userlist/skin/WdatePicker.css
ERR: 无法加载控制器:Public

[ 2017-06-09T19:15:25+08:00 ] ::1 /yjc/lby/market/WdatePicker.css
ERR: 非法操作:WdatePicker.css

[ 2017-06-09T19:15:34+08:00 ] ::1 /yjc/lby/index.php/Admin/Index/index1.html
ERR: 非法操作:index1

[ 2017-06-09T19:15:48+08:00 ] ::1 /yjc/lby/index.php/Admin/Index/index1.html
ERR: 非法操作:index1

