[ 2017-06-01T09:01:50+08:00 ] ::1 /yjc/lby/index.php/Admin/Index/index1.html
ERR: 非法操作:index1

[ 2017-06-01T09:03:50+08:00 ] ::1 /yjc/lby/index.php/Admin/Index/index1.html
ERR: 非法操作:index1

[ 2017-06-01T09:15:47+08:00 ] ::1 /yjc/lby/index.php/Admin/Index/index1.html
ERR: 非法操作:index1

[ 2017-06-01T10:38:16+08:00 ] ::1 /yjc/lby/index.php/Educe/expUser.html
ERR: 非法操作:expUser

[ 2017-06-01T10:51:42+08:00 ] ::1 /yjc/lby/index.php/Admin/Index/index1.html
ERR: 非法操作:index1

[ 2017-06-01T10:51:44+08:00 ] ::1 /yjc/lby/index.php/Admin/Index/index1.html
ERR: 非法操作:index1

[ 2017-06-01T11:19:32+08:00 ] ::1 /yjc/lby/index.php/Educe/export_complain.html
ERR: 参数错误或者未定义:complain_info

[ 2017-06-01T11:20:13+08:00 ] ::1 /yjc/lby/index.php/Educe/export_complain.html
ERR: 参数错误或者未定义:is_download_mv

[ 2017-06-01T11:57:03+08:00 ] ::1 /yjc/lby/index.php/Educe/expUser.html
ERR: 1054:Unknown column 'id' in 'field list'
 [ SQL语句 ] : SELECT `id`,`truename`,`brand_state`,`res_id`,`sp_id`,`class`,`year`,`city`,`company`,`zhicheng`,`zhiwu`,`jibie`,`tel`,`qq`,`email`,`honor`,`remark` FROM `hou_brand` 

[ 2017-06-01T11:58:47+08:00 ] ::1 /yjc/lby/index.php/Educe/expUser.html
ERR: 1054:Unknown column '' in 'field list'
 [ SQL语句 ] : SELECT `brand_id`,`brand_name`,`brand_name`,`model_name`,`model_name`,`` FROM `hou_brand` 

[ 2017-06-01T12:00:20+08:00 ] ::1 /yjc/lby/index.php/Educe/expUser.html
ERR: 1054:Unknown column '' in 'field list'
 [ SQL语句 ] : SELECT `brand_id`,`brand_name`,`brand_state`,`model_name`,`model_price`,`` FROM `hou_brand` 

[ 2017-06-01T12:02:55+08:00 ] ::1 /yjc/lby/index.php/Educe/expUser.html
ERR: 1054:Unknown column '' in 'field list'
 [ SQL语句 ] : SELECT `brand_id`,`brand_name`,`brand_state`,`model_name`,`model_price`,`` FROM `hou_brand` 

[ 2017-06-01T12:09:58+08:00 ] ::1 /yjc/lby/index.php/Admin/Index/index1.html
ERR: 非法操作:index1

[ 2017-06-01T13:10:45+08:00 ] ::1 /yjc/lby/index.php/Background/WdatePicker.css
ERR: 非法操作:WdatePicker.css

[ 2017-06-01T13:10:45+08:00 ] ::1 /yjc/lby/Public/Admin/static/userlist/j/yjc/lby/Public/Admin/static/userlist/query_006.js
ERR: 无法加载控制器:Public

[ 2017-06-01T13:10:46+08:00 ] ::1 /yjc/lby/Public/Admin/static/userlist/j/yjc/lby/Public/Admin/static/userlist/query_006.js
ERR: 无法加载控制器:Public

[ 2017-06-01T13:10:46+08:00 ] ::1 /yjc/lby/Public/Admin/static/userlist/skin/WdatePicker.css
ERR: 无法加载控制器:Public

[ 2017-06-01T13:10:46+08:00 ] ::1 /yjc/lby/index.php/Background/WdatePicker.css
ERR: 非法操作:WdatePicker.css

[ 2017-06-01T13:10:53+08:00 ] ::1 /yjc/lby/question/list.do
ERR: 无法加载控制器:Question

[ 2017-06-01T13:10:54+08:00 ] ::1 /yjc/lby/probleminformation/list.do
ERR: 无法加载控制器:Probleminformation

[ 2017-06-01T13:10:55+08:00 ] ::1 /yjc/lby/question/list.do
ERR: 无法加载控制器:Question

[ 2017-06-01T13:16:12+08:00 ] ::1 /yjc/lby/index.php/Admin/Index/index1.html
ERR: 非法操作:index1

[ 2017-06-01T13:16:48+08:00 ] ::1 /yjc/lby/index.php/Admin/Index/index1.html
ERR: 非法操作:index1

[ 2017-06-01T14:13:52+08:00 ] ::1 /yjc/lby/index.php/Admin/Index/index1.html
ERR: 非法操作:index1

[ 2017-06-01T15:44:44+08:00 ] ::1 /yjc/lby/index.php/Admin/Index/index1.html
ERR: 非法操作:index1

[ 2017-06-01T15:53:47+08:00 ] ::1 /yjc/lby/index.php/Admin/Index/index1.html
ERR: 非法操作:index1

[ 2017-06-01T15:56:28+08:00 ] ::1 /yjc/lby/index.php/Admin/Index/index1.html
ERR: 非法操作:index1

[ 2017-06-01T15:58:07+08:00 ] ::1 /yjc/lby/index.php/Admin/Index/index1.html
ERR: 非法操作:index1

[ 2017-06-01T16:10:48+08:00 ] ::1 /yjc/lby/index.php/Admin/Index/index1.html
ERR: 非法操作:index1

[ 2017-06-01T16:14:28+08:00 ] ::1 /yjc/lby/index.php/Background/WdatePicker.css
ERR: 非法操作:WdatePicker.css

[ 2017-06-01T16:14:28+08:00 ] ::1 /yjc/lby/Public/Admin/static/userlist/j/yjc/lby/Public/Admin/static/userlist/query_006.js
ERR: 无法加载控制器:Public

[ 2017-06-01T16:14:28+08:00 ] ::1 /yjc/lby/Public/Admin/static/userlist/j/yjc/lby/Public/Admin/static/userlist/query_006.js
ERR: 无法加载控制器:Public

[ 2017-06-01T16:14:28+08:00 ] ::1 /yjc/lby/Public/Admin/static/userlist/skin/WdatePicker.css
ERR: 无法加载控制器:Public

[ 2017-06-01T16:14:28+08:00 ] ::1 /yjc/lby/index.php/Background/WdatePicker.css
ERR: 非法操作:WdatePicker.css

[ 2017-06-01T16:16:49+08:00 ] ::1 /yjc/lby/Public/Admin/static/userlist/j/yjc/lby/Public/Admin/static/userlist/query_006.js
ERR: 无法加载控制器:Public

[ 2017-06-01T16:16:49+08:00 ] ::1 /yjc/lby/index.php/Background/WdatePicker.css
ERR: 非法操作:WdatePicker.css

[ 2017-06-01T16:16:49+08:00 ] ::1 /yjc/lby/Public/Admin/static/userlist/j/yjc/lby/Public/Admin/static/userlist/query_006.js
ERR: 无法加载控制器:Public

[ 2017-06-01T16:16:49+08:00 ] ::1 /yjc/lby/index.php/Background/WdatePicker.css
ERR: 非法操作:WdatePicker.css

[ 2017-06-01T16:16:49+08:00 ] ::1 /yjc/lby/Public/Admin/static/userlist/skin/WdatePicker.css
ERR: 无法加载控制器:Public

[ 2017-06-01T16:34:58+08:00 ] ::1 /yjc/lby/index.php/Admin/Index/index1.html
ERR: 非法操作:index1

[ 2017-06-01T16:54:20+08:00 ] ::1 /yjc/lby/index.php/Admin/Index/index1.html
ERR: 非法操作:index1

[ 2017-06-01T17:04:58+08:00 ] ::1 /yjc/lby/probleminformation/list.do
ERR: 无法加载控制器:Probleminformation

[ 2017-06-01T17:04:58+08:00 ] ::1 /yjc/lby/question/list.do
ERR: 无法加载控制器:Question

[ 2017-06-01T17:17:49+08:00 ] ::1 /yjc/lby/probleminformation/list.do
ERR: 无法加载控制器:Probleminformation

[ 2017-06-01T17:17:51+08:00 ] ::1 /yjc/lby/question/list.do
ERR: 无法加载控制器:Question

[ 2017-06-01T18:45:47+08:00 ] ::1 /yjc/lby/index.php/Admin/Index/index1.html
ERR: 非法操作:index1

[ 2017-06-01T18:46:45+08:00 ] ::1 /yjc/lby/probleminformation/list.do
ERR: 无法加载控制器:Probleminformation

