[ 2017-06-02T09:44:59+08:00 ] ::1 /yjc/lby/index.php/Admin/Index/index1.html
ERR: 非法操作:index1

[ 2017-06-02T11:24:46+08:00 ] ::1 /yjc/lby/question/list.do
ERR: 无法加载控制器:Question

[ 2017-06-02T11:24:47+08:00 ] ::1 /yjc/lby/question/list.do
ERR: 无法加载控制器:Question

[ 2017-06-02T11:24:48+08:00 ] ::1 /yjc/lby/probleminformation/list.do
ERR: 无法加载控制器:Probleminformation

[ 2017-06-02T11:24:51+08:00 ] ::1 /yjc/lby/index.php/Admin/Index/index1.html
ERR: 非法操作:index1

[ 2017-06-02T11:27:46+08:00 ] ::1 /yjc/lby/Public/Admin/static/userlist/j/yjc/lby/Public/Admin/static/userlist/query_006.js
ERR: 无法加载控制器:Public

[ 2017-06-02T11:27:46+08:00 ] ::1 /yjc/lby/index.php/Product/WdatePicker.css
ERR: 非法操作:WdatePicker.css

[ 2017-06-02T11:27:46+08:00 ] ::1 /yjc/lby/Public/Admin/static/userlist/j/yjc/lby/Public/Admin/static/userlist/query_006.js
ERR: 无法加载控制器:Public

[ 2017-06-02T11:27:46+08:00 ] ::1 /yjc/lby/Public/Admin/static/userlist/skin/WdatePicker.css
ERR: 无法加载控制器:Public

[ 2017-06-02T11:27:46+08:00 ] ::1 /yjc/lby/index.php/Product/WdatePicker.css
ERR: 非法操作:WdatePicker.css

[ 2017-06-02T11:37:04+08:00 ] ::1 /yjc/lby/Public/Admin/static/userlist/j/yjc/lby/Public/Admin/static/userlist/query_006.js
ERR: 无法加载控制器:Public

[ 2017-06-02T11:37:04+08:00 ] ::1 /yjc/lby/index.php/Product/WdatePicker.css
ERR: 非法操作:WdatePicker.css

[ 2017-06-02T11:37:04+08:00 ] ::1 /yjc/lby/Public/Admin/static/userlist/j/yjc/lby/Public/Admin/static/userlist/query_006.js
ERR: 无法加载控制器:Public

[ 2017-06-02T11:37:04+08:00 ] ::1 /yjc/lby/index.php/Product/WdatePicker.css
ERR: 非法操作:WdatePicker.css

[ 2017-06-02T11:37:04+08:00 ] ::1 /yjc/lby/Public/Admin/static/userlist/skin/WdatePicker.css
ERR: 无法加载控制器:Public

[ 2017-06-02T13:12:07+08:00 ] ::1 /yjc/lby/index.php/Admin/Index/index1.html
ERR: 非法操作:index1

[ 2017-06-02T13:12:12+08:00 ] ::1 /yjc/lby/index.php/Product/WdatePicker.css
ERR: 非法操作:WdatePicker.css

[ 2017-06-02T13:12:12+08:00 ] ::1 /yjc/lby/Public/Admin/static/userlist/j/yjc/lby/Public/Admin/static/userlist/query_006.js
ERR: 无法加载控制器:Public

[ 2017-06-02T13:12:12+08:00 ] ::1 /yjc/lby/Public/Admin/static/userlist/j/yjc/lby/Public/Admin/static/userlist/query_006.js
ERR: 无法加载控制器:Public

[ 2017-06-02T13:12:12+08:00 ] ::1 /yjc/lby/index.php/Product/WdatePicker.css
ERR: 非法操作:WdatePicker.css

[ 2017-06-02T13:12:12+08:00 ] ::1 /yjc/lby/Public/Admin/static/userlist/skin/WdatePicker.css
ERR: 无法加载控制器:Public

[ 2017-06-02T13:18:19+08:00 ] ::1 /yjc/lby/Public/Admin/static/userlist/j/yjc/lby/Public/Admin/static/userlist/query_006.js
ERR: 无法加载控制器:Public

[ 2017-06-02T13:18:19+08:00 ] ::1 /yjc/lby/index.php/Product/WdatePicker.css
ERR: 非法操作:WdatePicker.css

[ 2017-06-02T13:18:19+08:00 ] ::1 /yjc/lby/Public/Admin/static/userlist/j/yjc/lby/Public/Admin/static/userlist/query_006.js
ERR: 无法加载控制器:Public

[ 2017-06-02T13:18:19+08:00 ] ::1 /yjc/lby/index.php/Product/WdatePicker.css
ERR: 非法操作:WdatePicker.css

[ 2017-06-02T13:18:19+08:00 ] ::1 /yjc/lby/Public/Admin/static/userlist/skin/WdatePicker.css
ERR: 无法加载控制器:Public

[ 2017-06-02T13:19:13+08:00 ] ::1 /yjc/lby/Public/Admin/static/userlist/j/yjc/lby/Public/Admin/static/userlist/query_006.js
ERR: 无法加载控制器:Public

[ 2017-06-02T13:19:13+08:00 ] ::1 /yjc/lby/index.php/Product/WdatePicker.css
ERR: 非法操作:WdatePicker.css

[ 2017-06-02T13:19:13+08:00 ] ::1 /yjc/lby/Public/Admin/static/userlist/j/yjc/lby/Public/Admin/static/userlist/query_006.js
ERR: 无法加载控制器:Public

[ 2017-06-02T13:19:13+08:00 ] ::1 /yjc/lby/index.php/Product/WdatePicker.css
ERR: 非法操作:WdatePicker.css

[ 2017-06-02T13:19:13+08:00 ] ::1 /yjc/lby/Public/Admin/static/userlist/skin/WdatePicker.css
ERR: 无法加载控制器:Public

[ 2017-06-02T13:19:53+08:00 ] ::1 /yjc/lby/Public/Admin/static/userlist/j/yjc/lby/Public/Admin/static/userlist/query_006.js
ERR: 无法加载控制器:Public

[ 2017-06-02T13:19:53+08:00 ] ::1 /yjc/lby/index.php/Product/WdatePicker.css
ERR: 非法操作:WdatePicker.css

[ 2017-06-02T13:19:54+08:00 ] ::1 /yjc/lby/Public/Admin/static/userlist/j/yjc/lby/Public/Admin/static/userlist/query_006.js
ERR: 无法加载控制器:Public

[ 2017-06-02T13:19:54+08:00 ] ::1 /yjc/lby/index.php/Product/WdatePicker.css
ERR: 非法操作:WdatePicker.css

[ 2017-06-02T13:19:54+08:00 ] ::1 /yjc/lby/Public/Admin/static/userlist/skin/WdatePicker.css
ERR: 无法加载控制器:Public

[ 2017-06-02T13:20:16+08:00 ] ::1 /yjc/lby/index.php/Product/WdatePicker.css
ERR: 非法操作:WdatePicker.css

[ 2017-06-02T13:20:16+08:00 ] ::1 /yjc/lby/Public/Admin/static/userlist/j/yjc/lby/Public/Admin/static/userlist/query_006.js
ERR: 无法加载控制器:Public

[ 2017-06-02T13:20:16+08:00 ] ::1 /yjc/lby/Public/Admin/static/userlist/j/yjc/lby/Public/Admin/static/userlist/query_006.js
ERR: 无法加载控制器:Public

[ 2017-06-02T13:20:16+08:00 ] ::1 /yjc/lby/index.php/Product/WdatePicker.css
ERR: 非法操作:WdatePicker.css

[ 2017-06-02T13:20:16+08:00 ] ::1 /yjc/lby/Public/Admin/static/userlist/skin/WdatePicker.css
ERR: 无法加载控制器:Public

[ 2017-06-02T13:31:10+08:00 ] ::1 /yjc/lby/Public/Admin/static/userlist/j/yjc/lby/Public/Admin/static/userlist/query_006.js
ERR: 无法加载控制器:Public

[ 2017-06-02T13:31:10+08:00 ] ::1 /yjc/lby/index.php/Product/WdatePicker.css
ERR: 非法操作:WdatePicker.css

[ 2017-06-02T13:31:10+08:00 ] ::1 /yjc/lby/Public/Admin/static/userlist/j/yjc/lby/Public/Admin/static/userlist/query_006.js
ERR: 无法加载控制器:Public

[ 2017-06-02T13:31:11+08:00 ] ::1 /yjc/lby/Public/Admin/static/userlist/skin/WdatePicker.css
ERR: 无法加载控制器:Public

[ 2017-06-02T13:31:11+08:00 ] ::1 /yjc/lby/index.php/Product/WdatePicker.css
ERR: 非法操作:WdatePicker.css

[ 2017-06-02T13:31:17+08:00 ] ::1 /yjc/lby/Public/Admin/static/userlist/j/yjc/lby/Public/Admin/static/userlist/query_006.js
ERR: 无法加载控制器:Public

[ 2017-06-02T13:31:17+08:00 ] ::1 /yjc/lby/index.php/Product/WdatePicker.css
ERR: 非法操作:WdatePicker.css

[ 2017-06-02T13:31:17+08:00 ] ::1 /yjc/lby/Public/Admin/static/userlist/j/yjc/lby/Public/Admin/static/userlist/query_006.js
ERR: 无法加载控制器:Public

[ 2017-06-02T13:31:17+08:00 ] ::1 /yjc/lby/Public/Admin/static/userlist/skin/WdatePicker.css
ERR: 无法加载控制器:Public

[ 2017-06-02T13:31:17+08:00 ] ::1 /yjc/lby/index.php/Product/WdatePicker.css
ERR: 非法操作:WdatePicker.css

[ 2017-06-02T13:31:19+08:00 ] ::1 /yjc/lby/Public/Admin/static/userlist/j/yjc/lby/Public/Admin/static/userlist/query_006.js
ERR: 无法加载控制器:Public

[ 2017-06-02T13:31:19+08:00 ] ::1 /yjc/lby/index.php/Product/WdatePicker.css
ERR: 非法操作:WdatePicker.css

[ 2017-06-02T13:31:19+08:00 ] ::1 /yjc/lby/Public/Admin/static/userlist/j/yjc/lby/Public/Admin/static/userlist/query_006.js
ERR: 无法加载控制器:Public

[ 2017-06-02T13:31:19+08:00 ] ::1 /yjc/lby/index.php/Product/WdatePicker.css
ERR: 非法操作:WdatePicker.css

[ 2017-06-02T13:31:19+08:00 ] ::1 /yjc/lby/Public/Admin/static/userlist/skin/WdatePicker.css
ERR: 无法加载控制器:Public

[ 2017-06-02T13:53:27+08:00 ] ::1 /yjc/lby/index.php/Product/WdatePicker.css
ERR: 非法操作:WdatePicker.css

[ 2017-06-02T13:53:27+08:00 ] ::1 /yjc/lby/Public/Admin/static/userlist/j/yjc/lby/Public/Admin/static/userlist/query_006.js
ERR: 无法加载控制器:Public

[ 2017-06-02T13:53:28+08:00 ] ::1 /yjc/lby/Public/Admin/static/userlist/j/yjc/lby/Public/Admin/static/userlist/query_006.js
ERR: 无法加载控制器:Public

[ 2017-06-02T13:53:28+08:00 ] ::1 /yjc/lby/Public/Admin/static/userlist/skin/WdatePicker.css
ERR: 无法加载控制器:Public

[ 2017-06-02T13:53:28+08:00 ] ::1 /yjc/lby/index.php/Product/WdatePicker.css
ERR: 非法操作:WdatePicker.css

[ 2017-06-02T13:53:31+08:00 ] ::1 /yjc/lby/index.php/Product/WdatePicker.css
ERR: 非法操作:WdatePicker.css

[ 2017-06-02T13:53:31+08:00 ] ::1 /yjc/lby/Public/Admin/static/userlist/j/yjc/lby/Public/Admin/static/userlist/query_006.js
ERR: 无法加载控制器:Public

[ 2017-06-02T13:53:31+08:00 ] ::1 /yjc/lby/Public/Admin/static/userlist/j/yjc/lby/Public/Admin/static/userlist/query_006.js
ERR: 无法加载控制器:Public

[ 2017-06-02T13:53:31+08:00 ] ::1 /yjc/lby/index.php/Product/WdatePicker.css
ERR: 非法操作:WdatePicker.css

[ 2017-06-02T13:53:31+08:00 ] ::1 /yjc/lby/Public/Admin/static/userlist/skin/WdatePicker.css
ERR: 无法加载控制器:Public

[ 2017-06-02T13:54:02+08:00 ] ::1 /yjc/lby/index.php/Product/WdatePicker.css
ERR: 非法操作:WdatePicker.css

[ 2017-06-02T13:54:02+08:00 ] ::1 /yjc/lby/Public/Admin/static/userlist/j/yjc/lby/Public/Admin/static/userlist/query_006.js
ERR: 无法加载控制器:Public

[ 2017-06-02T13:54:02+08:00 ] ::1 /yjc/lby/Public/Admin/static/userlist/j/yjc/lby/Public/Admin/static/userlist/query_006.js
ERR: 无法加载控制器:Public

[ 2017-06-02T13:54:02+08:00 ] ::1 /yjc/lby/Public/Admin/static/userlist/skin/WdatePicker.css
ERR: 无法加载控制器:Public

[ 2017-06-02T13:54:02+08:00 ] ::1 /yjc/lby/index.php/Product/WdatePicker.css
ERR: 非法操作:WdatePicker.css

[ 2017-06-02T13:54:04+08:00 ] ::1 /yjc/lby/index.php/Product/WdatePicker.css
ERR: 非法操作:WdatePicker.css

[ 2017-06-02T13:54:04+08:00 ] ::1 /yjc/lby/Public/Admin/static/userlist/j/yjc/lby/Public/Admin/static/userlist/query_006.js
ERR: 无法加载控制器:Public

[ 2017-06-02T13:54:05+08:00 ] ::1 /yjc/lby/Public/Admin/static/userlist/j/yjc/lby/Public/Admin/static/userlist/query_006.js
ERR: 无法加载控制器:Public

[ 2017-06-02T13:54:05+08:00 ] ::1 /yjc/lby/index.php/Product/WdatePicker.css
ERR: 非法操作:WdatePicker.css

[ 2017-06-02T13:54:05+08:00 ] ::1 /yjc/lby/Public/Admin/static/userlist/skin/WdatePicker.css
ERR: 无法加载控制器:Public

[ 2017-06-02T13:55:25+08:00 ] ::1 /yjc/lby/index.php/Product/WdatePicker.css
ERR: 非法操作:WdatePicker.css

[ 2017-06-02T13:55:25+08:00 ] ::1 /yjc/lby/Public/Admin/static/userlist/j/yjc/lby/Public/Admin/static/userlist/query_006.js
ERR: 无法加载控制器:Public

[ 2017-06-02T13:55:26+08:00 ] ::1 /yjc/lby/Public/Admin/static/userlist/j/yjc/lby/Public/Admin/static/userlist/query_006.js
ERR: 无法加载控制器:Public

[ 2017-06-02T13:55:26+08:00 ] ::1 /yjc/lby/index.php/Product/WdatePicker.css
ERR: 非法操作:WdatePicker.css

[ 2017-06-02T13:55:26+08:00 ] ::1 /yjc/lby/Public/Admin/static/userlist/skin/WdatePicker.css
ERR: 无法加载控制器:Public

[ 2017-06-02T13:55:48+08:00 ] ::1 /yjc/lby/Public/Admin/static/userlist/j/yjc/lby/Public/Admin/static/userlist/query_006.js
ERR: 无法加载控制器:Public

[ 2017-06-02T13:55:48+08:00 ] ::1 /yjc/lby/index.php/Product/WdatePicker.css
ERR: 非法操作:WdatePicker.css

[ 2017-06-02T13:55:48+08:00 ] ::1 /yjc/lby/Public/Admin/static/userlist/j/yjc/lby/Public/Admin/static/userlist/query_006.js
ERR: 无法加载控制器:Public

[ 2017-06-02T13:55:48+08:00 ] ::1 /yjc/lby/Public/Admin/static/userlist/skin/WdatePicker.css
ERR: 无法加载控制器:Public

[ 2017-06-02T13:55:48+08:00 ] ::1 /yjc/lby/index.php/Product/WdatePicker.css
ERR: 非法操作:WdatePicker.css

[ 2017-06-02T13:58:36+08:00 ] ::1 /yjc/lby/index.php/Product/WdatePicker.css
ERR: 非法操作:WdatePicker.css

[ 2017-06-02T13:58:36+08:00 ] ::1 /yjc/lby/Public/Admin/static/userlist/j/yjc/lby/Public/Admin/static/userlist/query_006.js
ERR: 无法加载控制器:Public

[ 2017-06-02T13:58:37+08:00 ] ::1 /yjc/lby/Public/Admin/static/userlist/j/yjc/lby/Public/Admin/static/userlist/query_006.js
ERR: 无法加载控制器:Public

[ 2017-06-02T13:58:37+08:00 ] ::1 /yjc/lby/index.php/Product/WdatePicker.css
ERR: 非法操作:WdatePicker.css

[ 2017-06-02T13:58:37+08:00 ] ::1 /yjc/lby/Public/Admin/static/userlist/skin/WdatePicker.css
ERR: 无法加载控制器:Public

[ 2017-06-02T14:02:48+08:00 ] ::1 /yjc/lby/Public/Admin/static/userlist/j/yjc/lby/Public/Admin/static/userlist/query_006.js
ERR: 无法加载控制器:Public

[ 2017-06-02T14:02:48+08:00 ] ::1 /yjc/lby/index.php/Product/WdatePicker.css
ERR: 非法操作:WdatePicker.css

[ 2017-06-02T14:02:48+08:00 ] ::1 /yjc/lby/Public/Admin/static/userlist/j/yjc/lby/Public/Admin/static/userlist/query_006.js
ERR: 无法加载控制器:Public

[ 2017-06-02T14:02:49+08:00 ] ::1 /yjc/lby/index.php/Product/WdatePicker.css
ERR: 非法操作:WdatePicker.css

[ 2017-06-02T14:02:49+08:00 ] ::1 /yjc/lby/Public/Admin/static/userlist/skin/WdatePicker.css
ERR: 无法加载控制器:Public

[ 2017-06-02T14:03:29+08:00 ] ::1 /yjc/lby/index.php/Product/index.html
ERR: 1146:Table 'good.hou_product' doesn't exist
 [ SQL语句 ] : SHOW COLUMNS FROM `hou_product`

[ 2017-06-02T14:05:22+08:00 ] ::1 /yjc/lby/Public/Admin/static/userlist/j/yjc/lby/Public/Admin/static/userlist/query_006.js
ERR: 无法加载控制器:Public

[ 2017-06-02T14:05:22+08:00 ] ::1 /yjc/lby/index.php/Product/WdatePicker.css
ERR: 非法操作:WdatePicker.css

[ 2017-06-02T14:05:22+08:00 ] ::1 /yjc/lby/Public/Admin/static/userlist/j/yjc/lby/Public/Admin/static/userlist/query_006.js
ERR: 无法加载控制器:Public

[ 2017-06-02T14:05:23+08:00 ] ::1 /yjc/lby/index.php/Product/WdatePicker.css
ERR: 非法操作:WdatePicker.css

[ 2017-06-02T14:05:23+08:00 ] ::1 /yjc/lby/Public/Admin/static/userlist/skin/WdatePicker.css
ERR: 无法加载控制器:Public

[ 2017-06-02T14:05:38+08:00 ] ::1 /yjc/lby/index.php/Product/index.html
ERR: 1146:Table 'good.hou_product' doesn't exist
 [ SQL语句 ] : SHOW COLUMNS FROM `hou_product`

[ 2017-06-02T14:09:23+08:00 ] ::1 /yjc/lby/index.php/Product/WdatePicker.css
ERR: 非法操作:WdatePicker.css

[ 2017-06-02T14:09:23+08:00 ] ::1 /yjc/lby/Public/Admin/static/userlist/j/yjc/lby/Public/Admin/static/userlist/query_006.js
ERR: 无法加载控制器:Public

[ 2017-06-02T14:09:23+08:00 ] ::1 /yjc/lby/Public/Admin/static/userlist/j/yjc/lby/Public/Admin/static/userlist/query_006.js
ERR: 无法加载控制器:Public

[ 2017-06-02T14:09:23+08:00 ] ::1 /yjc/lby/Public/Admin/static/userlist/skin/WdatePicker.css
ERR: 无法加载控制器:Public

[ 2017-06-02T14:09:23+08:00 ] ::1 /yjc/lby/index.php/Product/WdatePicker.css
ERR: 非法操作:WdatePicker.css

[ 2017-06-02T14:11:37+08:00 ] ::1 /yjc/lby/Public/Admin/static/userlist/j/yjc/lby/Public/Admin/static/userlist/query_006.js
ERR: 无法加载控制器:Public

[ 2017-06-02T14:11:37+08:00 ] ::1 /yjc/lby/index.php/Product/WdatePicker.css
ERR: 非法操作:WdatePicker.css

[ 2017-06-02T14:11:37+08:00 ] ::1 /yjc/lby/Public/Admin/static/userlist/j/yjc/lby/Public/Admin/static/userlist/query_006.js
ERR: 无法加载控制器:Public

[ 2017-06-02T14:11:37+08:00 ] ::1 /yjc/lby/Public/Admin/static/userlist/skin/WdatePicker.css
ERR: 无法加载控制器:Public

[ 2017-06-02T14:11:37+08:00 ] ::1 /yjc/lby/index.php/Product/WdatePicker.css
ERR: 非法操作:WdatePicker.css

[ 2017-06-02T14:11:39+08:00 ] ::1 /yjc/lby/index.php/Product/WdatePicker.css
ERR: 非法操作:WdatePicker.css

[ 2017-06-02T14:11:39+08:00 ] ::1 /yjc/lby/Public/Admin/static/userlist/j/yjc/lby/Public/Admin/static/userlist/query_006.js
ERR: 无法加载控制器:Public

[ 2017-06-02T14:11:39+08:00 ] ::1 /yjc/lby/Public/Admin/static/userlist/j/yjc/lby/Public/Admin/static/userlist/query_006.js
ERR: 无法加载控制器:Public

[ 2017-06-02T14:11:39+08:00 ] ::1 /yjc/lby/index.php/Product/WdatePicker.css
ERR: 非法操作:WdatePicker.css

[ 2017-06-02T14:11:39+08:00 ] ::1 /yjc/lby/Public/Admin/static/userlist/skin/WdatePicker.css
ERR: 无法加载控制器:Public

[ 2017-06-02T14:17:15+08:00 ] ::1 /yjc/lby/Public/Admin/static/userlist/j/yjc/lby/Public/Admin/static/userlist/query_006.js
ERR: 无法加载控制器:Public

[ 2017-06-02T14:17:15+08:00 ] ::1 /yjc/lby/index.php/Product/WdatePicker.css
ERR: 非法操作:WdatePicker.css

[ 2017-06-02T14:17:15+08:00 ] ::1 /yjc/lby/Public/Admin/static/userlist/j/yjc/lby/Public/Admin/static/userlist/query_006.js
ERR: 无法加载控制器:Public

[ 2017-06-02T14:17:15+08:00 ] ::1 /yjc/lby/Public/Admin/static/userlist/skin/WdatePicker.css
ERR: 无法加载控制器:Public

[ 2017-06-02T14:17:15+08:00 ] ::1 /yjc/lby/index.php/Product/WdatePicker.css
ERR: 非法操作:WdatePicker.css

[ 2017-06-02T14:19:14+08:00 ] ::1 /yjc/lby/index.php/Product/WdatePicker.css
ERR: 非法操作:WdatePicker.css

[ 2017-06-02T14:19:14+08:00 ] ::1 /yjc/lby/Public/Admin/static/userlist/j/yjc/lby/Public/Admin/static/userlist/query_006.js
ERR: 无法加载控制器:Public

[ 2017-06-02T14:19:14+08:00 ] ::1 /yjc/lby/Public/Admin/static/userlist/j/yjc/lby/Public/Admin/static/userlist/query_006.js
ERR: 无法加载控制器:Public

[ 2017-06-02T14:19:14+08:00 ] ::1 /yjc/lby/index.php/Product/WdatePicker.css
ERR: 非法操作:WdatePicker.css

[ 2017-06-02T14:19:14+08:00 ] ::1 /yjc/lby/Public/Admin/static/userlist/skin/WdatePicker.css
ERR: 无法加载控制器:Public

[ 2017-06-02T14:19:32+08:00 ] ::1 /yjc/lby/Public/Admin/static/userlist/j/yjc/lby/Public/Admin/static/userlist/query_006.js
ERR: 无法加载控制器:Public

[ 2017-06-02T14:19:32+08:00 ] ::1 /yjc/lby/index.php/Product/WdatePicker.css
ERR: 非法操作:WdatePicker.css

[ 2017-06-02T14:19:33+08:00 ] ::1 /yjc/lby/Public/Admin/static/userlist/j/yjc/lby/Public/Admin/static/userlist/query_006.js
ERR: 无法加载控制器:Public

[ 2017-06-02T14:19:33+08:00 ] ::1 /yjc/lby/index.php/Product/WdatePicker.css
ERR: 非法操作:WdatePicker.css

[ 2017-06-02T14:19:33+08:00 ] ::1 /yjc/lby/Public/Admin/static/userlist/skin/WdatePicker.css
ERR: 无法加载控制器:Public

[ 2017-06-02T14:19:45+08:00 ] ::1 /yjc/lby/Public/Admin/static/userlist/j/yjc/lby/Public/Admin/static/userlist/query_006.js
ERR: 无法加载控制器:Public

[ 2017-06-02T14:19:45+08:00 ] ::1 /yjc/lby/index.php/Product/WdatePicker.css
ERR: 非法操作:WdatePicker.css

[ 2017-06-02T14:19:45+08:00 ] ::1 /yjc/lby/Public/Admin/static/userlist/j/yjc/lby/Public/Admin/static/userlist/query_006.js
ERR: 无法加载控制器:Public

[ 2017-06-02T14:19:45+08:00 ] ::1 /yjc/lby/index.php/Product/WdatePicker.css
ERR: 非法操作:WdatePicker.css

[ 2017-06-02T14:19:45+08:00 ] ::1 /yjc/lby/Public/Admin/static/userlist/skin/WdatePicker.css
ERR: 无法加载控制器:Public

[ 2017-06-02T14:22:10+08:00 ] ::1 /yjc/lby/index.php/Product/WdatePicker.css
ERR: 非法操作:WdatePicker.css

[ 2017-06-02T14:22:10+08:00 ] ::1 /yjc/lby/Public/Admin/static/userlist/j/yjc/lby/Public/Admin/static/userlist/query_006.js
ERR: 无法加载控制器:Public

[ 2017-06-02T14:22:10+08:00 ] ::1 /yjc/lby/Public/Admin/static/userlist/j/yjc/lby/Public/Admin/static/userlist/query_006.js
ERR: 无法加载控制器:Public

[ 2017-06-02T14:22:11+08:00 ] ::1 /yjc/lby/Public/Admin/static/userlist/skin/WdatePicker.css
ERR: 无法加载控制器:Public

[ 2017-06-02T14:22:11+08:00 ] ::1 /yjc/lby/index.php/Product/WdatePicker.css
ERR: 非法操作:WdatePicker.css

[ 2017-06-02T14:22:44+08:00 ] ::1 /yjc/lby/Public/Admin/static/userlist/j/yjc/lby/Public/Admin/static/userlist/query_006.js
ERR: 无法加载控制器:Public

[ 2017-06-02T14:22:44+08:00 ] ::1 /yjc/lby/index.php/Product/WdatePicker.css
ERR: 非法操作:WdatePicker.css

[ 2017-06-02T14:22:45+08:00 ] ::1 /yjc/lby/Public/Admin/static/userlist/j/yjc/lby/Public/Admin/static/userlist/query_006.js
ERR: 无法加载控制器:Public

[ 2017-06-02T14:22:45+08:00 ] ::1 /yjc/lby/index.php/Product/WdatePicker.css
ERR: 非法操作:WdatePicker.css

[ 2017-06-02T14:22:45+08:00 ] ::1 /yjc/lby/Public/Admin/static/userlist/skin/WdatePicker.css
ERR: 无法加载控制器:Public

[ 2017-06-02T14:23:06+08:00 ] ::1 /yjc/lby/Public/Admin/static/userlist/j/yjc/lby/Public/Admin/static/userlist/query_006.js
ERR: 无法加载控制器:Public

[ 2017-06-02T14:23:06+08:00 ] ::1 /yjc/lby/index.php/Product/WdatePicker.css
ERR: 非法操作:WdatePicker.css

[ 2017-06-02T14:23:06+08:00 ] ::1 /yjc/lby/Public/Admin/static/userlist/j/yjc/lby/Public/Admin/static/userlist/query_006.js
ERR: 无法加载控制器:Public

[ 2017-06-02T14:23:06+08:00 ] ::1 /yjc/lby/Public/Admin/static/userlist/skin/WdatePicker.css
ERR: 无法加载控制器:Public

[ 2017-06-02T14:23:06+08:00 ] ::1 /yjc/lby/index.php/Product/WdatePicker.css
ERR: 非法操作:WdatePicker.css

[ 2017-06-02T14:23:52+08:00 ] ::1 /yjc/lby/index.php/Product/WdatePicker.css
ERR: 非法操作:WdatePicker.css

[ 2017-06-02T14:23:52+08:00 ] ::1 /yjc/lby/Public/Admin/static/userlist/j/yjc/lby/Public/Admin/static/userlist/query_006.js
ERR: 无法加载控制器:Public

[ 2017-06-02T14:23:52+08:00 ] ::1 /yjc/lby/Public/Admin/static/userlist/j/yjc/lby/Public/Admin/static/userlist/query_006.js
ERR: 无法加载控制器:Public

[ 2017-06-02T14:23:52+08:00 ] ::1 /yjc/lby/index.php/Product/WdatePicker.css
ERR: 非法操作:WdatePicker.css

[ 2017-06-02T14:23:52+08:00 ] ::1 /yjc/lby/Public/Admin/static/userlist/skin/WdatePicker.css
ERR: 无法加载控制器:Public

[ 2017-06-02T14:24:39+08:00 ] ::1 /yjc/lby/Public/Admin/static/userlist/j/yjc/lby/Public/Admin/static/userlist/query_006.js
ERR: 无法加载控制器:Public

[ 2017-06-02T14:24:39+08:00 ] ::1 /yjc/lby/index.php/Product/WdatePicker.css
ERR: 非法操作:WdatePicker.css

[ 2017-06-02T14:24:39+08:00 ] ::1 /yjc/lby/Public/Admin/static/userlist/j/yjc/lby/Public/Admin/static/userlist/query_006.js
ERR: 无法加载控制器:Public

[ 2017-06-02T14:24:39+08:00 ] ::1 /yjc/lby/Public/Admin/static/userlist/skin/WdatePicker.css
ERR: 无法加载控制器:Public

[ 2017-06-02T14:24:39+08:00 ] ::1 /yjc/lby/index.php/Product/WdatePicker.css
ERR: 非法操作:WdatePicker.css

[ 2017-06-02T14:24:52+08:00 ] ::1 /yjc/lby/Public/Admin/static/userlist/j/yjc/lby/Public/Admin/static/userlist/query_006.js
ERR: 无法加载控制器:Public

[ 2017-06-02T14:24:52+08:00 ] ::1 /yjc/lby/index.php/Product/WdatePicker.css
ERR: 非法操作:WdatePicker.css

[ 2017-06-02T14:24:53+08:00 ] ::1 /yjc/lby/Public/Admin/static/userlist/j/yjc/lby/Public/Admin/static/userlist/query_006.js
ERR: 无法加载控制器:Public

[ 2017-06-02T14:24:53+08:00 ] ::1 /yjc/lby/Public/Admin/static/userlist/skin/WdatePicker.css
ERR: 无法加载控制器:Public

[ 2017-06-02T14:24:53+08:00 ] ::1 /yjc/lby/index.php/Product/WdatePicker.css
ERR: 非法操作:WdatePicker.css

[ 2017-06-02T14:25:23+08:00 ] ::1 /yjc/lby/Public/Admin/static/userlist/j/yjc/lby/Public/Admin/static/userlist/query_006.js
ERR: 无法加载控制器:Public

[ 2017-06-02T14:25:23+08:00 ] ::1 /yjc/lby/index.php/Product/WdatePicker.css
ERR: 非法操作:WdatePicker.css

[ 2017-06-02T14:25:23+08:00 ] ::1 /yjc/lby/Public/Admin/static/userlist/j/yjc/lby/Public/Admin/static/userlist/query_006.js
ERR: 无法加载控制器:Public

[ 2017-06-02T14:25:23+08:00 ] ::1 /yjc/lby/index.php/Product/WdatePicker.css
ERR: 非法操作:WdatePicker.css

[ 2017-06-02T14:25:23+08:00 ] ::1 /yjc/lby/Public/Admin/static/userlist/skin/WdatePicker.css
ERR: 无法加载控制器:Public

[ 2017-06-02T14:50:43+08:00 ] ::1 /yjc/lby/index.php/Admin/Index/index1.html
ERR: 非法操作:index1

[ 2017-06-02T15:11:09+08:00 ] ::1 /yjc/lby/probleminformation/list.do
ERR: 无法加载控制器:Probleminformation

[ 2017-06-02T15:41:39+08:00 ] ::1 /yjc/lby/probleminformation/list.do
ERR: 无法加载控制器:Probleminformation

[ 2017-06-02T15:45:20+08:00 ] ::1 /yjc/lby/Public/Admin/static/userlist/j/yjc/lby/Public/Admin/static/userlist/query_006.js
ERR: 无法加载控制器:Public

[ 2017-06-02T15:45:20+08:00 ] ::1 /yjc/lby/index.php/Product/WdatePicker.css
ERR: 非法操作:WdatePicker.css

[ 2017-06-02T15:45:20+08:00 ] ::1 /yjc/lby/Public/Admin/static/userlist/j/yjc/lby/Public/Admin/static/userlist/query_006.js
ERR: 无法加载控制器:Public

[ 2017-06-02T15:45:20+08:00 ] ::1 /yjc/lby/Public/Admin/static/userlist/skin/WdatePicker.css
ERR: 无法加载控制器:Public

[ 2017-06-02T15:45:20+08:00 ] ::1 /yjc/lby/index.php/Product/WdatePicker.css
ERR: 非法操作:WdatePicker.css

[ 2017-06-02T15:45:23+08:00 ] ::1 /yjc/lby/index.php/Product/WdatePicker.css
ERR: 非法操作:WdatePicker.css

[ 2017-06-02T15:45:23+08:00 ] ::1 /yjc/lby/Public/Admin/static/userlist/j/yjc/lby/Public/Admin/static/userlist/query_006.js
ERR: 无法加载控制器:Public

[ 2017-06-02T15:45:23+08:00 ] ::1 /yjc/lby/Public/Admin/static/userlist/j/yjc/lby/Public/Admin/static/userlist/query_006.js
ERR: 无法加载控制器:Public

[ 2017-06-02T15:45:23+08:00 ] ::1 /yjc/lby/index.php/Product/WdatePicker.css
ERR: 非法操作:WdatePicker.css

[ 2017-06-02T15:45:23+08:00 ] ::1 /yjc/lby/Public/Admin/static/userlist/skin/WdatePicker.css
ERR: 无法加载控制器:Public

[ 2017-06-02T15:45:25+08:00 ] ::1 /yjc/lby/index.php/Product/WdatePicker.css
ERR: 非法操作:WdatePicker.css

[ 2017-06-02T15:45:25+08:00 ] ::1 /yjc/lby/Public/Admin/static/userlist/j/yjc/lby/Public/Admin/static/userlist/query_006.js
ERR: 无法加载控制器:Public

[ 2017-06-02T15:45:25+08:00 ] ::1 /yjc/lby/Public/Admin/static/userlist/j/yjc/lby/Public/Admin/static/userlist/query_006.js
ERR: 无法加载控制器:Public

[ 2017-06-02T15:45:25+08:00 ] ::1 /yjc/lby/index.php/Product/WdatePicker.css
ERR: 非法操作:WdatePicker.css

[ 2017-06-02T15:45:25+08:00 ] ::1 /yjc/lby/Public/Admin/static/userlist/skin/WdatePicker.css
ERR: 无法加载控制器:Public

[ 2017-06-02T15:46:11+08:00 ] ::1 /yjc/lby/index.php/Product/WdatePicker.css
ERR: 非法操作:WdatePicker.css

[ 2017-06-02T15:46:11+08:00 ] ::1 /yjc/lby/Public/Admin/static/userlist/j/yjc/lby/Public/Admin/static/userlist/query_006.js
ERR: 无法加载控制器:Public

[ 2017-06-02T15:46:11+08:00 ] ::1 /yjc/lby/Public/Admin/static/userlist/j/yjc/lby/Public/Admin/static/userlist/query_006.js
ERR: 无法加载控制器:Public

[ 2017-06-02T15:46:11+08:00 ] ::1 /yjc/lby/index.php/Product/WdatePicker.css
ERR: 非法操作:WdatePicker.css

[ 2017-06-02T15:46:11+08:00 ] ::1 /yjc/lby/Public/Admin/static/userlist/skin/WdatePicker.css
ERR: 无法加载控制器:Public

[ 2017-06-02T16:49:56+08:00 ] ::1 /yjc/lby/index.php/Product/product_seek.html
ERR: 模板不存在:./Application/Admin/View/Product/index.html

[ 2017-06-02T17:02:28+08:00 ] ::1 /yjc/lby/index.php/Product/index.html
ERR: 1054:Unknown column 'brand_id' in 'where clause'
 [ SQL语句 ] : SELECT COUNT(*) AS tp_count FROM `hou_product` WHERE ( pro_pid = 1 and brand_id=1 ) LIMIT 1  

[ 2017-06-02T17:05:25+08:00 ] ::1 /yjc/lby/index.php/Product/index.html
ERR: 1054:Unknown column 'brand_id' in 'where clause'
 [ SQL语句 ] : SELECT COUNT(*) AS tp_count FROM `hou_product` WHERE ( pro_pid = 1 and brand_id=1 ) LIMIT 1  

[ 2017-06-02T17:10:30+08:00 ] ::1 /yjc/lby/index.php/Product/index.html
ERR: 1054:Unknown column 'brand_id' in 'where clause'
 [ SQL语句 ] : SELECT COUNT(*) AS tp_count FROM `hou_product` WHERE ( pro_pid = 1 and brand_id=5 ) LIMIT 1  

[ 2017-06-02T17:12:58+08:00 ] ::1 /yjc/lby/index.php/Product/index.html
ERR: 1054:Unknown column 'brand_id' in 'where clause'
 [ SQL语句 ] : SELECT COUNT(*) AS tp_count FROM `hou_product` WHERE ( pro_pid = 1 and brand_id=1 ) LIMIT 1  

[ 2017-06-02T17:13:07+08:00 ] ::1 /yjc/lby/index.php/Product/index.html
ERR: 1054:Unknown column 'brand_id' in 'where clause'
 [ SQL语句 ] : SELECT COUNT(*) AS tp_count FROM `hou_product` WHERE ( pro_pid = 1 and brand_id=1 ) LIMIT 1  

[ 2017-06-02T17:13:13+08:00 ] ::1 /yjc/lby/index.php/Product/index.html
ERR: 1054:Unknown column 'brand_id' in 'where clause'
 [ SQL语句 ] : SELECT COUNT(*) AS tp_count FROM `hou_product` WHERE ( pro_pid = 1 and brand_id=1 ) LIMIT 1  

[ 2017-06-02T17:13:17+08:00 ] ::1 /yjc/lby/index.php/Product/index.html
ERR: 1054:Unknown column 'brand_id' in 'where clause'
 [ SQL语句 ] : SELECT COUNT(*) AS tp_count FROM `hou_product` WHERE ( pro_pid = 1 and brand_id=3 ) LIMIT 1  

[ 2017-06-02T17:17:01+08:00 ] ::1 /yjc/lby/index.php/Product/index.html
ERR: 1054:Unknown column 'brand_id' in 'where clause'
 [ SQL语句 ] : SELECT COUNT(*) AS tp_count FROM `hou_product` WHERE ( pro_pid = 1 and brand_id=1 ) LIMIT 1  

[ 2017-06-02T17:38:40+08:00 ] ::1 /yjc/lby/index.php/Product/index.html
ERR: 1064:You have an error in your SQL syntax; check the manual that corresponds to your MySQL server version for the right syntax to use near 'on .brand_id=.pro_pid  WHERE ( .pro_pid='1' ) LIMIT 0,3' at line 1
 [ SQL语句 ] : SELECT * FROM `hou_product` INNER JOIN  on .brand_id=.pro_pid  WHERE ( .pro_pid='1' ) LIMIT 0,3  

[ 2017-06-02T17:53:48+08:00 ] ::1 /yjc/lby/Public/Admin/static/userlist/j/yjc/lby/Public/Admin/static/userlist/query_006.js
ERR: 无法加载控制器:Public

[ 2017-06-02T17:53:48+08:00 ] ::1 /yjc/lby/index.php/Product/WdatePicker.css
ERR: 非法操作:WdatePicker.css

[ 2017-06-02T17:53:49+08:00 ] ::1 /yjc/lby/Public/Admin/static/userlist/j/yjc/lby/Public/Admin/static/userlist/query_006.js
ERR: 无法加载控制器:Public

[ 2017-06-02T17:53:49+08:00 ] ::1 /yjc/lby/index.php/Product/WdatePicker.css
ERR: 非法操作:WdatePicker.css

[ 2017-06-02T17:53:49+08:00 ] ::1 /yjc/lby/Public/Admin/static/userlist/skin/WdatePicker.css
ERR: 无法加载控制器:Public

[ 2017-06-02T17:59:24+08:00 ] ::1 /yjc/lby/probleminformation/list.do
ERR: 无法加载控制器:Probleminformation

[ 2017-06-02T18:13:34+08:00 ] ::1 /yjc/lby/probleminformation/list.do
ERR: 无法加载控制器:Probleminformation

[ 2017-06-02T18:14:12+08:00 ] ::1 /yjc/lby/probleminformation/list.do
ERR: 无法加载控制器:Probleminformation

[ 2017-06-02T18:14:19+08:00 ] ::1 /yjc/lby/instructions/list
ERR: 无法加载控制器:Instructions

[ 2017-06-02T18:14:20+08:00 ] ::1 /yjc/lby/instructions/list
ERR: 无法加载控制器:Instructions

[ 2017-06-02T18:14:57+08:00 ] ::1 /yjc/lby/instructions/list
ERR: 无法加载控制器:Instructions

[ 2017-06-02T18:14:58+08:00 ] ::1 /yjc/lby/instructions/list
ERR: 无法加载控制器:Instructions

[ 2017-06-02T18:25:21+08:00 ] ::1 /yjc/lby/probleminformation/list.do
ERR: 无法加载控制器:Probleminformation

