[ 2017-06-05T09:24:43+08:00 ] ::1 /yjc/lby/index.php/Admin/Index/index1.html
ERR: 非法操作:index1

[ 2017-06-05T09:26:14+08:00 ] ::1 /yjc/lby/probleminformation/list.do
ERR: 无法加载控制器:Probleminformation

[ 2017-06-05T09:43:43+08:00 ] ::1 /yjc/lby/Public/Admin/static/userlist/j/yjc/lby/Public/Admin/static/userlist/query_006.js
ERR: 无法加载控制器:Public

[ 2017-06-05T09:43:43+08:00 ] ::1 /yjc/lby/index.php/Background/WdatePicker.css
ERR: 非法操作:WdatePicker.css

[ 2017-06-05T09:43:43+08:00 ] ::1 /yjc/lby/Public/Admin/static/userlist/j/yjc/lby/Public/Admin/static/userlist/query_006.js
ERR: 无法加载控制器:Public

[ 2017-06-05T09:43:43+08:00 ] ::1 /yjc/lby/Public/Admin/static/userlist/skin/WdatePicker.css
ERR: 无法加载控制器:Public

[ 2017-06-05T09:43:43+08:00 ] ::1 /yjc/lby/index.php/Background/WdatePicker.css
ERR: 非法操作:WdatePicker.css

[ 2017-06-05T09:54:38+08:00 ] ::1 /yjc/lby/index.php/Product/index.html
ERR: 1054:Unknown column 'brand_id' in 'where clause'
 [ SQL语句 ] : SELECT COUNT(*) AS tp_count FROM `hou_product` WHERE ( pro_pid=1 and product_name like '%11%' and brand_id=1 ) LIMIT 1  

[ 2017-06-05T10:01:09+08:00 ] ::1 /yjc/lby/index.php/Product/index.html
ERR: 1054:Unknown column 'brand_id' in 'where clause'
 [ SQL语句 ] : SELECT COUNT(*) AS tp_count FROM `hou_product` WHERE ( pro_pid=1 and brand_id=1 ) LIMIT 1  

[ 2017-06-05T10:18:40+08:00 ] ::1 /yjc/lby/index.php/Model/model_add.html
ERR: 1054:Unknown column 'id' in 'order clause'
 [ SQL语句 ] : SELECT `brand_id`,`brand_name`,`parent_id`,`model_name`,`brand_keywords`,`model_price`,`brand_describe`,`model_describe`,`brand_bound`,`brand_state`,`brand_time` FROM `hou_brand` ORDER BY id desc LIMIT 0,10  

[ 2017-06-05T10:18:56+08:00 ] ::1 /yjc/lby/index.php/Model/model_add.html
ERR: 1054:Unknown column 'id' in 'order clause'
 [ SQL语句 ] : SELECT `brand_id`,`brand_name`,`parent_id`,`model_name`,`brand_keywords`,`model_price`,`brand_describe`,`model_describe`,`brand_bound`,`brand_state`,`brand_time` FROM `hou_brand` ORDER BY id desc LIMIT 0,3  

[ 2017-06-05T10:25:33+08:00 ] ::1 /yjc/lby/index.php/Product/index.html
ERR: 1054:Unknown column 'brand_id' in 'where clause'
 [ SQL语句 ] : SELECT COUNT(*) AS tp_count FROM `hou_product` WHERE ( pro_pid=1 and brand_id=1 ) LIMIT 1  

[ 2017-06-05T10:34:46+08:00 ] ::1 /yjc/lby/index.php/Product/index.html
ERR: 1066:Not unique table/alias: 'hou_product'
 [ SQL语句 ] : SELECT * FROM `hou_product` INNER JOIN hou_product ON hou_brand.brand_id = hou_product.bid  WHERE ( pro_pid=1 ) LIMIT 0,3  

[ 2017-06-05T10:36:13+08:00 ] ::1 /yjc/lby/index.php/Product/index.html
ERR: 1066:Not unique table/alias: 'hou_product'
 [ SQL语句 ] : SELECT * FROM `hou_product` INNER JOIN hou_product ON hou_brand.brand_id = hou_product.bid  WHERE ( pro_pid=1 ) LIMIT 0,3  

[ 2017-06-05T10:36:22+08:00 ] ::1 /yjc/lby/index.php/Product/index.html
ERR: 1066:Not unique table/alias: 'hou_product'
 [ SQL语句 ] : SELECT * FROM `hou_product` INNER JOIN hou_product ON hou_brand.brand_id = hou_product.bid  WHERE ( pro_pid=1 ) LIMIT 0,3  

[ 2017-06-05T10:37:31+08:00 ] ::1 /yjc/lby/index.php/Product/index.html
ERR: 1066:Not unique table/alias: 'hou_product'
 [ SQL语句 ] : SELECT * FROM `hou_product` INNER JOIN hou_product ON hou_brand.brand_id = hou_product.bid  WHERE ( pro_pid=1 ) LIMIT 0,3  

[ 2017-06-05T10:37:32+08:00 ] ::1 /yjc/lby/index.php/Product/index.html
ERR: 1066:Not unique table/alias: 'hou_product'
 [ SQL语句 ] : SELECT * FROM `hou_product` INNER JOIN hou_product ON hou_brand.brand_id = hou_product.bid  WHERE ( pro_pid=1 ) LIMIT 0,3  

[ 2017-06-05T10:37:33+08:00 ] ::1 /yjc/lby/index.php/Product/index.html
ERR: 1066:Not unique table/alias: 'hou_product'
 [ SQL语句 ] : SELECT * FROM `hou_product` INNER JOIN hou_product ON hou_brand.brand_id = hou_product.bid  WHERE ( pro_pid=1 ) LIMIT 0,3  

[ 2017-06-05T10:37:33+08:00 ] ::1 /yjc/lby/index.php/Product/index.html
ERR: 1066:Not unique table/alias: 'hou_product'
 [ SQL语句 ] : SELECT * FROM `hou_product` INNER JOIN hou_product ON hou_brand.brand_id = hou_product.bid  WHERE ( pro_pid=1 ) LIMIT 0,3  

[ 2017-06-05T10:37:35+08:00 ] ::1 /yjc/lby/index.php/Admin/Index/index1.html
ERR: 非法操作:index1

[ 2017-06-05T10:37:38+08:00 ] ::1 /yjc/lby/probleminformation/list.do
ERR: 无法加载控制器:Probleminformation

[ 2017-06-05T10:37:39+08:00 ] ::1 /yjc/lby/index.php/Product/index.html
ERR: 1066:Not unique table/alias: 'hou_product'
 [ SQL语句 ] : SELECT * FROM `hou_product` INNER JOIN hou_product ON hou_brand.brand_id = hou_product.bid  WHERE ( pro_pid=1 ) LIMIT 0,3  

[ 2017-06-05T10:37:45+08:00 ] ::1 /yjc/lby/index.php/Admin/Index/index1.html
ERR: 非法操作:index1

[ 2017-06-05T10:37:48+08:00 ] ::1 /yjc/lby/index.php/Product/index.html
ERR: 1066:Not unique table/alias: 'hou_product'
 [ SQL语句 ] : SELECT * FROM `hou_product` INNER JOIN hou_product ON hou_brand.brand_id = hou_product.bid  WHERE ( pro_pid=1 ) LIMIT 0,3  

[ 2017-06-05T10:39:01+08:00 ] ::1 /yjc/lby/index.php/Product/index.html
ERR: 1054:Unknown column 'brand_id' in 'where clause'
 [ SQL语句 ] : SELECT COUNT(*) AS tp_count FROM `hou_product` WHERE ( pro_pid=1 and brand_id=3 ) LIMIT 1  

[ 2017-06-05T10:39:32+08:00 ] ::1 /yjc/lby/index.php/Product/index.html
ERR: 1054:Unknown column 'brand_id' in 'where clause'
 [ SQL语句 ] : SELECT COUNT(*) AS tp_count FROM `hou_product` WHERE ( pro_pid=1 and product_name like '%11%' and brand_id=1 ) LIMIT 1  

[ 2017-06-05T10:39:54+08:00 ] ::1 /yjc/lby/index.php/Product/index.html
ERR: 1054:Unknown column 'brand_id' in 'where clause'
 [ SQL语句 ] : SELECT COUNT(*) AS tp_count FROM `hou_product` WHERE ( pro_pid=1 and product_name like '%1%' and brand_id=1 ) LIMIT 1  

[ 2017-06-05T10:41:07+08:00 ] ::1 /yjc/lby/probleminformation/list.do
ERR: 无法加载控制器:Probleminformation

[ 2017-06-05T11:02:08+08:00 ] ::1 /yjc/lby/probleminformation/list.do
ERR: 无法加载控制器:Probleminformation

[ 2017-06-05T11:07:34+08:00 ] ::1 /yjc/lby/probleminformation/list.do
ERR: 无法加载控制器:Probleminformation

[ 2017-06-05T11:10:59+08:00 ] ::1 /yjc/lby/index.php/Admin/Index/index1.html
ERR: 非法操作:index1

[ 2017-06-05T11:15:54+08:00 ] ::1 /yjc/lby/Public/Admin/static/userlist/j/yjc/lby/Public/Admin/static/userlist/query_006.js
ERR: 无法加载控制器:Public

[ 2017-06-05T11:15:54+08:00 ] ::1 /yjc/lby/index.php/Product/WdatePicker.css
ERR: 非法操作:WdatePicker.css

[ 2017-06-05T11:15:55+08:00 ] ::1 /yjc/lby/Public/Admin/static/userlist/j/yjc/lby/Public/Admin/static/userlist/query_006.js
ERR: 无法加载控制器:Public

[ 2017-06-05T11:15:55+08:00 ] ::1 /yjc/lby/Public/Admin/static/userlist/skin/WdatePicker.css
ERR: 无法加载控制器:Public

[ 2017-06-05T11:15:55+08:00 ] ::1 /yjc/lby/index.php/Product/WdatePicker.css
ERR: 非法操作:WdatePicker.css

[ 2017-06-05T11:16:29+08:00 ] ::1 /yjc/lby/index.php/Admin/Index/index1.html
ERR: 非法操作:index1

[ 2017-06-05T11:23:17+08:00 ] ::1 /yjc/lby/Public/Admin/static/userlist/j/yjc/lby/Public/Admin/static/userlist/query_006.js
ERR: 无法加载控制器:Public

[ 2017-06-05T11:23:17+08:00 ] ::1 /yjc/lby/index.php/Product/WdatePicker.css
ERR: 非法操作:WdatePicker.css

[ 2017-06-05T11:23:17+08:00 ] ::1 /yjc/lby/Public/Admin/static/userlist/j/yjc/lby/Public/Admin/static/userlist/query_006.js
ERR: 无法加载控制器:Public

[ 2017-06-05T11:23:17+08:00 ] ::1 /yjc/lby/index.php/Product/WdatePicker.css
ERR: 非法操作:WdatePicker.css

[ 2017-06-05T11:23:17+08:00 ] ::1 /yjc/lby/Public/Admin/static/userlist/skin/WdatePicker.css
ERR: 无法加载控制器:Public

[ 2017-06-05T11:38:52+08:00 ] ::1 /yjc/lby/Public/Admin/static/userlist/j/yjc/lby/Public/Admin/static/userlist/query_006.js
ERR: 无法加载控制器:Public

[ 2017-06-05T11:38:52+08:00 ] ::1 /yjc/lby/index.php/Product/WdatePicker.css
ERR: 非法操作:WdatePicker.css

[ 2017-06-05T11:38:53+08:00 ] ::1 /yjc/lby/Public/Admin/static/userlist/j/yjc/lby/Public/Admin/static/userlist/query_006.js
ERR: 无法加载控制器:Public

[ 2017-06-05T11:38:53+08:00 ] ::1 /yjc/lby/index.php/Product/WdatePicker.css
ERR: 非法操作:WdatePicker.css

[ 2017-06-05T11:38:53+08:00 ] ::1 /yjc/lby/Public/Admin/static/userlist/skin/WdatePicker.css
ERR: 无法加载控制器:Public

[ 2017-06-05T12:56:49+08:00 ] ::1 /yjc/lby/index.php/Admin/Index/index1.html
ERR: 非法操作:index1

[ 2017-06-05T13:38:27+08:00 ] ::1 /yjc/lby/index.php/Product/WdatePicker.css
ERR: 非法操作:WdatePicker.css

[ 2017-06-05T13:38:27+08:00 ] ::1 /yjc/lby/Public/Admin/static/userlist/j/yjc/lby/Public/Admin/static/userlist/query_006.js
ERR: 无法加载控制器:Public

[ 2017-06-05T13:38:27+08:00 ] ::1 /yjc/lby/Public/Admin/static/userlist/j/yjc/lby/Public/Admin/static/userlist/query_006.js
ERR: 无法加载控制器:Public

[ 2017-06-05T13:38:27+08:00 ] ::1 /yjc/lby/Public/Admin/static/userlist/skin/WdatePicker.css
ERR: 无法加载控制器:Public

[ 2017-06-05T13:38:27+08:00 ] ::1 /yjc/lby/index.php/Product/WdatePicker.css
ERR: 非法操作:WdatePicker.css

[ 2017-06-05T13:40:34+08:00 ] ::1 /yjc/lby/index.php/Product/index.html
ERR: 1054:Unknown column 'PC网' in 'where clause'
 [ SQL语句 ] : SELECT COUNT(*) AS tp_count FROM `hou_product` WHERE ( pro_pid=1 and product_ditch=PC网 ) LIMIT 1  

[ 2017-06-05T13:45:26+08:00 ] ::1 /yjc/lby/index.php/Product/index.html
ERR: 1054:Unknown column 'PC网' in 'where clause'
 [ SQL语句 ] : SELECT COUNT(*) AS tp_count FROM `hou_product` WHERE ( pro_pid=1 and product_ditch=PC网 ) LIMIT 1  

[ 2017-06-05T13:54:02+08:00 ] ::1 /yjc/lby/probleminformation/list.do
ERR: 无法加载控制器:Probleminformation

[ 2017-06-05T13:59:27+08:00 ] ::1 /yjc/lby/index.php/Product/index.html
ERR: 1054:Unknown column 'bid' in 'where clause'
 [ SQL语句 ] : SELECT COUNT(*) AS tp_count FROM `hou_product` WHERE ( pro_pid=1 and bid=1 and product_ditch='对接接口销售' ) LIMIT 1  

[ 2017-06-05T13:59:35+08:00 ] ::1 /yjc/lby/index.php/Product/index.html
ERR: 1054:Unknown column 'bid' in 'where clause'
 [ SQL语句 ] : SELECT COUNT(*) AS tp_count FROM `hou_product` WHERE ( pro_pid=1 and bid=1 ) LIMIT 1  

[ 2017-06-05T14:00:18+08:00 ] ::1 /yjc/lby/index.php/Product/index.html
ERR: 1054:Unknown column 'bid' in 'where clause'
 [ SQL语句 ] : SELECT COUNT(*) AS tp_count FROM `hou_product` WHERE ( pro_pid=1 and bid=3 and product_ditch='PC网' ) LIMIT 1  

[ 2017-06-05T14:02:22+08:00 ] ::1 /yjc/lby/index.php/Admin/Index/index1.html
ERR: 非法操作:index1

[ 2017-06-05T14:04:38+08:00 ] ::1 /yjc/lby/index.php/Product/WdatePicker.css
ERR: 非法操作:WdatePicker.css

[ 2017-06-05T14:04:38+08:00 ] ::1 /yjc/lby/Public/Admin/static/userlist/j/yjc/lby/Public/Admin/static/userlist/query_006.js
ERR: 无法加载控制器:Public

[ 2017-06-05T14:04:38+08:00 ] ::1 /yjc/lby/Public/Admin/static/userlist/j/yjc/lby/Public/Admin/static/userlist/query_006.js
ERR: 无法加载控制器:Public

[ 2017-06-05T14:04:39+08:00 ] ::1 /yjc/lby/Public/Admin/static/userlist/skin/WdatePicker.css
ERR: 无法加载控制器:Public

[ 2017-06-05T14:04:39+08:00 ] ::1 /yjc/lby/index.php/Product/WdatePicker.css
ERR: 非法操作:WdatePicker.css

[ 2017-06-05T14:05:54+08:00 ] ::1 /yjc/lby/probleminformation/list.do
ERR: 无法加载控制器:Probleminformation

[ 2017-06-05T14:07:49+08:00 ] ::1 /yjc/lby/probleminformation/list.do
ERR: 无法加载控制器:Probleminformation

[ 2017-06-05T14:07:54+08:00 ] ::1 /yjc/lby/Public/Admin/static/userlist/j/yjc/lby/Public/Admin/static/userlist/query_006.js
ERR: 无法加载控制器:Public

[ 2017-06-05T14:07:54+08:00 ] ::1 /yjc/lby/index.php/Product/WdatePicker.css
ERR: 非法操作:WdatePicker.css

[ 2017-06-05T14:07:54+08:00 ] ::1 /yjc/lby/Public/Admin/static/userlist/j/yjc/lby/Public/Admin/static/userlist/query_006.js
ERR: 无法加载控制器:Public

[ 2017-06-05T14:07:54+08:00 ] ::1 /yjc/lby/index.php/Product/WdatePicker.css
ERR: 非法操作:WdatePicker.css

[ 2017-06-05T14:07:54+08:00 ] ::1 /yjc/lby/Public/Admin/static/userlist/skin/WdatePicker.css
ERR: 无法加载控制器:Public

[ 2017-06-05T14:08:18+08:00 ] ::1 /yjc/lby/probleminformation/list.do
ERR: 无法加载控制器:Probleminformation

[ 2017-06-05T15:04:20+08:00 ] ::1 /yjc/lby/probleminformation/list.do
ERR: 无法加载控制器:Probleminformation

[ 2017-06-05T15:04:34+08:00 ] ::1 /yjc/lby/probleminformation/list.do
ERR: 无法加载控制器:Probleminformation

[ 2017-06-05T15:04:44+08:00 ] ::1 /yjc/lby/probleminformation/list.do
ERR: 无法加载控制器:Probleminformation

[ 2017-06-05T15:05:55+08:00 ] ::1 /yjc/lby/probleminformation/list.do
ERR: 无法加载控制器:Probleminformation

[ 2017-06-05T15:06:29+08:00 ] ::1 /yjc/lby/probleminformation/list.do
ERR: 无法加载控制器:Probleminformation

[ 2017-06-05T15:06:30+08:00 ] ::1 /yjc/lby/probleminformation/list.do
ERR: 无法加载控制器:Probleminformation

[ 2017-06-05T15:07:19+08:00 ] ::1 /yjc/lby/probleminformation/list.do
ERR: 无法加载控制器:Probleminformation

[ 2017-06-05T15:12:13+08:00 ] ::1 /yjc/lby/probleminformation/list.do
ERR: 无法加载控制器:Probleminformation

[ 2017-06-05T15:12:27+08:00 ] ::1 /yjc/lby/probleminformation/list.do
ERR: 无法加载控制器:Probleminformation

[ 2017-06-05T15:12:35+08:00 ] ::1 /yjc/lby/probleminformation/list.do
ERR: 无法加载控制器:Probleminformation

[ 2017-06-05T15:12:44+08:00 ] ::1 /yjc/lby/probleminformation/list.do
ERR: 无法加载控制器:Probleminformation

[ 2017-06-05T15:28:29+08:00 ] ::1 /yjc/lby/Public/Admin/static/userlist/j/yjc/lby/Public/Admin/static/userlist/query_006.js
ERR: 无法加载控制器:Public

[ 2017-06-05T15:28:29+08:00 ] ::1 /yjc/lby/index.php/Product/WdatePicker.css
ERR: 非法操作:WdatePicker.css

[ 2017-06-05T15:28:30+08:00 ] ::1 /yjc/lby/Public/Admin/static/userlist/j/yjc/lby/Public/Admin/static/userlist/query_006.js
ERR: 无法加载控制器:Public

[ 2017-06-05T15:28:30+08:00 ] ::1 /yjc/lby/index.php/Product/WdatePicker.css
ERR: 非法操作:WdatePicker.css

[ 2017-06-05T15:28:30+08:00 ] ::1 /yjc/lby/Public/Admin/static/userlist/skin/WdatePicker.css
ERR: 无法加载控制器:Public

[ 2017-06-05T15:38:09+08:00 ] ::1 /yjc/lby/Public/Admin/static/userlist/j/yjc/lby/Public/Admin/static/userlist/query_006.js
ERR: 无法加载控制器:Public

[ 2017-06-05T15:38:09+08:00 ] ::1 /yjc/lby/index.php/Product/WdatePicker.css
ERR: 非法操作:WdatePicker.css

[ 2017-06-05T15:38:09+08:00 ] ::1 /yjc/lby/Public/Admin/static/userlist/j/yjc/lby/Public/Admin/static/userlist/query_006.js
ERR: 无法加载控制器:Public

[ 2017-06-05T15:38:09+08:00 ] ::1 /yjc/lby/index.php/Product/WdatePicker.css
ERR: 非法操作:WdatePicker.css

[ 2017-06-05T15:38:09+08:00 ] ::1 /yjc/lby/Public/Admin/static/userlist/skin/WdatePicker.css
ERR: 无法加载控制器:Public

[ 2017-06-05T15:54:08+08:00 ] ::1 /yjc/lby/probleminformation/list.do
ERR: 无法加载控制器:Probleminformation

[ 2017-06-05T15:54:13+08:00 ] ::1 /yjc/lby/index.php/Product/WdatePicker.css
ERR: 非法操作:WdatePicker.css

[ 2017-06-05T15:54:13+08:00 ] ::1 /yjc/lby/Public/Admin/static/userlist/j/yjc/lby/Public/Admin/static/userlist/query_006.js
ERR: 无法加载控制器:Public

[ 2017-06-05T15:54:13+08:00 ] ::1 /yjc/lby/Public/Admin/static/userlist/j/yjc/lby/Public/Admin/static/userlist/query_006.js
ERR: 无法加载控制器:Public

[ 2017-06-05T15:54:13+08:00 ] ::1 /yjc/lby/Public/Admin/static/userlist/skin/WdatePicker.css
ERR: 无法加载控制器:Public

[ 2017-06-05T15:54:13+08:00 ] ::1 /yjc/lby/index.php/Product/WdatePicker.css
ERR: 非法操作:WdatePicker.css

[ 2017-06-05T15:54:27+08:00 ] ::1 /yjc/lby/index.php/Product/WdatePicker.css
ERR: 非法操作:WdatePicker.css

[ 2017-06-05T15:54:27+08:00 ] ::1 /yjc/lby/Public/Admin/static/userlist/j/yjc/lby/Public/Admin/static/userlist/query_006.js
ERR: 无法加载控制器:Public

[ 2017-06-05T15:54:27+08:00 ] ::1 /yjc/lby/Public/Admin/static/userlist/j/yjc/lby/Public/Admin/static/userlist/query_006.js
ERR: 无法加载控制器:Public

[ 2017-06-05T15:54:27+08:00 ] ::1 /yjc/lby/index.php/Product/WdatePicker.css
ERR: 非法操作:WdatePicker.css

[ 2017-06-05T15:54:27+08:00 ] ::1 /yjc/lby/Public/Admin/static/userlist/skin/WdatePicker.css
ERR: 无法加载控制器:Public

[ 2017-06-05T15:55:24+08:00 ] ::1 /yjc/lby/index.php/Product/WdatePicker.css
ERR: 非法操作:WdatePicker.css

[ 2017-06-05T15:55:24+08:00 ] ::1 /yjc/lby/Public/Admin/static/userlist/j/yjc/lby/Public/Admin/static/userlist/query_006.js
ERR: 无法加载控制器:Public

[ 2017-06-05T15:55:24+08:00 ] ::1 /yjc/lby/Public/Admin/static/userlist/j/yjc/lby/Public/Admin/static/userlist/query_006.js
ERR: 无法加载控制器:Public

[ 2017-06-05T15:55:24+08:00 ] ::1 /yjc/lby/index.php/Product/WdatePicker.css
ERR: 非法操作:WdatePicker.css

[ 2017-06-05T15:55:24+08:00 ] ::1 /yjc/lby/Public/Admin/static/userlist/skin/WdatePicker.css
ERR: 无法加载控制器:Public

[ 2017-06-05T15:56:34+08:00 ] ::1 /yjc/lby/Public/Admin/static/userlist/j/yjc/lby/Public/Admin/static/userlist/query_006.js
ERR: 无法加载控制器:Public

[ 2017-06-05T15:56:34+08:00 ] ::1 /yjc/lby/index.php/Product/WdatePicker.css
ERR: 非法操作:WdatePicker.css

[ 2017-06-05T15:56:34+08:00 ] ::1 /yjc/lby/Public/Admin/static/userlist/j/yjc/lby/Public/Admin/static/userlist/query_006.js
ERR: 无法加载控制器:Public

[ 2017-06-05T15:56:34+08:00 ] ::1 /yjc/lby/Public/Admin/static/userlist/skin/WdatePicker.css
ERR: 无法加载控制器:Public

[ 2017-06-05T15:56:34+08:00 ] ::1 /yjc/lby/index.php/Product/WdatePicker.css
ERR: 非法操作:WdatePicker.css

[ 2017-06-05T16:00:13+08:00 ] ::1 /yjc/lby/probleminformation/list.do
ERR: 无法加载控制器:Probleminformation

[ 2017-06-05T16:23:44+08:00 ] ::1 /yjc/lby/probleminformation/list.do
ERR: 无法加载控制器:Probleminformation

[ 2017-06-05T16:23:46+08:00 ] ::1 /yjc/lby/probleminformation/list.do
ERR: 无法加载控制器:Probleminformation

[ 2017-06-05T16:23:48+08:00 ] ::1 /yjc/lby/probleminformation/list.do
ERR: 无法加载控制器:Probleminformation

[ 2017-06-05T16:25:17+08:00 ] ::1 /yjc/lby/Public/Admin/static/userlist/j/yjc/lby/Public/Admin/static/userlist/query_006.js
ERR: 无法加载控制器:Public

[ 2017-06-05T16:25:17+08:00 ] ::1 /yjc/lby/index.php/Product/WdatePicker.css
ERR: 非法操作:WdatePicker.css

[ 2017-06-05T16:25:17+08:00 ] ::1 /yjc/lby/Public/Admin/static/userlist/j/yjc/lby/Public/Admin/static/userlist/query_006.js
ERR: 无法加载控制器:Public

[ 2017-06-05T16:25:17+08:00 ] ::1 /yjc/lby/Public/Admin/static/userlist/skin/WdatePicker.css
ERR: 无法加载控制器:Public

[ 2017-06-05T16:25:17+08:00 ] ::1 /yjc/lby/index.php/Product/WdatePicker.css
ERR: 非法操作:WdatePicker.css

[ 2017-06-05T16:25:23+08:00 ] ::1 /yjc/lby/index.php/Extension/index.html
ERR: 模板不存在:./Application/Admin/View/Extension/index.html

[ 2017-06-05T16:25:25+08:00 ] ::1 /yjc/lby/index.php/Extension/index.html
ERR: 模板不存在:./Application/Admin/View/Extension/index.html

[ 2017-06-05T16:25:30+08:00 ] ::1 /yjc/lby/index.php/Extension/index.html
ERR: 模板不存在:./Application/Admin/View/Extension/index.html

[ 2017-06-05T17:05:00+08:00 ] ::1 /yjc/lby/index.php/Admin/Company/edit.html?companyinfo_id=
ERR: 无法加载控制器:Company

[ 2017-06-05T17:09:06+08:00 ] ::1 /yjc/lby/index.php/Admin/Company/edit.html?companyinfo_id=
ERR: 无法加载控制器:Company

[ 2017-06-05T17:12:44+08:00 ] ::1 /yjc/lby/index.php/Admin/Company/edit.html?companyinfo_id=
ERR: 无法加载控制器:Company

[ 2017-06-05T17:16:40+08:00 ] ::1 /yjc/lby/index.php/Admin/Company/edit.html?companyinfo_id=
ERR: 无法加载控制器:Company

[ 2017-06-05T17:24:26+08:00 ] ::1 /yjc/lby/index.php/Admin/Index/index1.html
ERR: 非法操作:index1

[ 2017-06-05T17:59:05+08:00 ] ::1 /yjc/lby/index.php/Admin/Company/edit.html?companyinfo_id=
ERR: 无法加载控制器:Company

[ 2017-06-05T18:02:20+08:00 ] ::1 /yjc/lby/index.php/Admin/Index/index1.html
ERR: 非法操作:index1

[ 2017-06-05T18:05:40+08:00 ] ::1 /yjc/lby/index.php/Extension/companyinfo/list.do
ERR: 非法操作:companyinfo

[ 2017-06-05T18:19:02+08:00 ] ::1 /yjc/lby/index.php/Admin/Index/index1.html
ERR: 非法操作:index1

[ 2017-06-05T18:19:05+08:00 ] ::1 /yjc/lby/index.php/Admin/Index/index1.html
ERR: 非法操作:index1

[ 2017-06-05T18:34:25+08:00 ] ::1 /yjc/lby/index.php/Admin/Index/index1.html
ERR: 非法操作:index1

[ 2017-06-05T19:12:04+08:00 ] ::1 /yjc/lby/index.php/Extension/WdatePicker.css
ERR: 非法操作:WdatePicker.css

[ 2017-06-05T19:12:04+08:00 ] ::1 /yjc/lby/Public/Admin/static/userlist/j/yjc/lby/Public/Admin/static/userlist/query_006.js
ERR: 无法加载控制器:Public

[ 2017-06-05T19:12:04+08:00 ] ::1 /yjc/lby/Public/Admin/static/userlist/j/yjc/lby/Public/Admin/static/userlist/query_006.js
ERR: 无法加载控制器:Public

[ 2017-06-05T19:12:04+08:00 ] ::1 /yjc/lby/index.php/Extension/WdatePicker.css
ERR: 非法操作:WdatePicker.css

[ 2017-06-05T19:12:04+08:00 ] ::1 /yjc/lby/Public/Admin/static/userlist/skin/WdatePicker.css
ERR: 无法加载控制器:Public

[ 2017-06-05T19:12:46+08:00 ] ::1 /yjc/lby/index.php/Extension/WdatePicker.css
ERR: 非法操作:WdatePicker.css

[ 2017-06-05T19:12:46+08:00 ] ::1 /yjc/lby/Public/Admin/static/userlist/j/yjc/lby/Public/Admin/static/userlist/query_006.js
ERR: 无法加载控制器:Public

[ 2017-06-05T19:12:46+08:00 ] ::1 /yjc/lby/Public/Admin/static/userlist/j/yjc/lby/Public/Admin/static/userlist/query_006.js
ERR: 无法加载控制器:Public

[ 2017-06-05T19:12:46+08:00 ] ::1 /yjc/lby/index.php/Extension/WdatePicker.css
ERR: 非法操作:WdatePicker.css

[ 2017-06-05T19:12:46+08:00 ] ::1 /yjc/lby/Public/Admin/static/userlist/skin/WdatePicker.css
ERR: 无法加载控制器:Public

[ 2017-06-05T19:13:41+08:00 ] ::1 /yjc/lby/Public/Admin/static/userlist/j/yjc/lby/Public/Admin/static/userlist/query_006.js
ERR: 无法加载控制器:Public

[ 2017-06-05T19:13:41+08:00 ] ::1 /yjc/lby/index.php/Extension/WdatePicker.css
ERR: 非法操作:WdatePicker.css

[ 2017-06-05T19:13:41+08:00 ] ::1 /yjc/lby/Public/Admin/static/userlist/j/yjc/lby/Public/Admin/static/userlist/query_006.js
ERR: 无法加载控制器:Public

[ 2017-06-05T19:13:42+08:00 ] ::1 /yjc/lby/index.php/Extension/WdatePicker.css
ERR: 非法操作:WdatePicker.css

[ 2017-06-05T19:13:42+08:00 ] ::1 /yjc/lby/Public/Admin/static/userlist/skin/WdatePicker.css
ERR: 无法加载控制器:Public

[ 2017-06-05T19:13:58+08:00 ] ::1 /yjc/lby/Public/Admin/static/userlist/j/yjc/lby/Public/Admin/static/userlist/query_006.js
ERR: 无法加载控制器:Public

[ 2017-06-05T19:13:58+08:00 ] ::1 /yjc/lby/index.php/Extension/WdatePicker.css
ERR: 非法操作:WdatePicker.css

[ 2017-06-05T19:13:58+08:00 ] ::1 /yjc/lby/Public/Admin/static/userlist/j/yjc/lby/Public/Admin/static/userlist/query_006.js
ERR: 无法加载控制器:Public

[ 2017-06-05T19:13:58+08:00 ] ::1 /yjc/lby/index.php/Extension/WdatePicker.css
ERR: 非法操作:WdatePicker.css

[ 2017-06-05T19:13:58+08:00 ] ::1 /yjc/lby/Public/Admin/static/userlist/skin/WdatePicker.css
ERR: 无法加载控制器:Public

[ 2017-06-05T19:14:12+08:00 ] ::1 /yjc/lby/index.php/Admin/Index/index1.html
ERR: 非法操作:index1

[ 2017-06-05T19:14:20+08:00 ] ::1 /yjc/lby/Public/Admin/static/userlist/j/yjc/lby/Public/Admin/static/userlist/query_006.js
ERR: 无法加载控制器:Public

[ 2017-06-05T19:14:20+08:00 ] ::1 /yjc/lby/index.php/Extension/WdatePicker.css
ERR: 非法操作:WdatePicker.css

[ 2017-06-05T19:14:21+08:00 ] ::1 /yjc/lby/Public/Admin/static/userlist/j/yjc/lby/Public/Admin/static/userlist/query_006.js
ERR: 无法加载控制器:Public

[ 2017-06-05T19:14:21+08:00 ] ::1 /yjc/lby/index.php/Extension/WdatePicker.css
ERR: 非法操作:WdatePicker.css

[ 2017-06-05T19:14:21+08:00 ] ::1 /yjc/lby/Public/Admin/static/userlist/skin/WdatePicker.css
ERR: 无法加载控制器:Public

[ 2017-06-05T19:14:35+08:00 ] ::1 /yjc/lby/Public/Admin/static/userlist/j/yjc/lby/Public/Admin/static/userlist/query_006.js
ERR: 无法加载控制器:Public

[ 2017-06-05T19:14:35+08:00 ] ::1 /yjc/lby/index.php/Extension/WdatePicker.css
ERR: 非法操作:WdatePicker.css

[ 2017-06-05T19:14:35+08:00 ] ::1 /yjc/lby/Public/Admin/static/userlist/j/yjc/lby/Public/Admin/static/userlist/query_006.js
ERR: 无法加载控制器:Public

[ 2017-06-05T19:14:35+08:00 ] ::1 /yjc/lby/index.php/Extension/WdatePicker.css
ERR: 非法操作:WdatePicker.css

[ 2017-06-05T19:14:35+08:00 ] ::1 /yjc/lby/Public/Admin/static/userlist/skin/WdatePicker.css
ERR: 无法加载控制器:Public

[ 2017-06-05T19:14:59+08:00 ] ::1 /yjc/lby/Public/Admin/static/userlist/j/yjc/lby/Public/Admin/static/userlist/query_006.js
ERR: 无法加载控制器:Public

[ 2017-06-05T19:14:59+08:00 ] ::1 /yjc/lby/index.php/Extension/WdatePicker.css
ERR: 非法操作:WdatePicker.css

[ 2017-06-05T19:14:59+08:00 ] ::1 /yjc/lby/Public/Admin/static/userlist/j/yjc/lby/Public/Admin/static/userlist/query_006.js
ERR: 无法加载控制器:Public

[ 2017-06-05T19:14:59+08:00 ] ::1 /yjc/lby/index.php/Extension/WdatePicker.css
ERR: 非法操作:WdatePicker.css

[ 2017-06-05T19:14:59+08:00 ] ::1 /yjc/lby/Public/Admin/static/userlist/skin/WdatePicker.css
ERR: 无法加载控制器:Public

[ 2017-06-05T19:15:11+08:00 ] ::1 /yjc/lby/Public/Admin/static/userlist/j/yjc/lby/Public/Admin/static/userlist/query_006.js
ERR: 无法加载控制器:Public

[ 2017-06-05T19:15:11+08:00 ] ::1 /yjc/lby/index.php/Extension/WdatePicker.css
ERR: 非法操作:WdatePicker.css

[ 2017-06-05T19:15:11+08:00 ] ::1 /yjc/lby/Public/Admin/static/userlist/j/yjc/lby/Public/Admin/static/userlist/query_006.js
ERR: 无法加载控制器:Public

[ 2017-06-05T19:15:11+08:00 ] ::1 /yjc/lby/Public/Admin/static/userlist/skin/WdatePicker.css
ERR: 无法加载控制器:Public

[ 2017-06-05T19:15:11+08:00 ] ::1 /yjc/lby/index.php/Extension/WdatePicker.css
ERR: 非法操作:WdatePicker.css

[ 2017-06-05T19:18:17+08:00 ] ::1 /yjc/lby/Public/Admin/static/userlist/j/yjc/lby/Public/Admin/static/userlist/query_006.js
ERR: 无法加载控制器:Public

[ 2017-06-05T19:18:17+08:00 ] ::1 /yjc/lby/index.php/Extension/WdatePicker.css
ERR: 非法操作:WdatePicker.css

[ 2017-06-05T19:18:17+08:00 ] ::1 /yjc/lby/Public/Admin/static/userlist/j/yjc/lby/Public/Admin/static/userlist/query_006.js
ERR: 无法加载控制器:Public

[ 2017-06-05T19:18:17+08:00 ] ::1 /yjc/lby/Public/Admin/static/userlist/skin/WdatePicker.css
ERR: 无法加载控制器:Public

[ 2017-06-05T19:18:17+08:00 ] ::1 /yjc/lby/index.php/Extension/WdatePicker.css
ERR: 非法操作:WdatePicker.css

[ 2017-06-05T19:18:37+08:00 ] ::1 /yjc/lby/Public/Admin/static/userlist/j/yjc/lby/Public/Admin/static/userlist/query_006.js
ERR: 无法加载控制器:Public

[ 2017-06-05T19:18:37+08:00 ] ::1 /yjc/lby/index.php/Extension/WdatePicker.css
ERR: 非法操作:WdatePicker.css

[ 2017-06-05T19:18:37+08:00 ] ::1 /yjc/lby/Public/Admin/static/userlist/j/yjc/lby/Public/Admin/static/userlist/query_006.js
ERR: 无法加载控制器:Public

[ 2017-06-05T19:18:37+08:00 ] ::1 /yjc/lby/index.php/Extension/WdatePicker.css
ERR: 非法操作:WdatePicker.css

[ 2017-06-05T19:18:37+08:00 ] ::1 /yjc/lby/Public/Admin/static/userlist/skin/WdatePicker.css
ERR: 无法加载控制器:Public

[ 2017-06-05T19:18:58+08:00 ] ::1 /yjc/lby/Public/Admin/static/userlist/j/yjc/lby/Public/Admin/static/userlist/query_006.js
ERR: 无法加载控制器:Public

[ 2017-06-05T19:18:58+08:00 ] ::1 /yjc/lby/index.php/Extension/WdatePicker.css
ERR: 非法操作:WdatePicker.css

[ 2017-06-05T19:18:58+08:00 ] ::1 /yjc/lby/Public/Admin/static/userlist/j/yjc/lby/Public/Admin/static/userlist/query_006.js
ERR: 无法加载控制器:Public

[ 2017-06-05T19:18:58+08:00 ] ::1 /yjc/lby/index.php/Extension/WdatePicker.css
ERR: 非法操作:WdatePicker.css

[ 2017-06-05T19:18:58+08:00 ] ::1 /yjc/lby/Public/Admin/static/userlist/skin/WdatePicker.css
ERR: 无法加载控制器:Public

[ 2017-06-05T19:24:25+08:00 ] ::1 /yjc/lby/index.php/Extension/WdatePicker.css
ERR: 非法操作:WdatePicker.css

[ 2017-06-05T19:24:25+08:00 ] ::1 /yjc/lby/Public/Admin/static/userlist/j/yjc/lby/Public/Admin/static/userlist/query_006.js
ERR: 无法加载控制器:Public

[ 2017-06-05T19:24:25+08:00 ] ::1 /yjc/lby/Public/Admin/static/userlist/j/yjc/lby/Public/Admin/static/userlist/query_006.js
ERR: 无法加载控制器:Public

[ 2017-06-05T19:24:25+08:00 ] ::1 /yjc/lby/index.php/Extension/WdatePicker.css
ERR: 非法操作:WdatePicker.css

[ 2017-06-05T19:24:25+08:00 ] ::1 /yjc/lby/Public/Admin/static/userlist/skin/WdatePicker.css
ERR: 无法加载控制器:Public

[ 2017-06-05T19:26:11+08:00 ] ::1 /yjc/lby/Public/Admin/static/userlist/j/yjc/lby/Public/Admin/static/userlist/query_006.js
ERR: 无法加载控制器:Public

[ 2017-06-05T19:26:11+08:00 ] ::1 /yjc/lby/index.php/Extension/WdatePicker.css
ERR: 非法操作:WdatePicker.css

[ 2017-06-05T19:26:11+08:00 ] ::1 /yjc/lby/Public/Admin/static/userlist/j/yjc/lby/Public/Admin/static/userlist/query_006.js
ERR: 无法加载控制器:Public

[ 2017-06-05T19:26:11+08:00 ] ::1 /yjc/lby/index.php/Extension/WdatePicker.css
ERR: 非法操作:WdatePicker.css

[ 2017-06-05T19:26:11+08:00 ] ::1 /yjc/lby/Public/Admin/static/userlist/skin/WdatePicker.css
ERR: 无法加载控制器:Public

[ 2017-06-05T19:27:40+08:00 ] ::1 /yjc/lby/index.php/Extension/WdatePicker.css
ERR: 非法操作:WdatePicker.css

[ 2017-06-05T19:27:40+08:00 ] ::1 /yjc/lby/Public/Admin/static/userlist/j/yjc/lby/Public/Admin/static/userlist/query_006.js
ERR: 无法加载控制器:Public

[ 2017-06-05T19:27:40+08:00 ] ::1 /yjc/lby/Public/Admin/static/userlist/j/yjc/lby/Public/Admin/static/userlist/query_006.js
ERR: 无法加载控制器:Public

[ 2017-06-05T19:27:40+08:00 ] ::1 /yjc/lby/index.php/Extension/WdatePicker.css
ERR: 非法操作:WdatePicker.css

[ 2017-06-05T19:27:40+08:00 ] ::1 /yjc/lby/Public/Admin/static/userlist/skin/WdatePicker.css
ERR: 无法加载控制器:Public

[ 2017-06-05T19:28:52+08:00 ] ::1 /yjc/lby/index.php/Extension/WdatePicker.css
ERR: 非法操作:WdatePicker.css

[ 2017-06-05T19:28:52+08:00 ] ::1 /yjc/lby/Public/Admin/static/userlist/j/yjc/lby/Public/Admin/static/userlist/query_006.js
ERR: 无法加载控制器:Public

[ 2017-06-05T19:28:52+08:00 ] ::1 /yjc/lby/Public/Admin/static/userlist/j/yjc/lby/Public/Admin/static/userlist/query_006.js
ERR: 无法加载控制器:Public

[ 2017-06-05T19:28:52+08:00 ] ::1 /yjc/lby/index.php/Extension/WdatePicker.css
ERR: 非法操作:WdatePicker.css

[ 2017-06-05T19:28:52+08:00 ] ::1 /yjc/lby/Public/Admin/static/userlist/skin/WdatePicker.css
ERR: 无法加载控制器:Public

[ 2017-06-05T19:29:03+08:00 ] ::1 /yjc/lby/index.php/Product/upda_save.html
ERR: 非法操作:upda_save

[ 2017-06-05T19:31:04+08:00 ] ::1 /yjc/lby/index.php/Extension/WdatePicker.css
ERR: 非法操作:WdatePicker.css

[ 2017-06-05T19:31:04+08:00 ] ::1 /yjc/lby/Public/Admin/static/userlist/j/yjc/lby/Public/Admin/static/userlist/query_006.js
ERR: 无法加载控制器:Public

[ 2017-06-05T19:31:04+08:00 ] ::1 /yjc/lby/Public/Admin/static/userlist/j/yjc/lby/Public/Admin/static/userlist/query_006.js
ERR: 无法加载控制器:Public

[ 2017-06-05T19:31:04+08:00 ] ::1 /yjc/lby/index.php/Extension/WdatePicker.css
ERR: 非法操作:WdatePicker.css

[ 2017-06-05T19:31:04+08:00 ] ::1 /yjc/lby/Public/Admin/static/userlist/skin/WdatePicker.css
ERR: 无法加载控制器:Public

[ 2017-06-05T19:31:18+08:00 ] ::1 /yjc/lby/Public/Admin/static/userlist/j/yjc/lby/Public/Admin/static/userlist/query_006.js
ERR: 无法加载控制器:Public

[ 2017-06-05T19:31:18+08:00 ] ::1 /yjc/lby/index.php/Extension/WdatePicker.css
ERR: 非法操作:WdatePicker.css

[ 2017-06-05T19:31:18+08:00 ] ::1 /yjc/lby/Public/Admin/static/userlist/j/yjc/lby/Public/Admin/static/userlist/query_006.js
ERR: 无法加载控制器:Public

[ 2017-06-05T19:31:18+08:00 ] ::1 /yjc/lby/index.php/Extension/WdatePicker.css
ERR: 非法操作:WdatePicker.css

[ 2017-06-05T19:31:18+08:00 ] ::1 /yjc/lby/Public/Admin/static/userlist/skin/WdatePicker.css
ERR: 无法加载控制器:Public

[ 2017-06-05T19:33:50+08:00 ] ::1 /yjc/lby/Public/Admin/static/userlist/j/yjc/lby/Public/Admin/static/userlist/query_006.js
ERR: 无法加载控制器:Public

[ 2017-06-05T19:33:50+08:00 ] ::1 /yjc/lby/index.php/Extension/WdatePicker.css
ERR: 非法操作:WdatePicker.css

[ 2017-06-05T19:33:51+08:00 ] ::1 /yjc/lby/Public/Admin/static/userlist/j/yjc/lby/Public/Admin/static/userlist/query_006.js
ERR: 无法加载控制器:Public

[ 2017-06-05T19:33:51+08:00 ] ::1 /yjc/lby/index.php/Extension/WdatePicker.css
ERR: 非法操作:WdatePicker.css

[ 2017-06-05T19:33:51+08:00 ] ::1 /yjc/lby/Public/Admin/static/userlist/skin/WdatePicker.css
ERR: 无法加载控制器:Public

[ 2017-06-05T19:34:36+08:00 ] ::1 /yjc/lby/Public/Admin/static/userlist/j/yjc/lby/Public/Admin/static/userlist/query_006.js
ERR: 无法加载控制器:Public

[ 2017-06-05T19:34:36+08:00 ] ::1 /yjc/lby/index.php/Extension/WdatePicker.css
ERR: 非法操作:WdatePicker.css

[ 2017-06-05T19:34:36+08:00 ] ::1 /yjc/lby/Public/Admin/static/userlist/j/yjc/lby/Public/Admin/static/userlist/query_006.js
ERR: 无法加载控制器:Public

[ 2017-06-05T19:34:36+08:00 ] ::1 /yjc/lby/index.php/Extension/WdatePicker.css
ERR: 非法操作:WdatePicker.css

[ 2017-06-05T19:34:36+08:00 ] ::1 /yjc/lby/Public/Admin/static/userlist/skin/WdatePicker.css
ERR: 无法加载控制器:Public

[ 2017-06-05T19:34:40+08:00 ] ::1 /yjc/lby/index.php/Extension/WdatePicker.css
ERR: 非法操作:WdatePicker.css

[ 2017-06-05T19:34:40+08:00 ] ::1 /yjc/lby/Public/Admin/static/userlist/j/yjc/lby/Public/Admin/static/userlist/query_006.js
ERR: 无法加载控制器:Public

[ 2017-06-05T19:34:40+08:00 ] ::1 /yjc/lby/Public/Admin/static/userlist/j/yjc/lby/Public/Admin/static/userlist/query_006.js
ERR: 无法加载控制器:Public

[ 2017-06-05T19:34:40+08:00 ] ::1 /yjc/lby/index.php/Extension/WdatePicker.css
ERR: 非法操作:WdatePicker.css

[ 2017-06-05T19:34:40+08:00 ] ::1 /yjc/lby/Public/Admin/static/userlist/skin/WdatePicker.css
ERR: 无法加载控制器:Public

[ 2017-06-05T19:35:21+08:00 ] ::1 /yjc/lby/Public/Admin/static/userlist/j/yjc/lby/Public/Admin/static/userlist/query_006.js
ERR: 无法加载控制器:Public

[ 2017-06-05T19:35:21+08:00 ] ::1 /yjc/lby/index.php/Extension/WdatePicker.css
ERR: 非法操作:WdatePicker.css

[ 2017-06-05T19:35:22+08:00 ] ::1 /yjc/lby/Public/Admin/static/userlist/j/yjc/lby/Public/Admin/static/userlist/query_006.js
ERR: 无法加载控制器:Public

[ 2017-06-05T19:35:22+08:00 ] ::1 /yjc/lby/index.php/Extension/WdatePicker.css
ERR: 非法操作:WdatePicker.css

[ 2017-06-05T19:35:22+08:00 ] ::1 /yjc/lby/Public/Admin/static/userlist/skin/WdatePicker.css
ERR: 无法加载控制器:Public

[ 2017-06-05T19:35:27+08:00 ] ::1 /yjc/lby/Public/Admin/static/userlist/j/yjc/lby/Public/Admin/static/userlist/query_006.js
ERR: 无法加载控制器:Public

[ 2017-06-05T19:35:27+08:00 ] ::1 /yjc/lby/index.php/Extension/WdatePicker.css
ERR: 非法操作:WdatePicker.css

[ 2017-06-05T19:35:27+08:00 ] ::1 /yjc/lby/Public/Admin/static/userlist/j/yjc/lby/Public/Admin/static/userlist/query_006.js
ERR: 无法加载控制器:Public

[ 2017-06-05T19:35:27+08:00 ] ::1 /yjc/lby/index.php/Extension/WdatePicker.css
ERR: 非法操作:WdatePicker.css

[ 2017-06-05T19:35:27+08:00 ] ::1 /yjc/lby/Public/Admin/static/userlist/skin/WdatePicker.css
ERR: 无法加载控制器:Public

[ 2017-06-05T19:35:30+08:00 ] ::1 /yjc/lby/index.php/Admin/Index/index1.html
ERR: 非法操作:index1

[ 2017-06-05T19:35:37+08:00 ] ::1 /yjc/lby/Public/Admin/static/userlist/j/yjc/lby/Public/Admin/static/userlist/query_006.js
ERR: 无法加载控制器:Public

[ 2017-06-05T19:35:37+08:00 ] ::1 /yjc/lby/index.php/Extension/WdatePicker.css
ERR: 非法操作:WdatePicker.css

[ 2017-06-05T19:35:37+08:00 ] ::1 /yjc/lby/Public/Admin/static/userlist/j/yjc/lby/Public/Admin/static/userlist/query_006.js
ERR: 无法加载控制器:Public

[ 2017-06-05T19:35:37+08:00 ] ::1 /yjc/lby/index.php/Extension/WdatePicker.css
ERR: 非法操作:WdatePicker.css

[ 2017-06-05T19:35:37+08:00 ] ::1 /yjc/lby/Public/Admin/static/userlist/skin/WdatePicker.css
ERR: 无法加载控制器:Public

[ 2017-06-05T19:35:43+08:00 ] ::1 /yjc/lby/Public/Admin/static/userlist/j/yjc/lby/Public/Admin/static/userlist/query_006.js
ERR: 无法加载控制器:Public

[ 2017-06-05T19:35:43+08:00 ] ::1 /yjc/lby/index.php/Extension/WdatePicker.css
ERR: 非法操作:WdatePicker.css

[ 2017-06-05T19:35:44+08:00 ] ::1 /yjc/lby/Public/Admin/static/userlist/j/yjc/lby/Public/Admin/static/userlist/query_006.js
ERR: 无法加载控制器:Public

[ 2017-06-05T19:35:44+08:00 ] ::1 /yjc/lby/index.php/Extension/WdatePicker.css
ERR: 非法操作:WdatePicker.css

[ 2017-06-05T19:35:44+08:00 ] ::1 /yjc/lby/Public/Admin/static/userlist/skin/WdatePicker.css
ERR: 无法加载控制器:Public

[ 2017-06-05T19:36:08+08:00 ] ::1 /yjc/lby/Public/Admin/static/userlist/j/yjc/lby/Public/Admin/static/userlist/query_006.js
ERR: 无法加载控制器:Public

[ 2017-06-05T19:36:08+08:00 ] ::1 /yjc/lby/index.php/Extension/WdatePicker.css
ERR: 非法操作:WdatePicker.css

[ 2017-06-05T19:36:08+08:00 ] ::1 /yjc/lby/Public/Admin/static/userlist/j/yjc/lby/Public/Admin/static/userlist/query_006.js
ERR: 无法加载控制器:Public

[ 2017-06-05T19:36:08+08:00 ] ::1 /yjc/lby/index.php/Extension/WdatePicker.css
ERR: 非法操作:WdatePicker.css

[ 2017-06-05T19:36:08+08:00 ] ::1 /yjc/lby/Public/Admin/static/userlist/skin/WdatePicker.css
ERR: 无法加载控制器:Public

