[ 2017-06-27T09:14:05+08:00 ] ::1 /yjc/lby/index.php/Admin/Index/index1.html
ERR: 非法操作:index1

[ 2017-06-27T09:30:05+08:00 ] ::1 /yjc/lby/index.php/Admin/Index/index1.html
ERR: 非法操作:index1

[ 2017-06-27T09:34:21+08:00 ] ::1 /yjc/lby/index.php/Info/style.css
ERR: 非法操作:style.css

[ 2017-06-27T09:34:21+08:00 ] ::1 /yjc/lby/index.php/Info/style.css
ERR: 非法操作:style.css

[ 2017-06-27T10:01:37+08:00 ] ::1 /yjc/lby/index.php/Login/undefined?1498528897522
ERR: 非法操作:undefined

[ 2017-06-27T10:01:49+08:00 ] ::1 /yjc/lby/index.php/Admin/Index/index1.html
ERR: 非法操作:index1

[ 2017-06-27T10:14:12+08:00 ] ::1 /yjc/lby/index.php/Admin/Index/index1.html
ERR: 非法操作:index1

[ 2017-06-27T10:20:19+08:00 ] ::1 /yjc/lby/index.php/Admin/Index/index1.html
ERR: 非法操作:index1

[ 2017-06-27T10:29:40+08:00 ] ::1 /yjc/lby/index.php/Admin/Index/index1.html
ERR: 非法操作:index1

[ 2017-06-27T10:29:44+08:00 ] ::1 /yjc/lby/index.php/Admin/Index/index1.html
ERR: 非法操作:index1

[ 2017-06-27T11:31:40+08:00 ] ::1 /yjc/lby/index.php/Work/tarsh.html?t_id=1
ERR: 非法操作:tarsh

[ 2017-06-27T11:33:51+08:00 ] ::1 /yjc/lby/index.php/Work/WdatePicker.css
ERR: 非法操作:WdatePicker.css

[ 2017-06-27T11:33:51+08:00 ] ::1 /yjc/lby/Public/Admin/static/userlist/skin/WdatePicker.css
ERR: 无法加载控制器:Public

[ 2017-06-27T11:33:51+08:00 ] ::1 /yjc/lby/index.php/Work/WdatePicker.css
ERR: 非法操作:WdatePicker.css

[ 2017-06-27T11:34:42+08:00 ] ::1 /yjc/lby/index.php/Work/WdatePicker.css
ERR: 非法操作:WdatePicker.css

[ 2017-06-27T11:34:42+08:00 ] ::1 /yjc/lby/Public/Admin/static/userlist/skin/WdatePicker.css
ERR: 无法加载控制器:Public

[ 2017-06-27T11:34:42+08:00 ] ::1 /yjc/lby/index.php/Work/WdatePicker.css
ERR: 非法操作:WdatePicker.css

[ 2017-06-27T11:35:50+08:00 ] ::1 /yjc/lby/index.php/Work/WdatePicker.css
ERR: 非法操作:WdatePicker.css

[ 2017-06-27T11:35:50+08:00 ] ::1 /yjc/lby/Public/Admin/static/userlist/skin/WdatePicker.css
ERR: 无法加载控制器:Public

[ 2017-06-27T11:35:50+08:00 ] ::1 /yjc/lby/index.php/Work/WdatePicker.css
ERR: 非法操作:WdatePicker.css

[ 2017-06-27T11:35:54+08:00 ] ::1 /yjc/lby/index.php/Admin/Index/index1.html
ERR: 非法操作:index1

[ 2017-06-27T11:36:02+08:00 ] ::1 /yjc/lby/index.php/Work/WdatePicker.css
ERR: 非法操作:WdatePicker.css

[ 2017-06-27T11:36:02+08:00 ] ::1 /yjc/lby/Public/Admin/static/userlist/skin/WdatePicker.css
ERR: 无法加载控制器:Public

[ 2017-06-27T11:36:02+08:00 ] ::1 /yjc/lby/index.php/Work/WdatePicker.css
ERR: 非法操作:WdatePicker.css

[ 2017-06-27T11:37:12+08:00 ] ::1 /yjc/lby/index.php/Work/WdatePicker.css
ERR: 非法操作:WdatePicker.css

[ 2017-06-27T11:37:12+08:00 ] ::1 /yjc/lby/Public/Admin/static/userlist/skin/WdatePicker.css
ERR: 无法加载控制器:Public

[ 2017-06-27T11:37:12+08:00 ] ::1 /yjc/lby/index.php/Work/WdatePicker.css
ERR: 非法操作:WdatePicker.css

[ 2017-06-27T11:38:01+08:00 ] ::1 /yjc/lby/index.php/Work/WdatePicker.css
ERR: 非法操作:WdatePicker.css

[ 2017-06-27T11:38:01+08:00 ] ::1 /yjc/lby/Public/Admin/static/userlist/skin/WdatePicker.css
ERR: 无法加载控制器:Public

[ 2017-06-27T11:38:01+08:00 ] ::1 /yjc/lby/index.php/Work/WdatePicker.css
ERR: 非法操作:WdatePicker.css

[ 2017-06-27T11:48:32+08:00 ] ::1 /yjc/lby/index.php/Lnstru/WdatePicker.css
ERR: 非法操作:WdatePicker.css

[ 2017-06-27T11:48:32+08:00 ] ::1 /yjc/lby/Public/Admin/static/userlist/j/yjc/lby/Public/Admin/static/userlist/query_006.js
ERR: 无法加载控制器:Public

[ 2017-06-27T11:48:33+08:00 ] ::1 /yjc/lby/Public/Admin/static/userlist/j/yjc/lby/Public/Admin/static/userlist/query_006.js
ERR: 无法加载控制器:Public

[ 2017-06-27T11:48:33+08:00 ] ::1 /yjc/lby/index.php/Lnstru/WdatePicker.css
ERR: 非法操作:WdatePicker.css

[ 2017-06-27T11:48:33+08:00 ] ::1 /yjc/lby/Public/Admin/static/userlist/skin/WdatePicker.css
ERR: 无法加载控制器:Public

[ 2017-06-27T11:48:33+08:00 ] ::1 /yjc/lby/Public/Admin/static/userlist/j/yjc/lby/Public/Admin/static/userlist/query_006.js
ERR: 无法加载控制器:Public

[ 2017-06-27T11:48:33+08:00 ] ::1 /yjc/lby/index.php/Batch/WdatePicker.css
ERR: 非法操作:WdatePicker.css

[ 2017-06-27T11:48:34+08:00 ] ::1 /yjc/lby/Public/Admin/static/userlist/j/yjc/lby/Public/Admin/static/userlist/query_006.js
ERR: 无法加载控制器:Public

[ 2017-06-27T11:48:34+08:00 ] ::1 /yjc/lby/index.php/Batch/WdatePicker.css
ERR: 非法操作:WdatePicker.css

[ 2017-06-27T11:48:34+08:00 ] ::1 /yjc/lby/Public/Admin/static/userlist/skin/WdatePicker.css
ERR: 无法加载控制器:Public

[ 2017-06-27T11:48:37+08:00 ] ::1 /yjc/lby/index.php/Index/instructions/list
ERR: 非法操作:instructions

[ 2017-06-27T11:48:39+08:00 ] ::1 /yjc/lby/index.php/Index/instructions/list
ERR: 非法操作:instructions

[ 2017-06-27T11:48:53+08:00 ] ::1 /yjc/lby/index.php/Index/warranty_card/list.do
ERR: 非法操作:warranty_card

[ 2017-06-27T11:58:23+08:00 ] ::1 /yjc/lby/Public/Admin/static/userlist/j/yjc/lby/Public/Admin/static/userlist/query_006.js
ERR: 无法加载控制器:Public

[ 2017-06-27T11:58:23+08:00 ] ::1 /yjc/lby/index.php/Tian/WdatePicker.css
ERR: 非法操作:WdatePicker.css

[ 2017-06-27T11:58:23+08:00 ] ::1 /yjc/lby/Public/Admin/static/userlist/j/yjc/lby/Public/Admin/static/userlist/query_006.js
ERR: 无法加载控制器:Public

[ 2017-06-27T11:58:23+08:00 ] ::1 /yjc/lby/Public/Admin/static/userlist/skin/WdatePicker.css
ERR: 无法加载控制器:Public

[ 2017-06-27T11:58:23+08:00 ] ::1 /yjc/lby/index.php/Tian/WdatePicker.css
ERR: 非法操作:WdatePicker.css

[ 2017-06-27T12:01:07+08:00 ] ::1 /yjc/lby/index.php/Admin/Index/index1.html
ERR: 非法操作:index1

[ 2017-06-27T12:01:10+08:00 ] ::1 /yjc/lby/index.php/Admin/Index/index1.html
ERR: 非法操作:index1

[ 2017-06-27T12:03:04+08:00 ] ::1 /yjc/lby/index.php/Work/WdatePicker.css
ERR: 非法操作:WdatePicker.css

[ 2017-06-27T12:03:05+08:00 ] ::1 /yjc/lby/Public/Admin/static/userlist/skin/WdatePicker.css
ERR: 无法加载控制器:Public

[ 2017-06-27T12:03:05+08:00 ] ::1 /yjc/lby/index.php/Work/WdatePicker.css
ERR: 非法操作:WdatePicker.css

[ 2017-06-27T13:19:46+08:00 ] ::1 /yjc/lby/index.php/Batch/WdatePicker.css
ERR: 非法操作:WdatePicker.css

[ 2017-06-27T13:19:46+08:00 ] ::1 /yjc/lby/Public/Admin/static/userlist/j/yjc/lby/Public/Admin/static/userlist/query_006.js
ERR: 无法加载控制器:Public

[ 2017-06-27T13:19:47+08:00 ] ::1 /yjc/lby/Public/Admin/static/userlist/j/yjc/lby/Public/Admin/static/userlist/query_006.js
ERR: 无法加载控制器:Public

[ 2017-06-27T13:19:47+08:00 ] ::1 /yjc/lby/Public/Admin/static/userlist/skin/WdatePicker.css
ERR: 无法加载控制器:Public

[ 2017-06-27T13:19:47+08:00 ] ::1 /yjc/lby/index.php/Batch/WdatePicker.css
ERR: 非法操作:WdatePicker.css

[ 2017-06-27T13:19:48+08:00 ] ::1 /yjc/lby/index.php/Index/instructions/list
ERR: 非法操作:instructions

[ 2017-06-27T13:19:48+08:00 ] ::1 /yjc/lby/index.php/Index/instructions/list
ERR: 非法操作:instructions

[ 2017-06-27T13:19:52+08:00 ] ::1 /yjc/lby/index.php/Index/instructions/list
ERR: 非法操作:instructions

[ 2017-06-27T13:19:53+08:00 ] ::1 /yjc/lby/index.php/Index/instructions/list
ERR: 非法操作:instructions

[ 2017-06-27T13:19:54+08:00 ] ::1 /yjc/lby/index.php/Index/instructions/list
ERR: 非法操作:instructions

[ 2017-06-27T14:06:24+08:00 ] ::1 /yjc/lby/index.php/Admin/Index/index1.html
ERR: 非法操作:index1

[ 2017-06-27T14:20:17+08:00 ] ::1 /yjc/lby/warranty_card/list.do
ERR: 无法加载控制器:Warranty_card

[ 2017-06-27T14:21:49+08:00 ] ::1 /yjc/lby/warranty_card/list.do
ERR: 无法加载控制器:Warranty_card

[ 2017-06-27T14:24:13+08:00 ] ::1 /yjc/lby/warranty_card/list.do
ERR: 无法加载控制器:Warranty_card

[ 2017-06-27T14:25:12+08:00 ] ::1 /yjc/lby/index.php/Work/WdatePicker.css
ERR: 非法操作:WdatePicker.css

[ 2017-06-27T14:25:12+08:00 ] ::1 /yjc/lby/Public/Admin/static/userlist/skin/WdatePicker.css
ERR: 无法加载控制器:Public

[ 2017-06-27T14:25:12+08:00 ] ::1 /yjc/lby/index.php/Work/WdatePicker.css
ERR: 非法操作:WdatePicker.css

[ 2017-06-27T14:25:31+08:00 ] ::1 /yjc/lby/warranty_card/list.do
ERR: 无法加载控制器:Warranty_card

[ 2017-06-27T14:25:46+08:00 ] ::1 /yjc/lby/instructions/list
ERR: 无法加载控制器:Instructions

[ 2017-06-27T14:25:49+08:00 ] ::1 /yjc/lby/question/list.do
ERR: 无法加载控制器:Question

[ 2017-06-27T14:25:50+08:00 ] ::1 /yjc/lby/index.php/Info/style.css
ERR: 非法操作:style.css

[ 2017-06-27T14:25:51+08:00 ] ::1 /yjc/lby/index.php/Info/style.css
ERR: 非法操作:style.css

[ 2017-06-27T14:25:51+08:00 ] ::1 /yjc/lby/probleminformation/list.do
ERR: 无法加载控制器:Probleminformation

[ 2017-06-27T14:25:52+08:00 ] ::1 /yjc/lby/probleminformation/list.do
ERR: 无法加载控制器:Probleminformation

[ 2017-06-27T14:30:39+08:00 ] ::1 /yjc/lby/warranty_card/list.do
ERR: 无法加载控制器:Warranty_card

[ 2017-06-27T14:37:08+08:00 ] ::1 /yjc/lby/probleminformation/list.do
ERR: 无法加载控制器:Probleminformation

[ 2017-06-27T14:45:20+08:00 ] ::1 /yjc/lby/index.php/Tian/WdatePicker.css
ERR: 非法操作:WdatePicker.css

[ 2017-06-27T14:45:20+08:00 ] ::1 /yjc/lby/index.php/Tian/WdatePicker.css
ERR: 非法操作:WdatePicker.css

[ 2017-06-27T14:45:20+08:00 ] ::1 /yjc/lby/Public/Admin/static/userlist/skin/WdatePicker.css
ERR: 无法加载控制器:Public

[ 2017-06-27T14:46:00+08:00 ] ::1 /yjc/lby/index.php/Tian/WdatePicker.css
ERR: 非法操作:WdatePicker.css

[ 2017-06-27T14:46:00+08:00 ] ::1 /yjc/lby/index.php/Tian/WdatePicker.css
ERR: 非法操作:WdatePicker.css

[ 2017-06-27T14:46:00+08:00 ] ::1 /yjc/lby/Public/Admin/static/userlist/skin/WdatePicker.css
ERR: 无法加载控制器:Public

[ 2017-06-27T14:46:05+08:00 ] ::1 /yjc/lby/index.php/Tian/WdatePicker.css
ERR: 非法操作:WdatePicker.css

[ 2017-06-27T14:46:06+08:00 ] ::1 /yjc/lby/index.php/Tian/WdatePicker.css
ERR: 非法操作:WdatePicker.css

[ 2017-06-27T14:46:06+08:00 ] ::1 /yjc/lby/Public/Admin/static/userlist/skin/WdatePicker.css
ERR: 无法加载控制器:Public

[ 2017-06-27T14:58:48+08:00 ] ::1 /yjc/lby/index.php/Admin/Index/index1.html
ERR: 非法操作:index1

[ 2017-06-27T15:08:38+08:00 ] ::1 /yjc/lby/index.php/Work/WdatePicker.css
ERR: 非法操作:WdatePicker.css

[ 2017-06-27T15:08:38+08:00 ] ::1 /yjc/lby/Public/Admin/static/userlist/skin/WdatePicker.css
ERR: 无法加载控制器:Public

[ 2017-06-27T15:08:38+08:00 ] ::1 /yjc/lby/index.php/Work/WdatePicker.css
ERR: 非法操作:WdatePicker.css

[ 2017-06-27T15:08:42+08:00 ] ::1 /yjc/lby/index.php/Tian/WdatePicker.css
ERR: 非法操作:WdatePicker.css

[ 2017-06-27T15:08:42+08:00 ] ::1 /yjc/lby/Public/Admin/static/userlist/skin/WdatePicker.css
ERR: 无法加载控制器:Public

[ 2017-06-27T15:08:42+08:00 ] ::1 /yjc/lby/index.php/Tian/WdatePicker.css
ERR: 非法操作:WdatePicker.css

[ 2017-06-27T15:14:05+08:00 ] ::1 /yjc/lby/Public/Admin/static/userlist/j/yjc/lby/Public/Admin/static/userlist/query_006.js
ERR: 无法加载控制器:Public

[ 2017-06-27T15:14:05+08:00 ] ::1 /yjc/lby/index.php/Lnstru/WdatePicker.css
ERR: 非法操作:WdatePicker.css

[ 2017-06-27T15:14:05+08:00 ] ::1 /yjc/lby/Public/Admin/static/userlist/j/yjc/lby/Public/Admin/static/userlist/query_006.js
ERR: 无法加载控制器:Public

[ 2017-06-27T15:14:05+08:00 ] ::1 /yjc/lby/index.php/Lnstru/WdatePicker.css
ERR: 非法操作:WdatePicker.css

[ 2017-06-27T15:14:05+08:00 ] ::1 /yjc/lby/Public/Admin/static/userlist/skin/WdatePicker.css
ERR: 无法加载控制器:Public

[ 2017-06-27T15:14:06+08:00 ] ::1 /yjc/lby/index.php/Batch/WdatePicker.css
ERR: 非法操作:WdatePicker.css

[ 2017-06-27T15:14:06+08:00 ] ::1 /yjc/lby/Public/Admin/static/userlist/j/yjc/lby/Public/Admin/static/userlist/query_006.js
ERR: 无法加载控制器:Public

[ 2017-06-27T15:14:06+08:00 ] ::1 /yjc/lby/Public/Admin/static/userlist/j/yjc/lby/Public/Admin/static/userlist/query_006.js
ERR: 无法加载控制器:Public

[ 2017-06-27T15:14:06+08:00 ] ::1 /yjc/lby/index.php/Batch/WdatePicker.css
ERR: 非法操作:WdatePicker.css

[ 2017-06-27T15:14:06+08:00 ] ::1 /yjc/lby/Public/Admin/static/userlist/skin/WdatePicker.css
ERR: 无法加载控制器:Public

[ 2017-06-27T15:16:17+08:00 ] ::1 /yjc/lby/instructions/list
ERR: 无法加载控制器:Instructions

[ 2017-06-27T15:16:17+08:00 ] ::1 /yjc/lby/instructions/list
ERR: 无法加载控制器:Instructions

[ 2017-06-27T15:16:21+08:00 ] ::1 /yjc/lby/question/list.do
ERR: 无法加载控制器:Question

[ 2017-06-27T15:16:23+08:00 ] ::1 /yjc/lby/probleminformation/list.do
ERR: 无法加载控制器:Probleminformation

[ 2017-06-27T15:16:23+08:00 ] ::1 /yjc/lby/index.php/Info/style.css
ERR: 非法操作:style.css

[ 2017-06-27T15:16:24+08:00 ] ::1 /yjc/lby/index.php/Info/style.css
ERR: 非法操作:style.css

[ 2017-06-27T15:17:17+08:00 ] ::1 /yjc/lby/Public/Admin/static/userlist/j/yjc/lby/Public/Admin/static/userlist/query_006.js
ERR: 无法加载控制器:Public

[ 2017-06-27T15:17:17+08:00 ] ::1 /yjc/lby/index.php/Lnstru/WdatePicker.css
ERR: 非法操作:WdatePicker.css

[ 2017-06-27T15:17:17+08:00 ] ::1 /yjc/lby/Public/Admin/static/userlist/j/yjc/lby/Public/Admin/static/userlist/query_006.js
ERR: 无法加载控制器:Public

[ 2017-06-27T15:17:17+08:00 ] ::1 /yjc/lby/index.php/Lnstru/WdatePicker.css
ERR: 非法操作:WdatePicker.css

[ 2017-06-27T15:17:17+08:00 ] ::1 /yjc/lby/Public/Admin/static/userlist/skin/WdatePicker.css
ERR: 无法加载控制器:Public

[ 2017-06-27T15:17:18+08:00 ] ::1 /yjc/lby/index.php/Batch/WdatePicker.css
ERR: 非法操作:WdatePicker.css

[ 2017-06-27T15:17:18+08:00 ] ::1 /yjc/lby/Public/Admin/static/userlist/j/yjc/lby/Public/Admin/static/userlist/query_006.js
ERR: 无法加载控制器:Public

[ 2017-06-27T15:17:18+08:00 ] ::1 /yjc/lby/Public/Admin/static/userlist/j/yjc/lby/Public/Admin/static/userlist/query_006.js
ERR: 无法加载控制器:Public

[ 2017-06-27T15:17:19+08:00 ] ::1 /yjc/lby/index.php/Batch/WdatePicker.css
ERR: 非法操作:WdatePicker.css

[ 2017-06-27T15:17:19+08:00 ] ::1 /yjc/lby/Public/Admin/static/userlist/skin/WdatePicker.css
ERR: 无法加载控制器:Public

[ 2017-06-27T15:17:22+08:00 ] ::1 /yjc/lby/instructions/list
ERR: 无法加载控制器:Instructions

[ 2017-06-27T15:17:23+08:00 ] ::1 /yjc/lby/instructions/list
ERR: 无法加载控制器:Instructions

[ 2017-06-27T15:17:27+08:00 ] ::1 /yjc/lby/instructions/list
ERR: 无法加载控制器:Instructions

[ 2017-06-27T15:17:27+08:00 ] ::1 /yjc/lby/instructions/list
ERR: 无法加载控制器:Instructions

[ 2017-06-27T15:17:28+08:00 ] ::1 /yjc/lby/instructions/list
ERR: 无法加载控制器:Instructions

[ 2017-06-27T15:17:36+08:00 ] ::1 /yjc/lby/warranty_card/list.do
ERR: 无法加载控制器:Warranty_card

[ 2017-06-27T15:17:52+08:00 ] ::1 /yjc/lby/index.php/Admin/Index/index1.html
ERR: 非法操作:index1

[ 2017-06-27T15:17:55+08:00 ] ::1 /yjc/lby/index.php/Admin/Index/index1.html
ERR: 非法操作:index1

[ 2017-06-27T15:18:09+08:00 ] ::1 /yjc/lby/warranty_card/list.do
ERR: 无法加载控制器:Warranty_card

[ 2017-06-27T15:18:16+08:00 ] ::1 /yjc/lby/index.php/Tian/WdatePicker.css
ERR: 非法操作:WdatePicker.css

[ 2017-06-27T15:18:16+08:00 ] ::1 /yjc/lby/Public/Admin/static/userlist/skin/WdatePicker.css
ERR: 无法加载控制器:Public

[ 2017-06-27T15:18:16+08:00 ] ::1 /yjc/lby/index.php/Tian/WdatePicker.css
ERR: 非法操作:WdatePicker.css

[ 2017-06-27T17:15:56+08:00 ] ::1 /yjc/lby/index.php/Work/WdatePicker.css
ERR: 非法操作:WdatePicker.css

[ 2017-06-27T17:15:56+08:00 ] ::1 /yjc/lby/Public/Admin/static/userlist/skin/WdatePicker.css
ERR: 无法加载控制器:Public

[ 2017-06-27T17:15:56+08:00 ] ::1 /yjc/lby/index.php/Work/WdatePicker.css
ERR: 非法操作:WdatePicker.css

[ 2017-06-27T17:16:01+08:00 ] ::1 /yjc/lby/index.php/Work/WdatePicker.css
ERR: 非法操作:WdatePicker.css

[ 2017-06-27T17:16:02+08:00 ] ::1 /yjc/lby/Public/Admin/static/userlist/skin/WdatePicker.css
ERR: 无法加载控制器:Public

[ 2017-06-27T17:16:02+08:00 ] ::1 /yjc/lby/index.php/Work/WdatePicker.css
ERR: 非法操作:WdatePicker.css

[ 2017-06-27T17:16:09+08:00 ] ::1 /yjc/lby/index.php/Work/WdatePicker.css
ERR: 非法操作:WdatePicker.css

[ 2017-06-27T17:16:10+08:00 ] ::1 /yjc/lby/Public/Admin/static/userlist/skin/WdatePicker.css
ERR: 无法加载控制器:Public

[ 2017-06-27T17:16:10+08:00 ] ::1 /yjc/lby/index.php/Work/WdatePicker.css
ERR: 非法操作:WdatePicker.css

[ 2017-06-27T17:23:18+08:00 ] ::1 /yjc/lby/index.php/Info/style.css
ERR: 非法操作:style.css

[ 2017-06-27T17:23:19+08:00 ] ::1 /yjc/lby/index.php/Info/style.css
ERR: 非法操作:style.css

[ 2017-06-27T17:23:19+08:00 ] ::1 /yjc/lby/question/list.do
ERR: 无法加载控制器:Question

[ 2017-06-27T17:23:25+08:00 ] ::1 /yjc/lby/Public/Admin/static/userlist/j/yjc/lby/Public/Admin/static/userlist/query_006.js
ERR: 无法加载控制器:Public

[ 2017-06-27T17:23:26+08:00 ] ::1 /yjc/lby/index.php/Lnstru/WdatePicker.css
ERR: 非法操作:WdatePicker.css

[ 2017-06-27T17:23:26+08:00 ] ::1 /yjc/lby/Public/Admin/static/userlist/j/yjc/lby/Public/Admin/static/userlist/query_006.js
ERR: 无法加载控制器:Public

[ 2017-06-27T17:23:26+08:00 ] ::1 /yjc/lby/Public/Admin/static/userlist/skin/WdatePicker.css
ERR: 无法加载控制器:Public

[ 2017-06-27T17:23:26+08:00 ] ::1 /yjc/lby/index.php/Lnstru/WdatePicker.css
ERR: 非法操作:WdatePicker.css

[ 2017-06-27T17:23:26+08:00 ] ::1 /yjc/lby/index.php/Batch/WdatePicker.css
ERR: 非法操作:WdatePicker.css

[ 2017-06-27T17:23:26+08:00 ] ::1 /yjc/lby/Public/Admin/static/userlist/j/yjc/lby/Public/Admin/static/userlist/query_006.js
ERR: 无法加载控制器:Public

[ 2017-06-27T17:23:26+08:00 ] ::1 /yjc/lby/Public/Admin/static/userlist/j/yjc/lby/Public/Admin/static/userlist/query_006.js
ERR: 无法加载控制器:Public

[ 2017-06-27T17:23:26+08:00 ] ::1 /yjc/lby/index.php/Batch/WdatePicker.css
ERR: 非法操作:WdatePicker.css

[ 2017-06-27T17:23:26+08:00 ] ::1 /yjc/lby/Public/Admin/static/userlist/skin/WdatePicker.css
ERR: 无法加载控制器:Public

[ 2017-06-27T17:28:47+08:00 ] ::1 /yjc/lby/index.php/Batch/WdatePicker.css
ERR: 非法操作:WdatePicker.css

[ 2017-06-27T17:28:47+08:00 ] ::1 /yjc/lby/Public/Admin/static/userlist/j/yjc/lby/Public/Admin/static/userlist/query_006.js
ERR: 无法加载控制器:Public

[ 2017-06-27T17:28:48+08:00 ] ::1 /yjc/lby/Public/Admin/static/userlist/j/yjc/lby/Public/Admin/static/userlist/query_006.js
ERR: 无法加载控制器:Public

[ 2017-06-27T17:28:48+08:00 ] ::1 /yjc/lby/Public/Admin/static/userlist/skin/WdatePicker.css
ERR: 无法加载控制器:Public

[ 2017-06-27T17:28:48+08:00 ] ::1 /yjc/lby/index.php/Batch/WdatePicker.css
ERR: 非法操作:WdatePicker.css

[ 2017-06-27T17:28:48+08:00 ] ::1 /yjc/lby/instructions/list
ERR: 无法加载控制器:Instructions

[ 2017-06-27T18:13:10+08:00 ] ::1 /yjc/lby/Public/Admin/static/userlist/j/yjc/lby/Public/Admin/static/userlist/query_006.js
ERR: 无法加载控制器:Public

[ 2017-06-27T18:13:10+08:00 ] ::1 /yjc/lby/index.php/Lnstru/WdatePicker.css
ERR: 非法操作:WdatePicker.css

[ 2017-06-27T18:13:10+08:00 ] ::1 /yjc/lby/Public/Admin/static/userlist/j/yjc/lby/Public/Admin/static/userlist/query_006.js
ERR: 无法加载控制器:Public

[ 2017-06-27T18:13:10+08:00 ] ::1 /yjc/lby/Public/Admin/static/userlist/skin/WdatePicker.css
ERR: 无法加载控制器:Public

[ 2017-06-27T18:13:10+08:00 ] ::1 /yjc/lby/index.php/Lnstru/WdatePicker.css
ERR: 非法操作:WdatePicker.css

[ 2017-06-27T18:13:12+08:00 ] ::1 /yjc/lby/Public/Admin/static/userlist/j/yjc/lby/Public/Admin/static/userlist/query_006.js
ERR: 无法加载控制器:Public

[ 2017-06-27T18:13:12+08:00 ] ::1 /yjc/lby/index.php/Batch/WdatePicker.css
ERR: 非法操作:WdatePicker.css

[ 2017-06-27T18:13:12+08:00 ] ::1 /yjc/lby/Public/Admin/static/userlist/j/yjc/lby/Public/Admin/static/userlist/query_006.js
ERR: 无法加载控制器:Public

[ 2017-06-27T18:13:13+08:00 ] ::1 /yjc/lby/index.php/Batch/WdatePicker.css
ERR: 非法操作:WdatePicker.css

[ 2017-06-27T18:13:13+08:00 ] ::1 /yjc/lby/Public/Admin/static/userlist/skin/WdatePicker.css
ERR: 无法加载控制器:Public

[ 2017-06-27T18:13:15+08:00 ] ::1 /yjc/lby/instructions/list
ERR: 无法加载控制器:Instructions

[ 2017-06-27T18:13:16+08:00 ] ::1 /yjc/lby/instructions/list
ERR: 无法加载控制器:Instructions

[ 2017-06-27T18:14:13+08:00 ] ::1 /yjc/lby/index.php/merchant/access.html
ERR: 无法加载控制器:Merchant

[ 2017-06-27T18:14:13+08:00 ] ::1 /yjc/lby/probleminformation/list.do
ERR: 无法加载控制器:Probleminformation

[ 2017-06-27T18:14:14+08:00 ] ::1 /yjc/lby/probleminformation/list.do
ERR: 无法加载控制器:Probleminformation

[ 2017-06-27T18:14:15+08:00 ] ::1 /yjc/lby/probleminformation/list.do
ERR: 无法加载控制器:Probleminformation

[ 2017-06-27T18:14:16+08:00 ] ::1 /yjc/lby/probleminformation/list.do
ERR: 无法加载控制器:Probleminformation

[ 2017-06-27T18:14:29+08:00 ] ::1 /yjc/lby/question/list.do
ERR: 无法加载控制器:Question

[ 2017-06-27T18:14:30+08:00 ] ::1 /yjc/lby/index.php/Info/style.css
ERR: 非法操作:style.css

[ 2017-06-27T18:14:30+08:00 ] ::1 /yjc/lby/index.php/Info/style.css
ERR: 非法操作:style.css

[ 2017-06-27T18:14:30+08:00 ] ::1 /yjc/lby/probleminformation/list.do
ERR: 无法加载控制器:Probleminformation

[ 2017-06-27T18:14:37+08:00 ] ::1 /yjc/lby/index.php/Lnstru/WdatePicker.css
ERR: 非法操作:WdatePicker.css

[ 2017-06-27T18:14:37+08:00 ] ::1 /yjc/lby/Public/Admin/static/userlist/j/yjc/lby/Public/Admin/static/userlist/query_006.js
ERR: 无法加载控制器:Public

[ 2017-06-27T18:14:37+08:00 ] ::1 /yjc/lby/Public/Admin/static/userlist/j/yjc/lby/Public/Admin/static/userlist/query_006.js
ERR: 无法加载控制器:Public

[ 2017-06-27T18:14:37+08:00 ] ::1 /yjc/lby/index.php/Lnstru/WdatePicker.css
ERR: 非法操作:WdatePicker.css

[ 2017-06-27T18:14:37+08:00 ] ::1 /yjc/lby/Public/Admin/static/userlist/skin/WdatePicker.css
ERR: 无法加载控制器:Public

[ 2017-06-27T18:14:39+08:00 ] ::1 /yjc/lby/Public/Admin/static/userlist/j/yjc/lby/Public/Admin/static/userlist/query_006.js
ERR: 无法加载控制器:Public

[ 2017-06-27T18:14:39+08:00 ] ::1 /yjc/lby/index.php/Batch/WdatePicker.css
ERR: 非法操作:WdatePicker.css

[ 2017-06-27T18:14:39+08:00 ] ::1 /yjc/lby/Public/Admin/static/userlist/j/yjc/lby/Public/Admin/static/userlist/query_006.js
ERR: 无法加载控制器:Public

[ 2017-06-27T18:14:39+08:00 ] ::1 /yjc/lby/index.php/Batch/WdatePicker.css
ERR: 非法操作:WdatePicker.css

[ 2017-06-27T18:14:39+08:00 ] ::1 /yjc/lby/Public/Admin/static/userlist/skin/WdatePicker.css
ERR: 无法加载控制器:Public

[ 2017-06-27T18:14:40+08:00 ] ::1 /yjc/lby/instructions/list
ERR: 无法加载控制器:Instructions

[ 2017-06-27T18:14:41+08:00 ] ::1 /yjc/lby/instructions/list
ERR: 无法加载控制器:Instructions

[ 2017-06-27T18:16:04+08:00 ] ::1 /yjc/lby/Public/Admin/static/userlist/j/yjc/lby/Public/Admin/static/userlist/query_006.js
ERR: 无法加载控制器:Public

[ 2017-06-27T18:16:04+08:00 ] ::1 /yjc/lby/index.php/Lnstru/WdatePicker.css
ERR: 非法操作:WdatePicker.css

[ 2017-06-27T18:16:04+08:00 ] ::1 /yjc/lby/Public/Admin/static/userlist/j/yjc/lby/Public/Admin/static/userlist/query_006.js
ERR: 无法加载控制器:Public

[ 2017-06-27T18:16:04+08:00 ] ::1 /yjc/lby/Public/Admin/static/userlist/skin/WdatePicker.css
ERR: 无法加载控制器:Public

[ 2017-06-27T18:16:04+08:00 ] ::1 /yjc/lby/index.php/Lnstru/WdatePicker.css
ERR: 非法操作:WdatePicker.css

[ 2017-06-27T18:16:05+08:00 ] ::1 /yjc/lby/index.php/Batch/WdatePicker.css
ERR: 非法操作:WdatePicker.css

[ 2017-06-27T18:16:05+08:00 ] ::1 /yjc/lby/Public/Admin/static/userlist/j/yjc/lby/Public/Admin/static/userlist/query_006.js
ERR: 无法加载控制器:Public

[ 2017-06-27T18:16:05+08:00 ] ::1 /yjc/lby/Public/Admin/static/userlist/j/yjc/lby/Public/Admin/static/userlist/query_006.js
ERR: 无法加载控制器:Public

[ 2017-06-27T18:16:05+08:00 ] ::1 /yjc/lby/Public/Admin/static/userlist/skin/WdatePicker.css
ERR: 无法加载控制器:Public

[ 2017-06-27T18:16:05+08:00 ] ::1 /yjc/lby/index.php/Batch/WdatePicker.css
ERR: 非法操作:WdatePicker.css

[ 2017-06-27T18:16:59+08:00 ] ::1 /yjc/lby/Public/Admin/static/userlist/j/yjc/lby/Public/Admin/static/userlist/query_006.js
ERR: 无法加载控制器:Public

[ 2017-06-27T18:16:59+08:00 ] ::1 /yjc/lby/index.php/Batch/WdatePicker.css
ERR: 非法操作:WdatePicker.css

[ 2017-06-27T18:16:59+08:00 ] ::1 /yjc/lby/Public/Admin/static/userlist/j/yjc/lby/Public/Admin/static/userlist/query_006.js
ERR: 无法加载控制器:Public

[ 2017-06-27T18:16:59+08:00 ] ::1 /yjc/lby/Public/Admin/static/userlist/skin/WdatePicker.css
ERR: 无法加载控制器:Public

[ 2017-06-27T18:16:59+08:00 ] ::1 /yjc/lby/index.php/Batch/WdatePicker.css
ERR: 非法操作:WdatePicker.css

[ 2017-06-27T18:20:19+08:00 ] ::1 /yjc/lby/Public/Admin/static/userlist/j/yjc/lby/Public/Admin/static/userlist/query_006.js
ERR: 无法加载控制器:Public

[ 2017-06-27T18:20:19+08:00 ] ::1 /yjc/lby/index.php/Lnstru/WdatePicker.css
ERR: 非法操作:WdatePicker.css

[ 2017-06-27T18:20:19+08:00 ] ::1 /yjc/lby/Public/Admin/static/userlist/j/yjc/lby/Public/Admin/static/userlist/query_006.js
ERR: 无法加载控制器:Public

[ 2017-06-27T18:20:19+08:00 ] ::1 /yjc/lby/Public/Admin/static/userlist/skin/WdatePicker.css
ERR: 无法加载控制器:Public

[ 2017-06-27T18:20:19+08:00 ] ::1 /yjc/lby/index.php/Lnstru/WdatePicker.css
ERR: 非法操作:WdatePicker.css

[ 2017-06-27T18:20:20+08:00 ] ::1 /yjc/lby/index.php/Batch/WdatePicker.css
ERR: 非法操作:WdatePicker.css

[ 2017-06-27T18:20:20+08:00 ] ::1 /yjc/lby/Public/Admin/static/userlist/j/yjc/lby/Public/Admin/static/userlist/query_006.js
ERR: 无法加载控制器:Public

[ 2017-06-27T18:20:20+08:00 ] ::1 /yjc/lby/Public/Admin/static/userlist/j/yjc/lby/Public/Admin/static/userlist/query_006.js
ERR: 无法加载控制器:Public

[ 2017-06-27T18:20:20+08:00 ] ::1 /yjc/lby/index.php/Batch/WdatePicker.css
ERR: 非法操作:WdatePicker.css

[ 2017-06-27T18:20:20+08:00 ] ::1 /yjc/lby/Public/Admin/static/userlist/skin/WdatePicker.css
ERR: 无法加载控制器:Public

[ 2017-06-27T18:20:37+08:00 ] ::1 /yjc/lby/Public/Admin/static/userlist/j/yjc/lby/Public/Admin/static/userlist/query_006.js
ERR: 无法加载控制器:Public

[ 2017-06-27T18:20:37+08:00 ] ::1 /yjc/lby/index.php/Lnstru/WdatePicker.css
ERR: 非法操作:WdatePicker.css

[ 2017-06-27T18:20:37+08:00 ] ::1 /yjc/lby/Public/Admin/static/userlist/j/yjc/lby/Public/Admin/static/userlist/query_006.js
ERR: 无法加载控制器:Public

[ 2017-06-27T18:20:37+08:00 ] ::1 /yjc/lby/index.php/Lnstru/WdatePicker.css
ERR: 非法操作:WdatePicker.css

[ 2017-06-27T18:20:37+08:00 ] ::1 /yjc/lby/Public/Admin/static/userlist/skin/WdatePicker.css
ERR: 无法加载控制器:Public

[ 2017-06-27T18:20:38+08:00 ] ::1 /yjc/lby/index.php/Batch/WdatePicker.css
ERR: 非法操作:WdatePicker.css

[ 2017-06-27T18:20:38+08:00 ] ::1 /yjc/lby/Public/Admin/static/userlist/j/yjc/lby/Public/Admin/static/userlist/query_006.js
ERR: 无法加载控制器:Public

[ 2017-06-27T18:20:38+08:00 ] ::1 /yjc/lby/Public/Admin/static/userlist/j/yjc/lby/Public/Admin/static/userlist/query_006.js
ERR: 无法加载控制器:Public

[ 2017-06-27T18:20:39+08:00 ] ::1 /yjc/lby/Public/Admin/static/userlist/skin/WdatePicker.css
ERR: 无法加载控制器:Public

[ 2017-06-27T18:20:39+08:00 ] ::1 /yjc/lby/index.php/Batch/WdatePicker.css
ERR: 非法操作:WdatePicker.css

[ 2017-06-27T18:20:40+08:00 ] ::1 /yjc/lby/instructions/list
ERR: 无法加载控制器:Instructions

[ 2017-06-27T18:32:45+08:00 ] ::1 /yjc/lby/Public/Admin/static/userlist/j/yjc/lby/Public/Admin/static/userlist/query_006.js
ERR: 无法加载控制器:Public

[ 2017-06-27T18:32:45+08:00 ] ::1 /yjc/lby/index.php/Lnstru/WdatePicker.css
ERR: 非法操作:WdatePicker.css

[ 2017-06-27T18:32:45+08:00 ] ::1 /yjc/lby/Public/Admin/static/userlist/j/yjc/lby/Public/Admin/static/userlist/query_006.js
ERR: 无法加载控制器:Public

[ 2017-06-27T18:32:45+08:00 ] ::1 /yjc/lby/index.php/Lnstru/WdatePicker.css
ERR: 非法操作:WdatePicker.css

[ 2017-06-27T18:32:45+08:00 ] ::1 /yjc/lby/Public/Admin/static/userlist/skin/WdatePicker.css
ERR: 无法加载控制器:Public

[ 2017-06-27T18:32:46+08:00 ] ::1 /yjc/lby/index.php/Batch/WdatePicker.css
ERR: 非法操作:WdatePicker.css

[ 2017-06-27T18:32:46+08:00 ] ::1 /yjc/lby/Public/Admin/static/userlist/j/yjc/lby/Public/Admin/static/userlist/query_006.js
ERR: 无法加载控制器:Public

[ 2017-06-27T18:32:47+08:00 ] ::1 /yjc/lby/Public/Admin/static/userlist/j/yjc/lby/Public/Admin/static/userlist/query_006.js
ERR: 无法加载控制器:Public

[ 2017-06-27T18:32:47+08:00 ] ::1 /yjc/lby/Public/Admin/static/userlist/skin/WdatePicker.css
ERR: 无法加载控制器:Public

[ 2017-06-27T18:32:47+08:00 ] ::1 /yjc/lby/index.php/Batch/WdatePicker.css
ERR: 非法操作:WdatePicker.css

[ 2017-06-27T18:32:47+08:00 ] ::1 /yjc/lby/Public/Admin/static/userlist/j/yjc/lby/Public/Admin/static/userlist/query_006.js
ERR: 无法加载控制器:Public

[ 2017-06-27T18:32:47+08:00 ] ::1 /yjc/lby/index.php/Lnstru/WdatePicker.css
ERR: 非法操作:WdatePicker.css

[ 2017-06-27T18:32:47+08:00 ] ::1 /yjc/lby/Public/Admin/static/userlist/j/yjc/lby/Public/Admin/static/userlist/query_006.js
ERR: 无法加载控制器:Public

[ 2017-06-27T18:32:48+08:00 ] ::1 /yjc/lby/index.php/Lnstru/WdatePicker.css
ERR: 非法操作:WdatePicker.css

[ 2017-06-27T18:32:48+08:00 ] ::1 /yjc/lby/Public/Admin/static/userlist/skin/WdatePicker.css
ERR: 无法加载控制器:Public

[ 2017-06-27T18:32:54+08:00 ] ::1 /yjc/lby/Public/Admin/static/userlist/j/yjc/lby/Public/Admin/static/userlist/query_006.js
ERR: 无法加载控制器:Public

[ 2017-06-27T18:32:54+08:00 ] ::1 /yjc/lby/index.php/Lnstru/WdatePicker.css
ERR: 非法操作:WdatePicker.css

[ 2017-06-27T18:32:54+08:00 ] ::1 /yjc/lby/Public/Admin/static/userlist/j/yjc/lby/Public/Admin/static/userlist/query_006.js
ERR: 无法加载控制器:Public

[ 2017-06-27T18:32:54+08:00 ] ::1 /yjc/lby/Public/Admin/static/userlist/skin/WdatePicker.css
ERR: 无法加载控制器:Public

[ 2017-06-27T18:32:54+08:00 ] ::1 /yjc/lby/index.php/Lnstru/WdatePicker.css
ERR: 非法操作:WdatePicker.css

[ 2017-06-27T18:33:04+08:00 ] ::1 /yjc/lby/Public/Admin/static/userlist/j/yjc/lby/Public/Admin/static/userlist/query_006.js
ERR: 无法加载控制器:Public

[ 2017-06-27T18:33:04+08:00 ] ::1 /yjc/lby/index.php/Lnstru/WdatePicker.css
ERR: 非法操作:WdatePicker.css

[ 2017-06-27T18:33:04+08:00 ] ::1 /yjc/lby/Public/Admin/static/userlist/j/yjc/lby/Public/Admin/static/userlist/query_006.js
ERR: 无法加载控制器:Public

[ 2017-06-27T18:33:04+08:00 ] ::1 /yjc/lby/index.php/Lnstru/WdatePicker.css
ERR: 非法操作:WdatePicker.css

[ 2017-06-27T18:33:04+08:00 ] ::1 /yjc/lby/Public/Admin/static/userlist/skin/WdatePicker.css
ERR: 无法加载控制器:Public

[ 2017-06-27T19:01:23+08:00 ] 127.0.0.1 /yjc/lby/Public/Admin/static/userlist/j/yjc/lby/Public/Admin/static/userlist/query_006.js
ERR: 无法加载控制器:Public

[ 2017-06-27T19:01:23+08:00 ] 127.0.0.1 /yjc/lby/index.php/Batch/WdatePicker.css
ERR: 非法操作:WdatePicker.css

[ 2017-06-27T19:01:24+08:00 ] 127.0.0.1 /yjc/lby/Public/Admin/static/userlist/j/yjc/lby/Public/Admin/static/userlist/query_006.js
ERR: 无法加载控制器:Public

[ 2017-06-27T19:01:24+08:00 ] 127.0.0.1 /yjc/lby/Public/Admin/static/userlist/skin/WdatePicker.css
ERR: 无法加载控制器:Public

[ 2017-06-27T19:01:24+08:00 ] 127.0.0.1 /yjc/lby/index.php/Batch/WdatePicker.css
ERR: 非法操作:WdatePicker.css

[ 2017-06-27T19:01:26+08:00 ] 127.0.0.1 /yjc/lby/Public/Admin/static/userlist/j/yjc/lby/Public/Admin/static/userlist/query_006.js
ERR: 无法加载控制器:Public

[ 2017-06-27T19:01:26+08:00 ] 127.0.0.1 /yjc/lby/index.php/Batch/WdatePicker.css
ERR: 非法操作:WdatePicker.css

[ 2017-06-27T19:01:26+08:00 ] 127.0.0.1 /yjc/lby/Public/Admin/static/userlist/j/yjc/lby/Public/Admin/static/userlist/query_006.js
ERR: 无法加载控制器:Public

[ 2017-06-27T19:01:26+08:00 ] 127.0.0.1 /yjc/lby/Public/Admin/static/userlist/skin/WdatePicker.css
ERR: 无法加载控制器:Public

[ 2017-06-27T19:01:26+08:00 ] 127.0.0.1 /yjc/lby/index.php/Batch/WdatePicker.css
ERR: 非法操作:WdatePicker.css

[ 2017-06-27T19:12:16+08:00 ] 127.0.0.1 /yjc/lby/instructions/list
ERR: 无法加载控制器:Instructions

[ 2017-06-27T19:12:17+08:00 ] 127.0.0.1 /yjc/lby/index.php/Batch/WdatePicker.css
ERR: 非法操作:WdatePicker.css

[ 2017-06-27T19:12:17+08:00 ] 127.0.0.1 /yjc/lby/Public/Admin/static/userlist/j/yjc/lby/Public/Admin/static/userlist/query_006.js
ERR: 无法加载控制器:Public

[ 2017-06-27T19:12:17+08:00 ] 127.0.0.1 /yjc/lby/Public/Admin/static/userlist/j/yjc/lby/Public/Admin/static/userlist/query_006.js
ERR: 无法加载控制器:Public

[ 2017-06-27T19:12:17+08:00 ] 127.0.0.1 /yjc/lby/Public/Admin/static/userlist/skin/WdatePicker.css
ERR: 无法加载控制器:Public

[ 2017-06-27T19:12:17+08:00 ] 127.0.0.1 /yjc/lby/index.php/Batch/WdatePicker.css
ERR: 非法操作:WdatePicker.css

[ 2017-06-27T19:12:39+08:00 ] ::1 /yjc/lby/index.php/Admin/Index/index1.html
ERR: 非法操作:index1

[ 2017-06-27T19:14:28+08:00 ] ::1 /yjc/lby/index.php/Batch/WdatePicker.css
ERR: 非法操作:WdatePicker.css

[ 2017-06-27T19:14:28+08:00 ] ::1 /yjc/lby/Public/Admin/static/userlist/j/yjc/lby/Public/Admin/static/userlist/query_006.js
ERR: 无法加载控制器:Public

[ 2017-06-27T19:14:28+08:00 ] ::1 /yjc/lby/Public/Admin/static/userlist/j/yjc/lby/Public/Admin/static/userlist/query_006.js
ERR: 无法加载控制器:Public

[ 2017-06-27T19:14:29+08:00 ] ::1 /yjc/lby/index.php/Batch/WdatePicker.css
ERR: 非法操作:WdatePicker.css

[ 2017-06-27T19:14:29+08:00 ] ::1 /yjc/lby/Public/Admin/static/userlist/skin/WdatePicker.css
ERR: 无法加载控制器:Public

[ 2017-06-27T19:15:17+08:00 ] ::1 /yjc/lby/Public/Admin/static/userlist/j/yjc/lby/Public/Admin/static/userlist/query_006.js
ERR: 无法加载控制器:Public

[ 2017-06-27T19:15:17+08:00 ] ::1 /yjc/lby/index.php/Batch/WdatePicker.css
ERR: 非法操作:WdatePicker.css

[ 2017-06-27T19:15:17+08:00 ] ::1 /yjc/lby/Public/Admin/static/userlist/j/yjc/lby/Public/Admin/static/userlist/query_006.js
ERR: 无法加载控制器:Public

[ 2017-06-27T19:15:17+08:00 ] ::1 /yjc/lby/index.php/Batch/WdatePicker.css
ERR: 非法操作:WdatePicker.css

[ 2017-06-27T19:15:17+08:00 ] ::1 /yjc/lby/Public/Admin/static/userlist/skin/WdatePicker.css
ERR: 无法加载控制器:Public

[ 2017-06-27T19:15:19+08:00 ] ::1 /yjc/lby/instructions/list
ERR: 无法加载控制器:Instructions

[ 2017-06-27T19:15:20+08:00 ] ::1 /yjc/lby/instructions/list
ERR: 无法加载控制器:Instructions

[ 2017-06-27T19:15:21+08:00 ] ::1 /yjc/lby/instructions/list
ERR: 无法加载控制器:Instructions

[ 2017-06-27T19:15:23+08:00 ] ::1 /yjc/lby/index.php/Batch/WdatePicker.css
ERR: 非法操作:WdatePicker.css

[ 2017-06-27T19:15:23+08:00 ] ::1 /yjc/lby/Public/Admin/static/userlist/j/yjc/lby/Public/Admin/static/userlist/query_006.js
ERR: 无法加载控制器:Public

[ 2017-06-27T19:15:23+08:00 ] ::1 /yjc/lby/Public/Admin/static/userlist/j/yjc/lby/Public/Admin/static/userlist/query_006.js
ERR: 无法加载控制器:Public

[ 2017-06-27T19:15:23+08:00 ] ::1 /yjc/lby/index.php/Batch/WdatePicker.css
ERR: 非法操作:WdatePicker.css

[ 2017-06-27T19:15:23+08:00 ] ::1 /yjc/lby/Public/Admin/static/userlist/skin/WdatePicker.css
ERR: 无法加载控制器:Public

[ 2017-06-27T19:15:24+08:00 ] ::1 /yjc/lby/instructions/list
ERR: 无法加载控制器:Instructions

[ 2017-06-27T19:15:26+08:00 ] ::1 /yjc/lby/instructions/list
ERR: 无法加载控制器:Instructions

[ 2017-06-27T19:15:30+08:00 ] ::1 /yjc/lby/instructions/list
ERR: 无法加载控制器:Instructions

[ 2017-06-27T19:15:31+08:00 ] ::1 /yjc/lby/instructions/list
ERR: 无法加载控制器:Instructions

[ 2017-06-27T19:15:33+08:00 ] ::1 /yjc/lby/instructions/list
ERR: 无法加载控制器:Instructions

[ 2017-06-27T19:15:33+08:00 ] ::1 /yjc/lby/instructions/list
ERR: 无法加载控制器:Instructions

[ 2017-06-27T19:15:38+08:00 ] ::1 /yjc/lby/warranty_card/list.do
ERR: 无法加载控制器:Warranty_card

