[ 2017-07-28T14:38:16+08:00 ] 127.0.0.1 /lenovo3c_new/lbyun/index.php/Admin/SaleAnalyze/business.html?day=7
INFO: [ app_begin ] --START--
INFO: Run Behavior\ReadHtmlCacheBehavior [ RunTime:0.001000s ]
INFO: [ app_begin ] --END-- [ RunTime:0.003000s ]
SQL: SHOW COLUMNS FROM `sys_business` [ RunTime:0.0100s ]
SQL: SELECT MAX(id) AS tp_max FROM `sys_business` LIMIT 1   [ RunTime:0.0010s ]
SQL: SELECT `busName` FROM `sys_business` WHERE ( id = 1 ) LIMIT 1   [ RunTime:0.0000s ]
SQL: SHOW COLUMNS FROM `checking_audit` [ RunTime:0.0110s ]
SQL: SELECT COUNT(*) AS tp_count FROM `checking_audit` WHERE ( audit_shops_name = 1 ) AND `audit_time` > '2017-07-21 14:38:16' AND `audit_decision` = 1 LIMIT 1   [ RunTime:0.0020s ]
SQL: SELECT `busName` FROM `sys_business` WHERE ( id = 2 ) LIMIT 1   [ RunTime:0.0000s ]
SQL: SELECT COUNT(*) AS tp_count FROM `checking_audit` WHERE ( audit_shops_name = 2 ) AND `audit_time` > '2017-07-21 14:38:16' AND `audit_decision` = 1 LIMIT 1   [ RunTime:0.0010s ]
SQL: SELECT `busName` FROM `sys_business` WHERE ( id = 3 ) LIMIT 1   [ RunTime:0.0010s ]
SQL: SELECT COUNT(*) AS tp_count FROM `checking_audit` WHERE ( audit_shops_name = 3 ) AND `audit_time` > '2017-07-21 14:38:16' AND `audit_decision` = 1 LIMIT 1   [ RunTime:0.0010s ]
SQL: SELECT `busName` FROM `sys_business` WHERE ( id = 4 ) LIMIT 1   [ RunTime:0.0000s ]
SQL: SELECT COUNT(*) AS tp_count FROM `checking_audit` WHERE ( audit_shops_name = 4 ) AND `audit_time` > '2017-07-21 14:38:16' AND `audit_decision` = 1 LIMIT 1   [ RunTime:0.0010s ]
SQL: SELECT `busName` FROM `sys_business` WHERE ( id = 5 ) LIMIT 1   [ RunTime:0.0000s ]
SQL: SELECT COUNT(*) AS tp_count FROM `checking_audit` WHERE ( audit_shops_name = 5 ) AND `audit_time` > '2017-07-21 14:38:16' AND `audit_decision` = 1 LIMIT 1   [ RunTime:0.0010s ]

[ 2017-07-28T14:38:16+08:00 ] 127.0.0.1 /lenovo3c_new/lbyun/index.php/Admin/SaleAnalyze/businessLine.html?day=7
INFO: [ app_begin ] --START--
INFO: Run Behavior\ReadHtmlCacheBehavior [ RunTime:0.001000s ]
INFO: [ app_begin ] --END-- [ RunTime:0.002000s ]
SQL: SHOW COLUMNS FROM `sys_business` [ RunTime:0.0120s ]
SQL: SELECT MAX(id) AS tp_max FROM `sys_business` LIMIT 1   [ RunTime:0.0010s ]
SQL: SELECT * FROM `sys_business` WHERE ( id = 1 ) LIMIT 1   [ RunTime:0.0000s ]
SQL: SHOW COLUMNS FROM `checking_audit` [ RunTime:0.0140s ]
SQL: SELECT COUNT(*) AS tp_count FROM `checking_audit` WHERE `audit_time` BETWEEN '2017-07-28  00:00:00' AND '2017-07-28 23:59:59' AND `audit_shops_name` = 1 AND `audit_decision` = 1 LIMIT 1   [ RunTime:0.0010s ]
SQL: SELECT COUNT(*) AS tp_count FROM `checking_audit` WHERE `audit_time` BETWEEN '2017-07-27  00:00:00' AND '2017-07-27 23:59:59' AND `audit_shops_name` = 1 AND `audit_decision` = 1 LIMIT 1   [ RunTime:0.0010s ]
SQL: SELECT COUNT(*) AS tp_count FROM `checking_audit` WHERE `audit_time` BETWEEN '2017-07-26  00:00:00' AND '2017-07-26 23:59:59' AND `audit_shops_name` = 1 AND `audit_decision` = 1 LIMIT 1   [ RunTime:0.0020s ]
SQL: SELECT COUNT(*) AS tp_count FROM `checking_audit` WHERE `audit_time` BETWEEN '2017-07-25  00:00:00' AND '2017-07-25 23:59:59' AND `audit_shops_name` = 1 AND `audit_decision` = 1 LIMIT 1   [ RunTime:0.0010s ]
SQL: SELECT COUNT(*) AS tp_count FROM `checking_audit` WHERE `audit_time` BETWEEN '2017-07-24  00:00:00' AND '2017-07-24 23:59:59' AND `audit_shops_name` = 1 AND `audit_decision` = 1 LIMIT 1   [ RunTime:0.0010s ]
SQL: SELECT COUNT(*) AS tp_count FROM `checking_audit` WHERE `audit_time` BETWEEN '2017-07-23  00:00:00' AND '2017-07-23 23:59:59' AND `audit_shops_name` = 1 AND `audit_decision` = 1 LIMIT 1   [ RunTime:0.0010s ]
SQL: SELECT COUNT(*) AS tp_count FROM `checking_audit` WHERE `audit_time` BETWEEN '2017-07-22  00:00:00' AND '2017-07-22 23:59:59' AND `audit_shops_name` = 1 AND `audit_decision` = 1 LIMIT 1   [ RunTime:0.0010s ]
SQL: SELECT * FROM `sys_business` WHERE ( id = 2 ) LIMIT 1   [ RunTime:0.0000s ]
SQL: SELECT COUNT(*) AS tp_count FROM `checking_audit` WHERE `audit_time` BETWEEN '2017-07-28  00:00:00' AND '2017-07-28 23:59:59' AND `audit_shops_name` = 2 AND `audit_decision` = 1 LIMIT 1   [ RunTime:0.0010s ]
SQL: SELECT COUNT(*) AS tp_count FROM `checking_audit` WHERE `audit_time` BETWEEN '2017-07-27  00:00:00' AND '2017-07-27 23:59:59' AND `audit_shops_name` = 2 AND `audit_decision` = 1 LIMIT 1   [ RunTime:0.0010s ]
SQL: SELECT COUNT(*) AS tp_count FROM `checking_audit` WHERE `audit_time` BETWEEN '2017-07-26  00:00:00' AND '2017-07-26 23:59:59' AND `audit_shops_name` = 2 AND `audit_decision` = 1 LIMIT 1   [ RunTime:0.0020s ]
SQL: SELECT COUNT(*) AS tp_count FROM `checking_audit` WHERE `audit_time` BETWEEN '2017-07-25  00:00:00' AND '2017-07-25 23:59:59' AND `audit_shops_name` = 2 AND `audit_decision` = 1 LIMIT 1   [ RunTime:0.0010s ]
SQL: SELECT COUNT(*) AS tp_count FROM `checking_audit` WHERE `audit_time` BETWEEN '2017-07-24  00:00:00' AND '2017-07-24 23:59:59' AND `audit_shops_name` = 2 AND `audit_decision` = 1 LIMIT 1   [ RunTime:0.0010s ]
SQL: SELECT COUNT(*) AS tp_count FROM `checking_audit` WHERE `audit_time` BETWEEN '2017-07-23  00:00:00' AND '2017-07-23 23:59:59' AND `audit_shops_name` = 2 AND `audit_decision` = 1 LIMIT 1   [ RunTime:0.0010s ]
SQL: SELECT COUNT(*) AS tp_count FROM `checking_audit` WHERE `audit_time` BETWEEN '2017-07-22  00:00:00' AND '2017-07-22 23:59:59' AND `audit_shops_name` = 2 AND `audit_decision` = 1 LIMIT 1   [ RunTime:0.0010s ]
SQL: SELECT * FROM `sys_business` WHERE ( id = 3 ) LIMIT 1   [ RunTime:0.0000s ]
SQL: SELECT COUNT(*) AS tp_count FROM `checking_audit` WHERE `audit_time` BETWEEN '2017-07-28  00:00:00' AND '2017-07-28 23:59:59' AND `audit_shops_name` = 3 AND `audit_decision` = 1 LIMIT 1   [ RunTime:0.0010s ]
SQL: SELECT COUNT(*) AS tp_count FROM `checking_audit` WHERE `audit_time` BETWEEN '2017-07-27  00:00:00' AND '2017-07-27 23:59:59' AND `audit_shops_name` = 3 AND `audit_decision` = 1 LIMIT 1   [ RunTime:0.0020s ]
SQL: SELECT COUNT(*) AS tp_count FROM `checking_audit` WHERE `audit_time` BETWEEN '2017-07-26  00:00:00' AND '2017-07-26 23:59:59' AND `audit_shops_name` = 3 AND `audit_decision` = 1 LIMIT 1   [ RunTime:0.0020s ]
SQL: SELECT COUNT(*) AS tp_count FROM `checking_audit` WHERE `audit_time` BETWEEN '2017-07-25  00:00:00' AND '2017-07-25 23:59:59' AND `audit_shops_name` = 3 AND `audit_decision` = 1 LIMIT 1   [ RunTime:0.0010s ]
SQL: SELECT COUNT(*) AS tp_count FROM `checking_audit` WHERE `audit_time` BETWEEN '2017-07-24  00:00:00' AND '2017-07-24 23:59:59' AND `audit_shops_name` = 3 AND `audit_decision` = 1 LIMIT 1   [ RunTime:0.0010s ]
SQL: SELECT COUNT(*) AS tp_count FROM `checking_audit` WHERE `audit_time` BETWEEN '2017-07-23  00:00:00' AND '2017-07-23 23:59:59' AND `audit_shops_name` = 3 AND `audit_decision` = 1 LIMIT 1   [ RunTime:0.0010s ]
SQL: SELECT COUNT(*) AS tp_count FROM `checking_audit` WHERE `audit_time` BETWEEN '2017-07-22  00:00:00' AND '2017-07-22 23:59:59' AND `audit_shops_name` = 3 AND `audit_decision` = 1 LIMIT 1   [ RunTime:0.0010s ]
SQL: SELECT * FROM `sys_business` WHERE ( id = 4 ) LIMIT 1   [ RunTime:0.0010s ]
SQL: SELECT COUNT(*) AS tp_count FROM `checking_audit` WHERE `audit_time` BETWEEN '2017-07-28  00:00:00' AND '2017-07-28 23:59:59' AND `audit_shops_name` = 4 AND `audit_decision` = 1 LIMIT 1   [ RunTime:0.0020s ]
SQL: SELECT COUNT(*) AS tp_count FROM `checking_audit` WHERE `audit_time` BETWEEN '2017-07-27  00:00:00' AND '2017-07-27 23:59:59' AND `audit_shops_name` = 4 AND `audit_decision` = 1 LIMIT 1   [ RunTime:0.0010s ]
SQL: SELECT COUNT(*) AS tp_count FROM `checking_audit` WHERE `audit_time` BETWEEN '2017-07-26  00:00:00' AND '2017-07-26 23:59:59' AND `audit_shops_name` = 4 AND `audit_decision` = 1 LIMIT 1   [ RunTime:0.0020s ]
SQL: SELECT COUNT(*) AS tp_count FROM `checking_audit` WHERE `audit_time` BETWEEN '2017-07-25  00:00:00' AND '2017-07-25 23:59:59' AND `audit_shops_name` = 4 AND `audit_decision` = 1 LIMIT 1   [ RunTime:0.0020s ]
SQL: SELECT COUNT(*) AS tp_count FROM `checking_audit` WHERE `audit_time` BETWEEN '2017-07-24  00:00:00' AND '2017-07-24 23:59:59' AND `audit_shops_name` = 4 AND `audit_decision` = 1 LIMIT 1   [ RunTime:0.0010s ]
SQL: SELECT COUNT(*) AS tp_count FROM `checking_audit` WHERE `audit_time` BETWEEN '2017-07-23  00:00:00' AND '2017-07-23 23:59:59' AND `audit_shops_name` = 4 AND `audit_decision` = 1 LIMIT 1   [ RunTime:0.0010s ]
SQL: SELECT COUNT(*) AS tp_count FROM `checking_audit` WHERE `audit_time` BETWEEN '2017-07-22  00:00:00' AND '2017-07-22 23:59:59' AND `audit_shops_name` = 4 AND `audit_decision` = 1 LIMIT 1   [ RunTime:0.0020s ]
SQL: SELECT * FROM `sys_business` WHERE ( id = 5 ) LIMIT 1   [ RunTime:0.0010s ]
SQL: SELECT COUNT(*) AS tp_count FROM `checking_audit` WHERE `audit_time` BETWEEN '2017-07-28  00:00:00' AND '2017-07-28 23:59:59' AND `audit_shops_name` = 5 AND `audit_decision` = 1 LIMIT 1   [ RunTime:0.0010s ]
SQL: SELECT COUNT(*) AS tp_count FROM `checking_audit` WHERE `audit_time` BETWEEN '2017-07-27  00:00:00' AND '2017-07-27 23:59:59' AND `audit_shops_name` = 5 AND `audit_decision` = 1 LIMIT 1   [ RunTime:0.0010s ]
SQL: SELECT COUNT(*) AS tp_count FROM `checking_audit` WHERE `audit_time` BETWEEN '2017-07-26  00:00:00' AND '2017-07-26 23:59:59' AND `audit_shops_name` = 5 AND `audit_decision` = 1 LIMIT 1   [ RunTime:0.0020s ]
SQL: SELECT COUNT(*) AS tp_count FROM `checking_audit` WHERE `audit_time` BETWEEN '2017-07-25  00:00:00' AND '2017-07-25 23:59:59' AND `audit_shops_name` = 5 AND `audit_decision` = 1 LIMIT 1   [ RunTime:0.0020s ]
SQL: SELECT COUNT(*) AS tp_count FROM `checking_audit` WHERE `audit_time` BETWEEN '2017-07-24  00:00:00' AND '2017-07-24 23:59:59' AND `audit_shops_name` = 5 AND `audit_decision` = 1 LIMIT 1   [ RunTime:0.0010s ]
SQL: SELECT COUNT(*) AS tp_count FROM `checking_audit` WHERE `audit_time` BETWEEN '2017-07-23  00:00:00' AND '2017-07-23 23:59:59' AND `audit_shops_name` = 5 AND `audit_decision` = 1 LIMIT 1   [ RunTime:0.0020s ]
SQL: SELECT COUNT(*) AS tp_count FROM `checking_audit` WHERE `audit_time` BETWEEN '2017-07-22  00:00:00' AND '2017-07-22 23:59:59' AND `audit_shops_name` = 5 AND `audit_decision` = 1 LIMIT 1   [ RunTime:0.0020s ]

[ 2017-07-28T14:40:53+08:00 ] 127.0.0.1 /lenovo3c_new/lbyun/index.php/Admin/SaleAnalyze/businessLine.html?day=7
INFO: [ app_begin ] --START--
INFO: Run Behavior\ReadHtmlCacheBehavior [ RunTime:0.001000s ]
INFO: [ app_begin ] --END-- [ RunTime:0.002000s ]
SQL: SHOW COLUMNS FROM `sys_business` [ RunTime:0.0120s ]
SQL: SELECT MAX(id) AS tp_max FROM `sys_business` LIMIT 1   [ RunTime:0.0010s ]
SQL: SELECT * FROM `sys_business` WHERE ( id = 1 ) LIMIT 1   [ RunTime:0.0000s ]
SQL: SHOW COLUMNS FROM `checking_audit` [ RunTime:0.0110s ]
SQL: SELECT COUNT(*) AS tp_count FROM `checking_audit` WHERE `audit_time` BETWEEN '2017-07-28  00:00:00' AND '2017-07-28 23:59:59' AND `audit_shops_name` = 1 AND `audit_decision` = 1 LIMIT 1   [ RunTime:0.0010s ]
SQL: SELECT COUNT(*) AS tp_count FROM `checking_audit` WHERE `audit_time` BETWEEN '2017-07-27  00:00:00' AND '2017-07-27 23:59:59' AND `audit_shops_name` = 1 AND `audit_decision` = 1 LIMIT 1   [ RunTime:0.0010s ]
SQL: SELECT COUNT(*) AS tp_count FROM `checking_audit` WHERE `audit_time` BETWEEN '2017-07-26  00:00:00' AND '2017-07-26 23:59:59' AND `audit_shops_name` = 1 AND `audit_decision` = 1 LIMIT 1   [ RunTime:0.0000s ]
SQL: SELECT COUNT(*) AS tp_count FROM `checking_audit` WHERE `audit_time` BETWEEN '2017-07-25  00:00:00' AND '2017-07-25 23:59:59' AND `audit_shops_name` = 1 AND `audit_decision` = 1 LIMIT 1   [ RunTime:0.0010s ]
SQL: SELECT COUNT(*) AS tp_count FROM `checking_audit` WHERE `audit_time` BETWEEN '2017-07-24  00:00:00' AND '2017-07-24 23:59:59' AND `audit_shops_name` = 1 AND `audit_decision` = 1 LIMIT 1   [ RunTime:0.0010s ]
SQL: SELECT COUNT(*) AS tp_count FROM `checking_audit` WHERE `audit_time` BETWEEN '2017-07-23  00:00:00' AND '2017-07-23 23:59:59' AND `audit_shops_name` = 1 AND `audit_decision` = 1 LIMIT 1   [ RunTime:0.0010s ]
SQL: SELECT COUNT(*) AS tp_count FROM `checking_audit` WHERE `audit_time` BETWEEN '2017-07-22  00:00:00' AND '2017-07-22 23:59:59' AND `audit_shops_name` = 1 AND `audit_decision` = 1 LIMIT 1   [ RunTime:0.0010s ]
SQL: SELECT * FROM `sys_business` WHERE ( id = 2 ) LIMIT 1   [ RunTime:0.0010s ]
SQL: SELECT COUNT(*) AS tp_count FROM `checking_audit` WHERE `audit_time` BETWEEN '2017-07-28  00:00:00' AND '2017-07-28 23:59:59' AND `audit_shops_name` = 2 AND `audit_decision` = 1 LIMIT 1   [ RunTime:0.0010s ]
SQL: SELECT COUNT(*) AS tp_count FROM `checking_audit` WHERE `audit_time` BETWEEN '2017-07-27  00:00:00' AND '2017-07-27 23:59:59' AND `audit_shops_name` = 2 AND `audit_decision` = 1 LIMIT 1   [ RunTime:0.0010s ]
SQL: SELECT COUNT(*) AS tp_count FROM `checking_audit` WHERE `audit_time` BETWEEN '2017-07-26  00:00:00' AND '2017-07-26 23:59:59' AND `audit_shops_name` = 2 AND `audit_decision` = 1 LIMIT 1   [ RunTime:0.0010s ]
SQL: SELECT COUNT(*) AS tp_count FROM `checking_audit` WHERE `audit_time` BETWEEN '2017-07-25  00:00:00' AND '2017-07-25 23:59:59' AND `audit_shops_name` = 2 AND `audit_decision` = 1 LIMIT 1   [ RunTime:0.0010s ]
SQL: SELECT COUNT(*) AS tp_count FROM `checking_audit` WHERE `audit_time` BETWEEN '2017-07-24  00:00:00' AND '2017-07-24 23:59:59' AND `audit_shops_name` = 2 AND `audit_decision` = 1 LIMIT 1   [ RunTime:0.0020s ]
SQL: SELECT COUNT(*) AS tp_count FROM `checking_audit` WHERE `audit_time` BETWEEN '2017-07-23  00:00:00' AND '2017-07-23 23:59:59' AND `audit_shops_name` = 2 AND `audit_decision` = 1 LIMIT 1   [ RunTime:0.0010s ]
SQL: SELECT COUNT(*) AS tp_count FROM `checking_audit` WHERE `audit_time` BETWEEN '2017-07-22  00:00:00' AND '2017-07-22 23:59:59' AND `audit_shops_name` = 2 AND `audit_decision` = 1 LIMIT 1   [ RunTime:0.0020s ]
SQL: SELECT * FROM `sys_business` WHERE ( id = 3 ) LIMIT 1   [ RunTime:0.0000s ]
SQL: SELECT COUNT(*) AS tp_count FROM `checking_audit` WHERE `audit_time` BETWEEN '2017-07-28  00:00:00' AND '2017-07-28 23:59:59' AND `audit_shops_name` = 3 AND `audit_decision` = 1 LIMIT 1   [ RunTime:0.0010s ]
SQL: SELECT COUNT(*) AS tp_count FROM `checking_audit` WHERE `audit_time` BETWEEN '2017-07-27  00:00:00' AND '2017-07-27 23:59:59' AND `audit_shops_name` = 3 AND `audit_decision` = 1 LIMIT 1   [ RunTime:0.0020s ]
SQL: SELECT COUNT(*) AS tp_count FROM `checking_audit` WHERE `audit_time` BETWEEN '2017-07-26  00:00:00' AND '2017-07-26 23:59:59' AND `audit_shops_name` = 3 AND `audit_decision` = 1 LIMIT 1   [ RunTime:0.0020s ]
SQL: SELECT COUNT(*) AS tp_count FROM `checking_audit` WHERE `audit_time` BETWEEN '2017-07-25  00:00:00' AND '2017-07-25 23:59:59' AND `audit_shops_name` = 3 AND `audit_decision` = 1 LIMIT 1   [ RunTime:0.0020s ]
SQL: SELECT COUNT(*) AS tp_count FROM `checking_audit` WHERE `audit_time` BETWEEN '2017-07-24  00:00:00' AND '2017-07-24 23:59:59' AND `audit_shops_name` = 3 AND `audit_decision` = 1 LIMIT 1   [ RunTime:0.0010s ]
SQL: SELECT COUNT(*) AS tp_count FROM `checking_audit` WHERE `audit_time` BETWEEN '2017-07-23  00:00:00' AND '2017-07-23 23:59:59' AND `audit_shops_name` = 3 AND `audit_decision` = 1 LIMIT 1   [ RunTime:0.0010s ]
SQL: SELECT COUNT(*) AS tp_count FROM `checking_audit` WHERE `audit_time` BETWEEN '2017-07-22  00:00:00' AND '2017-07-22 23:59:59' AND `audit_shops_name` = 3 AND `audit_decision` = 1 LIMIT 1   [ RunTime:0.0010s ]
SQL: SELECT * FROM `sys_business` WHERE ( id = 4 ) LIMIT 1   [ RunTime:0.0010s ]
SQL: SELECT COUNT(*) AS tp_count FROM `checking_audit` WHERE `audit_time` BETWEEN '2017-07-28  00:00:00' AND '2017-07-28 23:59:59' AND `audit_shops_name` = 4 AND `audit_decision` = 1 LIMIT 1   [ RunTime:0.0010s ]
SQL: SELECT COUNT(*) AS tp_count FROM `checking_audit` WHERE `audit_time` BETWEEN '2017-07-27  00:00:00' AND '2017-07-27 23:59:59' AND `audit_shops_name` = 4 AND `audit_decision` = 1 LIMIT 1   [ RunTime:0.0010s ]
SQL: SELECT COUNT(*) AS tp_count FROM `checking_audit` WHERE `audit_time` BETWEEN '2017-07-26  00:00:00' AND '2017-07-26 23:59:59' AND `audit_shops_name` = 4 AND `audit_decision` = 1 LIMIT 1   [ RunTime:0.0010s ]
SQL: SELECT COUNT(*) AS tp_count FROM `checking_audit` WHERE `audit_time` BETWEEN '2017-07-25  00:00:00' AND '2017-07-25 23:59:59' AND `audit_shops_name` = 4 AND `audit_decision` = 1 LIMIT 1   [ RunTime:0.0020s ]
SQL: SELECT COUNT(*) AS tp_count FROM `checking_audit` WHERE `audit_time` BETWEEN '2017-07-24  00:00:00' AND '2017-07-24 23:59:59' AND `audit_shops_name` = 4 AND `audit_decision` = 1 LIMIT 1   [ RunTime:0.0010s ]
SQL: SELECT COUNT(*) AS tp_count FROM `checking_audit` WHERE `audit_time` BETWEEN '2017-07-23  00:00:00' AND '2017-07-23 23:59:59' AND `audit_shops_name` = 4 AND `audit_decision` = 1 LIMIT 1   [ RunTime:0.0020s ]
SQL: SELECT COUNT(*) AS tp_count FROM `checking_audit` WHERE `audit_time` BETWEEN '2017-07-22  00:00:00' AND '2017-07-22 23:59:59' AND `audit_shops_name` = 4 AND `audit_decision` = 1 LIMIT 1   [ RunTime:0.0010s ]
SQL: SELECT * FROM `sys_business` WHERE ( id = 5 ) LIMIT 1   [ RunTime:0.0000s ]
SQL: SELECT COUNT(*) AS tp_count FROM `checking_audit` WHERE `audit_time` BETWEEN '2017-07-28  00:00:00' AND '2017-07-28 23:59:59' AND `audit_shops_name` = 5 AND `audit_decision` = 1 LIMIT 1   [ RunTime:0.0020s ]
SQL: SELECT COUNT(*) AS tp_count FROM `checking_audit` WHERE `audit_time` BETWEEN '2017-07-27  00:00:00' AND '2017-07-27 23:59:59' AND `audit_shops_name` = 5 AND `audit_decision` = 1 LIMIT 1   [ RunTime:0.0020s ]
SQL: SELECT COUNT(*) AS tp_count FROM `checking_audit` WHERE `audit_time` BETWEEN '2017-07-26  00:00:00' AND '2017-07-26 23:59:59' AND `audit_shops_name` = 5 AND `audit_decision` = 1 LIMIT 1   [ RunTime:0.0010s ]
SQL: SELECT COUNT(*) AS tp_count FROM `checking_audit` WHERE `audit_time` BETWEEN '2017-07-25  00:00:00' AND '2017-07-25 23:59:59' AND `audit_shops_name` = 5 AND `audit_decision` = 1 LIMIT 1   [ RunTime:0.0010s ]
SQL: SELECT COUNT(*) AS tp_count FROM `checking_audit` WHERE `audit_time` BETWEEN '2017-07-24  00:00:00' AND '2017-07-24 23:59:59' AND `audit_shops_name` = 5 AND `audit_decision` = 1 LIMIT 1   [ RunTime:0.0020s ]
SQL: SELECT COUNT(*) AS tp_count FROM `checking_audit` WHERE `audit_time` BETWEEN '2017-07-23  00:00:00' AND '2017-07-23 23:59:59' AND `audit_shops_name` = 5 AND `audit_decision` = 1 LIMIT 1   [ RunTime:0.0010s ]
SQL: SELECT COUNT(*) AS tp_count FROM `checking_audit` WHERE `audit_time` BETWEEN '2017-07-22  00:00:00' AND '2017-07-22 23:59:59' AND `audit_shops_name` = 5 AND `audit_decision` = 1 LIMIT 1   [ RunTime:0.0010s ]

[ 2017-07-28T14:40:53+08:00 ] 127.0.0.1 /lenovo3c_new/lbyun/index.php/Admin/SaleAnalyze/business.html?day=7
INFO: [ app_begin ] --START--
INFO: Run Behavior\ReadHtmlCacheBehavior [ RunTime:0.002000s ]
INFO: [ app_begin ] --END-- [ RunTime:0.003000s ]
SQL: SHOW COLUMNS FROM `sys_business` [ RunTime:0.0150s ]
SQL: SELECT MAX(id) AS tp_max FROM `sys_business` LIMIT 1   [ RunTime:0.0010s ]
SQL: SELECT `busName` FROM `sys_business` WHERE ( id = 1 ) LIMIT 1   [ RunTime:0.0000s ]
SQL: SHOW COLUMNS FROM `checking_audit` [ RunTime:0.0190s ]
SQL: SELECT COUNT(*) AS tp_count FROM `checking_audit` WHERE ( audit_shops_name = 1 ) AND `audit_time` > '2017-07-21 14:40:53' AND `audit_decision` = 1 LIMIT 1   [ RunTime:0.0020s ]
SQL: SELECT `busName` FROM `sys_business` WHERE ( id = 2 ) LIMIT 1   [ RunTime:0.0000s ]
SQL: SELECT COUNT(*) AS tp_count FROM `checking_audit` WHERE ( audit_shops_name = 2 ) AND `audit_time` > '2017-07-21 14:40:53' AND `audit_decision` = 1 LIMIT 1   [ RunTime:0.0010s ]
SQL: SELECT `busName` FROM `sys_business` WHERE ( id = 3 ) LIMIT 1   [ RunTime:0.0000s ]
SQL: SELECT COUNT(*) AS tp_count FROM `checking_audit` WHERE ( audit_shops_name = 3 ) AND `audit_time` > '2017-07-21 14:40:53' AND `audit_decision` = 1 LIMIT 1   [ RunTime:0.0020s ]
SQL: SELECT `busName` FROM `sys_business` WHERE ( id = 4 ) LIMIT 1   [ RunTime:0.0010s ]
SQL: SELECT COUNT(*) AS tp_count FROM `checking_audit` WHERE ( audit_shops_name = 4 ) AND `audit_time` > '2017-07-21 14:40:53' AND `audit_decision` = 1 LIMIT 1   [ RunTime:0.0020s ]
SQL: SELECT `busName` FROM `sys_business` WHERE ( id = 5 ) LIMIT 1   [ RunTime:0.0000s ]
SQL: SELECT COUNT(*) AS tp_count FROM `checking_audit` WHERE ( audit_shops_name = 5 ) AND `audit_time` > '2017-07-21 14:40:53' AND `audit_decision` = 1 LIMIT 1   [ RunTime:0.0010s ]

[ 2017-07-28T15:12:08+08:00 ] 127.0.0.1 /lenovo3c_new/lbyun/index.php/Admin/SaleAnalyze/businessLine.html?day=7
INFO: [ app_begin ] --START--
INFO: Run Behavior\ReadHtmlCacheBehavior [ RunTime:0.001000s ]
INFO: [ app_begin ] --END-- [ RunTime:0.002000s ]
SQL: SHOW COLUMNS FROM `sys_business` [ RunTime:0.0150s ]
SQL: SELECT MAX(id) AS tp_max FROM `sys_business` LIMIT 1   [ RunTime:0.0010s ]
SQL: SELECT * FROM `sys_business` WHERE ( id = 1 ) LIMIT 1   [ RunTime:0.0000s ]
SQL: SHOW COLUMNS FROM `checking_audit` [ RunTime:0.0120s ]
SQL: SELECT COUNT(*) AS tp_count FROM `checking_audit` WHERE `audit_time` BETWEEN '2017-07-28  00:00:00' AND '2017-07-28 23:59:59' AND `audit_shops_name` = 1 AND `audit_decision` = 1 LIMIT 1   [ RunTime:0.0010s ]
SQL: SELECT COUNT(*) AS tp_count FROM `checking_audit` WHERE `audit_time` BETWEEN '2017-07-27  00:00:00' AND '2017-07-27 23:59:59' AND `audit_shops_name` = 1 AND `audit_decision` = 1 LIMIT 1   [ RunTime:0.0010s ]
SQL: SELECT COUNT(*) AS tp_count FROM `checking_audit` WHERE `audit_time` BETWEEN '2017-07-26  00:00:00' AND '2017-07-26 23:59:59' AND `audit_shops_name` = 1 AND `audit_decision` = 1 LIMIT 1   [ RunTime:0.0010s ]
SQL: SELECT COUNT(*) AS tp_count FROM `checking_audit` WHERE `audit_time` BETWEEN '2017-07-25  00:00:00' AND '2017-07-25 23:59:59' AND `audit_shops_name` = 1 AND `audit_decision` = 1 LIMIT 1   [ RunTime:0.0010s ]
SQL: SELECT COUNT(*) AS tp_count FROM `checking_audit` WHERE `audit_time` BETWEEN '2017-07-24  00:00:00' AND '2017-07-24 23:59:59' AND `audit_shops_name` = 1 AND `audit_decision` = 1 LIMIT 1   [ RunTime:0.0020s ]
SQL: SELECT COUNT(*) AS tp_count FROM `checking_audit` WHERE `audit_time` BETWEEN '2017-07-23  00:00:00' AND '2017-07-23 23:59:59' AND `audit_shops_name` = 1 AND `audit_decision` = 1 LIMIT 1   [ RunTime:0.0010s ]
SQL: SELECT COUNT(*) AS tp_count FROM `checking_audit` WHERE `audit_time` BETWEEN '2017-07-22  00:00:00' AND '2017-07-22 23:59:59' AND `audit_shops_name` = 1 AND `audit_decision` = 1 LIMIT 1   [ RunTime:0.0010s ]
SQL: SELECT * FROM `sys_business` WHERE ( id = 2 ) LIMIT 1   [ RunTime:0.0010s ]
SQL: SELECT COUNT(*) AS tp_count FROM `checking_audit` WHERE `audit_time` BETWEEN '2017-07-28  00:00:00' AND '2017-07-28 23:59:59' AND `audit_shops_name` = 2 AND `audit_decision` = 1 LIMIT 1   [ RunTime:0.0010s ]
SQL: SELECT COUNT(*) AS tp_count FROM `checking_audit` WHERE `audit_time` BETWEEN '2017-07-27  00:00:00' AND '2017-07-27 23:59:59' AND `audit_shops_name` = 2 AND `audit_decision` = 1 LIMIT 1   [ RunTime:0.0010s ]
SQL: SELECT COUNT(*) AS tp_count FROM `checking_audit` WHERE `audit_time` BETWEEN '2017-07-26  00:00:00' AND '2017-07-26 23:59:59' AND `audit_shops_name` = 2 AND `audit_decision` = 1 LIMIT 1   [ RunTime:0.0010s ]
SQL: SELECT COUNT(*) AS tp_count FROM `checking_audit` WHERE `audit_time` BETWEEN '2017-07-25  00:00:00' AND '2017-07-25 23:59:59' AND `audit_shops_name` = 2 AND `audit_decision` = 1 LIMIT 1   [ RunTime:0.0010s ]
SQL: SELECT COUNT(*) AS tp_count FROM `checking_audit` WHERE `audit_time` BETWEEN '2017-07-24  00:00:00' AND '2017-07-24 23:59:59' AND `audit_shops_name` = 2 AND `audit_decision` = 1 LIMIT 1   [ RunTime:0.0010s ]
SQL: SELECT COUNT(*) AS tp_count FROM `checking_audit` WHERE `audit_time` BETWEEN '2017-07-23  00:00:00' AND '2017-07-23 23:59:59' AND `audit_shops_name` = 2 AND `audit_decision` = 1 LIMIT 1   [ RunTime:0.0010s ]
SQL: SELECT COUNT(*) AS tp_count FROM `checking_audit` WHERE `audit_time` BETWEEN '2017-07-22  00:00:00' AND '2017-07-22 23:59:59' AND `audit_shops_name` = 2 AND `audit_decision` = 1 LIMIT 1   [ RunTime:0.0010s ]
SQL: SELECT * FROM `sys_business` WHERE ( id = 3 ) LIMIT 1   [ RunTime:0.0000s ]
SQL: SELECT COUNT(*) AS tp_count FROM `checking_audit` WHERE `audit_time` BETWEEN '2017-07-28  00:00:00' AND '2017-07-28 23:59:59' AND `audit_shops_name` = 3 AND `audit_decision` = 1 LIMIT 1   [ RunTime:0.0010s ]
SQL: SELECT COUNT(*) AS tp_count FROM `checking_audit` WHERE `audit_time` BETWEEN '2017-07-27  00:00:00' AND '2017-07-27 23:59:59' AND `audit_shops_name` = 3 AND `audit_decision` = 1 LIMIT 1   [ RunTime:0.0010s ]
SQL: SELECT COUNT(*) AS tp_count FROM `checking_audit` WHERE `audit_time` BETWEEN '2017-07-26  00:00:00' AND '2017-07-26 23:59:59' AND `audit_shops_name` = 3 AND `audit_decision` = 1 LIMIT 1   [ RunTime:0.0010s ]
SQL: SELECT COUNT(*) AS tp_count FROM `checking_audit` WHERE `audit_time` BETWEEN '2017-07-25  00:00:00' AND '2017-07-25 23:59:59' AND `audit_shops_name` = 3 AND `audit_decision` = 1 LIMIT 1   [ RunTime:0.0010s ]
SQL: SELECT COUNT(*) AS tp_count FROM `checking_audit` WHERE `audit_time` BETWEEN '2017-07-24  00:00:00' AND '2017-07-24 23:59:59' AND `audit_shops_name` = 3 AND `audit_decision` = 1 LIMIT 1   [ RunTime:0.0010s ]
SQL: SELECT COUNT(*) AS tp_count FROM `checking_audit` WHERE `audit_time` BETWEEN '2017-07-23  00:00:00' AND '2017-07-23 23:59:59' AND `audit_shops_name` = 3 AND `audit_decision` = 1 LIMIT 1   [ RunTime:0.0010s ]
SQL: SELECT COUNT(*) AS tp_count FROM `checking_audit` WHERE `audit_time` BETWEEN '2017-07-22  00:00:00' AND '2017-07-22 23:59:59' AND `audit_shops_name` = 3 AND `audit_decision` = 1 LIMIT 1   [ RunTime:0.0010s ]
SQL: SELECT * FROM `sys_business` WHERE ( id = 4 ) LIMIT 1   [ RunTime:0.0010s ]
SQL: SELECT COUNT(*) AS tp_count FROM `checking_audit` WHERE `audit_time` BETWEEN '2017-07-28  00:00:00' AND '2017-07-28 23:59:59' AND `audit_shops_name` = 4 AND `audit_decision` = 1 LIMIT 1   [ RunTime:0.0010s ]
SQL: SELECT COUNT(*) AS tp_count FROM `checking_audit` WHERE `audit_time` BETWEEN '2017-07-27  00:00:00' AND '2017-07-27 23:59:59' AND `audit_shops_name` = 4 AND `audit_decision` = 1 LIMIT 1   [ RunTime:0.0010s ]
SQL: SELECT COUNT(*) AS tp_count FROM `checking_audit` WHERE `audit_time` BETWEEN '2017-07-26  00:00:00' AND '2017-07-26 23:59:59' AND `audit_shops_name` = 4 AND `audit_decision` = 1 LIMIT 1   [ RunTime:0.0010s ]
SQL: SELECT COUNT(*) AS tp_count FROM `checking_audit` WHERE `audit_time` BETWEEN '2017-07-25  00:00:00' AND '2017-07-25 23:59:59' AND `audit_shops_name` = 4 AND `audit_decision` = 1 LIMIT 1   [ RunTime:0.0010s ]
SQL: SELECT COUNT(*) AS tp_count FROM `checking_audit` WHERE `audit_time` BETWEEN '2017-07-24  00:00:00' AND '2017-07-24 23:59:59' AND `audit_shops_name` = 4 AND `audit_decision` = 1 LIMIT 1   [ RunTime:0.0010s ]
SQL: SELECT COUNT(*) AS tp_count FROM `checking_audit` WHERE `audit_time` BETWEEN '2017-07-23  00:00:00' AND '2017-07-23 23:59:59' AND `audit_shops_name` = 4 AND `audit_decision` = 1 LIMIT 1   [ RunTime:0.0010s ]
SQL: SELECT COUNT(*) AS tp_count FROM `checking_audit` WHERE `audit_time` BETWEEN '2017-07-22  00:00:00' AND '2017-07-22 23:59:59' AND `audit_shops_name` = 4 AND `audit_decision` = 1 LIMIT 1   [ RunTime:0.0010s ]
SQL: SELECT * FROM `sys_business` WHERE ( id = 5 ) LIMIT 1   [ RunTime:0.0000s ]
SQL: SELECT COUNT(*) AS tp_count FROM `checking_audit` WHERE `audit_time` BETWEEN '2017-07-28  00:00:00' AND '2017-07-28 23:59:59' AND `audit_shops_name` = 5 AND `audit_decision` = 1 LIMIT 1   [ RunTime:0.0010s ]
SQL: SELECT COUNT(*) AS tp_count FROM `checking_audit` WHERE `audit_time` BETWEEN '2017-07-27  00:00:00' AND '2017-07-27 23:59:59' AND `audit_shops_name` = 5 AND `audit_decision` = 1 LIMIT 1   [ RunTime:0.0010s ]
SQL: SELECT COUNT(*) AS tp_count FROM `checking_audit` WHERE `audit_time` BETWEEN '2017-07-26  00:00:00' AND '2017-07-26 23:59:59' AND `audit_shops_name` = 5 AND `audit_decision` = 1 LIMIT 1   [ RunTime:0.0000s ]
SQL: SELECT COUNT(*) AS tp_count FROM `checking_audit` WHERE `audit_time` BETWEEN '2017-07-25  00:00:00' AND '2017-07-25 23:59:59' AND `audit_shops_name` = 5 AND `audit_decision` = 1 LIMIT 1   [ RunTime:0.0010s ]
SQL: SELECT COUNT(*) AS tp_count FROM `checking_audit` WHERE `audit_time` BETWEEN '2017-07-24  00:00:00' AND '2017-07-24 23:59:59' AND `audit_shops_name` = 5 AND `audit_decision` = 1 LIMIT 1   [ RunTime:0.0010s ]
SQL: SELECT COUNT(*) AS tp_count FROM `checking_audit` WHERE `audit_time` BETWEEN '2017-07-23  00:00:00' AND '2017-07-23 23:59:59' AND `audit_shops_name` = 5 AND `audit_decision` = 1 LIMIT 1   [ RunTime:0.0010s ]
SQL: SELECT COUNT(*) AS tp_count FROM `checking_audit` WHERE `audit_time` BETWEEN '2017-07-22  00:00:00' AND '2017-07-22 23:59:59' AND `audit_shops_name` = 5 AND `audit_decision` = 1 LIMIT 1   [ RunTime:0.0020s ]

[ 2017-07-28T15:12:08+08:00 ] 127.0.0.1 /lenovo3c_new/lbyun/index.php/Admin/SaleAnalyze/business.html?day=7
INFO: [ app_begin ] --START--
INFO: Run Behavior\ReadHtmlCacheBehavior [ RunTime:0.002000s ]
INFO: [ app_begin ] --END-- [ RunTime:0.003000s ]
SQL: SHOW COLUMNS FROM `sys_business` [ RunTime:0.0110s ]
SQL: SELECT MAX(id) AS tp_max FROM `sys_business` LIMIT 1   [ RunTime:0.0010s ]
SQL: SELECT `busName` FROM `sys_business` WHERE ( id = 1 ) LIMIT 1   [ RunTime:0.0000s ]
SQL: SHOW COLUMNS FROM `checking_audit` [ RunTime:0.0140s ]
SQL: SELECT COUNT(*) AS tp_count FROM `checking_audit` WHERE ( audit_shops_name = 1 ) AND `audit_time` > '2017-07-21 15:12:08' AND `audit_decision` = 1 LIMIT 1   [ RunTime:0.0010s ]
SQL: SELECT `busName` FROM `sys_business` WHERE ( id = 2 ) LIMIT 1   [ RunTime:0.0000s ]
SQL: SELECT COUNT(*) AS tp_count FROM `checking_audit` WHERE ( audit_shops_name = 2 ) AND `audit_time` > '2017-07-21 15:12:08' AND `audit_decision` = 1 LIMIT 1   [ RunTime:0.0000s ]
SQL: SELECT `busName` FROM `sys_business` WHERE ( id = 3 ) LIMIT 1   [ RunTime:0.0000s ]
SQL: SELECT COUNT(*) AS tp_count FROM `checking_audit` WHERE ( audit_shops_name = 3 ) AND `audit_time` > '2017-07-21 15:12:08' AND `audit_decision` = 1 LIMIT 1   [ RunTime:0.0010s ]
SQL: SELECT `busName` FROM `sys_business` WHERE ( id = 4 ) LIMIT 1   [ RunTime:0.0000s ]
SQL: SELECT COUNT(*) AS tp_count FROM `checking_audit` WHERE ( audit_shops_name = 4 ) AND `audit_time` > '2017-07-21 15:12:08' AND `audit_decision` = 1 LIMIT 1   [ RunTime:0.0010s ]
SQL: SELECT `busName` FROM `sys_business` WHERE ( id = 5 ) LIMIT 1   [ RunTime:0.0000s ]
SQL: SELECT COUNT(*) AS tp_count FROM `checking_audit` WHERE ( audit_shops_name = 5 ) AND `audit_time` > '2017-07-21 15:12:08' AND `audit_decision` = 1 LIMIT 1   [ RunTime:0.0020s ]

[ 2017-07-28T15:13:48+08:00 ] 127.0.0.1 /lenovo3c_new/lbyun/index.php/Admin/SaleAnalyze/business.html?day=7
INFO: [ app_begin ] --START--
INFO: Run Behavior\ReadHtmlCacheBehavior [ RunTime:0.001000s ]
INFO: [ app_begin ] --END-- [ RunTime:0.002000s ]
SQL: SHOW COLUMNS FROM `sys_business` [ RunTime:0.0130s ]
SQL: SELECT MAX(id) AS tp_max FROM `sys_business` LIMIT 1   [ RunTime:0.0010s ]
SQL: SELECT `busName` FROM `sys_business` WHERE ( id = 1 ) LIMIT 1   [ RunTime:0.0000s ]
SQL: SHOW COLUMNS FROM `checking_audit` [ RunTime:0.0190s ]
SQL: SELECT COUNT(*) AS tp_count FROM `checking_audit` WHERE ( audit_shops_name = 1 ) AND `audit_time` > '2017-07-21 15:13:48' AND `audit_decision` = 1 LIMIT 1   [ RunTime:0.0010s ]
SQL: SELECT `busName` FROM `sys_business` WHERE ( id = 2 ) LIMIT 1   [ RunTime:0.0000s ]
SQL: SELECT COUNT(*) AS tp_count FROM `checking_audit` WHERE ( audit_shops_name = 2 ) AND `audit_time` > '2017-07-21 15:13:48' AND `audit_decision` = 1 LIMIT 1   [ RunTime:0.0010s ]
SQL: SELECT `busName` FROM `sys_business` WHERE ( id = 3 ) LIMIT 1   [ RunTime:0.0000s ]
SQL: SELECT COUNT(*) AS tp_count FROM `checking_audit` WHERE ( audit_shops_name = 3 ) AND `audit_time` > '2017-07-21 15:13:48' AND `audit_decision` = 1 LIMIT 1   [ RunTime:0.0010s ]
SQL: SELECT `busName` FROM `sys_business` WHERE ( id = 4 ) LIMIT 1   [ RunTime:0.0010s ]
SQL: SELECT COUNT(*) AS tp_count FROM `checking_audit` WHERE ( audit_shops_name = 4 ) AND `audit_time` > '2017-07-21 15:13:48' AND `audit_decision` = 1 LIMIT 1   [ RunTime:0.0010s ]
SQL: SELECT `busName` FROM `sys_business` WHERE ( id = 5 ) LIMIT 1   [ RunTime:0.0000s ]
SQL: SELECT COUNT(*) AS tp_count FROM `checking_audit` WHERE ( audit_shops_name = 5 ) AND `audit_time` > '2017-07-21 15:13:48' AND `audit_decision` = 1 LIMIT 1   [ RunTime:0.0010s ]

[ 2017-07-28T15:13:48+08:00 ] 127.0.0.1 /lenovo3c_new/lbyun/index.php/Admin/SaleAnalyze/businessLine.html?day=7
INFO: [ app_begin ] --START--
INFO: Run Behavior\ReadHtmlCacheBehavior [ RunTime:0.001000s ]
INFO: [ app_begin ] --END-- [ RunTime:0.002000s ]
SQL: SHOW COLUMNS FROM `sys_business` [ RunTime:0.0150s ]
SQL: SELECT MAX(id) AS tp_max FROM `sys_business` LIMIT 1   [ RunTime:0.0000s ]
SQL: SELECT * FROM `sys_business` WHERE ( id = 1 ) LIMIT 1   [ RunTime:0.0000s ]
SQL: SHOW COLUMNS FROM `checking_audit` [ RunTime:0.0160s ]
SQL: SELECT COUNT(*) AS tp_count FROM `checking_audit` WHERE `audit_time` BETWEEN '2017-07-28  00:00:00' AND '2017-07-28 23:59:59' AND `audit_shops_name` = 1 AND `audit_decision` = 1 LIMIT 1   [ RunTime:0.0010s ]
SQL: SELECT COUNT(*) AS tp_count FROM `checking_audit` WHERE `audit_time` BETWEEN '2017-07-27  00:00:00' AND '2017-07-27 23:59:59' AND `audit_shops_name` = 1 AND `audit_decision` = 1 LIMIT 1   [ RunTime:0.0010s ]
SQL: SELECT COUNT(*) AS tp_count FROM `checking_audit` WHERE `audit_time` BETWEEN '2017-07-26  00:00:00' AND '2017-07-26 23:59:59' AND `audit_shops_name` = 1 AND `audit_decision` = 1 LIMIT 1   [ RunTime:0.0000s ]
SQL: SELECT COUNT(*) AS tp_count FROM `checking_audit` WHERE `audit_time` BETWEEN '2017-07-25  00:00:00' AND '2017-07-25 23:59:59' AND `audit_shops_name` = 1 AND `audit_decision` = 1 LIMIT 1   [ RunTime:0.0010s ]
SQL: SELECT COUNT(*) AS tp_count FROM `checking_audit` WHERE `audit_time` BETWEEN '2017-07-24  00:00:00' AND '2017-07-24 23:59:59' AND `audit_shops_name` = 1 AND `audit_decision` = 1 LIMIT 1   [ RunTime:0.0010s ]
SQL: SELECT COUNT(*) AS tp_count FROM `checking_audit` WHERE `audit_time` BETWEEN '2017-07-23  00:00:00' AND '2017-07-23 23:59:59' AND `audit_shops_name` = 1 AND `audit_decision` = 1 LIMIT 1   [ RunTime:0.0010s ]
SQL: SELECT COUNT(*) AS tp_count FROM `checking_audit` WHERE `audit_time` BETWEEN '2017-07-22  00:00:00' AND '2017-07-22 23:59:59' AND `audit_shops_name` = 1 AND `audit_decision` = 1 LIMIT 1   [ RunTime:0.0010s ]
SQL: SELECT * FROM `sys_business` WHERE ( id = 2 ) LIMIT 1   [ RunTime:0.0000s ]
SQL: SELECT COUNT(*) AS tp_count FROM `checking_audit` WHERE `audit_time` BETWEEN '2017-07-28  00:00:00' AND '2017-07-28 23:59:59' AND `audit_shops_name` = 2 AND `audit_decision` = 1 LIMIT 1   [ RunTime:0.0010s ]
SQL: SELECT COUNT(*) AS tp_count FROM `checking_audit` WHERE `audit_time` BETWEEN '2017-07-27  00:00:00' AND '2017-07-27 23:59:59' AND `audit_shops_name` = 2 AND `audit_decision` = 1 LIMIT 1   [ RunTime:0.0010s ]
SQL: SELECT COUNT(*) AS tp_count FROM `checking_audit` WHERE `audit_time` BETWEEN '2017-07-26  00:00:00' AND '2017-07-26 23:59:59' AND `audit_shops_name` = 2 AND `audit_decision` = 1 LIMIT 1   [ RunTime:0.0010s ]
SQL: SELECT COUNT(*) AS tp_count FROM `checking_audit` WHERE `audit_time` BETWEEN '2017-07-25  00:00:00' AND '2017-07-25 23:59:59' AND `audit_shops_name` = 2 AND `audit_decision` = 1 LIMIT 1   [ RunTime:0.0020s ]
SQL: SELECT COUNT(*) AS tp_count FROM `checking_audit` WHERE `audit_time` BETWEEN '2017-07-24  00:00:00' AND '2017-07-24 23:59:59' AND `audit_shops_name` = 2 AND `audit_decision` = 1 LIMIT 1   [ RunTime:0.0010s ]
SQL: SELECT COUNT(*) AS tp_count FROM `checking_audit` WHERE `audit_time` BETWEEN '2017-07-23  00:00:00' AND '2017-07-23 23:59:59' AND `audit_shops_name` = 2 AND `audit_decision` = 1 LIMIT 1   [ RunTime:0.0010s ]
SQL: SELECT COUNT(*) AS tp_count FROM `checking_audit` WHERE `audit_time` BETWEEN '2017-07-22  00:00:00' AND '2017-07-22 23:59:59' AND `audit_shops_name` = 2 AND `audit_decision` = 1 LIMIT 1   [ RunTime:0.0010s ]
SQL: SELECT * FROM `sys_business` WHERE ( id = 3 ) LIMIT 1   [ RunTime:0.0000s ]
SQL: SELECT COUNT(*) AS tp_count FROM `checking_audit` WHERE `audit_time` BETWEEN '2017-07-28  00:00:00' AND '2017-07-28 23:59:59' AND `audit_shops_name` = 3 AND `audit_decision` = 1 LIMIT 1   [ RunTime:0.0010s ]
SQL: SELECT COUNT(*) AS tp_count FROM `checking_audit` WHERE `audit_time` BETWEEN '2017-07-27  00:00:00' AND '2017-07-27 23:59:59' AND `audit_shops_name` = 3 AND `audit_decision` = 1 LIMIT 1   [ RunTime:0.0010s ]
SQL: SELECT COUNT(*) AS tp_count FROM `checking_audit` WHERE `audit_time` BETWEEN '2017-07-26  00:00:00' AND '2017-07-26 23:59:59' AND `audit_shops_name` = 3 AND `audit_decision` = 1 LIMIT 1   [ RunTime:0.0010s ]
SQL: SELECT COUNT(*) AS tp_count FROM `checking_audit` WHERE `audit_time` BETWEEN '2017-07-25  00:00:00' AND '2017-07-25 23:59:59' AND `audit_shops_name` = 3 AND `audit_decision` = 1 LIMIT 1   [ RunTime:0.0020s ]
SQL: SELECT COUNT(*) AS tp_count FROM `checking_audit` WHERE `audit_time` BETWEEN '2017-07-24  00:00:00' AND '2017-07-24 23:59:59' AND `audit_shops_name` = 3 AND `audit_decision` = 1 LIMIT 1   [ RunTime:0.0010s ]
SQL: SELECT COUNT(*) AS tp_count FROM `checking_audit` WHERE `audit_time` BETWEEN '2017-07-23  00:00:00' AND '2017-07-23 23:59:59' AND `audit_shops_name` = 3 AND `audit_decision` = 1 LIMIT 1   [ RunTime:0.0010s ]
SQL: SELECT COUNT(*) AS tp_count FROM `checking_audit` WHERE `audit_time` BETWEEN '2017-07-22  00:00:00' AND '2017-07-22 23:59:59' AND `audit_shops_name` = 3 AND `audit_decision` = 1 LIMIT 1   [ RunTime:0.0010s ]
SQL: SELECT * FROM `sys_business` WHERE ( id = 4 ) LIMIT 1   [ RunTime:0.0000s ]
SQL: SELECT COUNT(*) AS tp_count FROM `checking_audit` WHERE `audit_time` BETWEEN '2017-07-28  00:00:00' AND '2017-07-28 23:59:59' AND `audit_shops_name` = 4 AND `audit_decision` = 1 LIMIT 1   [ RunTime:0.0020s ]
SQL: SELECT COUNT(*) AS tp_count FROM `checking_audit` WHERE `audit_time` BETWEEN '2017-07-27  00:00:00' AND '2017-07-27 23:59:59' AND `audit_shops_name` = 4 AND `audit_decision` = 1 LIMIT 1   [ RunTime:0.0020s ]
SQL: SELECT COUNT(*) AS tp_count FROM `checking_audit` WHERE `audit_time` BETWEEN '2017-07-26  00:00:00' AND '2017-07-26 23:59:59' AND `audit_shops_name` = 4 AND `audit_decision` = 1 LIMIT 1   [ RunTime:0.0010s ]
SQL: SELECT COUNT(*) AS tp_count FROM `checking_audit` WHERE `audit_time` BETWEEN '2017-07-25  00:00:00' AND '2017-07-25 23:59:59' AND `audit_shops_name` = 4 AND `audit_decision` = 1 LIMIT 1   [ RunTime:0.0020s ]
SQL: SELECT COUNT(*) AS tp_count FROM `checking_audit` WHERE `audit_time` BETWEEN '2017-07-24  00:00:00' AND '2017-07-24 23:59:59' AND `audit_shops_name` = 4 AND `audit_decision` = 1 LIMIT 1   [ RunTime:0.0010s ]
SQL: SELECT COUNT(*) AS tp_count FROM `checking_audit` WHERE `audit_time` BETWEEN '2017-07-23  00:00:00' AND '2017-07-23 23:59:59' AND `audit_shops_name` = 4 AND `audit_decision` = 1 LIMIT 1   [ RunTime:0.0010s ]
SQL: SELECT COUNT(*) AS tp_count FROM `checking_audit` WHERE `audit_time` BETWEEN '2017-07-22  00:00:00' AND '2017-07-22 23:59:59' AND `audit_shops_name` = 4 AND `audit_decision` = 1 LIMIT 1   [ RunTime:0.0010s ]
SQL: SELECT * FROM `sys_business` WHERE ( id = 5 ) LIMIT 1   [ RunTime:0.0000s ]
SQL: SELECT COUNT(*) AS tp_count FROM `checking_audit` WHERE `audit_time` BETWEEN '2017-07-28  00:00:00' AND '2017-07-28 23:59:59' AND `audit_shops_name` = 5 AND `audit_decision` = 1 LIMIT 1   [ RunTime:0.0010s ]
SQL: SELECT COUNT(*) AS tp_count FROM `checking_audit` WHERE `audit_time` BETWEEN '2017-07-27  00:00:00' AND '2017-07-27 23:59:59' AND `audit_shops_name` = 5 AND `audit_decision` = 1 LIMIT 1   [ RunTime:0.0020s ]
SQL: SELECT COUNT(*) AS tp_count FROM `checking_audit` WHERE `audit_time` BETWEEN '2017-07-26  00:00:00' AND '2017-07-26 23:59:59' AND `audit_shops_name` = 5 AND `audit_decision` = 1 LIMIT 1   [ RunTime:0.0020s ]
SQL: SELECT COUNT(*) AS tp_count FROM `checking_audit` WHERE `audit_time` BETWEEN '2017-07-25  00:00:00' AND '2017-07-25 23:59:59' AND `audit_shops_name` = 5 AND `audit_decision` = 1 LIMIT 1   [ RunTime:0.0020s ]
SQL: SELECT COUNT(*) AS tp_count FROM `checking_audit` WHERE `audit_time` BETWEEN '2017-07-24  00:00:00' AND '2017-07-24 23:59:59' AND `audit_shops_name` = 5 AND `audit_decision` = 1 LIMIT 1   [ RunTime:0.0010s ]
SQL: SELECT COUNT(*) AS tp_count FROM `checking_audit` WHERE `audit_time` BETWEEN '2017-07-23  00:00:00' AND '2017-07-23 23:59:59' AND `audit_shops_name` = 5 AND `audit_decision` = 1 LIMIT 1   [ RunTime:0.0010s ]
SQL: SELECT COUNT(*) AS tp_count FROM `checking_audit` WHERE `audit_time` BETWEEN '2017-07-22  00:00:00' AND '2017-07-22 23:59:59' AND `audit_shops_name` = 5 AND `audit_decision` = 1 LIMIT 1   [ RunTime:0.0020s ]

[ 2017-07-28T15:17:52+08:00 ] 127.0.0.1 /lenovo3c_new/lbyun/index.php/Admin/SaleAnalyze/business.html?day=7
INFO: [ app_begin ] --START--
INFO: Run Behavior\ReadHtmlCacheBehavior [ RunTime:0.001000s ]
INFO: [ app_begin ] --END-- [ RunTime:0.002000s ]
SQL: SHOW COLUMNS FROM `sys_business` [ RunTime:0.0110s ]
SQL: SELECT MAX(id) AS tp_max FROM `sys_business` LIMIT 1   [ RunTime:0.0000s ]
SQL: SELECT `busName` FROM `sys_business` WHERE ( id = 1 ) LIMIT 1   [ RunTime:0.0000s ]
SQL: SHOW COLUMNS FROM `checking_audit` [ RunTime:0.0110s ]
SQL: SELECT COUNT(*) AS tp_count FROM `checking_audit` WHERE ( audit_shops_name = 1 ) AND `audit_time` > '2017-07-21 15:17:52' AND `audit_decision` = 1 LIMIT 1   [ RunTime:0.0010s ]
SQL: SELECT `busName` FROM `sys_business` WHERE ( id = 2 ) LIMIT 1   [ RunTime:0.0000s ]
SQL: SELECT COUNT(*) AS tp_count FROM `checking_audit` WHERE ( audit_shops_name = 2 ) AND `audit_time` > '2017-07-21 15:17:52' AND `audit_decision` = 1 LIMIT 1   [ RunTime:0.0010s ]
SQL: SELECT `busName` FROM `sys_business` WHERE ( id = 3 ) LIMIT 1   [ RunTime:0.0000s ]
SQL: SELECT COUNT(*) AS tp_count FROM `checking_audit` WHERE ( audit_shops_name = 3 ) AND `audit_time` > '2017-07-21 15:17:52' AND `audit_decision` = 1 LIMIT 1   [ RunTime:0.0010s ]
SQL: SELECT `busName` FROM `sys_business` WHERE ( id = 4 ) LIMIT 1   [ RunTime:0.0000s ]
SQL: SELECT COUNT(*) AS tp_count FROM `checking_audit` WHERE ( audit_shops_name = 4 ) AND `audit_time` > '2017-07-21 15:17:52' AND `audit_decision` = 1 LIMIT 1   [ RunTime:0.0010s ]
SQL: SELECT `busName` FROM `sys_business` WHERE ( id = 5 ) LIMIT 1   [ RunTime:0.0000s ]
SQL: SELECT COUNT(*) AS tp_count FROM `checking_audit` WHERE ( audit_shops_name = 5 ) AND `audit_time` > '2017-07-21 15:17:52' AND `audit_decision` = 1 LIMIT 1   [ RunTime:0.0010s ]

[ 2017-07-28T15:17:52+08:00 ] 127.0.0.1 /lenovo3c_new/lbyun/index.php/Admin/SaleAnalyze/businessLine.html?day=7
INFO: [ app_begin ] --START--
INFO: Run Behavior\ReadHtmlCacheBehavior [ RunTime:0.001000s ]
INFO: [ app_begin ] --END-- [ RunTime:0.002000s ]
SQL: SHOW COLUMNS FROM `sys_business` [ RunTime:0.0170s ]
SQL: SELECT MAX(id) AS tp_max FROM `sys_business` LIMIT 1   [ RunTime:0.0000s ]
SQL: SELECT * FROM `sys_business` WHERE ( id = 1 ) LIMIT 1   [ RunTime:0.0000s ]
SQL: SHOW COLUMNS FROM `checking_audit` [ RunTime:0.0130s ]
SQL: SELECT COUNT(*) AS tp_count FROM `checking_audit` WHERE `audit_time` BETWEEN '2017-07-28  00:00:00' AND '2017-07-28 23:59:59' AND `audit_shops_name` = 1 AND `audit_decision` = 1 LIMIT 1   [ RunTime:0.0010s ]
SQL: SELECT COUNT(*) AS tp_count FROM `checking_audit` WHERE `audit_time` BETWEEN '2017-07-27  00:00:00' AND '2017-07-27 23:59:59' AND `audit_shops_name` = 1 AND `audit_decision` = 1 LIMIT 1   [ RunTime:0.0020s ]
SQL: SELECT COUNT(*) AS tp_count FROM `checking_audit` WHERE `audit_time` BETWEEN '2017-07-26  00:00:00' AND '2017-07-26 23:59:59' AND `audit_shops_name` = 1 AND `audit_decision` = 1 LIMIT 1   [ RunTime:0.0010s ]
SQL: SELECT COUNT(*) AS tp_count FROM `checking_audit` WHERE `audit_time` BETWEEN '2017-07-25  00:00:00' AND '2017-07-25 23:59:59' AND `audit_shops_name` = 1 AND `audit_decision` = 1 LIMIT 1   [ RunTime:0.0010s ]
SQL: SELECT COUNT(*) AS tp_count FROM `checking_audit` WHERE `audit_time` BETWEEN '2017-07-24  00:00:00' AND '2017-07-24 23:59:59' AND `audit_shops_name` = 1 AND `audit_decision` = 1 LIMIT 1   [ RunTime:0.0010s ]
SQL: SELECT COUNT(*) AS tp_count FROM `checking_audit` WHERE `audit_time` BETWEEN '2017-07-23  00:00:00' AND '2017-07-23 23:59:59' AND `audit_shops_name` = 1 AND `audit_decision` = 1 LIMIT 1   [ RunTime:0.0010s ]
SQL: SELECT COUNT(*) AS tp_count FROM `checking_audit` WHERE `audit_time` BETWEEN '2017-07-22  00:00:00' AND '2017-07-22 23:59:59' AND `audit_shops_name` = 1 AND `audit_decision` = 1 LIMIT 1   [ RunTime:0.0010s ]
SQL: SELECT * FROM `sys_business` WHERE ( id = 2 ) LIMIT 1   [ RunTime:0.0000s ]
SQL: SELECT COUNT(*) AS tp_count FROM `checking_audit` WHERE `audit_time` BETWEEN '2017-07-28  00:00:00' AND '2017-07-28 23:59:59' AND `audit_shops_name` = 2 AND `audit_decision` = 1 LIMIT 1   [ RunTime:0.0010s ]
SQL: SELECT COUNT(*) AS tp_count FROM `checking_audit` WHERE `audit_time` BETWEEN '2017-07-27  00:00:00' AND '2017-07-27 23:59:59' AND `audit_shops_name` = 2 AND `audit_decision` = 1 LIMIT 1   [ RunTime:0.0010s ]
SQL: SELECT COUNT(*) AS tp_count FROM `checking_audit` WHERE `audit_time` BETWEEN '2017-07-26  00:00:00' AND '2017-07-26 23:59:59' AND `audit_shops_name` = 2 AND `audit_decision` = 1 LIMIT 1   [ RunTime:0.0010s ]
SQL: SELECT COUNT(*) AS tp_count FROM `checking_audit` WHERE `audit_time` BETWEEN '2017-07-25  00:00:00' AND '2017-07-25 23:59:59' AND `audit_shops_name` = 2 AND `audit_decision` = 1 LIMIT 1   [ RunTime:0.0020s ]
SQL: SELECT COUNT(*) AS tp_count FROM `checking_audit` WHERE `audit_time` BETWEEN '2017-07-24  00:00:00' AND '2017-07-24 23:59:59' AND `audit_shops_name` = 2 AND `audit_decision` = 1 LIMIT 1   [ RunTime:0.0010s ]
SQL: SELECT COUNT(*) AS tp_count FROM `checking_audit` WHERE `audit_time` BETWEEN '2017-07-23  00:00:00' AND '2017-07-23 23:59:59' AND `audit_shops_name` = 2 AND `audit_decision` = 1 LIMIT 1   [ RunTime:0.0010s ]
SQL: SELECT COUNT(*) AS tp_count FROM `checking_audit` WHERE `audit_time` BETWEEN '2017-07-22  00:00:00' AND '2017-07-22 23:59:59' AND `audit_shops_name` = 2 AND `audit_decision` = 1 LIMIT 1   [ RunTime:0.0010s ]
SQL: SELECT * FROM `sys_business` WHERE ( id = 3 ) LIMIT 1   [ RunTime:0.0010s ]
SQL: SELECT COUNT(*) AS tp_count FROM `checking_audit` WHERE `audit_time` BETWEEN '2017-07-28  00:00:00' AND '2017-07-28 23:59:59' AND `audit_shops_name` = 3 AND `audit_decision` = 1 LIMIT 1   [ RunTime:0.0010s ]
SQL: SELECT COUNT(*) AS tp_count FROM `checking_audit` WHERE `audit_time` BETWEEN '2017-07-27  00:00:00' AND '2017-07-27 23:59:59' AND `audit_shops_name` = 3 AND `audit_decision` = 1 LIMIT 1   [ RunTime:0.0020s ]
SQL: SELECT COUNT(*) AS tp_count FROM `checking_audit` WHERE `audit_time` BETWEEN '2017-07-26  00:00:00' AND '2017-07-26 23:59:59' AND `audit_shops_name` = 3 AND `audit_decision` = 1 LIMIT 1   [ RunTime:0.0010s ]
SQL: SELECT COUNT(*) AS tp_count FROM `checking_audit` WHERE `audit_time` BETWEEN '2017-07-25  00:00:00' AND '2017-07-25 23:59:59' AND `audit_shops_name` = 3 AND `audit_decision` = 1 LIMIT 1   [ RunTime:0.0010s ]
SQL: SELECT COUNT(*) AS tp_count FROM `checking_audit` WHERE `audit_time` BETWEEN '2017-07-24  00:00:00' AND '2017-07-24 23:59:59' AND `audit_shops_name` = 3 AND `audit_decision` = 1 LIMIT 1   [ RunTime:0.0020s ]
SQL: SELECT COUNT(*) AS tp_count FROM `checking_audit` WHERE `audit_time` BETWEEN '2017-07-23  00:00:00' AND '2017-07-23 23:59:59' AND `audit_shops_name` = 3 AND `audit_decision` = 1 LIMIT 1   [ RunTime:0.0010s ]
SQL: SELECT COUNT(*) AS tp_count FROM `checking_audit` WHERE `audit_time` BETWEEN '2017-07-22  00:00:00' AND '2017-07-22 23:59:59' AND `audit_shops_name` = 3 AND `audit_decision` = 1 LIMIT 1   [ RunTime:0.0010s ]
SQL: SELECT * FROM `sys_business` WHERE ( id = 4 ) LIMIT 1   [ RunTime:0.0010s ]
SQL: SELECT COUNT(*) AS tp_count FROM `checking_audit` WHERE `audit_time` BETWEEN '2017-07-28  00:00:00' AND '2017-07-28 23:59:59' AND `audit_shops_name` = 4 AND `audit_decision` = 1 LIMIT 1   [ RunTime:0.0010s ]
SQL: SELECT COUNT(*) AS tp_count FROM `checking_audit` WHERE `audit_time` BETWEEN '2017-07-27  00:00:00' AND '2017-07-27 23:59:59' AND `audit_shops_name` = 4 AND `audit_decision` = 1 LIMIT 1   [ RunTime:0.0010s ]
SQL: SELECT COUNT(*) AS tp_count FROM `checking_audit` WHERE `audit_time` BETWEEN '2017-07-26  00:00:00' AND '2017-07-26 23:59:59' AND `audit_shops_name` = 4 AND `audit_decision` = 1 LIMIT 1   [ RunTime:0.0020s ]
SQL: SELECT COUNT(*) AS tp_count FROM `checking_audit` WHERE `audit_time` BETWEEN '2017-07-25  00:00:00' AND '2017-07-25 23:59:59' AND `audit_shops_name` = 4 AND `audit_decision` = 1 LIMIT 1   [ RunTime:0.0020s ]
SQL: SELECT COUNT(*) AS tp_count FROM `checking_audit` WHERE `audit_time` BETWEEN '2017-07-24  00:00:00' AND '2017-07-24 23:59:59' AND `audit_shops_name` = 4 AND `audit_decision` = 1 LIMIT 1   [ RunTime:0.0010s ]
SQL: SELECT COUNT(*) AS tp_count FROM `checking_audit` WHERE `audit_time` BETWEEN '2017-07-23  00:00:00' AND '2017-07-23 23:59:59' AND `audit_shops_name` = 4 AND `audit_decision` = 1 LIMIT 1   [ RunTime:0.0010s ]
SQL: SELECT COUNT(*) AS tp_count FROM `checking_audit` WHERE `audit_time` BETWEEN '2017-07-22  00:00:00' AND '2017-07-22 23:59:59' AND `audit_shops_name` = 4 AND `audit_decision` = 1 LIMIT 1   [ RunTime:0.0000s ]
SQL: SELECT * FROM `sys_business` WHERE ( id = 5 ) LIMIT 1   [ RunTime:0.0000s ]
SQL: SELECT COUNT(*) AS tp_count FROM `checking_audit` WHERE `audit_time` BETWEEN '2017-07-28  00:00:00' AND '2017-07-28 23:59:59' AND `audit_shops_name` = 5 AND `audit_decision` = 1 LIMIT 1   [ RunTime:0.0010s ]
SQL: SELECT COUNT(*) AS tp_count FROM `checking_audit` WHERE `audit_time` BETWEEN '2017-07-27  00:00:00' AND '2017-07-27 23:59:59' AND `audit_shops_name` = 5 AND `audit_decision` = 1 LIMIT 1   [ RunTime:0.0010s ]
SQL: SELECT COUNT(*) AS tp_count FROM `checking_audit` WHERE `audit_time` BETWEEN '2017-07-26  00:00:00' AND '2017-07-26 23:59:59' AND `audit_shops_name` = 5 AND `audit_decision` = 1 LIMIT 1   [ RunTime:0.0010s ]
SQL: SELECT COUNT(*) AS tp_count FROM `checking_audit` WHERE `audit_time` BETWEEN '2017-07-25  00:00:00' AND '2017-07-25 23:59:59' AND `audit_shops_name` = 5 AND `audit_decision` = 1 LIMIT 1   [ RunTime:0.0010s ]
SQL: SELECT COUNT(*) AS tp_count FROM `checking_audit` WHERE `audit_time` BETWEEN '2017-07-24  00:00:00' AND '2017-07-24 23:59:59' AND `audit_shops_name` = 5 AND `audit_decision` = 1 LIMIT 1   [ RunTime:0.0010s ]
SQL: SELECT COUNT(*) AS tp_count FROM `checking_audit` WHERE `audit_time` BETWEEN '2017-07-23  00:00:00' AND '2017-07-23 23:59:59' AND `audit_shops_name` = 5 AND `audit_decision` = 1 LIMIT 1   [ RunTime:0.0010s ]
SQL: SELECT COUNT(*) AS tp_count FROM `checking_audit` WHERE `audit_time` BETWEEN '2017-07-22  00:00:00' AND '2017-07-22 23:59:59' AND `audit_shops_name` = 5 AND `audit_decision` = 1 LIMIT 1   [ RunTime:0.0010s ]

