[ 2017-07-04T09:42:06+08:00 ] ::1 /yjc/lby/index.php/Admin/Index/index1.html
ERR: 非法操作:index1

[ 2017-07-04T09:42:11+08:00 ] ::1 /yjc/lby/Public/Admin/static/userlist/j/yjc/lby/Public/Admin/static/userlist/query_006.js
ERR: 无法加载控制器:Public

[ 2017-07-04T09:42:12+08:00 ] ::1 /yjc/lby/Public/Admin/static/userlist/j/yjc/lby/Public/Admin/static/userlist/query_006.js
ERR: 无法加载控制器:Public

[ 2017-07-04T09:42:47+08:00 ] ::1 /yjc/lby/Public/Admin/static/userlist/j/yjc/lby/Public/Admin/static/userlist/query_006.js
ERR: 无法加载控制器:Public

[ 2017-07-04T09:42:48+08:00 ] ::1 /yjc/lby/Public/Admin/static/userlist/j/yjc/lby/Public/Admin/static/userlist/query_006.js
ERR: 无法加载控制器:Public

[ 2017-07-04T09:57:39+08:00 ] ::1 /yjc/lby/index.php/Audit/order.html
ERR: 非法操作:order

[ 2017-07-04T09:57:53+08:00 ] ::1 /yjc/lby/Public/Admin/static/userlist/j/yjc/lby/Public/Admin/static/userlist/query_006.js
ERR: 无法加载控制器:Public

[ 2017-07-04T09:57:54+08:00 ] ::1 /yjc/lby/Public/Admin/static/userlist/j/yjc/lby/Public/Admin/static/userlist/query_006.js
ERR: 无法加载控制器:Public

[ 2017-07-04T09:58:06+08:00 ] ::1 /yjc/lby/Public/Admin/static/userlist/j/yjc/lby/Public/Admin/static/userlist/query_006.js
ERR: 无法加载控制器:Public

[ 2017-07-04T09:58:06+08:00 ] ::1 /yjc/lby/Public/Admin/static/userlist/j/yjc/lby/Public/Admin/static/userlist/query_006.js
ERR: 无法加载控制器:Public

[ 2017-07-04T10:01:12+08:00 ] ::1 /yjc/lby/Public/Admin/static/userlist/j/yjc/lby/Public/Admin/static/userlist/query_006.js
ERR: 无法加载控制器:Public

[ 2017-07-04T10:01:12+08:00 ] ::1 /yjc/lby/Public/Admin/static/userlist/j/yjc/lby/Public/Admin/static/userlist/query_006.js
ERR: 无法加载控制器:Public

[ 2017-07-04T10:25:51+08:00 ] ::1 /yjc/lby/Public/Admin/static/userlist/j/yjc/lby/Public/Admin/static/userlist/query_006.js
ERR: 无法加载控制器:Public

[ 2017-07-04T10:25:51+08:00 ] ::1 /yjc/lby/Public/Admin/static/userlist/j/yjc/lby/Public/Admin/static/userlist/query_006.js
ERR: 无法加载控制器:Public

[ 2017-07-04T10:25:57+08:00 ] ::1 /yjc/lby/Public/Admin/static/userlist/j/yjc/lby/Public/Admin/static/userlist/query_006.js
ERR: 无法加载控制器:Public

[ 2017-07-04T10:25:57+08:00 ] ::1 /yjc/lby/Public/Admin/static/userlist/j/yjc/lby/Public/Admin/static/userlist/query_006.js
ERR: 无法加载控制器:Public

[ 2017-07-04T10:26:30+08:00 ] ::1 /yjc/lby/index.php/Audit/order_upde.html
ERR: 1062:Duplicate entry '9' for key 'PRIMARY'
 [ SQL语句 ] : INSERT INTO `checking_audit` (`audit_name`,`audit_serial_number`,`audit_card_name`,`audit_ids`,`audit_brand`,`audit_model`,`audit_pardon`,`audit_test`,`audit_decision`,`audit_id`,`audit_come_time`) VALUES ('test1','95867431210','1','44444444444444444','2','0','可以通过!!','自己人','1','9','2017-07-04 10-26-30')

[ 2017-07-04T10:27:44+08:00 ] ::1 /yjc/lby/Public/Admin/static/userlist/j/yjc/lby/Public/Admin/static/userlist/query_006.js
ERR: 无法加载控制器:Public

[ 2017-07-04T10:27:45+08:00 ] ::1 /yjc/lby/Public/Admin/static/userlist/j/yjc/lby/Public/Admin/static/userlist/query_006.js
ERR: 无法加载控制器:Public

[ 2017-07-04T10:32:23+08:00 ] ::1 /yjc/lby/Public/Admin/static/userlist/j/yjc/lby/Public/Admin/static/userlist/query_006.js
ERR: 无法加载控制器:Public

[ 2017-07-04T10:32:23+08:00 ] ::1 /yjc/lby/Public/Admin/static/userlist/j/yjc/lby/Public/Admin/static/userlist/query_006.js
ERR: 无法加载控制器:Public

[ 2017-07-04T10:34:29+08:00 ] ::1 /yjc/lby/Public/Admin/static/userlist/j/yjc/lby/Public/Admin/static/userlist/query_006.js
ERR: 无法加载控制器:Public

[ 2017-07-04T10:34:29+08:00 ] ::1 /yjc/lby/Public/Admin/static/userlist/j/yjc/lby/Public/Admin/static/userlist/query_006.js
ERR: 无法加载控制器:Public

[ 2017-07-04T10:49:13+08:00 ] ::1 /yjc/lby/Public/Admin/static/userlist/j/yjc/lby/Public/Admin/static/userlist/query_006.js
ERR: 无法加载控制器:Public

[ 2017-07-04T10:49:13+08:00 ] ::1 /yjc/lby/Public/Admin/static/userlist/j/yjc/lby/Public/Admin/static/userlist/query_006.js
ERR: 无法加载控制器:Public

[ 2017-07-04T10:50:23+08:00 ] ::1 /yjc/lby/Public/Admin/static/userlist/j/yjc/lby/Public/Admin/static/userlist/query_006.js
ERR: 无法加载控制器:Public

[ 2017-07-04T10:50:23+08:00 ] ::1 /yjc/lby/Public/Admin/static/userlist/j/yjc/lby/Public/Admin/static/userlist/query_006.js
ERR: 无法加载控制器:Public

[ 2017-07-04T10:50:28+08:00 ] ::1 /yjc/lby/index.php/Audit/order_upde.html
ERR: 1062:Duplicate entry '8' for key 'PRIMARY'
 [ SQL语句 ] : INSERT INTO `checking_audit` (`audit_pardon`,`audit_test`,`audit_decision`,`audit_id`,`audit_come_time`) VALUES ('是可以特赦通过!!!','自己内部人员(亲属)','1','8','2017-07-04 10-50-28')

[ 2017-07-04T10:53:04+08:00 ] ::1 /yjc/lby/Public/Admin/static/userlist/j/yjc/lby/Public/Admin/static/userlist/query_006.js
ERR: 无法加载控制器:Public

[ 2017-07-04T10:53:05+08:00 ] ::1 /yjc/lby/Public/Admin/static/userlist/j/yjc/lby/Public/Admin/static/userlist/query_006.js
ERR: 无法加载控制器:Public

[ 2017-07-04T10:55:30+08:00 ] ::1 /yjc/lby/index.php/Audit/order_upde.html
ERR: 1062:Duplicate entry '8' for key 'PRIMARY'
 [ SQL语句 ] : INSERT INTO `checking_audit` (`audit_pardon`,`audit_test`,`audit_decision`,`audit_id`,`audit_come_time`) VALUES ('11','111','1','8','2017-07-04 10-55-30')

[ 2017-07-04T10:56:42+08:00 ] ::1 /yjc/lby/Public/Admin/static/userlist/j/yjc/lby/Public/Admin/static/userlist/query_006.js
ERR: 无法加载控制器:Public

[ 2017-07-04T10:56:42+08:00 ] ::1 /yjc/lby/Public/Admin/static/userlist/j/yjc/lby/Public/Admin/static/userlist/query_006.js
ERR: 无法加载控制器:Public

[ 2017-07-04T10:56:53+08:00 ] ::1 /yjc/lby/index.php/Audit/order_upde.html
ERR: 1062:Duplicate entry '8' for key 'PRIMARY'
 [ SQL语句 ] : INSERT INTO `checking_audit` (`audit_pardon`,`audit_test`,`audit_decision`,`audit_id`,`audit_come_time`) VALUES ('下擦删除','啥擦拭查询','1','8','2017-07-04 10-56-53')

[ 2017-07-04T10:57:07+08:00 ] ::1 /yjc/lby/Public/Admin/static/userlist/j/yjc/lby/Public/Admin/static/userlist/query_006.js
ERR: 无法加载控制器:Public

[ 2017-07-04T10:57:07+08:00 ] ::1 /yjc/lby/Public/Admin/static/userlist/j/yjc/lby/Public/Admin/static/userlist/query_006.js
ERR: 无法加载控制器:Public

[ 2017-07-04T10:57:13+08:00 ] ::1 /yjc/lby/index.php/Audit/order_upde.html
ERR: 1062:Duplicate entry '8' for key 'PRIMARY'
 [ SQL语句 ] : INSERT INTO `checking_audit` (`audit_pardon`,`audit_test`,`audit_decision`,`audit_id`,`audit_come_time`) VALUES ('aXAXA','ASCA','1','8','2017-07-04 10-57-13')

[ 2017-07-04T10:58:50+08:00 ] ::1 /yjc/lby/Public/Admin/static/userlist/j/yjc/lby/Public/Admin/static/userlist/query_006.js
ERR: 无法加载控制器:Public

[ 2017-07-04T10:58:50+08:00 ] ::1 /yjc/lby/Public/Admin/static/userlist/j/yjc/lby/Public/Admin/static/userlist/query_006.js
ERR: 无法加载控制器:Public

[ 2017-07-04T10:58:58+08:00 ] ::1 /yjc/lby/index.php/Audit/order_upde.html
ERR: 1062:Duplicate entry '7' for key 'PRIMARY'
 [ SQL语句 ] : INSERT INTO `checking_audit` (`audit_pardon`,`audit_test`,`audit_decision`,`audit_id`,`audit_come_time`) VALUES ('111','111','1','7','2017-07-04 10-58-58')

[ 2017-07-04T10:59:36+08:00 ] ::1 /yjc/lby/Public/Admin/static/userlist/j/yjc/lby/Public/Admin/static/userlist/query_006.js
ERR: 无法加载控制器:Public

[ 2017-07-04T10:59:37+08:00 ] ::1 /yjc/lby/Public/Admin/static/userlist/j/yjc/lby/Public/Admin/static/userlist/query_006.js
ERR: 无法加载控制器:Public

[ 2017-07-04T10:59:39+08:00 ] ::1 /yjc/lby/index.php/Audit/order_upde.html
ERR: 1062:Duplicate entry '8' for key 'PRIMARY'
 [ SQL语句 ] : INSERT INTO `checking_audit` (`audit_pardon`,`audit_test`,`audit_decision`,`audit_id`,`audit_come_time`) VALUES ('','','1','8','2017-07-04 10-59-39')

[ 2017-07-04T11:07:20+08:00 ] ::1 /yjc/lby/Public/Admin/static/userlist/j/yjc/lby/Public/Admin/static/userlist/query_006.js
ERR: 无法加载控制器:Public

[ 2017-07-04T11:07:20+08:00 ] ::1 /yjc/lby/Public/Admin/static/userlist/j/yjc/lby/Public/Admin/static/userlist/query_006.js
ERR: 无法加载控制器:Public

[ 2017-07-04T11:24:48+08:00 ] ::1 /yjc/lby/Public/Admin/static/userlist/j/yjc/lby/Public/Admin/static/userlist/query_006.js
ERR: 无法加载控制器:Public

[ 2017-07-04T11:24:48+08:00 ] ::1 /yjc/lby/Public/Admin/static/userlist/j/yjc/lby/Public/Admin/static/userlist/query_006.js
ERR: 无法加载控制器:Public

[ 2017-07-04T11:25:22+08:00 ] ::1 /yjc/lby/Public/Admin/static/userlist/j/yjc/lby/Public/Admin/static/userlist/query_006.js
ERR: 无法加载控制器:Public

[ 2017-07-04T11:25:22+08:00 ] ::1 /yjc/lby/Public/Admin/static/userlist/j/yjc/lby/Public/Admin/static/userlist/query_006.js
ERR: 无法加载控制器:Public

[ 2017-07-04T11:28:28+08:00 ] ::1 /yjc/lby/index.php/Admin/Index/index1.html
ERR: 非法操作:index1

[ 2017-07-04T11:28:34+08:00 ] ::1 /yjc/lby/Public/Admin/static/userlist/j/yjc/lby/Public/Admin/static/userlist/query_006.js
ERR: 无法加载控制器:Public

[ 2017-07-04T11:28:35+08:00 ] ::1 /yjc/lby/Public/Admin/static/userlist/j/yjc/lby/Public/Admin/static/userlist/query_006.js
ERR: 无法加载控制器:Public

[ 2017-07-04T11:28:48+08:00 ] ::1 /yjc/lby/index.php/Audit/order_upde.html
ERR: 1062:Duplicate entry '8' for key 'PRIMARY'
 [ SQL语句 ] : INSERT INTO `checking_audit` (`audit_pardon`,`audit_test`,`audit_decision`,`audit_id`,`audit_come_time`) VALUES ('AS','ADDD','1','8','2017-07-04 11-28-48')

[ 2017-07-04T11:43:56+08:00 ] ::1 /yjc/lby/Public/Admin/static/userlist/j/yjc/lby/Public/Admin/static/userlist/query_006.js
ERR: 无法加载控制器:Public

[ 2017-07-04T11:43:56+08:00 ] ::1 /yjc/lby/Public/Admin/static/userlist/j/yjc/lby/Public/Admin/static/userlist/query_006.js
ERR: 无法加载控制器:Public

[ 2017-07-04T11:45:57+08:00 ] ::1 /yjc/lby/index.php/Audit/order_inser.html
ERR: 1048:Column 'audit_name' cannot be null
 [ SQL语句 ] : INSERT INTO `checking_audit` (`audit_shops_name`,`audit_card_name`,`audit_ids`,`audit_brand`,`audit_model`,`audit_order_source`,`audit_file`,`audit_time`,`audit_name`,`audit_order`,`audit_serial_number`) VALUES ('2','1','11111111111','2','5','0','/Public/Shens/2017-07-04/595b0f75de092.png','2017-07-04,11-45-57',NULL,'70439957938469279','12763841095')

[ 2017-07-04T11:46:06+08:00 ] ::1 /yjc/lby/index.php/Login/undefined?1499139966560
ERR: 非法操作:undefined

[ 2017-07-04T11:46:15+08:00 ] ::1 /yjc/lby/index.php/Admin/Index/index1.html
ERR: 非法操作:index1

[ 2017-07-04T11:46:25+08:00 ] ::1 /yjc/lby/Public/Admin/static/userlist/j/yjc/lby/Public/Admin/static/userlist/query_006.js
ERR: 无法加载控制器:Public

[ 2017-07-04T11:46:25+08:00 ] ::1 /yjc/lby/Public/Admin/static/userlist/j/yjc/lby/Public/Admin/static/userlist/query_006.js
ERR: 无法加载控制器:Public

[ 2017-07-04T11:46:46+08:00 ] ::1 /yjc/lby/Public/Admin/static/userlist/j/yjc/lby/Public/Admin/static/userlist/query_006.js
ERR: 无法加载控制器:Public

[ 2017-07-04T11:46:46+08:00 ] ::1 /yjc/lby/Public/Admin/static/userlist/j/yjc/lby/Public/Admin/static/userlist/query_006.js
ERR: 无法加载控制器:Public

[ 2017-07-04T11:46:51+08:00 ] ::1 /yjc/lby/Public/Admin/static/userlist/j/yjc/lby/Public/Admin/static/userlist/query_006.js
ERR: 无法加载控制器:Public

[ 2017-07-04T11:46:51+08:00 ] ::1 /yjc/lby/Public/Admin/static/userlist/j/yjc/lby/Public/Admin/static/userlist/query_006.js
ERR: 无法加载控制器:Public

[ 2017-07-04T11:47:05+08:00 ] ::1 /yjc/lby/index.php/Audit/order_upde.html
ERR: 1062:Duplicate entry '1' for key 'PRIMARY'
 [ SQL语句 ] : INSERT INTO `checking_audit` (`audit_pardon`,`audit_test`,`audit_decision`,`audit_id`,`audit_come_time`) VALUES ('11','11','1','1','2017-07-04 11-47-05')

[ 2017-07-04T11:48:06+08:00 ] ::1 /yjc/lby/Public/Admin/static/userlist/j/yjc/lby/Public/Admin/static/userlist/query_006.js
ERR: 无法加载控制器:Public

[ 2017-07-04T11:48:07+08:00 ] ::1 /yjc/lby/Public/Admin/static/userlist/j/yjc/lby/Public/Admin/static/userlist/query_006.js
ERR: 无法加载控制器:Public

[ 2017-07-04T11:48:10+08:00 ] ::1 /yjc/lby/Public/Admin/static/userlist/j/yjc/lby/Public/Admin/static/userlist/query_006.js
ERR: 无法加载控制器:Public

[ 2017-07-04T11:48:10+08:00 ] ::1 /yjc/lby/Public/Admin/static/userlist/j/yjc/lby/Public/Admin/static/userlist/query_006.js
ERR: 无法加载控制器:Public

[ 2017-07-04T11:48:16+08:00 ] ::1 /yjc/lby/Public/Admin/static/userlist/j/yjc/lby/Public/Admin/static/userlist/query_006.js
ERR: 无法加载控制器:Public

[ 2017-07-04T11:48:17+08:00 ] ::1 /yjc/lby/Public/Admin/static/userlist/j/yjc/lby/Public/Admin/static/userlist/query_006.js
ERR: 无法加载控制器:Public

[ 2017-07-04T11:49:46+08:00 ] ::1 /yjc/lby/Public/Admin/static/userlist/j/yjc/lby/Public/Admin/static/userlist/query_006.js
ERR: 无法加载控制器:Public

[ 2017-07-04T11:49:46+08:00 ] ::1 /yjc/lby/Public/Admin/static/userlist/j/yjc/lby/Public/Admin/static/userlist/query_006.js
ERR: 无法加载控制器:Public

[ 2017-07-04T11:50:08+08:00 ] ::1 /yjc/lby/Public/Admin/static/userlist/j/yjc/lby/Public/Admin/static/userlist/query_006.js
ERR: 无法加载控制器:Public

[ 2017-07-04T11:50:08+08:00 ] ::1 /yjc/lby/Public/Admin/static/userlist/j/yjc/lby/Public/Admin/static/userlist/query_006.js
ERR: 无法加载控制器:Public

[ 2017-07-04T11:50:15+08:00 ] ::1 /yjc/lby/index.php/Audit/order_list.html?x_id=
ERR: 1064:You have an error in your SQL syntax; check the manual that corresponds to your MySQL server version for the right syntax to use near ') LIMIT 1' at line 1
 [ SQL语句 ] : SELECT `audit_model`,`audit_brand`,`audit_ids`,`audit_card_name`,`audit_file`,`audit_come_time`,`audit_order`,`audit_serial_number`,`audit_id`,`audit_time`,`audit_name`,`audit_order_source`,`audit_state` FROM `checking_audit` WHERE ( audit_id= ) LIMIT 1  

[ 2017-07-04T11:50:20+08:00 ] ::1 /yjc/lby/index.php/Audit/order_list.html?x_id=
ERR: 1064:You have an error in your SQL syntax; check the manual that corresponds to your MySQL server version for the right syntax to use near ') LIMIT 1' at line 1
 [ SQL语句 ] : SELECT `audit_model`,`audit_brand`,`audit_ids`,`audit_card_name`,`audit_file`,`audit_come_time`,`audit_order`,`audit_serial_number`,`audit_id`,`audit_time`,`audit_name`,`audit_order_source`,`audit_state` FROM `checking_audit` WHERE ( audit_id= ) LIMIT 1  

[ 2017-07-04T11:52:34+08:00 ] ::1 /yjc/lby/Public/Admin/static/userlist/j/yjc/lby/Public/Admin/static/userlist/query_006.js
ERR: 无法加载控制器:Public

[ 2017-07-04T11:52:34+08:00 ] ::1 /yjc/lby/Public/Admin/static/userlist/j/yjc/lby/Public/Admin/static/userlist/query_006.js
ERR: 无法加载控制器:Public

[ 2017-07-04T11:52:46+08:00 ] ::1 /yjc/lby/Public/Admin/static/userlist/j/yjc/lby/Public/Admin/static/userlist/query_006.js
ERR: 无法加载控制器:Public

[ 2017-07-04T11:52:46+08:00 ] ::1 /yjc/lby/Public/Admin/static/userlist/j/yjc/lby/Public/Admin/static/userlist/query_006.js
ERR: 无法加载控制器:Public

[ 2017-07-04T11:53:13+08:00 ] ::1 /yjc/lby/Public/Admin/static/userlist/j/yjc/lby/Public/Admin/static/userlist/query_006.js
ERR: 无法加载控制器:Public

[ 2017-07-04T11:53:13+08:00 ] ::1 /yjc/lby/Public/Admin/static/userlist/j/yjc/lby/Public/Admin/static/userlist/query_006.js
ERR: 无法加载控制器:Public

[ 2017-07-04T11:53:24+08:00 ] ::1 /yjc/lby/Public/Admin/static/userlist/j/yjc/lby/Public/Admin/static/userlist/query_006.js
ERR: 无法加载控制器:Public

[ 2017-07-04T11:53:24+08:00 ] ::1 /yjc/lby/Public/Admin/static/userlist/j/yjc/lby/Public/Admin/static/userlist/query_006.js
ERR: 无法加载控制器:Public

[ 2017-07-04T13:28:56+08:00 ] ::1 /yjc/lby/index.php/Admin/Index/index1.html
ERR: 非法操作:index1

[ 2017-07-04T13:29:25+08:00 ] ::1 /yjc/lby/instructions/list
ERR: 无法加载控制器:Instructions

[ 2017-07-04T13:29:26+08:00 ] ::1 /yjc/lby/instructions/list
ERR: 无法加载控制器:Instructions

[ 2017-07-04T13:29:30+08:00 ] ::1 /yjc/lby/instructions/list
ERR: 无法加载控制器:Instructions

[ 2017-07-04T13:29:32+08:00 ] ::1 /yjc/lby/instructions/list
ERR: 无法加载控制器:Instructions

[ 2017-07-04T13:29:33+08:00 ] ::1 /yjc/lby/instructions/list
ERR: 无法加载控制器:Instructions

[ 2017-07-04T13:29:33+08:00 ] ::1 /yjc/lby/instructions/list
ERR: 无法加载控制器:Instructions

[ 2017-07-04T13:42:03+08:00 ] ::1 /yjc/lby/Public/Admin/static/userlist/j/yjc/lby/Public/Admin/static/userlist/query_006.js
ERR: 无法加载控制器:Public

[ 2017-07-04T13:42:03+08:00 ] ::1 /yjc/lby/Public/Admin/static/userlist/j/yjc/lby/Public/Admin/static/userlist/query_006.js
ERR: 无法加载控制器:Public

[ 2017-07-04T13:42:21+08:00 ] ::1 /yjc/lby/index.php/Audit/order_inser.html
ERR: 1048:Column 'audit_name' cannot be null
 [ SQL语句 ] : INSERT INTO `checking_audit` (`audit_shops_name`,`audit_card_name`,`audit_ids`,`audit_brand`,`audit_model`,`audit_order_source`,`audit_file`,`audit_time`,`audit_name`,`audit_order`,`audit_serial_number`) VALUES ('2','1','11111111111','2','1','0','/Public/Shens/2017-07-04/595b2abddbb65.png','2017-07-04,13-42-21',NULL,'70446941923942103','18675493102')

[ 2017-07-04T13:42:26+08:00 ] ::1 /yjc/lby/index.php/Login/undefined?1499146946663
ERR: 非法操作:undefined

[ 2017-07-04T13:42:42+08:00 ] ::1 /yjc/lby/index.php/Login/undefined?1499146962449
ERR: 非法操作:undefined

[ 2017-07-04T13:42:47+08:00 ] ::1 /yjc/lby/index.php/Admin/Index/index1.html
ERR: 非法操作:index1

[ 2017-07-04T13:42:53+08:00 ] ::1 /yjc/lby/Public/Admin/static/userlist/j/yjc/lby/Public/Admin/static/userlist/query_006.js
ERR: 无法加载控制器:Public

[ 2017-07-04T13:42:54+08:00 ] ::1 /yjc/lby/Public/Admin/static/userlist/j/yjc/lby/Public/Admin/static/userlist/query_006.js
ERR: 无法加载控制器:Public

[ 2017-07-04T13:43:19+08:00 ] ::1 /yjc/lby/Public/Admin/static/userlist/j/yjc/lby/Public/Admin/static/userlist/query_006.js
ERR: 无法加载控制器:Public

[ 2017-07-04T13:43:19+08:00 ] ::1 /yjc/lby/Public/Admin/static/userlist/j/yjc/lby/Public/Admin/static/userlist/query_006.js
ERR: 无法加载控制器:Public

[ 2017-07-04T13:43:42+08:00 ] ::1 /yjc/lby/Public/Admin/static/userlist/j/yjc/lby/Public/Admin/static/userlist/query_006.js
ERR: 无法加载控制器:Public

[ 2017-07-04T13:43:42+08:00 ] ::1 /yjc/lby/Public/Admin/static/userlist/j/yjc/lby/Public/Admin/static/userlist/query_006.js
ERR: 无法加载控制器:Public

[ 2017-07-04T13:44:03+08:00 ] ::1 /yjc/lby/Public/Admin/static/userlist/j/yjc/lby/Public/Admin/static/userlist/query_006.js
ERR: 无法加载控制器:Public

[ 2017-07-04T13:44:03+08:00 ] ::1 /yjc/lby/Public/Admin/static/userlist/j/yjc/lby/Public/Admin/static/userlist/query_006.js
ERR: 无法加载控制器:Public

[ 2017-07-04T13:44:14+08:00 ] ::1 /yjc/lby/Public/Admin/static/userlist/j/yjc/lby/Public/Admin/static/userlist/query_006.js
ERR: 无法加载控制器:Public

[ 2017-07-04T13:44:14+08:00 ] ::1 /yjc/lby/Public/Admin/static/userlist/j/yjc/lby/Public/Admin/static/userlist/query_006.js
ERR: 无法加载控制器:Public

[ 2017-07-04T13:44:23+08:00 ] ::1 /yjc/lby/index.php/Audit/order_upde.html
ERR: 非法操作:order_upde

[ 2017-07-04T13:44:40+08:00 ] ::1 /yjc/lby/Public/Admin/static/userlist/j/yjc/lby/Public/Admin/static/userlist/query_006.js
ERR: 无法加载控制器:Public

[ 2017-07-04T13:44:40+08:00 ] ::1 /yjc/lby/Public/Admin/static/userlist/j/yjc/lby/Public/Admin/static/userlist/query_006.js
ERR: 无法加载控制器:Public

[ 2017-07-04T13:45:06+08:00 ] ::1 /yjc/lby/Public/Admin/static/userlist/j/yjc/lby/Public/Admin/static/userlist/query_006.js
ERR: 无法加载控制器:Public

[ 2017-07-04T13:45:07+08:00 ] ::1 /yjc/lby/Public/Admin/static/userlist/j/yjc/lby/Public/Admin/static/userlist/query_006.js
ERR: 无法加载控制器:Public

[ 2017-07-04T13:45:18+08:00 ] ::1 /yjc/lby/Public/Admin/static/userlist/j/yjc/lby/Public/Admin/static/userlist/query_006.js
ERR: 无法加载控制器:Public

[ 2017-07-04T13:45:18+08:00 ] ::1 /yjc/lby/Public/Admin/static/userlist/j/yjc/lby/Public/Admin/static/userlist/query_006.js
ERR: 无法加载控制器:Public

[ 2017-07-04T13:45:35+08:00 ] ::1 /yjc/lby/Public/Admin/static/userlist/j/yjc/lby/Public/Admin/static/userlist/query_006.js
ERR: 无法加载控制器:Public

[ 2017-07-04T13:45:35+08:00 ] ::1 /yjc/lby/Public/Admin/static/userlist/j/yjc/lby/Public/Admin/static/userlist/query_006.js
ERR: 无法加载控制器:Public

[ 2017-07-04T13:46:05+08:00 ] ::1 /yjc/lby/Public/Admin/static/userlist/j/yjc/lby/Public/Admin/static/userlist/query_006.js
ERR: 无法加载控制器:Public

[ 2017-07-04T13:46:05+08:00 ] ::1 /yjc/lby/Public/Admin/static/userlist/j/yjc/lby/Public/Admin/static/userlist/query_006.js
ERR: 无法加载控制器:Public

[ 2017-07-04T13:50:45+08:00 ] ::1 /yjc/lby/Public/Admin/static/userlist/j/yjc/lby/Public/Admin/static/userlist/query_006.js
ERR: 无法加载控制器:Public

[ 2017-07-04T13:50:45+08:00 ] ::1 /yjc/lby/Public/Admin/static/userlist/j/yjc/lby/Public/Admin/static/userlist/query_006.js
ERR: 无法加载控制器:Public

[ 2017-07-04T13:51:04+08:00 ] ::1 /yjc/lby/Public/Admin/static/userlist/j/yjc/lby/Public/Admin/static/userlist/query_006.js
ERR: 无法加载控制器:Public

[ 2017-07-04T13:51:04+08:00 ] ::1 /yjc/lby/Public/Admin/static/userlist/j/yjc/lby/Public/Admin/static/userlist/query_006.js
ERR: 无法加载控制器:Public

[ 2017-07-04T13:53:31+08:00 ] ::1 /yjc/lby/Public/Admin/static/userlist/j/yjc/lby/Public/Admin/static/userlist/query_006.js
ERR: 无法加载控制器:Public

[ 2017-07-04T13:53:31+08:00 ] ::1 /yjc/lby/Public/Admin/static/userlist/j/yjc/lby/Public/Admin/static/userlist/query_006.js
ERR: 无法加载控制器:Public

[ 2017-07-04T13:55:14+08:00 ] ::1 /yjc/lby/Public/Admin/static/userlist/j/yjc/lby/Public/Admin/static/userlist/query_006.js
ERR: 无法加载控制器:Public

[ 2017-07-04T13:55:14+08:00 ] ::1 /yjc/lby/Public/Admin/static/userlist/j/yjc/lby/Public/Admin/static/userlist/query_006.js
ERR: 无法加载控制器:Public

[ 2017-07-04T13:55:22+08:00 ] ::1 /yjc/lby/Public/Admin/static/userlist/j/yjc/lby/Public/Admin/static/userlist/query_006.js
ERR: 无法加载控制器:Public

[ 2017-07-04T13:55:22+08:00 ] ::1 /yjc/lby/Public/Admin/static/userlist/j/yjc/lby/Public/Admin/static/userlist/query_006.js
ERR: 无法加载控制器:Public

[ 2017-07-04T13:56:31+08:00 ] ::1 /yjc/lby/Public/Admin/static/userlist/j/yjc/lby/Public/Admin/static/userlist/query_006.js
ERR: 无法加载控制器:Public

[ 2017-07-04T13:56:31+08:00 ] ::1 /yjc/lby/Public/Admin/static/userlist/j/yjc/lby/Public/Admin/static/userlist/query_006.js
ERR: 无法加载控制器:Public

[ 2017-07-04T13:57:45+08:00 ] ::1 /yjc/lby/Public/Admin/static/userlist/j/yjc/lby/Public/Admin/static/userlist/query_006.js
ERR: 无法加载控制器:Public

[ 2017-07-04T13:57:45+08:00 ] ::1 /yjc/lby/Public/Admin/static/userlist/j/yjc/lby/Public/Admin/static/userlist/query_006.js
ERR: 无法加载控制器:Public

[ 2017-07-04T13:57:52+08:00 ] ::1 /yjc/lby/Public/Admin/static/userlist/j/yjc/lby/Public/Admin/static/userlist/query_006.js
ERR: 无法加载控制器:Public

[ 2017-07-04T13:57:52+08:00 ] ::1 /yjc/lby/Public/Admin/static/userlist/j/yjc/lby/Public/Admin/static/userlist/query_006.js
ERR: 无法加载控制器:Public

[ 2017-07-04T13:58:29+08:00 ] ::1 /yjc/lby/Public/Admin/static/userlist/j/yjc/lby/Public/Admin/static/userlist/query_006.js
ERR: 无法加载控制器:Public

[ 2017-07-04T13:58:30+08:00 ] ::1 /yjc/lby/Public/Admin/static/userlist/j/yjc/lby/Public/Admin/static/userlist/query_006.js
ERR: 无法加载控制器:Public

[ 2017-07-04T13:58:33+08:00 ] ::1 /yjc/lby/Public/Admin/static/userlist/j/yjc/lby/Public/Admin/static/userlist/query_006.js
ERR: 无法加载控制器:Public

[ 2017-07-04T13:58:34+08:00 ] ::1 /yjc/lby/Public/Admin/static/userlist/j/yjc/lby/Public/Admin/static/userlist/query_006.js
ERR: 无法加载控制器:Public

[ 2017-07-04T13:59:46+08:00 ] ::1 /yjc/lby/Public/Admin/static/userlist/j/yjc/lby/Public/Admin/static/userlist/query_006.js
ERR: 无法加载控制器:Public

[ 2017-07-04T13:59:46+08:00 ] ::1 /yjc/lby/Public/Admin/static/userlist/j/yjc/lby/Public/Admin/static/userlist/query_006.js
ERR: 无法加载控制器:Public

[ 2017-07-04T14:00:11+08:00 ] ::1 /yjc/lby/Public/Admin/static/userlist/j/yjc/lby/Public/Admin/static/userlist/query_006.js
ERR: 无法加载控制器:Public

[ 2017-07-04T14:00:11+08:00 ] ::1 /yjc/lby/Public/Admin/static/userlist/j/yjc/lby/Public/Admin/static/userlist/query_006.js
ERR: 无法加载控制器:Public

[ 2017-07-04T14:00:23+08:00 ] ::1 /yjc/lby/Public/Admin/static/userlist/j/yjc/lby/Public/Admin/static/userlist/query_006.js
ERR: 无法加载控制器:Public

[ 2017-07-04T14:00:23+08:00 ] ::1 /yjc/lby/Public/Admin/static/userlist/j/yjc/lby/Public/Admin/static/userlist/query_006.js
ERR: 无法加载控制器:Public

[ 2017-07-04T14:01:43+08:00 ] ::1 /yjc/lby/Public/Admin/static/userlist/j/yjc/lby/Public/Admin/static/userlist/query_006.js
ERR: 无法加载控制器:Public

[ 2017-07-04T14:01:43+08:00 ] ::1 /yjc/lby/Public/Admin/static/userlist/j/yjc/lby/Public/Admin/static/userlist/query_006.js
ERR: 无法加载控制器:Public

[ 2017-07-04T14:02:54+08:00 ] ::1 /yjc/lby/Public/Admin/static/userlist/j/yjc/lby/Public/Admin/static/userlist/query_006.js
ERR: 无法加载控制器:Public

[ 2017-07-04T14:02:55+08:00 ] ::1 /yjc/lby/Public/Admin/static/userlist/j/yjc/lby/Public/Admin/static/userlist/query_006.js
ERR: 无法加载控制器:Public

[ 2017-07-04T14:03:28+08:00 ] ::1 /yjc/lby/Public/Admin/static/userlist/j/yjc/lby/Public/Admin/static/userlist/query_006.js
ERR: 无法加载控制器:Public

[ 2017-07-04T14:03:28+08:00 ] ::1 /yjc/lby/Public/Admin/static/userlist/j/yjc/lby/Public/Admin/static/userlist/query_006.js
ERR: 无法加载控制器:Public

[ 2017-07-04T14:05:39+08:00 ] ::1 /yjc/lby/index.php/Admin/Index/index1.html
ERR: 非法操作:index1

[ 2017-07-04T14:06:39+08:00 ] ::1 /yjc/lby/Public/Admin/static/userlist/j/yjc/lby/Public/Admin/static/userlist/query_006.js
ERR: 无法加载控制器:Public

[ 2017-07-04T14:06:39+08:00 ] ::1 /yjc/lby/Public/Admin/static/userlist/j/yjc/lby/Public/Admin/static/userlist/query_006.js
ERR: 无法加载控制器:Public

[ 2017-07-04T14:08:01+08:00 ] ::1 /yjc/lby/index.php/Audit/order.html
ERR: 非法操作:order

[ 2017-07-04T14:08:07+08:00 ] ::1 /yjc/lby/index.php/Audit/order.html
ERR: 非法操作:order

[ 2017-07-04T14:17:45+08:00 ] ::1 /yjc/lby/index.php/Audit/order.html
ERR: 非法操作:order

[ 2017-07-04T14:17:49+08:00 ] ::1 /yjc/lby/index.php/Audit/order.html
ERR: 非法操作:order

[ 2017-07-04T14:19:20+08:00 ] ::1 /yjc/lby/index.php/Audit/order_no_via.html
ERR: Think\Controller:getLaStSql方法不存在！

[ 2017-07-04T14:19:50+08:00 ] ::1 /yjc/lby/index.php/Audit/order_no_via.html
ERR: Think\Controller:getLastSql方法不存在！

[ 2017-07-04T14:20:42+08:00 ] ::1 /yjc/lby/index.php/Audit/order.html
ERR: 非法操作:order

[ 2017-07-04T14:22:18+08:00 ] ::1 /yjc/lby/index.php/Audit/order_via.html
ERR: 非法操作:order_via

[ 2017-07-04T14:47:21+08:00 ] ::1 /yjc/lby/index.php/Audit/order.html
ERR: 非法操作:order

[ 2017-07-04T15:06:41+08:00 ] ::1 /yjc/lby/index.php/Nva/jquery_003.js
ERR: 非法操作:jquery_003.js

[ 2017-07-04T15:06:41+08:00 ] ::1 /yjc/lby/index.php/Nva/WdatePicker.css
ERR: 非法操作:WdatePicker.css

[ 2017-07-04T15:06:41+08:00 ] ::1 /yjc/lby/Public/Admin/static/userlist/skin/WdatePicker.css
ERR: 无法加载控制器:Public

[ 2017-07-04T15:06:41+08:00 ] ::1 /yjc/lby/index.php/Nva/WdatePicker.css
ERR: 非法操作:WdatePicker.css

[ 2017-07-04T15:06:41+08:00 ] ::1 /yjc/lby/index.php/Nva/jquery_003.js
ERR: 非法操作:jquery_003.js

[ 2017-07-04T15:10:33+08:00 ] ::1 /yjc/lby/Public/Admin/static/userlist/j/yjc/lby/Public/Admin/static/userlist/query_006.js
ERR: 无法加载控制器:Public

[ 2017-07-04T15:10:33+08:00 ] ::1 /yjc/lby/Public/Admin/static/userlist/j/yjc/lby/Public/Admin/static/userlist/query_006.js
ERR: 无法加载控制器:Public

[ 2017-07-04T15:10:42+08:00 ] ::1 /yjc/lby/Public/Admin/static/userlist/j/yjc/lby/Public/Admin/static/userlist/query_006.js
ERR: 无法加载控制器:Public

[ 2017-07-04T15:10:42+08:00 ] ::1 /yjc/lby/Public/Admin/static/userlist/j/yjc/lby/Public/Admin/static/userlist/query_006.js
ERR: 无法加载控制器:Public

[ 2017-07-04T15:12:13+08:00 ] ::1 /yjc/lby/Public/Admin/static/userlist/j/yjc/lby/Public/Admin/static/userlist/query_006.js
ERR: 无法加载控制器:Public

[ 2017-07-04T15:12:13+08:00 ] ::1 /yjc/lby/Public/Admin/static/userlist/j/yjc/lby/Public/Admin/static/userlist/query_006.js
ERR: 无法加载控制器:Public

[ 2017-07-04T15:38:48+08:00 ] ::1 /yjc/lby/Public/Admin/static/userlist/j/yjc/lby/Public/Admin/static/userlist/query_006.js
ERR: 无法加载控制器:Public

[ 2017-07-04T15:38:49+08:00 ] ::1 /yjc/lby/Public/Admin/static/userlist/j/yjc/lby/Public/Admin/static/userlist/query_006.js
ERR: 无法加载控制器:Public

[ 2017-07-04T15:39:06+08:00 ] ::1 /yjc/lby/Public/Admin/static/userlist/j/yjc/lby/Public/Admin/static/userlist/query_006.js
ERR: 无法加载控制器:Public

[ 2017-07-04T15:39:06+08:00 ] ::1 /yjc/lby/index.php/Lnstru/WdatePicker.css
ERR: 非法操作:WdatePicker.css

[ 2017-07-04T15:39:06+08:00 ] ::1 /yjc/lby/Public/Admin/static/userlist/j/yjc/lby/Public/Admin/static/userlist/query_006.js
ERR: 无法加载控制器:Public

[ 2017-07-04T15:39:06+08:00 ] ::1 /yjc/lby/Public/Admin/static/userlist/skin/WdatePicker.css
ERR: 无法加载控制器:Public

[ 2017-07-04T15:39:06+08:00 ] ::1 /yjc/lby/index.php/Lnstru/WdatePicker.css
ERR: 非法操作:WdatePicker.css

[ 2017-07-04T15:39:08+08:00 ] ::1 /yjc/lby/Public/Admin/static/userlist/j/yjc/lby/Public/Admin/static/userlist/query_006.js
ERR: 无法加载控制器:Public

[ 2017-07-04T15:39:08+08:00 ] ::1 /yjc/lby/index.php/Batch/WdatePicker.css
ERR: 非法操作:WdatePicker.css

[ 2017-07-04T15:39:08+08:00 ] ::1 /yjc/lby/Public/Admin/static/userlist/j/yjc/lby/Public/Admin/static/userlist/query_006.js
ERR: 无法加载控制器:Public

[ 2017-07-04T15:39:08+08:00 ] ::1 /yjc/lby/Public/Admin/static/userlist/skin/WdatePicker.css
ERR: 无法加载控制器:Public

[ 2017-07-04T15:39:08+08:00 ] ::1 /yjc/lby/index.php/Batch/WdatePicker.css
ERR: 非法操作:WdatePicker.css

[ 2017-07-04T15:39:29+08:00 ] ::1 /yjc/lby/Public/Admin/static/userlist/j/yjc/lby/Public/Admin/static/userlist/query_006.js
ERR: 无法加载控制器:Public

[ 2017-07-04T15:39:29+08:00 ] ::1 /yjc/lby/index.php/Batch/WdatePicker.css
ERR: 非法操作:WdatePicker.css

[ 2017-07-04T15:39:29+08:00 ] ::1 /yjc/lby/Public/Admin/static/userlist/j/yjc/lby/Public/Admin/static/userlist/query_006.js
ERR: 无法加载控制器:Public

[ 2017-07-04T15:39:29+08:00 ] ::1 /yjc/lby/index.php/Batch/WdatePicker.css
ERR: 非法操作:WdatePicker.css

[ 2017-07-04T15:39:29+08:00 ] ::1 /yjc/lby/Public/Admin/static/userlist/skin/WdatePicker.css
ERR: 无法加载控制器:Public

[ 2017-07-04T15:39:31+08:00 ] ::1 /yjc/lby/Public/Admin/static/userlist/j/yjc/lby/Public/Admin/static/userlist/query_006.js
ERR: 无法加载控制器:Public

[ 2017-07-04T15:39:31+08:00 ] ::1 /yjc/lby/index.php/Batch/WdatePicker.css
ERR: 非法操作:WdatePicker.css

[ 2017-07-04T15:39:31+08:00 ] ::1 /yjc/lby/Public/Admin/static/userlist/j/yjc/lby/Public/Admin/static/userlist/query_006.js
ERR: 无法加载控制器:Public

[ 2017-07-04T15:39:31+08:00 ] ::1 /yjc/lby/index.php/Batch/WdatePicker.css
ERR: 非法操作:WdatePicker.css

[ 2017-07-04T15:39:31+08:00 ] ::1 /yjc/lby/Public/Admin/static/userlist/skin/WdatePicker.css
ERR: 无法加载控制器:Public

[ 2017-07-04T15:39:50+08:00 ] ::1 /yjc/lby/index.php/Index/instructions/list
ERR: 非法操作:instructions

[ 2017-07-04T15:39:52+08:00 ] ::1 /yjc/lby/index.php/Batch/WdatePicker.css
ERR: 非法操作:WdatePicker.css

[ 2017-07-04T15:39:52+08:00 ] ::1 /yjc/lby/Public/Admin/static/userlist/j/yjc/lby/Public/Admin/static/userlist/query_006.js
ERR: 无法加载控制器:Public

[ 2017-07-04T15:39:52+08:00 ] ::1 /yjc/lby/Public/Admin/static/userlist/j/yjc/lby/Public/Admin/static/userlist/query_006.js
ERR: 无法加载控制器:Public

[ 2017-07-04T15:39:52+08:00 ] ::1 /yjc/lby/index.php/Batch/WdatePicker.css
ERR: 非法操作:WdatePicker.css

[ 2017-07-04T15:39:52+08:00 ] ::1 /yjc/lby/Public/Admin/static/userlist/skin/WdatePicker.css
ERR: 无法加载控制器:Public

[ 2017-07-04T15:39:55+08:00 ] ::1 /yjc/lby/index.php/Index/instructions/list
ERR: 非法操作:instructions

[ 2017-07-04T15:39:57+08:00 ] ::1 /yjc/lby/index.php/Batch/WdatePicker.css
ERR: 非法操作:WdatePicker.css

[ 2017-07-04T15:39:57+08:00 ] ::1 /yjc/lby/Public/Admin/static/userlist/j/yjc/lby/Public/Admin/static/userlist/query_006.js
ERR: 无法加载控制器:Public

[ 2017-07-04T15:39:57+08:00 ] ::1 /yjc/lby/Public/Admin/static/userlist/j/yjc/lby/Public/Admin/static/userlist/query_006.js
ERR: 无法加载控制器:Public

[ 2017-07-04T15:39:57+08:00 ] ::1 /yjc/lby/index.php/Batch/WdatePicker.css
ERR: 非法操作:WdatePicker.css

[ 2017-07-04T15:39:57+08:00 ] ::1 /yjc/lby/Public/Admin/static/userlist/skin/WdatePicker.css
ERR: 无法加载控制器:Public

[ 2017-07-04T15:49:22+08:00 ] ::1 /yjc/lby/index.php/Index/instructions/list
ERR: 非法操作:instructions

[ 2017-07-04T15:49:31+08:00 ] ::1 /yjc/lby/Public/Admin/static/userlist/j/yjc/lby/Public/Admin/static/userlist/query_006.js
ERR: 无法加载控制器:Public

[ 2017-07-04T15:49:31+08:00 ] ::1 /yjc/lby/index.php/Lnstru/WdatePicker.css
ERR: 非法操作:WdatePicker.css

[ 2017-07-04T15:49:31+08:00 ] ::1 /yjc/lby/Public/Admin/static/userlist/j/yjc/lby/Public/Admin/static/userlist/query_006.js
ERR: 无法加载控制器:Public

[ 2017-07-04T15:49:31+08:00 ] ::1 /yjc/lby/index.php/Lnstru/WdatePicker.css
ERR: 非法操作:WdatePicker.css

[ 2017-07-04T15:49:31+08:00 ] ::1 /yjc/lby/Public/Admin/static/userlist/skin/WdatePicker.css
ERR: 无法加载控制器:Public

[ 2017-07-04T15:49:32+08:00 ] ::1 /yjc/lby/index.php/Batch/WdatePicker.css
ERR: 非法操作:WdatePicker.css

[ 2017-07-04T15:49:32+08:00 ] ::1 /yjc/lby/Public/Admin/static/userlist/j/yjc/lby/Public/Admin/static/userlist/query_006.js
ERR: 无法加载控制器:Public

[ 2017-07-04T15:49:33+08:00 ] ::1 /yjc/lby/Public/Admin/static/userlist/j/yjc/lby/Public/Admin/static/userlist/query_006.js
ERR: 无法加载控制器:Public

[ 2017-07-04T15:49:33+08:00 ] ::1 /yjc/lby/index.php/Batch/WdatePicker.css
ERR: 非法操作:WdatePicker.css

[ 2017-07-04T15:49:33+08:00 ] ::1 /yjc/lby/Public/Admin/static/userlist/skin/WdatePicker.css
ERR: 无法加载控制器:Public

[ 2017-07-04T15:49:36+08:00 ] ::1 /yjc/lby/index.php/Batch/WdatePicker.css
ERR: 非法操作:WdatePicker.css

[ 2017-07-04T15:49:36+08:00 ] ::1 /yjc/lby/Public/Admin/static/userlist/j/yjc/lby/Public/Admin/static/userlist/query_006.js
ERR: 无法加载控制器:Public

[ 2017-07-04T15:49:36+08:00 ] ::1 /yjc/lby/Public/Admin/static/userlist/j/yjc/lby/Public/Admin/static/userlist/query_006.js
ERR: 无法加载控制器:Public

[ 2017-07-04T15:49:36+08:00 ] ::1 /yjc/lby/Public/Admin/static/userlist/skin/WdatePicker.css
ERR: 无法加载控制器:Public

[ 2017-07-04T15:49:36+08:00 ] ::1 /yjc/lby/index.php/Batch/WdatePicker.css
ERR: 非法操作:WdatePicker.css

[ 2017-07-04T15:49:37+08:00 ] ::1 /yjc/lby/index.php/Index/instructions/list
ERR: 非法操作:instructions

[ 2017-07-04T15:49:39+08:00 ] ::1 /yjc/lby/index.php/Index/instructions/list
ERR: 非法操作:instructions

[ 2017-07-04T15:49:48+08:00 ] ::1 /yjc/lby/index.php/Index/instructions/list
ERR: 非法操作:instructions

[ 2017-07-04T15:49:50+08:00 ] ::1 /yjc/lby/index.php/Index/instructions/list
ERR: 非法操作:instructions

[ 2017-07-04T15:49:53+08:00 ] ::1 /yjc/lby/index.php/Index/instructions/list
ERR: 非法操作:instructions

[ 2017-07-04T15:51:20+08:00 ] ::1 /yjc/lby/index.php/merchant/access.html
ERR: 无法加载控制器:Merchant

[ 2017-07-04T15:51:22+08:00 ] ::1 /yjc/lby/index.php/Index/probleminformation/list.do
ERR: 非法操作:probleminformation

[ 2017-07-04T15:51:23+08:00 ] ::1 /yjc/lby/index.php/Index/probleminformation/list.do
ERR: 非法操作:probleminformation

[ 2017-07-04T15:51:24+08:00 ] ::1 /yjc/lby/index.php/Index/probleminformation/list.do
ERR: 非法操作:probleminformation

[ 2017-07-04T15:51:26+08:00 ] ::1 /yjc/lby/index.php/Index/probleminformation/list.do
ERR: 非法操作:probleminformation

[ 2017-07-04T15:51:47+08:00 ] ::1 /yjc/lby/index.php/Index/question/list.do
ERR: 非法操作:question

[ 2017-07-04T15:51:48+08:00 ] ::1 /yjc/lby/index.php/Info/style.css
ERR: 非法操作:style.css

[ 2017-07-04T15:51:49+08:00 ] ::1 /yjc/lby/index.php/Info/style.css
ERR: 非法操作:style.css

[ 2017-07-04T15:51:51+08:00 ] ::1 /yjc/lby/index.php/Index/probleminformation/list.do
ERR: 非法操作:probleminformation

[ 2017-07-04T15:51:52+08:00 ] ::1 /yjc/lby/index.php/Index/probleminformation/list.do
ERR: 非法操作:probleminformation

[ 2017-07-04T15:51:53+08:00 ] ::1 /yjc/lby/index.php/Index/probleminformation/list.do
ERR: 非法操作:probleminformation

[ 2017-07-04T15:51:57+08:00 ] ::1 /yjc/lby/index.php/Index/question/list.do
ERR: 非法操作:question

[ 2017-07-04T15:52:01+08:00 ] ::1 /yjc/lby/index.php/Index/question/list.do
ERR: 非法操作:question

[ 2017-07-04T15:52:02+08:00 ] ::1 /yjc/lby/index.php/Index/probleminformation/list.do
ERR: 非法操作:probleminformation

[ 2017-07-04T15:52:03+08:00 ] ::1 /yjc/lby/index.php/Index/probleminformation/list.do
ERR: 非法操作:probleminformation

[ 2017-07-04T15:52:05+08:00 ] ::1 /yjc/lby/index.php/Index/probleminformation/list.do
ERR: 非法操作:probleminformation

[ 2017-07-04T15:52:06+08:00 ] ::1 /yjc/lby/index.php/Index/probleminformation/list.do
ERR: 非法操作:probleminformation

[ 2017-07-04T15:52:08+08:00 ] ::1 /yjc/lby/index.php/Index/probleminformation/list.do
ERR: 非法操作:probleminformation

[ 2017-07-04T15:52:20+08:00 ] ::1 /yjc/lby/index.php/Index/probleminformation/list.do
ERR: 非法操作:probleminformation

[ 2017-07-04T15:52:31+08:00 ] ::1 /yjc/lby/Public/Admin/static/userlist/j/yjc/lby/Public/Admin/static/userlist/query_006.js
ERR: 无法加载控制器:Public

[ 2017-07-04T15:52:31+08:00 ] ::1 /yjc/lby/index.php/Lnstru/WdatePicker.css
ERR: 非法操作:WdatePicker.css

[ 2017-07-04T15:52:31+08:00 ] ::1 /yjc/lby/Public/Admin/static/userlist/j/yjc/lby/Public/Admin/static/userlist/query_006.js
ERR: 无法加载控制器:Public

[ 2017-07-04T15:52:31+08:00 ] ::1 /yjc/lby/Public/Admin/static/userlist/skin/WdatePicker.css
ERR: 无法加载控制器:Public

[ 2017-07-04T15:52:31+08:00 ] ::1 /yjc/lby/index.php/Lnstru/WdatePicker.css
ERR: 非法操作:WdatePicker.css

[ 2017-07-04T15:52:32+08:00 ] ::1 /yjc/lby/index.php/Batch/WdatePicker.css
ERR: 非法操作:WdatePicker.css

[ 2017-07-04T15:52:32+08:00 ] ::1 /yjc/lby/Public/Admin/static/userlist/j/yjc/lby/Public/Admin/static/userlist/query_006.js
ERR: 无法加载控制器:Public

[ 2017-07-04T15:52:32+08:00 ] ::1 /yjc/lby/Public/Admin/static/userlist/j/yjc/lby/Public/Admin/static/userlist/query_006.js
ERR: 无法加载控制器:Public

[ 2017-07-04T15:52:32+08:00 ] ::1 /yjc/lby/index.php/Batch/WdatePicker.css
ERR: 非法操作:WdatePicker.css

[ 2017-07-04T15:52:32+08:00 ] ::1 /yjc/lby/Public/Admin/static/userlist/skin/WdatePicker.css
ERR: 无法加载控制器:Public

[ 2017-07-04T15:52:34+08:00 ] ::1 /yjc/lby/index.php/Index/instructions/list
ERR: 非法操作:instructions

[ 2017-07-04T15:52:35+08:00 ] ::1 /yjc/lby/index.php/Index/instructions/list
ERR: 非法操作:instructions

[ 2017-07-04T15:53:00+08:00 ] ::1 /yjc/lby/Public/Admin/static/userlist/j/yjc/lby/Public/Admin/static/userlist/query_006.js
ERR: 无法加载控制器:Public

[ 2017-07-04T15:53:00+08:00 ] ::1 /yjc/lby/index.php/Lnstru/WdatePicker.css
ERR: 非法操作:WdatePicker.css

[ 2017-07-04T15:53:00+08:00 ] ::1 /yjc/lby/Public/Admin/static/userlist/j/yjc/lby/Public/Admin/static/userlist/query_006.js
ERR: 无法加载控制器:Public

[ 2017-07-04T15:53:00+08:00 ] ::1 /yjc/lby/Public/Admin/static/userlist/skin/WdatePicker.css
ERR: 无法加载控制器:Public

[ 2017-07-04T15:53:00+08:00 ] ::1 /yjc/lby/index.php/Lnstru/WdatePicker.css
ERR: 非法操作:WdatePicker.css

[ 2017-07-04T15:53:02+08:00 ] ::1 /yjc/lby/Public/Admin/static/userlist/j/yjc/lby/Public/Admin/static/userlist/query_006.js
ERR: 无法加载控制器:Public

[ 2017-07-04T15:53:02+08:00 ] ::1 /yjc/lby/index.php/Batch/WdatePicker.css
ERR: 非法操作:WdatePicker.css

[ 2017-07-04T15:53:02+08:00 ] ::1 /yjc/lby/Public/Admin/static/userlist/j/yjc/lby/Public/Admin/static/userlist/query_006.js
ERR: 无法加载控制器:Public

[ 2017-07-04T15:53:02+08:00 ] ::1 /yjc/lby/Public/Admin/static/userlist/skin/WdatePicker.css
ERR: 无法加载控制器:Public

[ 2017-07-04T15:53:02+08:00 ] ::1 /yjc/lby/index.php/Batch/WdatePicker.css
ERR: 非法操作:WdatePicker.css

[ 2017-07-04T15:53:03+08:00 ] ::1 /yjc/lby/index.php/Index/instructions/list
ERR: 非法操作:instructions

[ 2017-07-04T15:53:13+08:00 ] ::1 /yjc/lby/index.php/Index/instructions/list
ERR: 非法操作:instructions

[ 2017-07-04T15:53:21+08:00 ] ::1 /yjc/lby/index.php/Index/instructions/list
ERR: 非法操作:instructions

[ 2017-07-04T15:53:23+08:00 ] ::1 /yjc/lby/index.php/Index/instructions/list
ERR: 非法操作:instructions

[ 2017-07-04T15:53:23+08:00 ] ::1 /yjc/lby/index.php/Index/instructions/list
ERR: 非法操作:instructions

[ 2017-07-04T16:28:55+08:00 ] ::1 /yjc/lby/Public/Admin/static/userlist/j/yjc/lby/Public/Admin/static/userlist/query_006.js
ERR: 无法加载控制器:Public

[ 2017-07-04T16:28:55+08:00 ] ::1 /yjc/lby/Public/Admin/static/userlist/j/yjc/lby/Public/Admin/static/userlist/query_006.js
ERR: 无法加载控制器:Public

[ 2017-07-04T16:28:59+08:00 ] ::1 /yjc/lby/Public/Admin/static/userlist/j/yjc/lby/Public/Admin/static/userlist/query_006.js
ERR: 无法加载控制器:Public

[ 2017-07-04T16:28:59+08:00 ] ::1 /yjc/lby/Public/Admin/static/userlist/j/yjc/lby/Public/Admin/static/userlist/query_006.js
ERR: 无法加载控制器:Public

[ 2017-07-04T16:35:00+08:00 ] ::1 /yjc/lby/index.php/Audit/authstr_list.html
ERR: 1064:You have an error in your SQL syntax; check the manual that corresponds to your MySQL server version for the right syntax to use near ') LIMIT 1' at line 1
 [ SQL语句 ] : SELECT COUNT(*) AS tp_count FROM `checking_audit` WHERE ( audit_decision!='1' && audit_decision!='3' and audit_time='' and audit_serial_number= ) LIMIT 1  

[ 2017-07-04T16:51:37+08:00 ] ::1 /yjc/lby/index.php/Audit/order_no_via.html
ERR: 非法操作:order_no_via

[ 2017-07-04T17:34:09+08:00 ] ::1 /yjc/lby/index.php/Admin/Index/index1.html
ERR: 非法操作:index1

[ 2017-07-04T17:46:21+08:00 ] ::1 /yjc/lby/index.php/Audit/authstr_list.html
ERR: 1064:You have an error in your SQL syntax; check the manual that corresponds to your MySQL server version for the right syntax to use near ''11'' ) LIMIT 1' at line 1
 [ SQL语句 ] : SELECT COUNT(*) AS tp_count FROM `checking_audit` WHERE ( audit_decision!='1' && audit_decision!='3' and audit_serial_number='11'' ) LIMIT 1  

[ 2017-07-04T17:47:38+08:00 ] ::1 /yjc/lby/index.php/Audit/authstr_list.html
ERR: 1064:You have an error in your SQL syntax; check the manual that corresponds to your MySQL server version for the right syntax to use near ''59108724631'' ) LIMIT 1' at line 1
 [ SQL语句 ] : SELECT COUNT(*) AS tp_count FROM `checking_audit` WHERE ( audit_decision!='1' && audit_decision!='3' and audit_serial_number='59108724631'' ) LIMIT 1  

[ 2017-07-04T18:00:42+08:00 ] ::1 /yjc/lby/Public/Admin/static/userlist/j/yjc/lby/Public/Admin/static/userlist/query_006.js
ERR: 无法加载控制器:Public

[ 2017-07-04T18:00:42+08:00 ] ::1 /yjc/lby/Public/Admin/static/userlist/j/yjc/lby/Public/Admin/static/userlist/query_006.js
ERR: 无法加载控制器:Public

[ 2017-07-04T18:00:49+08:00 ] ::1 /yjc/lby/Public/Admin/static/userlist/j/yjc/lby/Public/Admin/static/userlist/query_006.js
ERR: 无法加载控制器:Public

[ 2017-07-04T18:00:49+08:00 ] ::1 /yjc/lby/Public/Admin/static/userlist/j/yjc/lby/Public/Admin/static/userlist/query_006.js
ERR: 无法加载控制器:Public

