[ 2017-07-10T09:39:12+08:00 ] ::1 /yjc/lby/index.php/Admin/Index/index1.html
ERR: 非法操作:index1

[ 2017-07-10T09:39:32+08:00 ] ::1 /yjc/lby/Public/Admin/static/userlist/skin/WdatePicker.css
ERR: 无法加载控制器:Public

[ 2017-07-10T10:21:03+08:00 ] ::1 /yjc/lby/Public/Admin/static/userlist/skin/WdatePicker.css
ERR: 无法加载控制器:Public

[ 2017-07-10T10:44:34+08:00 ] ::1 /yjc/lby/index.php/Activated/activa_upda.html?b_id=00000000016
ERR: 1054:Unknown column 'product_name' in 'field list'
 [ SQL语句 ] : SELECT `audit_id`,`audit_order`,`audit_product`,`product_name`,`` FROM `checking_audit` WHERE ( audit_id ) LIMIT 1  

[ 2017-07-10T11:16:39+08:00 ] ::1 /yjc/lby/index.php/Activated/jquery.js
ERR: 非法操作:jquery.js

[ 2017-07-10T11:16:39+08:00 ] ::1 /yjc/lby/index.php/Activated/jquery-ui-1.js
ERR: 非法操作:jquery-ui-1.js

[ 2017-07-10T11:16:39+08:00 ] ::1 /yjc/lby/index.php/Activated/jquery_002.js
ERR: 非法操作:jquery_002.js

[ 2017-07-10T11:16:39+08:00 ] ::1 /yjc/lby/index.php/Activated/jquery-1.js
ERR: 非法操作:jquery-1.js

[ 2017-07-10T11:16:39+08:00 ] ::1 /yjc/lby/index.php/Activated/jquery.css
ERR: 非法操作:jquery.css

[ 2017-07-10T11:16:39+08:00 ] ::1 /yjc/lby/index.php/Activated/jquery-migrate-1.js
ERR: 非法操作:jquery-migrate-1.js

[ 2017-07-10T11:16:39+08:00 ] ::1 /yjc/lby/index.php/Activated/jquery_006.js
ERR: 非法操作:jquery_006.js

[ 2017-07-10T11:16:40+08:00 ] ::1 /yjc/lby/index.php/Activated/bootstrap.js
ERR: 非法操作:bootstrap.js

[ 2017-07-10T11:16:40+08:00 ] ::1 /yjc/lby/index.php/Activated/WdatePicker.js
ERR: 非法操作:WdatePicker.js

[ 2017-07-10T11:16:40+08:00 ] ::1 /yjc/lby/index.php/Activated/bootstrap.css
ERR: 非法操作:bootstrap.css

[ 2017-07-10T11:16:40+08:00 ] ::1 /yjc/lby/index.php/Activated/WdatePicker.css
ERR: 非法操作:WdatePicker.css

[ 2017-07-10T11:16:40+08:00 ] ::1 /yjc/lby/index.php/Activated/jquery_003.js
ERR: 非法操作:jquery_003.js

[ 2017-07-10T11:16:40+08:00 ] ::1 /yjc/lby/index.php/Activated/mustache.js
ERR: 非法操作:mustache.js

[ 2017-07-10T11:16:40+08:00 ] ::1 /yjc/lby/index.php/Activated/lenjoy.css
ERR: 非法操作:lenjoy.css

[ 2017-07-10T11:16:40+08:00 ] ::1 /yjc/lby/index.php/Activated/lenjoy.js
ERR: 非法操作:lenjoy.js

[ 2017-07-10T11:16:40+08:00 ] ::1 /yjc/lby/index.php/Activated/jquery.js
ERR: 非法操作:jquery.js

[ 2017-07-10T11:16:40+08:00 ] ::1 /yjc/lby/index.php/Activated/jquery-ui-1.js
ERR: 非法操作:jquery-ui-1.js

[ 2017-07-10T11:16:40+08:00 ] ::1 /yjc/lby/index.php/Activated/jquery-migrate-1.js
ERR: 非法操作:jquery-migrate-1.js

[ 2017-07-10T11:16:40+08:00 ] ::1 /yjc/lby/index.php/Activated/jquery_002.js
ERR: 非法操作:jquery_002.js

[ 2017-07-10T11:16:40+08:00 ] ::1 /yjc/lby/index.php/Activated/jquery.css
ERR: 非法操作:jquery.css

[ 2017-07-10T11:16:40+08:00 ] ::1 /yjc/lby/index.php/Activated/jquery_006.js
ERR: 非法操作:jquery_006.js

[ 2017-07-10T11:16:40+08:00 ] ::1 /yjc/lby/index.php/Activated/bootstrap.js
ERR: 非法操作:bootstrap.js

[ 2017-07-10T11:16:40+08:00 ] ::1 /yjc/lby/index.php/Activated/bootstrap.css
ERR: 非法操作:bootstrap.css

[ 2017-07-10T11:16:40+08:00 ] ::1 /yjc/lby/index.php/Activated/WdatePicker.js
ERR: 非法操作:WdatePicker.js

[ 2017-07-10T11:16:40+08:00 ] ::1 /yjc/lby/index.php/Activated/WdatePicker.css
ERR: 非法操作:WdatePicker.css

[ 2017-07-10T11:16:40+08:00 ] ::1 /yjc/lby/index.php/Activated/jquery_003.js
ERR: 非法操作:jquery_003.js

[ 2017-07-10T11:16:40+08:00 ] ::1 /yjc/lby/index.php/Activated/mustache.js
ERR: 非法操作:mustache.js

[ 2017-07-10T11:16:40+08:00 ] ::1 /yjc/lby/index.php/Activated/lenjoy.js
ERR: 非法操作:lenjoy.js

[ 2017-07-10T11:16:40+08:00 ] ::1 /yjc/lby/index.php/Activated/lenjoy.css
ERR: 非法操作:lenjoy.css

[ 2017-07-10T11:16:47+08:00 ] ::1 /yjc/lby/index.php/Activated/jquery-1.js
ERR: 非法操作:jquery-1.js

[ 2017-07-10T11:16:47+08:00 ] ::1 /yjc/lby/index.php/Activated/jquery.js
ERR: 非法操作:jquery.js

[ 2017-07-10T11:16:47+08:00 ] ::1 /yjc/lby/index.php/Activated/jquery-migrate-1.js
ERR: 非法操作:jquery-migrate-1.js

[ 2017-07-10T11:16:47+08:00 ] ::1 /yjc/lby/index.php/Activated/jquery-ui-1.js
ERR: 非法操作:jquery-ui-1.js

[ 2017-07-10T11:16:47+08:00 ] ::1 /yjc/lby/index.php/Activated/jquery_002.js
ERR: 非法操作:jquery_002.js

[ 2017-07-10T11:16:48+08:00 ] ::1 /yjc/lby/index.php/Activated/jquery.css
ERR: 非法操作:jquery.css

[ 2017-07-10T11:16:48+08:00 ] ::1 /yjc/lby/index.php/Activated/jquery_006.js
ERR: 非法操作:jquery_006.js

[ 2017-07-10T11:16:48+08:00 ] ::1 /yjc/lby/index.php/Activated/WdatePicker.css
ERR: 非法操作:WdatePicker.css

[ 2017-07-10T11:16:48+08:00 ] ::1 /yjc/lby/index.php/Activated/bootstrap.js
ERR: 非法操作:bootstrap.js

[ 2017-07-10T11:16:48+08:00 ] ::1 /yjc/lby/index.php/Activated/bootstrap.css
ERR: 非法操作:bootstrap.css

[ 2017-07-10T11:16:48+08:00 ] ::1 /yjc/lby/index.php/Activated/WdatePicker.js
ERR: 非法操作:WdatePicker.js

[ 2017-07-10T11:16:48+08:00 ] ::1 /yjc/lby/index.php/Activated/jquery_003.js
ERR: 非法操作:jquery_003.js

[ 2017-07-10T11:16:48+08:00 ] ::1 /yjc/lby/index.php/Activated/mustache.js
ERR: 非法操作:mustache.js

[ 2017-07-10T11:16:48+08:00 ] ::1 /yjc/lby/index.php/Activated/lenjoy.css
ERR: 非法操作:lenjoy.css

[ 2017-07-10T11:16:48+08:00 ] ::1 /yjc/lby/index.php/Activated/lenjoy.js
ERR: 非法操作:lenjoy.js

[ 2017-07-10T11:16:48+08:00 ] ::1 /yjc/lby/index.php/Activated/jquery-migrate-1.js
ERR: 非法操作:jquery-migrate-1.js

[ 2017-07-10T11:16:48+08:00 ] ::1 /yjc/lby/index.php/Activated/jquery_002.js
ERR: 非法操作:jquery_002.js

[ 2017-07-10T11:16:48+08:00 ] ::1 /yjc/lby/index.php/Activated/jquery.css
ERR: 非法操作:jquery.css

[ 2017-07-10T11:16:48+08:00 ] ::1 /yjc/lby/index.php/Activated/jquery_006.js
ERR: 非法操作:jquery_006.js

[ 2017-07-10T11:16:48+08:00 ] ::1 /yjc/lby/index.php/Activated/bootstrap.css
ERR: 非法操作:bootstrap.css

[ 2017-07-10T11:16:48+08:00 ] ::1 /yjc/lby/index.php/Activated/bootstrap.js
ERR: 非法操作:bootstrap.js

[ 2017-07-10T11:16:48+08:00 ] ::1 /yjc/lby/index.php/Activated/WdatePicker.js
ERR: 非法操作:WdatePicker.js

[ 2017-07-10T11:16:48+08:00 ] ::1 /yjc/lby/index.php/Activated/WdatePicker.css
ERR: 非法操作:WdatePicker.css

[ 2017-07-10T11:16:48+08:00 ] ::1 /yjc/lby/index.php/Activated/jquery_003.js
ERR: 非法操作:jquery_003.js

[ 2017-07-10T11:16:48+08:00 ] ::1 /yjc/lby/index.php/Activated/mustache.js
ERR: 非法操作:mustache.js

[ 2017-07-10T11:16:48+08:00 ] ::1 /yjc/lby/index.php/Activated/lenjoy.js
ERR: 非法操作:lenjoy.js

[ 2017-07-10T11:16:48+08:00 ] ::1 /yjc/lby/index.php/Activated/lenjoy.css
ERR: 非法操作:lenjoy.css

[ 2017-07-10T11:19:24+08:00 ] ::1 /yjc/lby/Public/Admin/static/userlist/lenjoy/static/bootstrap/bsie/css/bootstrap-ie6.min.css
ERR: 无法加载控制器:Public

[ 2017-07-10T11:19:24+08:00 ] ::1 /yjc/lby/Public/Admin/static/userlist/lenjoy/static/bootstrap/bsie/js/bootstrap-ie.min.js
ERR: 无法加载控制器:Public

[ 2017-07-10T11:19:24+08:00 ] ::1 /yjc/lby/Public/Admin/static/userlist/lenjoy/static/bootstrap/bsie/css/bootstrap-ie6.min.css
ERR: 无法加载控制器:Public

[ 2017-07-10T11:19:24+08:00 ] ::1 /yjc/lby/Public/Admin/static/userlist/lenjoy/static/bootstrap/bsie/js/bootstrap-ie.min.js
ERR: 无法加载控制器:Public

[ 2017-07-10T11:19:24+08:00 ] ::1 /yjc/lby/Public/Admin/static/userlist/skin/WdatePicker.css
ERR: 无法加载控制器:Public

[ 2017-07-10T11:19:58+08:00 ] ::1 /yjc/lby/Public/Admin/static/userlist/lenjoy/static/bootstrap/bsie/css/bootstrap-ie6.min.css
ERR: 无法加载控制器:Public

[ 2017-07-10T11:19:58+08:00 ] ::1 /yjc/lby/Public/Admin/static/userlist/lenjoy/static/bootstrap/bsie/js/bootstrap-ie.min.js
ERR: 无法加载控制器:Public

[ 2017-07-10T11:19:59+08:00 ] ::1 /yjc/lby/Public/Admin/static/userlist/lenjoy/static/bootstrap/bsie/css/bootstrap-ie6.min.css
ERR: 无法加载控制器:Public

[ 2017-07-10T11:19:59+08:00 ] ::1 /yjc/lby/Public/Admin/static/userlist/lenjoy/static/bootstrap/bsie/js/bootstrap-ie.min.js
ERR: 无法加载控制器:Public

[ 2017-07-10T11:19:59+08:00 ] ::1 /yjc/lby/Public/Admin/static/userlist/skin/WdatePicker.css
ERR: 无法加载控制器:Public

[ 2017-07-10T11:20:39+08:00 ] ::1 /yjc/lby/question/list.do
ERR: 无法加载控制器:Question

[ 2017-07-10T11:20:40+08:00 ] ::1 /yjc/lby/index.php/Info/style.css
ERR: 非法操作:style.css

[ 2017-07-10T11:20:40+08:00 ] ::1 /yjc/lby/index.php/Info/style.css
ERR: 非法操作:style.css

[ 2017-07-10T11:20:40+08:00 ] ::1 /yjc/lby/probleminformation/list.do
ERR: 无法加载控制器:Probleminformation

[ 2017-07-10T11:20:41+08:00 ] ::1 /yjc/lby/probleminformation/list.do
ERR: 无法加载控制器:Probleminformation

[ 2017-07-10T11:20:42+08:00 ] ::1 /yjc/lby/probleminformation/list.do
ERR: 无法加载控制器:Probleminformation

[ 2017-07-10T11:20:57+08:00 ] ::1 /yjc/lby/index.php/Tian/WdatePicker.css
ERR: 非法操作:WdatePicker.css

[ 2017-07-10T11:20:58+08:00 ] ::1 /yjc/lby/index.php/Tian/WdatePicker.css
ERR: 非法操作:WdatePicker.css

[ 2017-07-10T11:20:58+08:00 ] ::1 /yjc/lby/Public/Admin/static/userlist/skin/WdatePicker.css
ERR: 无法加载控制器:Public

[ 2017-07-10T11:29:12+08:00 ] ::1 /yjc/lby/Public/Admin/static/userlist/lenjoy/static/bootstrap/bsie/css/bootstrap-ie6.min.css
ERR: 无法加载控制器:Public

[ 2017-07-10T11:29:12+08:00 ] ::1 /yjc/lby/Public/Admin/static/userlist/lenjoy/static/bootstrap/bsie/js/bootstrap-ie.min.js
ERR: 无法加载控制器:Public

[ 2017-07-10T11:29:12+08:00 ] ::1 /yjc/lby/Public/Admin/static/userlist/lenjoy/static/bootstrap/bsie/css/bootstrap-ie6.min.css
ERR: 无法加载控制器:Public

[ 2017-07-10T11:29:12+08:00 ] ::1 /yjc/lby/Public/Admin/static/userlist/lenjoy/static/bootstrap/bsie/js/bootstrap-ie.min.js
ERR: 无法加载控制器:Public

[ 2017-07-10T11:29:12+08:00 ] ::1 /yjc/lby/Public/Admin/static/userlist/skin/WdatePicker.css
ERR: 无法加载控制器:Public

[ 2017-07-10T11:29:24+08:00 ] ::1 /yjc/lby/Public/Admin/static/userlist/lenjoy/static/bootstrap/bsie/js/bootstrap-ie.min.js
ERR: 无法加载控制器:Public

[ 2017-07-10T11:29:24+08:00 ] ::1 /yjc/lby/Public/Admin/static/userlist/lenjoy/static/bootstrap/bsie/css/bootstrap-ie6.min.css
ERR: 无法加载控制器:Public

[ 2017-07-10T11:29:24+08:00 ] ::1 /yjc/lby/Public/Admin/static/userlist/lenjoy/static/bootstrap/bsie/js/bootstrap-ie.min.js
ERR: 无法加载控制器:Public

[ 2017-07-10T11:29:24+08:00 ] ::1 /yjc/lby/Public/Admin/static/userlist/lenjoy/static/bootstrap/bsie/css/bootstrap-ie6.min.css
ERR: 无法加载控制器:Public

[ 2017-07-10T11:29:24+08:00 ] ::1 /yjc/lby/Public/Admin/static/userlist/skin/WdatePicker.css
ERR: 无法加载控制器:Public

[ 2017-07-10T11:41:00+08:00 ] ::1 /yjc/lby/Public/Admin/static/userlist/j/yjc/lby/Public/Admin/static/userlist/query_006.js
ERR: 无法加载控制器:Public

[ 2017-07-10T11:41:00+08:00 ] ::1 /yjc/lby/index.php/Product/WdatePicker.css
ERR: 非法操作:WdatePicker.css

[ 2017-07-10T11:41:00+08:00 ] ::1 /yjc/lby/Public/Admin/static/userlist/j/yjc/lby/Public/Admin/static/userlist/query_006.js
ERR: 无法加载控制器:Public

[ 2017-07-10T11:41:00+08:00 ] ::1 /yjc/lby/Public/Admin/static/userlist/skin/WdatePicker.css
ERR: 无法加载控制器:Public

[ 2017-07-10T11:41:00+08:00 ] ::1 /yjc/lby/index.php/Product/WdatePicker.css
ERR: 非法操作:WdatePicker.css

[ 2017-07-10T11:42:12+08:00 ] ::1 /yjc/lby/question/list.do
ERR: 无法加载控制器:Question

[ 2017-07-10T11:42:13+08:00 ] ::1 /yjc/lby/index.php/Info/style.css
ERR: 非法操作:style.css

[ 2017-07-10T11:42:14+08:00 ] ::1 /yjc/lby/index.php/Info/style.css
ERR: 非法操作:style.css

[ 2017-07-10T11:42:14+08:00 ] ::1 /yjc/lby/probleminformation/list.do
ERR: 无法加载控制器:Probleminformation

[ 2017-07-10T11:42:15+08:00 ] ::1 /yjc/lby/probleminformation/list.do
ERR: 无法加载控制器:Probleminformation

[ 2017-07-10T11:42:20+08:00 ] ::1 /yjc/lby/instructions/list
ERR: 无法加载控制器:Instructions

[ 2017-07-10T11:42:28+08:00 ] ::1 /yjc/lby/instructions/list
ERR: 无法加载控制器:Instructions

[ 2017-07-10T11:42:30+08:00 ] ::1 /yjc/lby/Public/Admin/static/userlist/j/yjc/lby/Public/Admin/static/userlist/query_006.js
ERR: 无法加载控制器:Public

[ 2017-07-10T11:42:30+08:00 ] ::1 /yjc/lby/index.php/Batch/WdatePicker.css
ERR: 非法操作:WdatePicker.css

[ 2017-07-10T11:42:30+08:00 ] ::1 /yjc/lby/Public/Admin/static/userlist/j/yjc/lby/Public/Admin/static/userlist/query_006.js
ERR: 无法加载控制器:Public

[ 2017-07-10T11:42:31+08:00 ] ::1 /yjc/lby/Public/Admin/static/userlist/skin/WdatePicker.css
ERR: 无法加载控制器:Public

[ 2017-07-10T11:42:31+08:00 ] ::1 /yjc/lby/index.php/Batch/WdatePicker.css
ERR: 非法操作:WdatePicker.css

[ 2017-07-10T11:42:34+08:00 ] ::1 /yjc/lby/index.php/Batch/WdatePicker.css
ERR: 非法操作:WdatePicker.css

[ 2017-07-10T11:42:34+08:00 ] ::1 /yjc/lby/Public/Admin/static/userlist/j/yjc/lby/Public/Admin/static/userlist/query_006.js
ERR: 无法加载控制器:Public

[ 2017-07-10T11:42:34+08:00 ] ::1 /yjc/lby/Public/Admin/static/userlist/j/yjc/lby/Public/Admin/static/userlist/query_006.js
ERR: 无法加载控制器:Public

[ 2017-07-10T11:42:34+08:00 ] ::1 /yjc/lby/Public/Admin/static/userlist/skin/WdatePicker.css
ERR: 无法加载控制器:Public

[ 2017-07-10T11:42:34+08:00 ] ::1 /yjc/lby/index.php/Batch/WdatePicker.css
ERR: 非法操作:WdatePicker.css

[ 2017-07-10T11:42:36+08:00 ] ::1 /yjc/lby/instructions/list
ERR: 无法加载控制器:Instructions

[ 2017-07-10T11:44:45+08:00 ] ::1 /yjc/lby/Public/Admin/static/userlist/lenjoy/static/bootstrap/bsie/css/bootstrap-ie6.min.css
ERR: 无法加载控制器:Public

[ 2017-07-10T11:44:45+08:00 ] ::1 /yjc/lby/Public/Admin/static/userlist/lenjoy/static/bootstrap/bsie/js/bootstrap-ie.min.js
ERR: 无法加载控制器:Public

[ 2017-07-10T11:44:46+08:00 ] ::1 /yjc/lby/Public/Admin/static/userlist/lenjoy/static/bootstrap/bsie/css/bootstrap-ie6.min.css
ERR: 无法加载控制器:Public

[ 2017-07-10T11:44:46+08:00 ] ::1 /yjc/lby/Public/Admin/static/userlist/lenjoy/static/bootstrap/bsie/js/bootstrap-ie.min.js
ERR: 无法加载控制器:Public

[ 2017-07-10T11:44:46+08:00 ] ::1 /yjc/lby/Public/Admin/static/userlist/skin/WdatePicker.css
ERR: 无法加载控制器:Public

[ 2017-07-10T11:48:30+08:00 ] ::1 /yjc/lby/Public/Admin/static/userlist/lenjoy/static/bootstrap/bsie/css/bootstrap-ie6.min.css
ERR: 无法加载控制器:Public

[ 2017-07-10T11:48:30+08:00 ] ::1 /yjc/lby/Public/Admin/static/userlist/lenjoy/static/bootstrap/bsie/js/bootstrap-ie.min.js
ERR: 无法加载控制器:Public

[ 2017-07-10T11:48:31+08:00 ] ::1 /yjc/lby/Public/Admin/static/userlist/lenjoy/static/bootstrap/bsie/css/bootstrap-ie6.min.css
ERR: 无法加载控制器:Public

[ 2017-07-10T11:48:31+08:00 ] ::1 /yjc/lby/Public/Admin/static/userlist/lenjoy/static/bootstrap/bsie/js/bootstrap-ie.min.js
ERR: 无法加载控制器:Public

[ 2017-07-10T11:48:31+08:00 ] ::1 /yjc/lby/Public/Admin/static/userlist/skin/WdatePicker.css
ERR: 无法加载控制器:Public

[ 2017-07-10T12:00:27+08:00 ] ::1 /yjc/lby/Public/Admin/static/userlist/lenjoy/static/bootstrap/bsie/js/bootstrap-ie.min.js
ERR: 无法加载控制器:Public

[ 2017-07-10T12:00:27+08:00 ] ::1 /yjc/lby/Public/Admin/static/userlist/lenjoy/static/bootstrap/bsie/css/bootstrap-ie6.min.css
ERR: 无法加载控制器:Public

[ 2017-07-10T12:00:27+08:00 ] ::1 /yjc/lby/Public/Admin/static/userlist/lenjoy/static/bootstrap/bsie/css/bootstrap-ie6.min.css
ERR: 无法加载控制器:Public

[ 2017-07-10T12:00:27+08:00 ] ::1 /yjc/lby/Public/Admin/static/userlist/lenjoy/static/bootstrap/bsie/js/bootstrap-ie.min.js
ERR: 无法加载控制器:Public

[ 2017-07-10T12:00:27+08:00 ] ::1 /yjc/lby/Public/Admin/static/userlist/skin/WdatePicker.css
ERR: 无法加载控制器:Public

[ 2017-07-10T12:00:57+08:00 ] ::1 /yjc/lby/Public/Admin/static/userlist/lenjoy/static/bootstrap/bsie/js/bootstrap-ie.min.js
ERR: 无法加载控制器:Public

[ 2017-07-10T12:00:57+08:00 ] ::1 /yjc/lby/Public/Admin/static/userlist/lenjoy/static/bootstrap/bsie/css/bootstrap-ie6.min.css
ERR: 无法加载控制器:Public

[ 2017-07-10T12:00:57+08:00 ] ::1 /yjc/lby/Public/Admin/static/userlist/lenjoy/static/bootstrap/bsie/js/bootstrap-ie.min.js
ERR: 无法加载控制器:Public

[ 2017-07-10T12:00:57+08:00 ] ::1 /yjc/lby/Public/Admin/static/userlist/lenjoy/static/bootstrap/bsie/css/bootstrap-ie6.min.css
ERR: 无法加载控制器:Public

[ 2017-07-10T12:00:57+08:00 ] ::1 /yjc/lby/Public/Admin/static/userlist/skin/WdatePicker.css
ERR: 无法加载控制器:Public

[ 2017-07-10T12:01:34+08:00 ] ::1 /yjc/lby/Public/Admin/static/userlist/lenjoy/static/bootstrap/bsie/css/bootstrap-ie6.min.css
ERR: 无法加载控制器:Public

[ 2017-07-10T12:01:34+08:00 ] ::1 /yjc/lby/Public/Admin/static/userlist/lenjoy/static/bootstrap/bsie/js/bootstrap-ie.min.js
ERR: 无法加载控制器:Public

[ 2017-07-10T12:01:34+08:00 ] ::1 /yjc/lby/Public/Admin/static/userlist/lenjoy/static/bootstrap/bsie/js/bootstrap-ie.min.js
ERR: 无法加载控制器:Public

[ 2017-07-10T12:01:34+08:00 ] ::1 /yjc/lby/Public/Admin/static/userlist/lenjoy/static/bootstrap/bsie/css/bootstrap-ie6.min.css
ERR: 无法加载控制器:Public

[ 2017-07-10T12:01:34+08:00 ] ::1 /yjc/lby/Public/Admin/static/userlist/skin/WdatePicker.css
ERR: 无法加载控制器:Public

[ 2017-07-10T12:02:33+08:00 ] ::1 /yjc/lby/Public/Admin/static/userlist/skin/WdatePicker.css
ERR: 无法加载控制器:Public

[ 2017-07-10T12:02:44+08:00 ] ::1 /yjc/lby/Public/Admin/static/userlist/skin/WdatePicker.css
ERR: 无法加载控制器:Public

[ 2017-07-10T12:04:26+08:00 ] ::1 /yjc/lby/Public/Admin/static/userlist/skin/WdatePicker.css
ERR: 无法加载控制器:Public

[ 2017-07-10T12:04:35+08:00 ] ::1 /yjc/lby/Public/Admin/static/userlist/skin/WdatePicker.css
ERR: 无法加载控制器:Public

[ 2017-07-10T12:04:51+08:00 ] ::1 /yjc/lby/Public/Admin/static/userlist/lenjoy/static/bootstrap/bsie/js/bootstrap-ie.min.js
ERR: 无法加载控制器:Public

[ 2017-07-10T12:04:51+08:00 ] ::1 /yjc/lby/Public/Admin/static/userlist/lenjoy/static/bootstrap/bsie/css/bootstrap-ie6.min.css
ERR: 无法加载控制器:Public

[ 2017-07-10T12:04:51+08:00 ] ::1 /yjc/lby/Public/Admin/static/userlist/lenjoy/static/bootstrap/bsie/css/bootstrap-ie6.min.css
ERR: 无法加载控制器:Public

[ 2017-07-10T12:04:51+08:00 ] ::1 /yjc/lby/Public/Admin/static/userlist/lenjoy/static/bootstrap/bsie/js/bootstrap-ie.min.js
ERR: 无法加载控制器:Public

[ 2017-07-10T12:04:51+08:00 ] ::1 /yjc/lby/Public/Admin/static/userlist/skin/WdatePicker.css
ERR: 无法加载控制器:Public

[ 2017-07-10T12:07:05+08:00 ] ::1 /yjc/lby/Public/Admin/static/userlist/lenjoy/static/bootstrap/bsie/js/bootstrap-ie.min.js
ERR: 无法加载控制器:Public

[ 2017-07-10T12:07:05+08:00 ] ::1 /yjc/lby/Public/Admin/static/userlist/lenjoy/static/bootstrap/bsie/css/bootstrap-ie6.min.css
ERR: 无法加载控制器:Public

[ 2017-07-10T12:07:05+08:00 ] ::1 /yjc/lby/Public/Admin/static/userlist/lenjoy/static/bootstrap/bsie/js/bootstrap-ie.min.js
ERR: 无法加载控制器:Public

[ 2017-07-10T12:07:05+08:00 ] ::1 /yjc/lby/Public/Admin/static/userlist/lenjoy/static/bootstrap/bsie/css/bootstrap-ie6.min.css
ERR: 无法加载控制器:Public

[ 2017-07-10T12:07:05+08:00 ] ::1 /yjc/lby/Public/Admin/static/userlist/skin/WdatePicker.css
ERR: 无法加载控制器:Public

[ 2017-07-10T12:07:22+08:00 ] ::1 /yjc/lby/Public/Admin/static/userlist/skin/WdatePicker.css
ERR: 无法加载控制器:Public

[ 2017-07-10T12:07:46+08:00 ] ::1 /yjc/lby/Public/Admin/static/userlist/lenjoy/static/bootstrap/bsie/css/bootstrap-ie6.min.css
ERR: 无法加载控制器:Public

[ 2017-07-10T12:07:46+08:00 ] ::1 /yjc/lby/Public/Admin/static/userlist/lenjoy/static/bootstrap/bsie/js/bootstrap-ie.min.js
ERR: 无法加载控制器:Public

[ 2017-07-10T12:07:46+08:00 ] ::1 /yjc/lby/Public/Admin/static/userlist/lenjoy/static/bootstrap/bsie/js/bootstrap-ie.min.js
ERR: 无法加载控制器:Public

[ 2017-07-10T12:07:46+08:00 ] ::1 /yjc/lby/Public/Admin/static/userlist/lenjoy/static/bootstrap/bsie/css/bootstrap-ie6.min.css
ERR: 无法加载控制器:Public

[ 2017-07-10T12:07:46+08:00 ] ::1 /yjc/lby/Public/Admin/static/userlist/skin/WdatePicker.css
ERR: 无法加载控制器:Public

[ 2017-07-10T12:08:27+08:00 ] ::1 /yjc/lby/instructions/list
ERR: 无法加载控制器:Instructions

[ 2017-07-10T12:08:43+08:00 ] ::1 /yjc/lby/Public/Admin/static/userlist/lenjoy/static/bootstrap/bsie/css/bootstrap-ie6.min.css
ERR: 无法加载控制器:Public

[ 2017-07-10T12:08:43+08:00 ] ::1 /yjc/lby/Public/Admin/static/userlist/lenjoy/static/bootstrap/bsie/js/bootstrap-ie.min.js
ERR: 无法加载控制器:Public

[ 2017-07-10T12:08:43+08:00 ] ::1 /yjc/lby/Public/Admin/static/userlist/lenjoy/static/bootstrap/bsie/css/bootstrap-ie6.min.css
ERR: 无法加载控制器:Public

[ 2017-07-10T12:08:43+08:00 ] ::1 /yjc/lby/Public/Admin/static/userlist/lenjoy/static/bootstrap/bsie/js/bootstrap-ie.min.js
ERR: 无法加载控制器:Public

[ 2017-07-10T12:08:43+08:00 ] ::1 /yjc/lby/Public/Admin/static/userlist/skin/WdatePicker.css
ERR: 无法加载控制器:Public

[ 2017-07-10T13:18:25+08:00 ] ::1 /yjc/lby/Public/Admin/static/userlist/lenjoy/static/bootstrap/bsie/js/bootstrap-ie.min.js
ERR: 无法加载控制器:Public

[ 2017-07-10T13:18:25+08:00 ] ::1 /yjc/lby/Public/Admin/static/userlist/lenjoy/static/bootstrap/bsie/css/bootstrap-ie6.min.css
ERR: 无法加载控制器:Public

[ 2017-07-10T13:18:25+08:00 ] ::1 /yjc/lby/Public/Admin/static/userlist/lenjoy/static/bootstrap/bsie/js/bootstrap-ie.min.js
ERR: 无法加载控制器:Public

[ 2017-07-10T13:18:25+08:00 ] ::1 /yjc/lby/Public/Admin/static/userlist/lenjoy/static/bootstrap/bsie/css/bootstrap-ie6.min.css
ERR: 无法加载控制器:Public

[ 2017-07-10T13:18:25+08:00 ] ::1 /yjc/lby/Public/Admin/static/userlist/skin/WdatePicker.css
ERR: 无法加载控制器:Public

[ 2017-07-10T13:30:38+08:00 ] ::1 /yjc/lby/Public/Admin/static/userlist/lenjoy/static/bootstrap/bsie/css/bootstrap-ie6.min.css
ERR: 无法加载控制器:Public

[ 2017-07-10T13:30:38+08:00 ] ::1 /yjc/lby/Public/Admin/static/userlist/lenjoy/static/bootstrap/bsie/js/bootstrap-ie.min.js
ERR: 无法加载控制器:Public

[ 2017-07-10T13:30:38+08:00 ] ::1 /yjc/lby/Public/Admin/static/userlist/lenjoy/static/bootstrap/bsie/css/bootstrap-ie6.min.css
ERR: 无法加载控制器:Public

[ 2017-07-10T13:30:38+08:00 ] ::1 /yjc/lby/Public/Admin/static/userlist/lenjoy/static/bootstrap/bsie/js/bootstrap-ie.min.js
ERR: 无法加载控制器:Public

[ 2017-07-10T13:30:38+08:00 ] ::1 /yjc/lby/Public/Admin/static/userlist/skin/WdatePicker.css
ERR: 无法加载控制器:Public

[ 2017-07-10T13:58:15+08:00 ] ::1 /yjc/lby/Public/Admin/static/userlist/j/yjc/lby/Public/Admin/static/userlist/query_006.js
ERR: 无法加载控制器:Public

[ 2017-07-10T13:58:15+08:00 ] ::1 /yjc/lby/Public/Admin/static/userlist/j/yjc/lby/Public/Admin/static/userlist/query_006.js
ERR: 无法加载控制器:Public

[ 2017-07-10T13:58:22+08:00 ] ::1 /yjc/lby/Public/Admin/static/userlist/j/yjc/lby/Public/Admin/static/userlist/query_006.js
ERR: 无法加载控制器:Public

[ 2017-07-10T13:58:22+08:00 ] ::1 /yjc/lby/Public/Admin/static/userlist/j/yjc/lby/Public/Admin/static/userlist/query_006.js
ERR: 无法加载控制器:Public

[ 2017-07-10T14:13:25+08:00 ] ::1 /yjc/lby/Public/Admin/static/userlist/j/yjc/lby/Public/Admin/static/userlist/query_006.js
ERR: 无法加载控制器:Public

[ 2017-07-10T14:13:25+08:00 ] ::1 /yjc/lby/Public/Admin/static/userlist/j/yjc/lby/Public/Admin/static/userlist/query_006.js
ERR: 无法加载控制器:Public

[ 2017-07-10T14:15:17+08:00 ] ::1 /yjc/lby/Public/Admin/static/userlist/j/yjc/lby/Public/Admin/static/userlist/query_006.js
ERR: 无法加载控制器:Public

[ 2017-07-10T14:15:17+08:00 ] ::1 /yjc/lby/Public/Admin/static/userlist/j/yjc/lby/Public/Admin/static/userlist/query_006.js
ERR: 无法加载控制器:Public

[ 2017-07-10T14:17:13+08:00 ] ::1 /yjc/lby/Public/Admin/static/userlist/j/yjc/lby/Public/Admin/static/userlist/query_006.js
ERR: 无法加载控制器:Public

[ 2017-07-10T14:17:13+08:00 ] ::1 /yjc/lby/Public/Admin/static/userlist/j/yjc/lby/Public/Admin/static/userlist/query_006.js
ERR: 无法加载控制器:Public

[ 2017-07-10T14:17:35+08:00 ] ::1 /yjc/lby/Public/Admin/static/userlist/j/yjc/lby/Public/Admin/static/userlist/query_006.js
ERR: 无法加载控制器:Public

[ 2017-07-10T14:17:35+08:00 ] ::1 /yjc/lby/Public/Admin/static/userlist/j/yjc/lby/Public/Admin/static/userlist/query_006.js
ERR: 无法加载控制器:Public

[ 2017-07-10T14:18:23+08:00 ] ::1 /yjc/lby/Public/Admin/static/userlist/j/yjc/lby/Public/Admin/static/userlist/query_006.js
ERR: 无法加载控制器:Public

[ 2017-07-10T14:18:23+08:00 ] ::1 /yjc/lby/Public/Admin/static/userlist/j/yjc/lby/Public/Admin/static/userlist/query_006.js
ERR: 无法加载控制器:Public

[ 2017-07-10T14:19:59+08:00 ] ::1 /yjc/lby/index.php/Login/undefined?1499667599178
ERR: 非法操作:undefined

[ 2017-07-10T14:20:08+08:00 ] ::1 /yjc/lby/index.php/Admin/Index/index1.html
ERR: 非法操作:index1

[ 2017-07-10T14:20:19+08:00 ] ::1 /yjc/lby/Public/Admin/static/userlist/j/yjc/lby/Public/Admin/static/userlist/query_006.js
ERR: 无法加载控制器:Public

[ 2017-07-10T14:20:19+08:00 ] ::1 /yjc/lby/Public/Admin/static/userlist/j/yjc/lby/Public/Admin/static/userlist/query_006.js
ERR: 无法加载控制器:Public

[ 2017-07-10T14:20:34+08:00 ] ::1 /yjc/lby/Public/Admin/static/userlist/j/yjc/lby/Public/Admin/static/userlist/query_006.js
ERR: 无法加载控制器:Public

[ 2017-07-10T14:20:34+08:00 ] ::1 /yjc/lby/Public/Admin/static/userlist/j/yjc/lby/Public/Admin/static/userlist/query_006.js
ERR: 无法加载控制器:Public

[ 2017-07-10T14:26:59+08:00 ] ::1 /yjc/lby/Public/Admin/static/userlist/lenjoy/static/bootstrap/bsie/js/bootstrap-ie.min.js
ERR: 无法加载控制器:Public

[ 2017-07-10T14:26:59+08:00 ] ::1 /yjc/lby/Public/Admin/static/userlist/lenjoy/static/bootstrap/bsie/css/bootstrap-ie6.min.css
ERR: 无法加载控制器:Public

[ 2017-07-10T14:26:59+08:00 ] ::1 /yjc/lby/Public/Admin/static/userlist/lenjoy/static/bootstrap/bsie/js/bootstrap-ie.min.js
ERR: 无法加载控制器:Public

[ 2017-07-10T14:26:59+08:00 ] ::1 /yjc/lby/Public/Admin/static/userlist/lenjoy/static/bootstrap/bsie/css/bootstrap-ie6.min.css
ERR: 无法加载控制器:Public

[ 2017-07-10T14:26:59+08:00 ] ::1 /yjc/lby/Public/Admin/static/userlist/skin/WdatePicker.css
ERR: 无法加载控制器:Public

[ 2017-07-10T14:27:11+08:00 ] ::1 /yjc/lby/Public/Admin/static/userlist/skin/WdatePicker.css
ERR: 无法加载控制器:Public

[ 2017-07-10T15:00:53+08:00 ] ::1 /yjc/lby/Public/Admin/static/userlist/skin/WdatePicker.css
ERR: 无法加载控制器:Public

[ 2017-07-10T15:01:04+08:00 ] ::1 /yjc/lby/Public/Admin/static/userlist/skin/WdatePicker.css
ERR: 无法加载控制器:Public

[ 2017-07-10T15:01:14+08:00 ] ::1 /yjc/lby/index.php/Login/undefined?1499670074349
ERR: 非法操作:undefined

[ 2017-07-10T15:01:25+08:00 ] ::1 /yjc/lby/index.php/Admin/Index/index1.html
ERR: 非法操作:index1

[ 2017-07-10T15:01:32+08:00 ] ::1 /yjc/lby/Public/Admin/static/userlist/skin/WdatePicker.css
ERR: 无法加载控制器:Public

[ 2017-07-10T15:02:12+08:00 ] ::1 /yjc/lby/Public/Admin/static/userlist/skin/WdatePicker.css
ERR: 无法加载控制器:Public

[ 2017-07-10T15:02:23+08:00 ] ::1 /yjc/lby/Public/Admin/static/userlist/skin/WdatePicker.css
ERR: 无法加载控制器:Public

[ 2017-07-10T15:02:32+08:00 ] ::1 /yjc/lby/Public/Admin/static/userlist/skin/WdatePicker.css
ERR: 无法加载控制器:Public

[ 2017-07-10T15:02:40+08:00 ] ::1 /yjc/lby/Public/Admin/static/userlist/skin/WdatePicker.css
ERR: 无法加载控制器:Public

[ 2017-07-10T15:02:55+08:00 ] ::1 /yjc/lby/Public/Admin/static/userlist/j/yjc/lby/Public/Admin/static/userlist/query_006.js
ERR: 无法加载控制器:Public

[ 2017-07-10T15:02:55+08:00 ] ::1 /yjc/lby/index.php/Batch/WdatePicker.css
ERR: 非法操作:WdatePicker.css

[ 2017-07-10T15:02:55+08:00 ] ::1 /yjc/lby/Public/Admin/static/userlist/j/yjc/lby/Public/Admin/static/userlist/query_006.js
ERR: 无法加载控制器:Public

[ 2017-07-10T15:02:55+08:00 ] ::1 /yjc/lby/Public/Admin/static/userlist/skin/WdatePicker.css
ERR: 无法加载控制器:Public

[ 2017-07-10T15:02:55+08:00 ] ::1 /yjc/lby/index.php/Batch/WdatePicker.css
ERR: 非法操作:WdatePicker.css

[ 2017-07-10T15:03:05+08:00 ] ::1 /yjc/lby/Public/Admin/static/userlist/skin/WdatePicker.css
ERR: 无法加载控制器:Public

[ 2017-07-10T15:05:36+08:00 ] ::1 /yjc/lby/Public/Admin/static/userlist/skin/WdatePicker.css
ERR: 无法加载控制器:Public

[ 2017-07-10T15:05:48+08:00 ] ::1 /yjc/lby/Public/Admin/static/userlist/skin/WdatePicker.css
ERR: 无法加载控制器:Public

[ 2017-07-10T15:06:06+08:00 ] ::1 /yjc/lby/index.php/Admin/Index/index1.html
ERR: 非法操作:index1

[ 2017-07-10T15:06:15+08:00 ] ::1 /yjc/lby/Public/Admin/static/userlist/j/yjc/lby/Public/Admin/static/userlist/query_006.js
ERR: 无法加载控制器:Public

[ 2017-07-10T15:06:15+08:00 ] ::1 /yjc/lby/Public/Admin/static/userlist/j/yjc/lby/Public/Admin/static/userlist/query_006.js
ERR: 无法加载控制器:Public

[ 2017-07-10T15:07:26+08:00 ] ::1 /yjc/lby/Public/Admin/static/userlist/j/yjc/lby/Public/Admin/static/userlist/query_006.js
ERR: 无法加载控制器:Public

[ 2017-07-10T15:07:26+08:00 ] ::1 /yjc/lby/Public/Admin/static/userlist/j/yjc/lby/Public/Admin/static/userlist/query_006.js
ERR: 无法加载控制器:Public

[ 2017-07-10T15:07:48+08:00 ] ::1 /yjc/lby/Public/Admin/static/userlist/j/yjc/lby/Public/Admin/static/userlist/query_006.js
ERR: 无法加载控制器:Public

[ 2017-07-10T15:07:48+08:00 ] ::1 /yjc/lby/index.php/Batch/WdatePicker.css
ERR: 非法操作:WdatePicker.css

[ 2017-07-10T15:07:48+08:00 ] ::1 /yjc/lby/Public/Admin/static/userlist/j/yjc/lby/Public/Admin/static/userlist/query_006.js
ERR: 无法加载控制器:Public

[ 2017-07-10T15:07:48+08:00 ] ::1 /yjc/lby/Public/Admin/static/userlist/j/yjc/lby/Public/Admin/static/userlist/query_006.js
ERR: 无法加载控制器:Public

[ 2017-07-10T15:07:48+08:00 ] ::1 /yjc/lby/index.php/Batch/WdatePicker.css
ERR: 非法操作:WdatePicker.css

[ 2017-07-10T15:07:48+08:00 ] ::1 /yjc/lby/Public/Admin/static/userlist/j/yjc/lby/Public/Admin/static/userlist/query_006.js
ERR: 无法加载控制器:Public

[ 2017-07-10T15:07:48+08:00 ] ::1 /yjc/lby/index.php/Batch/WdatePicker.css
ERR: 非法操作:WdatePicker.css

[ 2017-07-10T15:07:48+08:00 ] ::1 /yjc/lby/Public/Admin/static/userlist/j/yjc/lby/Public/Admin/static/userlist/query_006.js
ERR: 无法加载控制器:Public

[ 2017-07-10T15:07:48+08:00 ] ::1 /yjc/lby/Public/Admin/static/userlist/skin/WdatePicker.css
ERR: 无法加载控制器:Public

[ 2017-07-10T15:07:48+08:00 ] ::1 /yjc/lby/index.php/Batch/WdatePicker.css
ERR: 非法操作:WdatePicker.css

[ 2017-07-10T15:09:29+08:00 ] ::1 /yjc/lby/Public/Admin/static/userlist/j/yjc/lby/Public/Admin/static/userlist/query_006.js
ERR: 无法加载控制器:Public

[ 2017-07-10T15:09:29+08:00 ] ::1 /yjc/lby/index.php/Batch/WdatePicker.css
ERR: 非法操作:WdatePicker.css

[ 2017-07-10T15:09:29+08:00 ] ::1 /yjc/lby/Public/Admin/static/userlist/j/yjc/lby/Public/Admin/static/userlist/query_006.js
ERR: 无法加载控制器:Public

[ 2017-07-10T15:09:29+08:00 ] ::1 /yjc/lby/index.php/Batch/WdatePicker.css
ERR: 非法操作:WdatePicker.css

[ 2017-07-10T15:09:29+08:00 ] ::1 /yjc/lby/Public/Admin/static/userlist/skin/WdatePicker.css
ERR: 无法加载控制器:Public

[ 2017-07-10T15:09:52+08:00 ] ::1 /yjc/lby/Public/Admin/static/userlist/j/yjc/lby/Public/Admin/static/userlist/query_006.js
ERR: 无法加载控制器:Public

[ 2017-07-10T15:09:52+08:00 ] ::1 /yjc/lby/Public/Admin/static/userlist/j/yjc/lby/Public/Admin/static/userlist/query_006.js
ERR: 无法加载控制器:Public

[ 2017-07-10T15:30:36+08:00 ] ::1 /yjc/lby/Public/Admin/static/userlist/skin/WdatePicker.css
ERR: 无法加载控制器:Public

[ 2017-07-10T15:33:52+08:00 ] ::1 /yjc/lby/Public/Admin/static/userlist/j/yjc/lby/Public/Admin/static/userlist/query_006.js
ERR: 无法加载控制器:Public

[ 2017-07-10T15:33:52+08:00 ] ::1 /yjc/lby/Public/Admin/static/userlist/j/yjc/lby/Public/Admin/static/userlist/query_006.js
ERR: 无法加载控制器:Public

[ 2017-07-10T15:34:15+08:00 ] ::1 /yjc/lby/Public/Admin/static/userlist/j/yjc/lby/Public/Admin/static/userlist/query_006.js
ERR: 无法加载控制器:Public

[ 2017-07-10T15:34:15+08:00 ] ::1 /yjc/lby/index.php/Batch/WdatePicker.css
ERR: 非法操作:WdatePicker.css

[ 2017-07-10T15:34:15+08:00 ] ::1 /yjc/lby/Public/Admin/static/userlist/j/yjc/lby/Public/Admin/static/userlist/query_006.js
ERR: 无法加载控制器:Public

[ 2017-07-10T15:34:15+08:00 ] ::1 /yjc/lby/index.php/Batch/WdatePicker.css
ERR: 非法操作:WdatePicker.css

[ 2017-07-10T15:34:15+08:00 ] ::1 /yjc/lby/Public/Admin/static/userlist/skin/WdatePicker.css
ERR: 无法加载控制器:Public

[ 2017-07-10T15:36:33+08:00 ] ::1 /yjc/lby/Public/Admin/static/userlist/skin/WdatePicker.css
ERR: 无法加载控制器:Public

[ 2017-07-10T15:39:13+08:00 ] ::1 /yjc/lby/index.php/Index/instructions/list
ERR: 非法操作:instructions

[ 2017-07-10T15:40:00+08:00 ] ::1 /yjc/lby/Public/Admin/static/userlist/lenjoy/static/bootstrap/bsie/css/bootstrap-ie6.min.css
ERR: 无法加载控制器:Public

[ 2017-07-10T15:40:00+08:00 ] ::1 /yjc/lby/Public/Admin/static/userlist/lenjoy/static/bootstrap/bsie/js/bootstrap-ie.min.js
ERR: 无法加载控制器:Public

[ 2017-07-10T15:40:00+08:00 ] ::1 /yjc/lby/Public/Admin/static/userlist/lenjoy/static/bootstrap/bsie/css/bootstrap-ie6.min.css
ERR: 无法加载控制器:Public

[ 2017-07-10T15:40:00+08:00 ] ::1 /yjc/lby/Public/Admin/static/userlist/lenjoy/static/bootstrap/bsie/js/bootstrap-ie.min.js
ERR: 无法加载控制器:Public

[ 2017-07-10T15:40:00+08:00 ] ::1 /yjc/lby/Public/Admin/static/userlist/skin/WdatePicker.css
ERR: 无法加载控制器:Public

[ 2017-07-10T15:40:09+08:00 ] ::1 /yjc/lby/Public/Admin/static/userlist/lenjoy/static/bootstrap/bsie/js/bootstrap-ie.min.js
ERR: 无法加载控制器:Public

[ 2017-07-10T15:40:09+08:00 ] ::1 /yjc/lby/Public/Admin/static/userlist/lenjoy/static/bootstrap/bsie/css/bootstrap-ie6.min.css
ERR: 无法加载控制器:Public

[ 2017-07-10T15:40:09+08:00 ] ::1 /yjc/lby/Public/Admin/static/userlist/lenjoy/static/bootstrap/bsie/js/bootstrap-ie.min.js
ERR: 无法加载控制器:Public

[ 2017-07-10T15:40:09+08:00 ] ::1 /yjc/lby/Public/Admin/static/userlist/lenjoy/static/bootstrap/bsie/css/bootstrap-ie6.min.css
ERR: 无法加载控制器:Public

[ 2017-07-10T15:40:09+08:00 ] ::1 /yjc/lby/Public/Admin/static/userlist/skin/WdatePicker.css
ERR: 无法加载控制器:Public

[ 2017-07-10T15:42:50+08:00 ] ::1 /yjc/lby/Public/Admin/static/userlist/lenjoy/static/bootstrap/bsie/css/bootstrap-ie6.min.css
ERR: 无法加载控制器:Public

[ 2017-07-10T15:42:50+08:00 ] ::1 /yjc/lby/Public/Admin/static/userlist/lenjoy/static/bootstrap/bsie/js/bootstrap-ie.min.js
ERR: 无法加载控制器:Public

[ 2017-07-10T15:42:50+08:00 ] ::1 /yjc/lby/Public/Admin/static/userlist/lenjoy/static/bootstrap/bsie/css/bootstrap-ie6.min.css
ERR: 无法加载控制器:Public

[ 2017-07-10T15:42:50+08:00 ] ::1 /yjc/lby/Public/Admin/static/userlist/lenjoy/static/bootstrap/bsie/js/bootstrap-ie.min.js
ERR: 无法加载控制器:Public

[ 2017-07-10T15:42:50+08:00 ] ::1 /yjc/lby/Public/Admin/static/userlist/skin/WdatePicker.css
ERR: 无法加载控制器:Public

[ 2017-07-10T15:47:52+08:00 ] ::1 /yjc/lby/Public/Admin/static/userlist/j/yjc/lby/Public/Admin/static/userlist/query_006.js
ERR: 无法加载控制器:Public

[ 2017-07-10T15:47:52+08:00 ] ::1 /yjc/lby/index.php/Lnstru/WdatePicker.css
ERR: 非法操作:WdatePicker.css

[ 2017-07-10T15:47:52+08:00 ] ::1 /yjc/lby/Public/Admin/static/userlist/j/yjc/lby/Public/Admin/static/userlist/query_006.js
ERR: 无法加载控制器:Public

[ 2017-07-10T15:47:52+08:00 ] ::1 /yjc/lby/index.php/Lnstru/WdatePicker.css
ERR: 非法操作:WdatePicker.css

[ 2017-07-10T15:47:52+08:00 ] ::1 /yjc/lby/Public/Admin/static/userlist/skin/WdatePicker.css
ERR: 无法加载控制器:Public

[ 2017-07-10T15:47:55+08:00 ] ::1 /yjc/lby/Public/Admin/static/userlist/j/yjc/lby/Public/Admin/static/userlist/query_006.js
ERR: 无法加载控制器:Public

[ 2017-07-10T15:47:55+08:00 ] ::1 /yjc/lby/index.php/Batch/WdatePicker.css
ERR: 非法操作:WdatePicker.css

[ 2017-07-10T15:47:55+08:00 ] ::1 /yjc/lby/Public/Admin/static/userlist/j/yjc/lby/Public/Admin/static/userlist/query_006.js
ERR: 无法加载控制器:Public

[ 2017-07-10T15:47:55+08:00 ] ::1 /yjc/lby/Public/Admin/static/userlist/skin/WdatePicker.css
ERR: 无法加载控制器:Public

[ 2017-07-10T15:47:55+08:00 ] ::1 /yjc/lby/index.php/Batch/WdatePicker.css
ERR: 非法操作:WdatePicker.css

[ 2017-07-10T15:47:57+08:00 ] ::1 /yjc/lby/index.php/Index/instructions/list
ERR: 非法操作:instructions

[ 2017-07-10T15:47:58+08:00 ] ::1 /yjc/lby/Public/Admin/static/userlist/j/yjc/lby/Public/Admin/static/userlist/query_006.js
ERR: 无法加载控制器:Public

[ 2017-07-10T15:47:58+08:00 ] ::1 /yjc/lby/index.php/Lnstru/WdatePicker.css
ERR: 非法操作:WdatePicker.css

[ 2017-07-10T15:47:58+08:00 ] ::1 /yjc/lby/Public/Admin/static/userlist/j/yjc/lby/Public/Admin/static/userlist/query_006.js
ERR: 无法加载控制器:Public

[ 2017-07-10T15:47:58+08:00 ] ::1 /yjc/lby/index.php/Lnstru/WdatePicker.css
ERR: 非法操作:WdatePicker.css

[ 2017-07-10T15:47:58+08:00 ] ::1 /yjc/lby/Public/Admin/static/userlist/skin/WdatePicker.css
ERR: 无法加载控制器:Public

[ 2017-07-10T15:48:01+08:00 ] ::1 /yjc/lby/Public/Admin/static/userlist/j/yjc/lby/Public/Admin/static/userlist/query_006.js
ERR: 无法加载控制器:Public

[ 2017-07-10T15:48:01+08:00 ] ::1 /yjc/lby/index.php/Lnstru/WdatePicker.css
ERR: 非法操作:WdatePicker.css

[ 2017-07-10T15:48:01+08:00 ] ::1 /yjc/lby/Public/Admin/static/userlist/j/yjc/lby/Public/Admin/static/userlist/query_006.js
ERR: 无法加载控制器:Public

[ 2017-07-10T15:48:01+08:00 ] ::1 /yjc/lby/index.php/Lnstru/WdatePicker.css
ERR: 非法操作:WdatePicker.css

[ 2017-07-10T15:48:01+08:00 ] ::1 /yjc/lby/Public/Admin/static/userlist/skin/WdatePicker.css
ERR: 无法加载控制器:Public

[ 2017-07-10T15:56:29+08:00 ] ::1 /yjc/lby/Public/Admin/static/userlist/skin/WdatePicker.css
ERR: 无法加载控制器:Public

[ 2017-07-10T15:56:37+08:00 ] ::1 /yjc/lby/Public/Admin/static/userlist/skin/WdatePicker.css
ERR: 无法加载控制器:Public

[ 2017-07-10T15:56:45+08:00 ] ::1 /yjc/lby/Public/Admin/static/userlist/lenjoy/static/bootstrap/bsie/js/bootstrap-ie.min.js
ERR: 无法加载控制器:Public

[ 2017-07-10T15:56:45+08:00 ] ::1 /yjc/lby/Public/Admin/static/userlist/lenjoy/static/bootstrap/bsie/css/bootstrap-ie6.min.css
ERR: 无法加载控制器:Public

[ 2017-07-10T15:56:45+08:00 ] ::1 /yjc/lby/Public/Admin/static/userlist/lenjoy/static/bootstrap/bsie/js/bootstrap-ie.min.js
ERR: 无法加载控制器:Public

[ 2017-07-10T15:56:45+08:00 ] ::1 /yjc/lby/Public/Admin/static/userlist/lenjoy/static/bootstrap/bsie/css/bootstrap-ie6.min.css
ERR: 无法加载控制器:Public

[ 2017-07-10T15:56:45+08:00 ] ::1 /yjc/lby/Public/Admin/static/userlist/skin/WdatePicker.css
ERR: 无法加载控制器:Public

[ 2017-07-10T15:59:03+08:00 ] ::1 /yjc/lby/Public/Admin/static/userlist/skin/WdatePicker.css
ERR: 无法加载控制器:Public

[ 2017-07-10T15:59:08+08:00 ] ::1 /yjc/lby/Public/Admin/static/userlist/lenjoy/static/bootstrap/bsie/css/bootstrap-ie6.min.css
ERR: 无法加载控制器:Public

[ 2017-07-10T15:59:08+08:00 ] ::1 /yjc/lby/Public/Admin/static/userlist/lenjoy/static/bootstrap/bsie/js/bootstrap-ie.min.js
ERR: 无法加载控制器:Public

[ 2017-07-10T15:59:08+08:00 ] ::1 /yjc/lby/Public/Admin/static/userlist/lenjoy/static/bootstrap/bsie/css/bootstrap-ie6.min.css
ERR: 无法加载控制器:Public

[ 2017-07-10T15:59:08+08:00 ] ::1 /yjc/lby/Public/Admin/static/userlist/lenjoy/static/bootstrap/bsie/js/bootstrap-ie.min.js
ERR: 无法加载控制器:Public

[ 2017-07-10T15:59:08+08:00 ] ::1 /yjc/lby/Public/Admin/static/userlist/skin/WdatePicker.css
ERR: 无法加载控制器:Public

[ 2017-07-10T16:05:42+08:00 ] ::1 /yjc/lby/Public/Admin/static/userlist/lenjoy/static/bootstrap/bsie/css/bootstrap-ie6.min.css
ERR: 无法加载控制器:Public

[ 2017-07-10T16:05:42+08:00 ] ::1 /yjc/lby/Public/Admin/static/userlist/lenjoy/static/bootstrap/bsie/js/bootstrap-ie.min.js
ERR: 无法加载控制器:Public

[ 2017-07-10T16:05:43+08:00 ] ::1 /yjc/lby/Public/Admin/static/userlist/lenjoy/static/bootstrap/bsie/css/bootstrap-ie6.min.css
ERR: 无法加载控制器:Public

[ 2017-07-10T16:05:43+08:00 ] ::1 /yjc/lby/Public/Admin/static/userlist/lenjoy/static/bootstrap/bsie/js/bootstrap-ie.min.js
ERR: 无法加载控制器:Public

[ 2017-07-10T16:05:43+08:00 ] ::1 /yjc/lby/Public/Admin/static/userlist/skin/WdatePicker.css
ERR: 无法加载控制器:Public

[ 2017-07-10T16:05:52+08:00 ] ::1 /yjc/lby/Public/Admin/static/userlist/lenjoy/static/bootstrap/bsie/css/bootstrap-ie6.min.css
ERR: 无法加载控制器:Public

[ 2017-07-10T16:05:52+08:00 ] ::1 /yjc/lby/Public/Admin/static/userlist/lenjoy/static/bootstrap/bsie/js/bootstrap-ie.min.js
ERR: 无法加载控制器:Public

[ 2017-07-10T16:05:53+08:00 ] ::1 /yjc/lby/Public/Admin/static/userlist/lenjoy/static/bootstrap/bsie/css/bootstrap-ie6.min.css
ERR: 无法加载控制器:Public

[ 2017-07-10T16:05:53+08:00 ] ::1 /yjc/lby/Public/Admin/static/userlist/lenjoy/static/bootstrap/bsie/js/bootstrap-ie.min.js
ERR: 无法加载控制器:Public

[ 2017-07-10T16:05:53+08:00 ] ::1 /yjc/lby/Public/Admin/static/userlist/skin/WdatePicker.css
ERR: 无法加载控制器:Public

[ 2017-07-10T16:18:09+08:00 ] ::1 /yjc/lby/Public/Admin/static/userlist/j/yjc/lby/Public/Admin/static/userlist/query_006.js
ERR: 无法加载控制器:Public

[ 2017-07-10T16:18:09+08:00 ] ::1 /yjc/lby/index.php/Product/WdatePicker.css
ERR: 非法操作:WdatePicker.css

[ 2017-07-10T16:18:09+08:00 ] ::1 /yjc/lby/Public/Admin/static/userlist/j/yjc/lby/Public/Admin/static/userlist/query_006.js
ERR: 无法加载控制器:Public

[ 2017-07-10T16:18:09+08:00 ] ::1 /yjc/lby/Public/Admin/static/userlist/skin/WdatePicker.css
ERR: 无法加载控制器:Public

[ 2017-07-10T16:18:09+08:00 ] ::1 /yjc/lby/index.php/Product/WdatePicker.css
ERR: 非法操作:WdatePicker.css

[ 2017-07-10T16:53:44+08:00 ] ::1 /yjc/lby/Public/Admin/static/userlist/j/yjc/lby/Public/Admin/static/userlist/query_006.js
ERR: 无法加载控制器:Public

[ 2017-07-10T16:53:44+08:00 ] ::1 /yjc/lby/index.php/Product/WdatePicker.css
ERR: 非法操作:WdatePicker.css

[ 2017-07-10T16:53:44+08:00 ] ::1 /yjc/lby/Public/Admin/static/userlist/j/yjc/lby/Public/Admin/static/userlist/query_006.js
ERR: 无法加载控制器:Public

[ 2017-07-10T16:53:44+08:00 ] ::1 /yjc/lby/Public/Admin/static/userlist/skin/WdatePicker.css
ERR: 无法加载控制器:Public

[ 2017-07-10T16:53:44+08:00 ] ::1 /yjc/lby/index.php/Product/WdatePicker.css
ERR: 非法操作:WdatePicker.css

[ 2017-07-10T16:54:29+08:00 ] ::1 /yjc/lby/Public/Admin/static/userlist/j/yjc/lby/Public/Admin/static/userlist/query_006.js
ERR: 无法加载控制器:Public

[ 2017-07-10T16:54:29+08:00 ] ::1 /yjc/lby/index.php/Product/WdatePicker.css
ERR: 非法操作:WdatePicker.css

[ 2017-07-10T16:54:29+08:00 ] ::1 /yjc/lby/Public/Admin/static/userlist/j/yjc/lby/Public/Admin/static/userlist/query_006.js
ERR: 无法加载控制器:Public

[ 2017-07-10T16:54:29+08:00 ] ::1 /yjc/lby/index.php/Product/WdatePicker.css
ERR: 非法操作:WdatePicker.css

[ 2017-07-10T16:54:29+08:00 ] ::1 /yjc/lby/Public/Admin/static/userlist/skin/WdatePicker.css
ERR: 无法加载控制器:Public

[ 2017-07-10T17:10:33+08:00 ] ::1 /yjc/lby/Public/Admin/static/userlist/j/yjc/lby/Public/Admin/static/userlist/query_006.js
ERR: 无法加载控制器:Public

[ 2017-07-10T17:10:33+08:00 ] ::1 /yjc/lby/index.php/Product/WdatePicker.css
ERR: 非法操作:WdatePicker.css

[ 2017-07-10T17:10:33+08:00 ] ::1 /yjc/lby/Public/Admin/static/userlist/j/yjc/lby/Public/Admin/static/userlist/query_006.js
ERR: 无法加载控制器:Public

[ 2017-07-10T17:10:33+08:00 ] ::1 /yjc/lby/Public/Admin/static/userlist/skin/WdatePicker.css
ERR: 无法加载控制器:Public

[ 2017-07-10T17:10:33+08:00 ] ::1 /yjc/lby/index.php/Product/WdatePicker.css
ERR: 非法操作:WdatePicker.css

[ 2017-07-10T17:12:00+08:00 ] ::1 /yjc/lby/Public/Admin/static/userlist/j/yjc/lby/Public/Admin/static/userlist/query_006.js
ERR: 无法加载控制器:Public

[ 2017-07-10T17:12:00+08:00 ] ::1 /yjc/lby/index.php/Product/WdatePicker.css
ERR: 非法操作:WdatePicker.css

[ 2017-07-10T17:12:00+08:00 ] ::1 /yjc/lby/Public/Admin/static/userlist/j/yjc/lby/Public/Admin/static/userlist/query_006.js
ERR: 无法加载控制器:Public

[ 2017-07-10T17:12:00+08:00 ] ::1 /yjc/lby/Public/Admin/static/userlist/skin/WdatePicker.css
ERR: 无法加载控制器:Public

[ 2017-07-10T17:12:00+08:00 ] ::1 /yjc/lby/index.php/Product/WdatePicker.css
ERR: 非法操作:WdatePicker.css

[ 2017-07-10T17:33:23+08:00 ] ::1 /yjc/lby/index.php/Nva/WdatePicker.css
ERR: 非法操作:WdatePicker.css

[ 2017-07-10T17:33:23+08:00 ] ::1 /yjc/lby/index.php/Nva/jquery_003.js
ERR: 非法操作:jquery_003.js

[ 2017-07-10T17:33:23+08:00 ] ::1 /yjc/lby/Public/Admin/static/userlist/skin/WdatePicker.css
ERR: 无法加载控制器:Public

[ 2017-07-10T17:33:23+08:00 ] ::1 /yjc/lby/index.php/Nva/jquery_003.js
ERR: 非法操作:jquery_003.js

[ 2017-07-10T17:33:23+08:00 ] ::1 /yjc/lby/index.php/Nva/WdatePicker.css
ERR: 非法操作:WdatePicker.css

[ 2017-07-10T17:35:09+08:00 ] ::1 /yjc/lby/index.php/Index/instructions/list
ERR: 非法操作:instructions

[ 2017-07-10T17:35:12+08:00 ] ::1 /yjc/lby/Public/Admin/static/userlist/skin/WdatePicker.css
ERR: 无法加载控制器:Public

[ 2017-07-10T17:35:24+08:00 ] ::1 /yjc/lby/Public/Admin/static/userlist/lenjoy/static/bootstrap/bsie/js/bootstrap-ie.min.js
ERR: 无法加载控制器:Public

[ 2017-07-10T17:35:24+08:00 ] ::1 /yjc/lby/Public/Admin/static/userlist/lenjoy/static/bootstrap/bsie/css/bootstrap-ie6.min.css
ERR: 无法加载控制器:Public

[ 2017-07-10T17:35:24+08:00 ] ::1 /yjc/lby/Public/Admin/static/userlist/lenjoy/static/bootstrap/bsie/css/bootstrap-ie6.min.css
ERR: 无法加载控制器:Public

[ 2017-07-10T17:35:24+08:00 ] ::1 /yjc/lby/Public/Admin/static/userlist/lenjoy/static/bootstrap/bsie/js/bootstrap-ie.min.js
ERR: 无法加载控制器:Public

[ 2017-07-10T17:35:24+08:00 ] ::1 /yjc/lby/Public/Admin/static/userlist/skin/WdatePicker.css
ERR: 无法加载控制器:Public

[ 2017-07-10T17:35:48+08:00 ] ::1 /yjc/lby/Public/Admin/static/userlist/lenjoy/static/bootstrap/bsie/css/bootstrap-ie6.min.css
ERR: 无法加载控制器:Public

[ 2017-07-10T17:35:48+08:00 ] ::1 /yjc/lby/Public/Admin/static/userlist/lenjoy/static/bootstrap/bsie/js/bootstrap-ie.min.js
ERR: 无法加载控制器:Public

[ 2017-07-10T17:35:48+08:00 ] ::1 /yjc/lby/Public/Admin/static/userlist/lenjoy/static/bootstrap/bsie/css/bootstrap-ie6.min.css
ERR: 无法加载控制器:Public

[ 2017-07-10T17:35:48+08:00 ] ::1 /yjc/lby/Public/Admin/static/userlist/lenjoy/static/bootstrap/bsie/js/bootstrap-ie.min.js
ERR: 无法加载控制器:Public

[ 2017-07-10T17:35:48+08:00 ] ::1 /yjc/lby/Public/Admin/static/userlist/skin/WdatePicker.css
ERR: 无法加载控制器:Public

[ 2017-07-10T17:36:46+08:00 ] ::1 /yjc/lby/Public/Admin/static/userlist/skin/WdatePicker.css
ERR: 无法加载控制器:Public

[ 2017-07-10T17:37:48+08:00 ] ::1 /yjc/lby/Public/Admin/static/userlist/skin/WdatePicker.css
ERR: 无法加载控制器:Public

[ 2017-07-10T17:37:54+08:00 ] ::1 /yjc/lby/Public/Admin/static/userlist/skin/WdatePicker.css
ERR: 无法加载控制器:Public

[ 2017-07-10T17:38:47+08:00 ] ::1 /yjc/lby/Public/Admin/static/userlist/skin/WdatePicker.css
ERR: 无法加载控制器:Public

[ 2017-07-10T18:08:10+08:00 ] ::1 /yjc/lby/index.php/Batch/WdatePicker.css
ERR: 非法操作:WdatePicker.css

[ 2017-07-10T18:08:10+08:00 ] ::1 /yjc/lby/Public/Admin/static/userlist/j/yjc/lby/Public/Admin/static/userlist/query_006.js
ERR: 无法加载控制器:Public

[ 2017-07-10T18:08:10+08:00 ] ::1 /yjc/lby/Public/Admin/static/userlist/j/yjc/lby/Public/Admin/static/userlist/query_006.js
ERR: 无法加载控制器:Public

[ 2017-07-10T18:08:11+08:00 ] ::1 /yjc/lby/Public/Admin/static/userlist/skin/WdatePicker.css
ERR: 无法加载控制器:Public

[ 2017-07-10T18:08:11+08:00 ] ::1 /yjc/lby/index.php/Batch/WdatePicker.css
ERR: 非法操作:WdatePicker.css

[ 2017-07-10T18:08:11+08:00 ] ::1 /yjc/lby/index.php/Index/instructions/list
ERR: 非法操作:instructions

[ 2017-07-10T18:08:12+08:00 ] ::1 /yjc/lby/index.php/Batch/WdatePicker.css
ERR: 非法操作:WdatePicker.css

[ 2017-07-10T18:08:12+08:00 ] ::1 /yjc/lby/Public/Admin/static/userlist/j/yjc/lby/Public/Admin/static/userlist/query_006.js
ERR: 无法加载控制器:Public

[ 2017-07-10T18:08:12+08:00 ] ::1 /yjc/lby/Public/Admin/static/userlist/j/yjc/lby/Public/Admin/static/userlist/query_006.js
ERR: 无法加载控制器:Public

[ 2017-07-10T18:08:13+08:00 ] ::1 /yjc/lby/Public/Admin/static/userlist/skin/WdatePicker.css
ERR: 无法加载控制器:Public

[ 2017-07-10T18:08:13+08:00 ] ::1 /yjc/lby/index.php/Batch/WdatePicker.css
ERR: 非法操作:WdatePicker.css

[ 2017-07-10T18:08:22+08:00 ] ::1 /yjc/lby/Public/Admin/static/userlist/skin/WdatePicker.css
ERR: 无法加载控制器:Public

[ 2017-07-10T18:08:37+08:00 ] ::1 /yjc/lby/Public/Admin/static/userlist/skin/WdatePicker.css
ERR: 无法加载控制器:Public

[ 2017-07-10T18:08:43+08:00 ] ::1 /yjc/lby/Public/Admin/static/userlist/lenjoy/static/bootstrap/bsie/css/bootstrap-ie6.min.css
ERR: 无法加载控制器:Public

[ 2017-07-10T18:08:43+08:00 ] ::1 /yjc/lby/Public/Admin/static/userlist/lenjoy/static/bootstrap/bsie/js/bootstrap-ie.min.js
ERR: 无法加载控制器:Public

[ 2017-07-10T18:08:43+08:00 ] ::1 /yjc/lby/Public/Admin/static/userlist/lenjoy/static/bootstrap/bsie/css/bootstrap-ie6.min.css
ERR: 无法加载控制器:Public

[ 2017-07-10T18:08:43+08:00 ] ::1 /yjc/lby/Public/Admin/static/userlist/lenjoy/static/bootstrap/bsie/js/bootstrap-ie.min.js
ERR: 无法加载控制器:Public

[ 2017-07-10T18:08:43+08:00 ] ::1 /yjc/lby/Public/Admin/static/userlist/skin/WdatePicker.css
ERR: 无法加载控制器:Public

[ 2017-07-10T18:19:09+08:00 ] ::1 /yjc/lby/Public/Admin/static/userlist/skin/WdatePicker.css
ERR: 无法加载控制器:Public

[ 2017-07-10T19:38:18+08:00 ] ::1 /yjc/lby/index.php/Admin/Index/index1.html
ERR: 非法操作:index1

[ 2017-07-10T19:38:24+08:00 ] ::1 /yjc/lby/Public/Admin/static/userlist/skin/WdatePicker.css
ERR: 无法加载控制器:Public

[ 2017-07-10T19:39:32+08:00 ] ::1 /yjc/lby/Public/Admin/static/userlist/skin/WdatePicker.css
ERR: 无法加载控制器:Public

[ 2017-07-10T19:39:41+08:00 ] ::1 /yjc/lby/Public/Admin/static/userlist/skin/WdatePicker.css
ERR: 无法加载控制器:Public

[ 2017-07-10T19:39:47+08:00 ] ::1 /yjc/lby/Public/Admin/static/userlist/skin/WdatePicker.css
ERR: 无法加载控制器:Public

[ 2017-07-10T19:46:33+08:00 ] ::1 /yjc/lby/Public/Admin/static/userlist/skin/WdatePicker.css
ERR: 无法加载控制器:Public

