[ 2017-07-08T08:57:34+08:00 ] ::1 /yjc/lby/index.php/Admin/Index/index1.html
ERR: 非法操作:index1

[ 2017-07-08T08:57:52+08:00 ] ::1 /yjc/lby/Public/Admin/static/userlist/skin/WdatePicker.css
ERR: 无法加载控制器:Public

[ 2017-07-08T09:23:17+08:00 ] ::1 /yjc/lby/Public/Admin/static/userlist/skin/WdatePicker.css
ERR: 无法加载控制器:Public

[ 2017-07-08T09:38:41+08:00 ] ::1 /yjc/lby/index.php/Nva/jquery_003.js
ERR: 非法操作:jquery_003.js

[ 2017-07-08T09:38:41+08:00 ] ::1 /yjc/lby/index.php/Nva/WdatePicker.css
ERR: 非法操作:WdatePicker.css

[ 2017-07-08T09:38:41+08:00 ] ::1 /yjc/lby/index.php/Nva/jquery_003.js
ERR: 非法操作:jquery_003.js

[ 2017-07-08T09:38:41+08:00 ] ::1 /yjc/lby/Public/Admin/static/userlist/skin/WdatePicker.css
ERR: 无法加载控制器:Public

[ 2017-07-08T09:38:41+08:00 ] ::1 /yjc/lby/index.php/Nva/WdatePicker.css
ERR: 非法操作:WdatePicker.css

[ 2017-07-08T09:39:15+08:00 ] ::1 /yjc/lby/index.php/Lnstru/WdatePicker.css
ERR: 非法操作:WdatePicker.css

[ 2017-07-08T09:39:15+08:00 ] ::1 /yjc/lby/Public/Admin/static/userlist/j/yjc/lby/Public/Admin/static/userlist/query_006.js
ERR: 无法加载控制器:Public

[ 2017-07-08T09:39:15+08:00 ] ::1 /yjc/lby/Public/Admin/static/userlist/j/yjc/lby/Public/Admin/static/userlist/query_006.js
ERR: 无法加载控制器:Public

[ 2017-07-08T09:39:15+08:00 ] ::1 /yjc/lby/index.php/Lnstru/WdatePicker.css
ERR: 非法操作:WdatePicker.css

[ 2017-07-08T09:39:15+08:00 ] ::1 /yjc/lby/Public/Admin/static/userlist/skin/WdatePicker.css
ERR: 无法加载控制器:Public

[ 2017-07-08T09:39:16+08:00 ] ::1 /yjc/lby/index.php/Batch/WdatePicker.css
ERR: 非法操作:WdatePicker.css

[ 2017-07-08T09:39:16+08:00 ] ::1 /yjc/lby/Public/Admin/static/userlist/j/yjc/lby/Public/Admin/static/userlist/query_006.js
ERR: 无法加载控制器:Public

[ 2017-07-08T09:39:16+08:00 ] ::1 /yjc/lby/Public/Admin/static/userlist/j/yjc/lby/Public/Admin/static/userlist/query_006.js
ERR: 无法加载控制器:Public

[ 2017-07-08T09:39:16+08:00 ] ::1 /yjc/lby/index.php/Batch/WdatePicker.css
ERR: 非法操作:WdatePicker.css

[ 2017-07-08T09:39:16+08:00 ] ::1 /yjc/lby/Public/Admin/static/userlist/skin/WdatePicker.css
ERR: 无法加载控制器:Public

[ 2017-07-08T09:39:17+08:00 ] ::1 /yjc/lby/instructions/list
ERR: 无法加载控制器:Instructions

[ 2017-07-08T09:46:51+08:00 ] ::1 /yjc/lby/Public/Admin/static/userlist/skin/WdatePicker.css
ERR: 无法加载控制器:Public

[ 2017-07-08T09:47:58+08:00 ] ::1 /yjc/lby/Public/Admin/static/userlist/skin/WdatePicker.css
ERR: 无法加载控制器:Public

[ 2017-07-08T09:51:47+08:00 ] ::1 /yjc/lby/Public/Admin/static/userlist/skin/WdatePicker.css
ERR: 无法加载控制器:Public

[ 2017-07-08T09:52:17+08:00 ] ::1 /yjc/lby/Public/Admin/static/userlist/skin/WdatePicker.css
ERR: 无法加载控制器:Public

[ 2017-07-08T09:53:47+08:00 ] ::1 /yjc/lby/Public/Admin/static/userlist/skin/WdatePicker.css
ERR: 无法加载控制器:Public

[ 2017-07-08T09:54:19+08:00 ] ::1 /yjc/lby/Public/Admin/static/userlist/skin/WdatePicker.css
ERR: 无法加载控制器:Public

[ 2017-07-08T09:54:28+08:00 ] ::1 /yjc/lby/index.php/Batch/WdatePicker.css
ERR: 非法操作:WdatePicker.css

[ 2017-07-08T09:54:28+08:00 ] ::1 /yjc/lby/Public/Admin/static/userlist/j/yjc/lby/Public/Admin/static/userlist/query_006.js
ERR: 无法加载控制器:Public

[ 2017-07-08T09:54:28+08:00 ] ::1 /yjc/lby/Public/Admin/static/userlist/j/yjc/lby/Public/Admin/static/userlist/query_006.js
ERR: 无法加载控制器:Public

[ 2017-07-08T09:54:28+08:00 ] ::1 /yjc/lby/index.php/Batch/WdatePicker.css
ERR: 非法操作:WdatePicker.css

[ 2017-07-08T09:54:28+08:00 ] ::1 /yjc/lby/Public/Admin/static/userlist/skin/WdatePicker.css
ERR: 无法加载控制器:Public

[ 2017-07-08T09:54:33+08:00 ] ::1 /yjc/lby/Public/Admin/static/userlist/skin/WdatePicker.css
ERR: 无法加载控制器:Public

[ 2017-07-08T09:55:27+08:00 ] ::1 /yjc/lby/Public/Admin/static/userlist/skin/WdatePicker.css
ERR: 无法加载控制器:Public

[ 2017-07-08T10:00:25+08:00 ] ::1 /yjc/lby/Public/Admin/static/userlist/j/yjc/lby/Public/Admin/static/userlist/query_006.js
ERR: 无法加载控制器:Public

[ 2017-07-08T10:00:25+08:00 ] ::1 /yjc/lby/Public/Admin/static/userlist/j/yjc/lby/Public/Admin/static/userlist/query_006.js
ERR: 无法加载控制器:Public

[ 2017-07-08T10:00:50+08:00 ] ::1 /yjc/lby/Public/Admin/static/userlist/skin/WdatePicker.css
ERR: 无法加载控制器:Public

[ 2017-07-08T10:02:07+08:00 ] ::1 /yjc/lby/Public/Admin/static/userlist/skin/WdatePicker.css
ERR: 无法加载控制器:Public

[ 2017-07-08T10:03:18+08:00 ] ::1 /yjc/lby/Public/Admin/static/userlist/skin/WdatePicker.css
ERR: 无法加载控制器:Public

[ 2017-07-08T10:03:49+08:00 ] ::1 /yjc/lby/Public/Admin/static/userlist/skin/WdatePicker.css
ERR: 无法加载控制器:Public

[ 2017-07-08T10:50:52+08:00 ] ::1 /yjc/lby/Public/Admin/static/userlist/skin/WdatePicker.css
ERR: 无法加载控制器:Public

[ 2017-07-08T10:51:57+08:00 ] ::1 /yjc/lby/Public/Admin/static/userlist/skin/WdatePicker.css
ERR: 无法加载控制器:Public

[ 2017-07-08T10:54:13+08:00 ] ::1 /yjc/lby/Public/Admin/static/userlist/skin/WdatePicker.css
ERR: 无法加载控制器:Public

[ 2017-07-08T10:55:00+08:00 ] ::1 /yjc/lby/Public/Admin/static/userlist/skin/WdatePicker.css
ERR: 无法加载控制器:Public

[ 2017-07-08T10:56:16+08:00 ] ::1 /yjc/lby/Public/Admin/static/userlist/j/yjc/lby/Public/Admin/static/userlist/query_006.js
ERR: 无法加载控制器:Public

[ 2017-07-08T10:56:16+08:00 ] ::1 /yjc/lby/index.php/Background/WdatePicker.css
ERR: 非法操作:WdatePicker.css

[ 2017-07-08T10:56:17+08:00 ] ::1 /yjc/lby/Public/Admin/static/userlist/j/yjc/lby/Public/Admin/static/userlist/query_006.js
ERR: 无法加载控制器:Public

[ 2017-07-08T10:56:17+08:00 ] ::1 /yjc/lby/index.php/Background/WdatePicker.css
ERR: 非法操作:WdatePicker.css

[ 2017-07-08T10:56:17+08:00 ] ::1 /yjc/lby/Public/Admin/static/userlist/skin/WdatePicker.css
ERR: 无法加载控制器:Public

[ 2017-07-08T10:57:19+08:00 ] ::1 /yjc/lby/Public/Admin/static/userlist/j/yjc/lby/Public/Admin/static/userlist/query_006.js
ERR: 无法加载控制器:Public

[ 2017-07-08T10:57:19+08:00 ] ::1 /yjc/lby/index.php/Lnstru/WdatePicker.css
ERR: 非法操作:WdatePicker.css

[ 2017-07-08T10:57:19+08:00 ] ::1 /yjc/lby/Public/Admin/static/userlist/j/yjc/lby/Public/Admin/static/userlist/query_006.js
ERR: 无法加载控制器:Public

[ 2017-07-08T10:57:19+08:00 ] ::1 /yjc/lby/index.php/Lnstru/WdatePicker.css
ERR: 非法操作:WdatePicker.css

[ 2017-07-08T10:57:19+08:00 ] ::1 /yjc/lby/Public/Admin/static/userlist/skin/WdatePicker.css
ERR: 无法加载控制器:Public

[ 2017-07-08T10:57:25+08:00 ] ::1 /yjc/lby/Public/Admin/static/userlist/skin/WdatePicker.css
ERR: 无法加载控制器:Public

[ 2017-07-08T10:57:34+08:00 ] ::1 /yjc/lby/Public/Admin/static/userlist/skin/WdatePicker.css
ERR: 无法加载控制器:Public

[ 2017-07-08T11:03:14+08:00 ] ::1 /yjc/lby/Public/Admin/static/userlist/skin/WdatePicker.css
ERR: 无法加载控制器:Public

[ 2017-07-08T11:05:53+08:00 ] ::1 /yjc/lby/Public/Admin/static/userlist/skin/WdatePicker.css
ERR: 无法加载控制器:Public

[ 2017-07-08T11:17:18+08:00 ] ::1 /yjc/lby/Public/Admin/static/userlist/skin/WdatePicker.css
ERR: 无法加载控制器:Public

[ 2017-07-08T11:18:57+08:00 ] ::1 /yjc/lby/Public/Admin/static/userlist/skin/WdatePicker.css
ERR: 无法加载控制器:Public

[ 2017-07-08T11:20:22+08:00 ] ::1 /yjc/lby/Public/Admin/static/userlist/skin/WdatePicker.css
ERR: 无法加载控制器:Public

[ 2017-07-08T11:20:34+08:00 ] ::1 /yjc/lby/Public/Admin/static/userlist/skin/WdatePicker.css
ERR: 无法加载控制器:Public

[ 2017-07-08T11:20:44+08:00 ] ::1 /yjc/lby/Public/Admin/static/userlist/skin/WdatePicker.css
ERR: 无法加载控制器:Public

[ 2017-07-08T11:21:07+08:00 ] ::1 /yjc/lby/Public/Admin/static/userlist/skin/WdatePicker.css
ERR: 无法加载控制器:Public

[ 2017-07-08T11:31:11+08:00 ] ::1 /yjc/lby/index.php/Login/undefined?1499484670964
ERR: 非法操作:undefined

[ 2017-07-08T11:31:19+08:00 ] ::1 /yjc/lby/index.php/Admin/Index/index1.html
ERR: 非法操作:index1

[ 2017-07-08T11:31:27+08:00 ] ::1 /yjc/lby/Public/Admin/static/userlist/j/yjc/lby/Public/Admin/static/userlist/query_006.js
ERR: 无法加载控制器:Public

[ 2017-07-08T11:31:27+08:00 ] ::1 /yjc/lby/Public/Admin/static/userlist/j/yjc/lby/Public/Admin/static/userlist/query_006.js
ERR: 无法加载控制器:Public

[ 2017-07-08T11:33:35+08:00 ] ::1 /yjc/lby/Public/Admin/static/userlist/j/yjc/lby/Public/Admin/static/userlist/query_006.js
ERR: 无法加载控制器:Public

[ 2017-07-08T11:33:35+08:00 ] ::1 /yjc/lby/Public/Admin/static/userlist/j/yjc/lby/Public/Admin/static/userlist/query_006.js
ERR: 无法加载控制器:Public

[ 2017-07-08T11:41:48+08:00 ] ::1 /yjc/lby/Public/Admin/static/userlist/j/yjc/lby/Public/Admin/static/userlist/query_006.js
ERR: 无法加载控制器:Public

[ 2017-07-08T11:41:49+08:00 ] ::1 /yjc/lby/Public/Admin/static/userlist/j/yjc/lby/Public/Admin/static/userlist/query_006.js
ERR: 无法加载控制器:Public

[ 2017-07-08T11:42:38+08:00 ] ::1 /yjc/lby/Public/Admin/static/userlist/j/yjc/lby/Public/Admin/static/userlist/query_006.js
ERR: 无法加载控制器:Public

[ 2017-07-08T11:42:39+08:00 ] ::1 /yjc/lby/Public/Admin/static/userlist/j/yjc/lby/Public/Admin/static/userlist/query_006.js
ERR: 无法加载控制器:Public

[ 2017-07-08T11:44:43+08:00 ] ::1 /yjc/lby/Public/Admin/static/userlist/j/yjc/lby/Public/Admin/static/userlist/query_006.js
ERR: 无法加载控制器:Public

[ 2017-07-08T11:44:43+08:00 ] ::1 /yjc/lby/Public/Admin/static/userlist/j/yjc/lby/Public/Admin/static/userlist/query_006.js
ERR: 无法加载控制器:Public

[ 2017-07-08T11:44:48+08:00 ] ::1 /yjc/lby/Public/Admin/static/userlist/j/yjc/lby/Public/Admin/static/userlist/query_006.js
ERR: 无法加载控制器:Public

[ 2017-07-08T11:44:48+08:00 ] ::1 /yjc/lby/Public/Admin/static/userlist/j/yjc/lby/Public/Admin/static/userlist/query_006.js
ERR: 无法加载控制器:Public

[ 2017-07-08T11:45:02+08:00 ] ::1 /yjc/lby/index.php/Login/undefined?1499485502333
ERR: 非法操作:undefined

[ 2017-07-08T11:45:12+08:00 ] ::1 /yjc/lby/index.php/Admin/Index/index1.html
ERR: 非法操作:index1

[ 2017-07-08T11:46:25+08:00 ] ::1 /yjc/lby/Public/Admin/static/userlist/j/yjc/lby/Public/Admin/static/userlist/query_006.js
ERR: 无法加载控制器:Public

[ 2017-07-08T11:46:26+08:00 ] ::1 /yjc/lby/Public/Admin/static/userlist/j/yjc/lby/Public/Admin/static/userlist/query_006.js
ERR: 无法加载控制器:Public

[ 2017-07-08T11:46:42+08:00 ] ::1 /yjc/lby/Public/Admin/static/userlist/j/yjc/lby/Public/Admin/static/userlist/query_006.js
ERR: 无法加载控制器:Public

[ 2017-07-08T11:46:42+08:00 ] ::1 /yjc/lby/Public/Admin/static/userlist/j/yjc/lby/Public/Admin/static/userlist/query_006.js
ERR: 无法加载控制器:Public

[ 2017-07-08T11:49:19+08:00 ] ::1 /yjc/lby/Public/Admin/static/userlist/j/yjc/lby/Public/Admin/static/userlist/query_006.js
ERR: 无法加载控制器:Public

[ 2017-07-08T11:49:19+08:00 ] ::1 /yjc/lby/Public/Admin/static/userlist/j/yjc/lby/Public/Admin/static/userlist/query_006.js
ERR: 无法加载控制器:Public

[ 2017-07-08T11:49:36+08:00 ] ::1 /yjc/lby/Public/Admin/static/userlist/j/yjc/lby/Public/Admin/static/userlist/query_006.js
ERR: 无法加载控制器:Public

[ 2017-07-08T11:49:36+08:00 ] ::1 /yjc/lby/Public/Admin/static/userlist/j/yjc/lby/Public/Admin/static/userlist/query_006.js
ERR: 无法加载控制器:Public

[ 2017-07-08T11:53:00+08:00 ] ::1 /yjc/lby/Public/Admin/static/userlist/j/yjc/lby/Public/Admin/static/userlist/query_006.js
ERR: 无法加载控制器:Public

[ 2017-07-08T11:53:01+08:00 ] ::1 /yjc/lby/Public/Admin/static/userlist/j/yjc/lby/Public/Admin/static/userlist/query_006.js
ERR: 无法加载控制器:Public

[ 2017-07-08T11:53:22+08:00 ] ::1 /yjc/lby/Public/Admin/static/userlist/j/yjc/lby/Public/Admin/static/userlist/query_006.js
ERR: 无法加载控制器:Public

[ 2017-07-08T11:53:22+08:00 ] ::1 /yjc/lby/Public/Admin/static/userlist/j/yjc/lby/Public/Admin/static/userlist/query_006.js
ERR: 无法加载控制器:Public

[ 2017-07-08T12:00:29+08:00 ] ::1 /yjc/lby/Public/Admin/static/userlist/j/yjc/lby/Public/Admin/static/userlist/query_006.js
ERR: 无法加载控制器:Public

[ 2017-07-08T12:00:29+08:00 ] ::1 /yjc/lby/index.php/Batch/WdatePicker.css
ERR: 非法操作:WdatePicker.css

[ 2017-07-08T12:00:30+08:00 ] ::1 /yjc/lby/Public/Admin/static/userlist/j/yjc/lby/Public/Admin/static/userlist/query_006.js
ERR: 无法加载控制器:Public

[ 2017-07-08T12:00:30+08:00 ] ::1 /yjc/lby/index.php/Batch/WdatePicker.css
ERR: 非法操作:WdatePicker.css

[ 2017-07-08T12:00:30+08:00 ] ::1 /yjc/lby/Public/Admin/static/userlist/skin/WdatePicker.css
ERR: 无法加载控制器:Public

[ 2017-07-08T12:00:33+08:00 ] ::1 /yjc/lby/Public/Admin/static/userlist/skin/WdatePicker.css
ERR: 无法加载控制器:Public

[ 2017-07-08T12:00:46+08:00 ] ::1 /yjc/lby/Public/Admin/static/userlist/skin/WdatePicker.css
ERR: 无法加载控制器:Public

[ 2017-07-08T12:03:52+08:00 ] ::1 /yjc/lby/Public/Admin/static/userlist/skin/WdatePicker.css
ERR: 无法加载控制器:Public

[ 2017-07-08T12:04:09+08:00 ] ::1 /yjc/lby/Public/Admin/static/userlist/skin/WdatePicker.css
ERR: 无法加载控制器:Public

[ 2017-07-08T12:04:16+08:00 ] ::1 /yjc/lby/Public/Admin/static/userlist/skin/WdatePicker.css
ERR: 无法加载控制器:Public

[ 2017-07-08T12:04:24+08:00 ] ::1 /yjc/lby/Public/Admin/static/userlist/skin/WdatePicker.css
ERR: 无法加载控制器:Public

[ 2017-07-08T12:10:11+08:00 ] ::1 /yjc/lby/Public/Admin/static/userlist/skin/WdatePicker.css
ERR: 无法加载控制器:Public

[ 2017-07-08T12:10:16+08:00 ] ::1 /yjc/lby/Public/Admin/static/userlist/skin/WdatePicker.css
ERR: 无法加载控制器:Public

[ 2017-07-08T12:10:54+08:00 ] ::1 /yjc/lby/Public/Admin/static/userlist/skin/WdatePicker.css
ERR: 无法加载控制器:Public

[ 2017-07-08T12:12:03+08:00 ] ::1 /yjc/lby/Public/Admin/static/userlist/skin/WdatePicker.css
ERR: 无法加载控制器:Public

[ 2017-07-08T12:12:07+08:00 ] ::1 /yjc/lby/Public/Admin/static/userlist/skin/WdatePicker.css
ERR: 无法加载控制器:Public

[ 2017-07-08T12:12:15+08:00 ] ::1 /yjc/lby/Public/Admin/static/userlist/skin/WdatePicker.css
ERR: 无法加载控制器:Public

[ 2017-07-08T12:12:21+08:00 ] ::1 /yjc/lby/Public/Admin/static/userlist/skin/WdatePicker.css
ERR: 无法加载控制器:Public

[ 2017-07-08T12:12:29+08:00 ] ::1 /yjc/lby/Public/Admin/static/userlist/skin/WdatePicker.css
ERR: 无法加载控制器:Public

[ 2017-07-08T12:12:39+08:00 ] ::1 /yjc/lby/Public/Admin/static/userlist/skin/WdatePicker.css
ERR: 无法加载控制器:Public

[ 2017-07-08T13:54:59+08:00 ] ::1 /yjc/lby/index.php/Activated/activa_list.html?x_id=12
ERR: 1054:Unknown column 'loginname' in 'field list'
 [ SQL语句 ] : SELECT `audit_test`,`loginname`,`userid`,`model_name`,`brand_describe`,`brand_name`,`brand_id`,`audit_brand`,`audit_ids`,`audit_card_name`,`product_price`,`product_sku`,`audit_state`,`audit_come_time`,`product_life`,`product_type`,`busname`,`id`,`product_id`,`product_name`,`audit_id`,`audit_name`,`audit_time`,`audit_phone`,`audit_order`,`audit_serial_number`,`audit_decision`,`audit_model`,`audit_order_source` FROM `checking_audit` INNER JOIN hou_product on audit_product = product_id INNER JOIN sys_business on audit_shops_name = id INNER JOIN hou_brand on audit_brand = brand_id  WHERE ( audit_id='12' ) ORDER BY audit_time desc LIMIT 1  

[ 2017-07-08T13:56:51+08:00 ] ::1 /yjc/lby/Public/Admin/static/userlist/skin/WdatePicker.css
ERR: 无法加载控制器:Public

[ 2017-07-08T13:57:01+08:00 ] ::1 /yjc/lby/Public/Admin/static/userlist/skin/WdatePicker.css
ERR: 无法加载控制器:Public

[ 2017-07-08T14:02:22+08:00 ] ::1 /yjc/lby/Public/Admin/static/userlist/skin/WdatePicker.css
ERR: 无法加载控制器:Public

[ 2017-07-08T14:02:55+08:00 ] ::1 /yjc/lby/Public/Admin/static/userlist/skin/WdatePicker.css
ERR: 无法加载控制器:Public

[ 2017-07-08T14:04:39+08:00 ] ::1 /yjc/lby/index.php/Index/instructions/list
ERR: 非法操作:instructions

[ 2017-07-08T14:04:43+08:00 ] ::1 /yjc/lby/index.php/Batch/WdatePicker.css
ERR: 非法操作:WdatePicker.css

[ 2017-07-08T14:04:43+08:00 ] ::1 /yjc/lby/Public/Admin/static/userlist/j/yjc/lby/Public/Admin/static/userlist/query_006.js
ERR: 无法加载控制器:Public

[ 2017-07-08T14:04:43+08:00 ] ::1 /yjc/lby/Public/Admin/static/userlist/j/yjc/lby/Public/Admin/static/userlist/query_006.js
ERR: 无法加载控制器:Public

[ 2017-07-08T14:04:43+08:00 ] ::1 /yjc/lby/Public/Admin/static/userlist/skin/WdatePicker.css
ERR: 无法加载控制器:Public

[ 2017-07-08T14:04:43+08:00 ] ::1 /yjc/lby/index.php/Batch/WdatePicker.css
ERR: 非法操作:WdatePicker.css

[ 2017-07-08T14:04:43+08:00 ] ::1 /yjc/lby/index.php/Index/instructions/list
ERR: 非法操作:instructions

[ 2017-07-08T14:04:44+08:00 ] ::1 /yjc/lby/index.php/Lnstru/WdatePicker.css
ERR: 非法操作:WdatePicker.css

[ 2017-07-08T14:04:44+08:00 ] ::1 /yjc/lby/Public/Admin/static/userlist/j/yjc/lby/Public/Admin/static/userlist/query_006.js
ERR: 无法加载控制器:Public

[ 2017-07-08T14:04:44+08:00 ] ::1 /yjc/lby/Public/Admin/static/userlist/j/yjc/lby/Public/Admin/static/userlist/query_006.js
ERR: 无法加载控制器:Public

[ 2017-07-08T14:04:44+08:00 ] ::1 /yjc/lby/index.php/Lnstru/WdatePicker.css
ERR: 非法操作:WdatePicker.css

[ 2017-07-08T14:04:44+08:00 ] ::1 /yjc/lby/Public/Admin/static/userlist/skin/WdatePicker.css
ERR: 无法加载控制器:Public

[ 2017-07-08T14:04:46+08:00 ] ::1 /yjc/lby/index.php/Index/instructions/list
ERR: 非法操作:instructions

[ 2017-07-08T14:04:46+08:00 ] ::1 /yjc/lby/Public/Admin/static/userlist/j/yjc/lby/Public/Admin/static/userlist/query_006.js
ERR: 无法加载控制器:Public

[ 2017-07-08T14:04:46+08:00 ] ::1 /yjc/lby/index.php/Batch/WdatePicker.css
ERR: 非法操作:WdatePicker.css

[ 2017-07-08T14:04:47+08:00 ] ::1 /yjc/lby/Public/Admin/static/userlist/j/yjc/lby/Public/Admin/static/userlist/query_006.js
ERR: 无法加载控制器:Public

[ 2017-07-08T14:04:47+08:00 ] ::1 /yjc/lby/index.php/Batch/WdatePicker.css
ERR: 非法操作:WdatePicker.css

[ 2017-07-08T14:04:47+08:00 ] ::1 /yjc/lby/Public/Admin/static/userlist/skin/WdatePicker.css
ERR: 无法加载控制器:Public

[ 2017-07-08T14:05:05+08:00 ] ::1 /yjc/lby/Public/Admin/static/userlist/skin/WdatePicker.css
ERR: 无法加载控制器:Public

[ 2017-07-08T14:11:35+08:00 ] ::1 /yjc/lby/Public/Admin/static/userlist/skin/WdatePicker.css
ERR: 无法加载控制器:Public

[ 2017-07-08T14:27:00+08:00 ] ::1 /yjc/lby/Public/Admin/static/userlist/skin/WdatePicker.css
ERR: 无法加载控制器:Public

[ 2017-07-08T14:27:16+08:00 ] ::1 /yjc/lby/Public/Admin/static/userlist/skin/WdatePicker.css
ERR: 无法加载控制器:Public

[ 2017-07-08T14:27:36+08:00 ] ::1 /yjc/lby/Public/Admin/static/userlist/skin/WdatePicker.css
ERR: 无法加载控制器:Public

[ 2017-07-08T14:28:10+08:00 ] ::1 /yjc/lby/Public/Admin/static/userlist/j/yjc/lby/Public/Admin/static/userlist/query_006.js
ERR: 无法加载控制器:Public

[ 2017-07-08T14:28:10+08:00 ] ::1 /yjc/lby/index.php/Batch/WdatePicker.css
ERR: 非法操作:WdatePicker.css

[ 2017-07-08T14:28:10+08:00 ] ::1 /yjc/lby/Public/Admin/static/userlist/j/yjc/lby/Public/Admin/static/userlist/query_006.js
ERR: 无法加载控制器:Public

[ 2017-07-08T14:28:10+08:00 ] ::1 /yjc/lby/Public/Admin/static/userlist/skin/WdatePicker.css
ERR: 无法加载控制器:Public

[ 2017-07-08T14:28:10+08:00 ] ::1 /yjc/lby/index.php/Batch/WdatePicker.css
ERR: 非法操作:WdatePicker.css

[ 2017-07-08T14:28:14+08:00 ] ::1 /yjc/lby/Public/Admin/static/userlist/skin/WdatePicker.css
ERR: 无法加载控制器:Public

[ 2017-07-08T14:29:08+08:00 ] ::1 /yjc/lby/Public/Admin/static/userlist/skin/WdatePicker.css
ERR: 无法加载控制器:Public

[ 2017-07-08T14:29:11+08:00 ] ::1 /yjc/lby/Public/Admin/static/userlist/skin/WdatePicker.css
ERR: 无法加载控制器:Public

[ 2017-07-08T14:29:17+08:00 ] ::1 /yjc/lby/Public/Admin/static/userlist/skin/WdatePicker.css
ERR: 无法加载控制器:Public

[ 2017-07-08T14:29:21+08:00 ] ::1 /yjc/lby/Public/Admin/static/userlist/skin/WdatePicker.css
ERR: 无法加载控制器:Public

[ 2017-07-08T14:29:49+08:00 ] ::1 /yjc/lby/index.php/Login/undefined?1499495389768
ERR: 非法操作:undefined

[ 2017-07-08T14:29:57+08:00 ] ::1 /yjc/lby/index.php/Admin/Index/index1.html
ERR: 非法操作:index1

[ 2017-07-08T14:30:03+08:00 ] ::1 /yjc/lby/Public/Admin/static/userlist/skin/WdatePicker.css
ERR: 无法加载控制器:Public

[ 2017-07-08T14:30:51+08:00 ] ::1 /yjc/lby/Public/Admin/static/userlist/skin/WdatePicker.css
ERR: 无法加载控制器:Public

[ 2017-07-08T14:31:01+08:00 ] ::1 /yjc/lby/index.php/Login/undefined?1499495461532
ERR: 非法操作:undefined

[ 2017-07-08T14:31:15+08:00 ] ::1 /yjc/lby/index.php/Admin/Index/index1.html
ERR: 非法操作:index1

[ 2017-07-08T14:31:18+08:00 ] ::1 /yjc/lby/index.php/Index/instructions/list
ERR: 非法操作:instructions

[ 2017-07-08T14:31:20+08:00 ] ::1 /yjc/lby/Public/Admin/static/userlist/skin/WdatePicker.css
ERR: 无法加载控制器:Public

[ 2017-07-08T14:32:00+08:00 ] ::1 /yjc/lby/Public/Admin/static/userlist/skin/WdatePicker.css
ERR: 无法加载控制器:Public

[ 2017-07-08T14:34:02+08:00 ] ::1 /yjc/lby/Public/Admin/static/userlist/skin/WdatePicker.css
ERR: 无法加载控制器:Public

[ 2017-07-08T14:34:48+08:00 ] ::1 /yjc/lby/Public/Admin/static/userlist/skin/WdatePicker.css
ERR: 无法加载控制器:Public

[ 2017-07-08T14:53:44+08:00 ] ::1 /yjc/lby/Public/Admin/static/userlist/skin/WdatePicker.css
ERR: 无法加载控制器:Public

[ 2017-07-08T14:54:49+08:00 ] ::1 /yjc/lby/Public/Admin/static/userlist/j/yjc/lby/Public/Admin/static/userlist/query_006.js
ERR: 无法加载控制器:Public

[ 2017-07-08T14:54:49+08:00 ] ::1 /yjc/lby/Public/Admin/static/userlist/j/yjc/lby/Public/Admin/static/userlist/query_006.js
ERR: 无法加载控制器:Public

[ 2017-07-08T15:00:56+08:00 ] ::1 /yjc/lby/Public/Admin/static/userlist/j/yjc/lby/Public/Admin/static/userlist/query_006.js
ERR: 无法加载控制器:Public

[ 2017-07-08T15:00:56+08:00 ] ::1 /yjc/lby/Public/Admin/static/userlist/j/yjc/lby/Public/Admin/static/userlist/query_006.js
ERR: 无法加载控制器:Public

[ 2017-07-08T15:01:14+08:00 ] ::1 /yjc/lby/Public/Admin/static/userlist/j/yjc/lby/Public/Admin/static/userlist/query_006.js
ERR: 无法加载控制器:Public

[ 2017-07-08T15:01:14+08:00 ] ::1 /yjc/lby/Public/Admin/static/userlist/j/yjc/lby/Public/Admin/static/userlist/query_006.js
ERR: 无法加载控制器:Public

[ 2017-07-08T15:10:21+08:00 ] ::1 /yjc/lby/Public/Admin/static/userlist/j/yjc/lby/Public/Admin/static/userlist/query_006.js
ERR: 无法加载控制器:Public

[ 2017-07-08T15:10:21+08:00 ] ::1 /yjc/lby/Public/Admin/static/userlist/j/yjc/lby/Public/Admin/static/userlist/query_006.js
ERR: 无法加载控制器:Public

[ 2017-07-08T15:12:03+08:00 ] ::1 /yjc/lby/Public/Admin/static/userlist/j/yjc/lby/Public/Admin/static/userlist/query_006.js
ERR: 无法加载控制器:Public

[ 2017-07-08T15:12:03+08:00 ] ::1 /yjc/lby/Public/Admin/static/userlist/j/yjc/lby/Public/Admin/static/userlist/query_006.js
ERR: 无法加载控制器:Public

[ 2017-07-08T15:13:05+08:00 ] ::1 /yjc/lby/Public/Admin/static/userlist/j/yjc/lby/Public/Admin/static/userlist/query_006.js
ERR: 无法加载控制器:Public

[ 2017-07-08T15:13:05+08:00 ] ::1 /yjc/lby/Public/Admin/static/userlist/j/yjc/lby/Public/Admin/static/userlist/query_006.js
ERR: 无法加载控制器:Public

[ 2017-07-08T15:16:17+08:00 ] ::1 /yjc/lby/index.php/Activated/activa_list.html?x_id=18
ERR: 1052:Column 'id' in field list is ambiguous
 [ SQL语句 ] : SELECT `name`,`id`,`audit_test`,`check_name`,`check_user`,`model_name`,`brand_describe`,`brand_name`,`brand_id`,`audit_brand`,`audit_ids`,`audit_card_name`,`product_price`,`product_sku`,`audit_state`,`audit_come_time`,`product_life`,`product_type`,`busname`,`id`,`product_id`,`product_name`,`audit_id`,`audit_name`,`audit_time`,`audit_phone`,`audit_order`,`audit_serial_number`,`audit_decision`,`audit_model`,`audit_order_source` FROM `checking_audit` INNER JOIN hou_product on audit_product = product_id INNER JOIN sys_business on audit_shops_name = id INNER JOIN hou_brand on audit_brand = brand_id INNER JOIN sys_route on audit_tong = id  WHERE ( audit_id='18' ) ORDER BY audit_time desc LIMIT 1  

[ 2017-07-08T15:17:40+08:00 ] ::1 /yjc/lby/Public/Admin/static/userlist/skin/WdatePicker.css
ERR: 无法加载控制器:Public

[ 2017-07-08T15:18:25+08:00 ] ::1 /yjc/lby/Public/Admin/static/userlist/skin/WdatePicker.css
ERR: 无法加载控制器:Public

[ 2017-07-08T15:52:03+08:00 ] ::1 /yjc/lby/Public/Admin/static/userlist/skin/WdatePicker.css
ERR: 无法加载控制器:Public

[ 2017-07-08T16:02:25+08:00 ] ::1 /yjc/lby/index.php/Lnstru/WdatePicker.css
ERR: 非法操作:WdatePicker.css

[ 2017-07-08T16:02:25+08:00 ] ::1 /yjc/lby/Public/Admin/static/userlist/j/yjc/lby/Public/Admin/static/userlist/query_006.js
ERR: 无法加载控制器:Public

[ 2017-07-08T16:02:25+08:00 ] ::1 /yjc/lby/Public/Admin/static/userlist/j/yjc/lby/Public/Admin/static/userlist/query_006.js
ERR: 无法加载控制器:Public

[ 2017-07-08T16:02:25+08:00 ] ::1 /yjc/lby/Public/Admin/static/userlist/skin/WdatePicker.css
ERR: 无法加载控制器:Public

[ 2017-07-08T16:02:25+08:00 ] ::1 /yjc/lby/index.php/Lnstru/WdatePicker.css
ERR: 非法操作:WdatePicker.css

[ 2017-07-08T16:02:26+08:00 ] ::1 /yjc/lby/Public/Admin/static/userlist/j/yjc/lby/Public/Admin/static/userlist/query_006.js
ERR: 无法加载控制器:Public

[ 2017-07-08T16:02:26+08:00 ] ::1 /yjc/lby/index.php/Batch/WdatePicker.css
ERR: 非法操作:WdatePicker.css

[ 2017-07-08T16:02:26+08:00 ] ::1 /yjc/lby/Public/Admin/static/userlist/j/yjc/lby/Public/Admin/static/userlist/query_006.js
ERR: 无法加载控制器:Public

[ 2017-07-08T16:02:26+08:00 ] ::1 /yjc/lby/index.php/Batch/WdatePicker.css
ERR: 非法操作:WdatePicker.css

[ 2017-07-08T16:02:26+08:00 ] ::1 /yjc/lby/Public/Admin/static/userlist/skin/WdatePicker.css
ERR: 无法加载控制器:Public

[ 2017-07-08T16:15:01+08:00 ] ::1 /yjc/lby/index.php/Audit/order_inser.html
ERR: 1054:Unknown column 'id' in 'field list'
 [ SQL语句 ] : SELECT `id`,`name` FROM `sys_route` 

[ 2017-07-08T16:15:10+08:00 ] ::1 /yjc/lby/index.php/Audit/order_inser.html
ERR: 1054:Unknown column 'id' in 'field list'
 [ SQL语句 ] : SELECT `id`,`name` FROM `sys_route` 

[ 2017-07-08T16:15:55+08:00 ] ::1 /yjc/lby/Public/Admin/static/userlist/j/yjc/lby/Public/Admin/static/userlist/query_006.js
ERR: 无法加载控制器:Public

[ 2017-07-08T16:15:55+08:00 ] ::1 /yjc/lby/Public/Admin/static/userlist/j/yjc/lby/Public/Admin/static/userlist/query_006.js
ERR: 无法加载控制器:Public

[ 2017-07-08T16:20:13+08:00 ] ::1 /yjc/lby/Public/Admin/static/userlist/j/yjc/lby/Public/Admin/static/userlist/query_006.js
ERR: 无法加载控制器:Public

[ 2017-07-08T16:20:13+08:00 ] ::1 /yjc/lby/index.php/Batch/WdatePicker.css
ERR: 非法操作:WdatePicker.css

[ 2017-07-08T16:20:13+08:00 ] ::1 /yjc/lby/Public/Admin/static/userlist/j/yjc/lby/Public/Admin/static/userlist/query_006.js
ERR: 无法加载控制器:Public

[ 2017-07-08T16:20:13+08:00 ] ::1 /yjc/lby/Public/Admin/static/userlist/skin/WdatePicker.css
ERR: 无法加载控制器:Public

[ 2017-07-08T16:20:13+08:00 ] ::1 /yjc/lby/index.php/Batch/WdatePicker.css
ERR: 非法操作:WdatePicker.css

[ 2017-07-08T16:21:12+08:00 ] ::1 /yjc/lby/index.php/Batch/WdatePicker.css
ERR: 非法操作:WdatePicker.css

[ 2017-07-08T16:21:12+08:00 ] ::1 /yjc/lby/Public/Admin/static/userlist/j/yjc/lby/Public/Admin/static/userlist/query_006.js
ERR: 无法加载控制器:Public

[ 2017-07-08T16:21:12+08:00 ] ::1 /yjc/lby/Public/Admin/static/userlist/j/yjc/lby/Public/Admin/static/userlist/query_006.js
ERR: 无法加载控制器:Public

[ 2017-07-08T16:21:12+08:00 ] ::1 /yjc/lby/index.php/Batch/WdatePicker.css
ERR: 非法操作:WdatePicker.css

[ 2017-07-08T16:21:12+08:00 ] ::1 /yjc/lby/Public/Admin/static/userlist/skin/WdatePicker.css
ERR: 无法加载控制器:Public

[ 2017-07-08T16:26:35+08:00 ] ::1 /yjc/lby/index.php/Activated/activa_list.html?x_id=00000000018
ERR: 非法操作:activa_list

[ 2017-07-08T17:47:02+08:00 ] ::1 /yjc/lby/index.php/Lnstru/WdatePicker.css
ERR: 非法操作:WdatePicker.css

[ 2017-07-08T17:47:02+08:00 ] ::1 /yjc/lby/Public/Admin/static/userlist/j/yjc/lby/Public/Admin/static/userlist/query_006.js
ERR: 无法加载控制器:Public

[ 2017-07-08T17:47:02+08:00 ] ::1 /yjc/lby/Public/Admin/static/userlist/j/yjc/lby/Public/Admin/static/userlist/query_006.js
ERR: 无法加载控制器:Public

[ 2017-07-08T17:47:03+08:00 ] ::1 /yjc/lby/Public/Admin/static/userlist/skin/WdatePicker.css
ERR: 无法加载控制器:Public

[ 2017-07-08T17:47:03+08:00 ] ::1 /yjc/lby/index.php/Lnstru/WdatePicker.css
ERR: 非法操作:WdatePicker.css

[ 2017-07-08T17:47:04+08:00 ] ::1 /yjc/lby/index.php/Batch/WdatePicker.css
ERR: 非法操作:WdatePicker.css

[ 2017-07-08T17:47:04+08:00 ] ::1 /yjc/lby/Public/Admin/static/userlist/j/yjc/lby/Public/Admin/static/userlist/query_006.js
ERR: 无法加载控制器:Public

[ 2017-07-08T17:47:04+08:00 ] ::1 /yjc/lby/Public/Admin/static/userlist/j/yjc/lby/Public/Admin/static/userlist/query_006.js
ERR: 无法加载控制器:Public

[ 2017-07-08T17:47:04+08:00 ] ::1 /yjc/lby/index.php/Batch/WdatePicker.css
ERR: 非法操作:WdatePicker.css

[ 2017-07-08T17:47:04+08:00 ] ::1 /yjc/lby/Public/Admin/static/userlist/skin/WdatePicker.css
ERR: 无法加载控制器:Public

[ 2017-07-08T17:47:04+08:00 ] ::1 /yjc/lby/index.php/Index/instructions/list
ERR: 非法操作:instructions

[ 2017-07-08T17:49:24+08:00 ] ::1 /yjc/lby/Public/Admin/static/userlist/j/yjc/lby/Public/Admin/static/userlist/query_006.js
ERR: 无法加载控制器:Public

[ 2017-07-08T17:49:24+08:00 ] ::1 /yjc/lby/index.php/Batch/WdatePicker.css
ERR: 非法操作:WdatePicker.css

[ 2017-07-08T17:49:24+08:00 ] ::1 /yjc/lby/Public/Admin/static/userlist/j/yjc/lby/Public/Admin/static/userlist/query_006.js
ERR: 无法加载控制器:Public

[ 2017-07-08T17:49:24+08:00 ] ::1 /yjc/lby/index.php/Batch/WdatePicker.css
ERR: 非法操作:WdatePicker.css

[ 2017-07-08T17:49:24+08:00 ] ::1 /yjc/lby/Public/Admin/static/userlist/skin/WdatePicker.css
ERR: 无法加载控制器:Public

[ 2017-07-08T18:37:36+08:00 ] ::1 /yjc/lby/index.php/Index/instructions/list
ERR: 非法操作:instructions

[ 2017-07-08T18:37:37+08:00 ] ::1 /yjc/lby/index.php/Index/instructions/list
ERR: 非法操作:instructions

[ 2017-07-08T18:37:39+08:00 ] ::1 /yjc/lby/Public/Admin/static/userlist/j/yjc/lby/Public/Admin/static/userlist/query_006.js
ERR: 无法加载控制器:Public

[ 2017-07-08T18:37:39+08:00 ] ::1 /yjc/lby/index.php/Lnstru/WdatePicker.css
ERR: 非法操作:WdatePicker.css

[ 2017-07-08T18:37:39+08:00 ] ::1 /yjc/lby/Public/Admin/static/userlist/j/yjc/lby/Public/Admin/static/userlist/query_006.js
ERR: 无法加载控制器:Public

[ 2017-07-08T18:37:39+08:00 ] ::1 /yjc/lby/Public/Admin/static/userlist/skin/WdatePicker.css
ERR: 无法加载控制器:Public

[ 2017-07-08T18:37:39+08:00 ] ::1 /yjc/lby/index.php/Lnstru/WdatePicker.css
ERR: 非法操作:WdatePicker.css

[ 2017-07-08T18:37:39+08:00 ] ::1 /yjc/lby/Public/Admin/static/userlist/j/yjc/lby/Public/Admin/static/userlist/query_006.js
ERR: 无法加载控制器:Public

[ 2017-07-08T18:37:39+08:00 ] ::1 /yjc/lby/index.php/Batch/WdatePicker.css
ERR: 非法操作:WdatePicker.css

[ 2017-07-08T18:37:39+08:00 ] ::1 /yjc/lby/Public/Admin/static/userlist/j/yjc/lby/Public/Admin/static/userlist/query_006.js
ERR: 无法加载控制器:Public

[ 2017-07-08T18:37:39+08:00 ] ::1 /yjc/lby/index.php/Batch/WdatePicker.css
ERR: 非法操作:WdatePicker.css

[ 2017-07-08T18:37:39+08:00 ] ::1 /yjc/lby/Public/Admin/static/userlist/skin/WdatePicker.css
ERR: 无法加载控制器:Public

[ 2017-07-08T18:37:40+08:00 ] ::1 /yjc/lby/index.php/Index/instructions/list
ERR: 非法操作:instructions

[ 2017-07-08T18:37:42+08:00 ] ::1 /yjc/lby/index.php/Index/instructions/list
ERR: 非法操作:instructions

[ 2017-07-08T18:38:05+08:00 ] ::1 /yjc/lby/index.php/Admin/Index/index1.html
ERR: 非法操作:index1

