[ 2017-07-13T09:02:36+08:00 ] ::1 /yjc/lby/index.php/Admin/Index/index1.html
ERR: 非法操作:index1

[ 2017-07-13T09:02:51+08:00 ] ::1 /yjc/lby/Public/Admin/static/userlist/skin/WdatePicker.css
ERR: 无法加载控制器:Public

[ 2017-07-13T09:03:15+08:00 ] ::1 /yjc/lby/Public/Admin/static/userlist/lenjoy/static/bootstrap/bsie/css/bootstrap-ie6.min.css
ERR: 无法加载控制器:Public

[ 2017-07-13T09:03:15+08:00 ] ::1 /yjc/lby/Public/Admin/static/userlist/lenjoy/static/bootstrap/bsie/js/bootstrap-ie.min.js
ERR: 无法加载控制器:Public

[ 2017-07-13T09:03:15+08:00 ] ::1 /yjc/lby/Public/Admin/static/userlist/lenjoy/static/bootstrap/bsie/js/bootstrap-ie.min.js
ERR: 无法加载控制器:Public

[ 2017-07-13T09:03:15+08:00 ] ::1 /yjc/lby/Public/Admin/static/userlist/lenjoy/static/bootstrap/bsie/css/bootstrap-ie6.min.css
ERR: 无法加载控制器:Public

[ 2017-07-13T09:03:15+08:00 ] ::1 /yjc/lby/Public/Admin/static/userlist/skin/WdatePicker.css
ERR: 无法加载控制器:Public

[ 2017-07-13T09:03:22+08:00 ] ::1 /yjc/lby/Public/Admin/static/userlist/skin/WdatePicker.css
ERR: 无法加载控制器:Public

[ 2017-07-13T09:03:37+08:00 ] ::1 /yjc/lby/Public/Admin/static/userlist/skin/WdatePicker.css
ERR: 无法加载控制器:Public

[ 2017-07-13T09:28:18+08:00 ] ::1 /yjc/lby/Public/Admin/static/userlist/skin/WdatePicker.css
ERR: 无法加载控制器:Public

[ 2017-07-13T09:28:38+08:00 ] ::1 /yjc/lby/Public/Admin/static/userlist/skin/WdatePicker.css
ERR: 无法加载控制器:Public

[ 2017-07-13T10:20:58+08:00 ] ::1 /yjc/lby/Public/Admin/static/userlist/j/yjc/lby/Public/Admin/static/userlist/query_006.js
ERR: 无法加载控制器:Public

[ 2017-07-13T10:20:58+08:00 ] ::1 /yjc/lby/index.php/Lnstru/WdatePicker.css
ERR: 非法操作:WdatePicker.css

[ 2017-07-13T10:20:58+08:00 ] ::1 /yjc/lby/Public/Admin/static/userlist/j/yjc/lby/Public/Admin/static/userlist/query_006.js
ERR: 无法加载控制器:Public

[ 2017-07-13T10:20:58+08:00 ] ::1 /yjc/lby/index.php/Lnstru/WdatePicker.css
ERR: 非法操作:WdatePicker.css

[ 2017-07-13T10:20:58+08:00 ] ::1 /yjc/lby/Public/Admin/static/userlist/skin/WdatePicker.css
ERR: 无法加载控制器:Public

[ 2017-07-13T10:21:00+08:00 ] ::1 /yjc/lby/Public/Admin/static/userlist/j/yjc/lby/Public/Admin/static/userlist/query_006.js
ERR: 无法加载控制器:Public

[ 2017-07-13T10:21:00+08:00 ] ::1 /yjc/lby/index.php/Batch/WdatePicker.css
ERR: 非法操作:WdatePicker.css

[ 2017-07-13T10:21:00+08:00 ] ::1 /yjc/lby/Public/Admin/static/userlist/j/yjc/lby/Public/Admin/static/userlist/query_006.js
ERR: 无法加载控制器:Public

[ 2017-07-13T10:21:00+08:00 ] ::1 /yjc/lby/Public/Admin/static/userlist/skin/WdatePicker.css
ERR: 无法加载控制器:Public

[ 2017-07-13T10:21:00+08:00 ] ::1 /yjc/lby/index.php/Batch/WdatePicker.css
ERR: 非法操作:WdatePicker.css

[ 2017-07-13T10:21:00+08:00 ] ::1 /yjc/lby/Public/Admin/static/userlist/j/yjc/lby/Public/Admin/static/userlist/query_006.js
ERR: 无法加载控制器:Public

[ 2017-07-13T10:21:00+08:00 ] ::1 /yjc/lby/index.php/Lnstru/WdatePicker.css
ERR: 非法操作:WdatePicker.css

[ 2017-07-13T10:21:01+08:00 ] ::1 /yjc/lby/Public/Admin/static/userlist/j/yjc/lby/Public/Admin/static/userlist/query_006.js
ERR: 无法加载控制器:Public

[ 2017-07-13T10:21:01+08:00 ] ::1 /yjc/lby/index.php/Lnstru/WdatePicker.css
ERR: 非法操作:WdatePicker.css

[ 2017-07-13T10:21:01+08:00 ] ::1 /yjc/lby/Public/Admin/static/userlist/skin/WdatePicker.css
ERR: 无法加载控制器:Public

[ 2017-07-13T10:22:25+08:00 ] ::1 /yjc/lby/Public/Admin/static/userlist/skin/WdatePicker.css
ERR: 无法加载控制器:Public

[ 2017-07-13T10:22:31+08:00 ] ::1 /yjc/lby/Public/Admin/static/userlist/skin/WdatePicker.css
ERR: 无法加载控制器:Public

[ 2017-07-13T10:22:40+08:00 ] ::1 /yjc/lby/Public/Admin/static/userlist/j/yjc/lby/Public/Admin/static/userlist/query_006.js
ERR: 无法加载控制器:Public

[ 2017-07-13T10:22:40+08:00 ] ::1 /yjc/lby/Public/Admin/static/userlist/j/yjc/lby/Public/Admin/static/userlist/query_006.js
ERR: 无法加载控制器:Public

[ 2017-07-13T10:30:58+08:00 ] ::1 /yjc/lby/Public/Admin/static/userlist/j/yjc/lby/Public/Admin/static/userlist/query_006.js
ERR: 无法加载控制器:Public

[ 2017-07-13T10:30:58+08:00 ] ::1 /yjc/lby/index.php/Lnstru/WdatePicker.css
ERR: 非法操作:WdatePicker.css

[ 2017-07-13T10:30:58+08:00 ] ::1 /yjc/lby/Public/Admin/static/userlist/j/yjc/lby/Public/Admin/static/userlist/query_006.js
ERR: 无法加载控制器:Public

[ 2017-07-13T10:30:58+08:00 ] ::1 /yjc/lby/Public/Admin/static/userlist/skin/WdatePicker.css
ERR: 无法加载控制器:Public

[ 2017-07-13T10:30:58+08:00 ] ::1 /yjc/lby/index.php/Lnstru/WdatePicker.css
ERR: 非法操作:WdatePicker.css

[ 2017-07-13T10:47:07+08:00 ] ::1 /yjc/lby/Public/Admin/static/userlist/j/yjc/lby/Public/Admin/static/userlist/query_006.js
ERR: 无法加载控制器:Public

[ 2017-07-13T10:47:07+08:00 ] ::1 /yjc/lby/index.php/Batch/WdatePicker.css
ERR: 非法操作:WdatePicker.css

[ 2017-07-13T10:47:07+08:00 ] ::1 /yjc/lby/Public/Admin/static/userlist/j/yjc/lby/Public/Admin/static/userlist/query_006.js
ERR: 无法加载控制器:Public

[ 2017-07-13T10:47:07+08:00 ] ::1 /yjc/lby/Public/Admin/static/userlist/skin/WdatePicker.css
ERR: 无法加载控制器:Public

[ 2017-07-13T10:47:07+08:00 ] ::1 /yjc/lby/index.php/Batch/WdatePicker.css
ERR: 非法操作:WdatePicker.css

[ 2017-07-13T10:47:08+08:00 ] ::1 /yjc/lby/index.php/Lnstru/WdatePicker.css
ERR: 非法操作:WdatePicker.css

[ 2017-07-13T10:47:08+08:00 ] ::1 /yjc/lby/Public/Admin/static/userlist/j/yjc/lby/Public/Admin/static/userlist/query_006.js
ERR: 无法加载控制器:Public

[ 2017-07-13T10:47:08+08:00 ] ::1 /yjc/lby/Public/Admin/static/userlist/j/yjc/lby/Public/Admin/static/userlist/query_006.js
ERR: 无法加载控制器:Public

[ 2017-07-13T10:47:08+08:00 ] ::1 /yjc/lby/Public/Admin/static/userlist/skin/WdatePicker.css
ERR: 无法加载控制器:Public

[ 2017-07-13T10:47:08+08:00 ] ::1 /yjc/lby/index.php/Lnstru/WdatePicker.css
ERR: 非法操作:WdatePicker.css

[ 2017-07-13T10:56:34+08:00 ] ::1 /yjc/lby/Public/Admin/static/userlist/j/yjc/lby/Public/Admin/static/userlist/query_006.js
ERR: 无法加载控制器:Public

[ 2017-07-13T10:56:34+08:00 ] ::1 /yjc/lby/index.php/Batch/WdatePicker.css
ERR: 非法操作:WdatePicker.css

[ 2017-07-13T10:56:34+08:00 ] ::1 /yjc/lby/Public/Admin/static/userlist/j/yjc/lby/Public/Admin/static/userlist/query_006.js
ERR: 无法加载控制器:Public

[ 2017-07-13T10:56:34+08:00 ] ::1 /yjc/lby/index.php/Batch/WdatePicker.css
ERR: 非法操作:WdatePicker.css

[ 2017-07-13T10:56:34+08:00 ] ::1 /yjc/lby/Public/Admin/static/userlist/skin/WdatePicker.css
ERR: 无法加载控制器:Public

[ 2017-07-13T10:56:34+08:00 ] ::1 /yjc/lby/Public/Admin/static/userlist/j/yjc/lby/Public/Admin/static/userlist/query_006.js
ERR: 无法加载控制器:Public

[ 2017-07-13T10:56:34+08:00 ] ::1 /yjc/lby/index.php/Lnstru/WdatePicker.css
ERR: 非法操作:WdatePicker.css

[ 2017-07-13T10:56:35+08:00 ] ::1 /yjc/lby/Public/Admin/static/userlist/j/yjc/lby/Public/Admin/static/userlist/query_006.js
ERR: 无法加载控制器:Public

[ 2017-07-13T10:56:35+08:00 ] ::1 /yjc/lby/Public/Admin/static/userlist/skin/WdatePicker.css
ERR: 无法加载控制器:Public

[ 2017-07-13T10:56:35+08:00 ] ::1 /yjc/lby/index.php/Lnstru/WdatePicker.css
ERR: 非法操作:WdatePicker.css

[ 2017-07-13T10:56:40+08:00 ] ::1 /yjc/lby/Public/Admin/static/userlist/j/yjc/lby/Public/Admin/static/userlist/query_006.js
ERR: 无法加载控制器:Public

[ 2017-07-13T10:56:40+08:00 ] ::1 /yjc/lby/index.php/Market/WdatePicker.css
ERR: 非法操作:WdatePicker.css

[ 2017-07-13T10:56:40+08:00 ] ::1 /yjc/lby/Public/Admin/static/userlist/j/yjc/lby/Public/Admin/static/userlist/query_006.js
ERR: 无法加载控制器:Public

[ 2017-07-13T10:56:40+08:00 ] ::1 /yjc/lby/Public/Admin/static/userlist/skin/WdatePicker.css
ERR: 无法加载控制器:Public

[ 2017-07-13T10:56:40+08:00 ] ::1 /yjc/lby/index.php/Market/WdatePicker.css
ERR: 非法操作:WdatePicker.css

[ 2017-07-13T10:57:05+08:00 ] ::1 /yjc/lby/Public/Admin/static/userlist/j/yjc/lby/Public/Admin/static/userlist/query_006.js
ERR: 无法加载控制器:Public

[ 2017-07-13T10:57:05+08:00 ] ::1 /yjc/lby/Public/Admin/static/userlist/j/yjc/lby/Public/Admin/static/userlist/query_006.js
ERR: 无法加载控制器:Public

[ 2017-07-13T11:06:55+08:00 ] ::1 /yjc/lby/instructions/list
ERR: 无法加载控制器:Instructions

[ 2017-07-13T11:06:55+08:00 ] ::1 /yjc/lby/instructions/list
ERR: 无法加载控制器:Instructions

[ 2017-07-13T11:07:00+08:00 ] ::1 /yjc/lby/Public/Admin/static/userlist/j/yjc/lby/Public/Admin/static/userlist/query_006.js
ERR: 无法加载控制器:Public

[ 2017-07-13T11:07:00+08:00 ] ::1 /yjc/lby/index.php/Lnstru/WdatePicker.css
ERR: 非法操作:WdatePicker.css

[ 2017-07-13T11:07:00+08:00 ] ::1 /yjc/lby/Public/Admin/static/userlist/j/yjc/lby/Public/Admin/static/userlist/query_006.js
ERR: 无法加载控制器:Public

[ 2017-07-13T11:07:00+08:00 ] ::1 /yjc/lby/index.php/Lnstru/WdatePicker.css
ERR: 非法操作:WdatePicker.css

[ 2017-07-13T11:07:00+08:00 ] ::1 /yjc/lby/Public/Admin/static/userlist/skin/WdatePicker.css
ERR: 无法加载控制器:Public

[ 2017-07-13T11:07:01+08:00 ] ::1 /yjc/lby/index.php/Batch/WdatePicker.css
ERR: 非法操作:WdatePicker.css

[ 2017-07-13T11:07:01+08:00 ] ::1 /yjc/lby/Public/Admin/static/userlist/j/yjc/lby/Public/Admin/static/userlist/query_006.js
ERR: 无法加载控制器:Public

[ 2017-07-13T11:07:01+08:00 ] ::1 /yjc/lby/Public/Admin/static/userlist/j/yjc/lby/Public/Admin/static/userlist/query_006.js
ERR: 无法加载控制器:Public

[ 2017-07-13T11:07:01+08:00 ] ::1 /yjc/lby/Public/Admin/static/userlist/skin/WdatePicker.css
ERR: 无法加载控制器:Public

[ 2017-07-13T11:07:01+08:00 ] ::1 /yjc/lby/index.php/Batch/WdatePicker.css
ERR: 非法操作:WdatePicker.css

[ 2017-07-13T11:07:03+08:00 ] ::1 /yjc/lby/Public/Admin/static/userlist/j/yjc/lby/Public/Admin/static/userlist/query_006.js
ERR: 无法加载控制器:Public

[ 2017-07-13T11:07:03+08:00 ] ::1 /yjc/lby/index.php/Batch/WdatePicker.css
ERR: 非法操作:WdatePicker.css

[ 2017-07-13T11:07:03+08:00 ] ::1 /yjc/lby/Public/Admin/static/userlist/j/yjc/lby/Public/Admin/static/userlist/query_006.js
ERR: 无法加载控制器:Public

[ 2017-07-13T11:07:03+08:00 ] ::1 /yjc/lby/index.php/Batch/WdatePicker.css
ERR: 非法操作:WdatePicker.css

[ 2017-07-13T11:07:03+08:00 ] ::1 /yjc/lby/Public/Admin/static/userlist/skin/WdatePicker.css
ERR: 无法加载控制器:Public

[ 2017-07-13T11:07:04+08:00 ] ::1 /yjc/lby/instructions/list
ERR: 无法加载控制器:Instructions

[ 2017-07-13T11:07:08+08:00 ] ::1 /yjc/lby/Public/Admin/static/userlist/skin/WdatePicker.css
ERR: 无法加载控制器:Public

[ 2017-07-13T11:07:22+08:00 ] ::1 /yjc/lby/Public/Admin/static/userlist/j/yjc/lby/Public/Admin/static/userlist/query_006.js
ERR: 无法加载控制器:Public

[ 2017-07-13T11:07:22+08:00 ] ::1 /yjc/lby/Public/Admin/static/userlist/j/yjc/lby/Public/Admin/static/userlist/query_006.js
ERR: 无法加载控制器:Public

[ 2017-07-13T11:33:52+08:00 ] ::1 /yjc/lby/index.php/Lnstru/WdatePicker.css
ERR: 非法操作:WdatePicker.css

[ 2017-07-13T11:33:52+08:00 ] ::1 /yjc/lby/Public/Admin/static/userlist/j/yjc/lby/Public/Admin/static/userlist/query_006.js
ERR: 无法加载控制器:Public

[ 2017-07-13T11:33:52+08:00 ] ::1 /yjc/lby/Public/Admin/static/userlist/j/yjc/lby/Public/Admin/static/userlist/query_006.js
ERR: 无法加载控制器:Public

[ 2017-07-13T11:33:52+08:00 ] ::1 /yjc/lby/Public/Admin/static/userlist/skin/WdatePicker.css
ERR: 无法加载控制器:Public

[ 2017-07-13T11:33:52+08:00 ] ::1 /yjc/lby/index.php/Lnstru/WdatePicker.css
ERR: 非法操作:WdatePicker.css

[ 2017-07-13T11:34:27+08:00 ] ::1 /yjc/lby/index.php/Login/undefined?1499916867093
ERR: 非法操作:undefined

[ 2017-07-13T11:34:38+08:00 ] ::1 /yjc/lby/index.php/Admin/Index/index1.html
ERR: 非法操作:index1

[ 2017-07-13T11:34:42+08:00 ] ::1 /yjc/lby/index.php/merchant/access.html
ERR: 无法加载控制器:Merchant

[ 2017-07-13T11:34:42+08:00 ] ::1 /yjc/lby/index.php/Index/probleminformation/list.do
ERR: 非法操作:probleminformation

[ 2017-07-13T11:34:43+08:00 ] ::1 /yjc/lby/index.php/Index/probleminformation/list.do
ERR: 非法操作:probleminformation

[ 2017-07-13T11:34:43+08:00 ] ::1 /yjc/lby/index.php/Index/probleminformation/list.do
ERR: 非法操作:probleminformation

[ 2017-07-13T11:34:44+08:00 ] ::1 /yjc/lby/index.php/Index/probleminformation/list.do
ERR: 非法操作:probleminformation

[ 2017-07-13T11:36:15+08:00 ] ::1 /yjc/lby/Public/Admin/static/userlist/j/yjc/lby/Public/Admin/static/userlist/query_006.js
ERR: 无法加载控制器:Public

[ 2017-07-13T11:36:15+08:00 ] ::1 /yjc/lby/index.php/Lnstru/WdatePicker.css
ERR: 非法操作:WdatePicker.css

[ 2017-07-13T11:36:15+08:00 ] ::1 /yjc/lby/Public/Admin/static/userlist/j/yjc/lby/Public/Admin/static/userlist/query_006.js
ERR: 无法加载控制器:Public

[ 2017-07-13T11:36:15+08:00 ] ::1 /yjc/lby/index.php/Lnstru/WdatePicker.css
ERR: 非法操作:WdatePicker.css

[ 2017-07-13T11:36:15+08:00 ] ::1 /yjc/lby/Public/Admin/static/userlist/skin/WdatePicker.css
ERR: 无法加载控制器:Public

[ 2017-07-13T13:27:45+08:00 ] ::1 /yjc/lby/Public/Admin/static/userlist/j/yjc/lby/Public/Admin/static/userlist/query_006.js
ERR: 无法加载控制器:Public

[ 2017-07-13T13:27:45+08:00 ] ::1 /yjc/lby/index.php/Lnstru/WdatePicker.css
ERR: 非法操作:WdatePicker.css

[ 2017-07-13T13:27:45+08:00 ] ::1 /yjc/lby/Public/Admin/static/userlist/j/yjc/lby/Public/Admin/static/userlist/query_006.js
ERR: 无法加载控制器:Public

[ 2017-07-13T13:27:45+08:00 ] ::1 /yjc/lby/index.php/Lnstru/WdatePicker.css
ERR: 非法操作:WdatePicker.css

[ 2017-07-13T13:27:45+08:00 ] ::1 /yjc/lby/Public/Admin/static/userlist/skin/WdatePicker.css
ERR: 无法加载控制器:Public

[ 2017-07-13T13:27:46+08:00 ] ::1 /yjc/lby/Public/Admin/static/userlist/j/yjc/lby/Public/Admin/static/userlist/query_006.js
ERR: 无法加载控制器:Public

[ 2017-07-13T13:27:46+08:00 ] ::1 /yjc/lby/index.php/Batch/WdatePicker.css
ERR: 非法操作:WdatePicker.css

[ 2017-07-13T13:27:47+08:00 ] ::1 /yjc/lby/Public/Admin/static/userlist/j/yjc/lby/Public/Admin/static/userlist/query_006.js
ERR: 无法加载控制器:Public

[ 2017-07-13T13:27:47+08:00 ] ::1 /yjc/lby/index.php/Batch/WdatePicker.css
ERR: 非法操作:WdatePicker.css

[ 2017-07-13T13:27:47+08:00 ] ::1 /yjc/lby/Public/Admin/static/userlist/skin/WdatePicker.css
ERR: 无法加载控制器:Public

[ 2017-07-13T13:41:45+08:00 ] ::1 /yjc/lby/Public/Admin/static/userlist/j/yjc/lby/Public/Admin/static/userlist/query_006.js
ERR: 无法加载控制器:Public

[ 2017-07-13T13:41:45+08:00 ] ::1 /yjc/lby/Public/Admin/static/userlist/j/yjc/lby/Public/Admin/static/userlist/query_006.js
ERR: 无法加载控制器:Public

[ 2017-07-13T13:41:50+08:00 ] ::1 /yjc/lby/Public/Admin/static/userlist/j/yjc/lby/Public/Admin/static/userlist/query_006.js
ERR: 无法加载控制器:Public

[ 2017-07-13T13:41:50+08:00 ] ::1 /yjc/lby/Public/Admin/static/userlist/j/yjc/lby/Public/Admin/static/userlist/query_006.js
ERR: 无法加载控制器:Public

[ 2017-07-13T13:41:53+08:00 ] ::1 /yjc/lby/Public/Admin/static/userlist/j/yjc/lby/Public/Admin/static/userlist/query_006.js
ERR: 无法加载控制器:Public

[ 2017-07-13T13:41:53+08:00 ] ::1 /yjc/lby/Public/Admin/static/userlist/j/yjc/lby/Public/Admin/static/userlist/query_006.js
ERR: 无法加载控制器:Public

[ 2017-07-13T13:42:26+08:00 ] ::1 /yjc/lby/Public/Admin/static/userlist/j/yjc/lby/Public/Admin/static/userlist/query_006.js
ERR: 无法加载控制器:Public

[ 2017-07-13T13:42:26+08:00 ] ::1 /yjc/lby/index.php/Lnstru/WdatePicker.css
ERR: 非法操作:WdatePicker.css

[ 2017-07-13T13:42:26+08:00 ] ::1 /yjc/lby/Public/Admin/static/userlist/j/yjc/lby/Public/Admin/static/userlist/query_006.js
ERR: 无法加载控制器:Public

[ 2017-07-13T13:42:26+08:00 ] ::1 /yjc/lby/index.php/Lnstru/WdatePicker.css
ERR: 非法操作:WdatePicker.css

[ 2017-07-13T13:42:27+08:00 ] ::1 /yjc/lby/Public/Admin/static/userlist/skin/WdatePicker.css
ERR: 无法加载控制器:Public

[ 2017-07-13T13:44:54+08:00 ] ::1 /yjc/lby/index.php/Lnstru/WdatePicker.css
ERR: 非法操作:WdatePicker.css

[ 2017-07-13T13:44:54+08:00 ] ::1 /yjc/lby/Public/Admin/static/userlist/j/yjc/lby/Public/Admin/static/userlist/query_006.js
ERR: 无法加载控制器:Public

[ 2017-07-13T13:44:54+08:00 ] ::1 /yjc/lby/Public/Admin/static/userlist/j/yjc/lby/Public/Admin/static/userlist/query_006.js
ERR: 无法加载控制器:Public

[ 2017-07-13T13:44:54+08:00 ] ::1 /yjc/lby/index.php/Lnstru/WdatePicker.css
ERR: 非法操作:WdatePicker.css

[ 2017-07-13T13:44:54+08:00 ] ::1 /yjc/lby/Public/Admin/static/userlist/skin/WdatePicker.css
ERR: 无法加载控制器:Public

[ 2017-07-13T13:45:59+08:00 ] ::1 /yjc/lby/Public/Admin/static/userlist/j/yjc/lby/Public/Admin/static/userlist/query_006.js
ERR: 无法加载控制器:Public

[ 2017-07-13T13:45:59+08:00 ] ::1 /yjc/lby/index.php/Lnstru/WdatePicker.css
ERR: 非法操作:WdatePicker.css

[ 2017-07-13T13:45:59+08:00 ] ::1 /yjc/lby/Public/Admin/static/userlist/j/yjc/lby/Public/Admin/static/userlist/query_006.js
ERR: 无法加载控制器:Public

[ 2017-07-13T13:45:59+08:00 ] ::1 /yjc/lby/index.php/Lnstru/WdatePicker.css
ERR: 非法操作:WdatePicker.css

[ 2017-07-13T13:45:59+08:00 ] ::1 /yjc/lby/Public/Admin/static/userlist/skin/WdatePicker.css
ERR: 无法加载控制器:Public

[ 2017-07-13T13:46:09+08:00 ] ::1 /yjc/lby/Public/Admin/static/userlist/j/yjc/lby/Public/Admin/static/userlist/query_006.js
ERR: 无法加载控制器:Public

[ 2017-07-13T13:46:09+08:00 ] ::1 /yjc/lby/index.php/Background/WdatePicker.css
ERR: 非法操作:WdatePicker.css

[ 2017-07-13T13:46:09+08:00 ] ::1 /yjc/lby/Public/Admin/static/userlist/j/yjc/lby/Public/Admin/static/userlist/query_006.js
ERR: 无法加载控制器:Public

[ 2017-07-13T13:46:09+08:00 ] ::1 /yjc/lby/index.php/Background/WdatePicker.css
ERR: 非法操作:WdatePicker.css

[ 2017-07-13T13:46:09+08:00 ] ::1 /yjc/lby/Public/Admin/static/userlist/skin/WdatePicker.css
ERR: 无法加载控制器:Public

[ 2017-07-13T13:48:14+08:00 ] ::1 /yjc/lby/Public/Admin/static/userlist/j/yjc/lby/Public/Admin/static/userlist/query_006.js
ERR: 无法加载控制器:Public

[ 2017-07-13T13:48:14+08:00 ] ::1 /yjc/lby/index.php/Lnstru/WdatePicker.css
ERR: 非法操作:WdatePicker.css

[ 2017-07-13T13:48:14+08:00 ] ::1 /yjc/lby/Public/Admin/static/userlist/j/yjc/lby/Public/Admin/static/userlist/query_006.js
ERR: 无法加载控制器:Public

[ 2017-07-13T13:48:14+08:00 ] ::1 /yjc/lby/index.php/Lnstru/WdatePicker.css
ERR: 非法操作:WdatePicker.css

[ 2017-07-13T13:48:14+08:00 ] ::1 /yjc/lby/Public/Admin/static/userlist/skin/WdatePicker.css
ERR: 无法加载控制器:Public

[ 2017-07-13T13:48:19+08:00 ] ::1 /yjc/lby/index.php/Lnstru/WdatePicker.css
ERR: 非法操作:WdatePicker.css

[ 2017-07-13T13:48:19+08:00 ] ::1 /yjc/lby/Public/Admin/static/userlist/j/yjc/lby/Public/Admin/static/userlist/query_006.js
ERR: 无法加载控制器:Public

[ 2017-07-13T13:48:19+08:00 ] ::1 /yjc/lby/Public/Admin/static/userlist/j/yjc/lby/Public/Admin/static/userlist/query_006.js
ERR: 无法加载控制器:Public

[ 2017-07-13T13:48:19+08:00 ] ::1 /yjc/lby/index.php/Lnstru/WdatePicker.css
ERR: 非法操作:WdatePicker.css

[ 2017-07-13T13:48:19+08:00 ] ::1 /yjc/lby/Public/Admin/static/userlist/skin/WdatePicker.css
ERR: 无法加载控制器:Public

[ 2017-07-13T13:48:20+08:00 ] ::1 /yjc/lby/index.php/Index/instructions/list
ERR: 非法操作:instructions

[ 2017-07-13T13:48:25+08:00 ] ::1 /yjc/lby/Public/Admin/static/userlist/j/yjc/lby/Public/Admin/static/userlist/query_006.js
ERR: 无法加载控制器:Public

[ 2017-07-13T13:48:25+08:00 ] ::1 /yjc/lby/Public/Admin/static/userlist/j/yjc/lby/Public/Admin/static/userlist/query_006.js
ERR: 无法加载控制器:Public

[ 2017-07-13T13:49:27+08:00 ] ::1 /yjc/lby/Public/Admin/static/userlist/j/yjc/lby/Public/Admin/static/userlist/query_006.js
ERR: 无法加载控制器:Public

[ 2017-07-13T13:49:27+08:00 ] ::1 /yjc/lby/index.php/Lnstru/WdatePicker.css
ERR: 非法操作:WdatePicker.css

[ 2017-07-13T13:49:27+08:00 ] ::1 /yjc/lby/Public/Admin/static/userlist/j/yjc/lby/Public/Admin/static/userlist/query_006.js
ERR: 无法加载控制器:Public

[ 2017-07-13T13:49:27+08:00 ] ::1 /yjc/lby/Public/Admin/static/userlist/skin/WdatePicker.css
ERR: 无法加载控制器:Public

[ 2017-07-13T13:49:27+08:00 ] ::1 /yjc/lby/index.php/Lnstru/WdatePicker.css
ERR: 非法操作:WdatePicker.css

[ 2017-07-13T13:49:30+08:00 ] ::1 /yjc/lby/Public/Admin/static/userlist/skin/WdatePicker.css
ERR: 无法加载控制器:Public

[ 2017-07-13T13:49:44+08:00 ] ::1 /yjc/lby/Public/Admin/static/userlist/j/yjc/lby/Public/Admin/static/userlist/query_006.js
ERR: 无法加载控制器:Public

[ 2017-07-13T13:49:45+08:00 ] ::1 /yjc/lby/Public/Admin/static/userlist/j/yjc/lby/Public/Admin/static/userlist/query_006.js
ERR: 无法加载控制器:Public

[ 2017-07-13T13:49:54+08:00 ] ::1 /yjc/lby/Public/Admin/static/userlist/skin/WdatePicker.css
ERR: 无法加载控制器:Public

[ 2017-07-13T14:00:35+08:00 ] ::1 /yjc/lby/Public/Admin/static/userlist/j/yjc/lby/Public/Admin/static/userlist/query_006.js
ERR: 无法加载控制器:Public

[ 2017-07-13T14:00:35+08:00 ] ::1 /yjc/lby/index.php/Lnstru/WdatePicker.css
ERR: 非法操作:WdatePicker.css

[ 2017-07-13T14:00:35+08:00 ] ::1 /yjc/lby/Public/Admin/static/userlist/j/yjc/lby/Public/Admin/static/userlist/query_006.js
ERR: 无法加载控制器:Public

[ 2017-07-13T14:00:35+08:00 ] ::1 /yjc/lby/index.php/Lnstru/WdatePicker.css
ERR: 非法操作:WdatePicker.css

[ 2017-07-13T14:00:35+08:00 ] ::1 /yjc/lby/Public/Admin/static/userlist/skin/WdatePicker.css
ERR: 无法加载控制器:Public

[ 2017-07-13T14:03:53+08:00 ] ::1 /yjc/lby/Public/Admin/static/userlist/j/yjc/lby/Public/Admin/static/userlist/query_006.js
ERR: 无法加载控制器:Public

[ 2017-07-13T14:03:53+08:00 ] ::1 /yjc/lby/index.php/Background/WdatePicker.css
ERR: 非法操作:WdatePicker.css

[ 2017-07-13T14:03:53+08:00 ] ::1 /yjc/lby/Public/Admin/static/userlist/j/yjc/lby/Public/Admin/static/userlist/query_006.js
ERR: 无法加载控制器:Public

[ 2017-07-13T14:03:53+08:00 ] ::1 /yjc/lby/index.php/Background/WdatePicker.css
ERR: 非法操作:WdatePicker.css

[ 2017-07-13T14:03:53+08:00 ] ::1 /yjc/lby/Public/Admin/static/userlist/skin/WdatePicker.css
ERR: 无法加载控制器:Public

[ 2017-07-13T14:07:09+08:00 ] ::1 /yjc/lby/Public/Admin/static/userlist/j/yjc/lby/Public/Admin/static/userlist/query_006.js
ERR: 无法加载控制器:Public

[ 2017-07-13T14:07:09+08:00 ] ::1 /yjc/lby/index.php/Market/WdatePicker.css
ERR: 非法操作:WdatePicker.css

[ 2017-07-13T14:07:09+08:00 ] ::1 /yjc/lby/Public/Admin/static/userlist/j/yjc/lby/Public/Admin/static/userlist/query_006.js
ERR: 无法加载控制器:Public

[ 2017-07-13T14:07:09+08:00 ] ::1 /yjc/lby/index.php/Market/WdatePicker.css
ERR: 非法操作:WdatePicker.css

[ 2017-07-13T14:07:09+08:00 ] ::1 /yjc/lby/Public/Admin/static/userlist/skin/WdatePicker.css
ERR: 无法加载控制器:Public

[ 2017-07-13T14:22:56+08:00 ] ::1 /yjc/lby/Public/Admin/static/userlist/j/yjc/lby/Public/Admin/static/userlist/query_006.js
ERR: 无法加载控制器:Public

[ 2017-07-13T14:22:56+08:00 ] ::1 /yjc/lby/index.php/Lnstru/WdatePicker.css
ERR: 非法操作:WdatePicker.css

[ 2017-07-13T14:22:57+08:00 ] ::1 /yjc/lby/Public/Admin/static/userlist/j/yjc/lby/Public/Admin/static/userlist/query_006.js
ERR: 无法加载控制器:Public

[ 2017-07-13T14:22:57+08:00 ] ::1 /yjc/lby/Public/Admin/static/userlist/skin/WdatePicker.css
ERR: 无法加载控制器:Public

[ 2017-07-13T14:22:57+08:00 ] ::1 /yjc/lby/index.php/Lnstru/WdatePicker.css
ERR: 非法操作:WdatePicker.css

[ 2017-07-13T14:22:58+08:00 ] ::1 /yjc/lby/index.php/Index/instructions/list
ERR: 非法操作:instructions

[ 2017-07-13T14:22:58+08:00 ] ::1 /yjc/lby/Public/Admin/static/userlist/j/yjc/lby/Public/Admin/static/userlist/query_006.js
ERR: 无法加载控制器:Public

[ 2017-07-13T14:22:58+08:00 ] ::1 /yjc/lby/index.php/Batch/WdatePicker.css
ERR: 非法操作:WdatePicker.css

[ 2017-07-13T14:22:58+08:00 ] ::1 /yjc/lby/Public/Admin/static/userlist/j/yjc/lby/Public/Admin/static/userlist/query_006.js
ERR: 无法加载控制器:Public

[ 2017-07-13T14:22:58+08:00 ] ::1 /yjc/lby/index.php/Batch/WdatePicker.css
ERR: 非法操作:WdatePicker.css

[ 2017-07-13T14:22:58+08:00 ] ::1 /yjc/lby/Public/Admin/static/userlist/skin/WdatePicker.css
ERR: 无法加载控制器:Public

[ 2017-07-13T14:23:11+08:00 ] ::1 /yjc/lby/Public/Admin/static/userlist/j/yjc/lby/Public/Admin/static/userlist/query_006.js
ERR: 无法加载控制器:Public

[ 2017-07-13T14:23:11+08:00 ] ::1 /yjc/lby/index.php/Lnstru/WdatePicker.css
ERR: 非法操作:WdatePicker.css

[ 2017-07-13T14:23:11+08:00 ] ::1 /yjc/lby/Public/Admin/static/userlist/j/yjc/lby/Public/Admin/static/userlist/query_006.js
ERR: 无法加载控制器:Public

[ 2017-07-13T14:23:11+08:00 ] ::1 /yjc/lby/index.php/Lnstru/WdatePicker.css
ERR: 非法操作:WdatePicker.css

[ 2017-07-13T14:23:11+08:00 ] ::1 /yjc/lby/Public/Admin/static/userlist/skin/WdatePicker.css
ERR: 无法加载控制器:Public

[ 2017-07-13T14:23:12+08:00 ] ::1 /yjc/lby/Public/Admin/static/userlist/j/yjc/lby/Public/Admin/static/userlist/query_006.js
ERR: 无法加载控制器:Public

[ 2017-07-13T14:23:12+08:00 ] ::1 /yjc/lby/index.php/Batch/WdatePicker.css
ERR: 非法操作:WdatePicker.css

[ 2017-07-13T14:23:12+08:00 ] ::1 /yjc/lby/Public/Admin/static/userlist/j/yjc/lby/Public/Admin/static/userlist/query_006.js
ERR: 无法加载控制器:Public

[ 2017-07-13T14:23:12+08:00 ] ::1 /yjc/lby/index.php/Batch/WdatePicker.css
ERR: 非法操作:WdatePicker.css

[ 2017-07-13T14:23:12+08:00 ] ::1 /yjc/lby/Public/Admin/static/userlist/skin/WdatePicker.css
ERR: 无法加载控制器:Public

[ 2017-07-13T14:23:13+08:00 ] ::1 /yjc/lby/index.php/Index/instructions/list
ERR: 非法操作:instructions

[ 2017-07-13T14:23:13+08:00 ] ::1 /yjc/lby/Public/Admin/static/userlist/j/yjc/lby/Public/Admin/static/userlist/query_006.js
ERR: 无法加载控制器:Public

[ 2017-07-13T14:23:13+08:00 ] ::1 /yjc/lby/index.php/Batch/WdatePicker.css
ERR: 非法操作:WdatePicker.css

[ 2017-07-13T14:23:14+08:00 ] ::1 /yjc/lby/Public/Admin/static/userlist/j/yjc/lby/Public/Admin/static/userlist/query_006.js
ERR: 无法加载控制器:Public

[ 2017-07-13T14:23:14+08:00 ] ::1 /yjc/lby/index.php/Batch/WdatePicker.css
ERR: 非法操作:WdatePicker.css

[ 2017-07-13T14:23:14+08:00 ] ::1 /yjc/lby/Public/Admin/static/userlist/skin/WdatePicker.css
ERR: 无法加载控制器:Public

[ 2017-07-13T14:23:20+08:00 ] ::1 /yjc/lby/index.php/Index/instructions/list
ERR: 非法操作:instructions

[ 2017-07-13T14:23:22+08:00 ] ::1 /yjc/lby/Public/Admin/static/userlist/j/yjc/lby/Public/Admin/static/userlist/query_006.js
ERR: 无法加载控制器:Public

[ 2017-07-13T14:23:22+08:00 ] ::1 /yjc/lby/index.php/Batch/WdatePicker.css
ERR: 非法操作:WdatePicker.css

[ 2017-07-13T14:23:22+08:00 ] ::1 /yjc/lby/Public/Admin/static/userlist/j/yjc/lby/Public/Admin/static/userlist/query_006.js
ERR: 无法加载控制器:Public

[ 2017-07-13T14:23:22+08:00 ] ::1 /yjc/lby/index.php/Batch/WdatePicker.css
ERR: 非法操作:WdatePicker.css

[ 2017-07-13T14:23:22+08:00 ] ::1 /yjc/lby/Public/Admin/static/userlist/skin/WdatePicker.css
ERR: 无法加载控制器:Public

[ 2017-07-13T14:23:23+08:00 ] ::1 /yjc/lby/Public/Admin/static/userlist/j/yjc/lby/Public/Admin/static/userlist/query_006.js
ERR: 无法加载控制器:Public

[ 2017-07-13T14:23:23+08:00 ] ::1 /yjc/lby/index.php/Lnstru/WdatePicker.css
ERR: 非法操作:WdatePicker.css

[ 2017-07-13T14:23:23+08:00 ] ::1 /yjc/lby/Public/Admin/static/userlist/j/yjc/lby/Public/Admin/static/userlist/query_006.js
ERR: 无法加载控制器:Public

[ 2017-07-13T14:23:23+08:00 ] ::1 /yjc/lby/index.php/Lnstru/WdatePicker.css
ERR: 非法操作:WdatePicker.css

[ 2017-07-13T14:23:23+08:00 ] ::1 /yjc/lby/Public/Admin/static/userlist/skin/WdatePicker.css
ERR: 无法加载控制器:Public

[ 2017-07-13T14:55:36+08:00 ] ::1 /yjc/lby/Public/Admin/static/userlist/j/yjc/lby/Public/Admin/static/userlist/query_006.js
ERR: 无法加载控制器:Public

[ 2017-07-13T14:55:36+08:00 ] ::1 /yjc/lby/index.php/Lnstru/WdatePicker.css
ERR: 非法操作:WdatePicker.css

[ 2017-07-13T14:55:36+08:00 ] ::1 /yjc/lby/Public/Admin/static/userlist/j/yjc/lby/Public/Admin/static/userlist/query_006.js
ERR: 无法加载控制器:Public

[ 2017-07-13T14:55:36+08:00 ] ::1 /yjc/lby/index.php/Lnstru/WdatePicker.css
ERR: 非法操作:WdatePicker.css

[ 2017-07-13T14:55:36+08:00 ] ::1 /yjc/lby/Public/Admin/static/userlist/skin/WdatePicker.css
ERR: 无法加载控制器:Public

[ 2017-07-13T14:55:37+08:00 ] ::1 /yjc/lby/index.php/Batch/WdatePicker.css
ERR: 非法操作:WdatePicker.css

[ 2017-07-13T14:55:37+08:00 ] ::1 /yjc/lby/Public/Admin/static/userlist/j/yjc/lby/Public/Admin/static/userlist/query_006.js
ERR: 无法加载控制器:Public

[ 2017-07-13T14:55:37+08:00 ] ::1 /yjc/lby/Public/Admin/static/userlist/j/yjc/lby/Public/Admin/static/userlist/query_006.js
ERR: 无法加载控制器:Public

[ 2017-07-13T14:55:37+08:00 ] ::1 /yjc/lby/Public/Admin/static/userlist/skin/WdatePicker.css
ERR: 无法加载控制器:Public

[ 2017-07-13T14:55:37+08:00 ] ::1 /yjc/lby/index.php/Batch/WdatePicker.css
ERR: 非法操作:WdatePicker.css

[ 2017-07-13T14:55:37+08:00 ] ::1 /yjc/lby/index.php/Index/instructions/list
ERR: 非法操作:instructions

[ 2017-07-13T14:59:06+08:00 ] ::1 /yjc/lby/index.php/Index/instructions/list
ERR: 非法操作:instructions

[ 2017-07-13T14:59:06+08:00 ] ::1 /yjc/lby/index.php/Index/instructions/list
ERR: 非法操作:instructions

[ 2017-07-13T14:59:10+08:00 ] ::1 /yjc/lby/Public/Admin/static/userlist/j/yjc/lby/Public/Admin/static/userlist/query_006.js
ERR: 无法加载控制器:Public

[ 2017-07-13T14:59:10+08:00 ] ::1 /yjc/lby/index.php/Lnstru/WdatePicker.css
ERR: 非法操作:WdatePicker.css

[ 2017-07-13T14:59:10+08:00 ] ::1 /yjc/lby/Public/Admin/static/userlist/j/yjc/lby/Public/Admin/static/userlist/query_006.js
ERR: 无法加载控制器:Public

[ 2017-07-13T14:59:10+08:00 ] ::1 /yjc/lby/Public/Admin/static/userlist/skin/WdatePicker.css
ERR: 无法加载控制器:Public

[ 2017-07-13T14:59:10+08:00 ] ::1 /yjc/lby/index.php/Lnstru/WdatePicker.css
ERR: 非法操作:WdatePicker.css

[ 2017-07-13T14:59:11+08:00 ] ::1 /yjc/lby/index.php/Batch/WdatePicker.css
ERR: 非法操作:WdatePicker.css

[ 2017-07-13T14:59:11+08:00 ] ::1 /yjc/lby/Public/Admin/static/userlist/j/yjc/lby/Public/Admin/static/userlist/query_006.js
ERR: 无法加载控制器:Public

[ 2017-07-13T14:59:11+08:00 ] ::1 /yjc/lby/Public/Admin/static/userlist/j/yjc/lby/Public/Admin/static/userlist/query_006.js
ERR: 无法加载控制器:Public

[ 2017-07-13T14:59:11+08:00 ] ::1 /yjc/lby/index.php/Batch/WdatePicker.css
ERR: 非法操作:WdatePicker.css

[ 2017-07-13T14:59:11+08:00 ] ::1 /yjc/lby/Public/Admin/static/userlist/skin/WdatePicker.css
ERR: 无法加载控制器:Public

[ 2017-07-13T14:59:17+08:00 ] ::1 /yjc/lby/Public/Admin/static/userlist/skin/WdatePicker.css
ERR: 无法加载控制器:Public

[ 2017-07-13T15:12:04+08:00 ] ::1 /yjc/lby/Public/Admin/static/userlist/j/yjc/lby/Public/Admin/static/userlist/query_006.js
ERR: 无法加载控制器:Public

[ 2017-07-13T15:12:05+08:00 ] ::1 /yjc/lby/Public/Admin/static/userlist/j/yjc/lby/Public/Admin/static/userlist/query_006.js
ERR: 无法加载控制器:Public

[ 2017-07-13T15:12:37+08:00 ] ::1 /yjc/lby/Public/Admin/static/userlist/j/yjc/lby/Public/Admin/static/userlist/query_006.js
ERR: 无法加载控制器:Public

[ 2017-07-13T15:12:38+08:00 ] ::1 /yjc/lby/Public/Admin/static/userlist/j/yjc/lby/Public/Admin/static/userlist/query_006.js
ERR: 无法加载控制器:Public

[ 2017-07-13T15:16:52+08:00 ] ::1 /yjc/lby/Public/Admin/static/userlist/j/yjc/lby/Public/Admin/static/userlist/query_006.js
ERR: 无法加载控制器:Public

[ 2017-07-13T15:16:52+08:00 ] ::1 /yjc/lby/Public/Admin/static/userlist/j/yjc/lby/Public/Admin/static/userlist/query_006.js
ERR: 无法加载控制器:Public

[ 2017-07-13T15:17:15+08:00 ] ::1 /yjc/lby/index.php/Index/probleminformation/list.do
ERR: 非法操作:probleminformation

[ 2017-07-13T15:17:23+08:00 ] ::1 /yjc/lby/Public/Admin/static/userlist/j/yjc/lby/Public/Admin/static/userlist/query_006.js
ERR: 无法加载控制器:Public

[ 2017-07-13T15:17:23+08:00 ] ::1 /yjc/lby/index.php/Lnstru/WdatePicker.css
ERR: 非法操作:WdatePicker.css

[ 2017-07-13T15:17:23+08:00 ] ::1 /yjc/lby/Public/Admin/static/userlist/j/yjc/lby/Public/Admin/static/userlist/query_006.js
ERR: 无法加载控制器:Public

[ 2017-07-13T15:17:23+08:00 ] ::1 /yjc/lby/index.php/Lnstru/WdatePicker.css
ERR: 非法操作:WdatePicker.css

[ 2017-07-13T15:17:23+08:00 ] ::1 /yjc/lby/Public/Admin/static/userlist/skin/WdatePicker.css
ERR: 无法加载控制器:Public

[ 2017-07-13T15:17:24+08:00 ] ::1 /yjc/lby/index.php/Index/instructions/list
ERR: 非法操作:instructions

[ 2017-07-13T15:17:25+08:00 ] ::1 /yjc/lby/index.php/Batch/WdatePicker.css
ERR: 非法操作:WdatePicker.css

[ 2017-07-13T15:17:25+08:00 ] ::1 /yjc/lby/Public/Admin/static/userlist/j/yjc/lby/Public/Admin/static/userlist/query_006.js
ERR: 无法加载控制器:Public

[ 2017-07-13T15:17:25+08:00 ] ::1 /yjc/lby/Public/Admin/static/userlist/j/yjc/lby/Public/Admin/static/userlist/query_006.js
ERR: 无法加载控制器:Public

[ 2017-07-13T15:17:25+08:00 ] ::1 /yjc/lby/index.php/Batch/WdatePicker.css
ERR: 非法操作:WdatePicker.css

[ 2017-07-13T15:17:25+08:00 ] ::1 /yjc/lby/Public/Admin/static/userlist/skin/WdatePicker.css
ERR: 无法加载控制器:Public

[ 2017-07-13T15:17:27+08:00 ] ::1 /yjc/lby/index.php/Index/instructions/list
ERR: 非法操作:instructions

[ 2017-07-13T15:18:03+08:00 ] ::1 /yjc/lby/index.php/Index/probleminformation/list.do
ERR: 非法操作:probleminformation

[ 2017-07-13T15:18:04+08:00 ] ::1 /yjc/lby/index.php/Index/probleminformation/list.do
ERR: 非法操作:probleminformation

[ 2017-07-13T15:18:16+08:00 ] ::1 /yjc/lby/index.php/merchant/access.html
ERR: 无法加载控制器:Merchant

[ 2017-07-13T15:18:26+08:00 ] ::1 /yjc/lby/index.php/merchant/access.html
ERR: 无法加载控制器:Merchant

[ 2017-07-13T15:18:36+08:00 ] ::1 /yjc/lby/index.php/Index/probleminformation/list.do
ERR: 非法操作:probleminformation

[ 2017-07-13T15:37:50+08:00 ] ::1 /yjc/lby/Public/Admin/static/userlist/skin/WdatePicker.css
ERR: 无法加载控制器:Public

[ 2017-07-13T15:46:02+08:00 ] ::1 /yjc/lby/Public/Admin/static/userlist/j/yjc/lby/Public/Admin/static/userlist/query_006.js
ERR: 无法加载控制器:Public

[ 2017-07-13T15:46:02+08:00 ] ::1 /yjc/lby/Public/Admin/static/userlist/j/yjc/lby/Public/Admin/static/userlist/query_006.js
ERR: 无法加载控制器:Public

[ 2017-07-13T15:57:36+08:00 ] ::1 /yjc/lby/Public/Admin/static/userlist/skin/WdatePicker.css
ERR: 无法加载控制器:Public

[ 2017-07-13T15:57:46+08:00 ] ::1 /yjc/lby/Public/Admin/static/userlist/skin/WdatePicker.css
ERR: 无法加载控制器:Public

[ 2017-07-13T16:18:18+08:00 ] ::1 /yjc/lby/index.php/Index/instructions/list
ERR: 非法操作:instructions

[ 2017-07-13T16:20:02+08:00 ] ::1 /yjc/lby/Public/Admin/static/userlist/j/yjc/lby/Public/Admin/static/userlist/query_006.js
ERR: 无法加载控制器:Public

[ 2017-07-13T16:20:02+08:00 ] ::1 /yjc/lby/index.php/Batch/WdatePicker.css
ERR: 非法操作:WdatePicker.css

[ 2017-07-13T16:20:02+08:00 ] ::1 /yjc/lby/Public/Admin/static/userlist/j/yjc/lby/Public/Admin/static/userlist/query_006.js
ERR: 无法加载控制器:Public

[ 2017-07-13T16:20:02+08:00 ] ::1 /yjc/lby/index.php/Batch/WdatePicker.css
ERR: 非法操作:WdatePicker.css

[ 2017-07-13T16:20:02+08:00 ] ::1 /yjc/lby/Public/Admin/static/userlist/skin/WdatePicker.css
ERR: 无法加载控制器:Public

[ 2017-07-13T16:31:39+08:00 ] ::1 /yjc/lby/Public/Admin/static/userlist/j/yjc/lby/Public/Admin/static/userlist/query_006.js
ERR: 无法加载控制器:Public

[ 2017-07-13T16:31:39+08:00 ] ::1 /yjc/lby/index.php/Lnstru/WdatePicker.css
ERR: 非法操作:WdatePicker.css

[ 2017-07-13T16:31:39+08:00 ] ::1 /yjc/lby/Public/Admin/static/userlist/j/yjc/lby/Public/Admin/static/userlist/query_006.js
ERR: 无法加载控制器:Public

[ 2017-07-13T16:31:40+08:00 ] ::1 /yjc/lby/index.php/Lnstru/WdatePicker.css
ERR: 非法操作:WdatePicker.css

[ 2017-07-13T16:31:40+08:00 ] ::1 /yjc/lby/Public/Admin/static/userlist/skin/WdatePicker.css
ERR: 无法加载控制器:Public

[ 2017-07-13T16:31:40+08:00 ] ::1 /yjc/lby/Public/Admin/static/userlist/j/yjc/lby/Public/Admin/static/userlist/query_006.js
ERR: 无法加载控制器:Public

[ 2017-07-13T16:31:40+08:00 ] ::1 /yjc/lby/index.php/Batch/WdatePicker.css
ERR: 非法操作:WdatePicker.css

[ 2017-07-13T16:31:40+08:00 ] ::1 /yjc/lby/Public/Admin/static/userlist/j/yjc/lby/Public/Admin/static/userlist/query_006.js
ERR: 无法加载控制器:Public

[ 2017-07-13T16:31:40+08:00 ] ::1 /yjc/lby/index.php/Batch/WdatePicker.css
ERR: 非法操作:WdatePicker.css

[ 2017-07-13T16:31:40+08:00 ] ::1 /yjc/lby/Public/Admin/static/userlist/skin/WdatePicker.css
ERR: 无法加载控制器:Public

[ 2017-07-13T16:32:46+08:00 ] ::1 /yjc/lby/Public/Admin/static/userlist/j/yjc/lby/Public/Admin/static/userlist/query_006.js
ERR: 无法加载控制器:Public

[ 2017-07-13T16:32:46+08:00 ] ::1 /yjc/lby/index.php/Batch/WdatePicker.css
ERR: 非法操作:WdatePicker.css

[ 2017-07-13T16:32:46+08:00 ] ::1 /yjc/lby/Public/Admin/static/userlist/j/yjc/lby/Public/Admin/static/userlist/query_006.js
ERR: 无法加载控制器:Public

[ 2017-07-13T16:32:47+08:00 ] ::1 /yjc/lby/index.php/Batch/WdatePicker.css
ERR: 非法操作:WdatePicker.css

[ 2017-07-13T16:32:47+08:00 ] ::1 /yjc/lby/Public/Admin/static/userlist/skin/WdatePicker.css
ERR: 无法加载控制器:Public

[ 2017-07-13T16:49:51+08:00 ] ::1 /yjc/lby/Public/Admin/static/userlist/skin/WdatePicker.css
ERR: 无法加载控制器:Public

[ 2017-07-13T16:50:46+08:00 ] ::1 /yjc/lby/Public/Admin/static/userlist/skin/WdatePicker.css
ERR: 无法加载控制器:Public

[ 2017-07-13T16:52:07+08:00 ] ::1 /yjc/lby/Public/Admin/static/userlist/skin/WdatePicker.css
ERR: 无法加载控制器:Public

[ 2017-07-13T16:53:24+08:00 ] ::1 /yjc/lby/Public/Admin/static/userlist/skin/WdatePicker.css
ERR: 无法加载控制器:Public

[ 2017-07-13T16:55:28+08:00 ] ::1 /yjc/lby/Public/Admin/static/userlist/skin/WdatePicker.css
ERR: 无法加载控制器:Public

[ 2017-07-13T16:56:10+08:00 ] ::1 /yjc/lby/Public/Admin/static/userlist/skin/WdatePicker.css
ERR: 无法加载控制器:Public

[ 2017-07-13T16:57:29+08:00 ] ::1 /yjc/lby/Public/Admin/static/userlist/skin/WdatePicker.css
ERR: 无法加载控制器:Public

[ 2017-07-13T16:57:47+08:00 ] ::1 /yjc/lby/Public/Admin/static/userlist/skin/WdatePicker.css
ERR: 无法加载控制器:Public

[ 2017-07-13T16:59:10+08:00 ] ::1 /yjc/lby/Public/Admin/static/userlist/skin/WdatePicker.css
ERR: 无法加载控制器:Public

[ 2017-07-13T17:00:19+08:00 ] ::1 /yjc/lby/Public/Admin/static/userlist/skin/WdatePicker.css
ERR: 无法加载控制器:Public

[ 2017-07-13T17:02:17+08:00 ] ::1 /yjc/lby/Public/Admin/static/userlist/skin/WdatePicker.css
ERR: 无法加载控制器:Public

[ 2017-07-13T17:02:50+08:00 ] ::1 /yjc/lby/index.php/Batch/WdatePicker.css
ERR: 非法操作:WdatePicker.css

[ 2017-07-13T17:02:50+08:00 ] ::1 /yjc/lby/Public/Admin/static/userlist/j/yjc/lby/Public/Admin/static/userlist/query_006.js
ERR: 无法加载控制器:Public

[ 2017-07-13T17:02:50+08:00 ] ::1 /yjc/lby/Public/Admin/static/userlist/j/yjc/lby/Public/Admin/static/userlist/query_006.js
ERR: 无法加载控制器:Public

[ 2017-07-13T17:02:51+08:00 ] ::1 /yjc/lby/Public/Admin/static/userlist/skin/WdatePicker.css
ERR: 无法加载控制器:Public

[ 2017-07-13T17:02:51+08:00 ] ::1 /yjc/lby/index.php/Batch/WdatePicker.css
ERR: 非法操作:WdatePicker.css

[ 2017-07-13T17:02:54+08:00 ] ::1 /yjc/lby/Public/Admin/static/userlist/skin/WdatePicker.css
ERR: 无法加载控制器:Public

[ 2017-07-13T17:03:19+08:00 ] ::1 /yjc/lby/Public/Admin/static/userlist/skin/WdatePicker.css
ERR: 无法加载控制器:Public

[ 2017-07-13T17:06:45+08:00 ] ::1 /yjc/lby/Public/Admin/static/userlist/skin/WdatePicker.css
ERR: 无法加载控制器:Public

[ 2017-07-13T17:07:09+08:00 ] ::1 /yjc/lby/Public/Admin/static/userlist/skin/WdatePicker.css
ERR: 无法加载控制器:Public

[ 2017-07-13T17:07:46+08:00 ] ::1 /yjc/lby/Public/Admin/static/userlist/skin/WdatePicker.css
ERR: 无法加载控制器:Public

[ 2017-07-13T17:07:52+08:00 ] ::1 /yjc/lby/Public/Admin/static/userlist/skin/WdatePicker.css
ERR: 无法加载控制器:Public

[ 2017-07-13T17:09:29+08:00 ] ::1 /yjc/lby/Public/Admin/static/userlist/skin/WdatePicker.css
ERR: 无法加载控制器:Public

[ 2017-07-13T17:10:08+08:00 ] ::1 /yjc/lby/Public/Admin/static/userlist/j/yjc/lby/Public/Admin/static/userlist/query_006.js
ERR: 无法加载控制器:Public

[ 2017-07-13T17:10:09+08:00 ] ::1 /yjc/lby/Public/Admin/static/userlist/j/yjc/lby/Public/Admin/static/userlist/query_006.js
ERR: 无法加载控制器:Public

[ 2017-07-13T17:13:17+08:00 ] ::1 /yjc/lby/Public/Admin/static/userlist/skin/WdatePicker.css
ERR: 无法加载控制器:Public

[ 2017-07-13T17:13:57+08:00 ] ::1 /yjc/lby/Public/Admin/static/userlist/skin/WdatePicker.css
ERR: 无法加载控制器:Public

[ 2017-07-13T17:19:33+08:00 ] ::1 /yjc/lby/Public/Admin/static/userlist/skin/WdatePicker.css
ERR: 无法加载控制器:Public

[ 2017-07-13T17:20:57+08:00 ] ::1 /yjc/lby/Public/Admin/static/userlist/skin/WdatePicker.css
ERR: 无法加载控制器:Public

[ 2017-07-13T17:22:00+08:00 ] ::1 /yjc/lby/Public/Admin/static/userlist/skin/WdatePicker.css
ERR: 无法加载控制器:Public

[ 2017-07-13T17:22:15+08:00 ] ::1 /yjc/lby/Public/Admin/static/userlist/skin/WdatePicker.css
ERR: 无法加载控制器:Public

[ 2017-07-13T17:24:05+08:00 ] ::1 /yjc/lby/Public/Admin/static/userlist/skin/WdatePicker.css
ERR: 无法加载控制器:Public

[ 2017-07-13T17:25:00+08:00 ] ::1 /yjc/lby/Public/Admin/static/userlist/skin/WdatePicker.css
ERR: 无法加载控制器:Public

[ 2017-07-13T17:27:08+08:00 ] ::1 /yjc/lby/Public/Admin/static/userlist/j/yjc/lby/Public/Admin/static/userlist/query_006.js
ERR: 无法加载控制器:Public

[ 2017-07-13T17:27:08+08:00 ] ::1 /yjc/lby/index.php/Batch/WdatePicker.css
ERR: 非法操作:WdatePicker.css

[ 2017-07-13T17:27:08+08:00 ] ::1 /yjc/lby/Public/Admin/static/userlist/j/yjc/lby/Public/Admin/static/userlist/query_006.js
ERR: 无法加载控制器:Public

[ 2017-07-13T17:27:08+08:00 ] ::1 /yjc/lby/index.php/Batch/WdatePicker.css
ERR: 非法操作:WdatePicker.css

[ 2017-07-13T17:27:08+08:00 ] ::1 /yjc/lby/Public/Admin/static/userlist/skin/WdatePicker.css
ERR: 无法加载控制器:Public

[ 2017-07-13T17:27:09+08:00 ] ::1 /yjc/lby/Public/Admin/static/userlist/j/yjc/lby/Public/Admin/static/userlist/query_006.js
ERR: 无法加载控制器:Public

[ 2017-07-13T17:27:09+08:00 ] ::1 /yjc/lby/index.php/Batch/WdatePicker.css
ERR: 非法操作:WdatePicker.css

[ 2017-07-13T17:27:09+08:00 ] ::1 /yjc/lby/Public/Admin/static/userlist/j/yjc/lby/Public/Admin/static/userlist/query_006.js
ERR: 无法加载控制器:Public

[ 2017-07-13T17:27:09+08:00 ] ::1 /yjc/lby/index.php/Batch/WdatePicker.css
ERR: 非法操作:WdatePicker.css

[ 2017-07-13T17:27:09+08:00 ] ::1 /yjc/lby/Public/Admin/static/userlist/skin/WdatePicker.css
ERR: 无法加载控制器:Public

[ 2017-07-13T17:27:10+08:00 ] ::1 /yjc/lby/index.php/Index/instructions/list
ERR: 非法操作:instructions

[ 2017-07-13T17:27:14+08:00 ] ::1 /yjc/lby/Public/Admin/static/userlist/skin/WdatePicker.css
ERR: 无法加载控制器:Public

[ 2017-07-13T17:27:30+08:00 ] ::1 /yjc/lby/Public/Admin/static/userlist/skin/WdatePicker.css
ERR: 无法加载控制器:Public

[ 2017-07-13T17:31:20+08:00 ] ::1 /yjc/lby/Public/Admin/static/userlist/lenjoy/static/bootstrap/bsie/js/bootstrap-ie.min.js
ERR: 无法加载控制器:Public

[ 2017-07-13T17:31:20+08:00 ] ::1 /yjc/lby/Public/Admin/static/userlist/lenjoy/static/bootstrap/bsie/css/bootstrap-ie6.min.css
ERR: 无法加载控制器:Public

[ 2017-07-13T17:31:20+08:00 ] ::1 /yjc/lby/Public/Admin/static/userlist/lenjoy/static/bootstrap/bsie/js/bootstrap-ie.min.js
ERR: 无法加载控制器:Public

[ 2017-07-13T17:31:20+08:00 ] ::1 /yjc/lby/Public/Admin/static/userlist/lenjoy/static/bootstrap/bsie/css/bootstrap-ie6.min.css
ERR: 无法加载控制器:Public

[ 2017-07-13T17:31:20+08:00 ] ::1 /yjc/lby/Public/Admin/static/userlist/skin/WdatePicker.css
ERR: 无法加载控制器:Public

[ 2017-07-13T17:31:31+08:00 ] ::1 /yjc/lby/Public/Admin/static/userlist/skin/WdatePicker.css
ERR: 无法加载控制器:Public

[ 2017-07-13T17:32:38+08:00 ] ::1 /yjc/lby/Public/Admin/static/userlist/j/yjc/lby/Public/Admin/static/userlist/query_006.js
ERR: 无法加载控制器:Public

[ 2017-07-13T17:32:38+08:00 ] ::1 /yjc/lby/index.php/Batch/WdatePicker.css
ERR: 非法操作:WdatePicker.css

[ 2017-07-13T17:32:38+08:00 ] ::1 /yjc/lby/Public/Admin/static/userlist/j/yjc/lby/Public/Admin/static/userlist/query_006.js
ERR: 无法加载控制器:Public

[ 2017-07-13T17:32:38+08:00 ] ::1 /yjc/lby/Public/Admin/static/userlist/skin/WdatePicker.css
ERR: 无法加载控制器:Public

[ 2017-07-13T17:32:38+08:00 ] ::1 /yjc/lby/index.php/Batch/WdatePicker.css
ERR: 非法操作:WdatePicker.css

[ 2017-07-13T17:32:39+08:00 ] ::1 /yjc/lby/index.php/Index/instructions/list
ERR: 非法操作:instructions

[ 2017-07-13T17:32:46+08:00 ] ::1 /yjc/lby/index.php/Index/instructions/list
ERR: 非法操作:instructions

[ 2017-07-13T17:32:47+08:00 ] ::1 /yjc/lby/Public/Admin/static/userlist/j/yjc/lby/Public/Admin/static/userlist/query_006.js
ERR: 无法加载控制器:Public

[ 2017-07-13T17:32:47+08:00 ] ::1 /yjc/lby/index.php/Batch/WdatePicker.css
ERR: 非法操作:WdatePicker.css

[ 2017-07-13T17:32:48+08:00 ] ::1 /yjc/lby/Public/Admin/static/userlist/j/yjc/lby/Public/Admin/static/userlist/query_006.js
ERR: 无法加载控制器:Public

[ 2017-07-13T17:32:48+08:00 ] ::1 /yjc/lby/index.php/Batch/WdatePicker.css
ERR: 非法操作:WdatePicker.css

[ 2017-07-13T17:32:48+08:00 ] ::1 /yjc/lby/Public/Admin/static/userlist/skin/WdatePicker.css
ERR: 无法加载控制器:Public

[ 2017-07-13T17:32:48+08:00 ] ::1 /yjc/lby/Public/Admin/static/userlist/j/yjc/lby/Public/Admin/static/userlist/query_006.js
ERR: 无法加载控制器:Public

[ 2017-07-13T17:32:48+08:00 ] ::1 /yjc/lby/index.php/Lnstru/WdatePicker.css
ERR: 非法操作:WdatePicker.css

[ 2017-07-13T17:32:49+08:00 ] ::1 /yjc/lby/Public/Admin/static/userlist/j/yjc/lby/Public/Admin/static/userlist/query_006.js
ERR: 无法加载控制器:Public

[ 2017-07-13T17:32:49+08:00 ] ::1 /yjc/lby/Public/Admin/static/userlist/skin/WdatePicker.css
ERR: 无法加载控制器:Public

[ 2017-07-13T17:32:49+08:00 ] ::1 /yjc/lby/index.php/Lnstru/WdatePicker.css
ERR: 非法操作:WdatePicker.css

[ 2017-07-13T17:32:55+08:00 ] ::1 /yjc/lby/Public/Admin/static/userlist/lenjoy/static/bootstrap/bsie/css/bootstrap-ie6.min.css
ERR: 无法加载控制器:Public

[ 2017-07-13T17:32:55+08:00 ] ::1 /yjc/lby/Public/Admin/static/userlist/lenjoy/static/bootstrap/bsie/js/bootstrap-ie.min.js
ERR: 无法加载控制器:Public

[ 2017-07-13T17:32:56+08:00 ] ::1 /yjc/lby/Public/Admin/static/userlist/lenjoy/static/bootstrap/bsie/css/bootstrap-ie6.min.css
ERR: 无法加载控制器:Public

[ 2017-07-13T17:32:56+08:00 ] ::1 /yjc/lby/Public/Admin/static/userlist/lenjoy/static/bootstrap/bsie/js/bootstrap-ie.min.js
ERR: 无法加载控制器:Public

[ 2017-07-13T17:32:56+08:00 ] ::1 /yjc/lby/Public/Admin/static/userlist/skin/WdatePicker.css
ERR: 无法加载控制器:Public

[ 2017-07-13T17:41:31+08:00 ] ::1 /yjc/lby/Public/Admin/static/userlist/lenjoy/static/bootstrap/bsie/css/bootstrap-ie6.min.css
ERR: 无法加载控制器:Public

[ 2017-07-13T17:41:31+08:00 ] ::1 /yjc/lby/Public/Admin/static/userlist/lenjoy/static/bootstrap/bsie/js/bootstrap-ie.min.js
ERR: 无法加载控制器:Public

[ 2017-07-13T17:41:32+08:00 ] ::1 /yjc/lby/Public/Admin/static/userlist/lenjoy/static/bootstrap/bsie/js/bootstrap-ie.min.js
ERR: 无法加载控制器:Public

[ 2017-07-13T17:41:32+08:00 ] ::1 /yjc/lby/Public/Admin/static/userlist/lenjoy/static/bootstrap/bsie/css/bootstrap-ie6.min.css
ERR: 无法加载控制器:Public

[ 2017-07-13T17:41:32+08:00 ] ::1 /yjc/lby/Public/Admin/static/userlist/skin/WdatePicker.css
ERR: 无法加载控制器:Public

[ 2017-07-13T17:42:23+08:00 ] ::1 /yjc/lby/Public/Admin/static/userlist/skin/WdatePicker.css
ERR: 无法加载控制器:Public

[ 2017-07-13T17:42:26+08:00 ] ::1 /yjc/lby/Public/Admin/static/userlist/lenjoy/static/bootstrap/bsie/css/bootstrap-ie6.min.css
ERR: 无法加载控制器:Public

[ 2017-07-13T17:42:26+08:00 ] ::1 /yjc/lby/Public/Admin/static/userlist/lenjoy/static/bootstrap/bsie/js/bootstrap-ie.min.js
ERR: 无法加载控制器:Public

[ 2017-07-13T17:42:27+08:00 ] ::1 /yjc/lby/Public/Admin/static/userlist/lenjoy/static/bootstrap/bsie/js/bootstrap-ie.min.js
ERR: 无法加载控制器:Public

[ 2017-07-13T17:42:27+08:00 ] ::1 /yjc/lby/Public/Admin/static/userlist/lenjoy/static/bootstrap/bsie/css/bootstrap-ie6.min.css
ERR: 无法加载控制器:Public

[ 2017-07-13T17:42:27+08:00 ] ::1 /yjc/lby/Public/Admin/static/userlist/skin/WdatePicker.css
ERR: 无法加载控制器:Public

[ 2017-07-13T17:44:44+08:00 ] ::1 /yjc/lby/Public/Admin/static/userlist/lenjoy/static/bootstrap/bsie/css/bootstrap-ie6.min.css
ERR: 无法加载控制器:Public

[ 2017-07-13T17:44:44+08:00 ] ::1 /yjc/lby/Public/Admin/static/userlist/lenjoy/static/bootstrap/bsie/js/bootstrap-ie.min.js
ERR: 无法加载控制器:Public

[ 2017-07-13T17:44:44+08:00 ] ::1 /yjc/lby/Public/Admin/static/userlist/lenjoy/static/bootstrap/bsie/css/bootstrap-ie6.min.css
ERR: 无法加载控制器:Public

[ 2017-07-13T17:44:44+08:00 ] ::1 /yjc/lby/Public/Admin/static/userlist/lenjoy/static/bootstrap/bsie/js/bootstrap-ie.min.js
ERR: 无法加载控制器:Public

[ 2017-07-13T17:44:44+08:00 ] ::1 /yjc/lby/Public/Admin/static/userlist/skin/WdatePicker.css
ERR: 无法加载控制器:Public

[ 2017-07-13T17:44:50+08:00 ] ::1 /yjc/lby/Public/Admin/static/userlist/lenjoy/static/bootstrap/bsie/css/bootstrap-ie6.min.css
ERR: 无法加载控制器:Public

[ 2017-07-13T17:44:50+08:00 ] ::1 /yjc/lby/Public/Admin/static/userlist/lenjoy/static/bootstrap/bsie/js/bootstrap-ie.min.js
ERR: 无法加载控制器:Public

[ 2017-07-13T17:44:51+08:00 ] ::1 /yjc/lby/Public/Admin/static/userlist/lenjoy/static/bootstrap/bsie/css/bootstrap-ie6.min.css
ERR: 无法加载控制器:Public

[ 2017-07-13T17:44:51+08:00 ] ::1 /yjc/lby/Public/Admin/static/userlist/lenjoy/static/bootstrap/bsie/js/bootstrap-ie.min.js
ERR: 无法加载控制器:Public

[ 2017-07-13T17:44:51+08:00 ] ::1 /yjc/lby/Public/Admin/static/userlist/skin/WdatePicker.css
ERR: 无法加载控制器:Public

[ 2017-07-13T17:49:23+08:00 ] ::1 /yjc/lby/Public/Admin/static/userlist/skin/WdatePicker.css
ERR: 无法加载控制器:Public

[ 2017-07-13T17:49:27+08:00 ] ::1 /yjc/lby/Public/Admin/static/userlist/lenjoy/static/bootstrap/bsie/css/bootstrap-ie6.min.css
ERR: 无法加载控制器:Public

[ 2017-07-13T17:49:27+08:00 ] ::1 /yjc/lby/Public/Admin/static/userlist/lenjoy/static/bootstrap/bsie/js/bootstrap-ie.min.js
ERR: 无法加载控制器:Public

[ 2017-07-13T17:49:27+08:00 ] ::1 /yjc/lby/Public/Admin/static/userlist/lenjoy/static/bootstrap/bsie/css/bootstrap-ie6.min.css
ERR: 无法加载控制器:Public

[ 2017-07-13T17:49:27+08:00 ] ::1 /yjc/lby/Public/Admin/static/userlist/lenjoy/static/bootstrap/bsie/js/bootstrap-ie.min.js
ERR: 无法加载控制器:Public

[ 2017-07-13T17:49:27+08:00 ] ::1 /yjc/lby/Public/Admin/static/userlist/skin/WdatePicker.css
ERR: 无法加载控制器:Public

[ 2017-07-13T17:53:30+08:00 ] ::1 /yjc/lby/Public/Admin/static/userlist/lenjoy/static/bootstrap/bsie/css/bootstrap-ie6.min.css
ERR: 无法加载控制器:Public

[ 2017-07-13T17:53:30+08:00 ] ::1 /yjc/lby/Public/Admin/static/userlist/lenjoy/static/bootstrap/bsie/js/bootstrap-ie.min.js
ERR: 无法加载控制器:Public

[ 2017-07-13T17:53:31+08:00 ] ::1 /yjc/lby/Public/Admin/static/userlist/lenjoy/static/bootstrap/bsie/css/bootstrap-ie6.min.css
ERR: 无法加载控制器:Public

[ 2017-07-13T17:53:31+08:00 ] ::1 /yjc/lby/Public/Admin/static/userlist/lenjoy/static/bootstrap/bsie/js/bootstrap-ie.min.js
ERR: 无法加载控制器:Public

[ 2017-07-13T17:53:31+08:00 ] ::1 /yjc/lby/Public/Admin/static/userlist/skin/WdatePicker.css
ERR: 无法加载控制器:Public

[ 2017-07-13T17:56:55+08:00 ] ::1 /yjc/lby/Public/Admin/static/userlist/lenjoy/static/bootstrap/bsie/css/bootstrap-ie6.min.css
ERR: 无法加载控制器:Public

[ 2017-07-13T17:56:55+08:00 ] ::1 /yjc/lby/Public/Admin/static/userlist/lenjoy/static/bootstrap/bsie/js/bootstrap-ie.min.js
ERR: 无法加载控制器:Public

[ 2017-07-13T17:56:55+08:00 ] ::1 /yjc/lby/Public/Admin/static/userlist/lenjoy/static/bootstrap/bsie/css/bootstrap-ie6.min.css
ERR: 无法加载控制器:Public

[ 2017-07-13T17:56:55+08:00 ] ::1 /yjc/lby/Public/Admin/static/userlist/lenjoy/static/bootstrap/bsie/js/bootstrap-ie.min.js
ERR: 无法加载控制器:Public

[ 2017-07-13T17:56:55+08:00 ] ::1 /yjc/lby/Public/Admin/static/userlist/skin/WdatePicker.css
ERR: 无法加载控制器:Public

[ 2017-07-13T18:10:33+08:00 ] ::1 /yjc/lby/Public/Admin/static/userlist/lenjoy/static/bootstrap/bsie/css/bootstrap-ie6.min.css
ERR: 无法加载控制器:Public

[ 2017-07-13T18:10:33+08:00 ] ::1 /yjc/lby/Public/Admin/static/userlist/lenjoy/static/bootstrap/bsie/js/bootstrap-ie.min.js
ERR: 无法加载控制器:Public

[ 2017-07-13T18:10:33+08:00 ] ::1 /yjc/lby/Public/Admin/static/userlist/lenjoy/static/bootstrap/bsie/js/bootstrap-ie.min.js
ERR: 无法加载控制器:Public

[ 2017-07-13T18:10:33+08:00 ] ::1 /yjc/lby/Public/Admin/static/userlist/lenjoy/static/bootstrap/bsie/css/bootstrap-ie6.min.css
ERR: 无法加载控制器:Public

[ 2017-07-13T18:10:33+08:00 ] ::1 /yjc/lby/Public/Admin/static/userlist/skin/WdatePicker.css
ERR: 无法加载控制器:Public

[ 2017-07-13T18:11:17+08:00 ] ::1 /yjc/lby/index.php/Batch/WdatePicker.css
ERR: 非法操作:WdatePicker.css

[ 2017-07-13T18:11:17+08:00 ] ::1 /yjc/lby/Public/Admin/static/userlist/j/yjc/lby/Public/Admin/static/userlist/query_006.js
ERR: 无法加载控制器:Public

[ 2017-07-13T18:11:17+08:00 ] ::1 /yjc/lby/Public/Admin/static/userlist/j/yjc/lby/Public/Admin/static/userlist/query_006.js
ERR: 无法加载控制器:Public

[ 2017-07-13T18:11:17+08:00 ] ::1 /yjc/lby/index.php/Batch/WdatePicker.css
ERR: 非法操作:WdatePicker.css

[ 2017-07-13T18:11:17+08:00 ] ::1 /yjc/lby/Public/Admin/static/userlist/skin/WdatePicker.css
ERR: 无法加载控制器:Public

[ 2017-07-13T18:11:18+08:00 ] ::1 /yjc/lby/index.php/Index/instructions/list
ERR: 非法操作:instructions

[ 2017-07-13T18:12:20+08:00 ] ::1 /yjc/lby/Public/Admin/static/userlist/j/yjc/lby/Public/Admin/static/userlist/query_006.js
ERR: 无法加载控制器:Public

[ 2017-07-13T18:12:20+08:00 ] ::1 /yjc/lby/Public/Admin/static/userlist/j/yjc/lby/Public/Admin/static/userlist/query_006.js
ERR: 无法加载控制器:Public

[ 2017-07-13T18:14:11+08:00 ] ::1 /yjc/lby/Public/Admin/static/userlist/j/yjc/lby/Public/Admin/static/userlist/query_006.js
ERR: 无法加载控制器:Public

[ 2017-07-13T18:14:11+08:00 ] ::1 /yjc/lby/index.php/Lnstru/WdatePicker.css
ERR: 非法操作:WdatePicker.css

[ 2017-07-13T18:14:11+08:00 ] ::1 /yjc/lby/Public/Admin/static/userlist/j/yjc/lby/Public/Admin/static/userlist/query_006.js
ERR: 无法加载控制器:Public

[ 2017-07-13T18:14:11+08:00 ] ::1 /yjc/lby/index.php/Lnstru/WdatePicker.css
ERR: 非法操作:WdatePicker.css

[ 2017-07-13T18:14:11+08:00 ] ::1 /yjc/lby/Public/Admin/static/userlist/skin/WdatePicker.css
ERR: 无法加载控制器:Public

[ 2017-07-13T18:14:18+08:00 ] ::1 /yjc/lby/Public/Admin/static/userlist/lenjoy/static/bootstrap/bsie/js/bootstrap-ie.min.js
ERR: 无法加载控制器:Public

[ 2017-07-13T18:14:18+08:00 ] ::1 /yjc/lby/Public/Admin/static/userlist/lenjoy/static/bootstrap/bsie/css/bootstrap-ie6.min.css
ERR: 无法加载控制器:Public

[ 2017-07-13T18:14:18+08:00 ] ::1 /yjc/lby/Public/Admin/static/userlist/lenjoy/static/bootstrap/bsie/js/bootstrap-ie.min.js
ERR: 无法加载控制器:Public

[ 2017-07-13T18:14:18+08:00 ] ::1 /yjc/lby/Public/Admin/static/userlist/lenjoy/static/bootstrap/bsie/css/bootstrap-ie6.min.css
ERR: 无法加载控制器:Public

[ 2017-07-13T18:14:18+08:00 ] ::1 /yjc/lby/Public/Admin/static/userlist/skin/WdatePicker.css
ERR: 无法加载控制器:Public

[ 2017-07-13T18:14:51+08:00 ] ::1 /yjc/lby/Public/Admin/static/userlist/lenjoy/static/bootstrap/bsie/css/bootstrap-ie6.min.css
ERR: 无法加载控制器:Public

[ 2017-07-13T18:14:51+08:00 ] ::1 /yjc/lby/Public/Admin/static/userlist/lenjoy/static/bootstrap/bsie/js/bootstrap-ie.min.js
ERR: 无法加载控制器:Public

[ 2017-07-13T18:14:51+08:00 ] ::1 /yjc/lby/Public/Admin/static/userlist/lenjoy/static/bootstrap/bsie/css/bootstrap-ie6.min.css
ERR: 无法加载控制器:Public

[ 2017-07-13T18:14:51+08:00 ] ::1 /yjc/lby/Public/Admin/static/userlist/lenjoy/static/bootstrap/bsie/js/bootstrap-ie.min.js
ERR: 无法加载控制器:Public

[ 2017-07-13T18:14:51+08:00 ] ::1 /yjc/lby/Public/Admin/static/userlist/skin/WdatePicker.css
ERR: 无法加载控制器:Public

[ 2017-07-13T18:17:29+08:00 ] ::1 /yjc/lby/Public/Admin/static/userlist/lenjoy/static/bootstrap/bsie/js/bootstrap-ie.min.js
ERR: 无法加载控制器:Public

[ 2017-07-13T18:17:29+08:00 ] ::1 /yjc/lby/Public/Admin/static/userlist/lenjoy/static/bootstrap/bsie/css/bootstrap-ie6.min.css
ERR: 无法加载控制器:Public

[ 2017-07-13T18:17:30+08:00 ] ::1 /yjc/lby/Public/Admin/static/userlist/lenjoy/static/bootstrap/bsie/js/bootstrap-ie.min.js
ERR: 无法加载控制器:Public

[ 2017-07-13T18:17:30+08:00 ] ::1 /yjc/lby/Public/Admin/static/userlist/lenjoy/static/bootstrap/bsie/css/bootstrap-ie6.min.css
ERR: 无法加载控制器:Public

[ 2017-07-13T18:17:30+08:00 ] ::1 /yjc/lby/Public/Admin/static/userlist/skin/WdatePicker.css
ERR: 无法加载控制器:Public

[ 2017-07-13T18:18:11+08:00 ] ::1 /yjc/lby/Public/Admin/static/userlist/lenjoy/static/bootstrap/bsie/css/bootstrap-ie6.min.css
ERR: 无法加载控制器:Public

[ 2017-07-13T18:18:11+08:00 ] ::1 /yjc/lby/Public/Admin/static/userlist/lenjoy/static/bootstrap/bsie/js/bootstrap-ie.min.js
ERR: 无法加载控制器:Public

[ 2017-07-13T18:18:12+08:00 ] ::1 /yjc/lby/Public/Admin/static/userlist/lenjoy/static/bootstrap/bsie/css/bootstrap-ie6.min.css
ERR: 无法加载控制器:Public

[ 2017-07-13T18:18:12+08:00 ] ::1 /yjc/lby/Public/Admin/static/userlist/lenjoy/static/bootstrap/bsie/js/bootstrap-ie.min.js
ERR: 无法加载控制器:Public

[ 2017-07-13T18:18:12+08:00 ] ::1 /yjc/lby/Public/Admin/static/userlist/skin/WdatePicker.css
ERR: 无法加载控制器:Public

[ 2017-07-13T18:18:33+08:00 ] ::1 /yjc/lby/Public/Admin/static/userlist/lenjoy/static/bootstrap/bsie/css/bootstrap-ie6.min.css
ERR: 无法加载控制器:Public

[ 2017-07-13T18:18:33+08:00 ] ::1 /yjc/lby/Public/Admin/static/userlist/lenjoy/static/bootstrap/bsie/js/bootstrap-ie.min.js
ERR: 无法加载控制器:Public

[ 2017-07-13T18:18:34+08:00 ] ::1 /yjc/lby/Public/Admin/static/userlist/lenjoy/static/bootstrap/bsie/css/bootstrap-ie6.min.css
ERR: 无法加载控制器:Public

[ 2017-07-13T18:18:34+08:00 ] ::1 /yjc/lby/Public/Admin/static/userlist/lenjoy/static/bootstrap/bsie/js/bootstrap-ie.min.js
ERR: 无法加载控制器:Public

[ 2017-07-13T18:18:34+08:00 ] ::1 /yjc/lby/Public/Admin/static/userlist/skin/WdatePicker.css
ERR: 无法加载控制器:Public

[ 2017-07-13T18:18:56+08:00 ] ::1 /yjc/lby/Public/Admin/static/userlist/lenjoy/static/bootstrap/bsie/js/bootstrap-ie.min.js
ERR: 无法加载控制器:Public

[ 2017-07-13T18:18:56+08:00 ] ::1 /yjc/lby/Public/Admin/static/userlist/lenjoy/static/bootstrap/bsie/css/bootstrap-ie6.min.css
ERR: 无法加载控制器:Public

[ 2017-07-13T18:18:56+08:00 ] ::1 /yjc/lby/Public/Admin/static/userlist/lenjoy/static/bootstrap/bsie/js/bootstrap-ie.min.js
ERR: 无法加载控制器:Public

[ 2017-07-13T18:18:56+08:00 ] ::1 /yjc/lby/Public/Admin/static/userlist/lenjoy/static/bootstrap/bsie/css/bootstrap-ie6.min.css
ERR: 无法加载控制器:Public

[ 2017-07-13T18:18:56+08:00 ] ::1 /yjc/lby/Public/Admin/static/userlist/skin/WdatePicker.css
ERR: 无法加载控制器:Public

[ 2017-07-13T18:20:29+08:00 ] ::1 /yjc/lby/Public/Admin/static/userlist/lenjoy/static/bootstrap/bsie/css/bootstrap-ie6.min.css
ERR: 无法加载控制器:Public

[ 2017-07-13T18:20:29+08:00 ] ::1 /yjc/lby/Public/Admin/static/userlist/lenjoy/static/bootstrap/bsie/js/bootstrap-ie.min.js
ERR: 无法加载控制器:Public

[ 2017-07-13T18:20:30+08:00 ] ::1 /yjc/lby/Public/Admin/static/userlist/lenjoy/static/bootstrap/bsie/css/bootstrap-ie6.min.css
ERR: 无法加载控制器:Public

[ 2017-07-13T18:20:30+08:00 ] ::1 /yjc/lby/Public/Admin/static/userlist/lenjoy/static/bootstrap/bsie/js/bootstrap-ie.min.js
ERR: 无法加载控制器:Public

[ 2017-07-13T18:20:30+08:00 ] ::1 /yjc/lby/Public/Admin/static/userlist/skin/WdatePicker.css
ERR: 无法加载控制器:Public

[ 2017-07-13T18:21:31+08:00 ] ::1 /yjc/lby/Public/Admin/static/userlist/j/yjc/lby/Public/Admin/static/userlist/query_006.js
ERR: 无法加载控制器:Public

[ 2017-07-13T18:21:31+08:00 ] ::1 /yjc/lby/index.php/Lnstru/WdatePicker.css
ERR: 非法操作:WdatePicker.css

[ 2017-07-13T18:21:31+08:00 ] ::1 /yjc/lby/Public/Admin/static/userlist/j/yjc/lby/Public/Admin/static/userlist/query_006.js
ERR: 无法加载控制器:Public

[ 2017-07-13T18:21:31+08:00 ] ::1 /yjc/lby/index.php/Lnstru/WdatePicker.css
ERR: 非法操作:WdatePicker.css

[ 2017-07-13T18:21:31+08:00 ] ::1 /yjc/lby/Public/Admin/static/userlist/skin/WdatePicker.css
ERR: 无法加载控制器:Public

[ 2017-07-13T18:21:32+08:00 ] ::1 /yjc/lby/index.php/Batch/WdatePicker.css
ERR: 非法操作:WdatePicker.css

[ 2017-07-13T18:21:32+08:00 ] ::1 /yjc/lby/Public/Admin/static/userlist/j/yjc/lby/Public/Admin/static/userlist/query_006.js
ERR: 无法加载控制器:Public

[ 2017-07-13T18:21:32+08:00 ] ::1 /yjc/lby/Public/Admin/static/userlist/j/yjc/lby/Public/Admin/static/userlist/query_006.js
ERR: 无法加载控制器:Public

[ 2017-07-13T18:21:32+08:00 ] ::1 /yjc/lby/Public/Admin/static/userlist/skin/WdatePicker.css
ERR: 无法加载控制器:Public

[ 2017-07-13T18:21:32+08:00 ] ::1 /yjc/lby/index.php/Batch/WdatePicker.css
ERR: 非法操作:WdatePicker.css

[ 2017-07-13T18:21:33+08:00 ] ::1 /yjc/lby/index.php/Index/instructions/list
ERR: 非法操作:instructions

[ 2017-07-13T18:24:46+08:00 ] ::1 /yjc/lby/index.php/Batch/WdatePicker.css
ERR: 非法操作:WdatePicker.css

[ 2017-07-13T18:24:46+08:00 ] ::1 /yjc/lby/Public/Admin/static/userlist/j/yjc/lby/Public/Admin/static/userlist/query_006.js
ERR: 无法加载控制器:Public

[ 2017-07-13T18:24:46+08:00 ] ::1 /yjc/lby/Public/Admin/static/userlist/j/yjc/lby/Public/Admin/static/userlist/query_006.js
ERR: 无法加载控制器:Public

[ 2017-07-13T18:24:46+08:00 ] ::1 /yjc/lby/Public/Admin/static/userlist/skin/WdatePicker.css
ERR: 无法加载控制器:Public

[ 2017-07-13T18:24:46+08:00 ] ::1 /yjc/lby/index.php/Batch/WdatePicker.css
ERR: 非法操作:WdatePicker.css

[ 2017-07-13T18:24:47+08:00 ] ::1 /yjc/lby/index.php/Index/instructions/list
ERR: 非法操作:instructions

[ 2017-07-13T18:25:02+08:00 ] ::1 /yjc/lby/Public/Admin/static/userlist/lenjoy/static/bootstrap/bsie/css/bootstrap-ie6.min.css
ERR: 无法加载控制器:Public

[ 2017-07-13T18:25:02+08:00 ] ::1 /yjc/lby/Public/Admin/static/userlist/lenjoy/static/bootstrap/bsie/js/bootstrap-ie.min.js
ERR: 无法加载控制器:Public

[ 2017-07-13T18:25:02+08:00 ] ::1 /yjc/lby/Public/Admin/static/userlist/lenjoy/static/bootstrap/bsie/css/bootstrap-ie6.min.css
ERR: 无法加载控制器:Public

[ 2017-07-13T18:25:02+08:00 ] ::1 /yjc/lby/Public/Admin/static/userlist/lenjoy/static/bootstrap/bsie/js/bootstrap-ie.min.js
ERR: 无法加载控制器:Public

[ 2017-07-13T18:25:02+08:00 ] ::1 /yjc/lby/Public/Admin/static/userlist/skin/WdatePicker.css
ERR: 无法加载控制器:Public

[ 2017-07-13T18:25:13+08:00 ] ::1 /yjc/lby/index.php/Index/instructions/list
ERR: 非法操作:instructions

[ 2017-07-13T18:26:26+08:00 ] ::1 /yjc/lby/Public/Admin/static/userlist/j/yjc/lby/Public/Admin/static/userlist/query_006.js
ERR: 无法加载控制器:Public

[ 2017-07-13T18:26:26+08:00 ] ::1 /yjc/lby/index.php/Batch/WdatePicker.css
ERR: 非法操作:WdatePicker.css

[ 2017-07-13T18:26:26+08:00 ] ::1 /yjc/lby/Public/Admin/static/userlist/j/yjc/lby/Public/Admin/static/userlist/query_006.js
ERR: 无法加载控制器:Public

[ 2017-07-13T18:26:26+08:00 ] ::1 /yjc/lby/index.php/Batch/WdatePicker.css
ERR: 非法操作:WdatePicker.css

[ 2017-07-13T18:26:26+08:00 ] ::1 /yjc/lby/Public/Admin/static/userlist/skin/WdatePicker.css
ERR: 无法加载控制器:Public

[ 2017-07-13T18:26:27+08:00 ] ::1 /yjc/lby/index.php/Index/instructions/list
ERR: 非法操作:instructions

[ 2017-07-13T18:26:31+08:00 ] ::1 /yjc/lby/index.php/Index/instructions/list
ERR: 非法操作:instructions

[ 2017-07-13T18:26:50+08:00 ] ::1 /yjc/lby/Public/Admin/static/userlist/skin/WdatePicker.css
ERR: 无法加载控制器:Public

[ 2017-07-13T18:36:55+08:00 ] ::1 /yjc/lby/Public/Admin/static/userlist/lenjoy/static/bootstrap/bsie/css/bootstrap-ie6.min.css
ERR: 无法加载控制器:Public

[ 2017-07-13T18:36:55+08:00 ] ::1 /yjc/lby/Public/Admin/static/userlist/lenjoy/static/bootstrap/bsie/js/bootstrap-ie.min.js
ERR: 无法加载控制器:Public

[ 2017-07-13T18:36:55+08:00 ] ::1 /yjc/lby/Public/Admin/static/userlist/lenjoy/static/bootstrap/bsie/js/bootstrap-ie.min.js
ERR: 无法加载控制器:Public

[ 2017-07-13T18:36:55+08:00 ] ::1 /yjc/lby/Public/Admin/static/userlist/lenjoy/static/bootstrap/bsie/css/bootstrap-ie6.min.css
ERR: 无法加载控制器:Public

[ 2017-07-13T18:36:55+08:00 ] ::1 /yjc/lby/Public/Admin/static/userlist/skin/WdatePicker.css
ERR: 无法加载控制器:Public

[ 2017-07-13T18:37:02+08:00 ] ::1 /yjc/lby/index.php/Index/instructions/list
ERR: 非法操作:instructions

[ 2017-07-13T18:37:07+08:00 ] ::1 /yjc/lby/Public/Admin/static/userlist/lenjoy/static/bootstrap/bsie/css/bootstrap-ie6.min.css
ERR: 无法加载控制器:Public

[ 2017-07-13T18:37:07+08:00 ] ::1 /yjc/lby/Public/Admin/static/userlist/lenjoy/static/bootstrap/bsie/js/bootstrap-ie.min.js
ERR: 无法加载控制器:Public

[ 2017-07-13T18:37:07+08:00 ] ::1 /yjc/lby/Public/Admin/static/userlist/lenjoy/static/bootstrap/bsie/css/bootstrap-ie6.min.css
ERR: 无法加载控制器:Public

[ 2017-07-13T18:37:07+08:00 ] ::1 /yjc/lby/Public/Admin/static/userlist/lenjoy/static/bootstrap/bsie/js/bootstrap-ie.min.js
ERR: 无法加载控制器:Public

[ 2017-07-13T18:37:07+08:00 ] ::1 /yjc/lby/Public/Admin/static/userlist/skin/WdatePicker.css
ERR: 无法加载控制器:Public

[ 2017-07-13T18:46:13+08:00 ] ::1 /yjc/lby/Public/Admin/static/userlist/lenjoy/static/bootstrap/bsie/css/bootstrap-ie6.min.css
ERR: 无法加载控制器:Public

[ 2017-07-13T18:46:13+08:00 ] ::1 /yjc/lby/Public/Admin/static/userlist/lenjoy/static/bootstrap/bsie/js/bootstrap-ie.min.js
ERR: 无法加载控制器:Public

[ 2017-07-13T18:46:13+08:00 ] ::1 /yjc/lby/Public/Admin/static/userlist/lenjoy/static/bootstrap/bsie/css/bootstrap-ie6.min.css
ERR: 无法加载控制器:Public

[ 2017-07-13T18:46:13+08:00 ] ::1 /yjc/lby/Public/Admin/static/userlist/lenjoy/static/bootstrap/bsie/js/bootstrap-ie.min.js
ERR: 无法加载控制器:Public

[ 2017-07-13T18:46:13+08:00 ] ::1 /yjc/lby/Public/Admin/static/userlist/skin/WdatePicker.css
ERR: 无法加载控制器:Public

[ 2017-07-13T18:49:12+08:00 ] ::1 /yjc/lby/Public/Admin/static/userlist/lenjoy/static/bootstrap/bsie/css/bootstrap-ie6.min.css
ERR: 无法加载控制器:Public

[ 2017-07-13T18:49:12+08:00 ] ::1 /yjc/lby/Public/Admin/static/userlist/lenjoy/static/bootstrap/bsie/js/bootstrap-ie.min.js
ERR: 无法加载控制器:Public

[ 2017-07-13T18:49:12+08:00 ] ::1 /yjc/lby/Public/Admin/static/userlist/lenjoy/static/bootstrap/bsie/css/bootstrap-ie6.min.css
ERR: 无法加载控制器:Public

[ 2017-07-13T18:49:12+08:00 ] ::1 /yjc/lby/Public/Admin/static/userlist/lenjoy/static/bootstrap/bsie/js/bootstrap-ie.min.js
ERR: 无法加载控制器:Public

[ 2017-07-13T18:49:12+08:00 ] ::1 /yjc/lby/Public/Admin/static/userlist/skin/WdatePicker.css
ERR: 无法加载控制器:Public

[ 2017-07-13T19:04:09+08:00 ] ::1 /yjc/lby/Public/Admin/static/userlist/lenjoy/static/bootstrap/bsie/css/bootstrap-ie6.min.css
ERR: 无法加载控制器:Public

[ 2017-07-13T19:04:09+08:00 ] ::1 /yjc/lby/Public/Admin/static/userlist/lenjoy/static/bootstrap/bsie/js/bootstrap-ie.min.js
ERR: 无法加载控制器:Public

[ 2017-07-13T19:04:09+08:00 ] ::1 /yjc/lby/Public/Admin/static/userlist/lenjoy/static/bootstrap/bsie/css/bootstrap-ie6.min.css
ERR: 无法加载控制器:Public

[ 2017-07-13T19:04:09+08:00 ] ::1 /yjc/lby/Public/Admin/static/userlist/lenjoy/static/bootstrap/bsie/js/bootstrap-ie.min.js
ERR: 无法加载控制器:Public

[ 2017-07-13T19:04:09+08:00 ] ::1 /yjc/lby/Public/Admin/static/userlist/skin/WdatePicker.css
ERR: 无法加载控制器:Public

[ 2017-07-13T19:04:45+08:00 ] ::1 /yjc/lby/Public/Admin/static/userlist/lenjoy/static/bootstrap/bsie/css/bootstrap-ie6.min.css
ERR: 无法加载控制器:Public

[ 2017-07-13T19:04:45+08:00 ] ::1 /yjc/lby/Public/Admin/static/userlist/lenjoy/static/bootstrap/bsie/js/bootstrap-ie.min.js
ERR: 无法加载控制器:Public

[ 2017-07-13T19:04:45+08:00 ] ::1 /yjc/lby/Public/Admin/static/userlist/lenjoy/static/bootstrap/bsie/css/bootstrap-ie6.min.css
ERR: 无法加载控制器:Public

[ 2017-07-13T19:04:45+08:00 ] ::1 /yjc/lby/Public/Admin/static/userlist/lenjoy/static/bootstrap/bsie/js/bootstrap-ie.min.js
ERR: 无法加载控制器:Public

[ 2017-07-13T19:04:45+08:00 ] ::1 /yjc/lby/Public/Admin/static/userlist/skin/WdatePicker.css
ERR: 无法加载控制器:Public

[ 2017-07-13T19:12:47+08:00 ] ::1 /yjc/lby/Public/Admin/static/userlist/lenjoy/static/bootstrap/bsie/css/bootstrap-ie6.min.css
ERR: 无法加载控制器:Public

[ 2017-07-13T19:12:47+08:00 ] ::1 /yjc/lby/Public/Admin/static/userlist/lenjoy/static/bootstrap/bsie/js/bootstrap-ie.min.js
ERR: 无法加载控制器:Public

[ 2017-07-13T19:12:47+08:00 ] ::1 /yjc/lby/Public/Admin/static/userlist/lenjoy/static/bootstrap/bsie/css/bootstrap-ie6.min.css
ERR: 无法加载控制器:Public

[ 2017-07-13T19:12:47+08:00 ] ::1 /yjc/lby/Public/Admin/static/userlist/lenjoy/static/bootstrap/bsie/js/bootstrap-ie.min.js
ERR: 无法加载控制器:Public

[ 2017-07-13T19:12:47+08:00 ] ::1 /yjc/lby/Public/Admin/static/userlist/skin/WdatePicker.css
ERR: 无法加载控制器:Public

[ 2017-07-13T19:15:02+08:00 ] ::1 /yjc/lby/Public/Admin/static/userlist/skin/WdatePicker.css
ERR: 无法加载控制器:Public

[ 2017-07-13T19:23:02+08:00 ] ::1 /yjc/lby/Public/Admin/static/userlist/lenjoy/static/bootstrap/bsie/css/bootstrap-ie6.min.css
ERR: 无法加载控制器:Public

[ 2017-07-13T19:23:02+08:00 ] ::1 /yjc/lby/Public/Admin/static/userlist/lenjoy/static/bootstrap/bsie/js/bootstrap-ie.min.js
ERR: 无法加载控制器:Public

[ 2017-07-13T19:23:02+08:00 ] ::1 /yjc/lby/Public/Admin/static/userlist/lenjoy/static/bootstrap/bsie/js/bootstrap-ie.min.js
ERR: 无法加载控制器:Public

[ 2017-07-13T19:23:02+08:00 ] ::1 /yjc/lby/Public/Admin/static/userlist/lenjoy/static/bootstrap/bsie/css/bootstrap-ie6.min.css
ERR: 无法加载控制器:Public

[ 2017-07-13T19:23:02+08:00 ] ::1 /yjc/lby/Public/Admin/static/userlist/skin/WdatePicker.css
ERR: 无法加载控制器:Public

[ 2017-07-13T19:23:25+08:00 ] ::1 /yjc/lby/index.php/Login/undefined?1499945005402
ERR: 非法操作:undefined

[ 2017-07-13T19:23:35+08:00 ] ::1 /yjc/lby/index.php/Admin/Index/index1.html
ERR: 非法操作:index1

[ 2017-07-13T19:23:38+08:00 ] ::1 /yjc/lby/Public/Admin/static/userlist/j/yjc/lby/Public/Admin/static/userlist/query_006.js
ERR: 无法加载控制器:Public

[ 2017-07-13T19:23:38+08:00 ] ::1 /yjc/lby/index.php/Lnstru/WdatePicker.css
ERR: 非法操作:WdatePicker.css

[ 2017-07-13T19:23:38+08:00 ] ::1 /yjc/lby/Public/Admin/static/userlist/j/yjc/lby/Public/Admin/static/userlist/query_006.js
ERR: 无法加载控制器:Public

[ 2017-07-13T19:23:39+08:00 ] ::1 /yjc/lby/Public/Admin/static/userlist/skin/WdatePicker.css
ERR: 无法加载控制器:Public

[ 2017-07-13T19:23:39+08:00 ] ::1 /yjc/lby/index.php/Lnstru/WdatePicker.css
ERR: 非法操作:WdatePicker.css

[ 2017-07-13T19:25:16+08:00 ] ::1 /yjc/lby/Public/Admin/static/userlist/skin/WdatePicker.css
ERR: 无法加载控制器:Public

[ 2017-07-13T19:28:53+08:00 ] ::1 /yjc/lby/Public/Admin/static/userlist/lenjoy/static/bootstrap/bsie/css/bootstrap-ie6.min.css
ERR: 无法加载控制器:Public

[ 2017-07-13T19:28:53+08:00 ] ::1 /yjc/lby/Public/Admin/static/userlist/lenjoy/static/bootstrap/bsie/js/bootstrap-ie.min.js
ERR: 无法加载控制器:Public

[ 2017-07-13T19:28:53+08:00 ] ::1 /yjc/lby/Public/Admin/static/userlist/lenjoy/static/bootstrap/bsie/css/bootstrap-ie6.min.css
ERR: 无法加载控制器:Public

[ 2017-07-13T19:28:53+08:00 ] ::1 /yjc/lby/Public/Admin/static/userlist/lenjoy/static/bootstrap/bsie/js/bootstrap-ie.min.js
ERR: 无法加载控制器:Public

[ 2017-07-13T19:28:53+08:00 ] ::1 /yjc/lby/Public/Admin/static/userlist/skin/WdatePicker.css
ERR: 无法加载控制器:Public

[ 2017-07-13T19:29:41+08:00 ] ::1 /yjc/lby/Public/Admin/static/userlist/skin/WdatePicker.css
ERR: 无法加载控制器:Public

[ 2017-07-13T19:29:46+08:00 ] ::1 /yjc/lby/Public/Admin/static/userlist/lenjoy/static/bootstrap/bsie/css/bootstrap-ie6.min.css
ERR: 无法加载控制器:Public

[ 2017-07-13T19:29:46+08:00 ] ::1 /yjc/lby/Public/Admin/static/userlist/lenjoy/static/bootstrap/bsie/js/bootstrap-ie.min.js
ERR: 无法加载控制器:Public

[ 2017-07-13T19:29:47+08:00 ] ::1 /yjc/lby/Public/Admin/static/userlist/lenjoy/static/bootstrap/bsie/css/bootstrap-ie6.min.css
ERR: 无法加载控制器:Public

[ 2017-07-13T19:29:47+08:00 ] ::1 /yjc/lby/Public/Admin/static/userlist/lenjoy/static/bootstrap/bsie/js/bootstrap-ie.min.js
ERR: 无法加载控制器:Public

[ 2017-07-13T19:29:47+08:00 ] ::1 /yjc/lby/Public/Admin/static/userlist/skin/WdatePicker.css
ERR: 无法加载控制器:Public

