[ 2017-06-07T09:17:27+08:00 ] ::1 /yjc/lby/index.php/Admin/Index/index1.html
ERR: 非法操作:index1

[ 2017-06-07T09:17:59+08:00 ] ::1 /yjc/lby/Public/Admin/static/userlist/j/yjc/lby/Public/Admin/static/userlist/query_006.js
ERR: 无法加载控制器:Public

[ 2017-06-07T09:17:59+08:00 ] ::1 /yjc/lby/index.php/Extension/WdatePicker.css
ERR: 非法操作:WdatePicker.css

[ 2017-06-07T09:17:59+08:00 ] ::1 /yjc/lby/Public/Admin/static/userlist/j/yjc/lby/Public/Admin/static/userlist/query_006.js
ERR: 无法加载控制器:Public

[ 2017-06-07T09:17:59+08:00 ] ::1 /yjc/lby/index.php/Extension/WdatePicker.css
ERR: 非法操作:WdatePicker.css

[ 2017-06-07T09:17:59+08:00 ] ::1 /yjc/lby/Public/Admin/static/userlist/skin/WdatePicker.css
ERR: 无法加载控制器:Public

[ 2017-06-07T09:20:32+08:00 ] ::1 /yjc/lby/index.php/Extension/WdatePicker.css
ERR: 非法操作:WdatePicker.css

[ 2017-06-07T09:20:32+08:00 ] ::1 /yjc/lby/Public/Admin/static/userlist/j/yjc/lby/Public/Admin/static/userlist/query_006.js
ERR: 无法加载控制器:Public

[ 2017-06-07T09:20:33+08:00 ] ::1 /yjc/lby/Public/Admin/static/userlist/j/yjc/lby/Public/Admin/static/userlist/query_006.js
ERR: 无法加载控制器:Public

[ 2017-06-07T09:20:33+08:00 ] ::1 /yjc/lby/index.php/Extension/WdatePicker.css
ERR: 非法操作:WdatePicker.css

[ 2017-06-07T09:20:33+08:00 ] ::1 /yjc/lby/Public/Admin/static/userlist/skin/WdatePicker.css
ERR: 无法加载控制器:Public

[ 2017-06-07T09:21:02+08:00 ] ::1 /yjc/lby/index.php/Extension/WdatePicker.css
ERR: 非法操作:WdatePicker.css

[ 2017-06-07T09:21:02+08:00 ] ::1 /yjc/lby/Public/Admin/static/userlist/j/yjc/lby/Public/Admin/static/userlist/query_006.js
ERR: 无法加载控制器:Public

[ 2017-06-07T09:21:02+08:00 ] ::1 /yjc/lby/Public/Admin/static/userlist/j/yjc/lby/Public/Admin/static/userlist/query_006.js
ERR: 无法加载控制器:Public

[ 2017-06-07T09:21:02+08:00 ] ::1 /yjc/lby/Public/Admin/static/userlist/skin/WdatePicker.css
ERR: 无法加载控制器:Public

[ 2017-06-07T09:21:02+08:00 ] ::1 /yjc/lby/index.php/Extension/WdatePicker.css
ERR: 非法操作:WdatePicker.css

[ 2017-06-07T09:21:08+08:00 ] ::1 /yjc/lby/index.php/Admin/Index/index1.html
ERR: 非法操作:index1

[ 2017-06-07T09:21:14+08:00 ] ::1 /yjc/lby/Public/Admin/static/userlist/j/yjc/lby/Public/Admin/static/userlist/query_006.js
ERR: 无法加载控制器:Public

[ 2017-06-07T09:21:14+08:00 ] ::1 /yjc/lby/index.php/Extension/WdatePicker.css
ERR: 非法操作:WdatePicker.css

[ 2017-06-07T09:21:14+08:00 ] ::1 /yjc/lby/Public/Admin/static/userlist/j/yjc/lby/Public/Admin/static/userlist/query_006.js
ERR: 无法加载控制器:Public

[ 2017-06-07T09:21:14+08:00 ] ::1 /yjc/lby/Public/Admin/static/userlist/skin/WdatePicker.css
ERR: 无法加载控制器:Public

[ 2017-06-07T09:21:14+08:00 ] ::1 /yjc/lby/index.php/Extension/WdatePicker.css
ERR: 非法操作:WdatePicker.css

[ 2017-06-07T09:22:08+08:00 ] ::1 /yjc/lby/Public/Admin/static/userlist/j/yjc/lby/Public/Admin/static/userlist/query_006.js
ERR: 无法加载控制器:Public

[ 2017-06-07T09:22:08+08:00 ] ::1 /yjc/lby/index.php/Extension/WdatePicker.css
ERR: 非法操作:WdatePicker.css

[ 2017-06-07T09:22:08+08:00 ] ::1 /yjc/lby/Public/Admin/static/userlist/j/yjc/lby/Public/Admin/static/userlist/query_006.js
ERR: 无法加载控制器:Public

[ 2017-06-07T09:22:08+08:00 ] ::1 /yjc/lby/index.php/Extension/WdatePicker.css
ERR: 非法操作:WdatePicker.css

[ 2017-06-07T09:22:08+08:00 ] ::1 /yjc/lby/Public/Admin/static/userlist/skin/WdatePicker.css
ERR: 无法加载控制器:Public

[ 2017-06-07T09:22:40+08:00 ] ::1 /yjc/lby/Public/Admin/static/userlist/j/yjc/lby/Public/Admin/static/userlist/query_006.js
ERR: 无法加载控制器:Public

[ 2017-06-07T09:22:40+08:00 ] ::1 /yjc/lby/index.php/Extension/WdatePicker.css
ERR: 非法操作:WdatePicker.css

[ 2017-06-07T09:22:40+08:00 ] ::1 /yjc/lby/Public/Admin/static/userlist/j/yjc/lby/Public/Admin/static/userlist/query_006.js
ERR: 无法加载控制器:Public

[ 2017-06-07T09:22:40+08:00 ] ::1 /yjc/lby/index.php/Extension/WdatePicker.css
ERR: 非法操作:WdatePicker.css

[ 2017-06-07T09:22:40+08:00 ] ::1 /yjc/lby/Public/Admin/static/userlist/skin/WdatePicker.css
ERR: 无法加载控制器:Public

[ 2017-06-07T09:22:46+08:00 ] ::1 /yjc/lby/index.php/Lead/index.html
ERR: 无法加载控制器:Lead

[ 2017-06-07T09:24:12+08:00 ] ::1 /yjc/lby/Public/Admin/static/userlist/j/yjc/lby/Public/Admin/static/userlist/query_006.js
ERR: 无法加载控制器:Public

[ 2017-06-07T09:24:12+08:00 ] ::1 /yjc/lby/index.php/Extension/WdatePicker.css
ERR: 非法操作:WdatePicker.css

[ 2017-06-07T09:24:12+08:00 ] ::1 /yjc/lby/Public/Admin/static/userlist/j/yjc/lby/Public/Admin/static/userlist/query_006.js
ERR: 无法加载控制器:Public

[ 2017-06-07T09:24:12+08:00 ] ::1 /yjc/lby/index.php/Extension/WdatePicker.css
ERR: 非法操作:WdatePicker.css

[ 2017-06-07T09:24:12+08:00 ] ::1 /yjc/lby/Public/Admin/static/userlist/skin/WdatePicker.css
ERR: 无法加载控制器:Public

[ 2017-06-07T09:25:53+08:00 ] ::1 /yjc/lby/index.php/Extension/WdatePicker.css
ERR: 非法操作:WdatePicker.css

[ 2017-06-07T09:25:53+08:00 ] ::1 /yjc/lby/Public/Admin/static/userlist/j/yjc/lby/Public/Admin/static/userlist/query_006.js
ERR: 无法加载控制器:Public

[ 2017-06-07T09:25:53+08:00 ] ::1 /yjc/lby/Public/Admin/static/userlist/j/yjc/lby/Public/Admin/static/userlist/query_006.js
ERR: 无法加载控制器:Public

[ 2017-06-07T09:25:53+08:00 ] ::1 /yjc/lby/index.php/Extension/WdatePicker.css
ERR: 非法操作:WdatePicker.css

[ 2017-06-07T09:25:53+08:00 ] ::1 /yjc/lby/Public/Admin/static/userlist/skin/WdatePicker.css
ERR: 无法加载控制器:Public

[ 2017-06-07T09:25:59+08:00 ] ::1 /yjc/lby/index.php/Extension/WdatePicker.css
ERR: 非法操作:WdatePicker.css

[ 2017-06-07T09:25:59+08:00 ] ::1 /yjc/lby/Public/Admin/static/userlist/j/yjc/lby/Public/Admin/static/userlist/query_006.js
ERR: 无法加载控制器:Public

[ 2017-06-07T09:25:59+08:00 ] ::1 /yjc/lby/Public/Admin/static/userlist/j/yjc/lby/Public/Admin/static/userlist/query_006.js
ERR: 无法加载控制器:Public

[ 2017-06-07T09:25:59+08:00 ] ::1 /yjc/lby/Public/Admin/static/userlist/skin/WdatePicker.css
ERR: 无法加载控制器:Public

[ 2017-06-07T09:25:59+08:00 ] ::1 /yjc/lby/index.php/Extension/WdatePicker.css
ERR: 非法操作:WdatePicker.css

[ 2017-06-07T09:26:19+08:00 ] ::1 /yjc/lby/Public/Admin/static/userlist/j/yjc/lby/Public/Admin/static/userlist/query_006.js
ERR: 无法加载控制器:Public

[ 2017-06-07T09:26:19+08:00 ] ::1 /yjc/lby/index.php/Extension/WdatePicker.css
ERR: 非法操作:WdatePicker.css

[ 2017-06-07T09:26:19+08:00 ] ::1 /yjc/lby/Public/Admin/static/userlist/j/yjc/lby/Public/Admin/static/userlist/query_006.js
ERR: 无法加载控制器:Public

[ 2017-06-07T09:26:19+08:00 ] ::1 /yjc/lby/index.php/Extension/WdatePicker.css
ERR: 非法操作:WdatePicker.css

[ 2017-06-07T09:26:19+08:00 ] ::1 /yjc/lby/Public/Admin/static/userlist/skin/WdatePicker.css
ERR: 无法加载控制器:Public

[ 2017-06-07T09:26:23+08:00 ] ::1 /yjc/lby/Public/Admin/static/userlist/j/yjc/lby/Public/Admin/static/userlist/query_006.js
ERR: 无法加载控制器:Public

[ 2017-06-07T09:26:23+08:00 ] ::1 /yjc/lby/index.php/Extension/WdatePicker.css
ERR: 非法操作:WdatePicker.css

[ 2017-06-07T09:26:23+08:00 ] ::1 /yjc/lby/Public/Admin/static/userlist/j/yjc/lby/Public/Admin/static/userlist/query_006.js
ERR: 无法加载控制器:Public

[ 2017-06-07T09:26:23+08:00 ] ::1 /yjc/lby/index.php/Extension/WdatePicker.css
ERR: 非法操作:WdatePicker.css

[ 2017-06-07T09:26:23+08:00 ] ::1 /yjc/lby/Public/Admin/static/userlist/skin/WdatePicker.css
ERR: 无法加载控制器:Public

[ 2017-06-07T09:33:22+08:00 ] ::1 /yjc/lby/index.php/Admin/Index/index1.html
ERR: 非法操作:index1

[ 2017-06-07T09:33:27+08:00 ] ::1 /yjc/lby/Public/Admin/static/userlist/j/yjc/lby/Public/Admin/static/userlist/query_006.js
ERR: 无法加载控制器:Public

[ 2017-06-07T09:33:27+08:00 ] ::1 /yjc/lby/index.php/Lead/WdatePicker.css
ERR: 非法操作:WdatePicker.css

[ 2017-06-07T09:33:27+08:00 ] ::1 /yjc/lby/Public/Admin/static/userlist/j/yjc/lby/Public/Admin/static/userlist/query_006.js
ERR: 无法加载控制器:Public

[ 2017-06-07T09:33:27+08:00 ] ::1 /yjc/lby/index.php/Lead/WdatePicker.css
ERR: 非法操作:WdatePicker.css

[ 2017-06-07T09:33:27+08:00 ] ::1 /yjc/lby/Public/Admin/static/userlist/skin/WdatePicker.css
ERR: 无法加载控制器:Public

[ 2017-06-07T09:37:33+08:00 ] ::1 /yjc/lby/Public/Admin/static/userlist/j/yjc/lby/Public/Admin/static/userlist/query_006.js
ERR: 无法加载控制器:Public

[ 2017-06-07T09:37:33+08:00 ] ::1 /yjc/lby/index.php/Lead/WdatePicker.css
ERR: 非法操作:WdatePicker.css

[ 2017-06-07T09:37:33+08:00 ] ::1 /yjc/lby/Public/Admin/static/userlist/j/yjc/lby/Public/Admin/static/userlist/query_006.js
ERR: 无法加载控制器:Public

[ 2017-06-07T09:37:33+08:00 ] ::1 /yjc/lby/index.php/Lead/WdatePicker.css
ERR: 非法操作:WdatePicker.css

[ 2017-06-07T09:37:33+08:00 ] ::1 /yjc/lby/Public/Admin/static/userlist/skin/WdatePicker.css
ERR: 无法加载控制器:Public

[ 2017-06-07T09:37:36+08:00 ] ::1 /yjc/lby/Public/Admin/static/userlist/j/yjc/lby/Public/Admin/static/userlist/query_006.js
ERR: 无法加载控制器:Public

[ 2017-06-07T09:37:36+08:00 ] ::1 /yjc/lby/index.php/Lead/WdatePicker.css
ERR: 非法操作:WdatePicker.css

[ 2017-06-07T09:37:36+08:00 ] ::1 /yjc/lby/Public/Admin/static/userlist/j/yjc/lby/Public/Admin/static/userlist/query_006.js
ERR: 无法加载控制器:Public

[ 2017-06-07T09:37:36+08:00 ] ::1 /yjc/lby/Public/Admin/static/userlist/skin/WdatePicker.css
ERR: 无法加载控制器:Public

[ 2017-06-07T09:37:36+08:00 ] ::1 /yjc/lby/index.php/Lead/WdatePicker.css
ERR: 非法操作:WdatePicker.css

[ 2017-06-07T09:39:00+08:00 ] ::1 /yjc/lby/index.php/Lead/WdatePicker.css
ERR: 非法操作:WdatePicker.css

[ 2017-06-07T09:39:00+08:00 ] ::1 /yjc/lby/Public/Admin/static/userlist/j/yjc/lby/Public/Admin/static/userlist/query_006.js
ERR: 无法加载控制器:Public

[ 2017-06-07T09:39:01+08:00 ] ::1 /yjc/lby/Public/Admin/static/userlist/j/yjc/lby/Public/Admin/static/userlist/query_006.js
ERR: 无法加载控制器:Public

[ 2017-06-07T09:39:01+08:00 ] ::1 /yjc/lby/index.php/Lead/WdatePicker.css
ERR: 非法操作:WdatePicker.css

[ 2017-06-07T09:39:01+08:00 ] ::1 /yjc/lby/Public/Admin/static/userlist/skin/WdatePicker.css
ERR: 无法加载控制器:Public

[ 2017-06-07T09:42:09+08:00 ] ::1 /yjc/lby/index.php/Admin/Index/index1.html
ERR: 非法操作:index1

[ 2017-06-07T09:42:12+08:00 ] ::1 /yjc/lby/index.php/Admin/Index/index1.html
ERR: 非法操作:index1

[ 2017-06-07T09:42:21+08:00 ] ::1 /yjc/lby/Public/Admin/static/userlist/j/yjc/lby/Public/Admin/static/userlist/query_006.js
ERR: 无法加载控制器:Public

[ 2017-06-07T09:42:21+08:00 ] ::1 /yjc/lby/index.php/Lead/WdatePicker.css
ERR: 非法操作:WdatePicker.css

[ 2017-06-07T09:42:21+08:00 ] ::1 /yjc/lby/Public/Admin/static/userlist/j/yjc/lby/Public/Admin/static/userlist/query_006.js
ERR: 无法加载控制器:Public

[ 2017-06-07T09:42:21+08:00 ] ::1 /yjc/lby/Public/Admin/static/userlist/skin/WdatePicker.css
ERR: 无法加载控制器:Public

[ 2017-06-07T09:42:21+08:00 ] ::1 /yjc/lby/index.php/Lead/WdatePicker.css
ERR: 非法操作:WdatePicker.css

[ 2017-06-07T09:45:21+08:00 ] ::1 /yjc/lby/Public/Admin/static/userlist/j/yjc/lby/Public/Admin/static/userlist/query_006.js
ERR: 无法加载控制器:Public

[ 2017-06-07T09:45:21+08:00 ] ::1 /yjc/lby/index.php/Lead/WdatePicker.css
ERR: 非法操作:WdatePicker.css

[ 2017-06-07T09:45:21+08:00 ] ::1 /yjc/lby/Public/Admin/static/userlist/j/yjc/lby/Public/Admin/static/userlist/query_006.js
ERR: 无法加载控制器:Public

[ 2017-06-07T09:45:21+08:00 ] ::1 /yjc/lby/Public/Admin/static/userlist/skin/WdatePicker.css
ERR: 无法加载控制器:Public

[ 2017-06-07T09:45:21+08:00 ] ::1 /yjc/lby/index.php/Lead/WdatePicker.css
ERR: 非法操作:WdatePicker.css

[ 2017-06-07T09:46:17+08:00 ] ::1 /yjc/lby/index.php/Lead/WdatePicker.css
ERR: 非法操作:WdatePicker.css

[ 2017-06-07T09:46:18+08:00 ] ::1 /yjc/lby/Public/Admin/static/userlist/j/yjc/lby/Public/Admin/static/userlist/query_006.js
ERR: 无法加载控制器:Public

[ 2017-06-07T09:46:18+08:00 ] ::1 /yjc/lby/Public/Admin/static/userlist/j/yjc/lby/Public/Admin/static/userlist/query_006.js
ERR: 无法加载控制器:Public

[ 2017-06-07T09:46:18+08:00 ] ::1 /yjc/lby/Public/Admin/static/userlist/skin/WdatePicker.css
ERR: 无法加载控制器:Public

[ 2017-06-07T09:46:18+08:00 ] ::1 /yjc/lby/index.php/Lead/WdatePicker.css
ERR: 非法操作:WdatePicker.css

[ 2017-06-07T09:47:42+08:00 ] ::1 /yjc/lby/index.php/Lead/WdatePicker.css
ERR: 非法操作:WdatePicker.css

[ 2017-06-07T09:47:42+08:00 ] ::1 /yjc/lby/Public/Admin/static/userlist/j/yjc/lby/Public/Admin/static/userlist/query_006.js
ERR: 无法加载控制器:Public

[ 2017-06-07T09:47:42+08:00 ] ::1 /yjc/lby/Public/Admin/static/userlist/j/yjc/lby/Public/Admin/static/userlist/query_006.js
ERR: 无法加载控制器:Public

[ 2017-06-07T09:47:42+08:00 ] ::1 /yjc/lby/index.php/Lead/WdatePicker.css
ERR: 非法操作:WdatePicker.css

[ 2017-06-07T09:47:42+08:00 ] ::1 /yjc/lby/Public/Admin/static/userlist/skin/WdatePicker.css
ERR: 无法加载控制器:Public

[ 2017-06-07T09:47:57+08:00 ] ::1 /yjc/lby/Public/Admin/static/userlist/j/yjc/lby/Public/Admin/static/userlist/query_006.js
ERR: 无法加载控制器:Public

[ 2017-06-07T09:47:57+08:00 ] ::1 /yjc/lby/index.php/Lead/WdatePicker.css
ERR: 非法操作:WdatePicker.css

[ 2017-06-07T09:47:57+08:00 ] ::1 /yjc/lby/Public/Admin/static/userlist/j/yjc/lby/Public/Admin/static/userlist/query_006.js
ERR: 无法加载控制器:Public

[ 2017-06-07T09:47:57+08:00 ] ::1 /yjc/lby/index.php/Lead/WdatePicker.css
ERR: 非法操作:WdatePicker.css

[ 2017-06-07T09:47:57+08:00 ] ::1 /yjc/lby/Public/Admin/static/userlist/skin/WdatePicker.css
ERR: 无法加载控制器:Public

[ 2017-06-07T09:48:11+08:00 ] ::1 /yjc/lby/index.php/Lead/WdatePicker.css
ERR: 非法操作:WdatePicker.css

[ 2017-06-07T09:48:11+08:00 ] ::1 /yjc/lby/Public/Admin/static/userlist/j/yjc/lby/Public/Admin/static/userlist/query_006.js
ERR: 无法加载控制器:Public

[ 2017-06-07T09:48:11+08:00 ] ::1 /yjc/lby/Public/Admin/static/userlist/j/yjc/lby/Public/Admin/static/userlist/query_006.js
ERR: 无法加载控制器:Public

[ 2017-06-07T09:48:11+08:00 ] ::1 /yjc/lby/index.php/Lead/WdatePicker.css
ERR: 非法操作:WdatePicker.css

[ 2017-06-07T09:48:11+08:00 ] ::1 /yjc/lby/Public/Admin/static/userlist/skin/WdatePicker.css
ERR: 无法加载控制器:Public

[ 2017-06-07T09:48:35+08:00 ] ::1 /yjc/lby/Public/Admin/static/userlist/j/yjc/lby/Public/Admin/static/userlist/query_006.js
ERR: 无法加载控制器:Public

[ 2017-06-07T09:48:35+08:00 ] ::1 /yjc/lby/index.php/Lead/WdatePicker.css
ERR: 非法操作:WdatePicker.css

[ 2017-06-07T09:48:35+08:00 ] ::1 /yjc/lby/Public/Admin/static/userlist/j/yjc/lby/Public/Admin/static/userlist/query_006.js
ERR: 无法加载控制器:Public

[ 2017-06-07T09:48:35+08:00 ] ::1 /yjc/lby/Public/Admin/static/userlist/skin/WdatePicker.css
ERR: 无法加载控制器:Public

[ 2017-06-07T09:48:35+08:00 ] ::1 /yjc/lby/index.php/Lead/WdatePicker.css
ERR: 非法操作:WdatePicker.css

[ 2017-06-07T09:48:53+08:00 ] ::1 /yjc/lby/index.php/Lead/WdatePicker.css
ERR: 非法操作:WdatePicker.css

[ 2017-06-07T09:48:53+08:00 ] ::1 /yjc/lby/Public/Admin/static/userlist/j/yjc/lby/Public/Admin/static/userlist/query_006.js
ERR: 无法加载控制器:Public

[ 2017-06-07T09:48:54+08:00 ] ::1 /yjc/lby/Public/Admin/static/userlist/j/yjc/lby/Public/Admin/static/userlist/query_006.js
ERR: 无法加载控制器:Public

[ 2017-06-07T09:48:54+08:00 ] ::1 /yjc/lby/Public/Admin/static/userlist/skin/WdatePicker.css
ERR: 无法加载控制器:Public

[ 2017-06-07T09:48:54+08:00 ] ::1 /yjc/lby/index.php/Lead/WdatePicker.css
ERR: 非法操作:WdatePicker.css

[ 2017-06-07T09:50:37+08:00 ] ::1 /yjc/lby/Public/Admin/static/userlist/j/yjc/lby/Public/Admin/static/userlist/query_006.js
ERR: 无法加载控制器:Public

[ 2017-06-07T09:50:37+08:00 ] ::1 /yjc/lby/index.php/Lead/WdatePicker.css
ERR: 非法操作:WdatePicker.css

[ 2017-06-07T09:50:37+08:00 ] ::1 /yjc/lby/Public/Admin/static/userlist/j/yjc/lby/Public/Admin/static/userlist/query_006.js
ERR: 无法加载控制器:Public

[ 2017-06-07T09:50:37+08:00 ] ::1 /yjc/lby/index.php/Lead/WdatePicker.css
ERR: 非法操作:WdatePicker.css

[ 2017-06-07T09:50:37+08:00 ] ::1 /yjc/lby/Public/Admin/static/userlist/skin/WdatePicker.css
ERR: 无法加载控制器:Public

[ 2017-06-07T09:50:58+08:00 ] ::1 /yjc/lby/Public/Admin/static/userlist/j/yjc/lby/Public/Admin/static/userlist/query_006.js
ERR: 无法加载控制器:Public

[ 2017-06-07T09:50:58+08:00 ] ::1 /yjc/lby/index.php/Lead/WdatePicker.css
ERR: 非法操作:WdatePicker.css

[ 2017-06-07T09:50:58+08:00 ] ::1 /yjc/lby/Public/Admin/static/userlist/j/yjc/lby/Public/Admin/static/userlist/query_006.js
ERR: 无法加载控制器:Public

[ 2017-06-07T09:50:58+08:00 ] ::1 /yjc/lby/index.php/Lead/WdatePicker.css
ERR: 非法操作:WdatePicker.css

[ 2017-06-07T09:50:58+08:00 ] ::1 /yjc/lby/Public/Admin/static/userlist/skin/WdatePicker.css
ERR: 无法加载控制器:Public

[ 2017-06-07T09:51:10+08:00 ] ::1 /yjc/lby/Public/Admin/static/userlist/j/yjc/lby/Public/Admin/static/userlist/query_006.js
ERR: 无法加载控制器:Public

[ 2017-06-07T09:51:10+08:00 ] ::1 /yjc/lby/index.php/Lead/WdatePicker.css
ERR: 非法操作:WdatePicker.css

[ 2017-06-07T09:51:10+08:00 ] ::1 /yjc/lby/Public/Admin/static/userlist/j/yjc/lby/Public/Admin/static/userlist/query_006.js
ERR: 无法加载控制器:Public

[ 2017-06-07T09:51:10+08:00 ] ::1 /yjc/lby/index.php/Lead/WdatePicker.css
ERR: 非法操作:WdatePicker.css

[ 2017-06-07T09:51:10+08:00 ] ::1 /yjc/lby/Public/Admin/static/userlist/skin/WdatePicker.css
ERR: 无法加载控制器:Public

[ 2017-06-07T09:52:42+08:00 ] ::1 /yjc/lby/Public/Admin/static/userlist/j/yjc/lby/Public/Admin/static/userlist/query_006.js
ERR: 无法加载控制器:Public

[ 2017-06-07T09:52:42+08:00 ] ::1 /yjc/lby/index.php/Lead/WdatePicker.css
ERR: 非法操作:WdatePicker.css

[ 2017-06-07T09:52:42+08:00 ] ::1 /yjc/lby/Public/Admin/static/userlist/j/yjc/lby/Public/Admin/static/userlist/query_006.js
ERR: 无法加载控制器:Public

[ 2017-06-07T09:52:42+08:00 ] ::1 /yjc/lby/Public/Admin/static/userlist/skin/WdatePicker.css
ERR: 无法加载控制器:Public

[ 2017-06-07T09:52:42+08:00 ] ::1 /yjc/lby/index.php/Lead/WdatePicker.css
ERR: 非法操作:WdatePicker.css

[ 2017-06-07T10:24:21+08:00 ] ::1 /yjc/lby/index.php/Lead/index.html
ERR: 1064:You have an error in your SQL syntax; check the manual that corresponds to your MySQL server version for the right syntax to use near 'hou_product' at line 1
 [ SQL语句 ] : select product_name form hou_product

[ 2017-06-07T10:28:46+08:00 ] ::1 /yjc/lby/Public/Admin/static/userlist/j/yjc/lby/Public/Admin/static/userlist/query_006.js
ERR: 无法加载控制器:Public

[ 2017-06-07T10:28:46+08:00 ] ::1 /yjc/lby/index.php/Lead/WdatePicker.css
ERR: 非法操作:WdatePicker.css

[ 2017-06-07T10:28:46+08:00 ] ::1 /yjc/lby/Public/Admin/static/userlist/j/yjc/lby/Public/Admin/static/userlist/query_006.js
ERR: 无法加载控制器:Public

[ 2017-06-07T10:28:47+08:00 ] ::1 /yjc/lby/Public/Admin/static/userlist/skin/WdatePicker.css
ERR: 无法加载控制器:Public

[ 2017-06-07T10:28:47+08:00 ] ::1 /yjc/lby/index.php/Lead/WdatePicker.css
ERR: 非法操作:WdatePicker.css

[ 2017-06-07T10:29:05+08:00 ] ::1 /yjc/lby/index.php/Lead/WdatePicker.css
ERR: 非法操作:WdatePicker.css

[ 2017-06-07T10:29:05+08:00 ] ::1 /yjc/lby/Public/Admin/static/userlist/j/yjc/lby/Public/Admin/static/userlist/query_006.js
ERR: 无法加载控制器:Public

[ 2017-06-07T10:29:05+08:00 ] ::1 /yjc/lby/Public/Admin/static/userlist/j/yjc/lby/Public/Admin/static/userlist/query_006.js
ERR: 无法加载控制器:Public

[ 2017-06-07T10:29:05+08:00 ] ::1 /yjc/lby/Public/Admin/static/userlist/skin/WdatePicker.css
ERR: 无法加载控制器:Public

[ 2017-06-07T10:29:05+08:00 ] ::1 /yjc/lby/index.php/Lead/WdatePicker.css
ERR: 非法操作:WdatePicker.css

[ 2017-06-07T10:30:23+08:00 ] ::1 /yjc/lby/Public/Admin/static/userlist/j/yjc/lby/Public/Admin/static/userlist/query_006.js
ERR: 无法加载控制器:Public

[ 2017-06-07T10:30:23+08:00 ] ::1 /yjc/lby/index.php/Lead/WdatePicker.css
ERR: 非法操作:WdatePicker.css

[ 2017-06-07T10:30:23+08:00 ] ::1 /yjc/lby/Public/Admin/static/userlist/j/yjc/lby/Public/Admin/static/userlist/query_006.js
ERR: 无法加载控制器:Public

[ 2017-06-07T10:30:23+08:00 ] ::1 /yjc/lby/Public/Admin/static/userlist/skin/WdatePicker.css
ERR: 无法加载控制器:Public

[ 2017-06-07T10:30:23+08:00 ] ::1 /yjc/lby/index.php/Lead/WdatePicker.css
ERR: 非法操作:WdatePicker.css

[ 2017-06-07T10:31:17+08:00 ] ::1 /yjc/lby/Public/Admin/static/userlist/j/yjc/lby/Public/Admin/static/userlist/query_006.js
ERR: 无法加载控制器:Public

[ 2017-06-07T10:31:17+08:00 ] ::1 /yjc/lby/index.php/Lead/WdatePicker.css
ERR: 非法操作:WdatePicker.css

[ 2017-06-07T10:31:17+08:00 ] ::1 /yjc/lby/Public/Admin/static/userlist/j/yjc/lby/Public/Admin/static/userlist/query_006.js
ERR: 无法加载控制器:Public

[ 2017-06-07T10:31:17+08:00 ] ::1 /yjc/lby/index.php/Lead/WdatePicker.css
ERR: 非法操作:WdatePicker.css

[ 2017-06-07T10:31:17+08:00 ] ::1 /yjc/lby/Public/Admin/static/userlist/skin/WdatePicker.css
ERR: 无法加载控制器:Public

[ 2017-06-07T10:42:14+08:00 ] ::1 /yjc/lby/Public/Admin/static/userlist/j/yjc/lby/Public/Admin/static/userlist/query_006.js
ERR: 无法加载控制器:Public

[ 2017-06-07T10:42:14+08:00 ] ::1 /yjc/lby/index.php/Lead/WdatePicker.css
ERR: 非法操作:WdatePicker.css

[ 2017-06-07T10:42:14+08:00 ] ::1 /yjc/lby/Public/Admin/static/userlist/j/yjc/lby/Public/Admin/static/userlist/query_006.js
ERR: 无法加载控制器:Public

[ 2017-06-07T10:42:14+08:00 ] ::1 /yjc/lby/index.php/Lead/WdatePicker.css
ERR: 非法操作:WdatePicker.css

[ 2017-06-07T10:42:14+08:00 ] ::1 /yjc/lby/Public/Admin/static/userlist/skin/WdatePicker.css
ERR: 无法加载控制器:Public

[ 2017-06-07T10:49:45+08:00 ] ::1 /yjc/lby/Public/Admin/static/userlist/j/yjc/lby/Public/Admin/static/userlist/query_006.js
ERR: 无法加载控制器:Public

[ 2017-06-07T10:49:45+08:00 ] ::1 /yjc/lby/index.php/Lead/WdatePicker.css
ERR: 非法操作:WdatePicker.css

[ 2017-06-07T10:49:45+08:00 ] ::1 /yjc/lby/Public/Admin/static/userlist/j/yjc/lby/Public/Admin/static/userlist/query_006.js
ERR: 无法加载控制器:Public

[ 2017-06-07T10:49:45+08:00 ] ::1 /yjc/lby/index.php/Lead/WdatePicker.css
ERR: 非法操作:WdatePicker.css

[ 2017-06-07T10:49:45+08:00 ] ::1 /yjc/lby/Public/Admin/static/userlist/skin/WdatePicker.css
ERR: 无法加载控制器:Public

[ 2017-06-07T10:50:50+08:00 ] ::1 /yjc/lby/Public/Admin/static/userlist/j/yjc/lby/Public/Admin/static/userlist/query_006.js
ERR: 无法加载控制器:Public

[ 2017-06-07T10:50:50+08:00 ] ::1 /yjc/lby/index.php/Lead/WdatePicker.css
ERR: 非法操作:WdatePicker.css

[ 2017-06-07T10:50:50+08:00 ] ::1 /yjc/lby/Public/Admin/static/userlist/j/yjc/lby/Public/Admin/static/userlist/query_006.js
ERR: 无法加载控制器:Public

[ 2017-06-07T10:50:50+08:00 ] ::1 /yjc/lby/Public/Admin/static/userlist/skin/WdatePicker.css
ERR: 无法加载控制器:Public

[ 2017-06-07T10:50:50+08:00 ] ::1 /yjc/lby/index.php/Lead/WdatePicker.css
ERR: 非法操作:WdatePicker.css

[ 2017-06-07T10:54:03+08:00 ] ::1 /yjc/lby/index.php/Lead/WdatePicker.css
ERR: 非法操作:WdatePicker.css

[ 2017-06-07T10:54:03+08:00 ] ::1 /yjc/lby/Public/Admin/static/userlist/j/yjc/lby/Public/Admin/static/userlist/query_006.js
ERR: 无法加载控制器:Public

[ 2017-06-07T10:54:03+08:00 ] ::1 /yjc/lby/Public/Admin/static/userlist/j/yjc/lby/Public/Admin/static/userlist/query_006.js
ERR: 无法加载控制器:Public

[ 2017-06-07T10:54:03+08:00 ] ::1 /yjc/lby/index.php/Lead/WdatePicker.css
ERR: 非法操作:WdatePicker.css

[ 2017-06-07T10:54:03+08:00 ] ::1 /yjc/lby/Public/Admin/static/userlist/skin/WdatePicker.css
ERR: 无法加载控制器:Public

[ 2017-06-07T10:54:08+08:00 ] ::1 /yjc/lby/index.php/Lead/inserto.html
ERR: 模板不存在:./Application/Admin/View/Lead/inserto.html

[ 2017-06-07T10:55:55+08:00 ] ::1 /yjc/lby/index.php/Lead/WdatePicker.css
ERR: 非法操作:WdatePicker.css

[ 2017-06-07T10:55:55+08:00 ] ::1 /yjc/lby/Public/Admin/static/userlist/j/yjc/lby/Public/Admin/static/userlist/query_006.js
ERR: 无法加载控制器:Public

[ 2017-06-07T10:55:55+08:00 ] ::1 /yjc/lby/Public/Admin/static/userlist/j/yjc/lby/Public/Admin/static/userlist/query_006.js
ERR: 无法加载控制器:Public

[ 2017-06-07T10:55:55+08:00 ] ::1 /yjc/lby/index.php/Lead/WdatePicker.css
ERR: 非法操作:WdatePicker.css

[ 2017-06-07T10:55:55+08:00 ] ::1 /yjc/lby/Public/Admin/static/userlist/skin/WdatePicker.css
ERR: 无法加载控制器:Public

[ 2017-06-07T10:56:00+08:00 ] ::1 /yjc/lby/Public/Admin/static/userlist/j/yjc/lby/Public/Admin/static/userlist/query_006.js
ERR: 无法加载控制器:Public

[ 2017-06-07T10:56:00+08:00 ] ::1 /yjc/lby/index.php/Lead/WdatePicker.css
ERR: 非法操作:WdatePicker.css

[ 2017-06-07T10:56:00+08:00 ] ::1 /yjc/lby/Public/Admin/static/userlist/j/yjc/lby/Public/Admin/static/userlist/query_006.js
ERR: 无法加载控制器:Public

[ 2017-06-07T10:56:00+08:00 ] ::1 /yjc/lby/Public/Admin/static/userlist/skin/WdatePicker.css
ERR: 无法加载控制器:Public

[ 2017-06-07T10:56:00+08:00 ] ::1 /yjc/lby/index.php/Lead/WdatePicker.css
ERR: 非法操作:WdatePicker.css

[ 2017-06-07T10:57:41+08:00 ] ::1 /yjc/lby/Public/Admin/static/userlist/j/yjc/lby/Public/Admin/static/userlist/query_006.js
ERR: 无法加载控制器:Public

[ 2017-06-07T10:57:41+08:00 ] ::1 /yjc/lby/index.php/Lead/WdatePicker.css
ERR: 非法操作:WdatePicker.css

[ 2017-06-07T10:57:42+08:00 ] ::1 /yjc/lby/Public/Admin/static/userlist/j/yjc/lby/Public/Admin/static/userlist/query_006.js
ERR: 无法加载控制器:Public

[ 2017-06-07T10:57:42+08:00 ] ::1 /yjc/lby/Public/Admin/static/userlist/skin/WdatePicker.css
ERR: 无法加载控制器:Public

[ 2017-06-07T10:57:42+08:00 ] ::1 /yjc/lby/index.php/Lead/WdatePicker.css
ERR: 非法操作:WdatePicker.css

[ 2017-06-07T10:59:19+08:00 ] ::1 /yjc/lby/Public/Admin/static/userlist/j/yjc/lby/Public/Admin/static/userlist/query_006.js
ERR: 无法加载控制器:Public

[ 2017-06-07T10:59:19+08:00 ] ::1 /yjc/lby/index.php/Lead/WdatePicker.css
ERR: 非法操作:WdatePicker.css

[ 2017-06-07T10:59:19+08:00 ] ::1 /yjc/lby/Public/Admin/static/userlist/j/yjc/lby/Public/Admin/static/userlist/query_006.js
ERR: 无法加载控制器:Public

[ 2017-06-07T10:59:19+08:00 ] ::1 /yjc/lby/Public/Admin/static/userlist/skin/WdatePicker.css
ERR: 无法加载控制器:Public

[ 2017-06-07T10:59:19+08:00 ] ::1 /yjc/lby/index.php/Lead/WdatePicker.css
ERR: 非法操作:WdatePicker.css

[ 2017-06-07T11:00:26+08:00 ] ::1 /yjc/lby/Public/Admin/static/userlist/j/yjc/lby/Public/Admin/static/userlist/query_006.js
ERR: 无法加载控制器:Public

[ 2017-06-07T11:00:26+08:00 ] ::1 /yjc/lby/index.php/Lead/WdatePicker.css
ERR: 非法操作:WdatePicker.css

[ 2017-06-07T11:00:26+08:00 ] ::1 /yjc/lby/Public/Admin/static/userlist/j/yjc/lby/Public/Admin/static/userlist/query_006.js
ERR: 无法加载控制器:Public

[ 2017-06-07T11:00:26+08:00 ] ::1 /yjc/lby/Public/Admin/static/userlist/skin/WdatePicker.css
ERR: 无法加载控制器:Public

[ 2017-06-07T11:00:26+08:00 ] ::1 /yjc/lby/index.php/Lead/WdatePicker.css
ERR: 非法操作:WdatePicker.css

[ 2017-06-07T11:03:47+08:00 ] ::1 /yjc/lby/Public/Admin/static/userlist/j/yjc/lby/Public/Admin/static/userlist/query_006.js
ERR: 无法加载控制器:Public

[ 2017-06-07T11:03:47+08:00 ] ::1 /yjc/lby/index.php/Lead/WdatePicker.css
ERR: 非法操作:WdatePicker.css

[ 2017-06-07T11:03:47+08:00 ] ::1 /yjc/lby/Public/Admin/static/userlist/j/yjc/lby/Public/Admin/static/userlist/query_006.js
ERR: 无法加载控制器:Public

[ 2017-06-07T11:03:47+08:00 ] ::1 /yjc/lby/Public/Admin/static/userlist/skin/WdatePicker.css
ERR: 无法加载控制器:Public

[ 2017-06-07T11:03:47+08:00 ] ::1 /yjc/lby/index.php/Lead/WdatePicker.css
ERR: 非法操作:WdatePicker.css

[ 2017-06-07T11:04:36+08:00 ] ::1 /yjc/lby/Public/Admin/static/userlist/j/yjc/lby/Public/Admin/static/userlist/query_006.js
ERR: 无法加载控制器:Public

[ 2017-06-07T11:04:36+08:00 ] ::1 /yjc/lby/index.php/Lead/WdatePicker.css
ERR: 非法操作:WdatePicker.css

[ 2017-06-07T11:04:36+08:00 ] ::1 /yjc/lby/Public/Admin/static/userlist/j/yjc/lby/Public/Admin/static/userlist/query_006.js
ERR: 无法加载控制器:Public

[ 2017-06-07T11:04:36+08:00 ] ::1 /yjc/lby/index.php/Lead/WdatePicker.css
ERR: 非法操作:WdatePicker.css

[ 2017-06-07T11:04:36+08:00 ] ::1 /yjc/lby/Public/Admin/static/userlist/skin/WdatePicker.css
ERR: 无法加载控制器:Public

[ 2017-06-07T11:04:40+08:00 ] ::1 /yjc/lby/index.php/Lead/WdatePicker.css
ERR: 非法操作:WdatePicker.css

[ 2017-06-07T11:04:40+08:00 ] ::1 /yjc/lby/Public/Admin/static/userlist/j/yjc/lby/Public/Admin/static/userlist/query_006.js
ERR: 无法加载控制器:Public

[ 2017-06-07T11:04:40+08:00 ] ::1 /yjc/lby/Public/Admin/static/userlist/j/yjc/lby/Public/Admin/static/userlist/query_006.js
ERR: 无法加载控制器:Public

[ 2017-06-07T11:04:40+08:00 ] ::1 /yjc/lby/Public/Admin/static/userlist/skin/WdatePicker.css
ERR: 无法加载控制器:Public

[ 2017-06-07T11:04:40+08:00 ] ::1 /yjc/lby/index.php/Lead/WdatePicker.css
ERR: 非法操作:WdatePicker.css

[ 2017-06-07T11:05:52+08:00 ] ::1 /yjc/lby/Public/Admin/static/userlist/j/yjc/lby/Public/Admin/static/userlist/query_006.js
ERR: 无法加载控制器:Public

[ 2017-06-07T11:05:52+08:00 ] ::1 /yjc/lby/index.php/Lead/WdatePicker.css
ERR: 非法操作:WdatePicker.css

[ 2017-06-07T11:05:52+08:00 ] ::1 /yjc/lby/Public/Admin/static/userlist/j/yjc/lby/Public/Admin/static/userlist/query_006.js
ERR: 无法加载控制器:Public

[ 2017-06-07T11:05:52+08:00 ] ::1 /yjc/lby/index.php/Lead/WdatePicker.css
ERR: 非法操作:WdatePicker.css

[ 2017-06-07T11:05:52+08:00 ] ::1 /yjc/lby/Public/Admin/static/userlist/skin/WdatePicker.css
ERR: 无法加载控制器:Public

[ 2017-06-07T11:06:09+08:00 ] ::1 /yjc/lby/Public/Admin/static/userlist/j/yjc/lby/Public/Admin/static/userlist/query_006.js
ERR: 无法加载控制器:Public

[ 2017-06-07T11:06:09+08:00 ] ::1 /yjc/lby/index.php/Lead/WdatePicker.css
ERR: 非法操作:WdatePicker.css

[ 2017-06-07T11:06:09+08:00 ] ::1 /yjc/lby/Public/Admin/static/userlist/j/yjc/lby/Public/Admin/static/userlist/query_006.js
ERR: 无法加载控制器:Public

[ 2017-06-07T11:06:09+08:00 ] ::1 /yjc/lby/index.php/Lead/WdatePicker.css
ERR: 非法操作:WdatePicker.css

[ 2017-06-07T11:06:09+08:00 ] ::1 /yjc/lby/Public/Admin/static/userlist/skin/WdatePicker.css
ERR: 无法加载控制器:Public

[ 2017-06-07T11:16:45+08:00 ] ::1 /yjc/lby/index.php/Lead/WdatePicker.css
ERR: 非法操作:WdatePicker.css

[ 2017-06-07T11:16:45+08:00 ] ::1 /yjc/lby/Public/Admin/static/userlist/j/yjc/lby/Public/Admin/static/userlist/query_006.js
ERR: 无法加载控制器:Public

[ 2017-06-07T11:16:45+08:00 ] ::1 /yjc/lby/Public/Admin/static/userlist/j/yjc/lby/Public/Admin/static/userlist/query_006.js
ERR: 无法加载控制器:Public

[ 2017-06-07T11:16:45+08:00 ] ::1 /yjc/lby/index.php/Lead/WdatePicker.css
ERR: 非法操作:WdatePicker.css

[ 2017-06-07T11:16:45+08:00 ] ::1 /yjc/lby/Public/Admin/static/userlist/skin/WdatePicker.css
ERR: 无法加载控制器:Public

[ 2017-06-07T11:22:57+08:00 ] ::1 /yjc/lby/Public/Admin/static/userlist/j/yjc/lby/Public/Admin/static/userlist/query_006.js
ERR: 无法加载控制器:Public

[ 2017-06-07T11:22:57+08:00 ] ::1 /yjc/lby/index.php/Lead/WdatePicker.css
ERR: 非法操作:WdatePicker.css

[ 2017-06-07T11:22:57+08:00 ] ::1 /yjc/lby/Public/Admin/static/userlist/j/yjc/lby/Public/Admin/static/userlist/query_006.js
ERR: 无法加载控制器:Public

[ 2017-06-07T11:22:57+08:00 ] ::1 /yjc/lby/index.php/Lead/WdatePicker.css
ERR: 非法操作:WdatePicker.css

[ 2017-06-07T11:22:57+08:00 ] ::1 /yjc/lby/Public/Admin/static/userlist/skin/WdatePicker.css
ERR: 无法加载控制器:Public

[ 2017-06-07T11:25:34+08:00 ] ::1 /yjc/lby/Public/Admin/static/userlist/j/yjc/lby/Public/Admin/static/userlist/query_006.js
ERR: 无法加载控制器:Public

[ 2017-06-07T11:25:34+08:00 ] ::1 /yjc/lby/index.php/Lead/WdatePicker.css
ERR: 非法操作:WdatePicker.css

[ 2017-06-07T11:25:34+08:00 ] ::1 /yjc/lby/Public/Admin/static/userlist/j/yjc/lby/Public/Admin/static/userlist/query_006.js
ERR: 无法加载控制器:Public

[ 2017-06-07T11:25:34+08:00 ] ::1 /yjc/lby/index.php/Lead/WdatePicker.css
ERR: 非法操作:WdatePicker.css

[ 2017-06-07T11:25:34+08:00 ] ::1 /yjc/lby/Public/Admin/static/userlist/skin/WdatePicker.css
ERR: 无法加载控制器:Public

[ 2017-06-07T11:26:25+08:00 ] ::1 /yjc/lby/Public/Admin/static/userlist/j/yjc/lby/Public/Admin/static/userlist/query_006.js
ERR: 无法加载控制器:Public

[ 2017-06-07T11:26:25+08:00 ] ::1 /yjc/lby/index.php/Lead/WdatePicker.css
ERR: 非法操作:WdatePicker.css

[ 2017-06-07T11:26:25+08:00 ] ::1 /yjc/lby/Public/Admin/static/userlist/j/yjc/lby/Public/Admin/static/userlist/query_006.js
ERR: 无法加载控制器:Public

[ 2017-06-07T11:26:25+08:00 ] ::1 /yjc/lby/index.php/Lead/WdatePicker.css
ERR: 非法操作:WdatePicker.css

[ 2017-06-07T11:26:25+08:00 ] ::1 /yjc/lby/Public/Admin/static/userlist/skin/WdatePicker.css
ERR: 无法加载控制器:Public

[ 2017-06-07T11:26:48+08:00 ] ::1 /yjc/lby/index.php/Lead/WdatePicker.css
ERR: 非法操作:WdatePicker.css

[ 2017-06-07T11:26:48+08:00 ] ::1 /yjc/lby/Public/Admin/static/userlist/j/yjc/lby/Public/Admin/static/userlist/query_006.js
ERR: 无法加载控制器:Public

[ 2017-06-07T11:26:48+08:00 ] ::1 /yjc/lby/Public/Admin/static/userlist/j/yjc/lby/Public/Admin/static/userlist/query_006.js
ERR: 无法加载控制器:Public

[ 2017-06-07T11:26:48+08:00 ] ::1 /yjc/lby/Public/Admin/static/userlist/skin/WdatePicker.css
ERR: 无法加载控制器:Public

[ 2017-06-07T11:26:48+08:00 ] ::1 /yjc/lby/index.php/Lead/WdatePicker.css
ERR: 非法操作:WdatePicker.css

[ 2017-06-07T11:30:28+08:00 ] ::1 /yjc/lby/Public/Admin/static/userlist/j/yjc/lby/Public/Admin/static/userlist/query_006.js
ERR: 无法加载控制器:Public

[ 2017-06-07T11:30:28+08:00 ] ::1 /yjc/lby/index.php/Lead/WdatePicker.css
ERR: 非法操作:WdatePicker.css

[ 2017-06-07T11:30:28+08:00 ] ::1 /yjc/lby/Public/Admin/static/userlist/j/yjc/lby/Public/Admin/static/userlist/query_006.js
ERR: 无法加载控制器:Public

[ 2017-06-07T11:30:28+08:00 ] ::1 /yjc/lby/index.php/Lead/WdatePicker.css
ERR: 非法操作:WdatePicker.css

[ 2017-06-07T11:30:28+08:00 ] ::1 /yjc/lby/Public/Admin/static/userlist/skin/WdatePicker.css
ERR: 无法加载控制器:Public

[ 2017-06-07T11:30:34+08:00 ] ::1 /yjc/lby/Public/Admin/static/userlist/j/yjc/lby/Public/Admin/static/userlist/query_006.js
ERR: 无法加载控制器:Public

[ 2017-06-07T11:30:34+08:00 ] ::1 /yjc/lby/index.php/Lead/WdatePicker.css
ERR: 非法操作:WdatePicker.css

[ 2017-06-07T11:30:34+08:00 ] ::1 /yjc/lby/Public/Admin/static/userlist/j/yjc/lby/Public/Admin/static/userlist/query_006.js
ERR: 无法加载控制器:Public

[ 2017-06-07T11:30:34+08:00 ] ::1 /yjc/lby/Public/Admin/static/userlist/skin/WdatePicker.css
ERR: 无法加载控制器:Public

[ 2017-06-07T11:30:34+08:00 ] ::1 /yjc/lby/index.php/Lead/WdatePicker.css
ERR: 非法操作:WdatePicker.css

[ 2017-06-07T11:37:03+08:00 ] ::1 /yjc/lby/Public/Admin/static/userlist/j/yjc/lby/Public/Admin/static/userlist/query_006.js
ERR: 无法加载控制器:Public

[ 2017-06-07T11:37:03+08:00 ] ::1 /yjc/lby/index.php/Lead/WdatePicker.css
ERR: 非法操作:WdatePicker.css

[ 2017-06-07T11:37:03+08:00 ] ::1 /yjc/lby/Public/Admin/static/userlist/j/yjc/lby/Public/Admin/static/userlist/query_006.js
ERR: 无法加载控制器:Public

[ 2017-06-07T11:37:03+08:00 ] ::1 /yjc/lby/Public/Admin/static/userlist/skin/WdatePicker.css
ERR: 无法加载控制器:Public

[ 2017-06-07T11:37:03+08:00 ] ::1 /yjc/lby/index.php/Lead/WdatePicker.css
ERR: 非法操作:WdatePicker.css

[ 2017-06-07T11:37:08+08:00 ] ::1 /yjc/lby/Public/Admin/static/userlist/j/yjc/lby/Public/Admin/static/userlist/query_006.js
ERR: 无法加载控制器:Public

[ 2017-06-07T11:37:08+08:00 ] ::1 /yjc/lby/index.php/Lead/WdatePicker.css
ERR: 非法操作:WdatePicker.css

[ 2017-06-07T11:37:09+08:00 ] ::1 /yjc/lby/Public/Admin/static/userlist/j/yjc/lby/Public/Admin/static/userlist/query_006.js
ERR: 无法加载控制器:Public

[ 2017-06-07T11:37:09+08:00 ] ::1 /yjc/lby/Public/Admin/static/userlist/skin/WdatePicker.css
ERR: 无法加载控制器:Public

[ 2017-06-07T11:37:09+08:00 ] ::1 /yjc/lby/index.php/Lead/WdatePicker.css
ERR: 非法操作:WdatePicker.css

[ 2017-06-07T11:39:25+08:00 ] ::1 /yjc/lby/Public/Admin/static/userlist/j/yjc/lby/Public/Admin/static/userlist/query_006.js
ERR: 无法加载控制器:Public

[ 2017-06-07T11:39:25+08:00 ] ::1 /yjc/lby/index.php/Lead/WdatePicker.css
ERR: 非法操作:WdatePicker.css

[ 2017-06-07T11:39:25+08:00 ] ::1 /yjc/lby/Public/Admin/static/userlist/j/yjc/lby/Public/Admin/static/userlist/query_006.js
ERR: 无法加载控制器:Public

[ 2017-06-07T11:39:25+08:00 ] ::1 /yjc/lby/index.php/Lead/WdatePicker.css
ERR: 非法操作:WdatePicker.css

[ 2017-06-07T11:39:25+08:00 ] ::1 /yjc/lby/Public/Admin/static/userlist/skin/WdatePicker.css
ERR: 无法加载控制器:Public

[ 2017-06-07T11:45:36+08:00 ] ::1 /yjc/lby/index.php/Lead/WdatePicker.css
ERR: 非法操作:WdatePicker.css

[ 2017-06-07T11:45:36+08:00 ] ::1 /yjc/lby/Public/Admin/static/userlist/j/yjc/lby/Public/Admin/static/userlist/query_006.js
ERR: 无法加载控制器:Public

[ 2017-06-07T11:45:36+08:00 ] ::1 /yjc/lby/Public/Admin/static/userlist/j/yjc/lby/Public/Admin/static/userlist/query_006.js
ERR: 无法加载控制器:Public

[ 2017-06-07T11:45:36+08:00 ] ::1 /yjc/lby/index.php/Lead/WdatePicker.css
ERR: 非法操作:WdatePicker.css

[ 2017-06-07T11:45:36+08:00 ] ::1 /yjc/lby/Public/Admin/static/userlist/skin/WdatePicker.css
ERR: 无法加载控制器:Public

[ 2017-06-07T11:45:38+08:00 ] ::1 /yjc/lby/index.php/Lead/WdatePicker.css
ERR: 非法操作:WdatePicker.css

[ 2017-06-07T11:45:38+08:00 ] ::1 /yjc/lby/Public/Admin/static/userlist/j/yjc/lby/Public/Admin/static/userlist/query_006.js
ERR: 无法加载控制器:Public

[ 2017-06-07T11:45:38+08:00 ] ::1 /yjc/lby/Public/Admin/static/userlist/j/yjc/lby/Public/Admin/static/userlist/query_006.js
ERR: 无法加载控制器:Public

[ 2017-06-07T11:45:38+08:00 ] ::1 /yjc/lby/index.php/Lead/WdatePicker.css
ERR: 非法操作:WdatePicker.css

[ 2017-06-07T11:45:38+08:00 ] ::1 /yjc/lby/Public/Admin/static/userlist/skin/WdatePicker.css
ERR: 无法加载控制器:Public

[ 2017-06-07T11:45:44+08:00 ] ::1 /yjc/lby/Public/Admin/static/userlist/j/yjc/lby/Public/Admin/static/userlist/query_006.js
ERR: 无法加载控制器:Public

[ 2017-06-07T11:45:44+08:00 ] ::1 /yjc/lby/index.php/Lead/WdatePicker.css
ERR: 非法操作:WdatePicker.css

[ 2017-06-07T11:45:44+08:00 ] ::1 /yjc/lby/Public/Admin/static/userlist/j/yjc/lby/Public/Admin/static/userlist/query_006.js
ERR: 无法加载控制器:Public

[ 2017-06-07T11:45:44+08:00 ] ::1 /yjc/lby/index.php/Lead/WdatePicker.css
ERR: 非法操作:WdatePicker.css

[ 2017-06-07T11:45:44+08:00 ] ::1 /yjc/lby/Public/Admin/static/userlist/skin/WdatePicker.css
ERR: 无法加载控制器:Public

[ 2017-06-07T11:47:16+08:00 ] ::1 /yjc/lby/Public/Admin/static/userlist/j/yjc/lby/Public/Admin/static/userlist/query_006.js
ERR: 无法加载控制器:Public

[ 2017-06-07T11:47:16+08:00 ] ::1 /yjc/lby/index.php/Lead/WdatePicker.css
ERR: 非法操作:WdatePicker.css

[ 2017-06-07T11:47:16+08:00 ] ::1 /yjc/lby/Public/Admin/static/userlist/j/yjc/lby/Public/Admin/static/userlist/query_006.js
ERR: 无法加载控制器:Public

[ 2017-06-07T11:47:17+08:00 ] ::1 /yjc/lby/Public/Admin/static/userlist/skin/WdatePicker.css
ERR: 无法加载控制器:Public

[ 2017-06-07T11:47:17+08:00 ] ::1 /yjc/lby/index.php/Lead/WdatePicker.css
ERR: 非法操作:WdatePicker.css

[ 2017-06-07T11:47:24+08:00 ] ::1 /yjc/lby/Public/Admin/static/userlist/j/yjc/lby/Public/Admin/static/userlist/query_006.js
ERR: 无法加载控制器:Public

[ 2017-06-07T11:47:24+08:00 ] ::1 /yjc/lby/index.php/Lead/WdatePicker.css
ERR: 非法操作:WdatePicker.css

[ 2017-06-07T11:47:24+08:00 ] ::1 /yjc/lby/Public/Admin/static/userlist/j/yjc/lby/Public/Admin/static/userlist/query_006.js
ERR: 无法加载控制器:Public

[ 2017-06-07T11:47:24+08:00 ] ::1 /yjc/lby/Public/Admin/static/userlist/skin/WdatePicker.css
ERR: 无法加载控制器:Public

[ 2017-06-07T11:47:24+08:00 ] ::1 /yjc/lby/index.php/Lead/WdatePicker.css
ERR: 非法操作:WdatePicker.css

[ 2017-06-07T11:47:58+08:00 ] ::1 /yjc/lby/index.php/Lead/WdatePicker.css
ERR: 非法操作:WdatePicker.css

[ 2017-06-07T11:47:58+08:00 ] ::1 /yjc/lby/Public/Admin/static/userlist/j/yjc/lby/Public/Admin/static/userlist/query_006.js
ERR: 无法加载控制器:Public

[ 2017-06-07T11:47:58+08:00 ] ::1 /yjc/lby/Public/Admin/static/userlist/j/yjc/lby/Public/Admin/static/userlist/query_006.js
ERR: 无法加载控制器:Public

[ 2017-06-07T11:47:58+08:00 ] ::1 /yjc/lby/Public/Admin/static/userlist/skin/WdatePicker.css
ERR: 无法加载控制器:Public

[ 2017-06-07T11:47:58+08:00 ] ::1 /yjc/lby/index.php/Lead/WdatePicker.css
ERR: 非法操作:WdatePicker.css

[ 2017-06-07T11:48:40+08:00 ] ::1 /yjc/lby/Public/Admin/static/userlist/j/yjc/lby/Public/Admin/static/userlist/query_006.js
ERR: 无法加载控制器:Public

[ 2017-06-07T11:48:40+08:00 ] ::1 /yjc/lby/index.php/Lead/WdatePicker.css
ERR: 非法操作:WdatePicker.css

[ 2017-06-07T11:48:40+08:00 ] ::1 /yjc/lby/Public/Admin/static/userlist/j/yjc/lby/Public/Admin/static/userlist/query_006.js
ERR: 无法加载控制器:Public

[ 2017-06-07T11:48:40+08:00 ] ::1 /yjc/lby/index.php/Lead/WdatePicker.css
ERR: 非法操作:WdatePicker.css

[ 2017-06-07T11:48:40+08:00 ] ::1 /yjc/lby/Public/Admin/static/userlist/skin/WdatePicker.css
ERR: 无法加载控制器:Public

[ 2017-06-07T11:50:24+08:00 ] ::1 /yjc/lby/Public/Admin/static/userlist/j/yjc/lby/Public/Admin/static/userlist/query_006.js
ERR: 无法加载控制器:Public

[ 2017-06-07T11:50:24+08:00 ] ::1 /yjc/lby/index.php/Lead/WdatePicker.css
ERR: 非法操作:WdatePicker.css

[ 2017-06-07T11:50:24+08:00 ] ::1 /yjc/lby/Public/Admin/static/userlist/j/yjc/lby/Public/Admin/static/userlist/query_006.js
ERR: 无法加载控制器:Public

[ 2017-06-07T11:50:24+08:00 ] ::1 /yjc/lby/Public/Admin/static/userlist/skin/WdatePicker.css
ERR: 无法加载控制器:Public

[ 2017-06-07T11:50:24+08:00 ] ::1 /yjc/lby/index.php/Lead/WdatePicker.css
ERR: 非法操作:WdatePicker.css

[ 2017-06-07T11:50:33+08:00 ] ::1 /yjc/lby/Public/Admin/static/userlist/j/yjc/lby/Public/Admin/static/userlist/query_006.js
ERR: 无法加载控制器:Public

[ 2017-06-07T11:50:33+08:00 ] ::1 /yjc/lby/index.php/Lead/WdatePicker.css
ERR: 非法操作:WdatePicker.css

[ 2017-06-07T11:50:33+08:00 ] ::1 /yjc/lby/Public/Admin/static/userlist/j/yjc/lby/Public/Admin/static/userlist/query_006.js
ERR: 无法加载控制器:Public

[ 2017-06-07T11:50:33+08:00 ] ::1 /yjc/lby/Public/Admin/static/userlist/skin/WdatePicker.css
ERR: 无法加载控制器:Public

[ 2017-06-07T11:50:33+08:00 ] ::1 /yjc/lby/index.php/Lead/WdatePicker.css
ERR: 非法操作:WdatePicker.css

[ 2017-06-07T11:54:39+08:00 ] ::1 /yjc/lby/index.php/Admin/Index/index1.html
ERR: 非法操作:index1

[ 2017-06-07T11:54:44+08:00 ] ::1 /yjc/lby/index.php/Lead/WdatePicker.css
ERR: 非法操作:WdatePicker.css

[ 2017-06-07T11:54:44+08:00 ] ::1 /yjc/lby/Public/Admin/static/userlist/j/yjc/lby/Public/Admin/static/userlist/query_006.js
ERR: 无法加载控制器:Public

[ 2017-06-07T11:54:45+08:00 ] ::1 /yjc/lby/Public/Admin/static/userlist/j/yjc/lby/Public/Admin/static/userlist/query_006.js
ERR: 无法加载控制器:Public

[ 2017-06-07T11:54:45+08:00 ] ::1 /yjc/lby/Public/Admin/static/userlist/skin/WdatePicker.css
ERR: 无法加载控制器:Public

[ 2017-06-07T11:54:45+08:00 ] ::1 /yjc/lby/index.php/Lead/WdatePicker.css
ERR: 非法操作:WdatePicker.css

[ 2017-06-07T11:54:53+08:00 ] ::1 /yjc/lby/index.php/Lead/WdatePicker.css
ERR: 非法操作:WdatePicker.css

[ 2017-06-07T11:54:53+08:00 ] ::1 /yjc/lby/Public/Admin/static/userlist/j/yjc/lby/Public/Admin/static/userlist/query_006.js
ERR: 无法加载控制器:Public

[ 2017-06-07T11:54:54+08:00 ] ::1 /yjc/lby/Public/Admin/static/userlist/j/yjc/lby/Public/Admin/static/userlist/query_006.js
ERR: 无法加载控制器:Public

[ 2017-06-07T11:54:54+08:00 ] ::1 /yjc/lby/Public/Admin/static/userlist/skin/WdatePicker.css
ERR: 无法加载控制器:Public

[ 2017-06-07T11:54:54+08:00 ] ::1 /yjc/lby/index.php/Lead/WdatePicker.css
ERR: 非法操作:WdatePicker.css

[ 2017-06-07T12:00:05+08:00 ] ::1 /yjc/lby/Public/Admin/static/userlist/j/yjc/lby/Public/Admin/static/userlist/query_006.js
ERR: 无法加载控制器:Public

[ 2017-06-07T12:00:05+08:00 ] ::1 /yjc/lby/index.php/Lead/WdatePicker.css
ERR: 非法操作:WdatePicker.css

[ 2017-06-07T12:00:05+08:00 ] ::1 /yjc/lby/Public/Admin/static/userlist/j/yjc/lby/Public/Admin/static/userlist/query_006.js
ERR: 无法加载控制器:Public

[ 2017-06-07T12:00:05+08:00 ] ::1 /yjc/lby/Public/Admin/static/userlist/skin/WdatePicker.css
ERR: 无法加载控制器:Public

[ 2017-06-07T12:00:05+08:00 ] ::1 /yjc/lby/index.php/Lead/WdatePicker.css
ERR: 非法操作:WdatePicker.css

[ 2017-06-07T12:00:14+08:00 ] ::1 /yjc/lby/Public/Admin/static/userlist/j/yjc/lby/Public/Admin/static/userlist/query_006.js
ERR: 无法加载控制器:Public

[ 2017-06-07T12:00:14+08:00 ] ::1 /yjc/lby/index.php/Lead/WdatePicker.css
ERR: 非法操作:WdatePicker.css

[ 2017-06-07T12:00:14+08:00 ] ::1 /yjc/lby/Public/Admin/static/userlist/j/yjc/lby/Public/Admin/static/userlist/query_006.js
ERR: 无法加载控制器:Public

[ 2017-06-07T12:00:14+08:00 ] ::1 /yjc/lby/Public/Admin/static/userlist/skin/WdatePicker.css
ERR: 无法加载控制器:Public

[ 2017-06-07T12:00:14+08:00 ] ::1 /yjc/lby/index.php/Lead/WdatePicker.css
ERR: 非法操作:WdatePicker.css

[ 2017-06-07T13:11:14+08:00 ] ::1 /yjc/lby/index.php/Lead/WdatePicker.css
ERR: 非法操作:WdatePicker.css

[ 2017-06-07T13:11:14+08:00 ] ::1 /yjc/lby/Public/Admin/static/userlist/j/yjc/lby/Public/Admin/static/userlist/query_006.js
ERR: 无法加载控制器:Public

[ 2017-06-07T13:11:14+08:00 ] ::1 /yjc/lby/Public/Admin/static/userlist/j/yjc/lby/Public/Admin/static/userlist/query_006.js
ERR: 无法加载控制器:Public

[ 2017-06-07T13:11:14+08:00 ] ::1 /yjc/lby/Public/Admin/static/userlist/skin/WdatePicker.css
ERR: 无法加载控制器:Public

[ 2017-06-07T13:11:14+08:00 ] ::1 /yjc/lby/index.php/Lead/WdatePicker.css
ERR: 非法操作:WdatePicker.css

[ 2017-06-07T13:11:16+08:00 ] ::1 /yjc/lby/Public/Admin/static/userlist/j/yjc/lby/Public/Admin/static/userlist/query_006.js
ERR: 无法加载控制器:Public

[ 2017-06-07T13:11:16+08:00 ] ::1 /yjc/lby/index.php/Lead/WdatePicker.css
ERR: 非法操作:WdatePicker.css

[ 2017-06-07T13:11:17+08:00 ] ::1 /yjc/lby/Public/Admin/static/userlist/j/yjc/lby/Public/Admin/static/userlist/query_006.js
ERR: 无法加载控制器:Public

[ 2017-06-07T13:11:17+08:00 ] ::1 /yjc/lby/index.php/Lead/WdatePicker.css
ERR: 非法操作:WdatePicker.css

[ 2017-06-07T13:11:17+08:00 ] ::1 /yjc/lby/Public/Admin/static/userlist/skin/WdatePicker.css
ERR: 无法加载控制器:Public

[ 2017-06-07T13:11:40+08:00 ] ::1 /yjc/lby/Public/Admin/static/userlist/j/yjc/lby/Public/Admin/static/userlist/query_006.js
ERR: 无法加载控制器:Public

[ 2017-06-07T13:11:40+08:00 ] ::1 /yjc/lby/index.php/Lead/WdatePicker.css
ERR: 非法操作:WdatePicker.css

[ 2017-06-07T13:11:40+08:00 ] ::1 /yjc/lby/Public/Admin/static/userlist/j/yjc/lby/Public/Admin/static/userlist/query_006.js
ERR: 无法加载控制器:Public

[ 2017-06-07T13:11:40+08:00 ] ::1 /yjc/lby/Public/Admin/static/userlist/skin/WdatePicker.css
ERR: 无法加载控制器:Public

[ 2017-06-07T13:11:40+08:00 ] ::1 /yjc/lby/index.php/Lead/WdatePicker.css
ERR: 非法操作:WdatePicker.css

[ 2017-06-07T13:11:51+08:00 ] ::1 /yjc/lby/index.php/Lead/WdatePicker.css
ERR: 非法操作:WdatePicker.css

[ 2017-06-07T13:11:51+08:00 ] ::1 /yjc/lby/Public/Admin/static/userlist/j/yjc/lby/Public/Admin/static/userlist/query_006.js
ERR: 无法加载控制器:Public

[ 2017-06-07T13:11:52+08:00 ] ::1 /yjc/lby/Public/Admin/static/userlist/j/yjc/lby/Public/Admin/static/userlist/query_006.js
ERR: 无法加载控制器:Public

[ 2017-06-07T13:11:52+08:00 ] ::1 /yjc/lby/Public/Admin/static/userlist/skin/WdatePicker.css
ERR: 无法加载控制器:Public

[ 2017-06-07T13:11:52+08:00 ] ::1 /yjc/lby/index.php/Lead/WdatePicker.css
ERR: 非法操作:WdatePicker.css

[ 2017-06-07T13:23:02+08:00 ] ::1 /yjc/lby/index.php/Lead/WdatePicker.css
ERR: 非法操作:WdatePicker.css

[ 2017-06-07T13:23:02+08:00 ] ::1 /yjc/lby/Public/Admin/static/userlist/j/yjc/lby/Public/Admin/static/userlist/query_006.js
ERR: 无法加载控制器:Public

[ 2017-06-07T13:23:02+08:00 ] ::1 /yjc/lby/Public/Admin/static/userlist/j/yjc/lby/Public/Admin/static/userlist/query_006.js
ERR: 无法加载控制器:Public

[ 2017-06-07T13:23:02+08:00 ] ::1 /yjc/lby/index.php/Lead/WdatePicker.css
ERR: 非法操作:WdatePicker.css

[ 2017-06-07T13:23:02+08:00 ] ::1 /yjc/lby/Public/Admin/static/userlist/skin/WdatePicker.css
ERR: 无法加载控制器:Public

[ 2017-06-07T13:23:23+08:00 ] ::1 /yjc/lby/Public/Admin/static/userlist/j/yjc/lby/Public/Admin/static/userlist/query_006.js
ERR: 无法加载控制器:Public

[ 2017-06-07T13:23:23+08:00 ] ::1 /yjc/lby/index.php/Lead/WdatePicker.css
ERR: 非法操作:WdatePicker.css

[ 2017-06-07T13:23:23+08:00 ] ::1 /yjc/lby/Public/Admin/static/userlist/j/yjc/lby/Public/Admin/static/userlist/query_006.js
ERR: 无法加载控制器:Public

[ 2017-06-07T13:23:23+08:00 ] ::1 /yjc/lby/Public/Admin/static/userlist/skin/WdatePicker.css
ERR: 无法加载控制器:Public

[ 2017-06-07T13:23:23+08:00 ] ::1 /yjc/lby/index.php/Lead/WdatePicker.css
ERR: 非法操作:WdatePicker.css

[ 2017-06-07T13:25:25+08:00 ] ::1 /yjc/lby/Public/Admin/static/userlist/j/yjc/lby/Public/Admin/static/userlist/query_006.js
ERR: 无法加载控制器:Public

[ 2017-06-07T13:25:25+08:00 ] ::1 /yjc/lby/index.php/Lead/WdatePicker.css
ERR: 非法操作:WdatePicker.css

[ 2017-06-07T13:25:25+08:00 ] ::1 /yjc/lby/Public/Admin/static/userlist/j/yjc/lby/Public/Admin/static/userlist/query_006.js
ERR: 无法加载控制器:Public

[ 2017-06-07T13:25:25+08:00 ] ::1 /yjc/lby/index.php/Lead/WdatePicker.css
ERR: 非法操作:WdatePicker.css

[ 2017-06-07T13:25:25+08:00 ] ::1 /yjc/lby/Public/Admin/static/userlist/skin/WdatePicker.css
ERR: 无法加载控制器:Public

[ 2017-06-07T13:25:36+08:00 ] ::1 /yjc/lby/index.php/Lead/WdatePicker.css
ERR: 非法操作:WdatePicker.css

[ 2017-06-07T13:25:36+08:00 ] ::1 /yjc/lby/Public/Admin/static/userlist/j/yjc/lby/Public/Admin/static/userlist/query_006.js
ERR: 无法加载控制器:Public

[ 2017-06-07T13:25:36+08:00 ] ::1 /yjc/lby/Public/Admin/static/userlist/j/yjc/lby/Public/Admin/static/userlist/query_006.js
ERR: 无法加载控制器:Public

[ 2017-06-07T13:25:37+08:00 ] ::1 /yjc/lby/Public/Admin/static/userlist/skin/WdatePicker.css
ERR: 无法加载控制器:Public

[ 2017-06-07T13:25:37+08:00 ] ::1 /yjc/lby/index.php/Lead/WdatePicker.css
ERR: 非法操作:WdatePicker.css

[ 2017-06-07T13:28:20+08:00 ] ::1 /yjc/lby/Public/Admin/static/userlist/j/yjc/lby/Public/Admin/static/userlist/query_006.js
ERR: 无法加载控制器:Public

[ 2017-06-07T13:28:20+08:00 ] ::1 /yjc/lby/index.php/Lead/WdatePicker.css
ERR: 非法操作:WdatePicker.css

[ 2017-06-07T13:28:20+08:00 ] ::1 /yjc/lby/Public/Admin/static/userlist/j/yjc/lby/Public/Admin/static/userlist/query_006.js
ERR: 无法加载控制器:Public

[ 2017-06-07T13:28:20+08:00 ] ::1 /yjc/lby/index.php/Lead/WdatePicker.css
ERR: 非法操作:WdatePicker.css

[ 2017-06-07T13:28:20+08:00 ] ::1 /yjc/lby/Public/Admin/static/userlist/skin/WdatePicker.css
ERR: 无法加载控制器:Public

[ 2017-06-07T13:34:58+08:00 ] ::1 /yjc/lby/Public/Admin/static/userlist/j/yjc/lby/Public/Admin/static/userlist/query_006.js
ERR: 无法加载控制器:Public

[ 2017-06-07T13:34:58+08:00 ] ::1 /yjc/lby/index.php/Lead/WdatePicker.css
ERR: 非法操作:WdatePicker.css

[ 2017-06-07T13:34:59+08:00 ] ::1 /yjc/lby/Public/Admin/static/userlist/j/yjc/lby/Public/Admin/static/userlist/query_006.js
ERR: 无法加载控制器:Public

[ 2017-06-07T13:34:59+08:00 ] ::1 /yjc/lby/index.php/Lead/WdatePicker.css
ERR: 非法操作:WdatePicker.css

[ 2017-06-07T13:34:59+08:00 ] ::1 /yjc/lby/Public/Admin/static/userlist/skin/WdatePicker.css
ERR: 无法加载控制器:Public

[ 2017-06-07T13:35:05+08:00 ] ::1 /yjc/lby/Public/Admin/static/userlist/j/yjc/lby/Public/Admin/static/userlist/query_006.js
ERR: 无法加载控制器:Public

[ 2017-06-07T13:35:05+08:00 ] ::1 /yjc/lby/index.php/Lead/WdatePicker.css
ERR: 非法操作:WdatePicker.css

[ 2017-06-07T13:35:05+08:00 ] ::1 /yjc/lby/Public/Admin/static/userlist/j/yjc/lby/Public/Admin/static/userlist/query_006.js
ERR: 无法加载控制器:Public

[ 2017-06-07T13:35:05+08:00 ] ::1 /yjc/lby/index.php/Lead/WdatePicker.css
ERR: 非法操作:WdatePicker.css

[ 2017-06-07T13:35:05+08:00 ] ::1 /yjc/lby/Public/Admin/static/userlist/skin/WdatePicker.css
ERR: 无法加载控制器:Public

[ 2017-06-07T13:35:27+08:00 ] ::1 /yjc/lby/Public/Admin/static/userlist/j/yjc/lby/Public/Admin/static/userlist/query_006.js
ERR: 无法加载控制器:Public

[ 2017-06-07T13:35:27+08:00 ] ::1 /yjc/lby/index.php/Lead/WdatePicker.css
ERR: 非法操作:WdatePicker.css

[ 2017-06-07T13:35:28+08:00 ] ::1 /yjc/lby/Public/Admin/static/userlist/j/yjc/lby/Public/Admin/static/userlist/query_006.js
ERR: 无法加载控制器:Public

[ 2017-06-07T13:35:28+08:00 ] ::1 /yjc/lby/Public/Admin/static/userlist/skin/WdatePicker.css
ERR: 无法加载控制器:Public

[ 2017-06-07T13:35:28+08:00 ] ::1 /yjc/lby/index.php/Lead/WdatePicker.css
ERR: 非法操作:WdatePicker.css

[ 2017-06-07T13:35:32+08:00 ] ::1 /yjc/lby/Public/Admin/static/userlist/j/yjc/lby/Public/Admin/static/userlist/query_006.js
ERR: 无法加载控制器:Public

[ 2017-06-07T13:35:32+08:00 ] ::1 /yjc/lby/index.php/Lead/WdatePicker.css
ERR: 非法操作:WdatePicker.css

[ 2017-06-07T13:35:33+08:00 ] ::1 /yjc/lby/Public/Admin/static/userlist/j/yjc/lby/Public/Admin/static/userlist/query_006.js
ERR: 无法加载控制器:Public

[ 2017-06-07T13:35:33+08:00 ] ::1 /yjc/lby/Public/Admin/static/userlist/skin/WdatePicker.css
ERR: 无法加载控制器:Public

[ 2017-06-07T13:35:33+08:00 ] ::1 /yjc/lby/index.php/Lead/WdatePicker.css
ERR: 非法操作:WdatePicker.css

[ 2017-06-07T13:36:26+08:00 ] ::1 /yjc/lby/Public/Admin/static/userlist/j/yjc/lby/Public/Admin/static/userlist/query_006.js
ERR: 无法加载控制器:Public

[ 2017-06-07T13:36:26+08:00 ] ::1 /yjc/lby/index.php/Lead/WdatePicker.css
ERR: 非法操作:WdatePicker.css

[ 2017-06-07T13:36:27+08:00 ] ::1 /yjc/lby/Public/Admin/static/userlist/j/yjc/lby/Public/Admin/static/userlist/query_006.js
ERR: 无法加载控制器:Public

[ 2017-06-07T13:36:27+08:00 ] ::1 /yjc/lby/index.php/Lead/WdatePicker.css
ERR: 非法操作:WdatePicker.css

[ 2017-06-07T13:36:27+08:00 ] ::1 /yjc/lby/Public/Admin/static/userlist/skin/WdatePicker.css
ERR: 无法加载控制器:Public

[ 2017-06-07T13:36:53+08:00 ] ::1 /yjc/lby/Public/Admin/static/userlist/j/yjc/lby/Public/Admin/static/userlist/query_006.js
ERR: 无法加载控制器:Public

[ 2017-06-07T13:36:53+08:00 ] ::1 /yjc/lby/index.php/Lead/WdatePicker.css
ERR: 非法操作:WdatePicker.css

[ 2017-06-07T13:36:53+08:00 ] ::1 /yjc/lby/Public/Admin/static/userlist/j/yjc/lby/Public/Admin/static/userlist/query_006.js
ERR: 无法加载控制器:Public

[ 2017-06-07T13:36:53+08:00 ] ::1 /yjc/lby/Public/Admin/static/userlist/skin/WdatePicker.css
ERR: 无法加载控制器:Public

[ 2017-06-07T13:36:53+08:00 ] ::1 /yjc/lby/index.php/Lead/WdatePicker.css
ERR: 非法操作:WdatePicker.css

[ 2017-06-07T13:37:19+08:00 ] ::1 /yjc/lby/index.php/Lead/WdatePicker.css
ERR: 非法操作:WdatePicker.css

[ 2017-06-07T13:37:19+08:00 ] ::1 /yjc/lby/Public/Admin/static/userlist/j/yjc/lby/Public/Admin/static/userlist/query_006.js
ERR: 无法加载控制器:Public

[ 2017-06-07T13:37:19+08:00 ] ::1 /yjc/lby/Public/Admin/static/userlist/j/yjc/lby/Public/Admin/static/userlist/query_006.js
ERR: 无法加载控制器:Public

[ 2017-06-07T13:37:19+08:00 ] ::1 /yjc/lby/Public/Admin/static/userlist/skin/WdatePicker.css
ERR: 无法加载控制器:Public

[ 2017-06-07T13:37:19+08:00 ] ::1 /yjc/lby/index.php/Lead/WdatePicker.css
ERR: 非法操作:WdatePicker.css

[ 2017-06-07T13:38:30+08:00 ] ::1 /yjc/lby/Public/Admin/static/userlist/j/yjc/lby/Public/Admin/static/userlist/query_006.js
ERR: 无法加载控制器:Public

[ 2017-06-07T13:38:30+08:00 ] ::1 /yjc/lby/index.php/Lead/WdatePicker.css
ERR: 非法操作:WdatePicker.css

[ 2017-06-07T13:38:30+08:00 ] ::1 /yjc/lby/Public/Admin/static/userlist/j/yjc/lby/Public/Admin/static/userlist/query_006.js
ERR: 无法加载控制器:Public

[ 2017-06-07T13:38:30+08:00 ] ::1 /yjc/lby/index.php/Lead/WdatePicker.css
ERR: 非法操作:WdatePicker.css

[ 2017-06-07T13:38:30+08:00 ] ::1 /yjc/lby/Public/Admin/static/userlist/skin/WdatePicker.css
ERR: 无法加载控制器:Public

[ 2017-06-07T13:38:47+08:00 ] ::1 /yjc/lby/Public/Admin/static/userlist/j/yjc/lby/Public/Admin/static/userlist/query_006.js
ERR: 无法加载控制器:Public

[ 2017-06-07T13:38:47+08:00 ] ::1 /yjc/lby/index.php/Lead/WdatePicker.css
ERR: 非法操作:WdatePicker.css

[ 2017-06-07T13:38:47+08:00 ] ::1 /yjc/lby/Public/Admin/static/userlist/j/yjc/lby/Public/Admin/static/userlist/query_006.js
ERR: 无法加载控制器:Public

[ 2017-06-07T13:38:47+08:00 ] ::1 /yjc/lby/Public/Admin/static/userlist/skin/WdatePicker.css
ERR: 无法加载控制器:Public

[ 2017-06-07T13:38:47+08:00 ] ::1 /yjc/lby/index.php/Lead/WdatePicker.css
ERR: 非法操作:WdatePicker.css

[ 2017-06-07T13:39:19+08:00 ] ::1 /yjc/lby/index.php/Lead/WdatePicker.css
ERR: 非法操作:WdatePicker.css

[ 2017-06-07T13:39:19+08:00 ] ::1 /yjc/lby/Public/Admin/static/userlist/j/yjc/lby/Public/Admin/static/userlist/query_006.js
ERR: 无法加载控制器:Public

[ 2017-06-07T13:39:19+08:00 ] ::1 /yjc/lby/Public/Admin/static/userlist/j/yjc/lby/Public/Admin/static/userlist/query_006.js
ERR: 无法加载控制器:Public

[ 2017-06-07T13:39:19+08:00 ] ::1 /yjc/lby/index.php/Lead/WdatePicker.css
ERR: 非法操作:WdatePicker.css

[ 2017-06-07T13:39:19+08:00 ] ::1 /yjc/lby/Public/Admin/static/userlist/skin/WdatePicker.css
ERR: 无法加载控制器:Public

[ 2017-06-07T13:39:43+08:00 ] ::1 /yjc/lby/index.php/Lead/WdatePicker.css
ERR: 非法操作:WdatePicker.css

[ 2017-06-07T13:39:43+08:00 ] ::1 /yjc/lby/Public/Admin/static/userlist/j/yjc/lby/Public/Admin/static/userlist/query_006.js
ERR: 无法加载控制器:Public

[ 2017-06-07T13:39:43+08:00 ] ::1 /yjc/lby/Public/Admin/static/userlist/j/yjc/lby/Public/Admin/static/userlist/query_006.js
ERR: 无法加载控制器:Public

[ 2017-06-07T13:39:43+08:00 ] ::1 /yjc/lby/Public/Admin/static/userlist/skin/WdatePicker.css
ERR: 无法加载控制器:Public

[ 2017-06-07T13:39:43+08:00 ] ::1 /yjc/lby/index.php/Lead/WdatePicker.css
ERR: 非法操作:WdatePicker.css

[ 2017-06-07T13:39:48+08:00 ] ::1 /yjc/lby/index.php/Admin/Index/index1.html
ERR: 非法操作:index1

[ 2017-06-07T13:39:59+08:00 ] ::1 /yjc/lby/index.php/Lead/WdatePicker.css
ERR: 非法操作:WdatePicker.css

[ 2017-06-07T13:39:59+08:00 ] ::1 /yjc/lby/Public/Admin/static/userlist/j/yjc/lby/Public/Admin/static/userlist/query_006.js
ERR: 无法加载控制器:Public

[ 2017-06-07T13:39:59+08:00 ] ::1 /yjc/lby/Public/Admin/static/userlist/j/yjc/lby/Public/Admin/static/userlist/query_006.js
ERR: 无法加载控制器:Public

[ 2017-06-07T13:39:59+08:00 ] ::1 /yjc/lby/index.php/Lead/WdatePicker.css
ERR: 非法操作:WdatePicker.css

[ 2017-06-07T13:39:59+08:00 ] ::1 /yjc/lby/Public/Admin/static/userlist/skin/WdatePicker.css
ERR: 无法加载控制器:Public

[ 2017-06-07T13:40:45+08:00 ] ::1 /yjc/lby/Public/Admin/static/userlist/j/yjc/lby/Public/Admin/static/userlist/query_006.js
ERR: 无法加载控制器:Public

[ 2017-06-07T13:40:45+08:00 ] ::1 /yjc/lby/index.php/Lead/WdatePicker.css
ERR: 非法操作:WdatePicker.css

[ 2017-06-07T13:40:46+08:00 ] ::1 /yjc/lby/Public/Admin/static/userlist/j/yjc/lby/Public/Admin/static/userlist/query_006.js
ERR: 无法加载控制器:Public

[ 2017-06-07T13:40:46+08:00 ] ::1 /yjc/lby/index.php/Lead/WdatePicker.css
ERR: 非法操作:WdatePicker.css

[ 2017-06-07T13:40:46+08:00 ] ::1 /yjc/lby/Public/Admin/static/userlist/skin/WdatePicker.css
ERR: 无法加载控制器:Public

[ 2017-06-07T13:41:48+08:00 ] ::1 /yjc/lby/Public/Admin/static/userlist/j/yjc/lby/Public/Admin/static/userlist/query_006.js
ERR: 无法加载控制器:Public

[ 2017-06-07T13:41:48+08:00 ] ::1 /yjc/lby/index.php/Lead/WdatePicker.css
ERR: 非法操作:WdatePicker.css

[ 2017-06-07T13:41:48+08:00 ] ::1 /yjc/lby/Public/Admin/static/userlist/j/yjc/lby/Public/Admin/static/userlist/query_006.js
ERR: 无法加载控制器:Public

[ 2017-06-07T13:41:48+08:00 ] ::1 /yjc/lby/index.php/Lead/WdatePicker.css
ERR: 非法操作:WdatePicker.css

[ 2017-06-07T13:41:48+08:00 ] ::1 /yjc/lby/Public/Admin/static/userlist/skin/WdatePicker.css
ERR: 无法加载控制器:Public

[ 2017-06-07T13:50:23+08:00 ] ::1 /yjc/lby/index.php/Admin/Index/index1.html
ERR: 非法操作:index1

[ 2017-06-07T13:50:28+08:00 ] ::1 /yjc/lby/index.php/Lead/WdatePicker.css
ERR: 非法操作:WdatePicker.css

[ 2017-06-07T13:50:28+08:00 ] ::1 /yjc/lby/Public/Admin/static/userlist/j/yjc/lby/Public/Admin/static/userlist/query_006.js
ERR: 无法加载控制器:Public

[ 2017-06-07T13:50:28+08:00 ] ::1 /yjc/lby/Public/Admin/static/userlist/j/yjc/lby/Public/Admin/static/userlist/query_006.js
ERR: 无法加载控制器:Public

[ 2017-06-07T13:50:28+08:00 ] ::1 /yjc/lby/index.php/Lead/WdatePicker.css
ERR: 非法操作:WdatePicker.css

[ 2017-06-07T13:50:28+08:00 ] ::1 /yjc/lby/Public/Admin/static/userlist/skin/WdatePicker.css
ERR: 无法加载控制器:Public

[ 2017-06-07T13:51:07+08:00 ] ::1 /yjc/lby/Public/Admin/static/userlist/j/yjc/lby/Public/Admin/static/userlist/query_006.js
ERR: 无法加载控制器:Public

[ 2017-06-07T13:51:07+08:00 ] ::1 /yjc/lby/index.php/Lead/WdatePicker.css
ERR: 非法操作:WdatePicker.css

[ 2017-06-07T13:51:07+08:00 ] ::1 /yjc/lby/Public/Admin/static/userlist/j/yjc/lby/Public/Admin/static/userlist/query_006.js
ERR: 无法加载控制器:Public

[ 2017-06-07T13:51:07+08:00 ] ::1 /yjc/lby/index.php/Lead/WdatePicker.css
ERR: 非法操作:WdatePicker.css

[ 2017-06-07T13:51:07+08:00 ] ::1 /yjc/lby/Public/Admin/static/userlist/skin/WdatePicker.css
ERR: 无法加载控制器:Public

[ 2017-06-07T13:51:15+08:00 ] ::1 /yjc/lby/Public/Admin/static/userlist/j/yjc/lby/Public/Admin/static/userlist/query_006.js
ERR: 无法加载控制器:Public

[ 2017-06-07T13:51:15+08:00 ] ::1 /yjc/lby/index.php/Lead/WdatePicker.css
ERR: 非法操作:WdatePicker.css

[ 2017-06-07T13:51:15+08:00 ] ::1 /yjc/lby/Public/Admin/static/userlist/j/yjc/lby/Public/Admin/static/userlist/query_006.js
ERR: 无法加载控制器:Public

[ 2017-06-07T13:51:15+08:00 ] ::1 /yjc/lby/Public/Admin/static/userlist/skin/WdatePicker.css
ERR: 无法加载控制器:Public

[ 2017-06-07T13:51:15+08:00 ] ::1 /yjc/lby/index.php/Lead/WdatePicker.css
ERR: 非法操作:WdatePicker.css

[ 2017-06-07T13:51:58+08:00 ] ::1 /yjc/lby/index.php/Lead/WdatePicker.css
ERR: 非法操作:WdatePicker.css

[ 2017-06-07T13:51:58+08:00 ] ::1 /yjc/lby/Public/Admin/static/userlist/j/yjc/lby/Public/Admin/static/userlist/query_006.js
ERR: 无法加载控制器:Public

[ 2017-06-07T13:51:58+08:00 ] ::1 /yjc/lby/Public/Admin/static/userlist/j/yjc/lby/Public/Admin/static/userlist/query_006.js
ERR: 无法加载控制器:Public

[ 2017-06-07T13:51:58+08:00 ] ::1 /yjc/lby/index.php/Lead/WdatePicker.css
ERR: 非法操作:WdatePicker.css

[ 2017-06-07T13:51:58+08:00 ] ::1 /yjc/lby/Public/Admin/static/userlist/skin/WdatePicker.css
ERR: 无法加载控制器:Public

[ 2017-06-07T13:52:06+08:00 ] ::1 /yjc/lby/Public/Admin/static/userlist/j/yjc/lby/Public/Admin/static/userlist/query_006.js
ERR: 无法加载控制器:Public

[ 2017-06-07T13:52:06+08:00 ] ::1 /yjc/lby/index.php/Lead/WdatePicker.css
ERR: 非法操作:WdatePicker.css

[ 2017-06-07T13:52:06+08:00 ] ::1 /yjc/lby/Public/Admin/static/userlist/j/yjc/lby/Public/Admin/static/userlist/query_006.js
ERR: 无法加载控制器:Public

[ 2017-06-07T13:52:06+08:00 ] ::1 /yjc/lby/Public/Admin/static/userlist/skin/WdatePicker.css
ERR: 无法加载控制器:Public

[ 2017-06-07T13:52:06+08:00 ] ::1 /yjc/lby/index.php/Lead/WdatePicker.css
ERR: 非法操作:WdatePicker.css

[ 2017-06-07T13:53:53+08:00 ] ::1 /yjc/lby/Public/Admin/static/userlist/j/yjc/lby/Public/Admin/static/userlist/query_006.js
ERR: 无法加载控制器:Public

[ 2017-06-07T13:53:53+08:00 ] ::1 /yjc/lby/index.php/Lead/WdatePicker.css
ERR: 非法操作:WdatePicker.css

[ 2017-06-07T13:53:53+08:00 ] ::1 /yjc/lby/Public/Admin/static/userlist/j/yjc/lby/Public/Admin/static/userlist/query_006.js
ERR: 无法加载控制器:Public

[ 2017-06-07T13:53:53+08:00 ] ::1 /yjc/lby/Public/Admin/static/userlist/skin/WdatePicker.css
ERR: 无法加载控制器:Public

[ 2017-06-07T13:53:53+08:00 ] ::1 /yjc/lby/index.php/Lead/WdatePicker.css
ERR: 非法操作:WdatePicker.css

[ 2017-06-07T13:54:01+08:00 ] ::1 /yjc/lby/Public/Admin/static/userlist/j/yjc/lby/Public/Admin/static/userlist/query_006.js
ERR: 无法加载控制器:Public

[ 2017-06-07T13:54:01+08:00 ] ::1 /yjc/lby/index.php/Lead/WdatePicker.css
ERR: 非法操作:WdatePicker.css

[ 2017-06-07T13:54:01+08:00 ] ::1 /yjc/lby/Public/Admin/static/userlist/j/yjc/lby/Public/Admin/static/userlist/query_006.js
ERR: 无法加载控制器:Public

[ 2017-06-07T13:54:02+08:00 ] ::1 /yjc/lby/index.php/Lead/WdatePicker.css
ERR: 非法操作:WdatePicker.css

[ 2017-06-07T13:54:02+08:00 ] ::1 /yjc/lby/Public/Admin/static/userlist/skin/WdatePicker.css
ERR: 无法加载控制器:Public

[ 2017-06-07T13:55:53+08:00 ] ::1 /yjc/lby/Public/Admin/static/userlist/j/yjc/lby/Public/Admin/static/userlist/query_006.js
ERR: 无法加载控制器:Public

[ 2017-06-07T13:55:53+08:00 ] ::1 /yjc/lby/index.php/Lead/WdatePicker.css
ERR: 非法操作:WdatePicker.css

[ 2017-06-07T13:55:53+08:00 ] ::1 /yjc/lby/Public/Admin/static/userlist/j/yjc/lby/Public/Admin/static/userlist/query_006.js
ERR: 无法加载控制器:Public

[ 2017-06-07T13:55:53+08:00 ] ::1 /yjc/lby/index.php/Lead/WdatePicker.css
ERR: 非法操作:WdatePicker.css

[ 2017-06-07T13:55:53+08:00 ] ::1 /yjc/lby/Public/Admin/static/userlist/skin/WdatePicker.css
ERR: 无法加载控制器:Public

[ 2017-06-07T13:55:57+08:00 ] ::1 /yjc/lby/index.php/Admin/Lead/doleadin
ERR: 非法操作:doleadin

[ 2017-06-07T13:56:02+08:00 ] ::1 /yjc/lby/index.php/Admin/Lead/doleadin
ERR: 非法操作:doleadin

[ 2017-06-07T13:56:08+08:00 ] ::1 /yjc/lby/Public/Admin/static/userlist/j/yjc/lby/Public/Admin/static/userlist/query_006.js
ERR: 无法加载控制器:Public

[ 2017-06-07T13:56:08+08:00 ] ::1 /yjc/lby/index.php/Lead/WdatePicker.css
ERR: 非法操作:WdatePicker.css

[ 2017-06-07T13:56:08+08:00 ] ::1 /yjc/lby/Public/Admin/static/userlist/j/yjc/lby/Public/Admin/static/userlist/query_006.js
ERR: 无法加载控制器:Public

[ 2017-06-07T13:56:08+08:00 ] ::1 /yjc/lby/Public/Admin/static/userlist/skin/WdatePicker.css
ERR: 无法加载控制器:Public

[ 2017-06-07T13:56:08+08:00 ] ::1 /yjc/lby/index.php/Lead/WdatePicker.css
ERR: 非法操作:WdatePicker.css

[ 2017-06-07T13:56:54+08:00 ] ::1 /yjc/lby/Public/Admin/static/userlist/j/yjc/lby/Public/Admin/static/userlist/query_006.js
ERR: 无法加载控制器:Public

[ 2017-06-07T13:56:54+08:00 ] ::1 /yjc/lby/index.php/Lead/WdatePicker.css
ERR: 非法操作:WdatePicker.css

[ 2017-06-07T13:56:55+08:00 ] ::1 /yjc/lby/Public/Admin/static/userlist/j/yjc/lby/Public/Admin/static/userlist/query_006.js
ERR: 无法加载控制器:Public

[ 2017-06-07T13:56:55+08:00 ] ::1 /yjc/lby/index.php/Lead/WdatePicker.css
ERR: 非法操作:WdatePicker.css

[ 2017-06-07T13:56:55+08:00 ] ::1 /yjc/lby/Public/Admin/static/userlist/skin/WdatePicker.css
ERR: 无法加载控制器:Public

[ 2017-06-07T13:57:16+08:00 ] ::1 /yjc/lby/Public/Admin/static/userlist/j/yjc/lby/Public/Admin/static/userlist/query_006.js
ERR: 无法加载控制器:Public

[ 2017-06-07T13:57:16+08:00 ] ::1 /yjc/lby/index.php/Lead/WdatePicker.css
ERR: 非法操作:WdatePicker.css

[ 2017-06-07T13:57:16+08:00 ] ::1 /yjc/lby/Public/Admin/static/userlist/j/yjc/lby/Public/Admin/static/userlist/query_006.js
ERR: 无法加载控制器:Public

[ 2017-06-07T13:57:16+08:00 ] ::1 /yjc/lby/Public/Admin/static/userlist/skin/WdatePicker.css
ERR: 无法加载控制器:Public

[ 2017-06-07T13:57:16+08:00 ] ::1 /yjc/lby/index.php/Lead/WdatePicker.css
ERR: 非法操作:WdatePicker.css

[ 2017-06-07T13:59:46+08:00 ] ::1 /yjc/lby/index.php/Lead/WdatePicker.css
ERR: 非法操作:WdatePicker.css

[ 2017-06-07T13:59:46+08:00 ] ::1 /yjc/lby/Public/Admin/static/userlist/j/yjc/lby/Public/Admin/static/userlist/query_006.js
ERR: 无法加载控制器:Public

[ 2017-06-07T13:59:46+08:00 ] ::1 /yjc/lby/Public/Admin/static/userlist/j/yjc/lby/Public/Admin/static/userlist/query_006.js
ERR: 无法加载控制器:Public

[ 2017-06-07T13:59:46+08:00 ] ::1 /yjc/lby/index.php/Lead/WdatePicker.css
ERR: 非法操作:WdatePicker.css

[ 2017-06-07T13:59:46+08:00 ] ::1 /yjc/lby/Public/Admin/static/userlist/skin/WdatePicker.css
ERR: 无法加载控制器:Public

[ 2017-06-07T14:01:10+08:00 ] ::1 /yjc/lby/index.php/Lead/WdatePicker.css
ERR: 非法操作:WdatePicker.css

[ 2017-06-07T14:01:10+08:00 ] ::1 /yjc/lby/Public/Admin/static/userlist/j/yjc/lby/Public/Admin/static/userlist/query_006.js
ERR: 无法加载控制器:Public

[ 2017-06-07T14:01:10+08:00 ] ::1 /yjc/lby/Public/Admin/static/userlist/j/yjc/lby/Public/Admin/static/userlist/query_006.js
ERR: 无法加载控制器:Public

[ 2017-06-07T14:01:10+08:00 ] ::1 /yjc/lby/index.php/Lead/WdatePicker.css
ERR: 非法操作:WdatePicker.css

[ 2017-06-07T14:01:10+08:00 ] ::1 /yjc/lby/Public/Admin/static/userlist/skin/WdatePicker.css
ERR: 无法加载控制器:Public

[ 2017-06-07T14:01:27+08:00 ] ::1 /yjc/lby/Public/Admin/static/userlist/j/yjc/lby/Public/Admin/static/userlist/query_006.js
ERR: 无法加载控制器:Public

[ 2017-06-07T14:01:27+08:00 ] ::1 /yjc/lby/index.php/Lead/WdatePicker.css
ERR: 非法操作:WdatePicker.css

[ 2017-06-07T14:01:27+08:00 ] ::1 /yjc/lby/Public/Admin/static/userlist/j/yjc/lby/Public/Admin/static/userlist/query_006.js
ERR: 无法加载控制器:Public

[ 2017-06-07T14:01:27+08:00 ] ::1 /yjc/lby/index.php/Lead/WdatePicker.css
ERR: 非法操作:WdatePicker.css

[ 2017-06-07T14:01:27+08:00 ] ::1 /yjc/lby/Public/Admin/static/userlist/skin/WdatePicker.css
ERR: 无法加载控制器:Public

[ 2017-06-07T14:03:13+08:00 ] ::1 /yjc/lby/Public/Admin/static/userlist/j/yjc/lby/Public/Admin/static/userlist/query_006.js
ERR: 无法加载控制器:Public

[ 2017-06-07T14:03:13+08:00 ] ::1 /yjc/lby/index.php/Lead/WdatePicker.css
ERR: 非法操作:WdatePicker.css

[ 2017-06-07T14:03:13+08:00 ] ::1 /yjc/lby/Public/Admin/static/userlist/j/yjc/lby/Public/Admin/static/userlist/query_006.js
ERR: 无法加载控制器:Public

[ 2017-06-07T14:03:13+08:00 ] ::1 /yjc/lby/index.php/Lead/WdatePicker.css
ERR: 非法操作:WdatePicker.css

[ 2017-06-07T14:03:13+08:00 ] ::1 /yjc/lby/Public/Admin/static/userlist/skin/WdatePicker.css
ERR: 无法加载控制器:Public

[ 2017-06-07T14:03:47+08:00 ] ::1 /yjc/lby/index.php/Lead/WdatePicker.css
ERR: 非法操作:WdatePicker.css

[ 2017-06-07T14:03:47+08:00 ] ::1 /yjc/lby/Public/Admin/static/userlist/j/yjc/lby/Public/Admin/static/userlist/query_006.js
ERR: 无法加载控制器:Public

[ 2017-06-07T14:03:47+08:00 ] ::1 /yjc/lby/Public/Admin/static/userlist/j/yjc/lby/Public/Admin/static/userlist/query_006.js
ERR: 无法加载控制器:Public

[ 2017-06-07T14:03:47+08:00 ] ::1 /yjc/lby/index.php/Lead/WdatePicker.css
ERR: 非法操作:WdatePicker.css

[ 2017-06-07T14:03:47+08:00 ] ::1 /yjc/lby/Public/Admin/static/userlist/skin/WdatePicker.css
ERR: 无法加载控制器:Public

[ 2017-06-07T14:06:14+08:00 ] ::1 /yjc/lby/Public/Admin/static/userlist/j/yjc/lby/Public/Admin/static/userlist/query_006.js
ERR: 无法加载控制器:Public

[ 2017-06-07T14:06:14+08:00 ] ::1 /yjc/lby/index.php/Lead/WdatePicker.css
ERR: 非法操作:WdatePicker.css

[ 2017-06-07T14:06:14+08:00 ] ::1 /yjc/lby/Public/Admin/static/userlist/j/yjc/lby/Public/Admin/static/userlist/query_006.js
ERR: 无法加载控制器:Public

[ 2017-06-07T14:06:15+08:00 ] ::1 /yjc/lby/index.php/Lead/WdatePicker.css
ERR: 非法操作:WdatePicker.css

[ 2017-06-07T14:06:15+08:00 ] ::1 /yjc/lby/Public/Admin/static/userlist/skin/WdatePicker.css
ERR: 无法加载控制器:Public

[ 2017-06-07T14:06:53+08:00 ] ::1 /yjc/lby/Public/Admin/static/userlist/j/yjc/lby/Public/Admin/static/userlist/query_006.js
ERR: 无法加载控制器:Public

[ 2017-06-07T14:06:53+08:00 ] ::1 /yjc/lby/index.php/Lead/WdatePicker.css
ERR: 非法操作:WdatePicker.css

[ 2017-06-07T14:06:53+08:00 ] ::1 /yjc/lby/Public/Admin/static/userlist/j/yjc/lby/Public/Admin/static/userlist/query_006.js
ERR: 无法加载控制器:Public

[ 2017-06-07T14:06:53+08:00 ] ::1 /yjc/lby/index.php/Lead/WdatePicker.css
ERR: 非法操作:WdatePicker.css

[ 2017-06-07T14:06:53+08:00 ] ::1 /yjc/lby/Public/Admin/static/userlist/skin/WdatePicker.css
ERR: 无法加载控制器:Public

[ 2017-06-07T14:07:02+08:00 ] ::1 /yjc/lby/Public/Admin/static/userlist/j/yjc/lby/Public/Admin/static/userlist/query_006.js
ERR: 无法加载控制器:Public

[ 2017-06-07T14:07:02+08:00 ] ::1 /yjc/lby/index.php/Lead/WdatePicker.css
ERR: 非法操作:WdatePicker.css

[ 2017-06-07T14:07:03+08:00 ] ::1 /yjc/lby/Public/Admin/static/userlist/j/yjc/lby/Public/Admin/static/userlist/query_006.js
ERR: 无法加载控制器:Public

[ 2017-06-07T14:07:03+08:00 ] ::1 /yjc/lby/index.php/Lead/WdatePicker.css
ERR: 非法操作:WdatePicker.css

[ 2017-06-07T14:07:03+08:00 ] ::1 /yjc/lby/Public/Admin/static/userlist/skin/WdatePicker.css
ERR: 无法加载控制器:Public

[ 2017-06-07T14:07:05+08:00 ] ::1 /yjc/lby/index.php/Lead/WdatePicker.css
ERR: 非法操作:WdatePicker.css

[ 2017-06-07T14:07:05+08:00 ] ::1 /yjc/lby/Public/Admin/static/userlist/j/yjc/lby/Public/Admin/static/userlist/query_006.js
ERR: 无法加载控制器:Public

[ 2017-06-07T14:07:06+08:00 ] ::1 /yjc/lby/Public/Admin/static/userlist/j/yjc/lby/Public/Admin/static/userlist/query_006.js
ERR: 无法加载控制器:Public

[ 2017-06-07T14:07:06+08:00 ] ::1 /yjc/lby/index.php/Lead/WdatePicker.css
ERR: 非法操作:WdatePicker.css

[ 2017-06-07T14:07:06+08:00 ] ::1 /yjc/lby/Public/Admin/static/userlist/skin/WdatePicker.css
ERR: 无法加载控制器:Public

[ 2017-06-07T14:09:05+08:00 ] ::1 /yjc/lby/Public/Admin/static/userlist/j/yjc/lby/Public/Admin/static/userlist/query_006.js
ERR: 无法加载控制器:Public

[ 2017-06-07T14:09:05+08:00 ] ::1 /yjc/lby/index.php/Lead/WdatePicker.css
ERR: 非法操作:WdatePicker.css

[ 2017-06-07T14:09:05+08:00 ] ::1 /yjc/lby/Public/Admin/static/userlist/j/yjc/lby/Public/Admin/static/userlist/query_006.js
ERR: 无法加载控制器:Public

[ 2017-06-07T14:09:06+08:00 ] ::1 /yjc/lby/index.php/Lead/WdatePicker.css
ERR: 非法操作:WdatePicker.css

[ 2017-06-07T14:09:06+08:00 ] ::1 /yjc/lby/Public/Admin/static/userlist/skin/WdatePicker.css
ERR: 无法加载控制器:Public

[ 2017-06-07T14:09:10+08:00 ] ::1 /yjc/lby/index.php/Lead/index.html
ERR: Could not open ./Public/Uploads/2017-06-07/593798863de59.xls for reading! File does not exist, or it is not readable.

[ 2017-06-07T14:10:56+08:00 ] ::1 /yjc/lby/index.php/Lead/WdatePicker.css
ERR: 非法操作:WdatePicker.css

[ 2017-06-07T14:10:56+08:00 ] ::1 /yjc/lby/Public/Admin/static/userlist/j/yjc/lby/Public/Admin/static/userlist/query_006.js
ERR: 无法加载控制器:Public

[ 2017-06-07T14:10:56+08:00 ] ::1 /yjc/lby/Public/Admin/static/userlist/j/yjc/lby/Public/Admin/static/userlist/query_006.js
ERR: 无法加载控制器:Public

[ 2017-06-07T14:10:56+08:00 ] ::1 /yjc/lby/index.php/Lead/WdatePicker.css
ERR: 非法操作:WdatePicker.css

[ 2017-06-07T14:10:56+08:00 ] ::1 /yjc/lby/Public/Admin/static/userlist/skin/WdatePicker.css
ERR: 无法加载控制器:Public

[ 2017-06-07T14:11:15+08:00 ] ::1 /yjc/lby/Public/Admin/static/userlist/j/yjc/lby/Public/Admin/static/userlist/query_006.js
ERR: 无法加载控制器:Public

[ 2017-06-07T14:11:15+08:00 ] ::1 /yjc/lby/index.php/Lead/WdatePicker.css
ERR: 非法操作:WdatePicker.css

[ 2017-06-07T14:11:15+08:00 ] ::1 /yjc/lby/Public/Admin/static/userlist/j/yjc/lby/Public/Admin/static/userlist/query_006.js
ERR: 无法加载控制器:Public

[ 2017-06-07T14:11:15+08:00 ] ::1 /yjc/lby/Public/Admin/static/userlist/skin/WdatePicker.css
ERR: 无法加载控制器:Public

[ 2017-06-07T14:11:15+08:00 ] ::1 /yjc/lby/index.php/Lead/WdatePicker.css
ERR: 非法操作:WdatePicker.css

[ 2017-06-07T14:11:16+08:00 ] ::1 /yjc/lby/index.php/Lead/index.html
ERR: Could not open ./Public/Uploads/2017-06-07/593799049d696.xls for reading! File does not exist, or it is not readable.

[ 2017-06-07T14:21:59+08:00 ] ::1 /yjc/lby/Public/Admin/static/userlist/j/yjc/lby/Public/Admin/static/userlist/query_006.js
ERR: 无法加载控制器:Public

[ 2017-06-07T14:21:59+08:00 ] ::1 /yjc/lby/index.php/Lead/WdatePicker.css
ERR: 非法操作:WdatePicker.css

[ 2017-06-07T14:21:59+08:00 ] ::1 /yjc/lby/Public/Admin/static/userlist/j/yjc/lby/Public/Admin/static/userlist/query_006.js
ERR: 无法加载控制器:Public

[ 2017-06-07T14:21:59+08:00 ] ::1 /yjc/lby/index.php/Lead/WdatePicker.css
ERR: 非法操作:WdatePicker.css

[ 2017-06-07T14:21:59+08:00 ] ::1 /yjc/lby/Public/Admin/static/userlist/skin/WdatePicker.css
ERR: 无法加载控制器:Public

[ 2017-06-07T14:22:04+08:00 ] ::1 /yjc/lby/index.php/Lead/index.html
ERR: Could not open ./Public/Uploads/2017-06-07/59379b8c1203c.xls for reading! File does not exist, or it is not readable.

[ 2017-06-07T14:29:51+08:00 ] ::1 /yjc/lby/Public/Admin/static/userlist/j/yjc/lby/Public/Admin/static/userlist/query_006.js
ERR: 无法加载控制器:Public

[ 2017-06-07T14:29:51+08:00 ] ::1 /yjc/lby/index.php/Lead/WdatePicker.css
ERR: 非法操作:WdatePicker.css

[ 2017-06-07T14:29:52+08:00 ] ::1 /yjc/lby/Public/Admin/static/userlist/j/yjc/lby/Public/Admin/static/userlist/query_006.js
ERR: 无法加载控制器:Public

[ 2017-06-07T14:29:52+08:00 ] ::1 /yjc/lby/index.php/Lead/WdatePicker.css
ERR: 非法操作:WdatePicker.css

[ 2017-06-07T14:29:52+08:00 ] ::1 /yjc/lby/Public/Admin/static/userlist/skin/WdatePicker.css
ERR: 无法加载控制器:Public

[ 2017-06-07T14:29:56+08:00 ] ::1 /yjc/lby/index.php/Lead/index.html
ERR: Could not open ./Public/Uploads/2017-06-07/59379d64cf3be.xls for reading! File does not exist, or it is not readable.

[ 2017-06-07T14:31:57+08:00 ] ::1 /yjc/lby/Public/Admin/static/userlist/j/yjc/lby/Public/Admin/static/userlist/query_006.js
ERR: 无法加载控制器:Public

[ 2017-06-07T14:31:57+08:00 ] ::1 /yjc/lby/index.php/Lead/WdatePicker.css
ERR: 非法操作:WdatePicker.css

[ 2017-06-07T14:31:57+08:00 ] ::1 /yjc/lby/Public/Admin/static/userlist/j/yjc/lby/Public/Admin/static/userlist/query_006.js
ERR: 无法加载控制器:Public

[ 2017-06-07T14:31:57+08:00 ] ::1 /yjc/lby/Public/Admin/static/userlist/skin/WdatePicker.css
ERR: 无法加载控制器:Public

[ 2017-06-07T14:31:57+08:00 ] ::1 /yjc/lby/index.php/Lead/WdatePicker.css
ERR: 非法操作:WdatePicker.css

[ 2017-06-07T14:32:02+08:00 ] ::1 /yjc/lby/index.php/Lead/index.html
ERR: Could not open ./Public/Uploads/2017-06-07/59379de220784.xls for reading! File does not exist, or it is not readable.

[ 2017-06-07T14:33:02+08:00 ] ::1 /yjc/lby/Public/Admin/static/userlist/j/yjc/lby/Public/Admin/static/userlist/query_006.js
ERR: 无法加载控制器:Public

[ 2017-06-07T14:33:02+08:00 ] ::1 /yjc/lby/index.php/Lead/WdatePicker.css
ERR: 非法操作:WdatePicker.css

[ 2017-06-07T14:33:02+08:00 ] ::1 /yjc/lby/Public/Admin/static/userlist/j/yjc/lby/Public/Admin/static/userlist/query_006.js
ERR: 无法加载控制器:Public

[ 2017-06-07T14:33:02+08:00 ] ::1 /yjc/lby/index.php/Lead/WdatePicker.css
ERR: 非法操作:WdatePicker.css

[ 2017-06-07T14:33:02+08:00 ] ::1 /yjc/lby/Public/Admin/static/userlist/skin/WdatePicker.css
ERR: 无法加载控制器:Public

[ 2017-06-07T14:33:07+08:00 ] ::1 /yjc/lby/index.php/Lead/index.html
ERR: Could not open ./Public/Uploads/2017-06-07/59379e231c400.xls for reading! File does not exist, or it is not readable.

[ 2017-06-07T14:33:27+08:00 ] ::1 /yjc/lby/Public/Admin/static/userlist/j/yjc/lby/Public/Admin/static/userlist/query_006.js
ERR: 无法加载控制器:Public

[ 2017-06-07T14:33:27+08:00 ] ::1 /yjc/lby/index.php/Lead/WdatePicker.css
ERR: 非法操作:WdatePicker.css

[ 2017-06-07T14:33:27+08:00 ] ::1 /yjc/lby/Public/Admin/static/userlist/j/yjc/lby/Public/Admin/static/userlist/query_006.js
ERR: 无法加载控制器:Public

[ 2017-06-07T14:33:27+08:00 ] ::1 /yjc/lby/index.php/Lead/WdatePicker.css
ERR: 非法操作:WdatePicker.css

[ 2017-06-07T14:33:27+08:00 ] ::1 /yjc/lby/Public/Admin/static/userlist/skin/WdatePicker.css
ERR: 无法加载控制器:Public

[ 2017-06-07T14:33:31+08:00 ] ::1 /yjc/lby/index.php/Lead/index.html
ERR: Could not open ./Public/Uploads/2017-06-07/59379e3b76ec2.xls for reading! File does not exist, or it is not readable.

[ 2017-06-07T14:34:11+08:00 ] ::1 /yjc/lby/Public/Admin/static/userlist/j/yjc/lby/Public/Admin/static/userlist/query_006.js
ERR: 无法加载控制器:Public

[ 2017-06-07T14:34:11+08:00 ] ::1 /yjc/lby/index.php/Lead/WdatePicker.css
ERR: 非法操作:WdatePicker.css

[ 2017-06-07T14:34:11+08:00 ] ::1 /yjc/lby/Public/Admin/static/userlist/j/yjc/lby/Public/Admin/static/userlist/query_006.js
ERR: 无法加载控制器:Public

[ 2017-06-07T14:34:11+08:00 ] ::1 /yjc/lby/Public/Admin/static/userlist/skin/WdatePicker.css
ERR: 无法加载控制器:Public

[ 2017-06-07T14:34:11+08:00 ] ::1 /yjc/lby/index.php/Lead/WdatePicker.css
ERR: 非法操作:WdatePicker.css

[ 2017-06-07T14:34:19+08:00 ] ::1 /yjc/lby/index.php/Lead/WdatePicker.css
ERR: 非法操作:WdatePicker.css

[ 2017-06-07T14:34:19+08:00 ] ::1 /yjc/lby/Public/Admin/static/userlist/j/yjc/lby/Public/Admin/static/userlist/query_006.js
ERR: 无法加载控制器:Public

[ 2017-06-07T14:34:19+08:00 ] ::1 /yjc/lby/Public/Admin/static/userlist/j/yjc/lby/Public/Admin/static/userlist/query_006.js
ERR: 无法加载控制器:Public

[ 2017-06-07T14:34:19+08:00 ] ::1 /yjc/lby/Public/Admin/static/userlist/skin/WdatePicker.css
ERR: 无法加载控制器:Public

[ 2017-06-07T14:34:19+08:00 ] ::1 /yjc/lby/index.php/Lead/WdatePicker.css
ERR: 非法操作:WdatePicker.css

[ 2017-06-07T14:35:52+08:00 ] ::1 /yjc/lby/Public/Admin/static/userlist/j/yjc/lby/Public/Admin/static/userlist/query_006.js
ERR: 无法加载控制器:Public

[ 2017-06-07T14:35:52+08:00 ] ::1 /yjc/lby/index.php/Lead/WdatePicker.css
ERR: 非法操作:WdatePicker.css

[ 2017-06-07T14:35:53+08:00 ] ::1 /yjc/lby/Public/Admin/static/userlist/j/yjc/lby/Public/Admin/static/userlist/query_006.js
ERR: 无法加载控制器:Public

[ 2017-06-07T14:35:53+08:00 ] ::1 /yjc/lby/index.php/Lead/WdatePicker.css
ERR: 非法操作:WdatePicker.css

[ 2017-06-07T14:35:53+08:00 ] ::1 /yjc/lby/Public/Admin/static/userlist/skin/WdatePicker.css
ERR: 无法加载控制器:Public

[ 2017-06-07T14:36:32+08:00 ] ::1 /yjc/lby/Public/Admin/static/userlist/j/yjc/lby/Public/Admin/static/userlist/query_006.js
ERR: 无法加载控制器:Public

[ 2017-06-07T14:36:32+08:00 ] ::1 /yjc/lby/index.php/Lead/WdatePicker.css
ERR: 非法操作:WdatePicker.css

[ 2017-06-07T14:36:32+08:00 ] ::1 /yjc/lby/Public/Admin/static/userlist/j/yjc/lby/Public/Admin/static/userlist/query_006.js
ERR: 无法加载控制器:Public

[ 2017-06-07T14:36:32+08:00 ] ::1 /yjc/lby/index.php/Lead/WdatePicker.css
ERR: 非法操作:WdatePicker.css

[ 2017-06-07T14:36:32+08:00 ] ::1 /yjc/lby/Public/Admin/static/userlist/skin/WdatePicker.css
ERR: 无法加载控制器:Public

[ 2017-06-07T14:37:29+08:00 ] ::1 /yjc/lby/index.php/Lead/WdatePicker.css
ERR: 非法操作:WdatePicker.css

[ 2017-06-07T14:37:29+08:00 ] ::1 /yjc/lby/Public/Admin/static/userlist/j/yjc/lby/Public/Admin/static/userlist/query_006.js
ERR: 无法加载控制器:Public

[ 2017-06-07T14:37:29+08:00 ] ::1 /yjc/lby/Public/Admin/static/userlist/j/yjc/lby/Public/Admin/static/userlist/query_006.js
ERR: 无法加载控制器:Public

[ 2017-06-07T14:37:29+08:00 ] ::1 /yjc/lby/index.php/Lead/WdatePicker.css
ERR: 非法操作:WdatePicker.css

[ 2017-06-07T14:37:29+08:00 ] ::1 /yjc/lby/Public/Admin/static/userlist/skin/WdatePicker.css
ERR: 无法加载控制器:Public

[ 2017-06-07T14:41:21+08:00 ] ::1 /yjc/lby/Public/Admin/static/userlist/j/yjc/lby/Public/Admin/static/userlist/query_006.js
ERR: 无法加载控制器:Public

[ 2017-06-07T14:41:21+08:00 ] ::1 /yjc/lby/index.php/Lead/WdatePicker.css
ERR: 非法操作:WdatePicker.css

[ 2017-06-07T14:41:22+08:00 ] ::1 /yjc/lby/Public/Admin/static/userlist/j/yjc/lby/Public/Admin/static/userlist/query_006.js
ERR: 无法加载控制器:Public

[ 2017-06-07T14:41:22+08:00 ] ::1 /yjc/lby/index.php/Lead/WdatePicker.css
ERR: 非法操作:WdatePicker.css

[ 2017-06-07T14:41:22+08:00 ] ::1 /yjc/lby/Public/Admin/static/userlist/skin/WdatePicker.css
ERR: 无法加载控制器:Public

[ 2017-06-07T15:02:44+08:00 ] ::1 /yjc/lby/Public/Admin/static/userlist/j/yjc/lby/Public/Admin/static/userlist/query_006.js
ERR: 无法加载控制器:Public

[ 2017-06-07T15:02:44+08:00 ] ::1 /yjc/lby/index.php/Lead/WdatePicker.css
ERR: 非法操作:WdatePicker.css

[ 2017-06-07T15:02:44+08:00 ] ::1 /yjc/lby/Public/Admin/static/userlist/j/yjc/lby/Public/Admin/static/userlist/query_006.js
ERR: 无法加载控制器:Public

[ 2017-06-07T15:02:44+08:00 ] ::1 /yjc/lby/index.php/Lead/WdatePicker.css
ERR: 非法操作:WdatePicker.css

[ 2017-06-07T15:02:44+08:00 ] ::1 /yjc/lby/Public/Admin/static/userlist/skin/WdatePicker.css
ERR: 无法加载控制器:Public

[ 2017-06-07T15:03:28+08:00 ] ::1 /yjc/lby/Public/Admin/static/userlist/j/yjc/lby/Public/Admin/static/userlist/query_006.js
ERR: 无法加载控制器:Public

[ 2017-06-07T15:03:28+08:00 ] ::1 /yjc/lby/index.php/Lead/WdatePicker.css
ERR: 非法操作:WdatePicker.css

[ 2017-06-07T15:03:28+08:00 ] ::1 /yjc/lby/Public/Admin/static/userlist/j/yjc/lby/Public/Admin/static/userlist/query_006.js
ERR: 无法加载控制器:Public

[ 2017-06-07T15:03:28+08:00 ] ::1 /yjc/lby/Public/Admin/static/userlist/skin/WdatePicker.css
ERR: 无法加载控制器:Public

[ 2017-06-07T15:03:28+08:00 ] ::1 /yjc/lby/index.php/Lead/WdatePicker.css
ERR: 非法操作:WdatePicker.css

[ 2017-06-07T15:03:32+08:00 ] ::1 /yjc/lby/Public/Admin/static/userlist/j/yjc/lby/Public/Admin/static/userlist/query_006.js
ERR: 无法加载控制器:Public

[ 2017-06-07T15:03:32+08:00 ] ::1 /yjc/lby/index.php/Lead/WdatePicker.css
ERR: 非法操作:WdatePicker.css

[ 2017-06-07T15:03:32+08:00 ] ::1 /yjc/lby/Public/Admin/static/userlist/j/yjc/lby/Public/Admin/static/userlist/query_006.js
ERR: 无法加载控制器:Public

[ 2017-06-07T15:03:32+08:00 ] ::1 /yjc/lby/index.php/Lead/WdatePicker.css
ERR: 非法操作:WdatePicker.css

[ 2017-06-07T15:03:32+08:00 ] ::1 /yjc/lby/Public/Admin/static/userlist/skin/WdatePicker.css
ERR: 无法加载控制器:Public

[ 2017-06-07T15:06:59+08:00 ] ::1 /yjc/lby/Public/Admin/static/userlist/j/yjc/lby/Public/Admin/static/userlist/query_006.js
ERR: 无法加载控制器:Public

[ 2017-06-07T15:06:59+08:00 ] ::1 /yjc/lby/index.php/Lead/WdatePicker.css
ERR: 非法操作:WdatePicker.css

[ 2017-06-07T15:06:59+08:00 ] ::1 /yjc/lby/Public/Admin/static/userlist/j/yjc/lby/Public/Admin/static/userlist/query_006.js
ERR: 无法加载控制器:Public

[ 2017-06-07T15:06:59+08:00 ] ::1 /yjc/lby/index.php/Lead/WdatePicker.css
ERR: 非法操作:WdatePicker.css

[ 2017-06-07T15:06:59+08:00 ] ::1 /yjc/lby/Public/Admin/static/userlist/skin/WdatePicker.css
ERR: 无法加载控制器:Public

[ 2017-06-07T15:08:37+08:00 ] ::1 /yjc/lby/index.php/Lead/WdatePicker.css
ERR: 非法操作:WdatePicker.css

[ 2017-06-07T15:08:37+08:00 ] ::1 /yjc/lby/Public/Admin/static/userlist/j/yjc/lby/Public/Admin/static/userlist/query_006.js
ERR: 无法加载控制器:Public

[ 2017-06-07T15:08:37+08:00 ] ::1 /yjc/lby/Public/Admin/static/userlist/j/yjc/lby/Public/Admin/static/userlist/query_006.js
ERR: 无法加载控制器:Public

[ 2017-06-07T15:08:37+08:00 ] ::1 /yjc/lby/Public/Admin/static/userlist/skin/WdatePicker.css
ERR: 无法加载控制器:Public

[ 2017-06-07T15:08:37+08:00 ] ::1 /yjc/lby/index.php/Lead/WdatePicker.css
ERR: 非法操作:WdatePicker.css

[ 2017-06-07T15:13:51+08:00 ] ::1 /yjc/lby/Public/Admin/static/userlist/j/yjc/lby/Public/Admin/static/userlist/query_006.js
ERR: 无法加载控制器:Public

[ 2017-06-07T15:13:51+08:00 ] ::1 /yjc/lby/index.php/Lead/WdatePicker.css
ERR: 非法操作:WdatePicker.css

[ 2017-06-07T15:13:51+08:00 ] ::1 /yjc/lby/Public/Admin/static/userlist/j/yjc/lby/Public/Admin/static/userlist/query_006.js
ERR: 无法加载控制器:Public

[ 2017-06-07T15:13:51+08:00 ] ::1 /yjc/lby/Public/Admin/static/userlist/skin/WdatePicker.css
ERR: 无法加载控制器:Public

[ 2017-06-07T15:13:51+08:00 ] ::1 /yjc/lby/index.php/Lead/WdatePicker.css
ERR: 非法操作:WdatePicker.css

[ 2017-06-07T15:14:16+08:00 ] ::1 /yjc/lby/index.php/Lead/WdatePicker.css
ERR: 非法操作:WdatePicker.css

[ 2017-06-07T15:14:16+08:00 ] ::1 /yjc/lby/Public/Admin/static/userlist/j/yjc/lby/Public/Admin/static/userlist/query_006.js
ERR: 无法加载控制器:Public

[ 2017-06-07T15:14:16+08:00 ] ::1 /yjc/lby/Public/Admin/static/userlist/j/yjc/lby/Public/Admin/static/userlist/query_006.js
ERR: 无法加载控制器:Public

[ 2017-06-07T15:14:16+08:00 ] ::1 /yjc/lby/index.php/Lead/WdatePicker.css
ERR: 非法操作:WdatePicker.css

[ 2017-06-07T15:14:16+08:00 ] ::1 /yjc/lby/Public/Admin/static/userlist/skin/WdatePicker.css
ERR: 无法加载控制器:Public

[ 2017-06-07T15:17:53+08:00 ] ::1 /yjc/lby/index.php/Lead/WdatePicker.css
ERR: 非法操作:WdatePicker.css

[ 2017-06-07T15:17:53+08:00 ] ::1 /yjc/lby/Public/Admin/static/userlist/j/yjc/lby/Public/Admin/static/userlist/query_006.js
ERR: 无法加载控制器:Public

[ 2017-06-07T15:17:53+08:00 ] ::1 /yjc/lby/Public/Admin/static/userlist/j/yjc/lby/Public/Admin/static/userlist/query_006.js
ERR: 无法加载控制器:Public

[ 2017-06-07T15:17:53+08:00 ] ::1 /yjc/lby/index.php/Lead/WdatePicker.css
ERR: 非法操作:WdatePicker.css

[ 2017-06-07T15:17:53+08:00 ] ::1 /yjc/lby/Public/Admin/static/userlist/skin/WdatePicker.css
ERR: 无法加载控制器:Public

[ 2017-06-07T15:18:23+08:00 ] ::1 /yjc/lby/Public/Admin/static/userlist/j/yjc/lby/Public/Admin/static/userlist/query_006.js
ERR: 无法加载控制器:Public

[ 2017-06-07T15:18:23+08:00 ] ::1 /yjc/lby/index.php/Lead/WdatePicker.css
ERR: 非法操作:WdatePicker.css

[ 2017-06-07T15:18:23+08:00 ] ::1 /yjc/lby/Public/Admin/static/userlist/j/yjc/lby/Public/Admin/static/userlist/query_006.js
ERR: 无法加载控制器:Public

[ 2017-06-07T15:18:23+08:00 ] ::1 /yjc/lby/index.php/Lead/WdatePicker.css
ERR: 非法操作:WdatePicker.css

[ 2017-06-07T15:18:23+08:00 ] ::1 /yjc/lby/Public/Admin/static/userlist/skin/WdatePicker.css
ERR: 无法加载控制器:Public

[ 2017-06-07T15:19:09+08:00 ] ::1 /yjc/lby/Public/Admin/static/userlist/j/yjc/lby/Public/Admin/static/userlist/query_006.js
ERR: 无法加载控制器:Public

[ 2017-06-07T15:19:09+08:00 ] ::1 /yjc/lby/index.php/Lead/WdatePicker.css
ERR: 非法操作:WdatePicker.css

[ 2017-06-07T15:19:09+08:00 ] ::1 /yjc/lby/Public/Admin/static/userlist/j/yjc/lby/Public/Admin/static/userlist/query_006.js
ERR: 无法加载控制器:Public

[ 2017-06-07T15:19:10+08:00 ] ::1 /yjc/lby/Public/Admin/static/userlist/skin/WdatePicker.css
ERR: 无法加载控制器:Public

[ 2017-06-07T15:19:10+08:00 ] ::1 /yjc/lby/index.php/Lead/WdatePicker.css
ERR: 非法操作:WdatePicker.css

[ 2017-06-07T15:19:32+08:00 ] ::1 /yjc/lby/Public/Admin/static/userlist/j/yjc/lby/Public/Admin/static/userlist/query_006.js
ERR: 无法加载控制器:Public

[ 2017-06-07T15:19:32+08:00 ] ::1 /yjc/lby/index.php/Lead/WdatePicker.css
ERR: 非法操作:WdatePicker.css

[ 2017-06-07T15:19:33+08:00 ] ::1 /yjc/lby/Public/Admin/static/userlist/j/yjc/lby/Public/Admin/static/userlist/query_006.js
ERR: 无法加载控制器:Public

[ 2017-06-07T15:19:33+08:00 ] ::1 /yjc/lby/index.php/Lead/WdatePicker.css
ERR: 非法操作:WdatePicker.css

[ 2017-06-07T15:19:33+08:00 ] ::1 /yjc/lby/Public/Admin/static/userlist/skin/WdatePicker.css
ERR: 无法加载控制器:Public

[ 2017-06-07T15:19:34+08:00 ] ::1 /yjc/lby/index.php/Lead/index.html
ERR: Could not open ./Public/Uploads/2017-06-07/5937a90617f47.xls for reading! File does not exist, or it is not readable.

[ 2017-06-07T15:19:53+08:00 ] ::1 /yjc/lby/Public/Admin/static/userlist/j/yjc/lby/Public/Admin/static/userlist/query_006.js
ERR: 无法加载控制器:Public

[ 2017-06-07T15:19:53+08:00 ] ::1 /yjc/lby/index.php/Lead/WdatePicker.css
ERR: 非法操作:WdatePicker.css

[ 2017-06-07T15:19:53+08:00 ] ::1 /yjc/lby/Public/Admin/static/userlist/j/yjc/lby/Public/Admin/static/userlist/query_006.js
ERR: 无法加载控制器:Public

[ 2017-06-07T15:19:53+08:00 ] ::1 /yjc/lby/index.php/Lead/WdatePicker.css
ERR: 非法操作:WdatePicker.css

[ 2017-06-07T15:19:53+08:00 ] ::1 /yjc/lby/Public/Admin/static/userlist/skin/WdatePicker.css
ERR: 无法加载控制器:Public

[ 2017-06-07T15:19:54+08:00 ] ::1 /yjc/lby/index.php/Lead/index.html
ERR: Could not open ./Public/Uploads/2017-06-07/5937a91acb331.xls for reading! File does not exist, or it is not readable.

[ 2017-06-07T15:20:45+08:00 ] ::1 /yjc/lby/Public/Admin/static/userlist/j/yjc/lby/Public/Admin/static/userlist/query_006.js
ERR: 无法加载控制器:Public

[ 2017-06-07T15:20:45+08:00 ] ::1 /yjc/lby/index.php/Lead/WdatePicker.css
ERR: 非法操作:WdatePicker.css

[ 2017-06-07T15:20:46+08:00 ] ::1 /yjc/lby/Public/Admin/static/userlist/j/yjc/lby/Public/Admin/static/userlist/query_006.js
ERR: 无法加载控制器:Public

[ 2017-06-07T15:20:46+08:00 ] ::1 /yjc/lby/index.php/Lead/WdatePicker.css
ERR: 非法操作:WdatePicker.css

[ 2017-06-07T15:20:46+08:00 ] ::1 /yjc/lby/Public/Admin/static/userlist/skin/WdatePicker.css
ERR: 无法加载控制器:Public

[ 2017-06-07T15:20:50+08:00 ] ::1 /yjc/lby/index.php/Lead/index.html
ERR: Could not open ./Public/Uploads/2017-06-07/5937a952b7f5f.xls for reading! File does not exist, or it is not readable.

[ 2017-06-07T15:22:32+08:00 ] ::1 /yjc/lby/Public/Admin/static/userlist/j/yjc/lby/Public/Admin/static/userlist/query_006.js
ERR: 无法加载控制器:Public

[ 2017-06-07T15:22:32+08:00 ] ::1 /yjc/lby/index.php/Lead/WdatePicker.css
ERR: 非法操作:WdatePicker.css

[ 2017-06-07T15:22:32+08:00 ] ::1 /yjc/lby/Public/Admin/static/userlist/j/yjc/lby/Public/Admin/static/userlist/query_006.js
ERR: 无法加载控制器:Public

[ 2017-06-07T15:22:32+08:00 ] ::1 /yjc/lby/index.php/Lead/WdatePicker.css
ERR: 非法操作:WdatePicker.css

[ 2017-06-07T15:22:32+08:00 ] ::1 /yjc/lby/Public/Admin/static/userlist/skin/WdatePicker.css
ERR: 无法加载控制器:Public

[ 2017-06-07T15:22:37+08:00 ] ::1 /yjc/lby/index.php/Lead/index.html
ERR: Could not open ./Public/Uploads/2017-06-07/5937a9bd76118.xls for reading! File does not exist, or it is not readable.

[ 2017-06-07T15:45:10+08:00 ] ::1 /yjc/lby/index.php/Admin/Index/index1.html
ERR: 非法操作:index1

[ 2017-06-07T15:47:53+08:00 ] ::1 /yjc/lby/Public/Admin/static/userlist/j/yjc/lby/Public/Admin/static/userlist/query_006.js
ERR: 无法加载控制器:Public

[ 2017-06-07T15:47:53+08:00 ] ::1 /yjc/lby/index.php/Lead/WdatePicker.css
ERR: 非法操作:WdatePicker.css

[ 2017-06-07T15:47:53+08:00 ] ::1 /yjc/lby/Public/Admin/static/userlist/j/yjc/lby/Public/Admin/static/userlist/query_006.js
ERR: 无法加载控制器:Public

[ 2017-06-07T15:47:54+08:00 ] ::1 /yjc/lby/index.php/Lead/WdatePicker.css
ERR: 非法操作:WdatePicker.css

[ 2017-06-07T15:47:54+08:00 ] ::1 /yjc/lby/Public/Admin/static/userlist/skin/WdatePicker.css
ERR: 无法加载控制器:Public

[ 2017-06-07T15:47:59+08:00 ] ::1 /yjc/lby/index.php/Lead/index.html
ERR: Could not open ./Public/Uploads/2017-06-07/5937afaf89dba.xls for reading! File does not exist, or it is not readable.

[ 2017-06-07T16:49:58+08:00 ] ::1 /yjc/lby/index.php/Lead/index.html
ERR: The filename ./Public/Uploads is not recognised as an OLE file

[ 2017-06-07T16:50:42+08:00 ] ::1 /yjc/lby/index.php/Lead/index.html
ERR: The filename ./Public is not recognised as an OLE file

[ 2017-06-07T16:51:02+08:00 ] ::1 /yjc/lby/index.php/Lead/index.html
ERR: Could not open /Public for reading! File does not exist, or it is not readable.

[ 2017-06-07T16:56:40+08:00 ] ::1 /yjc/lby/index.php/Lead/index.html
ERR: The filename ./Public is not recognised as an OLE file

[ 2017-06-07T16:57:34+08:00 ] ::1 /yjc/lby/index.php/Lead/index.html
ERR: Could not open /Public/uploads for reading! File does not exist, or it is not readable.

[ 2017-06-07T16:57:48+08:00 ] ::1 /yjc/lby/index.php/Lead/index.html
ERR: Could not open /Public/Uploads for reading! File does not exist, or it is not readable.

[ 2017-06-07T16:57:51+08:00 ] ::1 /yjc/lby/index.php/Admin/Index/index1.html
ERR: 非法操作:index1

[ 2017-06-07T16:57:56+08:00 ] ::1 /yjc/lby/index.php/Lead/index.html
ERR: Could not open /Public/Uploads for reading! File does not exist, or it is not readable.

[ 2017-06-07T16:58:09+08:00 ] ::1 /yjc/lby/index.php/Lead/index.html
ERR: Could not open /Public/Uploads for reading! File does not exist, or it is not readable.

[ 2017-06-07T16:58:41+08:00 ] ::1 /yjc/lby/index.php/Lead/index.html
ERR: Could not open /Public/Upload for reading! File does not exist, or it is not readable.

[ 2017-06-07T16:58:51+08:00 ] ::1 /yjc/lby/index.php/Lead/index.html
ERR: Could not open ./Public/Upload for reading! File does not exist, or it is not readable.

[ 2017-06-07T16:59:40+08:00 ] ::1 /yjc/lby/index.php/Lead/index.html
ERR: The filename ./Public/Uploads is not recognised as an OLE file

[ 2017-06-07T16:59:53+08:00 ] ::1 /yjc/lby/index.php/Lead/index.html
ERR: Could not open /Public/Uploads for reading! File does not exist, or it is not readable.

[ 2017-06-07T17:15:17+08:00 ] ::1 /yjc/lby/index.php/Admin/Index/index1.html
ERR: 非法操作:index1

[ 2017-06-07T17:15:18+08:00 ] ::1 /yjc/lby/index.php/Admin/Index/index1.html
ERR: 非法操作:index1

[ 2017-06-07T17:15:24+08:00 ] ::1 /yjc/lby/index.php/Lead/index.html
ERR: Could not open ./Public/Uploads/2017-06-07/ for reading! File does not exist, or it is not readable.

[ 2017-06-07T17:25:45+08:00 ] ::1 /yjc/lby/index.php/Lead/WdatePicker.css
ERR: 非法操作:WdatePicker.css

[ 2017-06-07T17:25:45+08:00 ] ::1 /yjc/lby/Public/Admin/static/userlist/j/yjc/lby/Public/Admin/static/userlist/query_006.js
ERR: 无法加载控制器:Public

[ 2017-06-07T17:25:45+08:00 ] ::1 /yjc/lby/Public/Admin/static/userlist/j/yjc/lby/Public/Admin/static/userlist/query_006.js
ERR: 无法加载控制器:Public

[ 2017-06-07T17:25:45+08:00 ] ::1 /yjc/lby/Public/Admin/static/userlist/skin/WdatePicker.css
ERR: 无法加载控制器:Public

[ 2017-06-07T17:25:45+08:00 ] ::1 /yjc/lby/index.php/Lead/WdatePicker.css
ERR: 非法操作:WdatePicker.css

[ 2017-06-07T17:27:40+08:00 ] ::1 /yjc/lby/Public/Admin/static/userlist/j/yjc/lby/Public/Admin/static/userlist/query_006.js
ERR: 无法加载控制器:Public

[ 2017-06-07T17:27:40+08:00 ] ::1 /yjc/lby/index.php/Lead/WdatePicker.css
ERR: 非法操作:WdatePicker.css

[ 2017-06-07T17:27:40+08:00 ] ::1 /yjc/lby/Public/Admin/static/userlist/j/yjc/lby/Public/Admin/static/userlist/query_006.js
ERR: 无法加载控制器:Public

[ 2017-06-07T17:27:40+08:00 ] ::1 /yjc/lby/Public/Admin/static/userlist/skin/WdatePicker.css
ERR: 无法加载控制器:Public

[ 2017-06-07T17:27:40+08:00 ] ::1 /yjc/lby/index.php/Lead/WdatePicker.css
ERR: 非法操作:WdatePicker.css

[ 2017-06-07T17:27:46+08:00 ] ::1 /yjc/lby/index.php/Lead/index.html
ERR: Could not open ./Public/Uploads/2017-06-07/5937c71201f87.xls for reading! File does not exist, or it is not readable.

[ 2017-06-07T17:28:24+08:00 ] ::1 /yjc/lby/Public/Admin/static/userlist/j/yjc/lby/Public/Admin/static/userlist/query_006.js
ERR: 无法加载控制器:Public

[ 2017-06-07T17:28:24+08:00 ] ::1 /yjc/lby/index.php/Lead/WdatePicker.css
ERR: 非法操作:WdatePicker.css

[ 2017-06-07T17:28:24+08:00 ] ::1 /yjc/lby/Public/Admin/static/userlist/j/yjc/lby/Public/Admin/static/userlist/query_006.js
ERR: 无法加载控制器:Public

[ 2017-06-07T17:28:24+08:00 ] ::1 /yjc/lby/Public/Admin/static/userlist/skin/WdatePicker.css
ERR: 无法加载控制器:Public

[ 2017-06-07T17:28:24+08:00 ] ::1 /yjc/lby/index.php/Lead/WdatePicker.css
ERR: 非法操作:WdatePicker.css

[ 2017-06-07T17:28:25+08:00 ] ::1 /yjc/lby/index.php/Lead/index.html
ERR: Could not open ./Public/Uploads/2017-06-07/5937c739db918.xls for reading! File does not exist, or it is not readable.

[ 2017-06-07T17:29:00+08:00 ] ::1 /yjc/lby/Public/Admin/static/userlist/j/yjc/lby/Public/Admin/static/userlist/query_006.js
ERR: 无法加载控制器:Public

[ 2017-06-07T17:29:00+08:00 ] ::1 /yjc/lby/index.php/Lead/WdatePicker.css
ERR: 非法操作:WdatePicker.css

[ 2017-06-07T17:29:00+08:00 ] ::1 /yjc/lby/Public/Admin/static/userlist/j/yjc/lby/Public/Admin/static/userlist/query_006.js
ERR: 无法加载控制器:Public

[ 2017-06-07T17:29:00+08:00 ] ::1 /yjc/lby/index.php/Lead/WdatePicker.css
ERR: 非法操作:WdatePicker.css

[ 2017-06-07T17:29:00+08:00 ] ::1 /yjc/lby/Public/Admin/static/userlist/skin/WdatePicker.css
ERR: 无法加载控制器:Public

[ 2017-06-07T17:39:04+08:00 ] ::1 /yjc/lby/Public/Admin/static/userlist/j/yjc/lby/Public/Admin/static/userlist/query_006.js
ERR: 无法加载控制器:Public

[ 2017-06-07T17:39:04+08:00 ] ::1 /yjc/lby/index.php/Lead/WdatePicker.css
ERR: 非法操作:WdatePicker.css

[ 2017-06-07T17:39:04+08:00 ] ::1 /yjc/lby/Public/Admin/static/userlist/j/yjc/lby/Public/Admin/static/userlist/query_006.js
ERR: 无法加载控制器:Public

[ 2017-06-07T17:39:04+08:00 ] ::1 /yjc/lby/index.php/Lead/WdatePicker.css
ERR: 非法操作:WdatePicker.css

[ 2017-06-07T17:39:04+08:00 ] ::1 /yjc/lby/Public/Admin/static/userlist/skin/WdatePicker.css
ERR: 无法加载控制器:Public

[ 2017-06-07T17:39:10+08:00 ] ::1 /yjc/lby/index.php/Lead/index.html
ERR: Could not open ./Public/Uploads/2017-06-07/5937c9be89431.xls for reading! File does not exist, or it is not readable.

[ 2017-06-07T17:39:55+08:00 ] ::1 /yjc/lby/Public/Admin/static/userlist/j/yjc/lby/Public/Admin/static/userlist/query_006.js
ERR: 无法加载控制器:Public

[ 2017-06-07T17:39:55+08:00 ] ::1 /yjc/lby/index.php/Lead/WdatePicker.css
ERR: 非法操作:WdatePicker.css

[ 2017-06-07T17:39:55+08:00 ] ::1 /yjc/lby/Public/Admin/static/userlist/j/yjc/lby/Public/Admin/static/userlist/query_006.js
ERR: 无法加载控制器:Public

[ 2017-06-07T17:39:55+08:00 ] ::1 /yjc/lby/Public/Admin/static/userlist/skin/WdatePicker.css
ERR: 无法加载控制器:Public

[ 2017-06-07T17:39:55+08:00 ] ::1 /yjc/lby/index.php/Lead/WdatePicker.css
ERR: 非法操作:WdatePicker.css

[ 2017-06-07T17:43:36+08:00 ] ::1 /yjc/lby/index.php/Lead/WdatePicker.css
ERR: 非法操作:WdatePicker.css

[ 2017-06-07T17:43:36+08:00 ] ::1 /yjc/lby/Public/Admin/static/userlist/j/yjc/lby/Public/Admin/static/userlist/query_006.js
ERR: 无法加载控制器:Public

[ 2017-06-07T17:43:36+08:00 ] ::1 /yjc/lby/Public/Admin/static/userlist/j/yjc/lby/Public/Admin/static/userlist/query_006.js
ERR: 无法加载控制器:Public

[ 2017-06-07T17:43:36+08:00 ] ::1 /yjc/lby/Public/Admin/static/userlist/skin/WdatePicker.css
ERR: 无法加载控制器:Public

[ 2017-06-07T17:43:36+08:00 ] ::1 /yjc/lby/index.php/Lead/WdatePicker.css
ERR: 非法操作:WdatePicker.css

[ 2017-06-07T17:43:43+08:00 ] ::1 /yjc/lby/index.php/Lead/index.html
ERR: Could not open ./Public/Uploads/2017-06-07/5937cacf1c84e.xls for reading! File does not exist, or it is not readable.

[ 2017-06-07T17:45:24+08:00 ] ::1 /yjc/lby/Public/Admin/static/userlist/j/yjc/lby/Public/Admin/static/userlist/query_006.js
ERR: 无法加载控制器:Public

[ 2017-06-07T17:45:24+08:00 ] ::1 /yjc/lby/index.php/Lead/WdatePicker.css
ERR: 非法操作:WdatePicker.css

[ 2017-06-07T17:45:24+08:00 ] ::1 /yjc/lby/Public/Admin/static/userlist/j/yjc/lby/Public/Admin/static/userlist/query_006.js
ERR: 无法加载控制器:Public

[ 2017-06-07T17:45:24+08:00 ] ::1 /yjc/lby/index.php/Lead/WdatePicker.css
ERR: 非法操作:WdatePicker.css

[ 2017-06-07T17:45:24+08:00 ] ::1 /yjc/lby/Public/Admin/static/userlist/skin/WdatePicker.css
ERR: 无法加载控制器:Public

[ 2017-06-07T18:43:06+08:00 ] ::1 /yjc/lby/index.php/Lead/uploa.html
ERR: 非法操作:uploa

