[ 2017-06-22T09:21:52+08:00 ] ::1 /yjc/lby/index.php/Admin/Index/index1.html
ERR: 非法操作:index1

[ 2017-06-22T09:22:01+08:00 ] ::1 /yjc/lby/question/list.do
ERR: 无法加载控制器:Question

[ 2017-06-22T09:22:02+08:00 ] ::1 /yjc/lby/index.php/Info/WdatePicker.css
ERR: 非法操作:WdatePicker.css

[ 2017-06-22T09:22:02+08:00 ] ::1 /yjc/lby/index.php/Info/style.css
ERR: 非法操作:style.css

[ 2017-06-22T09:22:02+08:00 ] ::1 /yjc/lby/index.php/Info/WdatePicker.css
ERR: 非法操作:WdatePicker.css

[ 2017-06-22T09:22:02+08:00 ] ::1 /yjc/lby/Public/Admin/static/userlist/skin/WdatePicker.css
ERR: 无法加载控制器:Public

[ 2017-06-22T09:22:02+08:00 ] ::1 /yjc/lby/index.php/Info/style.css
ERR: 非法操作:style.css

[ 2017-06-22T09:27:53+08:00 ] ::1 /yjc/lby/question/list.do
ERR: 无法加载控制器:Question

[ 2017-06-22T09:27:55+08:00 ] ::1 /yjc/lby/index.php/Info/WdatePicker.css
ERR: 非法操作:WdatePicker.css

[ 2017-06-22T09:27:55+08:00 ] ::1 /yjc/lby/index.php/Info/style.css
ERR: 非法操作:style.css

[ 2017-06-22T09:27:56+08:00 ] ::1 /yjc/lby/index.php/Info/WdatePicker.css
ERR: 非法操作:WdatePicker.css

[ 2017-06-22T09:27:56+08:00 ] ::1 /yjc/lby/Public/Admin/static/userlist/skin/WdatePicker.css
ERR: 无法加载控制器:Public

[ 2017-06-22T09:27:56+08:00 ] ::1 /yjc/lby/index.php/Info/style.css
ERR: 非法操作:style.css

[ 2017-06-22T09:30:10+08:00 ] ::1 /yjc/lby/index.php/Info/WdatePicker.css
ERR: 非法操作:WdatePicker.css

[ 2017-06-22T09:30:10+08:00 ] ::1 /yjc/lby/index.php/Info/style.css
ERR: 非法操作:style.css

[ 2017-06-22T09:30:10+08:00 ] ::1 /yjc/lby/index.php/Info/WdatePicker.css
ERR: 非法操作:WdatePicker.css

[ 2017-06-22T09:30:10+08:00 ] ::1 /yjc/lby/Public/Admin/static/userlist/skin/WdatePicker.css
ERR: 无法加载控制器:Public

[ 2017-06-22T09:30:10+08:00 ] ::1 /yjc/lby/index.php/Info/style.css
ERR: 非法操作:style.css

[ 2017-06-22T09:30:13+08:00 ] ::1 /yjc/lby/Public/Admin/static/userlist/lang/zh-cn.js
ERR: 无法加载控制器:Public

[ 2017-06-22T09:30:13+08:00 ] ::1 /yjc/lby/Public/Admin/static/userlist/skin/twoer/datepicker.css
ERR: 无法加载控制器:Public

[ 2017-06-22T09:30:13+08:00 ] ::1 /yjc/lby/Public/Admin/static/userlist/calendar.js?
ERR: 无法加载控制器:Public

[ 2017-06-22T09:30:13+08:00 ] ::1 /yjc/lby/Public/Admin/static/userlist/skin/twoer/datepicker.css
ERR: 无法加载控制器:Public

[ 2017-06-22T09:30:13+08:00 ] ::1 /yjc/lby/Public/Admin/static/userlist/calendar.js?
ERR: 无法加载控制器:Public

[ 2017-06-22T09:30:18+08:00 ] ::1 /yjc/lby/index.php/Info/WdatePicker.css
ERR: 非法操作:WdatePicker.css

[ 2017-06-22T09:30:18+08:00 ] ::1 /yjc/lby/index.php/Info/style.css
ERR: 非法操作:style.css

[ 2017-06-22T09:30:18+08:00 ] ::1 /yjc/lby/Public/Admin/static/userlist/skin/WdatePicker.css
ERR: 无法加载控制器:Public

[ 2017-06-22T09:30:18+08:00 ] ::1 /yjc/lby/index.php/Info/WdatePicker.css
ERR: 非法操作:WdatePicker.css

[ 2017-06-22T09:30:19+08:00 ] ::1 /yjc/lby/index.php/Info/style.css
ERR: 非法操作:style.css

[ 2017-06-22T09:40:33+08:00 ] ::1 /yjc/lby/index.php/Info/style.css
ERR: 非法操作:style.css

[ 2017-06-22T09:40:33+08:00 ] ::1 /yjc/lby/index.php/Info/WdatePicker.css
ERR: 非法操作:WdatePicker.css

[ 2017-06-22T09:40:33+08:00 ] ::1 /yjc/lby/Public/Admin/static/userlist/skin/WdatePicker.css
ERR: 无法加载控制器:Public

[ 2017-06-22T09:40:33+08:00 ] ::1 /yjc/lby/index.php/Info/WdatePicker.css
ERR: 非法操作:WdatePicker.css

[ 2017-06-22T09:40:33+08:00 ] ::1 /yjc/lby/index.php/Info/style.css
ERR: 非法操作:style.css

[ 2017-06-22T09:41:02+08:00 ] ::1 /yjc/lby/index.php/Info/WdatePicker.css
ERR: 非法操作:WdatePicker.css

[ 2017-06-22T09:41:02+08:00 ] ::1 /yjc/lby/index.php/Info/style.css
ERR: 非法操作:style.css

[ 2017-06-22T09:41:02+08:00 ] ::1 /yjc/lby/Public/Admin/static/userlist/skin/WdatePicker.css
ERR: 无法加载控制器:Public

[ 2017-06-22T09:41:02+08:00 ] ::1 /yjc/lby/index.php/Info/WdatePicker.css
ERR: 非法操作:WdatePicker.css

[ 2017-06-22T09:41:02+08:00 ] ::1 /yjc/lby/index.php/Info/style.css
ERR: 非法操作:style.css

[ 2017-06-22T09:41:34+08:00 ] ::1 /yjc/lby/index.php/Info/WdatePicker.css
ERR: 非法操作:WdatePicker.css

[ 2017-06-22T09:41:34+08:00 ] ::1 /yjc/lby/index.php/Info/style.css
ERR: 非法操作:style.css

[ 2017-06-22T09:41:34+08:00 ] ::1 /yjc/lby/index.php/Info/WdatePicker.css
ERR: 非法操作:WdatePicker.css

[ 2017-06-22T09:41:34+08:00 ] ::1 /yjc/lby/Public/Admin/static/userlist/skin/WdatePicker.css
ERR: 无法加载控制器:Public

[ 2017-06-22T09:41:35+08:00 ] ::1 /yjc/lby/index.php/Info/style.css
ERR: 非法操作:style.css

[ 2017-06-22T09:46:39+08:00 ] ::1 /yjc/lby/index.php/Info/style.css
ERR: 非法操作:style.css

[ 2017-06-22T09:46:39+08:00 ] ::1 /yjc/lby/index.php/Info/WdatePicker.css
ERR: 非法操作:WdatePicker.css

[ 2017-06-22T09:46:39+08:00 ] ::1 /yjc/lby/index.php/Info/WdatePicker.css
ERR: 非法操作:WdatePicker.css

[ 2017-06-22T09:46:39+08:00 ] ::1 /yjc/lby/Public/Admin/static/userlist/skin/WdatePicker.css
ERR: 无法加载控制器:Public

[ 2017-06-22T09:46:39+08:00 ] ::1 /yjc/lby/index.php/Info/style.css
ERR: 非法操作:style.css

[ 2017-06-22T09:49:11+08:00 ] ::1 /yjc/lby/index.php/Info/WdatePicker.css
ERR: 非法操作:WdatePicker.css

[ 2017-06-22T09:49:11+08:00 ] ::1 /yjc/lby/index.php/Info/style.css
ERR: 非法操作:style.css

[ 2017-06-22T09:49:11+08:00 ] ::1 /yjc/lby/Public/Admin/static/userlist/skin/WdatePicker.css
ERR: 无法加载控制器:Public

[ 2017-06-22T09:49:11+08:00 ] ::1 /yjc/lby/index.php/Info/WdatePicker.css
ERR: 非法操作:WdatePicker.css

[ 2017-06-22T09:49:12+08:00 ] ::1 /yjc/lby/index.php/Info/style.css
ERR: 非法操作:style.css

[ 2017-06-22T09:49:40+08:00 ] ::1 /yjc/lby/index.php/Info/style.css
ERR: 非法操作:style.css

[ 2017-06-22T09:49:40+08:00 ] ::1 /yjc/lby/index.php/Info/WdatePicker.css
ERR: 非法操作:WdatePicker.css

[ 2017-06-22T09:49:40+08:00 ] ::1 /yjc/lby/index.php/Info/WdatePicker.css
ERR: 非法操作:WdatePicker.css

[ 2017-06-22T09:49:40+08:00 ] ::1 /yjc/lby/Public/Admin/static/userlist/skin/WdatePicker.css
ERR: 无法加载控制器:Public

[ 2017-06-22T09:49:40+08:00 ] ::1 /yjc/lby/index.php/Info/style.css
ERR: 非法操作:style.css

[ 2017-06-22T09:49:51+08:00 ] ::1 /yjc/lby/index.php/Info/WdatePicker.css
ERR: 非法操作:WdatePicker.css

[ 2017-06-22T09:49:51+08:00 ] ::1 /yjc/lby/index.php/Info/style.css
ERR: 非法操作:style.css

[ 2017-06-22T09:49:51+08:00 ] ::1 /yjc/lby/Public/Admin/static/userlist/skin/WdatePicker.css
ERR: 无法加载控制器:Public

[ 2017-06-22T09:49:51+08:00 ] ::1 /yjc/lby/index.php/Info/WdatePicker.css
ERR: 非法操作:WdatePicker.css

[ 2017-06-22T09:49:51+08:00 ] ::1 /yjc/lby/index.php/Info/style.css
ERR: 非法操作:style.css

[ 2017-06-22T09:50:13+08:00 ] ::1 /yjc/lby/index.php/Info/WdatePicker.css
ERR: 非法操作:WdatePicker.css

[ 2017-06-22T09:50:13+08:00 ] ::1 /yjc/lby/index.php/Info/style.css
ERR: 非法操作:style.css

[ 2017-06-22T09:50:13+08:00 ] ::1 /yjc/lby/Public/Admin/static/userlist/skin/WdatePicker.css
ERR: 无法加载控制器:Public

[ 2017-06-22T09:50:13+08:00 ] ::1 /yjc/lby/index.php/Info/WdatePicker.css
ERR: 非法操作:WdatePicker.css

[ 2017-06-22T09:50:13+08:00 ] ::1 /yjc/lby/index.php/Info/style.css
ERR: 非法操作:style.css

[ 2017-06-22T09:51:25+08:00 ] ::1 /yjc/lby/index.php/Info/WdatePicker.css
ERR: 非法操作:WdatePicker.css

[ 2017-06-22T09:51:25+08:00 ] ::1 /yjc/lby/index.php/Info/style.css
ERR: 非法操作:style.css

[ 2017-06-22T09:51:25+08:00 ] ::1 /yjc/lby/index.php/Info/WdatePicker.css
ERR: 非法操作:WdatePicker.css

[ 2017-06-22T09:51:25+08:00 ] ::1 /yjc/lby/Public/Admin/static/userlist/skin/WdatePicker.css
ERR: 无法加载控制器:Public

[ 2017-06-22T09:51:25+08:00 ] ::1 /yjc/lby/index.php/Info/style.css
ERR: 非法操作:style.css

[ 2017-06-22T09:53:44+08:00 ] ::1 /yjc/lby/index.php/Info/style.css
ERR: 非法操作:style.css

[ 2017-06-22T09:53:44+08:00 ] ::1 /yjc/lby/index.php/Info/WdatePicker.css
ERR: 非法操作:WdatePicker.css

[ 2017-06-22T09:53:44+08:00 ] ::1 /yjc/lby/index.php/Info/WdatePicker.css
ERR: 非法操作:WdatePicker.css

[ 2017-06-22T09:53:44+08:00 ] ::1 /yjc/lby/Public/Admin/static/userlist/skin/WdatePicker.css
ERR: 无法加载控制器:Public

[ 2017-06-22T09:53:44+08:00 ] ::1 /yjc/lby/index.php/Info/style.css
ERR: 非法操作:style.css

[ 2017-06-22T10:36:46+08:00 ] ::1 /yjc/lby/index.php/Admin/Index/index1.html
ERR: 非法操作:index1

[ 2017-06-22T10:39:12+08:00 ] ::1 /yjc/lby/question/list.do
ERR: 无法加载控制器:Question

[ 2017-06-22T10:40:12+08:00 ] ::1 /yjc/lby/index.php/Info/WdatePicker.css
ERR: 非法操作:WdatePicker.css

[ 2017-06-22T10:40:12+08:00 ] ::1 /yjc/lby/index.php/Info/style.css
ERR: 非法操作:style.css

[ 2017-06-22T10:40:13+08:00 ] ::1 /yjc/lby/index.php/Info/WdatePicker.css
ERR: 非法操作:WdatePicker.css

[ 2017-06-22T10:40:13+08:00 ] ::1 /yjc/lby/Public/Admin/static/userlist/skin/WdatePicker.css
ERR: 无法加载控制器:Public

[ 2017-06-22T10:40:13+08:00 ] ::1 /yjc/lby/index.php/Info/style.css
ERR: 非法操作:style.css

[ 2017-06-22T10:43:07+08:00 ] ::1 /yjc/lby/index.php/Info/WdatePicker.css
ERR: 非法操作:WdatePicker.css

[ 2017-06-22T10:43:07+08:00 ] ::1 /yjc/lby/index.php/Info/style.css
ERR: 非法操作:style.css

[ 2017-06-22T10:43:07+08:00 ] ::1 /yjc/lby/index.php/Info/WdatePicker.css
ERR: 非法操作:WdatePicker.css

[ 2017-06-22T10:43:07+08:00 ] ::1 /yjc/lby/Public/Admin/static/userlist/skin/WdatePicker.css
ERR: 无法加载控制器:Public

[ 2017-06-22T10:43:08+08:00 ] ::1 /yjc/lby/index.php/Info/style.css
ERR: 非法操作:style.css

[ 2017-06-22T11:25:38+08:00 ] ::1 /yjc/lby/index.php/Info/WdatePicker.css
ERR: 非法操作:WdatePicker.css

[ 2017-06-22T11:25:38+08:00 ] ::1 /yjc/lby/index.php/Info/style.css
ERR: 非法操作:style.css

[ 2017-06-22T11:25:39+08:00 ] ::1 /yjc/lby/Public/Admin/static/userlist/skin/WdatePicker.css
ERR: 无法加载控制器:Public

[ 2017-06-22T11:25:39+08:00 ] ::1 /yjc/lby/index.php/Info/WdatePicker.css
ERR: 非法操作:WdatePicker.css

[ 2017-06-22T11:25:39+08:00 ] ::1 /yjc/lby/index.php/Info/style.css
ERR: 非法操作:style.css

[ 2017-06-22T11:25:54+08:00 ] ::1 /yjc/lby/index.php/Info/WdatePicker.css
ERR: 非法操作:WdatePicker.css

[ 2017-06-22T11:25:54+08:00 ] ::1 /yjc/lby/index.php/Info/style.css
ERR: 非法操作:style.css

[ 2017-06-22T11:25:55+08:00 ] ::1 /yjc/lby/Public/Admin/static/userlist/skin/WdatePicker.css
ERR: 无法加载控制器:Public

[ 2017-06-22T11:25:55+08:00 ] ::1 /yjc/lby/index.php/Info/WdatePicker.css
ERR: 非法操作:WdatePicker.css

[ 2017-06-22T11:25:55+08:00 ] ::1 /yjc/lby/index.php/Info/style.css
ERR: 非法操作:style.css

[ 2017-06-22T11:26:00+08:00 ] ::1 /yjc/lby/index.php/Admin/Index/index1.html
ERR: 非法操作:index1

[ 2017-06-22T11:26:03+08:00 ] ::1 /yjc/lby/index.php/Info/WdatePicker.css
ERR: 非法操作:WdatePicker.css

[ 2017-06-22T11:26:03+08:00 ] ::1 /yjc/lby/index.php/Info/style.css
ERR: 非法操作:style.css

[ 2017-06-22T11:26:03+08:00 ] ::1 /yjc/lby/Public/Admin/static/userlist/skin/WdatePicker.css
ERR: 无法加载控制器:Public

[ 2017-06-22T11:26:03+08:00 ] ::1 /yjc/lby/index.php/Info/WdatePicker.css
ERR: 非法操作:WdatePicker.css

[ 2017-06-22T11:26:03+08:00 ] ::1 /yjc/lby/index.php/Info/style.css
ERR: 非法操作:style.css

[ 2017-06-22T11:28:45+08:00 ] ::1 /yjc/lby/index.php/Info/WdatePicker.css
ERR: 非法操作:WdatePicker.css

[ 2017-06-22T11:28:45+08:00 ] ::1 /yjc/lby/index.php/Info/style.css
ERR: 非法操作:style.css

[ 2017-06-22T11:28:45+08:00 ] ::1 /yjc/lby/index.php/Info/WdatePicker.css
ERR: 非法操作:WdatePicker.css

[ 2017-06-22T11:28:45+08:00 ] ::1 /yjc/lby/Public/Admin/static/userlist/skin/WdatePicker.css
ERR: 无法加载控制器:Public

[ 2017-06-22T11:28:45+08:00 ] ::1 /yjc/lby/index.php/Info/style.css
ERR: 非法操作:style.css

[ 2017-06-22T11:29:31+08:00 ] ::1 /yjc/lby/index.php/Info/WdatePicker.css
ERR: 非法操作:WdatePicker.css

[ 2017-06-22T11:29:31+08:00 ] ::1 /yjc/lby/index.php/Info/style.css
ERR: 非法操作:style.css

[ 2017-06-22T11:29:31+08:00 ] ::1 /yjc/lby/Public/Admin/static/userlist/skin/WdatePicker.css
ERR: 无法加载控制器:Public

[ 2017-06-22T11:29:31+08:00 ] ::1 /yjc/lby/index.php/Info/WdatePicker.css
ERR: 非法操作:WdatePicker.css

[ 2017-06-22T11:29:31+08:00 ] ::1 /yjc/lby/index.php/Info/style.css
ERR: 非法操作:style.css

[ 2017-06-22T11:30:36+08:00 ] ::1 /yjc/lby/index.php/Info/WdatePicker.css
ERR: 非法操作:WdatePicker.css

[ 2017-06-22T11:30:36+08:00 ] ::1 /yjc/lby/index.php/Info/style.css
ERR: 非法操作:style.css

[ 2017-06-22T11:30:36+08:00 ] ::1 /yjc/lby/Public/Admin/static/userlist/skin/WdatePicker.css
ERR: 无法加载控制器:Public

[ 2017-06-22T11:30:36+08:00 ] ::1 /yjc/lby/index.php/Info/WdatePicker.css
ERR: 非法操作:WdatePicker.css

[ 2017-06-22T11:30:36+08:00 ] ::1 /yjc/lby/index.php/Info/style.css
ERR: 非法操作:style.css

[ 2017-06-22T11:30:38+08:00 ] ::1 /yjc/lby/index.php/Info/WdatePicker.css
ERR: 非法操作:WdatePicker.css

[ 2017-06-22T11:30:38+08:00 ] ::1 /yjc/lby/index.php/Info/style.css
ERR: 非法操作:style.css

[ 2017-06-22T11:30:38+08:00 ] ::1 /yjc/lby/Public/Admin/static/userlist/skin/WdatePicker.css
ERR: 无法加载控制器:Public

[ 2017-06-22T11:30:38+08:00 ] ::1 /yjc/lby/index.php/Info/WdatePicker.css
ERR: 非法操作:WdatePicker.css

[ 2017-06-22T11:30:39+08:00 ] ::1 /yjc/lby/index.php/Info/style.css
ERR: 非法操作:style.css

[ 2017-06-22T11:31:05+08:00 ] ::1 /yjc/lby/index.php/Info/WdatePicker.css
ERR: 非法操作:WdatePicker.css

[ 2017-06-22T11:31:05+08:00 ] ::1 /yjc/lby/index.php/Info/style.css
ERR: 非法操作:style.css

[ 2017-06-22T11:31:05+08:00 ] ::1 /yjc/lby/Public/Admin/static/userlist/skin/WdatePicker.css
ERR: 无法加载控制器:Public

[ 2017-06-22T11:31:05+08:00 ] ::1 /yjc/lby/index.php/Info/WdatePicker.css
ERR: 非法操作:WdatePicker.css

[ 2017-06-22T11:31:05+08:00 ] ::1 /yjc/lby/index.php/Info/style.css
ERR: 非法操作:style.css

[ 2017-06-22T11:31:07+08:00 ] ::1 /yjc/lby/index.php/Info/WdatePicker.css
ERR: 非法操作:WdatePicker.css

[ 2017-06-22T11:31:07+08:00 ] ::1 /yjc/lby/index.php/Info/style.css
ERR: 非法操作:style.css

[ 2017-06-22T11:31:07+08:00 ] ::1 /yjc/lby/Public/Admin/static/userlist/skin/WdatePicker.css
ERR: 无法加载控制器:Public

[ 2017-06-22T11:31:07+08:00 ] ::1 /yjc/lby/index.php/Info/WdatePicker.css
ERR: 非法操作:WdatePicker.css

[ 2017-06-22T11:31:07+08:00 ] ::1 /yjc/lby/index.php/Info/style.css
ERR: 非法操作:style.css

[ 2017-06-22T11:31:25+08:00 ] ::1 /yjc/lby/index.php/Info/WdatePicker.css
ERR: 非法操作:WdatePicker.css

[ 2017-06-22T11:31:25+08:00 ] ::1 /yjc/lby/index.php/Info/style.css
ERR: 非法操作:style.css

[ 2017-06-22T11:31:25+08:00 ] ::1 /yjc/lby/index.php/Info/WdatePicker.css
ERR: 非法操作:WdatePicker.css

[ 2017-06-22T11:31:25+08:00 ] ::1 /yjc/lby/Public/Admin/static/userlist/skin/WdatePicker.css
ERR: 无法加载控制器:Public

[ 2017-06-22T11:31:26+08:00 ] ::1 /yjc/lby/index.php/Info/style.css
ERR: 非法操作:style.css

[ 2017-06-22T11:31:47+08:00 ] ::1 /yjc/lby/index.php/Info/style.css
ERR: 非法操作:style.css

[ 2017-06-22T11:31:47+08:00 ] ::1 /yjc/lby/index.php/Info/WdatePicker.css
ERR: 非法操作:WdatePicker.css

[ 2017-06-22T11:31:48+08:00 ] ::1 /yjc/lby/Public/Admin/static/userlist/skin/WdatePicker.css
ERR: 无法加载控制器:Public

[ 2017-06-22T11:31:48+08:00 ] ::1 /yjc/lby/index.php/Info/WdatePicker.css
ERR: 非法操作:WdatePicker.css

[ 2017-06-22T11:31:48+08:00 ] ::1 /yjc/lby/index.php/Info/style.css
ERR: 非法操作:style.css

[ 2017-06-22T11:32:01+08:00 ] ::1 /yjc/lby/index.php/Info/WdatePicker.css
ERR: 非法操作:WdatePicker.css

[ 2017-06-22T11:32:01+08:00 ] ::1 /yjc/lby/index.php/Info/style.css
ERR: 非法操作:style.css

[ 2017-06-22T11:32:02+08:00 ] ::1 /yjc/lby/Public/Admin/static/userlist/skin/WdatePicker.css
ERR: 无法加载控制器:Public

[ 2017-06-22T11:32:02+08:00 ] ::1 /yjc/lby/index.php/Info/WdatePicker.css
ERR: 非法操作:WdatePicker.css

[ 2017-06-22T11:32:02+08:00 ] ::1 /yjc/lby/index.php/Info/style.css
ERR: 非法操作:style.css

[ 2017-06-22T11:32:20+08:00 ] ::1 /yjc/lby/probleminformation/list.do
ERR: 无法加载控制器:Probleminformation

[ 2017-06-22T11:32:21+08:00 ] ::1 /yjc/lby/index.php/Info/WdatePicker.css
ERR: 非法操作:WdatePicker.css

[ 2017-06-22T11:32:21+08:00 ] ::1 /yjc/lby/index.php/Info/style.css
ERR: 非法操作:style.css

[ 2017-06-22T11:32:21+08:00 ] ::1 /yjc/lby/Public/Admin/static/userlist/skin/WdatePicker.css
ERR: 无法加载控制器:Public

[ 2017-06-22T11:32:21+08:00 ] ::1 /yjc/lby/index.php/Info/WdatePicker.css
ERR: 非法操作:WdatePicker.css

[ 2017-06-22T11:32:22+08:00 ] ::1 /yjc/lby/index.php/Info/style.css
ERR: 非法操作:style.css

[ 2017-06-22T11:33:11+08:00 ] ::1 /yjc/lby/index.php/Info/style.css
ERR: 非法操作:style.css

[ 2017-06-22T11:33:11+08:00 ] ::1 /yjc/lby/index.php/Info/WdatePicker.css
ERR: 非法操作:WdatePicker.css

[ 2017-06-22T11:33:11+08:00 ] ::1 /yjc/lby/index.php/Info/WdatePicker.css
ERR: 非法操作:WdatePicker.css

[ 2017-06-22T11:33:11+08:00 ] ::1 /yjc/lby/Public/Admin/static/userlist/skin/WdatePicker.css
ERR: 无法加载控制器:Public

[ 2017-06-22T11:33:11+08:00 ] ::1 /yjc/lby/index.php/Info/style.css
ERR: 非法操作:style.css

[ 2017-06-22T11:35:36+08:00 ] ::1 /yjc/lby/index.php/Info/WdatePicker.css
ERR: 非法操作:WdatePicker.css

[ 2017-06-22T11:35:36+08:00 ] ::1 /yjc/lby/index.php/Info/style.css
ERR: 非法操作:style.css

[ 2017-06-22T11:35:37+08:00 ] ::1 /yjc/lby/Public/Admin/static/userlist/skin/WdatePicker.css
ERR: 无法加载控制器:Public

[ 2017-06-22T11:35:37+08:00 ] ::1 /yjc/lby/index.php/Info/WdatePicker.css
ERR: 非法操作:WdatePicker.css

[ 2017-06-22T11:35:37+08:00 ] ::1 /yjc/lby/index.php/Info/style.css
ERR: 非法操作:style.css

[ 2017-06-22T11:42:33+08:00 ] ::1 /yjc/lby/index.php/Info/WdatePicker.css
ERR: 非法操作:WdatePicker.css

[ 2017-06-22T11:42:33+08:00 ] ::1 /yjc/lby/index.php/Info/style.css
ERR: 非法操作:style.css

[ 2017-06-22T11:42:33+08:00 ] ::1 /yjc/lby/Public/Admin/static/userlist/skin/WdatePicker.css
ERR: 无法加载控制器:Public

[ 2017-06-22T11:42:33+08:00 ] ::1 /yjc/lby/index.php/Info/WdatePicker.css
ERR: 非法操作:WdatePicker.css

[ 2017-06-22T11:42:33+08:00 ] ::1 /yjc/lby/index.php/Info/style.css
ERR: 非法操作:style.css

[ 2017-06-22T12:10:10+08:00 ] ::1 /yjc/lby/index.php/Info/WdatePicker.css
ERR: 非法操作:WdatePicker.css

[ 2017-06-22T12:10:10+08:00 ] ::1 /yjc/lby/index.php/Info/style.css
ERR: 非法操作:style.css

[ 2017-06-22T12:10:10+08:00 ] ::1 /yjc/lby/Public/Admin/static/userlist/skin/WdatePicker.css
ERR: 无法加载控制器:Public

[ 2017-06-22T12:10:10+08:00 ] ::1 /yjc/lby/index.php/Info/WdatePicker.css
ERR: 非法操作:WdatePicker.css

[ 2017-06-22T12:10:10+08:00 ] ::1 /yjc/lby/index.php/Info/style.css
ERR: 非法操作:style.css

[ 2017-06-22T12:10:32+08:00 ] ::1 /yjc/lby/index.php/Info/WdatePicker.css
ERR: 非法操作:WdatePicker.css

[ 2017-06-22T12:10:32+08:00 ] ::1 /yjc/lby/index.php/Info/style.css
ERR: 非法操作:style.css

[ 2017-06-22T12:10:32+08:00 ] ::1 /yjc/lby/Public/Admin/static/userlist/skin/WdatePicker.css
ERR: 无法加载控制器:Public

[ 2017-06-22T12:10:32+08:00 ] ::1 /yjc/lby/index.php/Info/WdatePicker.css
ERR: 非法操作:WdatePicker.css

[ 2017-06-22T12:10:32+08:00 ] ::1 /yjc/lby/index.php/Info/style.css
ERR: 非法操作:style.css

[ 2017-06-22T13:22:34+08:00 ] ::1 /yjc/lby/index.php/Admin/Index/index1.html
ERR: 非法操作:index1

[ 2017-06-22T13:22:39+08:00 ] ::1 /yjc/lby/index.php/Info/WdatePicker.css
ERR: 非法操作:WdatePicker.css

[ 2017-06-22T13:22:39+08:00 ] ::1 /yjc/lby/index.php/Info/style.css
ERR: 非法操作:style.css

[ 2017-06-22T13:22:40+08:00 ] ::1 /yjc/lby/index.php/Info/WdatePicker.css
ERR: 非法操作:WdatePicker.css

[ 2017-06-22T13:22:40+08:00 ] ::1 /yjc/lby/Public/Admin/static/userlist/skin/WdatePicker.css
ERR: 无法加载控制器:Public

[ 2017-06-22T13:22:40+08:00 ] ::1 /yjc/lby/index.php/Info/style.css
ERR: 非法操作:style.css

[ 2017-06-22T13:24:11+08:00 ] ::1 /yjc/lby/index.php/Info/style.css
ERR: 非法操作:style.css

[ 2017-06-22T13:24:11+08:00 ] ::1 /yjc/lby/index.php/Info/WdatePicker.css
ERR: 非法操作:WdatePicker.css

[ 2017-06-22T13:24:11+08:00 ] ::1 /yjc/lby/index.php/Info/WdatePicker.css
ERR: 非法操作:WdatePicker.css

[ 2017-06-22T13:24:11+08:00 ] ::1 /yjc/lby/Public/Admin/static/userlist/skin/WdatePicker.css
ERR: 无法加载控制器:Public

[ 2017-06-22T13:24:11+08:00 ] ::1 /yjc/lby/index.php/Info/style.css
ERR: 非法操作:style.css

[ 2017-06-22T13:24:56+08:00 ] ::1 /yjc/lby/index.php/Info/style.css
ERR: 非法操作:style.css

[ 2017-06-22T13:24:56+08:00 ] ::1 /yjc/lby/index.php/Info/WdatePicker.css
ERR: 非法操作:WdatePicker.css

[ 2017-06-22T13:24:56+08:00 ] ::1 /yjc/lby/index.php/Info/WdatePicker.css
ERR: 非法操作:WdatePicker.css

[ 2017-06-22T13:24:56+08:00 ] ::1 /yjc/lby/Public/Admin/static/userlist/skin/WdatePicker.css
ERR: 无法加载控制器:Public

[ 2017-06-22T13:24:56+08:00 ] ::1 /yjc/lby/index.php/Info/style.css
ERR: 非法操作:style.css

[ 2017-06-22T13:26:41+08:00 ] ::1 /yjc/lby/index.php/Info/style.css
ERR: 非法操作:style.css

[ 2017-06-22T13:26:41+08:00 ] ::1 /yjc/lby/index.php/Info/WdatePicker.css
ERR: 非法操作:WdatePicker.css

[ 2017-06-22T13:26:41+08:00 ] ::1 /yjc/lby/Public/Admin/static/userlist/skin/WdatePicker.css
ERR: 无法加载控制器:Public

[ 2017-06-22T13:26:41+08:00 ] ::1 /yjc/lby/index.php/Info/WdatePicker.css
ERR: 非法操作:WdatePicker.css

[ 2017-06-22T13:26:42+08:00 ] ::1 /yjc/lby/index.php/Info/style.css
ERR: 非法操作:style.css

[ 2017-06-22T13:26:46+08:00 ] ::1 /yjc/lby/index.php/Admin/Index/index1.html
ERR: 非法操作:index1

[ 2017-06-22T13:26:50+08:00 ] ::1 /yjc/lby/index.php/Info/WdatePicker.css
ERR: 非法操作:WdatePicker.css

[ 2017-06-22T13:26:50+08:00 ] ::1 /yjc/lby/index.php/Info/style.css
ERR: 非法操作:style.css

[ 2017-06-22T13:26:50+08:00 ] ::1 /yjc/lby/index.php/Info/WdatePicker.css
ERR: 非法操作:WdatePicker.css

[ 2017-06-22T13:26:50+08:00 ] ::1 /yjc/lby/Public/Admin/static/userlist/skin/WdatePicker.css
ERR: 无法加载控制器:Public

[ 2017-06-22T13:26:50+08:00 ] ::1 /yjc/lby/index.php/Info/style.css
ERR: 非法操作:style.css

[ 2017-06-22T13:32:57+08:00 ] ::1 /yjc/lby/index.php/Info/style.css
ERR: 非法操作:style.css

[ 2017-06-22T13:32:57+08:00 ] ::1 /yjc/lby/index.php/Info/WdatePicker.css
ERR: 非法操作:WdatePicker.css

[ 2017-06-22T13:32:57+08:00 ] ::1 /yjc/lby/index.php/Info/WdatePicker.css
ERR: 非法操作:WdatePicker.css

[ 2017-06-22T13:32:57+08:00 ] ::1 /yjc/lby/Public/Admin/static/userlist/skin/WdatePicker.css
ERR: 无法加载控制器:Public

[ 2017-06-22T13:32:57+08:00 ] ::1 /yjc/lby/index.php/Info/style.css
ERR: 非法操作:style.css

[ 2017-06-22T13:35:56+08:00 ] ::1 /yjc/lby/index.php/Info/WdatePicker.css
ERR: 非法操作:WdatePicker.css

[ 2017-06-22T13:35:56+08:00 ] ::1 /yjc/lby/index.php/Info/style.css
ERR: 非法操作:style.css

[ 2017-06-22T13:35:56+08:00 ] ::1 /yjc/lby/Public/Admin/static/userlist/skin/WdatePicker.css
ERR: 无法加载控制器:Public

[ 2017-06-22T13:35:56+08:00 ] ::1 /yjc/lby/index.php/Info/WdatePicker.css
ERR: 非法操作:WdatePicker.css

[ 2017-06-22T13:35:56+08:00 ] ::1 /yjc/lby/index.php/Info/style.css
ERR: 非法操作:style.css

[ 2017-06-22T13:36:40+08:00 ] ::1 /yjc/lby/index.php/Info/style.css
ERR: 非法操作:style.css

[ 2017-06-22T13:36:40+08:00 ] ::1 /yjc/lby/index.php/Info/WdatePicker.css
ERR: 非法操作:WdatePicker.css

[ 2017-06-22T13:36:40+08:00 ] ::1 /yjc/lby/index.php/Info/WdatePicker.css
ERR: 非法操作:WdatePicker.css

[ 2017-06-22T13:36:40+08:00 ] ::1 /yjc/lby/Public/Admin/static/userlist/skin/WdatePicker.css
ERR: 无法加载控制器:Public

[ 2017-06-22T13:36:40+08:00 ] ::1 /yjc/lby/index.php/Info/style.css
ERR: 非法操作:style.css

[ 2017-06-22T13:38:53+08:00 ] ::1 /yjc/lby/index.php/Info/WdatePicker.css
ERR: 非法操作:WdatePicker.css

[ 2017-06-22T13:38:53+08:00 ] ::1 /yjc/lby/index.php/Info/style.css
ERR: 非法操作:style.css

[ 2017-06-22T13:38:53+08:00 ] ::1 /yjc/lby/index.php/Info/WdatePicker.css
ERR: 非法操作:WdatePicker.css

[ 2017-06-22T13:38:53+08:00 ] ::1 /yjc/lby/Public/Admin/static/userlist/skin/WdatePicker.css
ERR: 无法加载控制器:Public

[ 2017-06-22T13:38:53+08:00 ] ::1 /yjc/lby/index.php/Info/style.css
ERR: 非法操作:style.css

[ 2017-06-22T13:39:02+08:00 ] ::1 /yjc/lby/index.php/Admin/Index/index1.html
ERR: 非法操作:index1

[ 2017-06-22T13:39:08+08:00 ] ::1 /yjc/lby/question/list.do
ERR: 无法加载控制器:Question

[ 2017-06-22T13:39:09+08:00 ] ::1 /yjc/lby/index.php/Info/WdatePicker.css
ERR: 非法操作:WdatePicker.css

[ 2017-06-22T13:39:09+08:00 ] ::1 /yjc/lby/index.php/Info/style.css
ERR: 非法操作:style.css

[ 2017-06-22T13:39:09+08:00 ] ::1 /yjc/lby/Public/Admin/static/userlist/skin/WdatePicker.css
ERR: 无法加载控制器:Public

[ 2017-06-22T13:39:09+08:00 ] ::1 /yjc/lby/index.php/Info/WdatePicker.css
ERR: 非法操作:WdatePicker.css

[ 2017-06-22T13:39:09+08:00 ] ::1 /yjc/lby/index.php/Info/style.css
ERR: 非法操作:style.css

[ 2017-06-22T13:39:23+08:00 ] ::1 /yjc/lby/index.php/Info/WdatePicker.css
ERR: 非法操作:WdatePicker.css

[ 2017-06-22T13:39:23+08:00 ] ::1 /yjc/lby/index.php/Info/style.css
ERR: 非法操作:style.css

[ 2017-06-22T13:39:23+08:00 ] ::1 /yjc/lby/Public/Admin/static/userlist/skin/WdatePicker.css
ERR: 无法加载控制器:Public

[ 2017-06-22T13:39:23+08:00 ] ::1 /yjc/lby/index.php/Info/WdatePicker.css
ERR: 非法操作:WdatePicker.css

[ 2017-06-22T13:39:23+08:00 ] ::1 /yjc/lby/index.php/Info/style.css
ERR: 非法操作:style.css

[ 2017-06-22T13:41:38+08:00 ] ::1 /yjc/lby/index.php/Info/WdatePicker.css
ERR: 非法操作:WdatePicker.css

[ 2017-06-22T13:41:38+08:00 ] ::1 /yjc/lby/index.php/Info/style.css
ERR: 非法操作:style.css

[ 2017-06-22T13:41:38+08:00 ] ::1 /yjc/lby/Public/Admin/static/userlist/skin/WdatePicker.css
ERR: 无法加载控制器:Public

[ 2017-06-22T13:41:38+08:00 ] ::1 /yjc/lby/index.php/Info/WdatePicker.css
ERR: 非法操作:WdatePicker.css

[ 2017-06-22T13:41:39+08:00 ] ::1 /yjc/lby/index.php/Info/style.css
ERR: 非法操作:style.css

[ 2017-06-22T13:42:48+08:00 ] ::1 /yjc/lby/index.php/Info/WdatePicker.css
ERR: 非法操作:WdatePicker.css

[ 2017-06-22T13:42:48+08:00 ] ::1 /yjc/lby/index.php/Info/style.css
ERR: 非法操作:style.css

[ 2017-06-22T13:42:48+08:00 ] ::1 /yjc/lby/Public/Admin/static/userlist/skin/WdatePicker.css
ERR: 无法加载控制器:Public

[ 2017-06-22T13:42:48+08:00 ] ::1 /yjc/lby/index.php/Info/WdatePicker.css
ERR: 非法操作:WdatePicker.css

[ 2017-06-22T13:42:48+08:00 ] ::1 /yjc/lby/index.php/Info/style.css
ERR: 非法操作:style.css

[ 2017-06-22T13:42:59+08:00 ] ::1 /yjc/lby/index.php/Info/style.css
ERR: 非法操作:style.css

[ 2017-06-22T13:42:59+08:00 ] ::1 /yjc/lby/index.php/Info/WdatePicker.css
ERR: 非法操作:WdatePicker.css

[ 2017-06-22T13:42:59+08:00 ] ::1 /yjc/lby/index.php/Info/WdatePicker.css
ERR: 非法操作:WdatePicker.css

[ 2017-06-22T13:42:59+08:00 ] ::1 /yjc/lby/Public/Admin/static/userlist/skin/WdatePicker.css
ERR: 无法加载控制器:Public

[ 2017-06-22T13:42:59+08:00 ] ::1 /yjc/lby/index.php/Info/style.css
ERR: 非法操作:style.css

[ 2017-06-22T13:50:14+08:00 ] ::1 /yjc/lby/index.php/Info/style.css
ERR: 非法操作:style.css

[ 2017-06-22T13:50:14+08:00 ] ::1 /yjc/lby/index.php/Info/WdatePicker.css
ERR: 非法操作:WdatePicker.css

[ 2017-06-22T13:50:14+08:00 ] ::1 /yjc/lby/index.php/Info/WdatePicker.css
ERR: 非法操作:WdatePicker.css

[ 2017-06-22T13:50:14+08:00 ] ::1 /yjc/lby/Public/Admin/static/userlist/skin/WdatePicker.css
ERR: 无法加载控制器:Public

[ 2017-06-22T13:50:14+08:00 ] ::1 /yjc/lby/index.php/Info/style.css
ERR: 非法操作:style.css

[ 2017-06-22T13:53:31+08:00 ] ::1 /yjc/lby/index.php/Info/WdatePicker.css
ERR: 非法操作:WdatePicker.css

[ 2017-06-22T13:53:31+08:00 ] ::1 /yjc/lby/index.php/Info/style.css
ERR: 非法操作:style.css

[ 2017-06-22T13:53:31+08:00 ] ::1 /yjc/lby/index.php/Info/WdatePicker.css
ERR: 非法操作:WdatePicker.css

[ 2017-06-22T13:53:31+08:00 ] ::1 /yjc/lby/Public/Admin/static/userlist/skin/WdatePicker.css
ERR: 无法加载控制器:Public

[ 2017-06-22T13:53:31+08:00 ] ::1 /yjc/lby/index.php/Info/style.css
ERR: 非法操作:style.css

[ 2017-06-22T13:54:05+08:00 ] ::1 /yjc/lby/index.php/Info/WdatePicker.css
ERR: 非法操作:WdatePicker.css

[ 2017-06-22T13:54:05+08:00 ] ::1 /yjc/lby/index.php/Info/style.css
ERR: 非法操作:style.css

[ 2017-06-22T13:54:05+08:00 ] ::1 /yjc/lby/Public/Admin/static/userlist/skin/WdatePicker.css
ERR: 无法加载控制器:Public

[ 2017-06-22T13:54:05+08:00 ] ::1 /yjc/lby/index.php/Info/WdatePicker.css
ERR: 非法操作:WdatePicker.css

[ 2017-06-22T13:54:05+08:00 ] ::1 /yjc/lby/index.php/Info/style.css
ERR: 非法操作:style.css

[ 2017-06-22T13:54:23+08:00 ] ::1 /yjc/lby/index.php/Info/style.css
ERR: 非法操作:style.css

[ 2017-06-22T13:54:23+08:00 ] ::1 /yjc/lby/index.php/Info/WdatePicker.css
ERR: 非法操作:WdatePicker.css

[ 2017-06-22T13:54:24+08:00 ] ::1 /yjc/lby/index.php/Info/WdatePicker.css
ERR: 非法操作:WdatePicker.css

[ 2017-06-22T13:54:24+08:00 ] ::1 /yjc/lby/Public/Admin/static/userlist/skin/WdatePicker.css
ERR: 无法加载控制器:Public

[ 2017-06-22T13:54:24+08:00 ] ::1 /yjc/lby/index.php/Info/style.css
ERR: 非法操作:style.css

[ 2017-06-22T13:54:27+08:00 ] ::1 /yjc/lby/index.php/Info/WdatePicker.css
ERR: 非法操作:WdatePicker.css

[ 2017-06-22T13:54:27+08:00 ] ::1 /yjc/lby/index.php/Info/style.css
ERR: 非法操作:style.css

[ 2017-06-22T13:54:27+08:00 ] ::1 /yjc/lby/index.php/Info/WdatePicker.css
ERR: 非法操作:WdatePicker.css

[ 2017-06-22T13:54:27+08:00 ] ::1 /yjc/lby/Public/Admin/static/userlist/skin/WdatePicker.css
ERR: 无法加载控制器:Public

[ 2017-06-22T13:54:27+08:00 ] ::1 /yjc/lby/index.php/Info/style.css
ERR: 非法操作:style.css

[ 2017-06-22T13:54:36+08:00 ] ::1 /yjc/lby/index.php/Info/WdatePicker.css
ERR: 非法操作:WdatePicker.css

[ 2017-06-22T13:54:36+08:00 ] ::1 /yjc/lby/index.php/Info/style.css
ERR: 非法操作:style.css

[ 2017-06-22T13:54:36+08:00 ] ::1 /yjc/lby/index.php/Info/WdatePicker.css
ERR: 非法操作:WdatePicker.css

[ 2017-06-22T13:54:36+08:00 ] ::1 /yjc/lby/Public/Admin/static/userlist/skin/WdatePicker.css
ERR: 无法加载控制器:Public

[ 2017-06-22T13:54:36+08:00 ] ::1 /yjc/lby/index.php/Info/style.css
ERR: 非法操作:style.css

[ 2017-06-22T13:55:58+08:00 ] ::1 /yjc/lby/index.php/Info/WdatePicker.css
ERR: 非法操作:WdatePicker.css

[ 2017-06-22T13:55:58+08:00 ] ::1 /yjc/lby/index.php/Info/style.css
ERR: 非法操作:style.css

[ 2017-06-22T13:55:59+08:00 ] ::1 /yjc/lby/Public/Admin/static/userlist/skin/WdatePicker.css
ERR: 无法加载控制器:Public

[ 2017-06-22T13:55:59+08:00 ] ::1 /yjc/lby/index.php/Info/WdatePicker.css
ERR: 非法操作:WdatePicker.css

[ 2017-06-22T13:55:59+08:00 ] ::1 /yjc/lby/index.php/Info/style.css
ERR: 非法操作:style.css

[ 2017-06-22T13:57:42+08:00 ] ::1 /yjc/lby/index.php/Info/WdatePicker.css
ERR: 非法操作:WdatePicker.css

[ 2017-06-22T13:57:42+08:00 ] ::1 /yjc/lby/index.php/Info/style.css
ERR: 非法操作:style.css

[ 2017-06-22T13:57:42+08:00 ] ::1 /yjc/lby/index.php/Info/WdatePicker.css
ERR: 非法操作:WdatePicker.css

[ 2017-06-22T13:57:42+08:00 ] ::1 /yjc/lby/Public/Admin/static/userlist/skin/WdatePicker.css
ERR: 无法加载控制器:Public

[ 2017-06-22T13:57:42+08:00 ] ::1 /yjc/lby/index.php/Info/style.css
ERR: 非法操作:style.css

[ 2017-06-22T14:12:01+08:00 ] ::1 /yjc/lby/question/list.do
ERR: 无法加载控制器:Question

[ 2017-06-22T14:12:05+08:00 ] ::1 /yjc/lby/index.php/Info/style.css
ERR: 非法操作:style.css

[ 2017-06-22T14:12:05+08:00 ] ::1 /yjc/lby/index.php/Info/WdatePicker.css
ERR: 非法操作:WdatePicker.css

[ 2017-06-22T14:12:05+08:00 ] ::1 /yjc/lby/index.php/Info/WdatePicker.css
ERR: 非法操作:WdatePicker.css

[ 2017-06-22T14:12:05+08:00 ] ::1 /yjc/lby/Public/Admin/static/userlist/skin/WdatePicker.css
ERR: 无法加载控制器:Public

[ 2017-06-22T14:12:05+08:00 ] ::1 /yjc/lby/index.php/Info/style.css
ERR: 非法操作:style.css

[ 2017-06-22T14:12:07+08:00 ] ::1 /yjc/lby/index.php/Info/style.css
ERR: 非法操作:style.css

[ 2017-06-22T14:12:07+08:00 ] ::1 /yjc/lby/index.php/Info/WdatePicker.css
ERR: 非法操作:WdatePicker.css

[ 2017-06-22T14:12:07+08:00 ] ::1 /yjc/lby/index.php/Info/WdatePicker.css
ERR: 非法操作:WdatePicker.css

[ 2017-06-22T14:12:07+08:00 ] ::1 /yjc/lby/Public/Admin/static/userlist/skin/WdatePicker.css
ERR: 无法加载控制器:Public

[ 2017-06-22T14:12:08+08:00 ] ::1 /yjc/lby/index.php/Info/style.css
ERR: 非法操作:style.css

[ 2017-06-22T14:12:45+08:00 ] ::1 /yjc/lby/index.php/Info/WdatePicker.css
ERR: 非法操作:WdatePicker.css

[ 2017-06-22T14:12:45+08:00 ] ::1 /yjc/lby/index.php/Info/style.css
ERR: 非法操作:style.css

[ 2017-06-22T14:12:45+08:00 ] ::1 /yjc/lby/Public/Admin/static/userlist/skin/WdatePicker.css
ERR: 无法加载控制器:Public

[ 2017-06-22T14:12:46+08:00 ] ::1 /yjc/lby/index.php/Info/WdatePicker.css
ERR: 非法操作:WdatePicker.css

[ 2017-06-22T14:12:46+08:00 ] ::1 /yjc/lby/index.php/Info/style.css
ERR: 非法操作:style.css

[ 2017-06-22T14:13:05+08:00 ] ::1 /yjc/lby/index.php/Info/style.css
ERR: 非法操作:style.css

[ 2017-06-22T14:13:05+08:00 ] ::1 /yjc/lby/index.php/Info/WdatePicker.css
ERR: 非法操作:WdatePicker.css

[ 2017-06-22T14:13:05+08:00 ] ::1 /yjc/lby/index.php/Info/WdatePicker.css
ERR: 非法操作:WdatePicker.css

[ 2017-06-22T14:13:05+08:00 ] ::1 /yjc/lby/Public/Admin/static/userlist/skin/WdatePicker.css
ERR: 无法加载控制器:Public

[ 2017-06-22T14:13:05+08:00 ] ::1 /yjc/lby/index.php/Info/style.css
ERR: 非法操作:style.css

[ 2017-06-22T14:13:09+08:00 ] ::1 /yjc/lby/index.php/Admin/Info/index.html
INFO: [ app_begin ] --START--
INFO: Run Behavior\ReadHtmlCacheBehavior [ RunTime:0.000000s ]
INFO: [ app_begin ] --END-- [ RunTime:0.001000s ]
ERR: 非法操作:index

[ 2017-06-22T14:13:09+08:00 ] ::1 /yjc/lby/index.php/Admin/Info/index.html
INFO: [ app_begin ] --START--
INFO: Run Behavior\ReadHtmlCacheBehavior [ RunTime:0.001000s ]
INFO: [ app_begin ] --END-- [ RunTime:0.002000s ]
ERR: 非法操作:index

[ 2017-06-22T14:13:58+08:00 ] ::1 /yjc/lby/index.php/Info/style.css
ERR: 非法操作:style.css

[ 2017-06-22T14:13:58+08:00 ] ::1 /yjc/lby/index.php/Info/WdatePicker.css
ERR: 非法操作:WdatePicker.css

[ 2017-06-22T14:13:58+08:00 ] ::1 /yjc/lby/Public/Admin/static/userlist/skin/WdatePicker.css
ERR: 无法加载控制器:Public

[ 2017-06-22T14:13:58+08:00 ] ::1 /yjc/lby/index.php/Info/WdatePicker.css
ERR: 非法操作:WdatePicker.css

[ 2017-06-22T14:13:58+08:00 ] ::1 /yjc/lby/index.php/Info/style.css
ERR: 非法操作:style.css

[ 2017-06-22T14:40:16+08:00 ] ::1 /yjc/lby/index.php/Info/style.css
ERR: 非法操作:style.css

[ 2017-06-22T14:40:16+08:00 ] ::1 /yjc/lby/index.php/Info/WdatePicker.css
ERR: 非法操作:WdatePicker.css

[ 2017-06-22T14:40:16+08:00 ] ::1 /yjc/lby/Public/Admin/static/userlist/skin/WdatePicker.css
ERR: 无法加载控制器:Public

[ 2017-06-22T14:40:16+08:00 ] ::1 /yjc/lby/index.php/Info/WdatePicker.css
ERR: 非法操作:WdatePicker.css

[ 2017-06-22T14:40:16+08:00 ] ::1 /yjc/lby/index.php/Info/style.css
ERR: 非法操作:style.css

[ 2017-06-22T14:45:14+08:00 ] ::1 /yjc/lby/index.php/Info/WdatePicker.css
ERR: 非法操作:WdatePicker.css

[ 2017-06-22T14:45:14+08:00 ] ::1 /yjc/lby/index.php/Info/style.css
ERR: 非法操作:style.css

[ 2017-06-22T14:45:14+08:00 ] ::1 /yjc/lby/index.php/Info/WdatePicker.css
ERR: 非法操作:WdatePicker.css

[ 2017-06-22T14:45:14+08:00 ] ::1 /yjc/lby/Public/Admin/static/userlist/skin/WdatePicker.css
ERR: 无法加载控制器:Public

[ 2017-06-22T14:45:14+08:00 ] ::1 /yjc/lby/index.php/Info/style.css
ERR: 非法操作:style.css

[ 2017-06-22T14:45:16+08:00 ] ::1 /yjc/lby/index.php/Info/style.css
ERR: 非法操作:style.css

[ 2017-06-22T14:45:16+08:00 ] ::1 /yjc/lby/index.php/Info/WdatePicker.css
ERR: 非法操作:WdatePicker.css

[ 2017-06-22T14:45:16+08:00 ] ::1 /yjc/lby/index.php/Info/WdatePicker.css
ERR: 非法操作:WdatePicker.css

[ 2017-06-22T14:45:16+08:00 ] ::1 /yjc/lby/Public/Admin/static/userlist/skin/WdatePicker.css
ERR: 无法加载控制器:Public

[ 2017-06-22T14:45:17+08:00 ] ::1 /yjc/lby/index.php/Info/style.css
ERR: 非法操作:style.css

[ 2017-06-22T14:46:44+08:00 ] ::1 /yjc/lby/index.php/Info/style.css
ERR: 非法操作:style.css

[ 2017-06-22T14:46:44+08:00 ] ::1 /yjc/lby/index.php/Info/WdatePicker.css
ERR: 非法操作:WdatePicker.css

[ 2017-06-22T14:46:44+08:00 ] ::1 /yjc/lby/Public/Admin/static/userlist/skin/WdatePicker.css
ERR: 无法加载控制器:Public

[ 2017-06-22T14:46:44+08:00 ] ::1 /yjc/lby/index.php/Info/WdatePicker.css
ERR: 非法操作:WdatePicker.css

[ 2017-06-22T14:46:44+08:00 ] ::1 /yjc/lby/index.php/Info/style.css
ERR: 非法操作:style.css

[ 2017-06-22T14:49:09+08:00 ] ::1 /yjc/lby/index.php/Info/style.css
ERR: 非法操作:style.css

[ 2017-06-22T14:49:09+08:00 ] ::1 /yjc/lby/index.php/Info/WdatePicker.css
ERR: 非法操作:WdatePicker.css

[ 2017-06-22T14:49:09+08:00 ] ::1 /yjc/lby/index.php/Info/WdatePicker.css
ERR: 非法操作:WdatePicker.css

[ 2017-06-22T14:49:09+08:00 ] ::1 /yjc/lby/Public/Admin/static/userlist/skin/WdatePicker.css
ERR: 无法加载控制器:Public

[ 2017-06-22T14:49:09+08:00 ] ::1 /yjc/lby/index.php/Info/style.css
ERR: 非法操作:style.css

[ 2017-06-22T15:03:03+08:00 ] ::1 /yjc/lby/index.php/Info/WdatePicker.css
ERR: 非法操作:WdatePicker.css

[ 2017-06-22T15:03:03+08:00 ] ::1 /yjc/lby/index.php/Info/style.css
ERR: 非法操作:style.css

[ 2017-06-22T15:03:04+08:00 ] ::1 /yjc/lby/index.php/Info/WdatePicker.css
ERR: 非法操作:WdatePicker.css

[ 2017-06-22T15:03:04+08:00 ] ::1 /yjc/lby/Public/Admin/static/userlist/skin/WdatePicker.css
ERR: 无法加载控制器:Public

[ 2017-06-22T15:03:04+08:00 ] ::1 /yjc/lby/index.php/Info/style.css
ERR: 非法操作:style.css

[ 2017-06-22T15:03:25+08:00 ] ::1 /yjc/lby/index.php/Info/WdatePicker.css
ERR: 非法操作:WdatePicker.css

[ 2017-06-22T15:03:25+08:00 ] ::1 /yjc/lby/index.php/Info/style.css
ERR: 非法操作:style.css

[ 2017-06-22T15:03:25+08:00 ] ::1 /yjc/lby/Public/Admin/static/userlist/skin/WdatePicker.css
ERR: 无法加载控制器:Public

[ 2017-06-22T15:03:25+08:00 ] ::1 /yjc/lby/index.php/Info/WdatePicker.css
ERR: 非法操作:WdatePicker.css

[ 2017-06-22T15:03:25+08:00 ] ::1 /yjc/lby/index.php/Info/style.css
ERR: 非法操作:style.css

[ 2017-06-22T15:04:16+08:00 ] ::1 /yjc/lby/index.php/Info/WdatePicker.css
ERR: 非法操作:WdatePicker.css

[ 2017-06-22T15:04:16+08:00 ] ::1 /yjc/lby/index.php/Info/style.css
ERR: 非法操作:style.css

[ 2017-06-22T15:04:16+08:00 ] ::1 /yjc/lby/index.php/Info/WdatePicker.css
ERR: 非法操作:WdatePicker.css

[ 2017-06-22T15:04:16+08:00 ] ::1 /yjc/lby/Public/Admin/static/userlist/skin/WdatePicker.css
ERR: 无法加载控制器:Public

[ 2017-06-22T15:04:16+08:00 ] ::1 /yjc/lby/index.php/Info/style.css
ERR: 非法操作:style.css

[ 2017-06-22T15:05:56+08:00 ] ::1 /yjc/lby/index.php/Info/WdatePicker.css
ERR: 非法操作:WdatePicker.css

[ 2017-06-22T15:05:56+08:00 ] ::1 /yjc/lby/index.php/Info/style.css
ERR: 非法操作:style.css

[ 2017-06-22T15:05:57+08:00 ] ::1 /yjc/lby/Public/Admin/static/userlist/skin/WdatePicker.css
ERR: 无法加载控制器:Public

[ 2017-06-22T15:05:57+08:00 ] ::1 /yjc/lby/index.php/Info/WdatePicker.css
ERR: 非法操作:WdatePicker.css

[ 2017-06-22T15:05:57+08:00 ] ::1 /yjc/lby/index.php/Info/style.css
ERR: 非法操作:style.css

[ 2017-06-22T15:06:19+08:00 ] ::1 /yjc/lby/index.php/Info/WdatePicker.css
ERR: 非法操作:WdatePicker.css

[ 2017-06-22T15:06:19+08:00 ] ::1 /yjc/lby/index.php/Info/style.css
ERR: 非法操作:style.css

[ 2017-06-22T15:06:19+08:00 ] ::1 /yjc/lby/index.php/Info/WdatePicker.css
ERR: 非法操作:WdatePicker.css

[ 2017-06-22T15:06:20+08:00 ] ::1 /yjc/lby/Public/Admin/static/userlist/skin/WdatePicker.css
ERR: 无法加载控制器:Public

[ 2017-06-22T15:06:20+08:00 ] ::1 /yjc/lby/index.php/Info/style.css
ERR: 非法操作:style.css

[ 2017-06-22T15:06:46+08:00 ] ::1 /yjc/lby/probleminformation/list.do
ERR: 无法加载控制器:Probleminformation

[ 2017-06-22T15:06:46+08:00 ] ::1 /yjc/lby/index.php/Info/WdatePicker.css
ERR: 非法操作:WdatePicker.css

[ 2017-06-22T15:06:46+08:00 ] ::1 /yjc/lby/index.php/Info/style.css
ERR: 非法操作:style.css

[ 2017-06-22T15:06:46+08:00 ] ::1 /yjc/lby/index.php/Info/WdatePicker.css
ERR: 非法操作:WdatePicker.css

[ 2017-06-22T15:06:46+08:00 ] ::1 /yjc/lby/Public/Admin/static/userlist/skin/WdatePicker.css
ERR: 无法加载控制器:Public

[ 2017-06-22T15:06:47+08:00 ] ::1 /yjc/lby/index.php/Info/style.css
ERR: 非法操作:style.css

[ 2017-06-22T15:07:18+08:00 ] ::1 /yjc/lby/probleminformation/list.do
ERR: 无法加载控制器:Probleminformation

[ 2017-06-22T15:07:19+08:00 ] ::1 /yjc/lby/index.php/Info/style.css
ERR: 非法操作:style.css

[ 2017-06-22T15:07:19+08:00 ] ::1 /yjc/lby/index.php/Info/WdatePicker.css
ERR: 非法操作:WdatePicker.css

[ 2017-06-22T15:07:19+08:00 ] ::1 /yjc/lby/Public/Admin/static/userlist/skin/WdatePicker.css
ERR: 无法加载控制器:Public

[ 2017-06-22T15:07:19+08:00 ] ::1 /yjc/lby/index.php/Info/WdatePicker.css
ERR: 非法操作:WdatePicker.css

[ 2017-06-22T15:07:19+08:00 ] ::1 /yjc/lby/index.php/Info/style.css
ERR: 非法操作:style.css

[ 2017-06-22T15:07:58+08:00 ] ::1 /yjc/lby/index.php/Info/WdatePicker.css
ERR: 非法操作:WdatePicker.css

[ 2017-06-22T15:07:58+08:00 ] ::1 /yjc/lby/index.php/Info/style.css
ERR: 非法操作:style.css

[ 2017-06-22T15:07:58+08:00 ] ::1 /yjc/lby/Public/Admin/static/userlist/skin/WdatePicker.css
ERR: 无法加载控制器:Public

[ 2017-06-22T15:07:58+08:00 ] ::1 /yjc/lby/index.php/Info/WdatePicker.css
ERR: 非法操作:WdatePicker.css

[ 2017-06-22T15:07:59+08:00 ] ::1 /yjc/lby/index.php/Info/style.css
ERR: 非法操作:style.css

[ 2017-06-22T15:09:45+08:00 ] ::1 /yjc/lby/index.php/Info/WdatePicker.css
ERR: 非法操作:WdatePicker.css

[ 2017-06-22T15:09:45+08:00 ] ::1 /yjc/lby/index.php/Info/style.css
ERR: 非法操作:style.css

[ 2017-06-22T15:09:45+08:00 ] ::1 /yjc/lby/Public/Admin/static/userlist/skin/WdatePicker.css
ERR: 无法加载控制器:Public

[ 2017-06-22T15:09:45+08:00 ] ::1 /yjc/lby/index.php/Info/WdatePicker.css
ERR: 非法操作:WdatePicker.css

[ 2017-06-22T15:09:45+08:00 ] ::1 /yjc/lby/index.php/Info/style.css
ERR: 非法操作:style.css

[ 2017-06-22T15:11:08+08:00 ] ::1 /yjc/lby/probleminformation/list.do
ERR: 无法加载控制器:Probleminformation

[ 2017-06-22T15:11:09+08:00 ] ::1 /yjc/lby/index.php/Info/style.css
ERR: 非法操作:style.css

[ 2017-06-22T15:11:09+08:00 ] ::1 /yjc/lby/index.php/Info/WdatePicker.css
ERR: 非法操作:WdatePicker.css

[ 2017-06-22T15:11:09+08:00 ] ::1 /yjc/lby/index.php/Info/WdatePicker.css
ERR: 非法操作:WdatePicker.css

[ 2017-06-22T15:11:09+08:00 ] ::1 /yjc/lby/Public/Admin/static/userlist/skin/WdatePicker.css
ERR: 无法加载控制器:Public

[ 2017-06-22T15:11:10+08:00 ] ::1 /yjc/lby/index.php/Info/style.css
ERR: 非法操作:style.css

[ 2017-06-22T15:11:32+08:00 ] ::1 /yjc/lby/index.php/Info/style.css
ERR: 非法操作:style.css

[ 2017-06-22T15:11:32+08:00 ] ::1 /yjc/lby/index.php/Info/WdatePicker.css
ERR: 非法操作:WdatePicker.css

[ 2017-06-22T15:11:33+08:00 ] ::1 /yjc/lby/index.php/Info/WdatePicker.css
ERR: 非法操作:WdatePicker.css

[ 2017-06-22T15:11:33+08:00 ] ::1 /yjc/lby/Public/Admin/static/userlist/skin/WdatePicker.css
ERR: 无法加载控制器:Public

[ 2017-06-22T15:11:33+08:00 ] ::1 /yjc/lby/index.php/Info/style.css
ERR: 非法操作:style.css

[ 2017-06-22T15:12:52+08:00 ] ::1 /yjc/lby/index.php/Info/style.css
ERR: 非法操作:style.css

[ 2017-06-22T15:12:52+08:00 ] ::1 /yjc/lby/index.php/Info/WdatePicker.css
ERR: 非法操作:WdatePicker.css

[ 2017-06-22T15:12:53+08:00 ] ::1 /yjc/lby/index.php/Info/WdatePicker.css
ERR: 非法操作:WdatePicker.css

[ 2017-06-22T15:12:53+08:00 ] ::1 /yjc/lby/Public/Admin/static/userlist/skin/WdatePicker.css
ERR: 无法加载控制器:Public

[ 2017-06-22T15:12:53+08:00 ] ::1 /yjc/lby/index.php/Info/style.css
ERR: 非法操作:style.css

[ 2017-06-22T15:14:44+08:00 ] ::1 /yjc/lby/index.php/Info/WdatePicker.css
ERR: 非法操作:WdatePicker.css

[ 2017-06-22T15:14:44+08:00 ] ::1 /yjc/lby/index.php/Info/style.css
ERR: 非法操作:style.css

[ 2017-06-22T15:14:44+08:00 ] ::1 /yjc/lby/index.php/Info/WdatePicker.css
ERR: 非法操作:WdatePicker.css

[ 2017-06-22T15:14:44+08:00 ] ::1 /yjc/lby/Public/Admin/static/userlist/skin/WdatePicker.css
ERR: 无法加载控制器:Public

[ 2017-06-22T15:14:44+08:00 ] ::1 /yjc/lby/index.php/Info/style.css
ERR: 非法操作:style.css

[ 2017-06-22T15:20:03+08:00 ] ::1 /yjc/lby/index.php/Info/style.css
ERR: 非法操作:style.css

[ 2017-06-22T15:20:03+08:00 ] ::1 /yjc/lby/index.php/Info/WdatePicker.css
ERR: 非法操作:WdatePicker.css

[ 2017-06-22T15:20:03+08:00 ] ::1 /yjc/lby/Public/Admin/static/userlist/skin/WdatePicker.css
ERR: 无法加载控制器:Public

[ 2017-06-22T15:20:03+08:00 ] ::1 /yjc/lby/index.php/Info/WdatePicker.css
ERR: 非法操作:WdatePicker.css

[ 2017-06-22T15:20:03+08:00 ] ::1 /yjc/lby/index.php/Info/style.css
ERR: 非法操作:style.css

[ 2017-06-22T15:20:05+08:00 ] ::1 /yjc/lby/index.php/Info/style.css
ERR: 非法操作:style.css

[ 2017-06-22T15:20:05+08:00 ] ::1 /yjc/lby/index.php/Info/WdatePicker.css
ERR: 非法操作:WdatePicker.css

[ 2017-06-22T15:20:06+08:00 ] ::1 /yjc/lby/index.php/Info/WdatePicker.css
ERR: 非法操作:WdatePicker.css

[ 2017-06-22T15:20:06+08:00 ] ::1 /yjc/lby/Public/Admin/static/userlist/skin/WdatePicker.css
ERR: 无法加载控制器:Public

[ 2017-06-22T15:20:06+08:00 ] ::1 /yjc/lby/index.php/Info/style.css
ERR: 非法操作:style.css

[ 2017-06-22T15:20:46+08:00 ] ::1 /yjc/lby/index.php/Info/style.css
ERR: 非法操作:style.css

[ 2017-06-22T15:20:46+08:00 ] ::1 /yjc/lby/index.php/Info/WdatePicker.css
ERR: 非法操作:WdatePicker.css

[ 2017-06-22T15:20:46+08:00 ] ::1 /yjc/lby/index.php/Info/WdatePicker.css
ERR: 非法操作:WdatePicker.css

[ 2017-06-22T15:20:46+08:00 ] ::1 /yjc/lby/Public/Admin/static/userlist/skin/WdatePicker.css
ERR: 无法加载控制器:Public

[ 2017-06-22T15:20:46+08:00 ] ::1 /yjc/lby/index.php/Info/style.css
ERR: 非法操作:style.css

[ 2017-06-22T15:21:49+08:00 ] ::1 /yjc/lby/index.php/Info/WdatePicker.css
ERR: 非法操作:WdatePicker.css

[ 2017-06-22T15:21:49+08:00 ] ::1 /yjc/lby/index.php/Info/style.css
ERR: 非法操作:style.css

[ 2017-06-22T15:21:49+08:00 ] ::1 /yjc/lby/index.php/Info/WdatePicker.css
ERR: 非法操作:WdatePicker.css

[ 2017-06-22T15:21:49+08:00 ] ::1 /yjc/lby/Public/Admin/static/userlist/skin/WdatePicker.css
ERR: 无法加载控制器:Public

[ 2017-06-22T15:21:49+08:00 ] ::1 /yjc/lby/index.php/Info/style.css
ERR: 非法操作:style.css

[ 2017-06-22T15:21:59+08:00 ] ::1 /yjc/lby/index.php/Info/style.css
ERR: 非法操作:style.css

[ 2017-06-22T15:21:59+08:00 ] ::1 /yjc/lby/index.php/Info/WdatePicker.css
ERR: 非法操作:WdatePicker.css

[ 2017-06-22T15:22:00+08:00 ] ::1 /yjc/lby/index.php/Info/WdatePicker.css
ERR: 非法操作:WdatePicker.css

[ 2017-06-22T15:22:00+08:00 ] ::1 /yjc/lby/Public/Admin/static/userlist/skin/WdatePicker.css
ERR: 无法加载控制器:Public

[ 2017-06-22T15:22:00+08:00 ] ::1 /yjc/lby/index.php/Info/style.css
ERR: 非法操作:style.css

[ 2017-06-22T15:22:24+08:00 ] ::1 /yjc/lby/index.php/Info/WdatePicker.css
ERR: 非法操作:WdatePicker.css

[ 2017-06-22T15:22:24+08:00 ] ::1 /yjc/lby/index.php/Info/style.css
ERR: 非法操作:style.css

[ 2017-06-22T15:22:24+08:00 ] ::1 /yjc/lby/index.php/Info/WdatePicker.css
ERR: 非法操作:WdatePicker.css

[ 2017-06-22T15:22:24+08:00 ] ::1 /yjc/lby/Public/Admin/static/userlist/skin/WdatePicker.css
ERR: 无法加载控制器:Public

[ 2017-06-22T15:22:24+08:00 ] ::1 /yjc/lby/index.php/Info/style.css
ERR: 非法操作:style.css

[ 2017-06-22T15:43:54+08:00 ] ::1 /yjc/lby/Public/Admin/static/userlist/lang/zh-cn.js
ERR: 无法加载控制器:Public

[ 2017-06-22T15:43:54+08:00 ] ::1 /yjc/lby/Public/Admin/static/userlist/calendar.js?
ERR: 无法加载控制器:Public

[ 2017-06-22T15:43:54+08:00 ] ::1 /yjc/lby/Public/Admin/static/userlist/skin/twoer/datepicker.css
ERR: 无法加载控制器:Public

[ 2017-06-22T16:06:52+08:00 ] ::1 /yjc/lby/index.php/Info/WdatePicker.css
ERR: 非法操作:WdatePicker.css

[ 2017-06-22T16:06:52+08:00 ] ::1 /yjc/lby/index.php/Info/style.css
ERR: 非法操作:style.css

[ 2017-06-22T16:06:52+08:00 ] ::1 /yjc/lby/index.php/Info/WdatePicker.css
ERR: 非法操作:WdatePicker.css

[ 2017-06-22T16:06:52+08:00 ] ::1 /yjc/lby/Public/Admin/static/userlist/skin/WdatePicker.css
ERR: 无法加载控制器:Public

[ 2017-06-22T16:06:52+08:00 ] ::1 /yjc/lby/index.php/Info/style.css
ERR: 非法操作:style.css

[ 2017-06-22T16:06:54+08:00 ] ::1 /yjc/lby/probleminformation/list.do
ERR: 无法加载控制器:Probleminformation

[ 2017-06-22T16:06:55+08:00 ] ::1 /yjc/lby/index.php/Info/style.css
ERR: 非法操作:style.css

[ 2017-06-22T16:06:55+08:00 ] ::1 /yjc/lby/index.php/Info/WdatePicker.css
ERR: 非法操作:WdatePicker.css

[ 2017-06-22T16:06:55+08:00 ] ::1 /yjc/lby/index.php/Info/WdatePicker.css
ERR: 非法操作:WdatePicker.css

[ 2017-06-22T16:06:55+08:00 ] ::1 /yjc/lby/Public/Admin/static/userlist/skin/WdatePicker.css
ERR: 无法加载控制器:Public

[ 2017-06-22T16:06:56+08:00 ] ::1 /yjc/lby/index.php/Info/style.css
ERR: 非法操作:style.css

[ 2017-06-22T16:23:55+08:00 ] ::1 /yjc/lby/index.php/Info/WdatePicker.css
ERR: 非法操作:WdatePicker.css

[ 2017-06-22T16:23:55+08:00 ] ::1 /yjc/lby/index.php/Info/style.css
ERR: 非法操作:style.css

[ 2017-06-22T16:23:55+08:00 ] ::1 /yjc/lby/Public/Admin/static/userlist/skin/WdatePicker.css
ERR: 无法加载控制器:Public

[ 2017-06-22T16:23:55+08:00 ] ::1 /yjc/lby/index.php/Info/WdatePicker.css
ERR: 非法操作:WdatePicker.css

[ 2017-06-22T16:23:56+08:00 ] ::1 /yjc/lby/index.php/Info/style.css
ERR: 非法操作:style.css

[ 2017-06-22T16:24:04+08:00 ] ::1 /yjc/lby/index.php/Market/WdatePicker.css
ERR: 非法操作:WdatePicker.css

[ 2017-06-22T16:24:04+08:00 ] ::1 /yjc/lby/Public/Admin/static/userlist/j/yjc/lby/Public/Admin/static/userlist/query_006.js
ERR: 无法加载控制器:Public

[ 2017-06-22T16:24:04+08:00 ] ::1 /yjc/lby/Public/Admin/static/userlist/j/yjc/lby/Public/Admin/static/userlist/query_006.js
ERR: 无法加载控制器:Public

[ 2017-06-22T16:24:04+08:00 ] ::1 /yjc/lby/index.php/Market/WdatePicker.css
ERR: 非法操作:WdatePicker.css

[ 2017-06-22T16:24:04+08:00 ] ::1 /yjc/lby/Public/Admin/static/userlist/skin/WdatePicker.css
ERR: 无法加载控制器:Public

[ 2017-06-22T16:24:35+08:00 ] ::1 /yjc/lby/Public/Admin/static/userlist/j/yjc/lby/Public/Admin/static/userlist/query_006.js
ERR: 无法加载控制器:Public

[ 2017-06-22T16:24:35+08:00 ] ::1 /yjc/lby/index.php/Market/WdatePicker.css
ERR: 非法操作:WdatePicker.css

[ 2017-06-22T16:24:36+08:00 ] ::1 /yjc/lby/Public/Admin/static/userlist/j/yjc/lby/Public/Admin/static/userlist/query_006.js
ERR: 无法加载控制器:Public

[ 2017-06-22T16:24:36+08:00 ] ::1 /yjc/lby/index.php/Market/WdatePicker.css
ERR: 非法操作:WdatePicker.css

[ 2017-06-22T16:24:36+08:00 ] ::1 /yjc/lby/Public/Admin/static/userlist/skin/WdatePicker.css
ERR: 无法加载控制器:Public

[ 2017-06-22T16:24:56+08:00 ] ::1 /yjc/lby/Public/Admin/static/userlist/j/yjc/lby/Public/Admin/static/userlist/query_006.js
ERR: 无法加载控制器:Public

[ 2017-06-22T16:24:56+08:00 ] ::1 /yjc/lby/index.php/Market/WdatePicker.css
ERR: 非法操作:WdatePicker.css

[ 2017-06-22T16:24:56+08:00 ] ::1 /yjc/lby/Public/Admin/static/userlist/j/yjc/lby/Public/Admin/static/userlist/query_006.js
ERR: 无法加载控制器:Public

[ 2017-06-22T16:24:56+08:00 ] ::1 /yjc/lby/index.php/Market/WdatePicker.css
ERR: 非法操作:WdatePicker.css

[ 2017-06-22T16:24:56+08:00 ] ::1 /yjc/lby/Public/Admin/static/userlist/skin/WdatePicker.css
ERR: 无法加载控制器:Public

[ 2017-06-22T16:24:57+08:00 ] ::1 /yjc/lby/index.php/Market/market_add.html
ERR: 1048:Column 'order_creater' cannot be null
 [ SQL语句 ] : INSERT INTO `market_order` (`brand_name`,`product_types`,`product_name`,`order_card_type`,`order_buy`,`order_phone`,`order_count`,`order_advance`,`order_state`,`order_number`,`create_time`,`end_time`,`order_code`,`order_creater`,`product_num`) VALUES ('手机','屏碎保',' 	清洗空调服务','0','1','122222233','1','1111.0','0','62219897378319025','2017-06-22 16-24-57','2017-06-22 16-24-57','A622198973783132',NULL,'1')

[ 2017-06-22T16:26:48+08:00 ] ::1 /yjc/lby/Public/Admin/static/userlist/j/yjc/lby/Public/Admin/static/userlist/query_006.js
ERR: 无法加载控制器:Public

[ 2017-06-22T16:26:48+08:00 ] ::1 /yjc/lby/index.php/Market/WdatePicker.css
ERR: 非法操作:WdatePicker.css

[ 2017-06-22T16:26:49+08:00 ] ::1 /yjc/lby/Public/Admin/static/userlist/j/yjc/lby/Public/Admin/static/userlist/query_006.js
ERR: 无法加载控制器:Public

[ 2017-06-22T16:26:49+08:00 ] ::1 /yjc/lby/Public/Admin/static/userlist/skin/WdatePicker.css
ERR: 无法加载控制器:Public

[ 2017-06-22T16:26:49+08:00 ] ::1 /yjc/lby/index.php/Market/WdatePicker.css
ERR: 非法操作:WdatePicker.css

[ 2017-06-22T16:26:54+08:00 ] ::1 /yjc/lby/Public/Admin/static/userlist/j/yjc/lby/Public/Admin/static/userlist/query_006.js
ERR: 无法加载控制器:Public

[ 2017-06-22T16:26:54+08:00 ] ::1 /yjc/lby/index.php/Market/WdatePicker.css
ERR: 非法操作:WdatePicker.css

[ 2017-06-22T16:26:54+08:00 ] ::1 /yjc/lby/Public/Admin/static/userlist/j/yjc/lby/Public/Admin/static/userlist/query_006.js
ERR: 无法加载控制器:Public

[ 2017-06-22T16:26:54+08:00 ] ::1 /yjc/lby/Public/Admin/static/userlist/skin/WdatePicker.css
ERR: 无法加载控制器:Public

[ 2017-06-22T16:26:54+08:00 ] ::1 /yjc/lby/index.php/Market/WdatePicker.css
ERR: 非法操作:WdatePicker.css

[ 2017-06-22T16:27:07+08:00 ] ::1 /yjc/lby/index.php/Market/market_add.html
ERR: 1048:Column 'order_creater' cannot be null
 [ SQL语句 ] : INSERT INTO `market_order` (`brand_name`,`product_types`,`product_name`,`order_card_type`,`order_buy`,`order_phone`,`order_count`,`order_advance`,`order_state`,`order_number`,`create_time`,`end_time`,`order_code`,`order_creater`,`product_num`) VALUES ('电脑','上门服务',' 	清洗空调服务','1','1','122222233','1','1111.0','0','62220027558761731','2017-06-22 16-27-07','2017-06-22 16-27-07','A622200275587601',NULL,'2')

[ 2017-06-22T16:28:01+08:00 ] ::1 /yjc/lby/Public/Admin/static/userlist/j/yjc/lby/Public/Admin/static/userlist/query_006.js
ERR: 无法加载控制器:Public

[ 2017-06-22T16:28:01+08:00 ] ::1 /yjc/lby/index.php/Market/WdatePicker.css
ERR: 非法操作:WdatePicker.css

[ 2017-06-22T16:28:01+08:00 ] ::1 /yjc/lby/Public/Admin/static/userlist/j/yjc/lby/Public/Admin/static/userlist/query_006.js
ERR: 无法加载控制器:Public

[ 2017-06-22T16:28:01+08:00 ] ::1 /yjc/lby/index.php/Market/WdatePicker.css
ERR: 非法操作:WdatePicker.css

[ 2017-06-22T16:28:01+08:00 ] ::1 /yjc/lby/Public/Admin/static/userlist/skin/WdatePicker.css
ERR: 无法加载控制器:Public

[ 2017-06-22T16:28:03+08:00 ] ::1 /yjc/lby/index.php/Market/market_add.html
ERR: 1048:Column 'order_creater' cannot be null
 [ SQL语句 ] : INSERT INTO `market_order` (`brand_name`,`product_types`,`product_name`,`order_card_type`,`order_buy`,`order_phone`,`order_count`,`order_advance`,`order_state`,`order_number`,`create_time`,`end_time`,`order_code`,`order_creater`,`product_num`) VALUES ('电脑','上门服务',' 	清洗空调服务','1','1','122222233','1','1111.0','0','62220083253948618','2017-06-22 16-28-03','2017-06-22 16-28-03','A622200832539450',NULL,'2')

[ 2017-06-22T16:28:07+08:00 ] ::1 /yjc/lby/Public/Admin/static/userlist/j/yjc/lby/Public/Admin/static/userlist/query_006.js
ERR: 无法加载控制器:Public

[ 2017-06-22T16:28:07+08:00 ] ::1 /yjc/lby/index.php/Market/WdatePicker.css
ERR: 非法操作:WdatePicker.css

[ 2017-06-22T16:28:07+08:00 ] ::1 /yjc/lby/Public/Admin/static/userlist/j/yjc/lby/Public/Admin/static/userlist/query_006.js
ERR: 无法加载控制器:Public

[ 2017-06-22T16:28:07+08:00 ] ::1 /yjc/lby/Public/Admin/static/userlist/skin/WdatePicker.css
ERR: 无法加载控制器:Public

[ 2017-06-22T16:28:07+08:00 ] ::1 /yjc/lby/index.php/Market/WdatePicker.css
ERR: 非法操作:WdatePicker.css

[ 2017-06-22T16:28:22+08:00 ] ::1 /yjc/lby/index.php/Market/market_add.html
ERR: 1048:Column 'order_creater' cannot be null
 [ SQL语句 ] : INSERT INTO `market_order` (`brand_name`,`product_types`,`product_name`,`order_card_type`,`order_phone`,`order_count`,`order_advance`,`order_state`,`order_number`,`create_time`,`end_time`,`order_code`,`order_creater`,`product_num`) VALUES ('空调','上门服务','免费上门取修（1年延保）','1','122222233','1','1111.0','0','62220102730065970','2017-06-22 16-28-22','2017-06-22 16-28-22','A622201027300630',NULL,'2')

[ 2017-06-22T16:30:05+08:00 ] ::1 /yjc/lby/Public/Admin/static/userlist/j/yjc/lby/Public/Admin/static/userlist/query_006.js
ERR: 无法加载控制器:Public

[ 2017-06-22T16:30:05+08:00 ] ::1 /yjc/lby/index.php/Market/WdatePicker.css
ERR: 非法操作:WdatePicker.css

[ 2017-06-22T16:30:05+08:00 ] ::1 /yjc/lby/Public/Admin/static/userlist/j/yjc/lby/Public/Admin/static/userlist/query_006.js
ERR: 无法加载控制器:Public

[ 2017-06-22T16:30:06+08:00 ] ::1 /yjc/lby/index.php/Market/WdatePicker.css
ERR: 非法操作:WdatePicker.css

[ 2017-06-22T16:30:06+08:00 ] ::1 /yjc/lby/Public/Admin/static/userlist/skin/WdatePicker.css
ERR: 无法加载控制器:Public

[ 2017-06-22T16:30:07+08:00 ] ::1 /yjc/lby/index.php/Market/market_add.html
ERR: 1048:Column 'order_creater' cannot be null
 [ SQL语句 ] : INSERT INTO `market_order` (`brand_name`,`product_types`,`product_name`,`order_card_type`,`order_phone`,`order_count`,`order_advance`,`order_state`,`order_number`,`create_time`,`end_time`,`order_code`,`order_creater`,`product_num`) VALUES ('空调','上门服务','免费上门取修（1年延保）','1','122222233','1','1111.0','0','62220207623062780','2017-06-22 16-30-07','2017-06-22 16-30-07','A622202076230632',NULL,'3')

[ 2017-06-22T16:30:10+08:00 ] ::1 /yjc/lby/index.php/Market/WdatePicker.css
ERR: 非法操作:WdatePicker.css

[ 2017-06-22T16:30:10+08:00 ] ::1 /yjc/lby/Public/Admin/static/userlist/j/yjc/lby/Public/Admin/static/userlist/query_006.js
ERR: 无法加载控制器:Public

[ 2017-06-22T16:30:11+08:00 ] ::1 /yjc/lby/Public/Admin/static/userlist/j/yjc/lby/Public/Admin/static/userlist/query_006.js
ERR: 无法加载控制器:Public

[ 2017-06-22T16:30:11+08:00 ] ::1 /yjc/lby/Public/Admin/static/userlist/skin/WdatePicker.css
ERR: 无法加载控制器:Public

[ 2017-06-22T16:30:11+08:00 ] ::1 /yjc/lby/index.php/Market/WdatePicker.css
ERR: 非法操作:WdatePicker.css

[ 2017-06-22T16:30:12+08:00 ] ::1 /yjc/lby/index.php/Market/market_add.html
ERR: 1048:Column 'order_creater' cannot be null
 [ SQL语句 ] : INSERT INTO `market_order` (`brand_name`,`product_types`,`product_name`,`order_card_type`,`order_phone`,`order_count`,`order_advance`,`order_state`,`order_number`,`create_time`,`end_time`,`order_code`,`order_creater`,`product_num`) VALUES ('空调','上门服务','免费上门取修（1年延保）','1','122222233','1','1111.0','0','62220212360337512','2017-06-22 16-30-12','2017-06-22 16-30-12','A622202123603351',NULL,'3')

[ 2017-06-22T16:30:14+08:00 ] ::1 /yjc/lby/index.php/Market/WdatePicker.css
ERR: 非法操作:WdatePicker.css

[ 2017-06-22T16:30:14+08:00 ] ::1 /yjc/lby/Public/Admin/static/userlist/j/yjc/lby/Public/Admin/static/userlist/query_006.js
ERR: 无法加载控制器:Public

[ 2017-06-22T16:30:14+08:00 ] ::1 /yjc/lby/Public/Admin/static/userlist/j/yjc/lby/Public/Admin/static/userlist/query_006.js
ERR: 无法加载控制器:Public

[ 2017-06-22T16:30:14+08:00 ] ::1 /yjc/lby/Public/Admin/static/userlist/skin/WdatePicker.css
ERR: 无法加载控制器:Public

[ 2017-06-22T16:30:14+08:00 ] ::1 /yjc/lby/index.php/Market/WdatePicker.css
ERR: 非法操作:WdatePicker.css

[ 2017-06-22T16:30:15+08:00 ] ::1 /yjc/lby/index.php/Market/market_add.html
ERR: 1048:Column 'order_creater' cannot be null
 [ SQL语句 ] : INSERT INTO `market_order` (`brand_name`,`product_types`,`product_name`,`order_card_type`,`order_phone`,`order_count`,`order_advance`,`order_state`,`order_number`,`create_time`,`end_time`,`order_code`,`order_creater`,`product_num`) VALUES ('空调','上门服务','免费上门取修（1年延保）','1','122222233','1','1111.0','0','62220215758524150','2017-06-22 16-30-15','2017-06-22 16-30-15','A622202157585269',NULL,'3')

[ 2017-06-22T16:30:17+08:00 ] ::1 /yjc/lby/Public/Admin/static/userlist/j/yjc/lby/Public/Admin/static/userlist/query_006.js
ERR: 无法加载控制器:Public

[ 2017-06-22T16:30:17+08:00 ] ::1 /yjc/lby/index.php/Market/WdatePicker.css
ERR: 非法操作:WdatePicker.css

[ 2017-06-22T16:30:17+08:00 ] ::1 /yjc/lby/Public/Admin/static/userlist/j/yjc/lby/Public/Admin/static/userlist/query_006.js
ERR: 无法加载控制器:Public

[ 2017-06-22T16:30:17+08:00 ] ::1 /yjc/lby/index.php/Market/WdatePicker.css
ERR: 非法操作:WdatePicker.css

[ 2017-06-22T16:30:17+08:00 ] ::1 /yjc/lby/Public/Admin/static/userlist/skin/WdatePicker.css
ERR: 无法加载控制器:Public

[ 2017-06-22T16:30:18+08:00 ] ::1 /yjc/lby/index.php/Market/market_add.html
ERR: 1048:Column 'order_creater' cannot be null
 [ SQL语句 ] : INSERT INTO `market_order` (`brand_name`,`product_types`,`product_name`,`order_card_type`,`order_phone`,`order_count`,`order_advance`,`order_state`,`order_number`,`create_time`,`end_time`,`order_code`,`order_creater`,`product_num`) VALUES ('空调','上门服务','免费上门取修（1年延保）','1','122222233','1','1111.0','0','62220218791701964','2017-06-22 16-30-18','2017-06-22 16-30-18','A622202187917054',NULL,'3')

[ 2017-06-22T16:32:41+08:00 ] ::1 /yjc/lby/Public/Admin/static/userlist/j/yjc/lby/Public/Admin/static/userlist/query_006.js
ERR: 无法加载控制器:Public

[ 2017-06-22T16:32:41+08:00 ] ::1 /yjc/lby/index.php/Market/WdatePicker.css
ERR: 非法操作:WdatePicker.css

[ 2017-06-22T16:32:41+08:00 ] ::1 /yjc/lby/Public/Admin/static/userlist/j/yjc/lby/Public/Admin/static/userlist/query_006.js
ERR: 无法加载控制器:Public

[ 2017-06-22T16:32:41+08:00 ] ::1 /yjc/lby/Public/Admin/static/userlist/skin/WdatePicker.css
ERR: 无法加载控制器:Public

[ 2017-06-22T16:32:41+08:00 ] ::1 /yjc/lby/index.php/Market/WdatePicker.css
ERR: 非法操作:WdatePicker.css

[ 2017-06-22T16:32:52+08:00 ] ::1 /yjc/lby/index.php/Market/market_add.html
ERR: 1048:Column 'order_creater' cannot be null
 [ SQL语句 ] : INSERT INTO `market_order` (`brand_name`,`product_types`,`product_name`,`order_card_type`,`order_buy`,`order_phone`,`order_count`,`order_advance`,`order_state`,`order_number`,`create_time`,`end_time`,`order_code`,`order_creater`,`product_num`) VALUES ('电车','手机膜服务',' 	LXYD屏碎保1.0（半年）（趸交，1000元以下版）','1','1','122222233','1','1111.0','0','62220372100465503','2017-06-22 16-32-52','2017-06-22 16-32-52','A622203721004685',NULL,'3')

[ 2017-06-22T16:33:36+08:00 ] ::1 /yjc/lby/Public/Admin/static/userlist/j/yjc/lby/Public/Admin/static/userlist/query_006.js
ERR: 无法加载控制器:Public

[ 2017-06-22T16:33:36+08:00 ] ::1 /yjc/lby/index.php/Market/WdatePicker.css
ERR: 非法操作:WdatePicker.css

[ 2017-06-22T16:33:36+08:00 ] ::1 /yjc/lby/Public/Admin/static/userlist/j/yjc/lby/Public/Admin/static/userlist/query_006.js
ERR: 无法加载控制器:Public

[ 2017-06-22T16:33:36+08:00 ] ::1 /yjc/lby/Public/Admin/static/userlist/skin/WdatePicker.css
ERR: 无法加载控制器:Public

[ 2017-06-22T16:33:36+08:00 ] ::1 /yjc/lby/index.php/Market/WdatePicker.css
ERR: 非法操作:WdatePicker.css

[ 2017-06-22T16:33:50+08:00 ] ::1 /yjc/lby/index.php/Market/market_add.html
ERR: 1048:Column 'order_creater' cannot be null
 [ SQL语句 ] : INSERT INTO `market_order` (`brand_name`,`product_types`,`product_name`,`order_card_type`,`order_buy`,`order_phone`,`order_count`,`order_advance`,`order_state`,`order_number`,`create_time`,`end_time`,`order_code`,`order_creater`,`product_num`) VALUES ('联想手机','安装服务','三星手机（一年）','1','1','122222233','1','1111.0','0','62220430085784307','2017-06-22 16-33-50','2017-06-22 16-33-50','A622204300857845',NULL,'1')

[ 2017-06-22T16:34:49+08:00 ] ::1 /yjc/lby/index.php/Login/undefined?1498120488750
ERR: 非法操作:undefined

[ 2017-06-22T16:34:58+08:00 ] ::1 /yjc/lby/index.php/Admin/Index/index1.html
ERR: 非法操作:index1

[ 2017-06-22T16:35:08+08:00 ] ::1 /yjc/lby/Public/Admin/static/userlist/j/yjc/lby/Public/Admin/static/userlist/query_006.js
ERR: 无法加载控制器:Public

[ 2017-06-22T16:35:08+08:00 ] ::1 /yjc/lby/index.php/Market/WdatePicker.css
ERR: 非法操作:WdatePicker.css

[ 2017-06-22T16:35:08+08:00 ] ::1 /yjc/lby/Public/Admin/static/userlist/j/yjc/lby/Public/Admin/static/userlist/query_006.js
ERR: 无法加载控制器:Public

[ 2017-06-22T16:35:08+08:00 ] ::1 /yjc/lby/index.php/Market/WdatePicker.css
ERR: 非法操作:WdatePicker.css

[ 2017-06-22T16:35:08+08:00 ] ::1 /yjc/lby/Public/Admin/static/userlist/skin/WdatePicker.css
ERR: 无法加载控制器:Public

[ 2017-06-22T16:35:20+08:00 ] ::1 /yjc/lby/Public/Admin/static/userlist/j/yjc/lby/Public/Admin/static/userlist/query_006.js
ERR: 无法加载控制器:Public

[ 2017-06-22T16:35:20+08:00 ] ::1 /yjc/lby/index.php/Market/WdatePicker.css
ERR: 非法操作:WdatePicker.css

[ 2017-06-22T16:35:20+08:00 ] ::1 /yjc/lby/Public/Admin/static/userlist/j/yjc/lby/Public/Admin/static/userlist/query_006.js
ERR: 无法加载控制器:Public

[ 2017-06-22T16:35:20+08:00 ] ::1 /yjc/lby/index.php/Market/WdatePicker.css
ERR: 非法操作:WdatePicker.css

[ 2017-06-22T16:35:20+08:00 ] ::1 /yjc/lby/Public/Admin/static/userlist/skin/WdatePicker.css
ERR: 无法加载控制器:Public

[ 2017-06-22T16:35:42+08:00 ] ::1 /yjc/lby/index.php/Market/WdatePicker.css
ERR: 非法操作:WdatePicker.css

[ 2017-06-22T16:35:42+08:00 ] ::1 /yjc/lby/Public/Admin/static/userlist/j/yjc/lby/Public/Admin/static/userlist/query_006.js
ERR: 无法加载控制器:Public

[ 2017-06-22T16:35:42+08:00 ] ::1 /yjc/lby/Public/Admin/static/userlist/j/yjc/lby/Public/Admin/static/userlist/query_006.js
ERR: 无法加载控制器:Public

[ 2017-06-22T16:35:42+08:00 ] ::1 /yjc/lby/index.php/Market/WdatePicker.css
ERR: 非法操作:WdatePicker.css

[ 2017-06-22T16:35:42+08:00 ] ::1 /yjc/lby/Public/Admin/static/userlist/skin/WdatePicker.css
ERR: 无法加载控制器:Public

[ 2017-06-22T16:36:13+08:00 ] ::1 /yjc/lby/Public/Admin/static/userlist/j/yjc/lby/Public/Admin/static/userlist/query_006.js
ERR: 无法加载控制器:Public

[ 2017-06-22T16:36:13+08:00 ] ::1 /yjc/lby/index.php/Market/WdatePicker.css
ERR: 非法操作:WdatePicker.css

[ 2017-06-22T16:36:13+08:00 ] ::1 /yjc/lby/Public/Admin/static/userlist/j/yjc/lby/Public/Admin/static/userlist/query_006.js
ERR: 无法加载控制器:Public

[ 2017-06-22T16:36:13+08:00 ] ::1 /yjc/lby/Public/Admin/static/userlist/skin/WdatePicker.css
ERR: 无法加载控制器:Public

[ 2017-06-22T16:36:13+08:00 ] ::1 /yjc/lby/index.php/Market/WdatePicker.css
ERR: 非法操作:WdatePicker.css

[ 2017-06-22T17:07:58+08:00 ] ::1 /yjc/lby/index.php/Info/WdatePicker.css
ERR: 非法操作:WdatePicker.css

[ 2017-06-22T17:07:58+08:00 ] ::1 /yjc/lby/index.php/Info/style.css
ERR: 非法操作:style.css

[ 2017-06-22T17:07:58+08:00 ] ::1 /yjc/lby/Public/Admin/static/userlist/skin/WdatePicker.css
ERR: 无法加载控制器:Public

[ 2017-06-22T17:07:58+08:00 ] ::1 /yjc/lby/index.php/Info/WdatePicker.css
ERR: 非法操作:WdatePicker.css

[ 2017-06-22T17:07:58+08:00 ] ::1 /yjc/lby/index.php/Info/style.css
ERR: 非法操作:style.css

[ 2017-06-22T18:01:35+08:00 ] ::1 /yjc/lby/index.php/Index/question/list.do
ERR: 非法操作:question

[ 2017-06-22T18:01:36+08:00 ] ::1 /yjc/lby/index.php/Info/style.css
ERR: 非法操作:style.css

[ 2017-06-22T18:01:36+08:00 ] ::1 /yjc/lby/index.php/Info/WdatePicker.css
ERR: 非法操作:WdatePicker.css

[ 2017-06-22T18:01:36+08:00 ] ::1 /yjc/lby/index.php/Info/WdatePicker.css
ERR: 非法操作:WdatePicker.css

[ 2017-06-22T18:01:36+08:00 ] ::1 /yjc/lby/Public/Admin/static/userlist/skin/WdatePicker.css
ERR: 无法加载控制器:Public

[ 2017-06-22T18:01:37+08:00 ] ::1 /yjc/lby/index.php/Info/style.css
ERR: 非法操作:style.css

[ 2017-06-22T18:04:19+08:00 ] ::1 /yjc/lby/index.php/Index/question/list.do
ERR: 非法操作:question

[ 2017-06-22T18:04:20+08:00 ] ::1 /yjc/lby/index.php/Info/style.css
ERR: 非法操作:style.css

[ 2017-06-22T18:04:20+08:00 ] ::1 /yjc/lby/index.php/Info/WdatePicker.css
ERR: 非法操作:WdatePicker.css

[ 2017-06-22T18:04:20+08:00 ] ::1 /yjc/lby/index.php/Info/WdatePicker.css
ERR: 非法操作:WdatePicker.css

[ 2017-06-22T18:04:20+08:00 ] ::1 /yjc/lby/Public/Admin/static/userlist/skin/WdatePicker.css
ERR: 无法加载控制器:Public

[ 2017-06-22T18:04:21+08:00 ] ::1 /yjc/lby/index.php/Info/style.css
ERR: 非法操作:style.css

[ 2017-06-22T18:04:49+08:00 ] ::1 /yjc/lby/index.php/Info/style.css
ERR: 非法操作:style.css

[ 2017-06-22T18:04:49+08:00 ] ::1 /yjc/lby/index.php/Info/WdatePicker.css
ERR: 非法操作:WdatePicker.css

[ 2017-06-22T18:04:49+08:00 ] ::1 /yjc/lby/Public/Admin/static/userlist/skin/WdatePicker.css
ERR: 无法加载控制器:Public

[ 2017-06-22T18:04:49+08:00 ] ::1 /yjc/lby/index.php/Info/WdatePicker.css
ERR: 非法操作:WdatePicker.css

[ 2017-06-22T18:04:49+08:00 ] ::1 /yjc/lby/index.php/Info/style.css
ERR: 非法操作:style.css

[ 2017-06-22T18:06:56+08:00 ] ::1 /yjc/lby/index.php/Admin/Index/index1.html
ERR: 非法操作:index1

[ 2017-06-22T18:07:05+08:00 ] ::1 /yjc/lby/question/list.do
ERR: 无法加载控制器:Question

[ 2017-06-22T18:07:06+08:00 ] ::1 /yjc/lby/index.php/Info/style.css
ERR: 非法操作:style.css

[ 2017-06-22T18:07:06+08:00 ] ::1 /yjc/lby/index.php/Info/WdatePicker.css
ERR: 非法操作:WdatePicker.css

[ 2017-06-22T18:07:06+08:00 ] ::1 /yjc/lby/Public/Admin/static/userlist/skin/WdatePicker.css
ERR: 无法加载控制器:Public

[ 2017-06-22T18:07:06+08:00 ] ::1 /yjc/lby/index.php/Info/WdatePicker.css
ERR: 非法操作:WdatePicker.css

[ 2017-06-22T18:07:06+08:00 ] ::1 /yjc/lby/index.php/Info/style.css
ERR: 非法操作:style.css

