[ 2017-06-13T09:19:53+08:00 ] ::1 /yjc/lby/index.php/Admin/Index/index1.html
ERR: 非法操作:index1

[ 2017-06-13T09:19:56+08:00 ] ::1 /yjc/lby/index.php/Lnstru/WdatePicker.css
ERR: 非法操作:WdatePicker.css

[ 2017-06-13T09:19:56+08:00 ] ::1 /yjc/lby/Public/Admin/static/userlist/j/yjc/lby/Public/Admin/static/userlist/query_006.js
ERR: 无法加载控制器:Public

[ 2017-06-13T09:19:56+08:00 ] ::1 /yjc/lby/Public/Admin/static/userlist/j/yjc/lby/Public/Admin/static/userlist/query_006.js
ERR: 无法加载控制器:Public

[ 2017-06-13T09:19:56+08:00 ] ::1 /yjc/lby/Public/Admin/static/userlist/skin/WdatePicker.css
ERR: 无法加载控制器:Public

[ 2017-06-13T09:19:56+08:00 ] ::1 /yjc/lby/index.php/Lnstru/WdatePicker.css
ERR: 非法操作:WdatePicker.css

[ 2017-06-13T09:20:46+08:00 ] ::1 /yjc/lby/Public/Admin/static/userlist/j/yjc/lby/Public/Admin/static/userlist/query_006.js
ERR: 无法加载控制器:Public

[ 2017-06-13T09:20:46+08:00 ] ::1 /yjc/lby/index.php/Lnstru/WdatePicker.css
ERR: 非法操作:WdatePicker.css

[ 2017-06-13T09:20:46+08:00 ] ::1 /yjc/lby/Public/Admin/static/userlist/j/yjc/lby/Public/Admin/static/userlist/query_006.js
ERR: 无法加载控制器:Public

[ 2017-06-13T09:20:46+08:00 ] ::1 /yjc/lby/Public/Admin/static/userlist/skin/WdatePicker.css
ERR: 无法加载控制器:Public

[ 2017-06-13T09:20:46+08:00 ] ::1 /yjc/lby/index.php/Lnstru/WdatePicker.css
ERR: 非法操作:WdatePicker.css

[ 2017-06-13T09:20:47+08:00 ] ::1 /yjc/lby/index.php/Batch/WdatePicker.css
ERR: 非法操作:WdatePicker.css

[ 2017-06-13T09:20:47+08:00 ] ::1 /yjc/lby/Public/Admin/static/userlist/j/yjc/lby/Public/Admin/static/userlist/query_006.js
ERR: 无法加载控制器:Public

[ 2017-06-13T09:20:47+08:00 ] ::1 /yjc/lby/Public/Admin/static/userlist/j/yjc/lby/Public/Admin/static/userlist/query_006.js
ERR: 无法加载控制器:Public

[ 2017-06-13T09:20:47+08:00 ] ::1 /yjc/lby/index.php/Batch/WdatePicker.css
ERR: 非法操作:WdatePicker.css

[ 2017-06-13T09:20:47+08:00 ] ::1 /yjc/lby/Public/Admin/static/userlist/skin/WdatePicker.css
ERR: 无法加载控制器:Public

[ 2017-06-13T09:24:24+08:00 ] ::1 /yjc/lby/index.php/Lnstru/WdatePicker.css
ERR: 非法操作:WdatePicker.css

[ 2017-06-13T09:24:24+08:00 ] ::1 /yjc/lby/Public/Admin/static/userlist/j/yjc/lby/Public/Admin/static/userlist/query_006.js
ERR: 无法加载控制器:Public

[ 2017-06-13T09:24:24+08:00 ] ::1 /yjc/lby/Public/Admin/static/userlist/j/yjc/lby/Public/Admin/static/userlist/query_006.js
ERR: 无法加载控制器:Public

[ 2017-06-13T09:24:24+08:00 ] ::1 /yjc/lby/Public/Admin/static/userlist/skin/WdatePicker.css
ERR: 无法加载控制器:Public

[ 2017-06-13T09:24:24+08:00 ] ::1 /yjc/lby/index.php/Lnstru/WdatePicker.css
ERR: 非法操作:WdatePicker.css

[ 2017-06-13T09:24:26+08:00 ] ::1 /yjc/lby/Public/Admin/static/userlist/j/yjc/lby/Public/Admin/static/userlist/query_006.js
ERR: 无法加载控制器:Public

[ 2017-06-13T09:24:26+08:00 ] ::1 /yjc/lby/index.php/Batch/WdatePicker.css
ERR: 非法操作:WdatePicker.css

[ 2017-06-13T09:24:26+08:00 ] ::1 /yjc/lby/Public/Admin/static/userlist/j/yjc/lby/Public/Admin/static/userlist/query_006.js
ERR: 无法加载控制器:Public

[ 2017-06-13T09:24:26+08:00 ] ::1 /yjc/lby/index.php/Batch/WdatePicker.css
ERR: 非法操作:WdatePicker.css

[ 2017-06-13T09:24:26+08:00 ] ::1 /yjc/lby/Public/Admin/static/userlist/skin/WdatePicker.css
ERR: 无法加载控制器:Public

[ 2017-06-13T09:24:27+08:00 ] ::1 /yjc/lby/instructions/list
ERR: 无法加载控制器:Instructions

[ 2017-06-13T09:24:28+08:00 ] ::1 /yjc/lby/index.php/Batch/WdatePicker.css
ERR: 非法操作:WdatePicker.css

[ 2017-06-13T09:24:28+08:00 ] ::1 /yjc/lby/Public/Admin/static/userlist/j/yjc/lby/Public/Admin/static/userlist/query_006.js
ERR: 无法加载控制器:Public

[ 2017-06-13T09:24:28+08:00 ] ::1 /yjc/lby/Public/Admin/static/userlist/j/yjc/lby/Public/Admin/static/userlist/query_006.js
ERR: 无法加载控制器:Public

[ 2017-06-13T09:24:28+08:00 ] ::1 /yjc/lby/Public/Admin/static/userlist/skin/WdatePicker.css
ERR: 无法加载控制器:Public

[ 2017-06-13T09:24:28+08:00 ] ::1 /yjc/lby/index.php/Batch/WdatePicker.css
ERR: 非法操作:WdatePicker.css

[ 2017-06-13T09:42:10+08:00 ] ::1 /yjc/lby/index.php/Admin/Index/index1.html
ERR: 非法操作:index1

[ 2017-06-13T09:42:14+08:00 ] ::1 /yjc/lby/index.php/Lnstru/WdatePicker.css
ERR: 非法操作:WdatePicker.css

[ 2017-06-13T09:42:14+08:00 ] ::1 /yjc/lby/Public/Admin/static/userlist/j/yjc/lby/Public/Admin/static/userlist/query_006.js
ERR: 无法加载控制器:Public

[ 2017-06-13T09:42:14+08:00 ] ::1 /yjc/lby/Public/Admin/static/userlist/j/yjc/lby/Public/Admin/static/userlist/query_006.js
ERR: 无法加载控制器:Public

[ 2017-06-13T09:42:14+08:00 ] ::1 /yjc/lby/index.php/Lnstru/WdatePicker.css
ERR: 非法操作:WdatePicker.css

[ 2017-06-13T09:42:14+08:00 ] ::1 /yjc/lby/Public/Admin/static/userlist/skin/WdatePicker.css
ERR: 无法加载控制器:Public

[ 2017-06-13T09:42:15+08:00 ] ::1 /yjc/lby/index.php/Batch/WdatePicker.css
ERR: 非法操作:WdatePicker.css

[ 2017-06-13T09:42:15+08:00 ] ::1 /yjc/lby/Public/Admin/static/userlist/j/yjc/lby/Public/Admin/static/userlist/query_006.js
ERR: 无法加载控制器:Public

[ 2017-06-13T09:42:15+08:00 ] ::1 /yjc/lby/Public/Admin/static/userlist/j/yjc/lby/Public/Admin/static/userlist/query_006.js
ERR: 无法加载控制器:Public

[ 2017-06-13T09:42:15+08:00 ] ::1 /yjc/lby/index.php/Batch/WdatePicker.css
ERR: 非法操作:WdatePicker.css

[ 2017-06-13T09:42:15+08:00 ] ::1 /yjc/lby/Public/Admin/static/userlist/skin/WdatePicker.css
ERR: 无法加载控制器:Public

[ 2017-06-13T09:42:59+08:00 ] ::1 /yjc/lby/Public/Admin/static/userlist/j/yjc/lby/Public/Admin/static/userlist/query_006.js
ERR: 无法加载控制器:Public

[ 2017-06-13T09:42:59+08:00 ] ::1 /yjc/lby/index.php/Lnstru/WdatePicker.css
ERR: 非法操作:WdatePicker.css

[ 2017-06-13T09:42:59+08:00 ] ::1 /yjc/lby/Public/Admin/static/userlist/j/yjc/lby/Public/Admin/static/userlist/query_006.js
ERR: 无法加载控制器:Public

[ 2017-06-13T09:42:59+08:00 ] ::1 /yjc/lby/Public/Admin/static/userlist/skin/WdatePicker.css
ERR: 无法加载控制器:Public

[ 2017-06-13T09:42:59+08:00 ] ::1 /yjc/lby/index.php/Lnstru/WdatePicker.css
ERR: 非法操作:WdatePicker.css

[ 2017-06-13T09:43:01+08:00 ] ::1 /yjc/lby/Public/Admin/static/userlist/j/yjc/lby/Public/Admin/static/userlist/query_006.js
ERR: 无法加载控制器:Public

[ 2017-06-13T09:43:01+08:00 ] ::1 /yjc/lby/index.php/Batch/WdatePicker.css
ERR: 非法操作:WdatePicker.css

[ 2017-06-13T09:43:01+08:00 ] ::1 /yjc/lby/Public/Admin/static/userlist/j/yjc/lby/Public/Admin/static/userlist/query_006.js
ERR: 无法加载控制器:Public

[ 2017-06-13T09:43:01+08:00 ] ::1 /yjc/lby/index.php/Batch/WdatePicker.css
ERR: 非法操作:WdatePicker.css

[ 2017-06-13T09:43:01+08:00 ] ::1 /yjc/lby/Public/Admin/static/userlist/skin/WdatePicker.css
ERR: 无法加载控制器:Public

[ 2017-06-13T09:43:09+08:00 ] ::1 /yjc/lby/warranty_card/list.do
ERR: 无法加载控制器:Warranty_card

[ 2017-06-13T09:43:27+08:00 ] ::1 /yjc/lby/index.php/Market/WdatePicker.css
ERR: 非法操作:WdatePicker.css

[ 2017-06-13T09:43:27+08:00 ] ::1 /yjc/lby/Public/Admin/static/userlist/j/yjc/lby/Public/Admin/static/userlist/query_006.js
ERR: 无法加载控制器:Public

[ 2017-06-13T09:43:27+08:00 ] ::1 /yjc/lby/Public/Admin/static/userlist/j/yjc/lby/Public/Admin/static/userlist/query_006.js
ERR: 无法加载控制器:Public

[ 2017-06-13T09:43:27+08:00 ] ::1 /yjc/lby/Public/Admin/static/userlist/skin/WdatePicker.css
ERR: 无法加载控制器:Public

[ 2017-06-13T09:43:27+08:00 ] ::1 /yjc/lby/index.php/Market/WdatePicker.css
ERR: 非法操作:WdatePicker.css

[ 2017-06-13T09:43:51+08:00 ] ::1 /yjc/lby/index.php/Lnstru/WdatePicker.css
ERR: 非法操作:WdatePicker.css

[ 2017-06-13T09:43:51+08:00 ] ::1 /yjc/lby/Public/Admin/static/userlist/j/yjc/lby/Public/Admin/static/userlist/query_006.js
ERR: 无法加载控制器:Public

[ 2017-06-13T09:43:51+08:00 ] ::1 /yjc/lby/Public/Admin/static/userlist/j/yjc/lby/Public/Admin/static/userlist/query_006.js
ERR: 无法加载控制器:Public

[ 2017-06-13T09:43:51+08:00 ] ::1 /yjc/lby/Public/Admin/static/userlist/skin/WdatePicker.css
ERR: 无法加载控制器:Public

[ 2017-06-13T09:43:51+08:00 ] ::1 /yjc/lby/index.php/Lnstru/WdatePicker.css
ERR: 非法操作:WdatePicker.css

[ 2017-06-13T09:43:54+08:00 ] ::1 /yjc/lby/Public/Admin/static/userlist/j/yjc/lby/Public/Admin/static/userlist/query_006.js
ERR: 无法加载控制器:Public

[ 2017-06-13T09:43:54+08:00 ] ::1 /yjc/lby/index.php/Batch/WdatePicker.css
ERR: 非法操作:WdatePicker.css

[ 2017-06-13T09:43:54+08:00 ] ::1 /yjc/lby/Public/Admin/static/userlist/j/yjc/lby/Public/Admin/static/userlist/query_006.js
ERR: 无法加载控制器:Public

[ 2017-06-13T09:43:54+08:00 ] ::1 /yjc/lby/Public/Admin/static/userlist/skin/WdatePicker.css
ERR: 无法加载控制器:Public

[ 2017-06-13T09:43:54+08:00 ] ::1 /yjc/lby/index.php/Batch/WdatePicker.css
ERR: 非法操作:WdatePicker.css

[ 2017-06-13T09:43:58+08:00 ] ::1 /yjc/lby/Public/Admin/static/userlist/j/yjc/lby/Public/Admin/static/userlist/query_006.js
ERR: 无法加载控制器:Public

[ 2017-06-13T09:43:58+08:00 ] ::1 /yjc/lby/index.php/Batch/WdatePicker.css
ERR: 非法操作:WdatePicker.css

[ 2017-06-13T09:43:59+08:00 ] ::1 /yjc/lby/Public/Admin/static/userlist/j/yjc/lby/Public/Admin/static/userlist/query_006.js
ERR: 无法加载控制器:Public

[ 2017-06-13T09:43:59+08:00 ] ::1 /yjc/lby/index.php/Batch/WdatePicker.css
ERR: 非法操作:WdatePicker.css

[ 2017-06-13T09:43:59+08:00 ] ::1 /yjc/lby/Public/Admin/static/userlist/skin/WdatePicker.css
ERR: 无法加载控制器:Public

[ 2017-06-13T09:45:54+08:00 ] ::1 /yjc/lby/index.php/Batch/WdatePicker.css
ERR: 非法操作:WdatePicker.css

[ 2017-06-13T09:45:54+08:00 ] ::1 /yjc/lby/Public/Admin/static/userlist/j/yjc/lby/Public/Admin/static/userlist/query_006.js
ERR: 无法加载控制器:Public

[ 2017-06-13T09:45:55+08:00 ] ::1 /yjc/lby/Public/Admin/static/userlist/j/yjc/lby/Public/Admin/static/userlist/query_006.js
ERR: 无法加载控制器:Public

[ 2017-06-13T09:45:55+08:00 ] ::1 /yjc/lby/index.php/Batch/WdatePicker.css
ERR: 非法操作:WdatePicker.css

[ 2017-06-13T09:45:55+08:00 ] ::1 /yjc/lby/Public/Admin/static/userlist/skin/WdatePicker.css
ERR: 无法加载控制器:Public

[ 2017-06-13T09:46:45+08:00 ] ::1 /yjc/lby/index.php/Batch/WdatePicker.css
ERR: 非法操作:WdatePicker.css

[ 2017-06-13T09:46:45+08:00 ] ::1 /yjc/lby/Public/Admin/static/userlist/j/yjc/lby/Public/Admin/static/userlist/query_006.js
ERR: 无法加载控制器:Public

[ 2017-06-13T09:46:45+08:00 ] ::1 /yjc/lby/Public/Admin/static/userlist/j/yjc/lby/Public/Admin/static/userlist/query_006.js
ERR: 无法加载控制器:Public

[ 2017-06-13T09:46:45+08:00 ] ::1 /yjc/lby/Public/Admin/static/userlist/skin/WdatePicker.css
ERR: 无法加载控制器:Public

[ 2017-06-13T09:46:45+08:00 ] ::1 /yjc/lby/index.php/Batch/WdatePicker.css
ERR: 非法操作:WdatePicker.css

[ 2017-06-13T09:48:28+08:00 ] ::1 /yjc/lby/index.php/Batch/WdatePicker.css
ERR: 非法操作:WdatePicker.css

[ 2017-06-13T09:48:28+08:00 ] ::1 /yjc/lby/Public/Admin/static/userlist/j/yjc/lby/Public/Admin/static/userlist/query_006.js
ERR: 无法加载控制器:Public

[ 2017-06-13T09:48:28+08:00 ] ::1 /yjc/lby/Public/Admin/static/userlist/j/yjc/lby/Public/Admin/static/userlist/query_006.js
ERR: 无法加载控制器:Public

[ 2017-06-13T09:48:28+08:00 ] ::1 /yjc/lby/index.php/Batch/WdatePicker.css
ERR: 非法操作:WdatePicker.css

[ 2017-06-13T09:48:28+08:00 ] ::1 /yjc/lby/Public/Admin/static/userlist/skin/WdatePicker.css
ERR: 无法加载控制器:Public

[ 2017-06-13T09:48:43+08:00 ] ::1 /yjc/lby/index.php/Batch/WdatePicker.css
ERR: 非法操作:WdatePicker.css

[ 2017-06-13T09:48:43+08:00 ] ::1 /yjc/lby/Public/Admin/static/userlist/j/yjc/lby/Public/Admin/static/userlist/query_006.js
ERR: 无法加载控制器:Public

[ 2017-06-13T09:48:44+08:00 ] ::1 /yjc/lby/Public/Admin/static/userlist/j/yjc/lby/Public/Admin/static/userlist/query_006.js
ERR: 无法加载控制器:Public

[ 2017-06-13T09:48:44+08:00 ] ::1 /yjc/lby/Public/Admin/static/userlist/skin/WdatePicker.css
ERR: 无法加载控制器:Public

[ 2017-06-13T09:48:44+08:00 ] ::1 /yjc/lby/index.php/Batch/WdatePicker.css
ERR: 非法操作:WdatePicker.css

[ 2017-06-13T09:54:03+08:00 ] ::1 /yjc/lby/Public/Admin/static/userlist/j/yjc/lby/Public/Admin/static/userlist/query_006.js
ERR: 无法加载控制器:Public

[ 2017-06-13T09:54:03+08:00 ] ::1 /yjc/lby/index.php/Background/WdatePicker.css
ERR: 非法操作:WdatePicker.css

[ 2017-06-13T09:54:04+08:00 ] ::1 /yjc/lby/Public/Admin/static/userlist/j/yjc/lby/Public/Admin/static/userlist/query_006.js
ERR: 无法加载控制器:Public

[ 2017-06-13T09:54:04+08:00 ] ::1 /yjc/lby/index.php/Background/WdatePicker.css
ERR: 非法操作:WdatePicker.css

[ 2017-06-13T09:54:04+08:00 ] ::1 /yjc/lby/Public/Admin/static/userlist/skin/WdatePicker.css
ERR: 无法加载控制器:Public

[ 2017-06-13T09:55:28+08:00 ] ::1 /yjc/lby/Public/Admin/static/userlist/j/yjc/lby/Public/Admin/static/userlist/query_006.js
ERR: 无法加载控制器:Public

[ 2017-06-13T09:55:28+08:00 ] ::1 /yjc/lby/index.php/Background/WdatePicker.css
ERR: 非法操作:WdatePicker.css

[ 2017-06-13T09:55:28+08:00 ] ::1 /yjc/lby/Public/Admin/static/userlist/j/yjc/lby/Public/Admin/static/userlist/query_006.js
ERR: 无法加载控制器:Public

[ 2017-06-13T09:55:28+08:00 ] ::1 /yjc/lby/index.php/Background/WdatePicker.css
ERR: 非法操作:WdatePicker.css

[ 2017-06-13T09:55:28+08:00 ] ::1 /yjc/lby/Public/Admin/static/userlist/skin/WdatePicker.css
ERR: 无法加载控制器:Public

[ 2017-06-13T09:55:32+08:00 ] ::1 /yjc/lby/index.php/Lnstru/WdatePicker.css
ERR: 非法操作:WdatePicker.css

[ 2017-06-13T09:55:32+08:00 ] ::1 /yjc/lby/Public/Admin/static/userlist/j/yjc/lby/Public/Admin/static/userlist/query_006.js
ERR: 无法加载控制器:Public

[ 2017-06-13T09:55:32+08:00 ] ::1 /yjc/lby/Public/Admin/static/userlist/j/yjc/lby/Public/Admin/static/userlist/query_006.js
ERR: 无法加载控制器:Public

[ 2017-06-13T09:55:32+08:00 ] ::1 /yjc/lby/index.php/Lnstru/WdatePicker.css
ERR: 非法操作:WdatePicker.css

[ 2017-06-13T09:55:32+08:00 ] ::1 /yjc/lby/Public/Admin/static/userlist/skin/WdatePicker.css
ERR: 无法加载控制器:Public

[ 2017-06-13T09:55:33+08:00 ] ::1 /yjc/lby/index.php/Batch/WdatePicker.css
ERR: 非法操作:WdatePicker.css

[ 2017-06-13T09:55:33+08:00 ] ::1 /yjc/lby/Public/Admin/static/userlist/j/yjc/lby/Public/Admin/static/userlist/query_006.js
ERR: 无法加载控制器:Public

[ 2017-06-13T09:55:33+08:00 ] ::1 /yjc/lby/Public/Admin/static/userlist/j/yjc/lby/Public/Admin/static/userlist/query_006.js
ERR: 无法加载控制器:Public

[ 2017-06-13T09:55:33+08:00 ] ::1 /yjc/lby/index.php/Batch/WdatePicker.css
ERR: 非法操作:WdatePicker.css

[ 2017-06-13T09:55:33+08:00 ] ::1 /yjc/lby/Public/Admin/static/userlist/skin/WdatePicker.css
ERR: 无法加载控制器:Public

[ 2017-06-13T09:56:38+08:00 ] ::1 /yjc/lby/Public/Admin/static/userlist/j/yjc/lby/Public/Admin/static/userlist/query_006.js
ERR: 无法加载控制器:Public

[ 2017-06-13T09:56:38+08:00 ] ::1 /yjc/lby/index.php/Batch/WdatePicker.css
ERR: 非法操作:WdatePicker.css

[ 2017-06-13T09:56:39+08:00 ] ::1 /yjc/lby/Public/Admin/static/userlist/j/yjc/lby/Public/Admin/static/userlist/query_006.js
ERR: 无法加载控制器:Public

[ 2017-06-13T09:56:39+08:00 ] ::1 /yjc/lby/index.php/Batch/WdatePicker.css
ERR: 非法操作:WdatePicker.css

[ 2017-06-13T09:56:39+08:00 ] ::1 /yjc/lby/Public/Admin/static/userlist/skin/WdatePicker.css
ERR: 无法加载控制器:Public

[ 2017-06-13T09:56:53+08:00 ] ::1 /yjc/lby/index.php/Background/WdatePicker.css
ERR: 非法操作:WdatePicker.css

[ 2017-06-13T09:56:53+08:00 ] ::1 /yjc/lby/Public/Admin/static/userlist/j/yjc/lby/Public/Admin/static/userlist/query_006.js
ERR: 无法加载控制器:Public

[ 2017-06-13T09:56:53+08:00 ] ::1 /yjc/lby/Public/Admin/static/userlist/j/yjc/lby/Public/Admin/static/userlist/query_006.js
ERR: 无法加载控制器:Public

[ 2017-06-13T09:56:53+08:00 ] ::1 /yjc/lby/index.php/Background/WdatePicker.css
ERR: 非法操作:WdatePicker.css

[ 2017-06-13T09:56:53+08:00 ] ::1 /yjc/lby/Public/Admin/static/userlist/skin/WdatePicker.css
ERR: 无法加载控制器:Public

[ 2017-06-13T09:58:14+08:00 ] ::1 /yjc/lby/index.php/Background/WdatePicker.css
ERR: 非法操作:WdatePicker.css

[ 2017-06-13T09:58:14+08:00 ] ::1 /yjc/lby/Public/Admin/static/userlist/j/yjc/lby/Public/Admin/static/userlist/query_006.js
ERR: 无法加载控制器:Public

[ 2017-06-13T09:58:14+08:00 ] ::1 /yjc/lby/Public/Admin/static/userlist/j/yjc/lby/Public/Admin/static/userlist/query_006.js
ERR: 无法加载控制器:Public

[ 2017-06-13T09:58:14+08:00 ] ::1 /yjc/lby/index.php/Background/WdatePicker.css
ERR: 非法操作:WdatePicker.css

[ 2017-06-13T09:58:14+08:00 ] ::1 /yjc/lby/Public/Admin/static/userlist/skin/WdatePicker.css
ERR: 无法加载控制器:Public

[ 2017-06-13T09:58:40+08:00 ] ::1 /yjc/lby/index.php/Background/WdatePicker.css
ERR: 非法操作:WdatePicker.css

[ 2017-06-13T09:58:40+08:00 ] ::1 /yjc/lby/Public/Admin/static/userlist/j/yjc/lby/Public/Admin/static/userlist/query_006.js
ERR: 无法加载控制器:Public

[ 2017-06-13T09:58:40+08:00 ] ::1 /yjc/lby/Public/Admin/static/userlist/j/yjc/lby/Public/Admin/static/userlist/query_006.js
ERR: 无法加载控制器:Public

[ 2017-06-13T09:58:40+08:00 ] ::1 /yjc/lby/index.php/Background/WdatePicker.css
ERR: 非法操作:WdatePicker.css

[ 2017-06-13T09:58:40+08:00 ] ::1 /yjc/lby/Public/Admin/static/userlist/skin/WdatePicker.css
ERR: 无法加载控制器:Public

[ 2017-06-13T09:58:43+08:00 ] ::1 /yjc/lby/Public/Admin/static/userlist/j/yjc/lby/Public/Admin/static/userlist/query_006.js
ERR: 无法加载控制器:Public

[ 2017-06-13T09:58:43+08:00 ] ::1 /yjc/lby/index.php/Batch/WdatePicker.css
ERR: 非法操作:WdatePicker.css

[ 2017-06-13T09:58:43+08:00 ] ::1 /yjc/lby/Public/Admin/static/userlist/j/yjc/lby/Public/Admin/static/userlist/query_006.js
ERR: 无法加载控制器:Public

[ 2017-06-13T09:58:43+08:00 ] ::1 /yjc/lby/index.php/Batch/WdatePicker.css
ERR: 非法操作:WdatePicker.css

[ 2017-06-13T09:58:43+08:00 ] ::1 /yjc/lby/Public/Admin/static/userlist/skin/WdatePicker.css
ERR: 无法加载控制器:Public

[ 2017-06-13T09:58:50+08:00 ] ::1 /yjc/lby/index.php/Lnstru/WdatePicker.css
ERR: 非法操作:WdatePicker.css

[ 2017-06-13T09:58:51+08:00 ] ::1 /yjc/lby/Public/Admin/static/userlist/j/yjc/lby/Public/Admin/static/userlist/query_006.js
ERR: 无法加载控制器:Public

[ 2017-06-13T09:58:51+08:00 ] ::1 /yjc/lby/Public/Admin/static/userlist/j/yjc/lby/Public/Admin/static/userlist/query_006.js
ERR: 无法加载控制器:Public

[ 2017-06-13T09:58:51+08:00 ] ::1 /yjc/lby/Public/Admin/static/userlist/skin/WdatePicker.css
ERR: 无法加载控制器:Public

[ 2017-06-13T09:58:51+08:00 ] ::1 /yjc/lby/index.php/Lnstru/WdatePicker.css
ERR: 非法操作:WdatePicker.css

[ 2017-06-13T09:58:53+08:00 ] ::1 /yjc/lby/index.php/Lnstru/WdatePicker.css
ERR: 非法操作:WdatePicker.css

[ 2017-06-13T09:58:53+08:00 ] ::1 /yjc/lby/Public/Admin/static/userlist/j/yjc/lby/Public/Admin/static/userlist/query_006.js
ERR: 无法加载控制器:Public

[ 2017-06-13T09:58:54+08:00 ] ::1 /yjc/lby/Public/Admin/static/userlist/j/yjc/lby/Public/Admin/static/userlist/query_006.js
ERR: 无法加载控制器:Public

[ 2017-06-13T09:58:54+08:00 ] ::1 /yjc/lby/index.php/Lnstru/WdatePicker.css
ERR: 非法操作:WdatePicker.css

[ 2017-06-13T09:58:54+08:00 ] ::1 /yjc/lby/Public/Admin/static/userlist/skin/WdatePicker.css
ERR: 无法加载控制器:Public

[ 2017-06-13T09:58:54+08:00 ] ::1 /yjc/lby/Public/Admin/static/userlist/j/yjc/lby/Public/Admin/static/userlist/query_006.js
ERR: 无法加载控制器:Public

[ 2017-06-13T09:58:54+08:00 ] ::1 /yjc/lby/index.php/Lnstru/WdatePicker.css
ERR: 非法操作:WdatePicker.css

[ 2017-06-13T09:58:54+08:00 ] ::1 /yjc/lby/Public/Admin/static/userlist/j/yjc/lby/Public/Admin/static/userlist/query_006.js
ERR: 无法加载控制器:Public

[ 2017-06-13T09:58:54+08:00 ] ::1 /yjc/lby/Public/Admin/static/userlist/skin/WdatePicker.css
ERR: 无法加载控制器:Public

[ 2017-06-13T09:58:54+08:00 ] ::1 /yjc/lby/index.php/Lnstru/WdatePicker.css
ERR: 非法操作:WdatePicker.css

[ 2017-06-13T09:58:54+08:00 ] ::1 /yjc/lby/Public/Admin/static/userlist/j/yjc/lby/Public/Admin/static/userlist/query_006.js
ERR: 无法加载控制器:Public

[ 2017-06-13T09:58:54+08:00 ] ::1 /yjc/lby/index.php/Batch/WdatePicker.css
ERR: 非法操作:WdatePicker.css

[ 2017-06-13T09:58:55+08:00 ] ::1 /yjc/lby/Public/Admin/static/userlist/j/yjc/lby/Public/Admin/static/userlist/query_006.js
ERR: 无法加载控制器:Public

[ 2017-06-13T09:58:55+08:00 ] ::1 /yjc/lby/Public/Admin/static/userlist/skin/WdatePicker.css
ERR: 无法加载控制器:Public

[ 2017-06-13T09:58:55+08:00 ] ::1 /yjc/lby/index.php/Batch/WdatePicker.css
ERR: 非法操作:WdatePicker.css

[ 2017-06-13T10:00:24+08:00 ] ::1 /yjc/lby/index.php/Batch/impUser.html
ERR: 非法操作:impUser

[ 2017-06-13T10:03:43+08:00 ] ::1 /yjc/lby/Public/Admin/static/userlist/j/yjc/lby/Public/Admin/static/userlist/query_006.js
ERR: 无法加载控制器:Public

[ 2017-06-13T10:03:43+08:00 ] ::1 /yjc/lby/index.php/Lnstru/WdatePicker.css
ERR: 非法操作:WdatePicker.css

[ 2017-06-13T10:03:43+08:00 ] ::1 /yjc/lby/Public/Admin/static/userlist/j/yjc/lby/Public/Admin/static/userlist/query_006.js
ERR: 无法加载控制器:Public

[ 2017-06-13T10:03:43+08:00 ] ::1 /yjc/lby/Public/Admin/static/userlist/skin/WdatePicker.css
ERR: 无法加载控制器:Public

[ 2017-06-13T10:03:43+08:00 ] ::1 /yjc/lby/index.php/Lnstru/WdatePicker.css
ERR: 非法操作:WdatePicker.css

[ 2017-06-13T10:03:44+08:00 ] ::1 /yjc/lby/Public/Admin/static/userlist/j/yjc/lby/Public/Admin/static/userlist/query_006.js
ERR: 无法加载控制器:Public

[ 2017-06-13T10:03:44+08:00 ] ::1 /yjc/lby/index.php/Batch/WdatePicker.css
ERR: 非法操作:WdatePicker.css

[ 2017-06-13T10:03:44+08:00 ] ::1 /yjc/lby/Public/Admin/static/userlist/j/yjc/lby/Public/Admin/static/userlist/query_006.js
ERR: 无法加载控制器:Public

[ 2017-06-13T10:03:44+08:00 ] ::1 /yjc/lby/Public/Admin/static/userlist/skin/WdatePicker.css
ERR: 无法加载控制器:Public

[ 2017-06-13T10:03:44+08:00 ] ::1 /yjc/lby/index.php/Batch/WdatePicker.css
ERR: 非法操作:WdatePicker.css

[ 2017-06-13T10:03:46+08:00 ] ::1 /yjc/lby/instructions/list
ERR: 无法加载控制器:Instructions

[ 2017-06-13T10:03:47+08:00 ] ::1 /yjc/lby/instructions/list
ERR: 无法加载控制器:Instructions

[ 2017-06-13T11:26:31+08:00 ] ::1 /yjc/lby/Public/Admin/static/userlist/j/yjc/lby/Public/Admin/static/userlist/query_006.js
ERR: 无法加载控制器:Public

[ 2017-06-13T11:26:31+08:00 ] ::1 /yjc/lby/index.php/Lnstru/WdatePicker.css
ERR: 非法操作:WdatePicker.css

[ 2017-06-13T11:26:31+08:00 ] ::1 /yjc/lby/Public/Admin/static/userlist/j/yjc/lby/Public/Admin/static/userlist/query_006.js
ERR: 无法加载控制器:Public

[ 2017-06-13T11:26:31+08:00 ] ::1 /yjc/lby/Public/Admin/static/userlist/skin/WdatePicker.css
ERR: 无法加载控制器:Public

[ 2017-06-13T11:26:31+08:00 ] ::1 /yjc/lby/index.php/Lnstru/WdatePicker.css
ERR: 非法操作:WdatePicker.css

[ 2017-06-13T11:52:33+08:00 ] ::1 /yjc/lby/Public/Admin/static/userlist/j/yjc/lby/Public/Admin/static/userlist/query_006.js
ERR: 无法加载控制器:Public

[ 2017-06-13T11:52:33+08:00 ] ::1 /yjc/lby/index.php/Market/WdatePicker.css
ERR: 非法操作:WdatePicker.css

[ 2017-06-13T11:52:33+08:00 ] ::1 /yjc/lby/Public/Admin/static/userlist/j/yjc/lby/Public/Admin/static/userlist/query_006.js
ERR: 无法加载控制器:Public

[ 2017-06-13T11:52:34+08:00 ] ::1 /yjc/lby/Public/Admin/static/userlist/skin/WdatePicker.css
ERR: 无法加载控制器:Public

[ 2017-06-13T11:52:34+08:00 ] ::1 /yjc/lby/index.php/Market/WdatePicker.css
ERR: 非法操作:WdatePicker.css

[ 2017-06-13T13:29:35+08:00 ] ::1 /yjc/lby/Public/Admin/static/userlist/j/yjc/lby/Public/Admin/static/userlist/query_006.js
ERR: 无法加载控制器:Public

[ 2017-06-13T13:29:35+08:00 ] ::1 /yjc/lby/index.php/Market/WdatePicker.css
ERR: 非法操作:WdatePicker.css

[ 2017-06-13T13:29:35+08:00 ] ::1 /yjc/lby/Public/Admin/static/userlist/j/yjc/lby/Public/Admin/static/userlist/query_006.js
ERR: 无法加载控制器:Public

[ 2017-06-13T13:29:35+08:00 ] ::1 /yjc/lby/Public/Admin/static/userlist/skin/WdatePicker.css
ERR: 无法加载控制器:Public

[ 2017-06-13T13:29:35+08:00 ] ::1 /yjc/lby/index.php/Market/WdatePicker.css
ERR: 非法操作:WdatePicker.css

[ 2017-06-13T13:30:07+08:00 ] ::1 /yjc/lby/Public/Admin/static/userlist/j/yjc/lby/Public/Admin/static/userlist/query_006.js
ERR: 无法加载控制器:Public

[ 2017-06-13T13:30:07+08:00 ] ::1 /yjc/lby/index.php/Market/WdatePicker.css
ERR: 非法操作:WdatePicker.css

[ 2017-06-13T13:30:07+08:00 ] ::1 /yjc/lby/Public/Admin/static/userlist/j/yjc/lby/Public/Admin/static/userlist/query_006.js
ERR: 无法加载控制器:Public

[ 2017-06-13T13:30:07+08:00 ] ::1 /yjc/lby/Public/Admin/static/userlist/skin/WdatePicker.css
ERR: 无法加载控制器:Public

[ 2017-06-13T13:30:07+08:00 ] ::1 /yjc/lby/index.php/Market/WdatePicker.css
ERR: 非法操作:WdatePicker.css

[ 2017-06-13T13:31:40+08:00 ] ::1 /yjc/lby/index.php/Market/market_fu.html
ERR: 1054:Unknown column 'did' in 'where clause'
 [ SQL语句 ] : SELECT * FROM `market_order` WHERE ( did=6 ) LIMIT 1  

[ 2017-06-13T13:32:59+08:00 ] ::1 /yjc/lby/Public/Admin/static/userlist/j/yjc/lby/Public/Admin/static/userlist/query_006.js
ERR: 无法加载控制器:Public

[ 2017-06-13T13:32:59+08:00 ] ::1 /yjc/lby/index.php/Market/WdatePicker.css
ERR: 非法操作:WdatePicker.css

[ 2017-06-13T13:32:59+08:00 ] ::1 /yjc/lby/Public/Admin/static/userlist/j/yjc/lby/Public/Admin/static/userlist/query_006.js
ERR: 无法加载控制器:Public

[ 2017-06-13T13:32:59+08:00 ] ::1 /yjc/lby/index.php/Market/WdatePicker.css
ERR: 非法操作:WdatePicker.css

[ 2017-06-13T13:32:59+08:00 ] ::1 /yjc/lby/Public/Admin/static/userlist/skin/WdatePicker.css
ERR: 无法加载控制器:Public

[ 2017-06-13T13:33:28+08:00 ] ::1 /yjc/lby/Public/Admin/static/userlist/j/yjc/lby/Public/Admin/static/userlist/query_006.js
ERR: 无法加载控制器:Public

[ 2017-06-13T13:33:28+08:00 ] ::1 /yjc/lby/index.php/Market/WdatePicker.css
ERR: 非法操作:WdatePicker.css

[ 2017-06-13T13:33:28+08:00 ] ::1 /yjc/lby/Public/Admin/static/userlist/j/yjc/lby/Public/Admin/static/userlist/query_006.js
ERR: 无法加载控制器:Public

[ 2017-06-13T13:33:28+08:00 ] ::1 /yjc/lby/index.php/Market/WdatePicker.css
ERR: 非法操作:WdatePicker.css

[ 2017-06-13T13:33:28+08:00 ] ::1 /yjc/lby/Public/Admin/static/userlist/skin/WdatePicker.css
ERR: 无法加载控制器:Public

[ 2017-06-13T13:34:04+08:00 ] ::1 /yjc/lby/Public/Admin/static/userlist/j/yjc/lby/Public/Admin/static/userlist/query_006.js
ERR: 无法加载控制器:Public

[ 2017-06-13T13:34:04+08:00 ] ::1 /yjc/lby/index.php/Market/WdatePicker.css
ERR: 非法操作:WdatePicker.css

[ 2017-06-13T13:34:04+08:00 ] ::1 /yjc/lby/Public/Admin/static/userlist/j/yjc/lby/Public/Admin/static/userlist/query_006.js
ERR: 无法加载控制器:Public

[ 2017-06-13T13:34:04+08:00 ] ::1 /yjc/lby/index.php/Market/WdatePicker.css
ERR: 非法操作:WdatePicker.css

[ 2017-06-13T13:34:04+08:00 ] ::1 /yjc/lby/Public/Admin/static/userlist/skin/WdatePicker.css
ERR: 无法加载控制器:Public

[ 2017-06-13T13:37:28+08:00 ] ::1 /yjc/lby/index.php/Admin/Index/index1.html
ERR: 非法操作:index1

[ 2017-06-13T14:44:29+08:00 ] ::1 /yjc/lby/warranty_card/list.do
ERR: 无法加载控制器:Warranty_card

[ 2017-06-13T14:44:32+08:00 ] ::1 /yjc/lby/question/list.do
ERR: 无法加载控制器:Question

[ 2017-06-13T14:44:35+08:00 ] ::1 /yjc/lby/probleminformation/list.do
ERR: 无法加载控制器:Probleminformation

[ 2017-06-13T14:46:12+08:00 ] ::1 /yjc/lby/probleminformation/list.do
ERR: 无法加载控制器:Probleminformation

[ 2017-06-13T14:49:26+08:00 ] ::1 /yjc/lby/index.php/Market/index.html
ERR: 1054:Unknown column 'j_id' in 'where clause'
 [ SQL语句 ] : SELECT COUNT(*) AS tp_count FROM `market_order` WHERE ( j_id=1 ) LIMIT 1  

[ 2017-06-13T14:49:53+08:00 ] ::1 /yjc/lby/index.php/Market/index.html
ERR: 1064:You have an error in your SQL syntax; check the manual that corresponds to your MySQL server version for the right syntax to use near 'join=1 ) LIMIT 1' at line 1
 [ SQL语句 ] : SELECT COUNT(*) AS tp_count FROM `market_order` WHERE ( join=1 ) LIMIT 1  

[ 2017-06-13T14:49:54+08:00 ] ::1 /yjc/lby/index.php/Market/index.html
ERR: 1064:You have an error in your SQL syntax; check the manual that corresponds to your MySQL server version for the right syntax to use near 'join=1 ) LIMIT 1' at line 1
 [ SQL语句 ] : SELECT COUNT(*) AS tp_count FROM `market_order` WHERE ( join=1 ) LIMIT 1  

[ 2017-06-13T14:49:54+08:00 ] ::1 /yjc/lby/index.php/Market/index.html
ERR: 1064:You have an error in your SQL syntax; check the manual that corresponds to your MySQL server version for the right syntax to use near 'join=1 ) LIMIT 1' at line 1
 [ SQL语句 ] : SELECT COUNT(*) AS tp_count FROM `market_order` WHERE ( join=1 ) LIMIT 1  

[ 2017-06-13T14:54:28+08:00 ] ::1 /yjc/lby/index.php/Admin/Index/index1.html
ERR: 非法操作:index1

[ 2017-06-13T14:58:11+08:00 ] ::1 /yjc/lby/index.php/Market/index.html?lastEnd=&brand_name=0&product_name=0&order_card_type=&order_number=G610632899060791&order_phone=&order_creater=
ERR: 1054:Unknown column 'G610632899060791' in 'where clause'
 [ SQL语句 ] : SELECT COUNT(*) AS tp_count FROM `market_order` WHERE ( join_id=1 and order_number=G610632899060791 ) LIMIT 1  

[ 2017-06-13T15:02:50+08:00 ] ::1 /yjc/lby/index.php/Market/index.html?lastEnd=&brand_name=0&product_name=0&order_card_type=&order_number=G610633872316348&order_phone=1&order_creater=1
ERR: 1054:Unknown column 'G610633872316348' in 'where clause'
 [ SQL语句 ] : SELECT COUNT(*) AS tp_count FROM `market_order` WHERE ( join_id=1 and order_creater like '%1%' and order_phone like '%1%' and order_number=G610633872316348 ) LIMIT 1  

[ 2017-06-13T15:10:10+08:00 ] ::1 /yjc/lby/Public/Admin/static/userlist/j/yjc/lby/Public/Admin/static/userlist/query_006.js
ERR: 无法加载控制器:Public

[ 2017-06-13T15:10:10+08:00 ] ::1 /yjc/lby/index.php/Market/WdatePicker.css
ERR: 非法操作:WdatePicker.css

[ 2017-06-13T15:10:10+08:00 ] ::1 /yjc/lby/Public/Admin/static/userlist/j/yjc/lby/Public/Admin/static/userlist/query_006.js
ERR: 无法加载控制器:Public

[ 2017-06-13T15:10:10+08:00 ] ::1 /yjc/lby/index.php/Market/WdatePicker.css
ERR: 非法操作:WdatePicker.css

[ 2017-06-13T15:10:10+08:00 ] ::1 /yjc/lby/Public/Admin/static/userlist/skin/WdatePicker.css
ERR: 无法加载控制器:Public

[ 2017-06-13T15:13:56+08:00 ] ::1 /yjc/lby/index.php/Market/index.html?lastEnd=&brand_name=0&product_name=1&order_card_type=&order_number=&order_phone=&order_creater=
ERR: 1054:Unknown column 'product_id' in 'where clause'
 [ SQL语句 ] : SELECT COUNT(*) AS tp_count FROM `market_order` WHERE ( join_id=1 and product_id='1' ) LIMIT 1  

[ 2017-06-13T15:19:36+08:00 ] ::1 /yjc/lby/index.php/Market/index.html?brand_name=1&product_name=0&order_card_type=&order_number=&order_phone=&order_creater=
ERR: 1054:Unknown column 'brand_id' in 'where clause'
 [ SQL语句 ] : SELECT COUNT(*) AS tp_count FROM `market_order` WHERE ( join_id=1 and brand_id='1' ) LIMIT 1  

[ 2017-06-13T15:20:19+08:00 ] ::1 /yjc/lby/Public/Admin/static/userlist/j/yjc/lby/Public/Admin/static/userlist/query_006.js
ERR: 无法加载控制器:Public

[ 2017-06-13T15:20:19+08:00 ] ::1 /yjc/lby/index.php/Market/WdatePicker.css
ERR: 非法操作:WdatePicker.css

[ 2017-06-13T15:20:20+08:00 ] ::1 /yjc/lby/Public/Admin/static/userlist/j/yjc/lby/Public/Admin/static/userlist/query_006.js
ERR: 无法加载控制器:Public

[ 2017-06-13T15:20:20+08:00 ] ::1 /yjc/lby/Public/Admin/static/userlist/skin/WdatePicker.css
ERR: 无法加载控制器:Public

[ 2017-06-13T15:20:20+08:00 ] ::1 /yjc/lby/index.php/Market/WdatePicker.css
ERR: 非法操作:WdatePicker.css

[ 2017-06-13T15:24:07+08:00 ] ::1 /yjc/lby/Public/Admin/static/userlist/j/yjc/lby/Public/Admin/static/userlist/query_006.js
ERR: 无法加载控制器:Public

[ 2017-06-13T15:24:07+08:00 ] ::1 /yjc/lby/index.php/Market/WdatePicker.css
ERR: 非法操作:WdatePicker.css

[ 2017-06-13T15:24:07+08:00 ] ::1 /yjc/lby/Public/Admin/static/userlist/j/yjc/lby/Public/Admin/static/userlist/query_006.js
ERR: 无法加载控制器:Public

[ 2017-06-13T15:24:07+08:00 ] ::1 /yjc/lby/index.php/Market/WdatePicker.css
ERR: 非法操作:WdatePicker.css

[ 2017-06-13T15:24:07+08:00 ] ::1 /yjc/lby/Public/Admin/static/userlist/skin/WdatePicker.css
ERR: 无法加载控制器:Public

[ 2017-06-13T15:25:20+08:00 ] ::1 /yjc/lby/Public/Admin/static/userlist/j/yjc/lby/Public/Admin/static/userlist/query_006.js
ERR: 无法加载控制器:Public

[ 2017-06-13T15:25:20+08:00 ] ::1 /yjc/lby/index.php/Market/WdatePicker.css
ERR: 非法操作:WdatePicker.css

[ 2017-06-13T15:25:20+08:00 ] ::1 /yjc/lby/Public/Admin/static/userlist/j/yjc/lby/Public/Admin/static/userlist/query_006.js
ERR: 无法加载控制器:Public

[ 2017-06-13T15:25:21+08:00 ] ::1 /yjc/lby/Public/Admin/static/userlist/skin/WdatePicker.css
ERR: 无法加载控制器:Public

[ 2017-06-13T15:25:21+08:00 ] ::1 /yjc/lby/index.php/Market/WdatePicker.css
ERR: 非法操作:WdatePicker.css

[ 2017-06-13T15:28:02+08:00 ] ::1 /yjc/lby/Public/Admin/static/userlist/j/yjc/lby/Public/Admin/static/userlist/query_006.js
ERR: 无法加载控制器:Public

[ 2017-06-13T15:28:02+08:00 ] ::1 /yjc/lby/index.php/Market/WdatePicker.css
ERR: 非法操作:WdatePicker.css

[ 2017-06-13T15:28:02+08:00 ] ::1 /yjc/lby/Public/Admin/static/userlist/j/yjc/lby/Public/Admin/static/userlist/query_006.js
ERR: 无法加载控制器:Public

[ 2017-06-13T15:28:02+08:00 ] ::1 /yjc/lby/index.php/Market/WdatePicker.css
ERR: 非法操作:WdatePicker.css

[ 2017-06-13T15:28:02+08:00 ] ::1 /yjc/lby/Public/Admin/static/userlist/skin/WdatePicker.css
ERR: 无法加载控制器:Public

[ 2017-06-13T15:28:18+08:00 ] ::1 /yjc/lby/Public/Admin/static/userlist/j/yjc/lby/Public/Admin/static/userlist/query_006.js
ERR: 无法加载控制器:Public

[ 2017-06-13T15:28:18+08:00 ] ::1 /yjc/lby/index.php/Market/WdatePicker.css
ERR: 非法操作:WdatePicker.css

[ 2017-06-13T15:28:18+08:00 ] ::1 /yjc/lby/Public/Admin/static/userlist/j/yjc/lby/Public/Admin/static/userlist/query_006.js
ERR: 无法加载控制器:Public

[ 2017-06-13T15:28:18+08:00 ] ::1 /yjc/lby/index.php/Market/WdatePicker.css
ERR: 非法操作:WdatePicker.css

[ 2017-06-13T15:28:18+08:00 ] ::1 /yjc/lby/Public/Admin/static/userlist/skin/WdatePicker.css
ERR: 无法加载控制器:Public

[ 2017-06-13T15:30:55+08:00 ] ::1 /yjc/lby/Public/Admin/static/userlist/j/yjc/lby/Public/Admin/static/userlist/query_006.js
ERR: 无法加载控制器:Public

[ 2017-06-13T15:30:55+08:00 ] ::1 /yjc/lby/index.php/Market/WdatePicker.css
ERR: 非法操作:WdatePicker.css

[ 2017-06-13T15:30:55+08:00 ] ::1 /yjc/lby/Public/Admin/static/userlist/j/yjc/lby/Public/Admin/static/userlist/query_006.js
ERR: 无法加载控制器:Public

[ 2017-06-13T15:30:55+08:00 ] ::1 /yjc/lby/index.php/Market/WdatePicker.css
ERR: 非法操作:WdatePicker.css

[ 2017-06-13T15:30:55+08:00 ] ::1 /yjc/lby/Public/Admin/static/userlist/skin/WdatePicker.css
ERR: 无法加载控制器:Public

[ 2017-06-13T15:30:57+08:00 ] ::1 /yjc/lby/index.php/Market/market_fu.html
ERR: 非法操作:market_fu

[ 2017-06-13T15:31:27+08:00 ] ::1 /yjc/lby/index.php/Market/WdatePicker.css
ERR: 非法操作:WdatePicker.css

[ 2017-06-13T15:31:27+08:00 ] ::1 /yjc/lby/Public/Admin/static/userlist/j/yjc/lby/Public/Admin/static/userlist/query_006.js
ERR: 无法加载控制器:Public

[ 2017-06-13T15:31:27+08:00 ] ::1 /yjc/lby/Public/Admin/static/userlist/j/yjc/lby/Public/Admin/static/userlist/query_006.js
ERR: 无法加载控制器:Public

[ 2017-06-13T15:31:27+08:00 ] ::1 /yjc/lby/Public/Admin/static/userlist/skin/WdatePicker.css
ERR: 无法加载控制器:Public

[ 2017-06-13T15:31:27+08:00 ] ::1 /yjc/lby/index.php/Market/WdatePicker.css
ERR: 非法操作:WdatePicker.css

[ 2017-06-13T15:31:44+08:00 ] ::1 /yjc/lby/Public/Admin/static/userlist/j/yjc/lby/Public/Admin/static/userlist/query_006.js
ERR: 无法加载控制器:Public

[ 2017-06-13T15:31:44+08:00 ] ::1 /yjc/lby/index.php/Market/WdatePicker.css
ERR: 非法操作:WdatePicker.css

[ 2017-06-13T15:31:44+08:00 ] ::1 /yjc/lby/Public/Admin/static/userlist/j/yjc/lby/Public/Admin/static/userlist/query_006.js
ERR: 无法加载控制器:Public

[ 2017-06-13T15:31:44+08:00 ] ::1 /yjc/lby/Public/Admin/static/userlist/skin/WdatePicker.css
ERR: 无法加载控制器:Public

[ 2017-06-13T15:31:44+08:00 ] ::1 /yjc/lby/index.php/Market/WdatePicker.css
ERR: 非法操作:WdatePicker.css

[ 2017-06-13T15:34:41+08:00 ] ::1 /yjc/lby/index.php/Admin/Index/index1.html
ERR: 非法操作:index1

[ 2017-06-13T15:48:48+08:00 ] ::1 /yjc/lby/Public/Admin/static/userlist/j/yjc/lby/Public/Admin/static/userlist/query_006.js
ERR: 无法加载控制器:Public

[ 2017-06-13T15:48:48+08:00 ] ::1 /yjc/lby/index.php/Lnstru/WdatePicker.css
ERR: 非法操作:WdatePicker.css

[ 2017-06-13T15:48:48+08:00 ] ::1 /yjc/lby/Public/Admin/static/userlist/j/yjc/lby/Public/Admin/static/userlist/query_006.js
ERR: 无法加载控制器:Public

[ 2017-06-13T15:48:48+08:00 ] ::1 /yjc/lby/Public/Admin/static/userlist/skin/WdatePicker.css
ERR: 无法加载控制器:Public

[ 2017-06-13T15:48:48+08:00 ] ::1 /yjc/lby/index.php/Lnstru/WdatePicker.css
ERR: 非法操作:WdatePicker.css

[ 2017-06-13T15:48:49+08:00 ] ::1 /yjc/lby/index.php/Batch/WdatePicker.css
ERR: 非法操作:WdatePicker.css

[ 2017-06-13T15:48:49+08:00 ] ::1 /yjc/lby/Public/Admin/static/userlist/j/yjc/lby/Public/Admin/static/userlist/query_006.js
ERR: 无法加载控制器:Public

[ 2017-06-13T15:48:49+08:00 ] ::1 /yjc/lby/Public/Admin/static/userlist/j/yjc/lby/Public/Admin/static/userlist/query_006.js
ERR: 无法加载控制器:Public

[ 2017-06-13T15:48:49+08:00 ] ::1 /yjc/lby/Public/Admin/static/userlist/skin/WdatePicker.css
ERR: 无法加载控制器:Public

[ 2017-06-13T15:48:49+08:00 ] ::1 /yjc/lby/index.php/Batch/WdatePicker.css
ERR: 非法操作:WdatePicker.css

[ 2017-06-13T15:48:51+08:00 ] ::1 /yjc/lby/index.php/Batch/WdatePicker.css
ERR: 非法操作:WdatePicker.css

[ 2017-06-13T15:48:51+08:00 ] ::1 /yjc/lby/Public/Admin/static/userlist/j/yjc/lby/Public/Admin/static/userlist/query_006.js
ERR: 无法加载控制器:Public

[ 2017-06-13T15:48:52+08:00 ] ::1 /yjc/lby/Public/Admin/static/userlist/j/yjc/lby/Public/Admin/static/userlist/query_006.js
ERR: 无法加载控制器:Public

[ 2017-06-13T15:48:52+08:00 ] ::1 /yjc/lby/Public/Admin/static/userlist/skin/WdatePicker.css
ERR: 无法加载控制器:Public

[ 2017-06-13T15:48:52+08:00 ] ::1 /yjc/lby/index.php/Batch/WdatePicker.css
ERR: 非法操作:WdatePicker.css

[ 2017-06-13T15:48:52+08:00 ] ::1 /yjc/lby/instructions/list
ERR: 无法加载控制器:Instructions

[ 2017-06-13T15:48:52+08:00 ] ::1 /yjc/lby/instructions/list
ERR: 无法加载控制器:Instructions

[ 2017-06-13T15:48:53+08:00 ] ::1 /yjc/lby/instructions/list
ERR: 无法加载控制器:Instructions

[ 2017-06-13T15:48:53+08:00 ] ::1 /yjc/lby/instructions/list
ERR: 无法加载控制器:Instructions

[ 2017-06-13T15:48:54+08:00 ] ::1 /yjc/lby/instructions/list
ERR: 无法加载控制器:Instructions

[ 2017-06-13T15:48:54+08:00 ] ::1 /yjc/lby/instructions/list
ERR: 无法加载控制器:Instructions

[ 2017-06-13T15:48:55+08:00 ] ::1 /yjc/lby/instructions/list
ERR: 无法加载控制器:Instructions

[ 2017-06-13T16:08:11+08:00 ] ::1 /yjc/lby/index.php/Admin/Index/index1.html
ERR: 非法操作:index1

[ 2017-06-13T16:25:41+08:00 ] ::1 /yjc/lby/index.php/Batch/WdatePicker.css
ERR: 非法操作:WdatePicker.css

[ 2017-06-13T16:25:41+08:00 ] ::1 /yjc/lby/Public/Admin/static/userlist/j/yjc/lby/Public/Admin/static/userlist/query_006.js
ERR: 无法加载控制器:Public

[ 2017-06-13T16:25:42+08:00 ] ::1 /yjc/lby/Public/Admin/static/userlist/j/yjc/lby/Public/Admin/static/userlist/query_006.js
ERR: 无法加载控制器:Public

[ 2017-06-13T16:25:42+08:00 ] ::1 /yjc/lby/Public/Admin/static/userlist/skin/WdatePicker.css
ERR: 无法加载控制器:Public

[ 2017-06-13T16:25:42+08:00 ] ::1 /yjc/lby/index.php/Batch/WdatePicker.css
ERR: 非法操作:WdatePicker.css

[ 2017-06-13T16:25:42+08:00 ] ::1 /yjc/lby/instructions/list
ERR: 无法加载控制器:Instructions

[ 2017-06-13T16:25:43+08:00 ] ::1 /yjc/lby/instructions/list
ERR: 无法加载控制器:Instructions

[ 2017-06-13T16:25:44+08:00 ] ::1 /yjc/lby/instructions/list
ERR: 无法加载控制器:Instructions

[ 2017-06-13T16:26:01+08:00 ] ::1 /yjc/lby/index.php/Lnstru/WdatePicker.css
ERR: 非法操作:WdatePicker.css

[ 2017-06-13T16:26:01+08:00 ] ::1 /yjc/lby/Public/Admin/static/userlist/j/yjc/lby/Public/Admin/static/userlist/query_006.js
ERR: 无法加载控制器:Public

[ 2017-06-13T16:26:02+08:00 ] ::1 /yjc/lby/Public/Admin/static/userlist/j/yjc/lby/Public/Admin/static/userlist/query_006.js
ERR: 无法加载控制器:Public

[ 2017-06-13T16:26:02+08:00 ] ::1 /yjc/lby/index.php/Lnstru/WdatePicker.css
ERR: 非法操作:WdatePicker.css

[ 2017-06-13T16:26:02+08:00 ] ::1 /yjc/lby/Public/Admin/static/userlist/skin/WdatePicker.css
ERR: 无法加载控制器:Public

[ 2017-06-13T16:27:15+08:00 ] ::1 /yjc/lby/Public/Admin/static/userlist/j/yjc/lby/Public/Admin/static/userlist/query_006.js
ERR: 无法加载控制器:Public

[ 2017-06-13T16:27:15+08:00 ] ::1 /yjc/lby/index.php/Lnstru/WdatePicker.css
ERR: 非法操作:WdatePicker.css

[ 2017-06-13T16:27:15+08:00 ] ::1 /yjc/lby/Public/Admin/static/userlist/j/yjc/lby/Public/Admin/static/userlist/query_006.js
ERR: 无法加载控制器:Public

[ 2017-06-13T16:27:15+08:00 ] ::1 /yjc/lby/Public/Admin/static/userlist/skin/WdatePicker.css
ERR: 无法加载控制器:Public

[ 2017-06-13T16:27:15+08:00 ] ::1 /yjc/lby/index.php/Lnstru/WdatePicker.css
ERR: 非法操作:WdatePicker.css

[ 2017-06-13T16:27:28+08:00 ] ::1 /yjc/lby/Public/Admin/static/userlist/j/yjc/lby/Public/Admin/static/userlist/query_006.js
ERR: 无法加载控制器:Public

[ 2017-06-13T16:27:28+08:00 ] ::1 /yjc/lby/index.php/Lnstru/WdatePicker.css
ERR: 非法操作:WdatePicker.css

[ 2017-06-13T16:27:29+08:00 ] ::1 /yjc/lby/Public/Admin/static/userlist/j/yjc/lby/Public/Admin/static/userlist/query_006.js
ERR: 无法加载控制器:Public

[ 2017-06-13T16:27:29+08:00 ] ::1 /yjc/lby/index.php/Lnstru/WdatePicker.css
ERR: 非法操作:WdatePicker.css

[ 2017-06-13T16:27:29+08:00 ] ::1 /yjc/lby/Public/Admin/static/userlist/skin/WdatePicker.css
ERR: 无法加载控制器:Public

[ 2017-06-13T16:27:29+08:00 ] ::1 /yjc/lby/Public/Admin/static/userlist/j/yjc/lby/Public/Admin/static/userlist/query_006.js
ERR: 无法加载控制器:Public

[ 2017-06-13T16:27:29+08:00 ] ::1 /yjc/lby/index.php/Batch/WdatePicker.css
ERR: 非法操作:WdatePicker.css

[ 2017-06-13T16:27:29+08:00 ] ::1 /yjc/lby/Public/Admin/static/userlist/j/yjc/lby/Public/Admin/static/userlist/query_006.js
ERR: 无法加载控制器:Public

[ 2017-06-13T16:27:30+08:00 ] ::1 /yjc/lby/index.php/Batch/WdatePicker.css
ERR: 非法操作:WdatePicker.css

[ 2017-06-13T16:27:30+08:00 ] ::1 /yjc/lby/Public/Admin/static/userlist/skin/WdatePicker.css
ERR: 无法加载控制器:Public

[ 2017-06-13T16:43:45+08:00 ] ::1 /yjc/lby/index.php/Market/WdatePicker.css
ERR: 非法操作:WdatePicker.css

[ 2017-06-13T16:43:45+08:00 ] ::1 /yjc/lby/Public/Admin/static/userlist/j/yjc/lby/Public/Admin/static/userlist/query_006.js
ERR: 无法加载控制器:Public

[ 2017-06-13T16:43:45+08:00 ] ::1 /yjc/lby/Public/Admin/static/userlist/j/yjc/lby/Public/Admin/static/userlist/query_006.js
ERR: 无法加载控制器:Public

[ 2017-06-13T16:43:45+08:00 ] ::1 /yjc/lby/Public/Admin/static/userlist/skin/WdatePicker.css
ERR: 无法加载控制器:Public

[ 2017-06-13T16:43:45+08:00 ] ::1 /yjc/lby/index.php/Market/WdatePicker.css
ERR: 非法操作:WdatePicker.css

[ 2017-06-13T16:44:05+08:00 ] ::1 /yjc/lby/Public/Admin/static/userlist/j/yjc/lby/Public/Admin/static/userlist/query_006.js
ERR: 无法加载控制器:Public

[ 2017-06-13T16:44:05+08:00 ] ::1 /yjc/lby/index.php/Lnstru/WdatePicker.css
ERR: 非法操作:WdatePicker.css

[ 2017-06-13T16:44:06+08:00 ] ::1 /yjc/lby/Public/Admin/static/userlist/j/yjc/lby/Public/Admin/static/userlist/query_006.js
ERR: 无法加载控制器:Public

[ 2017-06-13T16:44:06+08:00 ] ::1 /yjc/lby/Public/Admin/static/userlist/skin/WdatePicker.css
ERR: 无法加载控制器:Public

[ 2017-06-13T16:44:06+08:00 ] ::1 /yjc/lby/index.php/Lnstru/WdatePicker.css
ERR: 非法操作:WdatePicker.css

[ 2017-06-13T16:46:56+08:00 ] ::1 /yjc/lby/instructions/list
ERR: 无法加载控制器:Instructions

[ 2017-06-13T16:46:57+08:00 ] ::1 /yjc/lby/instructions/list
ERR: 无法加载控制器:Instructions

[ 2017-06-13T16:46:59+08:00 ] ::1 /yjc/lby/instructions/list
ERR: 无法加载控制器:Instructions

[ 2017-06-13T16:47:00+08:00 ] ::1 /yjc/lby/instructions/list
ERR: 无法加载控制器:Instructions

[ 2017-06-13T16:47:01+08:00 ] ::1 /yjc/lby/Public/Admin/static/userlist/j/yjc/lby/Public/Admin/static/userlist/query_006.js
ERR: 无法加载控制器:Public

[ 2017-06-13T16:47:01+08:00 ] ::1 /yjc/lby/index.php/Batch/WdatePicker.css
ERR: 非法操作:WdatePicker.css

[ 2017-06-13T16:47:01+08:00 ] ::1 /yjc/lby/Public/Admin/static/userlist/j/yjc/lby/Public/Admin/static/userlist/query_006.js
ERR: 无法加载控制器:Public

[ 2017-06-13T16:47:01+08:00 ] ::1 /yjc/lby/index.php/Batch/WdatePicker.css
ERR: 非法操作:WdatePicker.css

[ 2017-06-13T16:47:01+08:00 ] ::1 /yjc/lby/Public/Admin/static/userlist/skin/WdatePicker.css
ERR: 无法加载控制器:Public

[ 2017-06-13T16:47:03+08:00 ] ::1 /yjc/lby/Public/Admin/static/userlist/j/yjc/lby/Public/Admin/static/userlist/query_006.js
ERR: 无法加载控制器:Public

[ 2017-06-13T16:47:03+08:00 ] ::1 /yjc/lby/index.php/Lnstru/WdatePicker.css
ERR: 非法操作:WdatePicker.css

[ 2017-06-13T16:47:03+08:00 ] ::1 /yjc/lby/Public/Admin/static/userlist/j/yjc/lby/Public/Admin/static/userlist/query_006.js
ERR: 无法加载控制器:Public

[ 2017-06-13T16:47:03+08:00 ] ::1 /yjc/lby/index.php/Lnstru/WdatePicker.css
ERR: 非法操作:WdatePicker.css

[ 2017-06-13T16:47:03+08:00 ] ::1 /yjc/lby/Public/Admin/static/userlist/skin/WdatePicker.css
ERR: 无法加载控制器:Public

[ 2017-06-13T16:47:05+08:00 ] ::1 /yjc/lby/index.php/Batch/WdatePicker.css
ERR: 非法操作:WdatePicker.css

[ 2017-06-13T16:47:05+08:00 ] ::1 /yjc/lby/Public/Admin/static/userlist/j/yjc/lby/Public/Admin/static/userlist/query_006.js
ERR: 无法加载控制器:Public

[ 2017-06-13T16:47:05+08:00 ] ::1 /yjc/lby/Public/Admin/static/userlist/j/yjc/lby/Public/Admin/static/userlist/query_006.js
ERR: 无法加载控制器:Public

[ 2017-06-13T16:47:05+08:00 ] ::1 /yjc/lby/index.php/Batch/WdatePicker.css
ERR: 非法操作:WdatePicker.css

[ 2017-06-13T16:47:05+08:00 ] ::1 /yjc/lby/Public/Admin/static/userlist/skin/WdatePicker.css
ERR: 无法加载控制器:Public

[ 2017-06-13T16:47:13+08:00 ] ::1 /yjc/lby/index.php/Batch/WdatePicker.css
ERR: 非法操作:WdatePicker.css

[ 2017-06-13T16:47:13+08:00 ] ::1 /yjc/lby/Public/Admin/static/userlist/j/yjc/lby/Public/Admin/static/userlist/query_006.js
ERR: 无法加载控制器:Public

[ 2017-06-13T16:47:13+08:00 ] ::1 /yjc/lby/Public/Admin/static/userlist/j/yjc/lby/Public/Admin/static/userlist/query_006.js
ERR: 无法加载控制器:Public

[ 2017-06-13T16:47:13+08:00 ] ::1 /yjc/lby/index.php/Batch/WdatePicker.css
ERR: 非法操作:WdatePicker.css

[ 2017-06-13T16:47:13+08:00 ] ::1 /yjc/lby/Public/Admin/static/userlist/skin/WdatePicker.css
ERR: 无法加载控制器:Public

[ 2017-06-13T16:47:16+08:00 ] ::1 /yjc/lby/index.php/Lnstru/WdatePicker.css
ERR: 非法操作:WdatePicker.css

[ 2017-06-13T16:47:16+08:00 ] ::1 /yjc/lby/Public/Admin/static/userlist/j/yjc/lby/Public/Admin/static/userlist/query_006.js
ERR: 无法加载控制器:Public

[ 2017-06-13T16:47:16+08:00 ] ::1 /yjc/lby/Public/Admin/static/userlist/j/yjc/lby/Public/Admin/static/userlist/query_006.js
ERR: 无法加载控制器:Public

[ 2017-06-13T16:47:16+08:00 ] ::1 /yjc/lby/index.php/Lnstru/WdatePicker.css
ERR: 非法操作:WdatePicker.css

[ 2017-06-13T16:47:16+08:00 ] ::1 /yjc/lby/Public/Admin/static/userlist/skin/WdatePicker.css
ERR: 无法加载控制器:Public

[ 2017-06-13T16:47:26+08:00 ] ::1 /yjc/lby/Public/Admin/static/userlist/j/yjc/lby/Public/Admin/static/userlist/query_006.js
ERR: 无法加载控制器:Public

[ 2017-06-13T16:47:26+08:00 ] ::1 /yjc/lby/index.php/Batch/WdatePicker.css
ERR: 非法操作:WdatePicker.css

[ 2017-06-13T16:47:26+08:00 ] ::1 /yjc/lby/Public/Admin/static/userlist/j/yjc/lby/Public/Admin/static/userlist/query_006.js
ERR: 无法加载控制器:Public

[ 2017-06-13T16:47:26+08:00 ] ::1 /yjc/lby/index.php/Batch/WdatePicker.css
ERR: 非法操作:WdatePicker.css

[ 2017-06-13T16:47:26+08:00 ] ::1 /yjc/lby/Public/Admin/static/userlist/skin/WdatePicker.css
ERR: 无法加载控制器:Public

[ 2017-06-13T16:47:27+08:00 ] ::1 /yjc/lby/index.php/Lnstru/WdatePicker.css
ERR: 非法操作:WdatePicker.css

[ 2017-06-13T16:47:27+08:00 ] ::1 /yjc/lby/Public/Admin/static/userlist/j/yjc/lby/Public/Admin/static/userlist/query_006.js
ERR: 无法加载控制器:Public

[ 2017-06-13T16:47:27+08:00 ] ::1 /yjc/lby/Public/Admin/static/userlist/j/yjc/lby/Public/Admin/static/userlist/query_006.js
ERR: 无法加载控制器:Public

[ 2017-06-13T16:47:27+08:00 ] ::1 /yjc/lby/index.php/Lnstru/WdatePicker.css
ERR: 非法操作:WdatePicker.css

[ 2017-06-13T16:47:27+08:00 ] ::1 /yjc/lby/Public/Admin/static/userlist/skin/WdatePicker.css
ERR: 无法加载控制器:Public

[ 2017-06-13T16:47:38+08:00 ] ::1 /yjc/lby/Public/Admin/static/userlist/j/yjc/lby/Public/Admin/static/userlist/query_006.js
ERR: 无法加载控制器:Public

[ 2017-06-13T16:47:38+08:00 ] ::1 /yjc/lby/index.php/Lnstru/WdatePicker.css
ERR: 非法操作:WdatePicker.css

[ 2017-06-13T16:47:38+08:00 ] ::1 /yjc/lby/Public/Admin/static/userlist/j/yjc/lby/Public/Admin/static/userlist/query_006.js
ERR: 无法加载控制器:Public

[ 2017-06-13T16:47:39+08:00 ] ::1 /yjc/lby/Public/Admin/static/userlist/skin/WdatePicker.css
ERR: 无法加载控制器:Public

[ 2017-06-13T16:47:39+08:00 ] ::1 /yjc/lby/index.php/Lnstru/WdatePicker.css
ERR: 非法操作:WdatePicker.css

[ 2017-06-13T16:48:01+08:00 ] ::1 /yjc/lby/index.php/Lnstru/WdatePicker.css
ERR: 非法操作:WdatePicker.css

[ 2017-06-13T16:48:01+08:00 ] ::1 /yjc/lby/Public/Admin/static/userlist/j/yjc/lby/Public/Admin/static/userlist/query_006.js
ERR: 无法加载控制器:Public

[ 2017-06-13T16:48:01+08:00 ] ::1 /yjc/lby/Public/Admin/static/userlist/j/yjc/lby/Public/Admin/static/userlist/query_006.js
ERR: 无法加载控制器:Public

[ 2017-06-13T16:48:01+08:00 ] ::1 /yjc/lby/index.php/Lnstru/WdatePicker.css
ERR: 非法操作:WdatePicker.css

[ 2017-06-13T16:48:01+08:00 ] ::1 /yjc/lby/Public/Admin/static/userlist/skin/WdatePicker.css
ERR: 无法加载控制器:Public

[ 2017-06-13T16:48:01+08:00 ] ::1 /yjc/lby/Public/Admin/static/userlist/j/yjc/lby/Public/Admin/static/userlist/query_006.js
ERR: 无法加载控制器:Public

[ 2017-06-13T16:48:01+08:00 ] ::1 /yjc/lby/index.php/Batch/WdatePicker.css
ERR: 非法操作:WdatePicker.css

[ 2017-06-13T16:48:02+08:00 ] ::1 /yjc/lby/Public/Admin/static/userlist/j/yjc/lby/Public/Admin/static/userlist/query_006.js
ERR: 无法加载控制器:Public

[ 2017-06-13T16:48:02+08:00 ] ::1 /yjc/lby/index.php/Batch/WdatePicker.css
ERR: 非法操作:WdatePicker.css

[ 2017-06-13T16:48:02+08:00 ] ::1 /yjc/lby/Public/Admin/static/userlist/skin/WdatePicker.css
ERR: 无法加载控制器:Public

[ 2017-06-13T16:48:03+08:00 ] ::1 /yjc/lby/instructions/list
ERR: 无法加载控制器:Instructions

[ 2017-06-13T16:48:04+08:00 ] ::1 /yjc/lby/instructions/list
ERR: 无法加载控制器:Instructions

[ 2017-06-13T16:48:04+08:00 ] ::1 /yjc/lby/instructions/list
ERR: 无法加载控制器:Instructions

[ 2017-06-13T16:48:06+08:00 ] ::1 /yjc/lby/index.php/Batch/WdatePicker.css
ERR: 非法操作:WdatePicker.css

[ 2017-06-13T16:48:06+08:00 ] ::1 /yjc/lby/Public/Admin/static/userlist/j/yjc/lby/Public/Admin/static/userlist/query_006.js
ERR: 无法加载控制器:Public

[ 2017-06-13T16:48:06+08:00 ] ::1 /yjc/lby/Public/Admin/static/userlist/j/yjc/lby/Public/Admin/static/userlist/query_006.js
ERR: 无法加载控制器:Public

[ 2017-06-13T16:48:06+08:00 ] ::1 /yjc/lby/index.php/Batch/WdatePicker.css
ERR: 非法操作:WdatePicker.css

[ 2017-06-13T16:48:06+08:00 ] ::1 /yjc/lby/Public/Admin/static/userlist/skin/WdatePicker.css
ERR: 无法加载控制器:Public

[ 2017-06-13T17:00:45+08:00 ] ::1 /yjc/lby/index.php/Admin/Index/index1.html
ERR: 非法操作:index1

[ 2017-06-13T17:00:52+08:00 ] ::1 /yjc/lby/question/list.do
ERR: 无法加载控制器:Question

[ 2017-06-13T17:00:54+08:00 ] ::1 /yjc/lby/warranty_card/list.do
ERR: 无法加载控制器:Warranty_card

[ 2017-06-13T17:25:14+08:00 ] ::1 /yjc/lby/Public/Admin/static/userlist/j/yjc/lby/Public/Admin/static/userlist/query_006.js
ERR: 无法加载控制器:Public

[ 2017-06-13T17:25:14+08:00 ] ::1 /yjc/lby/index.php/Lnstru/WdatePicker.css
ERR: 非法操作:WdatePicker.css

[ 2017-06-13T17:25:15+08:00 ] ::1 /yjc/lby/Public/Admin/static/userlist/j/yjc/lby/Public/Admin/static/userlist/query_006.js
ERR: 无法加载控制器:Public

[ 2017-06-13T17:25:15+08:00 ] ::1 /yjc/lby/index.php/Lnstru/WdatePicker.css
ERR: 非法操作:WdatePicker.css

[ 2017-06-13T17:25:15+08:00 ] ::1 /yjc/lby/Public/Admin/static/userlist/skin/WdatePicker.css
ERR: 无法加载控制器:Public

[ 2017-06-13T17:25:16+08:00 ] ::1 /yjc/lby/index.php/Batch/WdatePicker.css
ERR: 非法操作:WdatePicker.css

[ 2017-06-13T17:25:16+08:00 ] ::1 /yjc/lby/Public/Admin/static/userlist/j/yjc/lby/Public/Admin/static/userlist/query_006.js
ERR: 无法加载控制器:Public

[ 2017-06-13T17:25:16+08:00 ] ::1 /yjc/lby/Public/Admin/static/userlist/j/yjc/lby/Public/Admin/static/userlist/query_006.js
ERR: 无法加载控制器:Public

[ 2017-06-13T17:25:16+08:00 ] ::1 /yjc/lby/index.php/Batch/WdatePicker.css
ERR: 非法操作:WdatePicker.css

[ 2017-06-13T17:25:16+08:00 ] ::1 /yjc/lby/Public/Admin/static/userlist/skin/WdatePicker.css
ERR: 无法加载控制器:Public

[ 2017-06-13T17:25:28+08:00 ] ::1 /yjc/lby/Public/Admin/static/userlist/j/yjc/lby/Public/Admin/static/userlist/query_006.js
ERR: 无法加载控制器:Public

[ 2017-06-13T17:25:28+08:00 ] ::1 /yjc/lby/index.php/Batch/WdatePicker.css
ERR: 非法操作:WdatePicker.css

[ 2017-06-13T17:25:28+08:00 ] ::1 /yjc/lby/Public/Admin/static/userlist/j/yjc/lby/Public/Admin/static/userlist/query_006.js
ERR: 无法加载控制器:Public

[ 2017-06-13T17:25:28+08:00 ] ::1 /yjc/lby/index.php/Batch/WdatePicker.css
ERR: 非法操作:WdatePicker.css

[ 2017-06-13T17:25:28+08:00 ] ::1 /yjc/lby/Public/Admin/static/userlist/skin/WdatePicker.css
ERR: 无法加载控制器:Public

[ 2017-06-13T17:25:29+08:00 ] ::1 /yjc/lby/instructions/list
ERR: 无法加载控制器:Instructions

[ 2017-06-13T17:25:30+08:00 ] ::1 /yjc/lby/instructions/list
ERR: 无法加载控制器:Instructions

[ 2017-06-13T17:25:31+08:00 ] ::1 /yjc/lby/instructions/list
ERR: 无法加载控制器:Instructions

[ 2017-06-13T17:26:31+08:00 ] ::1 /yjc/lby/index.php/Lnstru/WdatePicker.css
ERR: 非法操作:WdatePicker.css

[ 2017-06-13T17:26:31+08:00 ] ::1 /yjc/lby/Public/Admin/static/userlist/j/yjc/lby/Public/Admin/static/userlist/query_006.js
ERR: 无法加载控制器:Public

[ 2017-06-13T17:26:31+08:00 ] ::1 /yjc/lby/Public/Admin/static/userlist/j/yjc/lby/Public/Admin/static/userlist/query_006.js
ERR: 无法加载控制器:Public

[ 2017-06-13T17:26:31+08:00 ] ::1 /yjc/lby/Public/Admin/static/userlist/skin/WdatePicker.css
ERR: 无法加载控制器:Public

[ 2017-06-13T17:26:31+08:00 ] ::1 /yjc/lby/index.php/Lnstru/WdatePicker.css
ERR: 非法操作:WdatePicker.css

[ 2017-06-13T17:38:03+08:00 ] ::1 /yjc/lby/Public/Admin/static/userlist/j/yjc/lby/Public/Admin/static/userlist/query_006.js
ERR: 无法加载控制器:Public

[ 2017-06-13T17:38:03+08:00 ] ::1 /yjc/lby/index.php/Lnstru/WdatePicker.css
ERR: 非法操作:WdatePicker.css

[ 2017-06-13T17:38:03+08:00 ] ::1 /yjc/lby/Public/Admin/static/userlist/j/yjc/lby/Public/Admin/static/userlist/query_006.js
ERR: 无法加载控制器:Public

[ 2017-06-13T17:38:03+08:00 ] ::1 /yjc/lby/index.php/Lnstru/WdatePicker.css
ERR: 非法操作:WdatePicker.css

[ 2017-06-13T17:38:03+08:00 ] ::1 /yjc/lby/Public/Admin/static/userlist/skin/WdatePicker.css
ERR: 无法加载控制器:Public

[ 2017-06-13T17:38:05+08:00 ] ::1 /yjc/lby/index.php/Batch/WdatePicker.css
ERR: 非法操作:WdatePicker.css

[ 2017-06-13T17:38:05+08:00 ] ::1 /yjc/lby/Public/Admin/static/userlist/j/yjc/lby/Public/Admin/static/userlist/query_006.js
ERR: 无法加载控制器:Public

[ 2017-06-13T17:38:05+08:00 ] ::1 /yjc/lby/Public/Admin/static/userlist/j/yjc/lby/Public/Admin/static/userlist/query_006.js
ERR: 无法加载控制器:Public

[ 2017-06-13T17:38:05+08:00 ] ::1 /yjc/lby/index.php/Batch/WdatePicker.css
ERR: 非法操作:WdatePicker.css

[ 2017-06-13T17:38:05+08:00 ] ::1 /yjc/lby/Public/Admin/static/userlist/skin/WdatePicker.css
ERR: 无法加载控制器:Public

[ 2017-06-13T17:38:14+08:00 ] ::1 /yjc/lby/Public/Admin/static/userlist/j/yjc/lby/Public/Admin/static/userlist/query_006.js
ERR: 无法加载控制器:Public

[ 2017-06-13T17:38:14+08:00 ] ::1 /yjc/lby/index.php/Lnstru/WdatePicker.css
ERR: 非法操作:WdatePicker.css

[ 2017-06-13T17:38:14+08:00 ] ::1 /yjc/lby/Public/Admin/static/userlist/j/yjc/lby/Public/Admin/static/userlist/query_006.js
ERR: 无法加载控制器:Public

[ 2017-06-13T17:38:14+08:00 ] ::1 /yjc/lby/index.php/Lnstru/WdatePicker.css
ERR: 非法操作:WdatePicker.css

[ 2017-06-13T17:38:14+08:00 ] ::1 /yjc/lby/Public/Admin/static/userlist/skin/WdatePicker.css
ERR: 无法加载控制器:Public

[ 2017-06-13T17:38:16+08:00 ] ::1 /yjc/lby/index.php/Batch/WdatePicker.css
ERR: 非法操作:WdatePicker.css

[ 2017-06-13T17:38:16+08:00 ] ::1 /yjc/lby/Public/Admin/static/userlist/j/yjc/lby/Public/Admin/static/userlist/query_006.js
ERR: 无法加载控制器:Public

[ 2017-06-13T17:38:16+08:00 ] ::1 /yjc/lby/Public/Admin/static/userlist/j/yjc/lby/Public/Admin/static/userlist/query_006.js
ERR: 无法加载控制器:Public

[ 2017-06-13T17:38:16+08:00 ] ::1 /yjc/lby/index.php/Batch/WdatePicker.css
ERR: 非法操作:WdatePicker.css

[ 2017-06-13T17:38:16+08:00 ] ::1 /yjc/lby/Public/Admin/static/userlist/skin/WdatePicker.css
ERR: 无法加载控制器:Public

[ 2017-06-13T17:38:18+08:00 ] ::1 /yjc/lby/instructions/list
ERR: 无法加载控制器:Instructions

[ 2017-06-13T18:14:02+08:00 ] ::1 /yjc/lby/index.php/Admin/Index/index1.html
ERR: 非法操作:index1

[ 2017-06-13T19:01:20+08:00 ] ::1 /yjc/lby/Public/Admin/static/userlist/j/yjc/lby/Public/Admin/static/userlist/query_006.js
ERR: 无法加载控制器:Public

[ 2017-06-13T19:01:20+08:00 ] ::1 /yjc/lby/index.php/Lnstru/WdatePicker.css
ERR: 非法操作:WdatePicker.css

[ 2017-06-13T19:01:20+08:00 ] ::1 /yjc/lby/Public/Admin/static/userlist/j/yjc/lby/Public/Admin/static/userlist/query_006.js
ERR: 无法加载控制器:Public

[ 2017-06-13T19:01:20+08:00 ] ::1 /yjc/lby/Public/Admin/static/userlist/skin/WdatePicker.css
ERR: 无法加载控制器:Public

[ 2017-06-13T19:01:20+08:00 ] ::1 /yjc/lby/index.php/Lnstru/WdatePicker.css
ERR: 非法操作:WdatePicker.css

[ 2017-06-13T19:01:21+08:00 ] ::1 /yjc/lby/Public/Admin/static/userlist/j/yjc/lby/Public/Admin/static/userlist/query_006.js
ERR: 无法加载控制器:Public

[ 2017-06-13T19:01:21+08:00 ] ::1 /yjc/lby/index.php/Batch/WdatePicker.css
ERR: 非法操作:WdatePicker.css

[ 2017-06-13T19:01:21+08:00 ] ::1 /yjc/lby/Public/Admin/static/userlist/j/yjc/lby/Public/Admin/static/userlist/query_006.js
ERR: 无法加载控制器:Public

[ 2017-06-13T19:01:21+08:00 ] ::1 /yjc/lby/Public/Admin/static/userlist/skin/WdatePicker.css
ERR: 无法加载控制器:Public

[ 2017-06-13T19:01:21+08:00 ] ::1 /yjc/lby/index.php/Batch/WdatePicker.css
ERR: 非法操作:WdatePicker.css

[ 2017-06-13T19:01:23+08:00 ] ::1 /yjc/lby/index.php/Batch/WdatePicker.css
ERR: 非法操作:WdatePicker.css

[ 2017-06-13T19:01:24+08:00 ] ::1 /yjc/lby/Public/Admin/static/userlist/j/yjc/lby/Public/Admin/static/userlist/query_006.js
ERR: 无法加载控制器:Public

[ 2017-06-13T19:01:24+08:00 ] ::1 /yjc/lby/Public/Admin/static/userlist/j/yjc/lby/Public/Admin/static/userlist/query_006.js
ERR: 无法加载控制器:Public

[ 2017-06-13T19:01:24+08:00 ] ::1 /yjc/lby/Public/Admin/static/userlist/skin/WdatePicker.css
ERR: 无法加载控制器:Public

[ 2017-06-13T19:01:24+08:00 ] ::1 /yjc/lby/index.php/Batch/WdatePicker.css
ERR: 非法操作:WdatePicker.css

[ 2017-06-13T19:01:30+08:00 ] ::1 /yjc/lby/index.php/Batch/WdatePicker.css
ERR: 非法操作:WdatePicker.css

[ 2017-06-13T19:01:30+08:00 ] ::1 /yjc/lby/Public/Admin/static/userlist/j/yjc/lby/Public/Admin/static/userlist/query_006.js
ERR: 无法加载控制器:Public

[ 2017-06-13T19:01:31+08:00 ] ::1 /yjc/lby/Public/Admin/static/userlist/j/yjc/lby/Public/Admin/static/userlist/query_006.js
ERR: 无法加载控制器:Public

[ 2017-06-13T19:01:31+08:00 ] ::1 /yjc/lby/Public/Admin/static/userlist/skin/WdatePicker.css
ERR: 无法加载控制器:Public

[ 2017-06-13T19:01:31+08:00 ] ::1 /yjc/lby/index.php/Batch/WdatePicker.css
ERR: 非法操作:WdatePicker.css

[ 2017-06-13T19:01:32+08:00 ] ::1 /yjc/lby/instructions/list
ERR: 无法加载控制器:Instructions

[ 2017-06-13T19:01:33+08:00 ] ::1 /yjc/lby/instructions/list
ERR: 无法加载控制器:Instructions

[ 2017-06-13T19:01:36+08:00 ] ::1 /yjc/lby/instructions/list
ERR: 无法加载控制器:Instructions

[ 2017-06-13T19:02:01+08:00 ] ::1 /yjc/lby/question/list.do
ERR: 无法加载控制器:Question

[ 2017-06-13T19:02:18+08:00 ] ::1 /yjc/lby/question/list.do
ERR: 无法加载控制器:Question

[ 2017-06-13T19:06:52+08:00 ] ::1 /yjc/lby/Public/Admin/static/userlist/j/yjc/lby/Public/Admin/static/userlist/query_006.js
ERR: 无法加载控制器:Public

[ 2017-06-13T19:06:52+08:00 ] ::1 /yjc/lby/index.php/Lnstru/WdatePicker.css
ERR: 非法操作:WdatePicker.css

[ 2017-06-13T19:06:52+08:00 ] ::1 /yjc/lby/Public/Admin/static/userlist/j/yjc/lby/Public/Admin/static/userlist/query_006.js
ERR: 无法加载控制器:Public

[ 2017-06-13T19:06:52+08:00 ] ::1 /yjc/lby/index.php/Lnstru/WdatePicker.css
ERR: 非法操作:WdatePicker.css

[ 2017-06-13T19:06:52+08:00 ] ::1 /yjc/lby/Public/Admin/static/userlist/skin/WdatePicker.css
ERR: 无法加载控制器:Public

[ 2017-06-13T19:06:57+08:00 ] ::1 /yjc/lby/Public/Admin/static/userlist/j/yjc/lby/Public/Admin/static/userlist/query_006.js
ERR: 无法加载控制器:Public

[ 2017-06-13T19:06:57+08:00 ] ::1 /yjc/lby/index.php/Batch/WdatePicker.css
ERR: 非法操作:WdatePicker.css

[ 2017-06-13T19:06:57+08:00 ] ::1 /yjc/lby/Public/Admin/static/userlist/j/yjc/lby/Public/Admin/static/userlist/query_006.js
ERR: 无法加载控制器:Public

[ 2017-06-13T19:06:57+08:00 ] ::1 /yjc/lby/index.php/Batch/WdatePicker.css
ERR: 非法操作:WdatePicker.css

[ 2017-06-13T19:06:57+08:00 ] ::1 /yjc/lby/Public/Admin/static/userlist/skin/WdatePicker.css
ERR: 无法加载控制器:Public

[ 2017-06-13T19:07:50+08:00 ] ::1 /yjc/lby/Public/Admin/static/userlist/j/yjc/lby/Public/Admin/static/userlist/query_006.js
ERR: 无法加载控制器:Public

[ 2017-06-13T19:07:50+08:00 ] ::1 /yjc/lby/index.php/Batch/WdatePicker.css
ERR: 非法操作:WdatePicker.css

[ 2017-06-13T19:07:50+08:00 ] ::1 /yjc/lby/Public/Admin/static/userlist/j/yjc/lby/Public/Admin/static/userlist/query_006.js
ERR: 无法加载控制器:Public

[ 2017-06-13T19:07:50+08:00 ] ::1 /yjc/lby/Public/Admin/static/userlist/skin/WdatePicker.css
ERR: 无法加载控制器:Public

[ 2017-06-13T19:07:50+08:00 ] ::1 /yjc/lby/index.php/Batch/WdatePicker.css
ERR: 非法操作:WdatePicker.css

