[ 2017-08-10T09:31:14+08:00 ] 127.0.0.1 /lenovo3c_new/lbyun/index.php/Admin/Tonglu/test.html?uid=NaN
INFO: [ app_begin ] --START--
INFO: Run Behavior\ReadHtmlCacheBehavior [ RunTime:0.000000s ]
INFO: [ app_begin ] --END-- [ RunTime:0.001000s ]
SQL: SHOW COLUMNS FROM `sys_route` [ RunTime:0.0110s ]
SQL: SHOW COLUMNS FROM `auth_group_access` [ RunTime:0.0130s ]
SQL: SELECT `uid`,`group_id`,`title`,`rules` FROM auth_group_access a INNER JOIN auth_group g on a.group_id=g.id  WHERE ( a.uid='NaN' and g.status='1' )  [ RunTime:0.0020s ]
INFO: [ app_end ] --START--
INFO: Run Behavior\ShowPageTraceBehavior [ RunTime:0.001000s ]
INFO: [ app_end ] --END-- [ RunTime:0.001000s ]

[ 2017-08-10T10:04:57+08:00 ] 127.0.0.1 /lenovo3c_new/lbyun/index.php/Login/undefined?1502330696971
ERR: 非法操作:undefined

[ 2017-08-10T10:14:46+08:00 ] 127.0.0.1 /lenovo3c_new/lbyun/index.php/Admin/Tonglu/test.html?uid=4
INFO: [ app_begin ] --START--
INFO: Run Behavior\ReadHtmlCacheBehavior [ RunTime:0.000000s ]
INFO: [ app_begin ] --END-- [ RunTime:0.001000s ]
SQL: SHOW COLUMNS FROM `sys_route` [ RunTime:0.0100s ]
SQL: SHOW COLUMNS FROM `auth_group_access` [ RunTime:0.0080s ]
SQL: SELECT `uid`,`group_id`,`title`,`rules` FROM auth_group_access a INNER JOIN auth_group g on a.group_id=g.id  WHERE ( a.uid='4' and g.status='1' )  [ RunTime:0.0000s ]
INFO: [ app_end ] --START--
INFO: Run Behavior\ShowPageTraceBehavior [ RunTime:0.002000s ]
INFO: [ app_end ] --END-- [ RunTime:0.002000s ]

[ 2017-08-10T10:14:55+08:00 ] 127.0.0.1 /lenovo3c_new/lbyun/index.php/Login/undefined?1502331295764
ERR: 非法操作:undefined

[ 2017-08-10T10:15:01+08:00 ] 127.0.0.1 /lenovo3c_new/lbyun/index.php/Admin/Tonglu/test.html?uid=4
INFO: [ app_begin ] --START--
INFO: Run Behavior\ReadHtmlCacheBehavior [ RunTime:0.001000s ]
INFO: [ app_begin ] --END-- [ RunTime:0.002000s ]
SQL: SHOW COLUMNS FROM `sys_route` [ RunTime:0.0080s ]
SQL: SHOW COLUMNS FROM `auth_group_access` [ RunTime:0.0080s ]
SQL: SELECT `uid`,`group_id`,`title`,`rules` FROM auth_group_access a INNER JOIN auth_group g on a.group_id=g.id  WHERE ( a.uid='4' and g.status='1' )  [ RunTime:0.0010s ]
INFO: [ app_end ] --START--
INFO: Run Behavior\ShowPageTraceBehavior [ RunTime:0.001000s ]
INFO: [ app_end ] --END-- [ RunTime:0.001000s ]

[ 2017-08-10T10:18:07+08:00 ] 127.0.0.1 /lenovo3c_new/lbyun/index.php/Login/undefined?1502331487221
ERR: 非法操作:undefined

[ 2017-08-10T10:18:10+08:00 ] 127.0.0.1 /lenovo3c_new/lbyun/index.php/lenovo3c_new/lbyun/index.php/Index/main.html.html
ERR: 无法加载控制器:Lenovo3c_new

[ 2017-08-10T10:18:31+08:00 ] 127.0.0.1 /lenovo3c_new/lbyun/index.php/lenovo3c_new/lbyun/index.php/Index/main.html.html
ERR: 无法加载控制器:Lenovo3c_new

[ 2017-08-10T10:18:32+08:00 ] 127.0.0.1 /lenovo3c_new/lbyun/index.php/Login/undefined?1502331512868
ERR: 非法操作:undefined

[ 2017-08-10T10:18:34+08:00 ] 127.0.0.1 /lenovo3c_new/lbyun/index.php/lenovo3c_new/lbyun/index.php/Admin/Index/main.html.html
ERR: 无法加载控制器:Lenovo3c_new

[ 2017-08-10T10:20:19+08:00 ] 127.0.0.1 /lenovo3c_new/lbyun/index.php/Login/undefined?1502331619166
ERR: 非法操作:undefined

[ 2017-08-10T10:20:22+08:00 ] 127.0.0.1 /lenovo3c_new/lbyun/index.php/Admin/Tonglu/test.html?uid=4
INFO: [ app_begin ] --START--
INFO: Run Behavior\ReadHtmlCacheBehavior [ RunTime:0.001000s ]
INFO: [ app_begin ] --END-- [ RunTime:0.001000s ]
SQL: SHOW COLUMNS FROM `sys_route` [ RunTime:0.0090s ]
SQL: SHOW COLUMNS FROM `auth_group_access` [ RunTime:0.0080s ]
SQL: SELECT `uid`,`group_id`,`title`,`rules` FROM auth_group_access a INNER JOIN auth_group g on a.group_id=g.id  WHERE ( a.uid='4' and g.status='1' )  [ RunTime:0.0010s ]
INFO: [ app_end ] --START--
INFO: Run Behavior\ShowPageTraceBehavior [ RunTime:0.001000s ]
INFO: [ app_end ] --END-- [ RunTime:0.001000s ]

[ 2017-08-10T10:20:29+08:00 ] 127.0.0.1 /lenovo3c_new/lbyun/index.php/Login/undefined?1502331629548
ERR: 非法操作:undefined

[ 2017-08-10T10:20:37+08:00 ] 127.0.0.1 /lenovo3c_new/lbyun/index.php/Login/undefined?1502331637079
ERR: 非法操作:undefined

[ 2017-08-10T10:20:40+08:00 ] 127.0.0.1 /lenovo3c_new/lbyun/index.php/Admin/Tonglu/test.html?uid=4
INFO: [ app_begin ] --START--
INFO: Run Behavior\ReadHtmlCacheBehavior [ RunTime:0.000000s ]
INFO: [ app_begin ] --END-- [ RunTime:0.001000s ]
SQL: SHOW COLUMNS FROM `sys_route` [ RunTime:0.0080s ]
SQL: SHOW COLUMNS FROM `auth_group_access` [ RunTime:0.0080s ]
SQL: SELECT `uid`,`group_id`,`title`,`rules` FROM auth_group_access a INNER JOIN auth_group g on a.group_id=g.id  WHERE ( a.uid='4' and g.status='1' )  [ RunTime:0.0000s ]
INFO: [ app_end ] --START--
INFO: Run Behavior\ShowPageTraceBehavior [ RunTime:0.001001s ]
INFO: [ app_end ] --END-- [ RunTime:0.001001s ]

[ 2017-08-10T10:20:42+08:00 ] 127.0.0.1 /lenovo3c_new/lbyun/index.php/Login/undefined?1502331642042
ERR: 非法操作:undefined

[ 2017-08-10T10:22:35+08:00 ] 127.0.0.1 /lenovo3c_new/lbyun/index.php/Admin/Tonglu/test.html?uid=4
INFO: [ app_begin ] --START--
INFO: Run Behavior\ReadHtmlCacheBehavior [ RunTime:0.001000s ]
INFO: [ app_begin ] --END-- [ RunTime:0.001000s ]
SQL: SHOW COLUMNS FROM `sys_route` [ RunTime:0.0080s ]
SQL: SHOW COLUMNS FROM `auth_group_access` [ RunTime:0.0080s ]
SQL: SELECT `uid`,`group_id`,`title`,`rules` FROM auth_group_access a INNER JOIN auth_group g on a.group_id=g.id  WHERE ( a.uid='4' and g.status='1' )  [ RunTime:0.0000s ]
INFO: [ app_end ] --START--
INFO: Run Behavior\ShowPageTraceBehavior [ RunTime:0.001000s ]
INFO: [ app_end ] --END-- [ RunTime:0.001000s ]

[ 2017-08-10T10:22:37+08:00 ] 127.0.0.1 /lenovo3c_new/lbyun/index.php/Login/undefined?1502331757487
ERR: 非法操作:undefined

[ 2017-08-10T10:30:51+08:00 ] 127.0.0.1 /lenovo3c_new/lbyun/index.php/Admin/Tonglu/test.html?uid=4
INFO: [ app_begin ] --START--
INFO: Run Behavior\ReadHtmlCacheBehavior [ RunTime:0.001000s ]
INFO: [ app_begin ] --END-- [ RunTime:0.002000s ]
SQL: SHOW COLUMNS FROM `sys_route` [ RunTime:0.0130s ]
SQL: SHOW COLUMNS FROM `auth_group_access` [ RunTime:0.0120s ]
SQL: SELECT `uid`,`group_id`,`title`,`rules` FROM auth_group_access a INNER JOIN auth_group g on a.group_id=g.id  WHERE ( a.uid='4' and g.status='1' )  [ RunTime:0.0010s ]
INFO: [ app_end ] --START--
INFO: Run Behavior\ShowPageTraceBehavior [ RunTime:0.001000s ]
INFO: [ app_end ] --END-- [ RunTime:0.001000s ]

[ 2017-08-10T10:30:56+08:00 ] 127.0.0.1 /lenovo3c_new/lbyun/index.php/Login/undefined?1502332256557
ERR: 非法操作:undefined

[ 2017-08-10T10:30:59+08:00 ] 127.0.0.1 /lenovo3c_new/lbyun/index.php/Admin/Tonglu/test.html?uid=4
INFO: [ app_begin ] --START--
INFO: Run Behavior\ReadHtmlCacheBehavior [ RunTime:0.000000s ]
INFO: [ app_begin ] --END-- [ RunTime:0.001000s ]
SQL: SHOW COLUMNS FROM `sys_route` [ RunTime:0.0120s ]
SQL: SHOW COLUMNS FROM `auth_group_access` [ RunTime:0.0130s ]
SQL: SELECT `uid`,`group_id`,`title`,`rules` FROM auth_group_access a INNER JOIN auth_group g on a.group_id=g.id  WHERE ( a.uid='4' and g.status='1' )  [ RunTime:0.0000s ]
INFO: [ app_end ] --START--
INFO: Run Behavior\ShowPageTraceBehavior [ RunTime:0.001000s ]
INFO: [ app_end ] --END-- [ RunTime:0.001000s ]

[ 2017-08-10T10:31:04+08:00 ] 127.0.0.1 /lenovo3c_new/lbyun/index.php/Login/undefined?1502332264253
ERR: 非法操作:undefined

[ 2017-08-10T10:35:02+08:00 ] 127.0.0.1 /lenovo3c_new/lbyun/index.php/Admin/Tonglu/test.html?uid=4
INFO: [ app_begin ] --START--
INFO: Run Behavior\ReadHtmlCacheBehavior [ RunTime:0.001000s ]
INFO: [ app_begin ] --END-- [ RunTime:0.002000s ]
SQL: SHOW COLUMNS FROM `sys_route` [ RunTime:0.0130s ]
SQL: SHOW COLUMNS FROM `auth_group_access` [ RunTime:0.0120s ]
SQL: SELECT `uid`,`group_id`,`title`,`rules` FROM auth_group_access a INNER JOIN auth_group g on a.group_id=g.id  WHERE ( a.uid='4' and g.status='1' )  [ RunTime:0.0000s ]
INFO: [ app_end ] --START--
INFO: Run Behavior\ShowPageTraceBehavior [ RunTime:0.001000s ]
INFO: [ app_end ] --END-- [ RunTime:0.001000s ]

[ 2017-08-10T10:51:55+08:00 ] 127.0.0.1 /lenovo3c_new/lbyun/index.php/Login/undefined?1502333515292
ERR: 非法操作:undefined

[ 2017-08-10T10:52:50+08:00 ] 127.0.0.1 /lenovo3c_new/lbyun/index.php/Admin/Login/checkTimes.html?usermobile=
INFO: [ app_begin ] --START--
INFO: Run Behavior\ReadHtmlCacheBehavior [ RunTime:0.001000s ]
INFO: [ app_begin ] --END-- [ RunTime:0.002000s ]
INFO: [ app_end ] --START--
INFO: Run Behavior\ShowPageTraceBehavior [ RunTime:0.001000s ]
INFO: [ app_end ] --END-- [ RunTime:0.001000s ]

[ 2017-08-10T10:52:50+08:00 ] 127.0.0.1 /lenovo3c_new/lbyun/index.php/Login/checkTimes.html
INFO: [ app_begin ] --START--
INFO: Run Behavior\ReadHtmlCacheBehavior [ RunTime:0.001000s ]
INFO: [ app_begin ] --END-- [ RunTime:0.001000s ]
INFO: [ app_end ] --START--
INFO: Run Behavior\ShowPageTraceBehavior [ RunTime:0.004000s ]
INFO: [ app_end ] --END-- [ RunTime:0.004000s ]

[ 2017-08-10T10:53:21+08:00 ] 127.0.0.1 /lenovo3c_new/lbyun/index.php/Admin/Login/checkTimes.html?usermobile=
INFO: [ app_begin ] --START--
INFO: Run Behavior\ReadHtmlCacheBehavior [ RunTime:0.001000s ]
INFO: [ app_begin ] --END-- [ RunTime:0.002000s ]
INFO: [ app_end ] --START--
INFO: Run Behavior\ShowPageTraceBehavior [ RunTime:0.001000s ]
INFO: [ app_end ] --END-- [ RunTime:0.001000s ]

[ 2017-08-10T10:53:22+08:00 ] 127.0.0.1 /lenovo3c_new/lbyun/index.php/Login/checkTimes.html
INFO: [ app_begin ] --START--
INFO: Run Behavior\ReadHtmlCacheBehavior [ RunTime:0.001000s ]
INFO: [ app_begin ] --END-- [ RunTime:0.002000s ]
INFO: [ app_end ] --START--
INFO: Run Behavior\ShowPageTraceBehavior [ RunTime:0.001000s ]
INFO: [ app_end ] --END-- [ RunTime:0.001000s ]

[ 2017-08-10T10:55:50+08:00 ] 127.0.0.1 /lenovo3c_new/lbyun/index.php/Admin/Login/checkTimes.html?usermobile=
INFO: [ app_begin ] --START--
INFO: Run Behavior\ReadHtmlCacheBehavior [ RunTime:0.000000s ]
INFO: [ app_begin ] --END-- [ RunTime:0.001000s ]
INFO: [ app_end ] --START--
INFO: Run Behavior\ShowPageTraceBehavior [ RunTime:0.001000s ]
INFO: [ app_end ] --END-- [ RunTime:0.001000s ]

[ 2017-08-10T10:55:50+08:00 ] 127.0.0.1 /lenovo3c_new/lbyun/index.php/Login/checkTimes.html
INFO: [ app_begin ] --START--
INFO: Run Behavior\ReadHtmlCacheBehavior [ RunTime:0.001000s ]
INFO: [ app_begin ] --END-- [ RunTime:0.001000s ]
INFO: [ app_end ] --START--
INFO: Run Behavior\ShowPageTraceBehavior [ RunTime:0.001000s ]
INFO: [ app_end ] --END-- [ RunTime:0.001000s ]

[ 2017-08-10T10:57:06+08:00 ] 127.0.0.1 /lenovo3c_new/lbyun/index.php/Login/undefined?1502333826620
ERR: 非法操作:undefined

[ 2017-08-10T10:57:17+08:00 ] 127.0.0.1 /lenovo3c_new/lbyun/index.php/Admin/Login/checkTimes.html?usermobile=18303226686
INFO: [ app_begin ] --START--
INFO: Run Behavior\ReadHtmlCacheBehavior [ RunTime:0.001000s ]
INFO: [ app_begin ] --END-- [ RunTime:0.001000s ]
INFO: [ app_end ] --START--
INFO: Run Behavior\ShowPageTraceBehavior [ RunTime:0.001000s ]
INFO: [ app_end ] --END-- [ RunTime:0.002000s ]

[ 2017-08-10T10:57:17+08:00 ] 127.0.0.1 /lenovo3c_new/lbyun/index.php/Login/checkTimes.html
INFO: [ app_begin ] --START--
INFO: Run Behavior\ReadHtmlCacheBehavior [ RunTime:0.001000s ]
INFO: [ app_begin ] --END-- [ RunTime:0.001000s ]
INFO: [ app_end ] --START--
INFO: Run Behavior\ShowPageTraceBehavior [ RunTime:0.002000s ]
INFO: [ app_end ] --END-- [ RunTime:0.002000s ]

[ 2017-08-10T10:59:13+08:00 ] 127.0.0.1 /lenovo3c_new/lbyun/index.php/Admin/Login/checkTimes.html?usermobile=18303226686
INFO: [ app_begin ] --START--
INFO: Run Behavior\ReadHtmlCacheBehavior [ RunTime:0.002000s ]
INFO: [ app_begin ] --END-- [ RunTime:0.002000s ]
NOTIC: [2] array_push() expects parameter 1 to be array, integer given D:\phpstudy\WWW\lenovo3c_new\lbyun\Application\Admin\Controller\LoginController.class.php 第 139 行.
INFO: [ app_end ] --START--
INFO: Run Behavior\ShowPageTraceBehavior [ RunTime:0.004000s ]
INFO: [ app_end ] --END-- [ RunTime:0.004000s ]

[ 2017-08-10T10:59:13+08:00 ] 127.0.0.1 /lenovo3c_new/lbyun/index.php/Login/checkTimes.html
INFO: [ app_begin ] --START--
INFO: Run Behavior\ReadHtmlCacheBehavior [ RunTime:0.001000s ]
INFO: [ app_begin ] --END-- [ RunTime:0.001000s ]
INFO: [ app_end ] --START--
INFO: Run Behavior\ShowPageTraceBehavior [ RunTime:0.002000s ]
INFO: [ app_end ] --END-- [ RunTime:0.002000s ]

[ 2017-08-10T11:01:57+08:00 ] 127.0.0.1 /lenovo3c_new/lbyun/index.php/Login/undefined?1502334117256
ERR: 非法操作:undefined

[ 2017-08-10T11:02:39+08:00 ] 127.0.0.1 /lenovo3c_new/lbyun/index.php/Admin/Tonglu/test.html?uid=NaN
INFO: [ app_begin ] --START--
INFO: Run Behavior\ReadHtmlCacheBehavior [ RunTime:0.001000s ]
INFO: [ app_begin ] --END-- [ RunTime:0.002000s ]
SQL: SHOW COLUMNS FROM `sys_route` [ RunTime:0.0160s ]
SQL: SHOW COLUMNS FROM `auth_group_access` [ RunTime:0.0140s ]
SQL: SELECT `uid`,`group_id`,`title`,`rules` FROM auth_group_access a INNER JOIN auth_group g on a.group_id=g.id  WHERE ( a.uid='NaN' and g.status='1' )  [ RunTime:0.0010s ]
INFO: [ app_end ] --START--
INFO: Run Behavior\ShowPageTraceBehavior [ RunTime:0.001000s ]
INFO: [ app_end ] --END-- [ RunTime:0.001000s ]

[ 2017-08-10T11:02:42+08:00 ] 127.0.0.1 /lenovo3c_new/lbyun/index.php/Login/undefined?1502334162559
ERR: 非法操作:undefined

[ 2017-08-10T11:03:11+08:00 ] 127.0.0.1 /lenovo3c_new/lbyun/index.php/Admin/Login/checkTimes.html?usermobile=18303226686
INFO: [ app_begin ] --START--
INFO: Run Behavior\ReadHtmlCacheBehavior [ RunTime:0.000000s ]
INFO: [ app_begin ] --END-- [ RunTime:0.001000s ]
INFO: [ app_end ] --START--
INFO: Run Behavior\ShowPageTraceBehavior [ RunTime:0.002001s ]
INFO: [ app_end ] --END-- [ RunTime:0.002001s ]

[ 2017-08-10T11:03:11+08:00 ] 127.0.0.1 /lenovo3c_new/lbyun/index.php/Login/checkTimes.html
INFO: [ app_begin ] --START--
INFO: Run Behavior\ReadHtmlCacheBehavior [ RunTime:0.001000s ]
INFO: [ app_begin ] --END-- [ RunTime:0.002000s ]
INFO: [ app_end ] --START--
INFO: Run Behavior\ShowPageTraceBehavior [ RunTime:0.001000s ]
INFO: [ app_end ] --END-- [ RunTime:0.001000s ]

[ 2017-08-10T11:11:46+08:00 ] 127.0.0.1 /lenovo3c_new/lbyun/index.php/Login/undefined?1502334706590
ERR: 非法操作:undefined

[ 2017-08-10T11:11:54+08:00 ] 127.0.0.1 /lenovo3c_new/lbyun/index.php/Admin/Tonglu/test.html?uid=4
INFO: [ app_begin ] --START--
INFO: Run Behavior\ReadHtmlCacheBehavior [ RunTime:0.001000s ]
INFO: [ app_begin ] --END-- [ RunTime:0.002000s ]
SQL: SHOW COLUMNS FROM `sys_route` [ RunTime:0.0150s ]
SQL: SHOW COLUMNS FROM `auth_group_access` [ RunTime:0.0120s ]
SQL: SELECT `uid`,`group_id`,`title`,`rules` FROM auth_group_access a INNER JOIN auth_group g on a.group_id=g.id  WHERE ( a.uid='4' and g.status='1' )  [ RunTime:0.0010s ]
INFO: [ app_end ] --START--
INFO: Run Behavior\ShowPageTraceBehavior [ RunTime:0.001000s ]
INFO: [ app_end ] --END-- [ RunTime:0.001000s ]

[ 2017-08-10T14:24:16+08:00 ] 127.0.0.1 /lenovo3c_new/lbyun/index.php/Login/undefined?1502346255904
ERR: 非法操作:undefined

[ 2017-08-10T14:46:39+08:00 ] 127.0.0.1 /lenovo3c_new/lbyun/index.php/Login/undefined?1502347599038
ERR: 非法操作:undefined

[ 2017-08-10T14:46:43+08:00 ] 127.0.0.1 /lenovo3c_new/lbyun/index.php/Admin/Tonglu/test.html?uid=4
INFO: [ app_begin ] --START--
INFO: Run Behavior\ReadHtmlCacheBehavior [ RunTime:0.001000s ]
INFO: [ app_begin ] --END-- [ RunTime:0.001000s ]
SQL: SHOW COLUMNS FROM `sys_route` [ RunTime:0.0110s ]
SQL: SHOW COLUMNS FROM `auth_group_access` [ RunTime:0.0180s ]
SQL: SELECT `uid`,`group_id`,`title`,`rules` FROM auth_group_access a INNER JOIN auth_group g on a.group_id=g.id  WHERE ( a.uid='4' and g.status='1' )  [ RunTime:0.0010s ]
INFO: [ app_end ] --START--
INFO: Run Behavior\ShowPageTraceBehavior [ RunTime:0.002000s ]
INFO: [ app_end ] --END-- [ RunTime:0.002000s ]

[ 2017-08-10T14:46:49+08:00 ] 127.0.0.1 /lenovo3c_new/lbyun/index.php/Admin/SaleAnalyze/route.html?day=7
INFO: [ app_begin ] --START--
INFO: Run Behavior\ReadHtmlCacheBehavior [ RunTime:0.001001s ]
INFO: [ app_begin ] --END-- [ RunTime:0.002001s ]
SQL: SHOW COLUMNS FROM `sys_route` [ RunTime:0.0130s ]
SQL: SELECT MAX(t_id) AS tp_max FROM `sys_route` LIMIT 1   [ RunTime:0.0010s ]
SQL: SELECT `name` FROM `sys_route` WHERE ( t_id = 1 ) LIMIT 1   [ RunTime:0.0010s ]
SQL: SHOW COLUMNS FROM `checking_audit` [ RunTime:0.0160s ]
SQL: SELECT COUNT(*) AS tp_count FROM `checking_audit` WHERE ( audit_tong = 1 ) AND `audit_time` > '2017-08-03 14:46:49' AND `audit_decision` = 1 LIMIT 1   [ RunTime:0.0020s ]
SQL: SELECT `name` FROM `sys_route` WHERE ( t_id = 2 ) LIMIT 1   [ RunTime:0.0010s ]
SQL: SELECT COUNT(*) AS tp_count FROM `checking_audit` WHERE ( audit_tong = 2 ) AND `audit_time` > '2017-08-03 14:46:49' AND `audit_decision` = 1 LIMIT 1   [ RunTime:0.0020s ]
SQL: SELECT `name` FROM `sys_route` WHERE ( t_id = 3 ) LIMIT 1   [ RunTime:0.0000s ]
SQL: SELECT COUNT(*) AS tp_count FROM `checking_audit` WHERE ( audit_tong = 3 ) AND `audit_time` > '2017-08-03 14:46:49' AND `audit_decision` = 1 LIMIT 1   [ RunTime:0.0020s ]
SQL: SELECT `name` FROM `sys_route` WHERE ( t_id = 4 ) LIMIT 1   [ RunTime:0.0000s ]
SQL: SELECT COUNT(*) AS tp_count FROM `checking_audit` WHERE ( audit_tong = 4 ) AND `audit_time` > '2017-08-03 14:46:49' AND `audit_decision` = 1 LIMIT 1   [ RunTime:0.0010s ]

[ 2017-08-10T14:46:49+08:00 ] 127.0.0.1 /lenovo3c_new/lbyun/index.php/Admin/SaleAnalyze/columnar.html?day=7
INFO: [ app_begin ] --START--
INFO: Run Behavior\ReadHtmlCacheBehavior [ RunTime:0.001000s ]
INFO: [ app_begin ] --END-- [ RunTime:0.002000s ]
SQL: SHOW COLUMNS FROM `sys_route` [ RunTime:0.0110s ]
SQL: SELECT MAX(t_id) AS tp_max FROM `sys_route` LIMIT 1   [ RunTime:0.0010s ]
SQL: SHOW COLUMNS FROM `checking_audit` [ RunTime:0.0100s ]
SQL: SELECT COUNT(*) AS tp_count FROM `checking_audit` WHERE `audit_time` BETWEEN '2017-08-10  00:00:00' AND '2017-08-10 23:59:59' AND `audit_tong` = 1 AND `audit_decision` = 1 LIMIT 1   [ RunTime:0.0010s ]
SQL: SELECT COUNT(*) AS tp_count FROM `checking_audit` WHERE `audit_time` BETWEEN '2017-08-09  00:00:00' AND '2017-08-09 23:59:59' AND `audit_tong` = 1 AND `audit_decision` = 1 LIMIT 1   [ RunTime:0.0010s ]
SQL: SELECT COUNT(*) AS tp_count FROM `checking_audit` WHERE `audit_time` BETWEEN '2017-08-08  00:00:00' AND '2017-08-08 23:59:59' AND `audit_tong` = 1 AND `audit_decision` = 1 LIMIT 1   [ RunTime:0.0010s ]
SQL: SELECT COUNT(*) AS tp_count FROM `checking_audit` WHERE `audit_time` BETWEEN '2017-08-07  00:00:00' AND '2017-08-07 23:59:59' AND `audit_tong` = 1 AND `audit_decision` = 1 LIMIT 1   [ RunTime:0.0010s ]
SQL: SELECT COUNT(*) AS tp_count FROM `checking_audit` WHERE `audit_time` BETWEEN '2017-08-06  00:00:00' AND '2017-08-06 23:59:59' AND `audit_tong` = 1 AND `audit_decision` = 1 LIMIT 1   [ RunTime:0.0010s ]
SQL: SELECT COUNT(*) AS tp_count FROM `checking_audit` WHERE `audit_time` BETWEEN '2017-08-05  00:00:00' AND '2017-08-05 23:59:59' AND `audit_tong` = 1 AND `audit_decision` = 1 LIMIT 1   [ RunTime:0.0010s ]
SQL: SELECT COUNT(*) AS tp_count FROM `checking_audit` WHERE `audit_time` BETWEEN '2017-08-04  00:00:00' AND '2017-08-04 23:59:59' AND `audit_tong` = 1 AND `audit_decision` = 1 LIMIT 1   [ RunTime:0.0010s ]
SQL: SELECT `name` FROM `sys_route` WHERE ( t_id = 1 ) LIMIT 1   [ RunTime:0.0010s ]
SQL: SELECT COUNT(*) AS tp_count FROM `checking_audit` WHERE `audit_time` BETWEEN '2017-08-10  00:00:00' AND '2017-08-10 23:59:59' AND `audit_tong` = 2 AND `audit_decision` = 1 LIMIT 1   [ RunTime:0.0010s ]
SQL: SELECT COUNT(*) AS tp_count FROM `checking_audit` WHERE `audit_time` BETWEEN '2017-08-09  00:00:00' AND '2017-08-09 23:59:59' AND `audit_tong` = 2 AND `audit_decision` = 1 LIMIT 1   [ RunTime:0.0010s ]
SQL: SELECT COUNT(*) AS tp_count FROM `checking_audit` WHERE `audit_time` BETWEEN '2017-08-08  00:00:00' AND '2017-08-08 23:59:59' AND `audit_tong` = 2 AND `audit_decision` = 1 LIMIT 1   [ RunTime:0.0010s ]
SQL: SELECT COUNT(*) AS tp_count FROM `checking_audit` WHERE `audit_time` BETWEEN '2017-08-07  00:00:00' AND '2017-08-07 23:59:59' AND `audit_tong` = 2 AND `audit_decision` = 1 LIMIT 1   [ RunTime:0.0010s ]
SQL: SELECT COUNT(*) AS tp_count FROM `checking_audit` WHERE `audit_time` BETWEEN '2017-08-06  00:00:00' AND '2017-08-06 23:59:59' AND `audit_tong` = 2 AND `audit_decision` = 1 LIMIT 1   [ RunTime:0.0010s ]
SQL: SELECT COUNT(*) AS tp_count FROM `checking_audit` WHERE `audit_time` BETWEEN '2017-08-05  00:00:00' AND '2017-08-05 23:59:59' AND `audit_tong` = 2 AND `audit_decision` = 1 LIMIT 1   [ RunTime:0.0020s ]
SQL: SELECT COUNT(*) AS tp_count FROM `checking_audit` WHERE `audit_time` BETWEEN '2017-08-04  00:00:00' AND '2017-08-04 23:59:59' AND `audit_tong` = 2 AND `audit_decision` = 1 LIMIT 1   [ RunTime:0.0020s ]
SQL: SELECT `name` FROM `sys_route` WHERE ( t_id = 2 ) LIMIT 1   [ RunTime:0.0010s ]
SQL: SELECT COUNT(*) AS tp_count FROM `checking_audit` WHERE `audit_time` BETWEEN '2017-08-10  00:00:00' AND '2017-08-10 23:59:59' AND `audit_tong` = 3 AND `audit_decision` = 1 LIMIT 1   [ RunTime:0.0020s ]
SQL: SELECT COUNT(*) AS tp_count FROM `checking_audit` WHERE `audit_time` BETWEEN '2017-08-09  00:00:00' AND '2017-08-09 23:59:59' AND `audit_tong` = 3 AND `audit_decision` = 1 LIMIT 1   [ RunTime:0.0020s ]
SQL: SELECT COUNT(*) AS tp_count FROM `checking_audit` WHERE `audit_time` BETWEEN '2017-08-08  00:00:00' AND '2017-08-08 23:59:59' AND `audit_tong` = 3 AND `audit_decision` = 1 LIMIT 1   [ RunTime:0.0010s ]
SQL: SELECT COUNT(*) AS tp_count FROM `checking_audit` WHERE `audit_time` BETWEEN '2017-08-07  00:00:00' AND '2017-08-07 23:59:59' AND `audit_tong` = 3 AND `audit_decision` = 1 LIMIT 1   [ RunTime:0.0000s ]
SQL: SELECT COUNT(*) AS tp_count FROM `checking_audit` WHERE `audit_time` BETWEEN '2017-08-06  00:00:00' AND '2017-08-06 23:59:59' AND `audit_tong` = 3 AND `audit_decision` = 1 LIMIT 1   [ RunTime:0.0010s ]
SQL: SELECT COUNT(*) AS tp_count FROM `checking_audit` WHERE `audit_time` BETWEEN '2017-08-05  00:00:00' AND '2017-08-05 23:59:59' AND `audit_tong` = 3 AND `audit_decision` = 1 LIMIT 1   [ RunTime:0.0020s ]
SQL: SELECT COUNT(*) AS tp_count FROM `checking_audit` WHERE `audit_time` BETWEEN '2017-08-04  00:00:00' AND '2017-08-04 23:59:59' AND `audit_tong` = 3 AND `audit_decision` = 1 LIMIT 1   [ RunTime:0.0020s ]
SQL: SELECT `name` FROM `sys_route` WHERE ( t_id = 3 ) LIMIT 1   [ RunTime:0.0010s ]
SQL: SELECT COUNT(*) AS tp_count FROM `checking_audit` WHERE `audit_time` BETWEEN '2017-08-10  00:00:00' AND '2017-08-10 23:59:59' AND `audit_tong` = 4 AND `audit_decision` = 1 LIMIT 1   [ RunTime:0.0010s ]
SQL: SELECT COUNT(*) AS tp_count FROM `checking_audit` WHERE `audit_time` BETWEEN '2017-08-09  00:00:00' AND '2017-08-09 23:59:59' AND `audit_tong` = 4 AND `audit_decision` = 1 LIMIT 1   [ RunTime:0.0010s ]
SQL: SELECT COUNT(*) AS tp_count FROM `checking_audit` WHERE `audit_time` BETWEEN '2017-08-08  00:00:00' AND '2017-08-08 23:59:59' AND `audit_tong` = 4 AND `audit_decision` = 1 LIMIT 1   [ RunTime:0.0010s ]
SQL: SELECT COUNT(*) AS tp_count FROM `checking_audit` WHERE `audit_time` BETWEEN '2017-08-07  00:00:00' AND '2017-08-07 23:59:59' AND `audit_tong` = 4 AND `audit_decision` = 1 LIMIT 1   [ RunTime:0.0010s ]
SQL: SELECT COUNT(*) AS tp_count FROM `checking_audit` WHERE `audit_time` BETWEEN '2017-08-06  00:00:00' AND '2017-08-06 23:59:59' AND `audit_tong` = 4 AND `audit_decision` = 1 LIMIT 1   [ RunTime:0.0010s ]
SQL: SELECT COUNT(*) AS tp_count FROM `checking_audit` WHERE `audit_time` BETWEEN '2017-08-05  00:00:00' AND '2017-08-05 23:59:59' AND `audit_tong` = 4 AND `audit_decision` = 1 LIMIT 1   [ RunTime:0.0020s ]
SQL: SELECT COUNT(*) AS tp_count FROM `checking_audit` WHERE `audit_time` BETWEEN '2017-08-04  00:00:00' AND '2017-08-04 23:59:59' AND `audit_tong` = 4 AND `audit_decision` = 1 LIMIT 1   [ RunTime:0.0010s ]
SQL: SELECT `name` FROM `sys_route` WHERE ( t_id = 4 ) LIMIT 1   [ RunTime:0.0000s ]

[ 2017-08-10T14:46:49+08:00 ] 127.0.0.1 /lenovo3c_new/lbyun/index.php/Admin/SaleAnalyze/columnarRouteList.html
INFO: [ app_begin ] --START--
INFO: Run Behavior\ReadHtmlCacheBehavior [ RunTime:0.001000s ]
INFO: [ app_begin ] --END-- [ RunTime:0.002000s ]
SQL: SHOW COLUMNS FROM `sys_route` [ RunTime:0.0110s ]
SQL: SELECT `t_id`,`name` FROM `sys_route`  [ RunTime:0.0010s ]

[ 2017-08-10T14:46:54+08:00 ] 127.0.0.1 /lenovo3c_new/lbyun/index.php/Admin/SaleAnalyze/route.html?day=7
INFO: [ app_begin ] --START--
INFO: Run Behavior\ReadHtmlCacheBehavior [ RunTime:0.001000s ]
INFO: [ app_begin ] --END-- [ RunTime:0.002000s ]

[ 2017-08-10T14:46:54+08:00 ] 127.0.0.1 /lenovo3c_new/lbyun/index.php/Admin/SaleAnalyze/columnar.html?day=7
INFO: [ app_begin ] --START--
INFO: Run Behavior\ReadHtmlCacheBehavior [ RunTime:0.001000s ]
INFO: [ app_begin ] --END-- [ RunTime:0.002000s ]
SQL: SHOW COLUMNS FROM `sys_route` [ RunTime:0.0130s ]
SQL: SELECT MAX(t_id) AS tp_max FROM `sys_route` LIMIT 1   [ RunTime:0.0000s ]
SQL: SHOW COLUMNS FROM `checking_audit` [ RunTime:0.0120s ]
SQL: SELECT COUNT(*) AS tp_count FROM `checking_audit` WHERE `audit_time` BETWEEN '2017-08-10  00:00:00' AND '2017-08-10 23:59:59' AND `audit_tong` = 1 AND `audit_decision` = 1 LIMIT 1   [ RunTime:0.0010s ]
SQL: SELECT COUNT(*) AS tp_count FROM `checking_audit` WHERE `audit_time` BETWEEN '2017-08-09  00:00:00' AND '2017-08-09 23:59:59' AND `audit_tong` = 1 AND `audit_decision` = 1 LIMIT 1   [ RunTime:0.0010s ]
SQL: SELECT COUNT(*) AS tp_count FROM `checking_audit` WHERE `audit_time` BETWEEN '2017-08-08  00:00:00' AND '2017-08-08 23:59:59' AND `audit_tong` = 1 AND `audit_decision` = 1 LIMIT 1   [ RunTime:0.0010s ]
SQL: SELECT COUNT(*) AS tp_count FROM `checking_audit` WHERE `audit_time` BETWEEN '2017-08-07  00:00:00' AND '2017-08-07 23:59:59' AND `audit_tong` = 1 AND `audit_decision` = 1 LIMIT 1   [ RunTime:0.0010s ]
SQL: SELECT COUNT(*) AS tp_count FROM `checking_audit` WHERE `audit_time` BETWEEN '2017-08-06  00:00:00' AND '2017-08-06 23:59:59' AND `audit_tong` = 1 AND `audit_decision` = 1 LIMIT 1   [ RunTime:0.0010s ]
SQL: SELECT COUNT(*) AS tp_count FROM `checking_audit` WHERE `audit_time` BETWEEN '2017-08-05  00:00:00' AND '2017-08-05 23:59:59' AND `audit_tong` = 1 AND `audit_decision` = 1 LIMIT 1   [ RunTime:0.0010s ]
SQL: SELECT COUNT(*) AS tp_count FROM `checking_audit` WHERE `audit_time` BETWEEN '2017-08-04  00:00:00' AND '2017-08-04 23:59:59' AND `audit_tong` = 1 AND `audit_decision` = 1 LIMIT 1   [ RunTime:0.0010s ]
SQL: SELECT `name` FROM `sys_route` WHERE ( t_id = 1 ) LIMIT 1   [ RunTime:0.0000s ]
SQL: SELECT COUNT(*) AS tp_count FROM `checking_audit` WHERE `audit_time` BETWEEN '2017-08-10  00:00:00' AND '2017-08-10 23:59:59' AND `audit_tong` = 2 AND `audit_decision` = 1 LIMIT 1   [ RunTime:0.0010s ]
SQL: SELECT COUNT(*) AS tp_count FROM `checking_audit` WHERE `audit_time` BETWEEN '2017-08-09  00:00:00' AND '2017-08-09 23:59:59' AND `audit_tong` = 2 AND `audit_decision` = 1 LIMIT 1   [ RunTime:0.0010s ]
SQL: SELECT COUNT(*) AS tp_count FROM `checking_audit` WHERE `audit_time` BETWEEN '2017-08-08  00:00:00' AND '2017-08-08 23:59:59' AND `audit_tong` = 2 AND `audit_decision` = 1 LIMIT 1   [ RunTime:0.0010s ]
SQL: SELECT COUNT(*) AS tp_count FROM `checking_audit` WHERE `audit_time` BETWEEN '2017-08-07  00:00:00' AND '2017-08-07 23:59:59' AND `audit_tong` = 2 AND `audit_decision` = 1 LIMIT 1   [ RunTime:0.0010s ]
SQL: SELECT COUNT(*) AS tp_count FROM `checking_audit` WHERE `audit_time` BETWEEN '2017-08-06  00:00:00' AND '2017-08-06 23:59:59' AND `audit_tong` = 2 AND `audit_decision` = 1 LIMIT 1   [ RunTime:0.0010s ]
SQL: SELECT COUNT(*) AS tp_count FROM `checking_audit` WHERE `audit_time` BETWEEN '2017-08-05  00:00:00' AND '2017-08-05 23:59:59' AND `audit_tong` = 2 AND `audit_decision` = 1 LIMIT 1   [ RunTime:0.0010s ]
SQL: SELECT COUNT(*) AS tp_count FROM `checking_audit` WHERE `audit_time` BETWEEN '2017-08-04  00:00:00' AND '2017-08-04 23:59:59' AND `audit_tong` = 2 AND `audit_decision` = 1 LIMIT 1   [ RunTime:0.0010s ]
SQL: SELECT `name` FROM `sys_route` WHERE ( t_id = 2 ) LIMIT 1   [ RunTime:0.0010s ]
SQL: SELECT COUNT(*) AS tp_count FROM `checking_audit` WHERE `audit_time` BETWEEN '2017-08-10  00:00:00' AND '2017-08-10 23:59:59' AND `audit_tong` = 3 AND `audit_decision` = 1 LIMIT 1   [ RunTime:0.0010s ]
SQL: SELECT COUNT(*) AS tp_count FROM `checking_audit` WHERE `audit_time` BETWEEN '2017-08-09  00:00:00' AND '2017-08-09 23:59:59' AND `audit_tong` = 3 AND `audit_decision` = 1 LIMIT 1   [ RunTime:0.0010s ]
SQL: SELECT COUNT(*) AS tp_count FROM `checking_audit` WHERE `audit_time` BETWEEN '2017-08-08  00:00:00' AND '2017-08-08 23:59:59' AND `audit_tong` = 3 AND `audit_decision` = 1 LIMIT 1   [ RunTime:0.0020s ]
SQL: SELECT COUNT(*) AS tp_count FROM `checking_audit` WHERE `audit_time` BETWEEN '2017-08-07  00:00:00' AND '2017-08-07 23:59:59' AND `audit_tong` = 3 AND `audit_decision` = 1 LIMIT 1   [ RunTime:0.0010s ]
SQL: SELECT COUNT(*) AS tp_count FROM `checking_audit` WHERE `audit_time` BETWEEN '2017-08-06  00:00:00' AND '2017-08-06 23:59:59' AND `audit_tong` = 3 AND `audit_decision` = 1 LIMIT 1   [ RunTime:0.0010s ]
SQL: SELECT COUNT(*) AS tp_count FROM `checking_audit` WHERE `audit_time` BETWEEN '2017-08-05  00:00:00' AND '2017-08-05 23:59:59' AND `audit_tong` = 3 AND `audit_decision` = 1 LIMIT 1   [ RunTime:0.0010s ]
SQL: SELECT COUNT(*) AS tp_count FROM `checking_audit` WHERE `audit_time` BETWEEN '2017-08-04  00:00:00' AND '2017-08-04 23:59:59' AND `audit_tong` = 3 AND `audit_decision` = 1 LIMIT 1   [ RunTime:0.0010s ]
SQL: SELECT `name` FROM `sys_route` WHERE ( t_id = 3 ) LIMIT 1   [ RunTime:0.0010s ]
SQL: SELECT COUNT(*) AS tp_count FROM `checking_audit` WHERE `audit_time` BETWEEN '2017-08-10  00:00:00' AND '2017-08-10 23:59:59' AND `audit_tong` = 4 AND `audit_decision` = 1 LIMIT 1   [ RunTime:0.0010s ]
SQL: SELECT COUNT(*) AS tp_count FROM `checking_audit` WHERE `audit_time` BETWEEN '2017-08-09  00:00:00' AND '2017-08-09 23:59:59' AND `audit_tong` = 4 AND `audit_decision` = 1 LIMIT 1   [ RunTime:0.0010s ]
SQL: SELECT COUNT(*) AS tp_count FROM `checking_audit` WHERE `audit_time` BETWEEN '2017-08-08  00:00:00' AND '2017-08-08 23:59:59' AND `audit_tong` = 4 AND `audit_decision` = 1 LIMIT 1   [ RunTime:0.0010s ]
SQL: SELECT COUNT(*) AS tp_count FROM `checking_audit` WHERE `audit_time` BETWEEN '2017-08-07  00:00:00' AND '2017-08-07 23:59:59' AND `audit_tong` = 4 AND `audit_decision` = 1 LIMIT 1   [ RunTime:0.0010s ]
SQL: SELECT COUNT(*) AS tp_count FROM `checking_audit` WHERE `audit_time` BETWEEN '2017-08-06  00:00:00' AND '2017-08-06 23:59:59' AND `audit_tong` = 4 AND `audit_decision` = 1 LIMIT 1   [ RunTime:0.0010s ]
SQL: SELECT COUNT(*) AS tp_count FROM `checking_audit` WHERE `audit_time` BETWEEN '2017-08-05  00:00:00' AND '2017-08-05 23:59:59' AND `audit_tong` = 4 AND `audit_decision` = 1 LIMIT 1   [ RunTime:0.0020s ]
SQL: SELECT COUNT(*) AS tp_count FROM `checking_audit` WHERE `audit_time` BETWEEN '2017-08-04  00:00:00' AND '2017-08-04 23:59:59' AND `audit_tong` = 4 AND `audit_decision` = 1 LIMIT 1   [ RunTime:0.0010s ]
SQL: SELECT `name` FROM `sys_route` WHERE ( t_id = 4 ) LIMIT 1   [ RunTime:0.0000s ]

[ 2017-08-10T14:46:54+08:00 ] 127.0.0.1 /lenovo3c_new/lbyun/index.php/Admin/SaleAnalyze/columnarRouteList.html
INFO: [ app_begin ] --START--
INFO: Run Behavior\ReadHtmlCacheBehavior [ RunTime:0.002001s ]
INFO: [ app_begin ] --END-- [ RunTime:0.002001s ]
SQL: SHOW COLUMNS FROM `sys_route` [ RunTime:0.0120s ]
SQL: SELECT `t_id`,`name` FROM `sys_route`  [ RunTime:0.0000s ]

[ 2017-08-10T14:47:46+08:00 ] 127.0.0.1 /lenovo3c_new/lbyun/index.php/Admin/Tonglu/test.html?uid=4
INFO: [ app_begin ] --START--
INFO: Run Behavior\ReadHtmlCacheBehavior [ RunTime:0.001000s ]
INFO: [ app_begin ] --END-- [ RunTime:0.001000s ]
SQL: SHOW COLUMNS FROM `sys_route` [ RunTime:0.0160s ]
SQL: SHOW COLUMNS FROM `auth_group_access` [ RunTime:0.0170s ]
SQL: SELECT `uid`,`group_id`,`title`,`rules` FROM auth_group_access a INNER JOIN auth_group g on a.group_id=g.id  WHERE ( a.uid='4' and g.status='1' )  [ RunTime:0.0010s ]
INFO: [ app_end ] --START--
INFO: Run Behavior\ShowPageTraceBehavior [ RunTime:0.002000s ]
INFO: [ app_end ] --END-- [ RunTime:0.002000s ]

[ 2017-08-10T14:47:48+08:00 ] 127.0.0.1 /lenovo3c_new/lbyun/index.php/Login/undefined?1502347668781
ERR: 非法操作:undefined

[ 2017-08-10T15:31:27+08:00 ] 127.0.0.1 /lenovo3c_new/lbyun/index.php/Admin/SaleAnalyze/product.html?day=7
INFO: [ app_begin ] --START--
INFO: Run Behavior\ReadHtmlCacheBehavior [ RunTime:0.001000s ]
INFO: [ app_begin ] --END-- [ RunTime:0.002001s ]
SQL: SHOW COLUMNS FROM `hou_product` [ RunTime:0.0110s ]
SQL: SELECT MAX(product_id) AS tp_max FROM `hou_product` LIMIT 1   [ RunTime:0.0000s ]
SQL: SELECT `product_type` FROM `hou_product` WHERE ( product_id = 1 ) LIMIT 1   [ RunTime:0.0000s ]
SQL: SHOW COLUMNS FROM `checking_audit` [ RunTime:0.0110s ]
SQL: SELECT COUNT(*) AS tp_count FROM `checking_audit` WHERE ( audit_product = 1 ) AND `audit_time` > '2017-08-03 15:31:27' AND `audit_decision` = 1 LIMIT 1   [ RunTime:0.0010s ]
SQL: SELECT `product_type` FROM `hou_product` WHERE ( product_id = 2 ) LIMIT 1   [ RunTime:0.0010s ]
SQL: SELECT COUNT(*) AS tp_count FROM `checking_audit` WHERE ( audit_product = 2 ) AND `audit_time` > '2017-08-03 15:31:27' AND `audit_decision` = 1 LIMIT 1   [ RunTime:0.0010s ]
SQL: SELECT `product_type` FROM `hou_product` WHERE ( product_id = 3 ) LIMIT 1   [ RunTime:0.0010s ]
SQL: SELECT COUNT(*) AS tp_count FROM `checking_audit` WHERE ( audit_product = 3 ) AND `audit_time` > '2017-08-03 15:31:27' AND `audit_decision` = 1 LIMIT 1   [ RunTime:0.0010s ]
SQL: SELECT `product_type` FROM `hou_product` WHERE ( product_id = 4 ) LIMIT 1   [ RunTime:0.0000s ]
SQL: SELECT COUNT(*) AS tp_count FROM `checking_audit` WHERE ( audit_product = 4 ) AND `audit_time` > '2017-08-03 15:31:27' AND `audit_decision` = 1 LIMIT 1   [ RunTime:0.0010s ]
SQL: SELECT `product_type` FROM `hou_product` WHERE ( product_id = 5 ) LIMIT 1   [ RunTime:0.0000s ]
SQL: SELECT COUNT(*) AS tp_count FROM `checking_audit` WHERE ( audit_product = 5 ) AND `audit_time` > '2017-08-03 15:31:27' AND `audit_decision` = 1 LIMIT 1   [ RunTime:0.0010s ]
SQL: SELECT `product_type` FROM `hou_product` WHERE ( product_id = 6 ) LIMIT 1   [ RunTime:0.0000s ]
SQL: SELECT COUNT(*) AS tp_count FROM `checking_audit` WHERE ( audit_product = 6 ) AND `audit_time` > '2017-08-03 15:31:27' AND `audit_decision` = 1 LIMIT 1   [ RunTime:0.0020s ]
SQL: SELECT `product_type` FROM `hou_product` WHERE ( product_id = 7 ) LIMIT 1   [ RunTime:0.0000s ]
SQL: SELECT COUNT(*) AS tp_count FROM `checking_audit` WHERE ( audit_product = 7 ) AND `audit_time` > '2017-08-03 15:31:27' AND `audit_decision` = 1 LIMIT 1   [ RunTime:0.0010s ]
SQL: SELECT `product_type` FROM `hou_product` WHERE ( product_id = 8 ) LIMIT 1   [ RunTime:0.0000s ]
SQL: SELECT COUNT(*) AS tp_count FROM `checking_audit` WHERE ( audit_product = 8 ) AND `audit_time` > '2017-08-03 15:31:27' AND `audit_decision` = 1 LIMIT 1   [ RunTime:0.0020s ]
SQL: SELECT `product_type` FROM `hou_product` WHERE ( product_id = 9 ) LIMIT 1   [ RunTime:0.0010s ]
SQL: SELECT COUNT(*) AS tp_count FROM `checking_audit` WHERE ( audit_product = 9 ) AND `audit_time` > '2017-08-03 15:31:27' AND `audit_decision` = 1 LIMIT 1   [ RunTime:0.0010s ]
SQL: SELECT `product_type` FROM `hou_product` WHERE ( product_id = 10 ) LIMIT 1   [ RunTime:0.0000s ]
SQL: SELECT `product_type` FROM `hou_product` WHERE ( product_id = 11 ) LIMIT 1   [ RunTime:0.0000s ]
SQL: SELECT `product_type` FROM `hou_product` WHERE ( product_id = 12 ) LIMIT 1   [ RunTime:0.0010s ]
SQL: SELECT `product_type` FROM `hou_product` WHERE ( product_id = 13 ) LIMIT 1   [ RunTime:0.0000s ]
SQL: SELECT `product_type` FROM `hou_product` WHERE ( product_id = 14 ) LIMIT 1   [ RunTime:0.0000s ]
SQL: SELECT `product_type` FROM `hou_product` WHERE ( product_id = 15 ) LIMIT 1   [ RunTime:0.0000s ]
SQL: SELECT `product_type` FROM `hou_product` WHERE ( product_id = 16 ) LIMIT 1   [ RunTime:0.0000s ]
SQL: SELECT `product_type` FROM `hou_product` WHERE ( product_id = 17 ) LIMIT 1   [ RunTime:0.0010s ]
SQL: SELECT `product_type` FROM `hou_product` WHERE ( product_id = 18 ) LIMIT 1   [ RunTime:0.0000s ]
SQL: SELECT COUNT(*) AS tp_count FROM `checking_audit` WHERE ( audit_product = 18 ) AND `audit_time` > '2017-08-03 15:31:27' AND `audit_decision` = 1 LIMIT 1   [ RunTime:0.0010s ]
SQL: SELECT `product_type` FROM `hou_product` WHERE ( product_id = 19 ) LIMIT 1   [ RunTime:0.0000s ]
SQL: SELECT COUNT(*) AS tp_count FROM `checking_audit` WHERE ( audit_product = 19 ) AND `audit_time` > '2017-08-03 15:31:27' AND `audit_decision` = 1 LIMIT 1   [ RunTime:0.0010s ]
SQL: SELECT `product_type` FROM `hou_product` WHERE ( product_id = 20 ) LIMIT 1   [ RunTime:0.0000s ]
SQL: SELECT COUNT(*) AS tp_count FROM `checking_audit` WHERE ( audit_product = 20 ) AND `audit_time` > '2017-08-03 15:31:27' AND `audit_decision` = 1 LIMIT 1   [ RunTime:0.0010s ]

[ 2017-08-10T15:31:27+08:00 ] 127.0.0.1 /lenovo3c_new/lbyun/index.php/Admin/SaleAnalyze/productLine.html?day=7
INFO: [ app_begin ] --START--
INFO: Run Behavior\ReadHtmlCacheBehavior [ RunTime:0.001000s ]
INFO: [ app_begin ] --END-- [ RunTime:0.002000s ]
SQL: SHOW COLUMNS FROM `hou_product` [ RunTime:0.0100s ]
SQL: SELECT MAX(product_id) AS tp_max FROM `hou_product` LIMIT 1   [ RunTime:0.0000s ]
SQL: SELECT `product_type` FROM `hou_product` WHERE ( product_id = 1 ) LIMIT 1   [ RunTime:0.0000s ]
SQL: SHOW COLUMNS FROM `checking_audit` [ RunTime:0.0110s ]
SQL: SELECT COUNT(*) AS tp_count FROM `checking_audit` WHERE `audit_time` BETWEEN '2017-08-10  00:00:00' AND '2017-08-10 23:59:59' AND `audit_tong` = 1 AND `audit_decision` = 1 LIMIT 1   [ RunTime:0.0020s ]
SQL: SELECT COUNT(*) AS tp_count FROM `checking_audit` WHERE `audit_time` BETWEEN '2017-08-09  00:00:00' AND '2017-08-09 23:59:59' AND `audit_tong` = 1 AND `audit_decision` = 1 LIMIT 1   [ RunTime:0.0010s ]
SQL: SELECT COUNT(*) AS tp_count FROM `checking_audit` WHERE `audit_time` BETWEEN '2017-08-08  00:00:00' AND '2017-08-08 23:59:59' AND `audit_tong` = 1 AND `audit_decision` = 1 LIMIT 1   [ RunTime:0.0020s ]
SQL: SELECT COUNT(*) AS tp_count FROM `checking_audit` WHERE `audit_time` BETWEEN '2017-08-07  00:00:00' AND '2017-08-07 23:59:59' AND `audit_tong` = 1 AND `audit_decision` = 1 LIMIT 1   [ RunTime:0.0010s ]
SQL: SELECT COUNT(*) AS tp_count FROM `checking_audit` WHERE `audit_time` BETWEEN '2017-08-06  00:00:00' AND '2017-08-06 23:59:59' AND `audit_tong` = 1 AND `audit_decision` = 1 LIMIT 1   [ RunTime:0.0010s ]
SQL: SELECT COUNT(*) AS tp_count FROM `checking_audit` WHERE `audit_time` BETWEEN '2017-08-05  00:00:00' AND '2017-08-05 23:59:59' AND `audit_tong` = 1 AND `audit_decision` = 1 LIMIT 1   [ RunTime:0.0020s ]
SQL: SELECT COUNT(*) AS tp_count FROM `checking_audit` WHERE `audit_time` BETWEEN '2017-08-04  00:00:00' AND '2017-08-04 23:59:59' AND `audit_tong` = 1 AND `audit_decision` = 1 LIMIT 1   [ RunTime:0.0010s ]
SQL: SELECT `product_type` FROM `hou_product` WHERE ( product_id = 2 ) LIMIT 1   [ RunTime:0.0020s ]
SQL: SELECT COUNT(*) AS tp_count FROM `checking_audit` WHERE `audit_time` BETWEEN '2017-08-10  00:00:00' AND '2017-08-10 23:59:59' AND `audit_tong` = 2 AND `audit_decision` = 1 LIMIT 1   [ RunTime:0.0010s ]
SQL: SELECT COUNT(*) AS tp_count FROM `checking_audit` WHERE `audit_time` BETWEEN '2017-08-09  00:00:00' AND '2017-08-09 23:59:59' AND `audit_tong` = 2 AND `audit_decision` = 1 LIMIT 1   [ RunTime:0.0010s ]
SQL: SELECT COUNT(*) AS tp_count FROM `checking_audit` WHERE `audit_time` BETWEEN '2017-08-08  00:00:00' AND '2017-08-08 23:59:59' AND `audit_tong` = 2 AND `audit_decision` = 1 LIMIT 1   [ RunTime:0.0020s ]
SQL: SELECT COUNT(*) AS tp_count FROM `checking_audit` WHERE `audit_time` BETWEEN '2017-08-07  00:00:00' AND '2017-08-07 23:59:59' AND `audit_tong` = 2 AND `audit_decision` = 1 LIMIT 1   [ RunTime:0.0010s ]
SQL: SELECT COUNT(*) AS tp_count FROM `checking_audit` WHERE `audit_time` BETWEEN '2017-08-06  00:00:00' AND '2017-08-06 23:59:59' AND `audit_tong` = 2 AND `audit_decision` = 1 LIMIT 1   [ RunTime:0.0010s ]
SQL: SELECT COUNT(*) AS tp_count FROM `checking_audit` WHERE `audit_time` BETWEEN '2017-08-05  00:00:00' AND '2017-08-05 23:59:59' AND `audit_tong` = 2 AND `audit_decision` = 1 LIMIT 1   [ RunTime:0.0020s ]
SQL: SELECT COUNT(*) AS tp_count FROM `checking_audit` WHERE `audit_time` BETWEEN '2017-08-04  00:00:00' AND '2017-08-04 23:59:59' AND `audit_tong` = 2 AND `audit_decision` = 1 LIMIT 1   [ RunTime:0.0010s ]
SQL: SELECT `product_type` FROM `hou_product` WHERE ( product_id = 3 ) LIMIT 1   [ RunTime:0.0010s ]
SQL: SELECT COUNT(*) AS tp_count FROM `checking_audit` WHERE `audit_time` BETWEEN '2017-08-10  00:00:00' AND '2017-08-10 23:59:59' AND `audit_tong` = 3 AND `audit_decision` = 1 LIMIT 1   [ RunTime:0.0010s ]
SQL: SELECT COUNT(*) AS tp_count FROM `checking_audit` WHERE `audit_time` BETWEEN '2017-08-09  00:00:00' AND '2017-08-09 23:59:59' AND `audit_tong` = 3 AND `audit_decision` = 1 LIMIT 1   [ RunTime:0.0010s ]
SQL: SELECT COUNT(*) AS tp_count FROM `checking_audit` WHERE `audit_time` BETWEEN '2017-08-08  00:00:00' AND '2017-08-08 23:59:59' AND `audit_tong` = 3 AND `audit_decision` = 1 LIMIT 1   [ RunTime:0.0010s ]
SQL: SELECT COUNT(*) AS tp_count FROM `checking_audit` WHERE `audit_time` BETWEEN '2017-08-07  00:00:00' AND '2017-08-07 23:59:59' AND `audit_tong` = 3 AND `audit_decision` = 1 LIMIT 1   [ RunTime:0.0010s ]
SQL: SELECT COUNT(*) AS tp_count FROM `checking_audit` WHERE `audit_time` BETWEEN '2017-08-06  00:00:00' AND '2017-08-06 23:59:59' AND `audit_tong` = 3 AND `audit_decision` = 1 LIMIT 1   [ RunTime:0.0010s ]
SQL: SELECT COUNT(*) AS tp_count FROM `checking_audit` WHERE `audit_time` BETWEEN '2017-08-05  00:00:00' AND '2017-08-05 23:59:59' AND `audit_tong` = 3 AND `audit_decision` = 1 LIMIT 1   [ RunTime:0.0010s ]
SQL: SELECT COUNT(*) AS tp_count FROM `checking_audit` WHERE `audit_time` BETWEEN '2017-08-04  00:00:00' AND '2017-08-04 23:59:59' AND `audit_tong` = 3 AND `audit_decision` = 1 LIMIT 1   [ RunTime:0.0010s ]
SQL: SELECT `product_type` FROM `hou_product` WHERE ( product_id = 4 ) LIMIT 1   [ RunTime:0.0000s ]
SQL: SELECT COUNT(*) AS tp_count FROM `checking_audit` WHERE `audit_time` BETWEEN '2017-08-10  00:00:00' AND '2017-08-10 23:59:59' AND `audit_tong` = 4 AND `audit_decision` = 1 LIMIT 1   [ RunTime:0.0010s ]
SQL: SELECT COUNT(*) AS tp_count FROM `checking_audit` WHERE `audit_time` BETWEEN '2017-08-09  00:00:00' AND '2017-08-09 23:59:59' AND `audit_tong` = 4 AND `audit_decision` = 1 LIMIT 1   [ RunTime:0.0020s ]
SQL: SELECT COUNT(*) AS tp_count FROM `checking_audit` WHERE `audit_time` BETWEEN '2017-08-08  00:00:00' AND '2017-08-08 23:59:59' AND `audit_tong` = 4 AND `audit_decision` = 1 LIMIT 1   [ RunTime:0.0010s ]
SQL: SELECT COUNT(*) AS tp_count FROM `checking_audit` WHERE `audit_time` BETWEEN '2017-08-07  00:00:00' AND '2017-08-07 23:59:59' AND `audit_tong` = 4 AND `audit_decision` = 1 LIMIT 1   [ RunTime:0.0010s ]
SQL: SELECT COUNT(*) AS tp_count FROM `checking_audit` WHERE `audit_time` BETWEEN '2017-08-06  00:00:00' AND '2017-08-06 23:59:59' AND `audit_tong` = 4 AND `audit_decision` = 1 LIMIT 1   [ RunTime:0.0010s ]
SQL: SELECT COUNT(*) AS tp_count FROM `checking_audit` WHERE `audit_time` BETWEEN '2017-08-05  00:00:00' AND '2017-08-05 23:59:59' AND `audit_tong` = 4 AND `audit_decision` = 1 LIMIT 1   [ RunTime:0.0020s ]
SQL: SELECT COUNT(*) AS tp_count FROM `checking_audit` WHERE `audit_time` BETWEEN '2017-08-04  00:00:00' AND '2017-08-04 23:59:59' AND `audit_tong` = 4 AND `audit_decision` = 1 LIMIT 1   [ RunTime:0.0020s ]
SQL: SELECT `product_type` FROM `hou_product` WHERE ( product_id = 5 ) LIMIT 1   [ RunTime:0.0000s ]
SQL: SELECT COUNT(*) AS tp_count FROM `checking_audit` WHERE `audit_time` BETWEEN '2017-08-10  00:00:00' AND '2017-08-10 23:59:59' AND `audit_tong` = 5 AND `audit_decision` = 1 LIMIT 1   [ RunTime:0.0010s ]
SQL: SELECT COUNT(*) AS tp_count FROM `checking_audit` WHERE `audit_time` BETWEEN '2017-08-09  00:00:00' AND '2017-08-09 23:59:59' AND `audit_tong` = 5 AND `audit_decision` = 1 LIMIT 1   [ RunTime:0.0020s ]
SQL: SELECT COUNT(*) AS tp_count FROM `checking_audit` WHERE `audit_time` BETWEEN '2017-08-08  00:00:00' AND '2017-08-08 23:59:59' AND `audit_tong` = 5 AND `audit_decision` = 1 LIMIT 1   [ RunTime:0.0020s ]
SQL: SELECT COUNT(*) AS tp_count FROM `checking_audit` WHERE `audit_time` BETWEEN '2017-08-07  00:00:00' AND '2017-08-07 23:59:59' AND `audit_tong` = 5 AND `audit_decision` = 1 LIMIT 1   [ RunTime:0.0020s ]
SQL: SELECT COUNT(*) AS tp_count FROM `checking_audit` WHERE `audit_time` BETWEEN '2017-08-06  00:00:00' AND '2017-08-06 23:59:59' AND `audit_tong` = 5 AND `audit_decision` = 1 LIMIT 1   [ RunTime:0.0020s ]
SQL: SELECT COUNT(*) AS tp_count FROM `checking_audit` WHERE `audit_time` BETWEEN '2017-08-05  00:00:00' AND '2017-08-05 23:59:59' AND `audit_tong` = 5 AND `audit_decision` = 1 LIMIT 1   [ RunTime:0.0010s ]
SQL: SELECT COUNT(*) AS tp_count FROM `checking_audit` WHERE `audit_time` BETWEEN '2017-08-04  00:00:00' AND '2017-08-04 23:59:59' AND `audit_tong` = 5 AND `audit_decision` = 1 LIMIT 1   [ RunTime:0.0020s ]
SQL: SELECT `product_type` FROM `hou_product` WHERE ( product_id = 6 ) LIMIT 1   [ RunTime:0.0000s ]
SQL: SELECT COUNT(*) AS tp_count FROM `checking_audit` WHERE `audit_time` BETWEEN '2017-08-10  00:00:00' AND '2017-08-10 23:59:59' AND `audit_tong` = 6 AND `audit_decision` = 1 LIMIT 1   [ RunTime:0.0010s ]
SQL: SELECT COUNT(*) AS tp_count FROM `checking_audit` WHERE `audit_time` BETWEEN '2017-08-09  00:00:00' AND '2017-08-09 23:59:59' AND `audit_tong` = 6 AND `audit_decision` = 1 LIMIT 1   [ RunTime:0.0010s ]
SQL: SELECT COUNT(*) AS tp_count FROM `checking_audit` WHERE `audit_time` BETWEEN '2017-08-08  00:00:00' AND '2017-08-08 23:59:59' AND `audit_tong` = 6 AND `audit_decision` = 1 LIMIT 1   [ RunTime:0.0010s ]
SQL: SELECT COUNT(*) AS tp_count FROM `checking_audit` WHERE `audit_time` BETWEEN '2017-08-07  00:00:00' AND '2017-08-07 23:59:59' AND `audit_tong` = 6 AND `audit_decision` = 1 LIMIT 1   [ RunTime:0.0010s ]
SQL: SELECT COUNT(*) AS tp_count FROM `checking_audit` WHERE `audit_time` BETWEEN '2017-08-06  00:00:00' AND '2017-08-06 23:59:59' AND `audit_tong` = 6 AND `audit_decision` = 1 LIMIT 1   [ RunTime:0.0010s ]
SQL: SELECT COUNT(*) AS tp_count FROM `checking_audit` WHERE `audit_time` BETWEEN '2017-08-05  00:00:00' AND '2017-08-05 23:59:59' AND `audit_tong` = 6 AND `audit_decision` = 1 LIMIT 1   [ RunTime:0.0010s ]
SQL: SELECT COUNT(*) AS tp_count FROM `checking_audit` WHERE `audit_time` BETWEEN '2017-08-04  00:00:00' AND '2017-08-04 23:59:59' AND `audit_tong` = 6 AND `audit_decision` = 1 LIMIT 1   [ RunTime:0.0010s ]
SQL: SELECT `product_type` FROM `hou_product` WHERE ( product_id = 7 ) LIMIT 1   [ RunTime:0.0010s ]
SQL: SELECT COUNT(*) AS tp_count FROM `checking_audit` WHERE `audit_time` BETWEEN '2017-08-10  00:00:00' AND '2017-08-10 23:59:59' AND `audit_tong` = 7 AND `audit_decision` = 1 LIMIT 1   [ RunTime:0.0010s ]
SQL: SELECT COUNT(*) AS tp_count FROM `checking_audit` WHERE `audit_time` BETWEEN '2017-08-09  00:00:00' AND '2017-08-09 23:59:59' AND `audit_tong` = 7 AND `audit_decision` = 1 LIMIT 1   [ RunTime:0.0010s ]
SQL: SELECT COUNT(*) AS tp_count FROM `checking_audit` WHERE `audit_time` BETWEEN '2017-08-08  00:00:00' AND '2017-08-08 23:59:59' AND `audit_tong` = 7 AND `audit_decision` = 1 LIMIT 1   [ RunTime:0.0010s ]
SQL: SELECT COUNT(*) AS tp_count FROM `checking_audit` WHERE `audit_time` BETWEEN '2017-08-07  00:00:00' AND '2017-08-07 23:59:59' AND `audit_tong` = 7 AND `audit_decision` = 1 LIMIT 1   [ RunTime:0.0020s ]
SQL: SELECT COUNT(*) AS tp_count FROM `checking_audit` WHERE `audit_time` BETWEEN '2017-08-06  00:00:00' AND '2017-08-06 23:59:59' AND `audit_tong` = 7 AND `audit_decision` = 1 LIMIT 1   [ RunTime:0.0010s ]
SQL: SELECT COUNT(*) AS tp_count FROM `checking_audit` WHERE `audit_time` BETWEEN '2017-08-05  00:00:00' AND '2017-08-05 23:59:59' AND `audit_tong` = 7 AND `audit_decision` = 1 LIMIT 1   [ RunTime:0.0010s ]
SQL: SELECT COUNT(*) AS tp_count FROM `checking_audit` WHERE `audit_time` BETWEEN '2017-08-04  00:00:00' AND '2017-08-04 23:59:59' AND `audit_tong` = 7 AND `audit_decision` = 1 LIMIT 1   [ RunTime:0.0010s ]
SQL: SELECT `product_type` FROM `hou_product` WHERE ( product_id = 8 ) LIMIT 1   [ RunTime:0.0000s ]
SQL: SELECT COUNT(*) AS tp_count FROM `checking_audit` WHERE `audit_time` BETWEEN '2017-08-10  00:00:00' AND '2017-08-10 23:59:59' AND `audit_tong` = 8 AND `audit_decision` = 1 LIMIT 1   [ RunTime:0.0010s ]
SQL: SELECT COUNT(*) AS tp_count FROM `checking_audit` WHERE `audit_time` BETWEEN '2017-08-09  00:00:00' AND '2017-08-09 23:59:59' AND `audit_tong` = 8 AND `audit_decision` = 1 LIMIT 1   [ RunTime:0.0020s ]
SQL: SELECT COUNT(*) AS tp_count FROM `checking_audit` WHERE `audit_time` BETWEEN '2017-08-08  00:00:00' AND '2017-08-08 23:59:59' AND `audit_tong` = 8 AND `audit_decision` = 1 LIMIT 1   [ RunTime:0.0010s ]
SQL: SELECT COUNT(*) AS tp_count FROM `checking_audit` WHERE `audit_time` BETWEEN '2017-08-07  00:00:00' AND '2017-08-07 23:59:59' AND `audit_tong` = 8 AND `audit_decision` = 1 LIMIT 1   [ RunTime:0.0020s ]
SQL: SELECT COUNT(*) AS tp_count FROM `checking_audit` WHERE `audit_time` BETWEEN '2017-08-06  00:00:00' AND '2017-08-06 23:59:59' AND `audit_tong` = 8 AND `audit_decision` = 1 LIMIT 1   [ RunTime:0.0010s ]
SQL: SELECT COUNT(*) AS tp_count FROM `checking_audit` WHERE `audit_time` BETWEEN '2017-08-05  00:00:00' AND '2017-08-05 23:59:59' AND `audit_tong` = 8 AND `audit_decision` = 1 LIMIT 1   [ RunTime:0.0010s ]
SQL: SELECT COUNT(*) AS tp_count FROM `checking_audit` WHERE `audit_time` BETWEEN '2017-08-04  00:00:00' AND '2017-08-04 23:59:59' AND `audit_tong` = 8 AND `audit_decision` = 1 LIMIT 1   [ RunTime:0.0020s ]
SQL: SELECT `product_type` FROM `hou_product` WHERE ( product_id = 9 ) LIMIT 1   [ RunTime:0.0000s ]
SQL: SELECT COUNT(*) AS tp_count FROM `checking_audit` WHERE `audit_time` BETWEEN '2017-08-10  00:00:00' AND '2017-08-10 23:59:59' AND `audit_tong` = 9 AND `audit_decision` = 1 LIMIT 1   [ RunTime:0.0020s ]
SQL: SELECT COUNT(*) AS tp_count FROM `checking_audit` WHERE `audit_time` BETWEEN '2017-08-09  00:00:00' AND '2017-08-09 23:59:59' AND `audit_tong` = 9 AND `audit_decision` = 1 LIMIT 1   [ RunTime:0.0020s ]
SQL: SELECT COUNT(*) AS tp_count FROM `checking_audit` WHERE `audit_time` BETWEEN '2017-08-08  00:00:00' AND '2017-08-08 23:59:59' AND `audit_tong` = 9 AND `audit_decision` = 1 LIMIT 1   [ RunTime:0.0010s ]
SQL: SELECT COUNT(*) AS tp_count FROM `checking_audit` WHERE `audit_time` BETWEEN '2017-08-07  00:00:00' AND '2017-08-07 23:59:59' AND `audit_tong` = 9 AND `audit_decision` = 1 LIMIT 1   [ RunTime:0.0010s ]
SQL: SELECT COUNT(*) AS tp_count FROM `checking_audit` WHERE `audit_time` BETWEEN '2017-08-06  00:00:00' AND '2017-08-06 23:59:59' AND `audit_tong` = 9 AND `audit_decision` = 1 LIMIT 1   [ RunTime:0.0020s ]
SQL: SELECT COUNT(*) AS tp_count FROM `checking_audit` WHERE `audit_time` BETWEEN '2017-08-05  00:00:00' AND '2017-08-05 23:59:59' AND `audit_tong` = 9 AND `audit_decision` = 1 LIMIT 1   [ RunTime:0.0010s ]
SQL: SELECT COUNT(*) AS tp_count FROM `checking_audit` WHERE `audit_time` BETWEEN '2017-08-04  00:00:00' AND '2017-08-04 23:59:59' AND `audit_tong` = 9 AND `audit_decision` = 1 LIMIT 1   [ RunTime:0.0010s ]
SQL: SELECT `product_type` FROM `hou_product` WHERE ( product_id = 10 ) LIMIT 1   [ RunTime:0.0010s ]
SQL: SELECT `product_type` FROM `hou_product` WHERE ( product_id = 11 ) LIMIT 1   [ RunTime:0.0000s ]
SQL: SELECT `product_type` FROM `hou_product` WHERE ( product_id = 12 ) LIMIT 1   [ RunTime:0.0010s ]
SQL: SELECT `product_type` FROM `hou_product` WHERE ( product_id = 13 ) LIMIT 1   [ RunTime:0.0000s ]
SQL: SELECT `product_type` FROM `hou_product` WHERE ( product_id = 14 ) LIMIT 1   [ RunTime:0.0000s ]
SQL: SELECT `product_type` FROM `hou_product` WHERE ( product_id = 15 ) LIMIT 1   [ RunTime:0.0010s ]
SQL: SELECT `product_type` FROM `hou_product` WHERE ( product_id = 16 ) LIMIT 1   [ RunTime:0.0000s ]
SQL: SELECT `product_type` FROM `hou_product` WHERE ( product_id = 17 ) LIMIT 1   [ RunTime:0.0000s ]
SQL: SELECT `product_type` FROM `hou_product` WHERE ( product_id = 18 ) LIMIT 1   [ RunTime:0.0000s ]
SQL: SELECT COUNT(*) AS tp_count FROM `checking_audit` WHERE `audit_time` BETWEEN '2017-08-10  00:00:00' AND '2017-08-10 23:59:59' AND `audit_tong` = 18 AND `audit_decision` = 1 LIMIT 1   [ RunTime:0.0010s ]
SQL: SELECT COUNT(*) AS tp_count FROM `checking_audit` WHERE `audit_time` BETWEEN '2017-08-09  00:00:00' AND '2017-08-09 23:59:59' AND `audit_tong` = 18 AND `audit_decision` = 1 LIMIT 1   [ RunTime:0.0020s ]
SQL: SELECT COUNT(*) AS tp_count FROM `checking_audit` WHERE `audit_time` BETWEEN '2017-08-08  00:00:00' AND '2017-08-08 23:59:59' AND `audit_tong` = 18 AND `audit_decision` = 1 LIMIT 1   [ RunTime:0.0010s ]
SQL: SELECT COUNT(*) AS tp_count FROM `checking_audit` WHERE `audit_time` BETWEEN '2017-08-07  00:00:00' AND '2017-08-07 23:59:59' AND `audit_tong` = 18 AND `audit_decision` = 1 LIMIT 1   [ RunTime:0.0010s ]
SQL: SELECT COUNT(*) AS tp_count FROM `checking_audit` WHERE `audit_time` BETWEEN '2017-08-06  00:00:00' AND '2017-08-06 23:59:59' AND `audit_tong` = 18 AND `audit_decision` = 1 LIMIT 1   [ RunTime:0.0010s ]
SQL: SELECT COUNT(*) AS tp_count FROM `checking_audit` WHERE `audit_time` BETWEEN '2017-08-05  00:00:00' AND '2017-08-05 23:59:59' AND `audit_tong` = 18 AND `audit_decision` = 1 LIMIT 1   [ RunTime:0.0010s ]
SQL: SELECT COUNT(*) AS tp_count FROM `checking_audit` WHERE `audit_time` BETWEEN '2017-08-04  00:00:00' AND '2017-08-04 23:59:59' AND `audit_tong` = 18 AND `audit_decision` = 1 LIMIT 1   [ RunTime:0.0010s ]
SQL: SELECT `product_type` FROM `hou_product` WHERE ( product_id = 19 ) LIMIT 1   [ RunTime:0.0010s ]
SQL: SELECT COUNT(*) AS tp_count FROM `checking_audit` WHERE `audit_time` BETWEEN '2017-08-10  00:00:00' AND '2017-08-10 23:59:59' AND `audit_tong` = 19 AND `audit_decision` = 1 LIMIT 1   [ RunTime:0.0010s ]
SQL: SELECT COUNT(*) AS tp_count FROM `checking_audit` WHERE `audit_time` BETWEEN '2017-08-09  00:00:00' AND '2017-08-09 23:59:59' AND `audit_tong` = 19 AND `audit_decision` = 1 LIMIT 1   [ RunTime:0.0010s ]
SQL: SELECT COUNT(*) AS tp_count FROM `checking_audit` WHERE `audit_time` BETWEEN '2017-08-08  00:00:00' AND '2017-08-08 23:59:59' AND `audit_tong` = 19 AND `audit_decision` = 1 LIMIT 1   [ RunTime:0.0010s ]
SQL: SELECT COUNT(*) AS tp_count FROM `checking_audit` WHERE `audit_time` BETWEEN '2017-08-07  00:00:00' AND '2017-08-07 23:59:59' AND `audit_tong` = 19 AND `audit_decision` = 1 LIMIT 1   [ RunTime:0.0010s ]
SQL: SELECT COUNT(*) AS tp_count FROM `checking_audit` WHERE `audit_time` BETWEEN '2017-08-06  00:00:00' AND '2017-08-06 23:59:59' AND `audit_tong` = 19 AND `audit_decision` = 1 LIMIT 1   [ RunTime:0.0010s ]
SQL: SELECT COUNT(*) AS tp_count FROM `checking_audit` WHERE `audit_time` BETWEEN '2017-08-05  00:00:00' AND '2017-08-05 23:59:59' AND `audit_tong` = 19 AND `audit_decision` = 1 LIMIT 1   [ RunTime:0.0020s ]
SQL: SELECT COUNT(*) AS tp_count FROM `checking_audit` WHERE `audit_time` BETWEEN '2017-08-04  00:00:00' AND '2017-08-04 23:59:59' AND `audit_tong` = 19 AND `audit_decision` = 1 LIMIT 1   [ RunTime:0.0010s ]
SQL: SELECT `product_type` FROM `hou_product` WHERE ( product_id = 20 ) LIMIT 1   [ RunTime:0.0010s ]
SQL: SELECT COUNT(*) AS tp_count FROM `checking_audit` WHERE `audit_time` BETWEEN '2017-08-10  00:00:00' AND '2017-08-10 23:59:59' AND `audit_tong` = 20 AND `audit_decision` = 1 LIMIT 1   [ RunTime:0.0010s ]
SQL: SELECT COUNT(*) AS tp_count FROM `checking_audit` WHERE `audit_time` BETWEEN '2017-08-09  00:00:00' AND '2017-08-09 23:59:59' AND `audit_tong` = 20 AND `audit_decision` = 1 LIMIT 1   [ RunTime:0.0020s ]
SQL: SELECT COUNT(*) AS tp_count FROM `checking_audit` WHERE `audit_time` BETWEEN '2017-08-08  00:00:00' AND '2017-08-08 23:59:59' AND `audit_tong` = 20 AND `audit_decision` = 1 LIMIT 1   [ RunTime:0.0010s ]
SQL: SELECT COUNT(*) AS tp_count FROM `checking_audit` WHERE `audit_time` BETWEEN '2017-08-07  00:00:00' AND '2017-08-07 23:59:59' AND `audit_tong` = 20 AND `audit_decision` = 1 LIMIT 1   [ RunTime:0.0010s ]
SQL: SELECT COUNT(*) AS tp_count FROM `checking_audit` WHERE `audit_time` BETWEEN '2017-08-06  00:00:00' AND '2017-08-06 23:59:59' AND `audit_tong` = 20 AND `audit_decision` = 1 LIMIT 1   [ RunTime:0.0020s ]
SQL: SELECT COUNT(*) AS tp_count FROM `checking_audit` WHERE `audit_time` BETWEEN '2017-08-05  00:00:00' AND '2017-08-05 23:59:59' AND `audit_tong` = 20 AND `audit_decision` = 1 LIMIT 1   [ RunTime:0.0010s ]
SQL: SELECT COUNT(*) AS tp_count FROM `checking_audit` WHERE `audit_time` BETWEEN '2017-08-04  00:00:00' AND '2017-08-04 23:59:59' AND `audit_tong` = 20 AND `audit_decision` = 1 LIMIT 1   [ RunTime:0.0020s ]

[ 2017-08-10T15:31:32+08:00 ] 127.0.0.1 /lenovo3c_new/lbyun/index.php/Admin/SaleAnalyze/route.html?day=7
INFO: [ app_begin ] --START--
INFO: Run Behavior\ReadHtmlCacheBehavior [ RunTime:0.001000s ]
INFO: [ app_begin ] --END-- [ RunTime:0.002000s ]

[ 2017-08-10T15:31:32+08:00 ] 127.0.0.1 /lenovo3c_new/lbyun/index.php/Admin/SaleAnalyze/columnar.html?day=7
INFO: [ app_begin ] --START--
INFO: Run Behavior\ReadHtmlCacheBehavior [ RunTime:0.001000s ]
INFO: [ app_begin ] --END-- [ RunTime:0.002001s ]
SQL: SHOW COLUMNS FROM `sys_route` [ RunTime:0.0150s ]
SQL: SELECT MAX(t_id) AS tp_max FROM `sys_route` LIMIT 1   [ RunTime:0.0000s ]
SQL: SHOW COLUMNS FROM `checking_audit` [ RunTime:0.0120s ]
SQL: SELECT COUNT(*) AS tp_count FROM `checking_audit` WHERE `audit_time` BETWEEN '2017-08-10  00:00:00' AND '2017-08-10 23:59:59' AND `audit_tong` = 1 AND `audit_decision` = 1 LIMIT 1   [ RunTime:0.0010s ]
SQL: SELECT COUNT(*) AS tp_count FROM `checking_audit` WHERE `audit_time` BETWEEN '2017-08-09  00:00:00' AND '2017-08-09 23:59:59' AND `audit_tong` = 1 AND `audit_decision` = 1 LIMIT 1   [ RunTime:0.0010s ]
SQL: SELECT COUNT(*) AS tp_count FROM `checking_audit` WHERE `audit_time` BETWEEN '2017-08-08  00:00:00' AND '2017-08-08 23:59:59' AND `audit_tong` = 1 AND `audit_decision` = 1 LIMIT 1   [ RunTime:0.0010s ]
SQL: SELECT COUNT(*) AS tp_count FROM `checking_audit` WHERE `audit_time` BETWEEN '2017-08-07  00:00:00' AND '2017-08-07 23:59:59' AND `audit_tong` = 1 AND `audit_decision` = 1 LIMIT 1   [ RunTime:0.0010s ]
SQL: SELECT COUNT(*) AS tp_count FROM `checking_audit` WHERE `audit_time` BETWEEN '2017-08-06  00:00:00' AND '2017-08-06 23:59:59' AND `audit_tong` = 1 AND `audit_decision` = 1 LIMIT 1   [ RunTime:0.0010s ]
SQL: SELECT COUNT(*) AS tp_count FROM `checking_audit` WHERE `audit_time` BETWEEN '2017-08-05  00:00:00' AND '2017-08-05 23:59:59' AND `audit_tong` = 1 AND `audit_decision` = 1 LIMIT 1   [ RunTime:0.0010s ]
SQL: SELECT COUNT(*) AS tp_count FROM `checking_audit` WHERE `audit_time` BETWEEN '2017-08-04  00:00:00' AND '2017-08-04 23:59:59' AND `audit_tong` = 1 AND `audit_decision` = 1 LIMIT 1   [ RunTime:0.0020s ]
SQL: SELECT `name` FROM `sys_route` WHERE ( t_id = 1 ) LIMIT 1   [ RunTime:0.0000s ]
SQL: SELECT COUNT(*) AS tp_count FROM `checking_audit` WHERE `audit_time` BETWEEN '2017-08-10  00:00:00' AND '2017-08-10 23:59:59' AND `audit_tong` = 2 AND `audit_decision` = 1 LIMIT 1   [ RunTime:0.0020s ]
SQL: SELECT COUNT(*) AS tp_count FROM `checking_audit` WHERE `audit_time` BETWEEN '2017-08-09  00:00:00' AND '2017-08-09 23:59:59' AND `audit_tong` = 2 AND `audit_decision` = 1 LIMIT 1   [ RunTime:0.0020s ]
SQL: SELECT COUNT(*) AS tp_count FROM `checking_audit` WHERE `audit_time` BETWEEN '2017-08-08  00:00:00' AND '2017-08-08 23:59:59' AND `audit_tong` = 2 AND `audit_decision` = 1 LIMIT 1   [ RunTime:0.0020s ]
SQL: SELECT COUNT(*) AS tp_count FROM `checking_audit` WHERE `audit_time` BETWEEN '2017-08-07  00:00:00' AND '2017-08-07 23:59:59' AND `audit_tong` = 2 AND `audit_decision` = 1 LIMIT 1   [ RunTime:0.0010s ]
SQL: SELECT COUNT(*) AS tp_count FROM `checking_audit` WHERE `audit_time` BETWEEN '2017-08-06  00:00:00' AND '2017-08-06 23:59:59' AND `audit_tong` = 2 AND `audit_decision` = 1 LIMIT 1   [ RunTime:0.0020s ]
SQL: SELECT COUNT(*) AS tp_count FROM `checking_audit` WHERE `audit_time` BETWEEN '2017-08-05  00:00:00' AND '2017-08-05 23:59:59' AND `audit_tong` = 2 AND `audit_decision` = 1 LIMIT 1   [ RunTime:0.0010s ]
SQL: SELECT COUNT(*) AS tp_count FROM `checking_audit` WHERE `audit_time` BETWEEN '2017-08-04  00:00:00' AND '2017-08-04 23:59:59' AND `audit_tong` = 2 AND `audit_decision` = 1 LIMIT 1   [ RunTime:0.0010s ]
SQL: SELECT `name` FROM `sys_route` WHERE ( t_id = 2 ) LIMIT 1   [ RunTime:0.0000s ]
SQL: SELECT COUNT(*) AS tp_count FROM `checking_audit` WHERE `audit_time` BETWEEN '2017-08-10  00:00:00' AND '2017-08-10 23:59:59' AND `audit_tong` = 3 AND `audit_decision` = 1 LIMIT 1   [ RunTime:0.0010s ]
SQL: SELECT COUNT(*) AS tp_count FROM `checking_audit` WHERE `audit_time` BETWEEN '2017-08-09  00:00:00' AND '2017-08-09 23:59:59' AND `audit_tong` = 3 AND `audit_decision` = 1 LIMIT 1   [ RunTime:0.0010s ]
SQL: SELECT COUNT(*) AS tp_count FROM `checking_audit` WHERE `audit_time` BETWEEN '2017-08-08  00:00:00' AND '2017-08-08 23:59:59' AND `audit_tong` = 3 AND `audit_decision` = 1 LIMIT 1   [ RunTime:0.0010s ]
SQL: SELECT COUNT(*) AS tp_count FROM `checking_audit` WHERE `audit_time` BETWEEN '2017-08-07  00:00:00' AND '2017-08-07 23:59:59' AND `audit_tong` = 3 AND `audit_decision` = 1 LIMIT 1   [ RunTime:0.0010s ]
SQL: SELECT COUNT(*) AS tp_count FROM `checking_audit` WHERE `audit_time` BETWEEN '2017-08-06  00:00:00' AND '2017-08-06 23:59:59' AND `audit_tong` = 3 AND `audit_decision` = 1 LIMIT 1   [ RunTime:0.0010s ]
SQL: SELECT COUNT(*) AS tp_count FROM `checking_audit` WHERE `audit_time` BETWEEN '2017-08-05  00:00:00' AND '2017-08-05 23:59:59' AND `audit_tong` = 3 AND `audit_decision` = 1 LIMIT 1   [ RunTime:0.0010s ]
SQL: SELECT COUNT(*) AS tp_count FROM `checking_audit` WHERE `audit_time` BETWEEN '2017-08-04  00:00:00' AND '2017-08-04 23:59:59' AND `audit_tong` = 3 AND `audit_decision` = 1 LIMIT 1   [ RunTime:0.0010s ]
SQL: SELECT `name` FROM `sys_route` WHERE ( t_id = 3 ) LIMIT 1   [ RunTime:0.0000s ]
SQL: SELECT COUNT(*) AS tp_count FROM `checking_audit` WHERE `audit_time` BETWEEN '2017-08-10  00:00:00' AND '2017-08-10 23:59:59' AND `audit_tong` = 4 AND `audit_decision` = 1 LIMIT 1   [ RunTime:0.0010s ]
SQL: SELECT COUNT(*) AS tp_count FROM `checking_audit` WHERE `audit_time` BETWEEN '2017-08-09  00:00:00' AND '2017-08-09 23:59:59' AND `audit_tong` = 4 AND `audit_decision` = 1 LIMIT 1   [ RunTime:0.0010s ]
SQL: SELECT COUNT(*) AS tp_count FROM `checking_audit` WHERE `audit_time` BETWEEN '2017-08-08  00:00:00' AND '2017-08-08 23:59:59' AND `audit_tong` = 4 AND `audit_decision` = 1 LIMIT 1   [ RunTime:0.0010s ]
SQL: SELECT COUNT(*) AS tp_count FROM `checking_audit` WHERE `audit_time` BETWEEN '2017-08-07  00:00:00' AND '2017-08-07 23:59:59' AND `audit_tong` = 4 AND `audit_decision` = 1 LIMIT 1   [ RunTime:0.0010s ]
SQL: SELECT COUNT(*) AS tp_count FROM `checking_audit` WHERE `audit_time` BETWEEN '2017-08-06  00:00:00' AND '2017-08-06 23:59:59' AND `audit_tong` = 4 AND `audit_decision` = 1 LIMIT 1   [ RunTime:0.0010s ]
SQL: SELECT COUNT(*) AS tp_count FROM `checking_audit` WHERE `audit_time` BETWEEN '2017-08-05  00:00:00' AND '2017-08-05 23:59:59' AND `audit_tong` = 4 AND `audit_decision` = 1 LIMIT 1   [ RunTime:0.0010s ]
SQL: SELECT COUNT(*) AS tp_count FROM `checking_audit` WHERE `audit_time` BETWEEN '2017-08-04  00:00:00' AND '2017-08-04 23:59:59' AND `audit_tong` = 4 AND `audit_decision` = 1 LIMIT 1   [ RunTime:0.0010s ]
SQL: SELECT `name` FROM `sys_route` WHERE ( t_id = 4 ) LIMIT 1   [ RunTime:0.0010s ]

[ 2017-08-10T15:31:32+08:00 ] 127.0.0.1 /lenovo3c_new/lbyun/index.php/Admin/SaleAnalyze/columnarRouteList.html
INFO: [ app_begin ] --START--
INFO: Run Behavior\ReadHtmlCacheBehavior [ RunTime:0.001000s ]
INFO: [ app_begin ] --END-- [ RunTime:0.002000s ]
SQL: SHOW COLUMNS FROM `sys_route` [ RunTime:0.0100s ]
SQL: SELECT `t_id`,`name` FROM `sys_route`  [ RunTime:0.0000s ]

