[ 2017-05-22T10:22:53+08:00 ] ::1 /lby/
ERR: 无法加载控制器:Index

[ 2017-05-22T10:26:00+08:00 ] ::1 /lby/
ERR: 无法加载控制器:Index

[ 2017-05-22T10:28:29+08:00 ] ::1 /lby/public/js/jquery.js
ERR: 无法加载控制器:Public

[ 2017-05-22T10:28:29+08:00 ] ::1 /lby/public/css/commen.css
ERR: 无法加载控制器:Public

[ 2017-05-22T10:28:29+08:00 ] ::1 /lby/public/css/datouwang.css
ERR: 无法加载控制器:Public

[ 2017-05-22T10:28:29+08:00 ] ::1 /lby/public/js/koala.min.1.5.js
ERR: 无法加载控制器:Public

[ 2017-05-22T11:26:31+08:00 ] ::1 /lby/public/js/jquery.js
ERR: 无法加载控制器:Public

[ 2017-05-22T11:26:31+08:00 ] ::1 /lby/public/js/koala.min.1.5.js
ERR: 无法加载控制器:Public

[ 2017-05-22T11:26:31+08:00 ] ::1 /lby/public/css/datouwang.css
ERR: 无法加载控制器:Public

[ 2017-05-22T11:26:31+08:00 ] ::1 /lby/public/css/commen.css
ERR: 无法加载控制器:Public

[ 2017-05-22T11:26:32+08:00 ] ::1 /lby/public/js/koala.min.1.5.js
ERR: 无法加载控制器:Public

[ 2017-05-22T11:26:52+08:00 ] ::1 /lby/public/js/jquery.js
ERR: 无法加载控制器:Public

[ 2017-05-22T11:26:52+08:00 ] ::1 /lby/public/js/koala.min.1.5.js
ERR: 无法加载控制器:Public

[ 2017-05-22T11:26:52+08:00 ] ::1 /lby/public/css/commen.css
ERR: 无法加载控制器:Public

[ 2017-05-22T11:26:52+08:00 ] ::1 /lby/public/css/datouwang.css
ERR: 无法加载控制器:Public

[ 2017-05-22T11:36:18+08:00 ] ::1 /lby/Publicace/js/ace-extra.js
ERR: 无法加载控制器:Publicace

[ 2017-05-22T11:36:18+08:00 ] ::1 /lby/Publicace/js/bootstrap.js
ERR: 无法加载控制器:Publicace

[ 2017-05-22T11:36:18+08:00 ] ::1 /lby/Publicace/js/ace/elements.scroller.js
ERR: 无法加载控制器:Publicace

[ 2017-05-22T11:36:18+08:00 ] ::1 /lby/Publicace/js/ace/elements.colorpicker.js
ERR: 无法加载控制器:Publicace

[ 2017-05-22T11:36:18+08:00 ] ::1 /lby/Publicace/js/ace/elements.fileinput.js
ERR: 无法加载控制器:Publicace

[ 2017-05-22T11:36:18+08:00 ] ::1 /lby/Publicace/js/ace/elements.typeahead.js
ERR: 无法加载控制器:Publicace

[ 2017-05-22T11:36:18+08:00 ] ::1 /lby/Publicace/js/ace/elements.wysiwyg.js
ERR: 无法加载控制器:Publicace

[ 2017-05-22T11:36:18+08:00 ] ::1 /lby/Publicace/js/ace/elements.spinner.js
ERR: 无法加载控制器:Publicace

[ 2017-05-22T11:36:18+08:00 ] ::1 /lby/Publicace/js/ace/elements.wizard.js
ERR: 无法加载控制器:Publicace

[ 2017-05-22T11:36:18+08:00 ] ::1 /lby/Publicace/js/ace/elements.aside.js
ERR: 无法加载控制器:Publicace

[ 2017-05-22T11:36:18+08:00 ] ::1 /lby/Publicace/js/ace/elements.treeview.js
ERR: 无法加载控制器:Publicace

[ 2017-05-22T11:36:18+08:00 ] ::1 /lby/Publicace/js/ace/ace.js
ERR: 无法加载控制器:Publicace

[ 2017-05-22T11:36:18+08:00 ] ::1 /lby/Publicace/js/ace/ace.touch-drag.js
ERR: 无法加载控制器:Publicace

[ 2017-05-22T11:36:18+08:00 ] ::1 /lby/Publicace/js/ace/ace.ajax-content.js
ERR: 无法加载控制器:Publicace

[ 2017-05-22T11:36:18+08:00 ] ::1 /lby/Publicace/js/ace/ace.sidebar.js
ERR: 无法加载控制器:Publicace

[ 2017-05-22T11:36:18+08:00 ] ::1 /lby/Publicace/js/ace/ace.sidebar-scroll-1.js
ERR: 无法加载控制器:Publicace

[ 2017-05-22T11:36:18+08:00 ] ::1 /lby/Publicace/js/ace/ace.submenu-hover.js
ERR: 无法加载控制器:Publicace

[ 2017-05-22T11:36:18+08:00 ] ::1 /lby/Publicace/js/ace/ace.widget-box.js
ERR: 无法加载控制器:Publicace

[ 2017-05-22T11:36:18+08:00 ] ::1 /lby/Publicace/js/ace/ace.settings.js
ERR: 无法加载控制器:Publicace

[ 2017-05-22T11:36:18+08:00 ] ::1 /lby/Publicace/js/ace/ace.settings-rtl.js
ERR: 无法加载控制器:Publicace

[ 2017-05-22T11:36:18+08:00 ] ::1 /lby/Publicace/js/ace/ace.settings-skin.js
ERR: 无法加载控制器:Publicace

[ 2017-05-22T11:36:18+08:00 ] ::1 /lby/Publicace/js/ace/ace.widget-on-reload.js
ERR: 无法加载控制器:Publicace

[ 2017-05-22T11:36:18+08:00 ] ::1 /lby/Publicace/js/ace/ace.searchbox-autocomplete.js
ERR: 无法加载控制器:Publicace

[ 2017-05-22T11:36:18+08:00 ] ::1 /lby/Publicace/js/ace/elements.onpage-help.js
ERR: 无法加载控制器:Publicace

[ 2017-05-22T11:36:18+08:00 ] ::1 /lby/Publicace/js/ace/ace.onpage-help.js
ERR: 无法加载控制器:Publicace

[ 2017-05-22T11:36:19+08:00 ] ::1 /lby/Publicace/js/jquery.js
ERR: 无法加载控制器:Publicace

[ 2017-05-22T11:36:19+08:00 ] ::1 /lby/Publicace/js/bootstrap.js
ERR: 无法加载控制器:Publicace

[ 2017-05-22T11:36:19+08:00 ] ::1 /lby/Publicace/js/ace/elements.scroller.js
ERR: 无法加载控制器:Publicace

[ 2017-05-22T11:36:19+08:00 ] ::1 /lby/Publicace/js/ace/elements.colorpicker.js
ERR: 无法加载控制器:Publicace

[ 2017-05-22T11:36:19+08:00 ] ::1 /lby/Publicace/js/ace/elements.fileinput.js
ERR: 无法加载控制器:Publicace

[ 2017-05-22T11:36:19+08:00 ] ::1 /lby/Publicace/js/ace/elements.typeahead.js
ERR: 无法加载控制器:Publicace

[ 2017-05-22T11:36:19+08:00 ] ::1 /lby/Publicace/js/ace/elements.wysiwyg.js
ERR: 无法加载控制器:Publicace

[ 2017-05-22T11:36:19+08:00 ] ::1 /lby/Publicace/js/ace/elements.spinner.js
ERR: 无法加载控制器:Publicace

[ 2017-05-22T11:36:19+08:00 ] ::1 /lby/Publicace/js/ace/elements.treeview.js
ERR: 无法加载控制器:Publicace

[ 2017-05-22T11:36:19+08:00 ] ::1 /lby/Publicace/js/ace/elements.wizard.js
ERR: 无法加载控制器:Publicace

[ 2017-05-22T11:36:19+08:00 ] ::1 /lby/Publicace/js/ace/elements.aside.js
ERR: 无法加载控制器:Publicace

[ 2017-05-22T11:36:19+08:00 ] ::1 /lby/Publicace/js/ace/ace.js
ERR: 无法加载控制器:Publicace

[ 2017-05-22T11:36:19+08:00 ] ::1 /lby/Publicace/js/ace/ace.ajax-content.js
ERR: 无法加载控制器:Publicace

[ 2017-05-22T11:36:19+08:00 ] ::1 /lby/Publicace/js/ace/ace.touch-drag.js
ERR: 无法加载控制器:Publicace

[ 2017-05-22T11:36:19+08:00 ] ::1 /lby/Publicace/js/ace/ace.sidebar.js
ERR: 无法加载控制器:Publicace

[ 2017-05-22T11:36:19+08:00 ] ::1 /lby/Publicace/js/ace/ace.sidebar-scroll-1.js
ERR: 无法加载控制器:Publicace

[ 2017-05-22T11:36:19+08:00 ] ::1 /lby/Publicace/js/ace/ace.submenu-hover.js
ERR: 无法加载控制器:Publicace

[ 2017-05-22T11:36:19+08:00 ] ::1 /lby/Publicace/js/ace/ace.widget-box.js
ERR: 无法加载控制器:Publicace

[ 2017-05-22T11:36:19+08:00 ] ::1 /lby/Publicace/js/ace/ace.settings.js
ERR: 无法加载控制器:Publicace

[ 2017-05-22T11:36:19+08:00 ] ::1 /lby/Publicace/js/ace/ace.settings-rtl.js
ERR: 无法加载控制器:Publicace

[ 2017-05-22T11:36:19+08:00 ] ::1 /lby/Publicace/js/ace/ace.settings-skin.js
ERR: 无法加载控制器:Publicace

[ 2017-05-22T11:36:19+08:00 ] ::1 /lby/Publicace/js/ace/ace.widget-on-reload.js
ERR: 无法加载控制器:Publicace

[ 2017-05-22T11:36:19+08:00 ] ::1 /lby/Publicace/js/ace/ace.searchbox-autocomplete.js
ERR: 无法加载控制器:Publicace

[ 2017-05-22T11:36:19+08:00 ] ::1 /lby/Publicace/js/ace/elements.onpage-help.js
ERR: 无法加载控制器:Publicace

[ 2017-05-22T11:36:19+08:00 ] ::1 /lby/Publicace/js/ace/ace.onpage-help.js
ERR: 无法加载控制器:Publicace

[ 2017-05-22T11:36:34+08:00 ] ::1 /lby/Publicace/js/ace-extra.js
ERR: 无法加载控制器:Publicace

[ 2017-05-22T11:36:34+08:00 ] ::1 /lby/Publicace/js/bootstrap.js
ERR: 无法加载控制器:Publicace

[ 2017-05-22T11:36:34+08:00 ] ::1 /lby/Publicace/js/ace/elements.scroller.js
ERR: 无法加载控制器:Publicace

[ 2017-05-22T11:36:34+08:00 ] ::1 /lby/Publicace/js/ace/elements.colorpicker.js
ERR: 无法加载控制器:Publicace

[ 2017-05-22T11:36:34+08:00 ] ::1 /lby/Publicace/js/ace/elements.fileinput.js
ERR: 无法加载控制器:Publicace

[ 2017-05-22T11:36:34+08:00 ] ::1 /lby/Publicace/js/ace/elements.typeahead.js
ERR: 无法加载控制器:Publicace

[ 2017-05-22T11:36:34+08:00 ] ::1 /lby/Publicace/js/ace/elements.wysiwyg.js
ERR: 无法加载控制器:Publicace

[ 2017-05-22T11:36:34+08:00 ] ::1 /lby/Publicace/js/ace/elements.spinner.js
ERR: 无法加载控制器:Publicace

[ 2017-05-22T11:36:34+08:00 ] ::1 /lby/Publicace/js/ace/elements.treeview.js
ERR: 无法加载控制器:Publicace

[ 2017-05-22T11:36:34+08:00 ] ::1 /lby/Publicace/js/ace/elements.wizard.js
ERR: 无法加载控制器:Publicace

[ 2017-05-22T11:36:34+08:00 ] ::1 /lby/Publicace/js/ace/elements.aside.js
ERR: 无法加载控制器:Publicace

[ 2017-05-22T11:36:34+08:00 ] ::1 /lby/Publicace/js/ace/ace.ajax-content.js
ERR: 无法加载控制器:Publicace

[ 2017-05-22T11:36:34+08:00 ] ::1 /lby/Publicace/js/ace/ace.js
ERR: 无法加载控制器:Publicace

[ 2017-05-22T11:36:34+08:00 ] ::1 /lby/Publicace/js/ace/ace.sidebar.js
ERR: 无法加载控制器:Publicace

[ 2017-05-22T11:36:35+08:00 ] ::1 /lby/Publicace/js/ace/ace.widget-box.js
ERR: 无法加载控制器:Publicace

[ 2017-05-22T11:36:35+08:00 ] ::1 /lby/Publicace/js/ace/ace.settings.js
ERR: 无法加载控制器:Publicace

[ 2017-05-22T11:36:35+08:00 ] ::1 /lby/Publicace/js/ace/ace.submenu-hover.js
ERR: 无法加载控制器:Publicace

[ 2017-05-22T11:36:35+08:00 ] ::1 /lby/Publicace/js/ace/ace.settings-rtl.js
ERR: 无法加载控制器:Publicace

[ 2017-05-22T11:36:35+08:00 ] ::1 /lby/Publicace/js/ace/ace.touch-drag.js
ERR: 无法加载控制器:Publicace

[ 2017-05-22T11:36:35+08:00 ] ::1 /lby/Publicace/js/ace/ace.sidebar-scroll-1.js
ERR: 无法加载控制器:Publicace

[ 2017-05-22T11:36:35+08:00 ] ::1 /lby/Publicace/js/ace/ace.settings-skin.js
ERR: 无法加载控制器:Publicace

[ 2017-05-22T11:36:35+08:00 ] ::1 /lby/Publicace/js/ace/ace.widget-on-reload.js
ERR: 无法加载控制器:Publicace

[ 2017-05-22T11:36:35+08:00 ] ::1 /lby/Publicace/js/ace/elements.onpage-help.js
ERR: 无法加载控制器:Publicace

[ 2017-05-22T11:36:35+08:00 ] ::1 /lby/Publicace/js/ace/ace.searchbox-autocomplete.js
ERR: 无法加载控制器:Publicace

[ 2017-05-22T11:36:35+08:00 ] ::1 /lby/Publicace/js/ace/ace.onpage-help.js
ERR: 无法加载控制器:Publicace

[ 2017-05-22T11:36:35+08:00 ] ::1 /lby/Publicace/js/jquery.js
ERR: 无法加载控制器:Publicace

[ 2017-05-22T11:36:35+08:00 ] ::1 /lby/Publicace/js/bootstrap.js
ERR: 无法加载控制器:Publicace

[ 2017-05-22T11:36:35+08:00 ] ::1 /lby/Publicace/js/ace/elements.scroller.js
ERR: 无法加载控制器:Publicace

[ 2017-05-22T11:36:35+08:00 ] ::1 /lby/Publicace/js/ace/elements.colorpicker.js
ERR: 无法加载控制器:Publicace

[ 2017-05-22T11:36:35+08:00 ] ::1 /lby/Publicace/js/ace/elements.fileinput.js
ERR: 无法加载控制器:Publicace

[ 2017-05-22T11:36:35+08:00 ] ::1 /lby/Publicace/js/ace/elements.typeahead.js
ERR: 无法加载控制器:Publicace

[ 2017-05-22T11:36:35+08:00 ] ::1 /lby/Publicace/js/ace/elements.wysiwyg.js
ERR: 无法加载控制器:Publicace

[ 2017-05-22T11:36:35+08:00 ] ::1 /lby/Publicace/js/ace/elements.spinner.js
ERR: 无法加载控制器:Publicace

[ 2017-05-22T11:36:35+08:00 ] ::1 /lby/Publicace/js/ace/elements.treeview.js
ERR: 无法加载控制器:Publicace

[ 2017-05-22T11:36:35+08:00 ] ::1 /lby/Publicace/js/ace/elements.wizard.js
ERR: 无法加载控制器:Publicace

[ 2017-05-22T11:36:35+08:00 ] ::1 /lby/Publicace/js/ace/elements.aside.js
ERR: 无法加载控制器:Publicace

[ 2017-05-22T11:36:35+08:00 ] ::1 /lby/Publicace/js/ace/ace.js
ERR: 无法加载控制器:Publicace

[ 2017-05-22T11:36:35+08:00 ] ::1 /lby/Publicace/js/ace/ace.ajax-content.js
ERR: 无法加载控制器:Publicace

[ 2017-05-22T11:36:35+08:00 ] ::1 /lby/Publicace/js/ace/ace.touch-drag.js
ERR: 无法加载控制器:Publicace

[ 2017-05-22T11:36:35+08:00 ] ::1 /lby/Publicace/js/ace/ace.sidebar.js
ERR: 无法加载控制器:Publicace

[ 2017-05-22T11:36:35+08:00 ] ::1 /lby/Publicace/js/ace/ace.sidebar-scroll-1.js
ERR: 无法加载控制器:Publicace

[ 2017-05-22T11:36:35+08:00 ] ::1 /lby/Publicace/js/ace/ace.submenu-hover.js
ERR: 无法加载控制器:Publicace

[ 2017-05-22T11:36:35+08:00 ] ::1 /lby/Publicace/js/ace/ace.widget-box.js
ERR: 无法加载控制器:Publicace

[ 2017-05-22T11:36:35+08:00 ] ::1 /lby/Publicace/js/ace/ace.settings.js
ERR: 无法加载控制器:Publicace

[ 2017-05-22T11:36:35+08:00 ] ::1 /lby/Publicace/js/ace/ace.settings-rtl.js
ERR: 无法加载控制器:Publicace

[ 2017-05-22T11:36:35+08:00 ] ::1 /lby/Publicace/js/ace/ace.settings-skin.js
ERR: 无法加载控制器:Publicace

[ 2017-05-22T11:36:35+08:00 ] ::1 /lby/Publicace/js/ace/ace.widget-on-reload.js
ERR: 无法加载控制器:Publicace

[ 2017-05-22T11:36:35+08:00 ] ::1 /lby/Publicace/js/ace/ace.searchbox-autocomplete.js
ERR: 无法加载控制器:Publicace

[ 2017-05-22T11:36:36+08:00 ] ::1 /lby/Publicace/js/ace/elements.onpage-help.js
ERR: 无法加载控制器:Publicace

[ 2017-05-22T11:36:36+08:00 ] ::1 /lby/Publicace/js/ace/ace.onpage-help.js
ERR: 无法加载控制器:Publicace

[ 2017-05-22T11:37:25+08:00 ] ::1 /lby/Publicace/css/font-awesome.css
ERR: 无法加载控制器:Publicace

[ 2017-05-22T11:37:25+08:00 ] ::1 /lby/Publicace/css/bootstrap.css
ERR: 无法加载控制器:Publicace

[ 2017-05-22T11:37:25+08:00 ] ::1 /lby/Public/Admin//lby/Publicace/css/ace.css
ERR: 无法加载控制器:Public

[ 2017-05-22T11:37:25+08:00 ] ::1 /lby/Publicace/js/ace-extra.js
ERR: 无法加载控制器:Publicace

[ 2017-05-22T11:37:25+08:00 ] ::1 /lby/Public/Admin//lby/Publicace/css/ace-fonts.css
ERR: 无法加载控制器:Public

[ 2017-05-22T11:37:25+08:00 ] ::1 /lby/Publicace/js/bootstrap.js
ERR: 无法加载控制器:Publicace

[ 2017-05-22T11:37:25+08:00 ] ::1 /lby/Publicace/js/ace/elements.scroller.js
ERR: 无法加载控制器:Publicace

[ 2017-05-22T11:37:25+08:00 ] ::1 /lby/Publicace/js/ace/elements.colorpicker.js
ERR: 无法加载控制器:Publicace

[ 2017-05-22T11:37:25+08:00 ] ::1 /lby/Publicace/js/ace/elements.fileinput.js
ERR: 无法加载控制器:Publicace

[ 2017-05-22T11:37:25+08:00 ] ::1 /lby/Publicace/js/ace/elements.typeahead.js
ERR: 无法加载控制器:Publicace

[ 2017-05-22T11:37:25+08:00 ] ::1 /lby/Publicace/js/ace/elements.spinner.js
ERR: 无法加载控制器:Publicace

[ 2017-05-22T11:37:25+08:00 ] ::1 /lby/Publicace/js/ace/elements.wysiwyg.js
ERR: 无法加载控制器:Publicace

[ 2017-05-22T11:37:25+08:00 ] ::1 /lby/Publicace/js/ace/elements.treeview.js
ERR: 无法加载控制器:Publicace

[ 2017-05-22T11:37:25+08:00 ] ::1 /lby/Publicace/js/ace/elements.wizard.js
ERR: 无法加载控制器:Publicace

[ 2017-05-22T11:37:25+08:00 ] ::1 /lby/Publicace/js/ace/elements.aside.js
ERR: 无法加载控制器:Publicace

[ 2017-05-22T11:37:25+08:00 ] ::1 /lby/Publicace/js/ace/ace.ajax-content.js
ERR: 无法加载控制器:Publicace

[ 2017-05-22T11:37:25+08:00 ] ::1 /lby/Publicace/js/ace/ace.touch-drag.js
ERR: 无法加载控制器:Publicace

[ 2017-05-22T11:37:25+08:00 ] ::1 /lby/Publicace/js/ace/ace.sidebar.js
ERR: 无法加载控制器:Publicace

[ 2017-05-22T11:37:25+08:00 ] ::1 /lby/Publicace/js/ace/ace.sidebar-scroll-1.js
ERR: 无法加载控制器:Publicace

[ 2017-05-22T11:37:25+08:00 ] ::1 /lby/Publicace/js/ace/ace.js
ERR: 无法加载控制器:Publicace

[ 2017-05-22T11:37:25+08:00 ] ::1 /lby/Publicace/js/ace/ace.submenu-hover.js
ERR: 无法加载控制器:Publicace

[ 2017-05-22T11:37:25+08:00 ] ::1 /lby/Publicace/js/ace/ace.widget-box.js
ERR: 无法加载控制器:Publicace

[ 2017-05-22T11:37:25+08:00 ] ::1 /lby/Publicace/js/ace/ace.settings-rtl.js
ERR: 无法加载控制器:Publicace

[ 2017-05-22T11:37:25+08:00 ] ::1 /lby/Publicace/js/ace/ace.settings.js
ERR: 无法加载控制器:Publicace

[ 2017-05-22T11:37:25+08:00 ] ::1 /lby/Publicace/js/ace/ace.widget-on-reload.js
ERR: 无法加载控制器:Publicace

[ 2017-05-22T11:37:25+08:00 ] ::1 /lby/Publicace/js/ace/ace.searchbox-autocomplete.js
ERR: 无法加载控制器:Publicace

[ 2017-05-22T11:37:25+08:00 ] ::1 /lby/Publicace/js/ace/ace.settings-skin.js
ERR: 无法加载控制器:Publicace

[ 2017-05-22T11:37:25+08:00 ] ::1 /lby/Publicace/css/ace.onpage-help.css
ERR: 无法加载控制器:Publicace

[ 2017-05-22T11:37:25+08:00 ] ::1 /lby/Publicace/js/ace/elements.onpage-help.js
ERR: 无法加载控制器:Publicace

[ 2017-05-22T11:37:25+08:00 ] ::1 /lby/Publicace/js/ace/ace.onpage-help.js
ERR: 无法加载控制器:Publicace

[ 2017-05-22T11:37:25+08:00 ] ::1 /lby/Publicace/js/jquery.js
ERR: 无法加载控制器:Publicace

[ 2017-05-22T11:37:25+08:00 ] ::1 /lby/Publicace/js/bootstrap.js
ERR: 无法加载控制器:Publicace

[ 2017-05-22T11:37:25+08:00 ] ::1 /lby/Publicace/js/ace/elements.scroller.js
ERR: 无法加载控制器:Publicace

[ 2017-05-22T11:37:25+08:00 ] ::1 /lby/Publicace/js/ace/elements.colorpicker.js
ERR: 无法加载控制器:Publicace

[ 2017-05-22T11:37:25+08:00 ] ::1 /lby/Publicace/js/ace/elements.fileinput.js
ERR: 无法加载控制器:Publicace

[ 2017-05-22T11:37:25+08:00 ] ::1 /lby/Publicace/js/ace/elements.typeahead.js
ERR: 无法加载控制器:Publicace

[ 2017-05-22T11:37:25+08:00 ] ::1 /lby/Publicace/js/ace/elements.wysiwyg.js
ERR: 无法加载控制器:Publicace

[ 2017-05-22T11:37:25+08:00 ] ::1 /lby/Publicace/js/ace/elements.spinner.js
ERR: 无法加载控制器:Publicace

[ 2017-05-22T11:37:25+08:00 ] ::1 /lby/Publicace/js/ace/elements.treeview.js
ERR: 无法加载控制器:Publicace

[ 2017-05-22T11:37:25+08:00 ] ::1 /lby/Publicace/js/ace/elements.wizard.js
ERR: 无法加载控制器:Publicace

[ 2017-05-22T11:37:25+08:00 ] ::1 /lby/Publicace/js/ace/elements.aside.js
ERR: 无法加载控制器:Publicace

[ 2017-05-22T11:37:25+08:00 ] ::1 /lby/Publicace/js/ace/ace.js
ERR: 无法加载控制器:Publicace

[ 2017-05-22T11:37:25+08:00 ] ::1 /lby/Publicace/js/ace/ace.ajax-content.js
ERR: 无法加载控制器:Publicace

[ 2017-05-22T11:37:26+08:00 ] ::1 /lby/Publicace/js/ace/ace.touch-drag.js
ERR: 无法加载控制器:Publicace

[ 2017-05-22T11:37:26+08:00 ] ::1 /lby/Publicace/js/ace/ace.sidebar.js
ERR: 无法加载控制器:Publicace

[ 2017-05-22T11:37:26+08:00 ] ::1 /lby/Publicace/js/ace/ace.sidebar-scroll-1.js
ERR: 无法加载控制器:Publicace

[ 2017-05-22T11:37:26+08:00 ] ::1 /lby/Publicace/js/ace/ace.submenu-hover.js
ERR: 无法加载控制器:Publicace

[ 2017-05-22T11:37:26+08:00 ] ::1 /lby/Publicace/js/ace/ace.widget-box.js
ERR: 无法加载控制器:Publicace

[ 2017-05-22T11:37:26+08:00 ] ::1 /lby/Publicace/js/ace/ace.settings.js
ERR: 无法加载控制器:Publicace

[ 2017-05-22T11:37:26+08:00 ] ::1 /lby/Publicace/js/ace/ace.settings-rtl.js
ERR: 无法加载控制器:Publicace

[ 2017-05-22T11:37:26+08:00 ] ::1 /lby/Publicace/js/ace/ace.settings-skin.js
ERR: 无法加载控制器:Publicace

[ 2017-05-22T11:37:26+08:00 ] ::1 /lby/Publicace/js/ace/ace.widget-on-reload.js
ERR: 无法加载控制器:Publicace

[ 2017-05-22T11:37:26+08:00 ] ::1 /lby/Publicace/js/ace/ace.searchbox-autocomplete.js
ERR: 无法加载控制器:Publicace

[ 2017-05-22T11:37:26+08:00 ] ::1 /lby/Publicace/css/ace.onpage-help.css
ERR: 无法加载控制器:Publicace

[ 2017-05-22T11:37:26+08:00 ] ::1 /lby/Publicace/js/ace/elements.onpage-help.js
ERR: 无法加载控制器:Publicace

[ 2017-05-22T11:37:26+08:00 ] ::1 /lby/Publicace/js/ace/ace.onpage-help.js
ERR: 无法加载控制器:Publicace

[ 2017-05-22T12:10:24+08:00 ] ::1 /lby/aboutus.html
ERR: 无法加载控制器:Aboutus

[ 2017-05-22T13:27:12+08:00 ] ::1 /lby/aboutus.html
ERR: 无法加载控制器:Aboutus

[ 2017-05-22T13:29:34+08:00 ] ::1 /lby/index.php/Home/abouts.html
ERR: 无法加载控制器:Abouts

[ 2017-05-22T13:29:41+08:00 ] ::1 /lby/index.php/Home/caseshow.html
ERR: 无法加载控制器:Caseshow

[ 2017-05-22T13:30:17+08:00 ] ::1 /lby/index.php/Home/Index/abouts.html
ERR: 非法操作:abouts

[ 2017-05-22T13:36:36+08:00 ] ::1 /lby/index.php/Home/Index/js/jquery-1.7.2.js
ERR: 非法操作:js

[ 2017-05-22T13:36:36+08:00 ] ::1 /lby/index.php/Home/Index/js/jQuery.md5.js
ERR: 非法操作:js

[ 2017-05-22T13:36:36+08:00 ] ::1 /lby/index.php/Home/Index/js/jquery.tips.js
ERR: 非法操作:js

[ 2017-05-22T13:36:36+08:00 ] ::1 /lby/index.php/Home/Index/js/jquery.cookie.js
ERR: 非法操作:js

[ 2017-05-22T13:36:36+08:00 ] ::1 /lby/index.php/Home/Index/js/jquery-1.7.2.js
ERR: 非法操作:js

[ 2017-05-22T13:36:36+08:00 ] ::1 /lby/index.php/Home/Index/js/jQuery.md5.js
ERR: 非法操作:js

[ 2017-05-22T13:36:36+08:00 ] ::1 /lby/index.php/Home/Index/js/jquery.tips.js
ERR: 非法操作:js

[ 2017-05-22T13:36:36+08:00 ] ::1 /lby/index.php/Home/Index/js/jquery.cookie.js
ERR: 非法操作:js

[ 2017-05-22T13:36:36+08:00 ] ::1 /lby/index.php/Home/Index/code.do?t=1495431396865
ERR: 非法操作:code.do

[ 2017-05-22T13:38:35+08:00 ] ::1 /lby/index.php/Home/Index/js/jQuery.md5.js
ERR: 非法操作:js

[ 2017-05-22T13:38:35+08:00 ] ::1 /lby/index.php/Home/Index/js/jquery.cookie.js
ERR: 非法操作:js

[ 2017-05-22T13:38:35+08:00 ] ::1 /lby/index.php/Home/Index/js/jquery-1.7.2.js
ERR: 非法操作:js

[ 2017-05-22T13:38:35+08:00 ] ::1 /lby/index.php/Home/Index/js/jquery.tips.js
ERR: 非法操作:js

[ 2017-05-22T13:38:35+08:00 ] ::1 /lby/index.php/Home/Index/js/jquery-1.7.2.js
ERR: 非法操作:js

[ 2017-05-22T13:38:35+08:00 ] ::1 /lby/index.php/Home/Index/js/jQuery.md5.js
ERR: 非法操作:js

[ 2017-05-22T13:38:35+08:00 ] ::1 /lby/index.php/Home/Index/js/jquery.tips.js
ERR: 非法操作:js

[ 2017-05-22T13:38:35+08:00 ] ::1 /lby/index.php/Home/Index/js/jquery.cookie.js
ERR: 非法操作:js

[ 2017-05-22T13:38:35+08:00 ] ::1 /lby/index.php/Home/Index/code.do?t=1495431515679
ERR: 非法操作:code.do

[ 2017-05-22T13:38:36+08:00 ] ::1 /lby/index.php/Home/Index/js/jQuery.md5.js
ERR: 非法操作:js

[ 2017-05-22T13:38:36+08:00 ] ::1 /lby/index.php/Home/Index/js/jquery-1.7.2.js
ERR: 非法操作:js

[ 2017-05-22T13:38:36+08:00 ] ::1 /lby/index.php/Home/Index/js/jquery.cookie.js
ERR: 非法操作:js

[ 2017-05-22T13:38:36+08:00 ] ::1 /lby/index.php/Home/Index/js/jquery.tips.js
ERR: 非法操作:js

[ 2017-05-22T13:38:36+08:00 ] ::1 /lby/index.php/Home/Index/js/jquery-1.7.2.js
ERR: 非法操作:js

[ 2017-05-22T13:38:36+08:00 ] ::1 /lby/index.php/Home/Index/js/jQuery.md5.js
ERR: 非法操作:js

[ 2017-05-22T13:38:36+08:00 ] ::1 /lby/index.php/Home/Index/js/jquery.tips.js
ERR: 非法操作:js

[ 2017-05-22T13:38:36+08:00 ] ::1 /lby/index.php/Home/Index/js/jquery.cookie.js
ERR: 非法操作:js

[ 2017-05-22T13:38:36+08:00 ] ::1 /lby/index.php/Home/Index/code.do?t=1495431516865
ERR: 非法操作:code.do

[ 2017-05-22T15:08:01+08:00 ] 127.0.0.1 /index.php/Home/Company/Company_Info_Add
ERR: 无法加载控制器:Company

[ 2017-05-22T15:11:34+08:00 ] 127.0.0.1 /Public/Admin/static/ace/css/bootstrap.css
ERR: 无法加载控制器:Public

[ 2017-05-22T15:11:34+08:00 ] 127.0.0.1 /Public/Admin/static/ace/css/font-awesome.css
ERR: 无法加载控制器:Public

[ 2017-05-22T15:11:34+08:00 ] 127.0.0.1 /Public/Admin/static/ace/css/ace-fonts.css
ERR: 无法加载控制器:Public

[ 2017-05-22T15:11:34+08:00 ] 127.0.0.1 /Public/Admin/static/ace/css/ace.css
ERR: 无法加载控制器:Public

[ 2017-05-22T15:11:34+08:00 ] 127.0.0.1 /Public/Admin/static/ace/js/jquery.js
ERR: 无法加载控制器:Public

[ 2017-05-22T15:11:34+08:00 ] 127.0.0.1 /Public/Admin/static/ace/js/ace-extra.js
ERR: 无法加载控制器:Public

[ 2017-05-22T15:11:34+08:00 ] 127.0.0.1 /Public/Admin/static/ace/js/bootstrap.js
ERR: 无法加载控制器:Public

[ 2017-05-22T15:11:34+08:00 ] 127.0.0.1 /Public/Admin/static/ace/js/ace/ace.js
ERR: 无法加载控制器:Public

[ 2017-05-22T15:11:34+08:00 ] 127.0.0.1 /Public/Admin/static/ace/js/bootstrap.js
ERR: 无法加载控制器:Public

[ 2017-05-22T15:11:34+08:00 ] 127.0.0.1 /Public/Admin/static/ace/js/ace/ace.js
ERR: 无法加载控制器:Public

[ 2017-05-22T15:11:34+08:00 ] 127.0.0.1 /Public/Admin/static/ace/js/jquery.js
ERR: 无法加载控制器:Public

[ 2017-05-22T15:12:51+08:00 ] 127.0.0.1 /Public/Admin/static/ace/css/bootstrap.css
ERR: 无法加载控制器:Public

[ 2017-05-22T15:12:51+08:00 ] 127.0.0.1 /Public/Admin/static/ace/css/ace.css
ERR: 无法加载控制器:Public

[ 2017-05-22T15:12:51+08:00 ] 127.0.0.1 /Public/Admin/static/ace/js/ace-extra.js
ERR: 无法加载控制器:Public

[ 2017-05-22T15:12:51+08:00 ] 127.0.0.1 /plugins/echarts/echarts.min.js
ERR: 无法加载控制器:Plugins

[ 2017-05-22T15:12:51+08:00 ] 127.0.0.1 /Public/Admin/static/ace/css/font-awesome.css
ERR: 无法加载控制器:Public

[ 2017-05-22T15:12:51+08:00 ] 127.0.0.1 /jquery.js
ERR: 无法加载控制器:Jquery.js

[ 2017-05-22T15:12:51+08:00 ] 127.0.0.1 /Public/Admin/static/ace/js/bootstrap.js
ERR: 无法加载控制器:Public

[ 2017-05-22T15:12:51+08:00 ] 127.0.0.1 /Public/Admin/static/ace/js/ace/ace.js
ERR: 无法加载控制器:Public

[ 2017-05-22T15:12:51+08:00 ] 127.0.0.1 /Public/Admin/static/ace/css/ace-fonts.css
ERR: 无法加载控制器:Public

[ 2017-05-22T15:12:51+08:00 ] 127.0.0.1 /Public/Admin/static/ace/js/jquery.js
ERR: 无法加载控制器:Public

[ 2017-05-22T15:12:51+08:00 ] 127.0.0.1 /plugins/echarts/echarts.min.js
ERR: 无法加载控制器:Plugins

[ 2017-05-22T15:12:51+08:00 ] 127.0.0.1 /jquery.js
ERR: 无法加载控制器:Jquery.js

[ 2017-05-22T15:12:51+08:00 ] 127.0.0.1 /Public/Admin/static/ace/js/bootstrap.js
ERR: 无法加载控制器:Public

[ 2017-05-22T15:12:51+08:00 ] 127.0.0.1 /Public/Admin/static/ace/js/ace/ace.js
ERR: 无法加载控制器:Public

[ 2017-05-22T15:12:51+08:00 ] 127.0.0.1 /Public/Admin/static/ace/js/jquery.js
ERR: 无法加载控制器:Public

[ 2017-05-22T15:13:13+08:00 ] 127.0.0.1 /Public/Admin/static/ace/css/bootstrap.css
ERR: 无法加载控制器:Public

[ 2017-05-22T15:13:13+08:00 ] 127.0.0.1 /Public/Admin/jquery.js
ERR: 无法加载控制器:Public

[ 2017-05-22T15:13:13+08:00 ] 127.0.0.1 /Public/Admin/static/ace/js/bootstrap.js
ERR: 无法加载控制器:Public

[ 2017-05-22T15:13:13+08:00 ] 127.0.0.1 /Public/Admin/static/ace/css/font-awesome.css
ERR: 无法加载控制器:Public

[ 2017-05-22T15:13:13+08:00 ] 127.0.0.1 /Public/Admin/static/ace/css/ace.css
ERR: 无法加载控制器:Public

[ 2017-05-22T15:13:13+08:00 ] 127.0.0.1 /Public/Admin/static/ace/js/ace-extra.js
ERR: 无法加载控制器:Public

[ 2017-05-22T15:13:13+08:00 ] 127.0.0.1 /Public/Admin/static/ace/js/ace/ace.js
ERR: 无法加载控制器:Public

[ 2017-05-22T15:13:13+08:00 ] 127.0.0.1 /Public/Admin/static/ace/js/jquery.js
ERR: 无法加载控制器:Public

[ 2017-05-22T15:13:13+08:00 ] 127.0.0.1 /Public/Admin/static/ace/css/ace-fonts.css
ERR: 无法加载控制器:Public

[ 2017-05-22T15:13:14+08:00 ] 127.0.0.1 /Public/Admin/jquery.js
ERR: 无法加载控制器:Public

[ 2017-05-22T15:13:14+08:00 ] 127.0.0.1 /Public/Admin/static/ace/js/bootstrap.js
ERR: 无法加载控制器:Public

[ 2017-05-22T15:13:14+08:00 ] 127.0.0.1 /Public/Admin/static/ace/js/ace/ace.js
ERR: 无法加载控制器:Public

[ 2017-05-22T15:13:14+08:00 ] 127.0.0.1 /Public/Admin/static/ace/js/jquery.js
ERR: 无法加载控制器:Public

[ 2017-05-22T15:14:24+08:00 ] 127.0.0.1 /Public/Admin/static/ace/css/bootstrap.css
ERR: 无法加载控制器:Public

[ 2017-05-22T15:14:24+08:00 ] 127.0.0.1 /Public/Admin/static/ace/css/ace-fonts.css
ERR: 无法加载控制器:Public

[ 2017-05-22T15:14:24+08:00 ] 127.0.0.1 /Public/Admin/static/ace/css/ace.css
ERR: 无法加载控制器:Public

[ 2017-05-22T15:14:24+08:00 ] 127.0.0.1 /Public/Admin/static/ace/js/bootstrap.js
ERR: 无法加载控制器:Public

[ 2017-05-22T15:14:24+08:00 ] 127.0.0.1 /Public/Admin/static/ace/js/ace-extra.js
ERR: 无法加载控制器:Public

[ 2017-05-22T15:14:24+08:00 ] 127.0.0.1 /Public/Admin/static/ace/js/ace/ace.js
ERR: 无法加载控制器:Public

[ 2017-05-22T15:14:24+08:00 ] 127.0.0.1 /Public/Admin/static/ace/css/font-awesome.css
ERR: 无法加载控制器:Public

[ 2017-05-22T15:14:24+08:00 ] 127.0.0.1 /Public/Admin/static/ace/js/jquery.js
ERR: 无法加载控制器:Public

[ 2017-05-22T15:14:24+08:00 ] 127.0.0.1 /Public/Admin/static/ace/js/jquery.js
ERR: 无法加载控制器:Public

[ 2017-05-22T15:14:24+08:00 ] 127.0.0.1 /Public/Admin/static/ace/js/bootstrap.js
ERR: 无法加载控制器:Public

[ 2017-05-22T15:14:25+08:00 ] 127.0.0.1 /Public/Admin/static/ace/js/ace/ace.js
ERR: 无法加载控制器:Public

[ 2017-05-22T15:14:25+08:00 ] 127.0.0.1 /Public/Admin/static/ace/js/jquery.js
ERR: 无法加载控制器:Public

[ 2017-05-22T15:15:07+08:00 ] 127.0.0.1 /Public/Admin/static/ace/css/bootstrap.css
ERR: 无法加载控制器:Public

[ 2017-05-22T15:15:17+08:00 ] 127.0.0.1 /Public/Admin/static/ace/css/bootstrap.css
ERR: 无法加载控制器:Public

[ 2017-05-22T15:19:52+08:00 ] 127.0.0.1 /Public/Admin/js/jquery.tips.js
ERR: 无法加载控制器:Public

[ 2017-05-22T15:19:54+08:00 ] 127.0.0.1 /Public/Admin/js/jquery.tips.js
ERR: 无法加载控制器:Public

[ 2017-05-22T15:20:43+08:00 ] 127.0.0.1 /Public/Admin/js/jquery.tips.js
ERR: 无法加载控制器:Public

[ 2017-05-22T15:20:44+08:00 ] 127.0.0.1 /Public/Admin/js/jquery.tips.js
ERR: 无法加载控制器:Public

[ 2017-05-22T15:22:59+08:00 ] 127.0.0.1 /Public/Admin/js/jquery.tips.js
ERR: 无法加载控制器:Public

[ 2017-05-22T15:23:00+08:00 ] 127.0.0.1 /Public/Admin/js/jquery.tips.js
ERR: 无法加载控制器:Public

[ 2017-05-22T15:24:12+08:00 ] 127.0.0.1 /Public/Admin/js/jquery.tips.js
ERR: 无法加载控制器:Public

[ 2017-05-22T15:24:13+08:00 ] 127.0.0.1 /Public/Admin/js/jquery.tips.js
ERR: 无法加载控制器:Public

[ 2017-05-22T15:26:12+08:00 ] 127.0.0.1 /Public/Admin/js/jquery.tips.js
ERR: 无法加载控制器:Public

[ 2017-05-22T15:26:13+08:00 ] 127.0.0.1 /Public/Admin/js/jquery.tips.js
ERR: 无法加载控制器:Public

[ 2017-05-22T15:26:13+08:00 ] 127.0.0.1 /index.php/head/getList.do?tm=1495437973643
INFO: [ app_begin ] --START--
INFO: Run Behavior\ReadHtmlCacheBehavior [ RunTime:0.001000s ]
INFO: [ app_begin ] --END-- [ RunTime:0.001000s ]
ERR: 无法加载控制器:Head

[ 2017-05-22T15:26:55+08:00 ] 127.0.0.1 /Public/Admin/js/jquery.tips.js
ERR: 无法加载控制器:Public

[ 2017-05-22T15:26:55+08:00 ] 127.0.0.1 /Public/Admin/js/jquery.tips.js
ERR: 无法加载控制器:Public

[ 2017-05-22T15:26:56+08:00 ] 127.0.0.1 /index.php/head/getList.do?tm=1495438016051
INFO: [ app_begin ] --START--
INFO: Run Behavior\ReadHtmlCacheBehavior [ RunTime:0.001000s ]
INFO: [ app_begin ] --END-- [ RunTime:0.001000s ]
ERR: 无法加载控制器:Head

[ 2017-05-22T15:27:12+08:00 ] 127.0.0.1 /index.php/head/getList.do?tm=1495438032464
INFO: [ app_begin ] --START--
INFO: Run Behavior\ReadHtmlCacheBehavior [ RunTime:0.001000s ]
INFO: [ app_begin ] --END-- [ RunTime:0.001000s ]
ERR: 无法加载控制器:Head

[ 2017-05-22T15:27:32+08:00 ] 127.0.0.1 /index.php/head/getList.do?tm=1495438052524
INFO: [ app_begin ] --START--
INFO: Run Behavior\ReadHtmlCacheBehavior [ RunTime:0.000000s ]
INFO: [ app_begin ] --END-- [ RunTime:0.002001s ]
ERR: 无法加载控制器:Head

[ 2017-05-22T15:31:33+08:00 ] 127.0.0.1 /index.php/head/getList.do?tm=1495438293406
INFO: [ app_begin ] --START--
INFO: Run Behavior\ReadHtmlCacheBehavior [ RunTime:0.001000s ]
INFO: [ app_begin ] --END-- [ RunTime:0.002000s ]
ERR: 无法加载控制器:Head

[ 2017-05-22T15:35:20+08:00 ] 127.0.0.1 /index.php/head/getList.do?tm=1495438520307
INFO: [ app_begin ] --START--
INFO: Run Behavior\ReadHtmlCacheBehavior [ RunTime:0.001000s ]
INFO: [ app_begin ] --END-- [ RunTime:0.002000s ]
ERR: 无法加载控制器:Head

[ 2017-05-22T15:36:09+08:00 ] 127.0.0.1 /index.php/head/getList.do?tm=1495438569862
INFO: [ app_begin ] --START--
INFO: Run Behavior\ReadHtmlCacheBehavior [ RunTime:0.001000s ]
INFO: [ app_begin ] --END-- [ RunTime:0.001000s ]
ERR: 无法加载控制器:Head

[ 2017-05-22T15:37:08+08:00 ] 127.0.0.1 /index.php/head/getList.do?tm=1495438628582
INFO: [ app_begin ] --START--
INFO: Run Behavior\ReadHtmlCacheBehavior [ RunTime:0.001000s ]
INFO: [ app_begin ] --END-- [ RunTime:0.003000s ]
ERR: 无法加载控制器:Head

[ 2017-05-22T15:37:28+08:00 ] 127.0.0.1 /index.php/head/getList.do?tm=1495438648165
INFO: [ app_begin ] --START--
INFO: Run Behavior\ReadHtmlCacheBehavior [ RunTime:0.001000s ]
INFO: [ app_begin ] --END-- [ RunTime:0.003000s ]
ERR: 无法加载控制器:Head

[ 2017-05-22T15:37:52+08:00 ] 127.0.0.1 /index.php/head/getList.do?tm=1495438671847
INFO: [ app_begin ] --START--
INFO: Run Behavior\ReadHtmlCacheBehavior [ RunTime:0.000000s ]
INFO: [ app_begin ] --END-- [ RunTime:0.001000s ]
ERR: 无法加载控制器:Head

[ 2017-05-22T15:38:16+08:00 ] 127.0.0.1 /index.php/head/getList.do?tm=1495438696501
INFO: [ app_begin ] --START--
INFO: Run Behavior\ReadHtmlCacheBehavior [ RunTime:0.001000s ]
INFO: [ app_begin ] --END-- [ RunTime:0.001000s ]
ERR: 无法加载控制器:Head

[ 2017-05-22T15:39:26+08:00 ] 127.0.0.1 /index.php/head/getList.do?tm=1495438766724
INFO: [ app_begin ] --START--
INFO: Run Behavior\ReadHtmlCacheBehavior [ RunTime:0.001000s ]
INFO: [ app_begin ] --END-- [ RunTime:0.001000s ]
ERR: 无法加载控制器:Head

[ 2017-05-22T15:39:53+08:00 ] 127.0.0.1 /index.php/head/getList.do?tm=1495438793053
INFO: [ app_begin ] --START--
INFO: Run Behavior\ReadHtmlCacheBehavior [ RunTime:0.000000s ]
INFO: [ app_begin ] --END-- [ RunTime:0.001000s ]
ERR: 无法加载控制器:Head

[ 2017-05-22T15:43:54+08:00 ] 127.0.0.1 /index.php/head/getList.do?tm=1495439034675
INFO: [ app_begin ] --START--
INFO: Run Behavior\ReadHtmlCacheBehavior [ RunTime:0.001000s ]
INFO: [ app_begin ] --END-- [ RunTime:0.001000s ]
ERR: 无法加载控制器:Head

[ 2017-05-22T16:11:46+08:00 ] 127.0.0.1 /index.php/Home/Index/js/jquery-1.7.2.js
ERR: 非法操作:js

[ 2017-05-22T16:11:46+08:00 ] 127.0.0.1 /index.php/Home/Index/js/jQuery.md5.js
ERR: 非法操作:js

[ 2017-05-22T16:11:46+08:00 ] 127.0.0.1 /index.php/Home/Index/js/jquery.tips.js
ERR: 非法操作:js

[ 2017-05-22T16:11:46+08:00 ] 127.0.0.1 /index.php/Home/Index/js/jquery.cookie.js
ERR: 非法操作:js

[ 2017-05-22T16:11:46+08:00 ] 127.0.0.1 /index.php/Home/Index/js/jquery-1.7.2.js
ERR: 非法操作:js

[ 2017-05-22T16:11:46+08:00 ] 127.0.0.1 /index.php/Home/Index/js/jQuery.md5.js
ERR: 非法操作:js

[ 2017-05-22T16:11:47+08:00 ] 127.0.0.1 /index.php/Home/Index/js/jquery.tips.js
ERR: 非法操作:js

[ 2017-05-22T16:11:47+08:00 ] 127.0.0.1 /index.php/Home/Index/js/jquery.cookie.js
ERR: 非法操作:js

[ 2017-05-22T16:11:47+08:00 ] 127.0.0.1 /index.php/Home/Index/code.do?t=1495440707082
ERR: 非法操作:code.do

[ 2017-05-22T16:11:48+08:00 ] 127.0.0.1 /index.php/Home/Index/code.do?t=1495440708690
ERR: 非法操作:code.do

[ 2017-05-22T16:11:51+08:00 ] 127.0.0.1 /index.php/Home/Index/code.do?t=1495440711772
ERR: 非法操作:code.do

[ 2017-05-22T17:07:51+08:00 ] 127.0.0.1 /Public/Admin/static/ace/css/less/ace.css
ERR: 无法加载控制器:Public

[ 2017-05-22T17:07:51+08:00 ] 127.0.0.1 /Public/Admin//Public/Admin/static/ace/js/bootstrap.js
ERR: 无法加载控制器:Public

[ 2017-05-22T17:07:51+08:00 ] 127.0.0.1 /Public/Admin//Public/Admin/static/ace/js/date-time/bootstrap-datepicker.js
ERR: 无法加载控制器:Public

[ 2017-05-22T17:07:51+08:00 ] 127.0.0.1 /Public/Admin//Public/Admin/static/ace/js/bootbox.js
ERR: 无法加载控制器:Public

[ 2017-05-22T17:07:51+08:00 ] 127.0.0.1 /Public/Admin//Public/Admin/static/ace/js/ace/ace.js
ERR: 无法加载控制器:Public

[ 2017-05-22T17:07:51+08:00 ] 127.0.0.1 /Public/Admin//Public/Admin/static/ace/js/chosen.jquery.js
ERR: 无法加载控制器:Public

[ 2017-05-22T17:07:51+08:00 ] 127.0.0.1 /Public/Admin/static/ace/css/less/ace.css
ERR: 无法加载控制器:Public

[ 2017-05-22T17:07:52+08:00 ] 127.0.0.1 /Public/Admin//Public/Admin/static/ace/js/bootstrap.js
ERR: 无法加载控制器:Public

[ 2017-05-22T17:07:52+08:00 ] 127.0.0.1 /Public/Admin//Public/Admin/static/ace/js/bootbox.js
ERR: 无法加载控制器:Public

[ 2017-05-22T17:07:52+08:00 ] 127.0.0.1 /Public/Admin//Public/Admin/static/ace/js/ace/ace.js
ERR: 无法加载控制器:Public

[ 2017-05-22T17:07:52+08:00 ] 127.0.0.1 /Public/Admin//Public/Admin/static/ace/js/chosen.jquery.js
ERR: 无法加载控制器:Public

[ 2017-05-22T17:07:52+08:00 ] 127.0.0.1 /Public/Admin//Public/Admin/static/ace/js/date-time/bootstrap-datepicker.js
ERR: 无法加载控制器:Public

[ 2017-05-22T17:20:49+08:00 ] 127.0.0.1 /Public/Admin/static/ace/css/less/ace.css
ERR: 无法加载控制器:Public

[ 2017-05-22T17:20:49+08:00 ] 127.0.0.1 /Public/Admin//Public/Admin/static/ace/js/chosen.jquery.js
ERR: 无法加载控制器:Public

[ 2017-05-22T17:20:49+08:00 ] 127.0.0.1 /Public/Admin//Public/Admin/static/ace/js/ace/ace.js
ERR: 无法加载控制器:Public

[ 2017-05-22T17:20:49+08:00 ] 127.0.0.1 /Public/Admin//Public/Admin/static/ace/js/date-time/bootstrap-datepicker.js
ERR: 无法加载控制器:Public

[ 2017-05-22T17:20:49+08:00 ] 127.0.0.1 /Public/Admin//Public/Admin/static/ace/js/bootstrap.js
ERR: 无法加载控制器:Public

[ 2017-05-22T17:20:49+08:00 ] 127.0.0.1 /Public/Admin//Public/Admin/static/ace/js/bootbox.js
ERR: 无法加载控制器:Public

[ 2017-05-22T17:20:49+08:00 ] 127.0.0.1 /Public/Admin/static/ace/css/less/ace.css
ERR: 无法加载控制器:Public

[ 2017-05-22T17:20:50+08:00 ] 127.0.0.1 /Public/Admin//Public/Admin/static/ace/js/bootstrap.js
ERR: 无法加载控制器:Public

[ 2017-05-22T17:20:50+08:00 ] 127.0.0.1 /Public/Admin//Public/Admin/static/ace/js/bootbox.js
ERR: 无法加载控制器:Public

[ 2017-05-22T17:20:50+08:00 ] 127.0.0.1 /Public/Admin//Public/Admin/static/ace/js/ace/ace.js
ERR: 无法加载控制器:Public

[ 2017-05-22T17:20:50+08:00 ] 127.0.0.1 /Public/Admin//Public/Admin/static/ace/js/chosen.jquery.js
ERR: 无法加载控制器:Public

[ 2017-05-22T17:20:50+08:00 ] 127.0.0.1 /Public/Admin//Public/Admin/static/ace/js/date-time/bootstrap-datepicker.js
ERR: 无法加载控制器:Public

[ 2017-05-22T17:21:50+08:00 ] 127.0.0.1 /Public/Admin//Public/Admin/static/ace/js/bootbox.js
ERR: 无法加载控制器:Public

[ 2017-05-22T17:21:50+08:00 ] 127.0.0.1 /Public/Admin/static/ace/css/less/ace.css
ERR: 无法加载控制器:Public

[ 2017-05-22T17:21:50+08:00 ] 127.0.0.1 /Public/Admin//Public/Admin/static/ace/js/bootstrap.js
ERR: 无法加载控制器:Public

[ 2017-05-22T17:21:50+08:00 ] 127.0.0.1 /Public/Admin//Public/Admin/static/ace/js/chosen.jquery.js
ERR: 无法加载控制器:Public

[ 2017-05-22T17:21:50+08:00 ] 127.0.0.1 /Public/Admin//Public/Admin/static/ace/js/ace/ace.js
ERR: 无法加载控制器:Public

[ 2017-05-22T17:21:50+08:00 ] 127.0.0.1 /Public/Admin//Public/Admin/static/ace/js/date-time/bootstrap-datepicker.js
ERR: 无法加载控制器:Public

[ 2017-05-22T17:21:50+08:00 ] 127.0.0.1 /Public/Admin/static/ace/css/less/ace.css
ERR: 无法加载控制器:Public

[ 2017-05-22T17:21:50+08:00 ] 127.0.0.1 /Public/Admin//Public/Admin/static/ace/js/bootstrap.js
ERR: 无法加载控制器:Public

[ 2017-05-22T17:21:50+08:00 ] 127.0.0.1 /Public/Admin//Public/Admin/static/ace/js/bootbox.js
ERR: 无法加载控制器:Public

[ 2017-05-22T17:21:50+08:00 ] 127.0.0.1 /Public/Admin//Public/Admin/static/ace/js/ace/ace.js
ERR: 无法加载控制器:Public

[ 2017-05-22T17:21:50+08:00 ] 127.0.0.1 /Public/Admin//Public/Admin/static/ace/js/chosen.jquery.js
ERR: 无法加载控制器:Public

[ 2017-05-22T17:21:51+08:00 ] 127.0.0.1 /Public/Admin//Public/Admin/static/ace/js/date-time/bootstrap-datepicker.js
ERR: 无法加载控制器:Public

[ 2017-05-22T17:21:54+08:00 ] 127.0.0.1 /Public/Admin//Public/Admin/static/ace/js/bootstrap.js
ERR: 无法加载控制器:Public

[ 2017-05-22T17:21:54+08:00 ] 127.0.0.1 /Public/Admin//Public/Admin/static/ace/js/bootbox.js
ERR: 无法加载控制器:Public

[ 2017-05-22T17:21:54+08:00 ] 127.0.0.1 /Public/Admin/static/ace/css/less/ace.css
ERR: 无法加载控制器:Public

[ 2017-05-22T17:21:54+08:00 ] 127.0.0.1 /Public/Admin//Public/Admin/static/ace/js/ace/ace.js
ERR: 无法加载控制器:Public

[ 2017-05-22T17:21:54+08:00 ] 127.0.0.1 /Public/Admin//Public/Admin/static/ace/js/date-time/bootstrap-datepicker.js
ERR: 无法加载控制器:Public

[ 2017-05-22T17:21:54+08:00 ] 127.0.0.1 /Public/Admin//Public/Admin/static/ace/js/chosen.jquery.js
ERR: 无法加载控制器:Public

[ 2017-05-22T17:21:54+08:00 ] 127.0.0.1 /Public/Admin/static/ace/css/less/ace.css
ERR: 无法加载控制器:Public

[ 2017-05-22T17:21:54+08:00 ] 127.0.0.1 /Public/Admin//Public/Admin/static/ace/js/bootstrap.js
ERR: 无法加载控制器:Public

[ 2017-05-22T17:21:54+08:00 ] 127.0.0.1 /Public/Admin//Public/Admin/static/ace/js/bootbox.js
ERR: 无法加载控制器:Public

[ 2017-05-22T17:21:54+08:00 ] 127.0.0.1 /Public/Admin//Public/Admin/static/ace/js/ace/ace.js
ERR: 无法加载控制器:Public

[ 2017-05-22T17:21:54+08:00 ] 127.0.0.1 /Public/Admin//Public/Admin/static/ace/js/chosen.jquery.js
ERR: 无法加载控制器:Public

[ 2017-05-22T17:21:54+08:00 ] 127.0.0.1 /Public/Admin//Public/Admin/static/ace/js/date-time/bootstrap-datepicker.js
ERR: 无法加载控制器:Public

[ 2017-05-22T17:21:54+08:00 ] 127.0.0.1 /Public/Admin//Public/Admin/static/ace/js/bootbox.js
ERR: 无法加载控制器:Public

[ 2017-05-22T17:21:54+08:00 ] 127.0.0.1 /Public/Admin/static/ace/css/less/ace.css
ERR: 无法加载控制器:Public

[ 2017-05-22T17:21:54+08:00 ] 127.0.0.1 /Public/Admin//Public/Admin/static/ace/js/date-time/bootstrap-datepicker.js
ERR: 无法加载控制器:Public

[ 2017-05-22T17:21:54+08:00 ] 127.0.0.1 /Public/Admin//Public/Admin/static/ace/js/bootstrap.js
ERR: 无法加载控制器:Public

[ 2017-05-22T17:21:54+08:00 ] 127.0.0.1 /Public/Admin//Public/Admin/static/ace/js/ace/ace.js
ERR: 无法加载控制器:Public

[ 2017-05-22T17:21:54+08:00 ] 127.0.0.1 /Public/Admin//Public/Admin/static/ace/js/chosen.jquery.js
ERR: 无法加载控制器:Public

[ 2017-05-22T17:21:54+08:00 ] 127.0.0.1 /Public/Admin/static/ace/css/less/ace.css
ERR: 无法加载控制器:Public

[ 2017-05-22T17:21:55+08:00 ] 127.0.0.1 /Public/Admin//Public/Admin/static/ace/js/bootstrap.js
ERR: 无法加载控制器:Public

[ 2017-05-22T17:21:55+08:00 ] 127.0.0.1 /Public/Admin//Public/Admin/static/ace/js/bootbox.js
ERR: 无法加载控制器:Public

[ 2017-05-22T17:21:55+08:00 ] 127.0.0.1 /Public/Admin//Public/Admin/static/ace/js/ace/ace.js
ERR: 无法加载控制器:Public

[ 2017-05-22T17:21:55+08:00 ] 127.0.0.1 /Public/Admin//Public/Admin/static/ace/js/chosen.jquery.js
ERR: 无法加载控制器:Public

[ 2017-05-22T17:21:55+08:00 ] 127.0.0.1 /Public/Admin//Public/Admin/static/ace/js/date-time/bootstrap-datepicker.js
ERR: 无法加载控制器:Public

[ 2017-05-22T17:21:55+08:00 ] 127.0.0.1 /Public/Admin//Public/Admin/static/ace/js/ace/ace.js
ERR: 无法加载控制器:Public

[ 2017-05-22T17:21:55+08:00 ] 127.0.0.1 /Public/Admin//Public/Admin/static/ace/js/bootstrap.js
ERR: 无法加载控制器:Public

[ 2017-05-22T17:21:55+08:00 ] 127.0.0.1 /Public/Admin//Public/Admin/static/ace/js/date-time/bootstrap-datepicker.js
ERR: 无法加载控制器:Public

[ 2017-05-22T17:21:55+08:00 ] 127.0.0.1 /Public/Admin//Public/Admin/static/ace/js/bootbox.js
ERR: 无法加载控制器:Public

[ 2017-05-22T17:21:55+08:00 ] 127.0.0.1 /Public/Admin/static/ace/css/less/ace.css
ERR: 无法加载控制器:Public

[ 2017-05-22T17:21:55+08:00 ] 127.0.0.1 /Public/Admin//Public/Admin/static/ace/js/chosen.jquery.js
ERR: 无法加载控制器:Public

[ 2017-05-22T17:21:55+08:00 ] 127.0.0.1 /Public/Admin/static/ace/css/less/ace.css
ERR: 无法加载控制器:Public

[ 2017-05-22T17:21:55+08:00 ] 127.0.0.1 /Public/Admin//Public/Admin/static/ace/js/bootstrap.js
ERR: 无法加载控制器:Public

[ 2017-05-22T17:21:55+08:00 ] 127.0.0.1 /Public/Admin//Public/Admin/static/ace/js/bootbox.js
ERR: 无法加载控制器:Public

[ 2017-05-22T17:21:55+08:00 ] 127.0.0.1 /Public/Admin//Public/Admin/static/ace/js/ace/ace.js
ERR: 无法加载控制器:Public

[ 2017-05-22T17:21:55+08:00 ] 127.0.0.1 /Public/Admin//Public/Admin/static/ace/js/chosen.jquery.js
ERR: 无法加载控制器:Public

[ 2017-05-22T17:21:56+08:00 ] 127.0.0.1 /Public/Admin//Public/Admin/static/ace/js/date-time/bootstrap-datepicker.js
ERR: 无法加载控制器:Public

[ 2017-05-22T17:21:59+08:00 ] 127.0.0.1 /Public/Admin/static/ace/css/less/ace.css
ERR: 无法加载控制器:Public

[ 2017-05-22T17:21:59+08:00 ] 127.0.0.1 /Public/Admin//Public/Admin/static/ace/js/bootbox.js
ERR: 无法加载控制器:Public

[ 2017-05-22T17:21:59+08:00 ] 127.0.0.1 /Public/Admin//Public/Admin/static/ace/js/bootstrap.js
ERR: 无法加载控制器:Public

[ 2017-05-22T17:21:59+08:00 ] 127.0.0.1 /Public/Admin//Public/Admin/static/ace/js/ace/ace.js
ERR: 无法加载控制器:Public

[ 2017-05-22T17:21:59+08:00 ] 127.0.0.1 /Public/Admin//Public/Admin/static/ace/js/chosen.jquery.js
ERR: 无法加载控制器:Public

[ 2017-05-22T17:21:59+08:00 ] 127.0.0.1 /Public/Admin//Public/Admin/static/ace/js/date-time/bootstrap-datepicker.js
ERR: 无法加载控制器:Public

[ 2017-05-22T17:21:59+08:00 ] 127.0.0.1 /Public/Admin/static/ace/css/less/ace.css
ERR: 无法加载控制器:Public

[ 2017-05-22T17:21:59+08:00 ] 127.0.0.1 /Public/Admin//Public/Admin/static/ace/js/bootstrap.js
ERR: 无法加载控制器:Public

[ 2017-05-22T17:21:59+08:00 ] 127.0.0.1 /Public/Admin//Public/Admin/static/ace/js/bootbox.js
ERR: 无法加载控制器:Public

[ 2017-05-22T17:21:59+08:00 ] 127.0.0.1 /Public/Admin//Public/Admin/static/ace/js/ace/ace.js
ERR: 无法加载控制器:Public

[ 2017-05-22T17:21:59+08:00 ] 127.0.0.1 /Public/Admin//Public/Admin/static/ace/js/chosen.jquery.js
ERR: 无法加载控制器:Public

[ 2017-05-22T17:21:59+08:00 ] 127.0.0.1 /Public/Admin//Public/Admin/static/ace/js/date-time/bootstrap-datepicker.js
ERR: 无法加载控制器:Public

[ 2017-05-22T17:22:00+08:00 ] 127.0.0.1 /Public/Admin//Public/Admin/static/ace/js/bootstrap.js
ERR: 无法加载控制器:Public

[ 2017-05-22T17:22:00+08:00 ] 127.0.0.1 /Public/Admin/static/ace/css/less/ace.css
ERR: 无法加载控制器:Public

[ 2017-05-22T17:22:00+08:00 ] 127.0.0.1 /Public/Admin//Public/Admin/static/ace/js/ace/ace.js
ERR: 无法加载控制器:Public

[ 2017-05-22T17:22:00+08:00 ] 127.0.0.1 /Public/Admin//Public/Admin/static/ace/js/date-time/bootstrap-datepicker.js
ERR: 无法加载控制器:Public

[ 2017-05-22T17:22:00+08:00 ] 127.0.0.1 /Public/Admin//Public/Admin/static/ace/js/bootbox.js
ERR: 无法加载控制器:Public

[ 2017-05-22T17:22:00+08:00 ] 127.0.0.1 /Public/Admin//Public/Admin/static/ace/js/chosen.jquery.js
ERR: 无法加载控制器:Public

[ 2017-05-22T17:22:00+08:00 ] 127.0.0.1 /Public/Admin/static/ace/css/less/ace.css
ERR: 无法加载控制器:Public

[ 2017-05-22T17:22:00+08:00 ] 127.0.0.1 /Public/Admin//Public/Admin/static/ace/js/bootstrap.js
ERR: 无法加载控制器:Public

[ 2017-05-22T17:22:00+08:00 ] 127.0.0.1 /Public/Admin//Public/Admin/static/ace/js/bootbox.js
ERR: 无法加载控制器:Public

[ 2017-05-22T17:22:00+08:00 ] 127.0.0.1 /Public/Admin//Public/Admin/static/ace/js/ace/ace.js
ERR: 无法加载控制器:Public

[ 2017-05-22T17:22:00+08:00 ] 127.0.0.1 /Public/Admin//Public/Admin/static/ace/js/chosen.jquery.js
ERR: 无法加载控制器:Public

[ 2017-05-22T17:22:00+08:00 ] 127.0.0.1 /Public/Admin//Public/Admin/static/ace/js/date-time/bootstrap-datepicker.js
ERR: 无法加载控制器:Public

[ 2017-05-22T17:22:01+08:00 ] 127.0.0.1 /Public/Admin//Public/Admin/static/ace/js/bootbox.js
ERR: 无法加载控制器:Public

[ 2017-05-22T17:22:01+08:00 ] 127.0.0.1 /Public/Admin//Public/Admin/static/ace/js/bootstrap.js
ERR: 无法加载控制器:Public

[ 2017-05-22T17:22:01+08:00 ] 127.0.0.1 /Public/Admin/static/ace/css/less/ace.css
ERR: 无法加载控制器:Public

[ 2017-05-22T17:22:01+08:00 ] 127.0.0.1 /Public/Admin//Public/Admin/static/ace/js/ace/ace.js
ERR: 无法加载控制器:Public

[ 2017-05-22T17:22:01+08:00 ] 127.0.0.1 /Public/Admin//Public/Admin/static/ace/js/date-time/bootstrap-datepicker.js
ERR: 无法加载控制器:Public

[ 2017-05-22T17:22:01+08:00 ] 127.0.0.1 /Public/Admin//Public/Admin/static/ace/js/chosen.jquery.js
ERR: 无法加载控制器:Public

[ 2017-05-22T17:22:01+08:00 ] 127.0.0.1 /Public/Admin/static/ace/css/less/ace.css
ERR: 无法加载控制器:Public

[ 2017-05-22T17:22:01+08:00 ] 127.0.0.1 /Public/Admin//Public/Admin/static/ace/js/bootstrap.js
ERR: 无法加载控制器:Public

[ 2017-05-22T17:22:01+08:00 ] 127.0.0.1 /Public/Admin//Public/Admin/static/ace/js/bootbox.js
ERR: 无法加载控制器:Public

[ 2017-05-22T17:22:01+08:00 ] 127.0.0.1 /Public/Admin//Public/Admin/static/ace/js/ace/ace.js
ERR: 无法加载控制器:Public

[ 2017-05-22T17:22:01+08:00 ] 127.0.0.1 /Public/Admin//Public/Admin/static/ace/js/chosen.jquery.js
ERR: 无法加载控制器:Public

[ 2017-05-22T17:22:01+08:00 ] 127.0.0.1 /Public/Admin//Public/Admin/static/ace/js/date-time/bootstrap-datepicker.js
ERR: 无法加载控制器:Public

[ 2017-05-22T17:22:02+08:00 ] 127.0.0.1 /Public/Admin//Public/Admin/static/ace/js/bootstrap.js
ERR: 无法加载控制器:Public

[ 2017-05-22T17:22:02+08:00 ] 127.0.0.1 /Public/Admin//Public/Admin/static/ace/js/ace/ace.js
ERR: 无法加载控制器:Public

[ 2017-05-22T17:22:02+08:00 ] 127.0.0.1 /Public/Admin/static/ace/css/less/ace.css
ERR: 无法加载控制器:Public

[ 2017-05-22T17:22:02+08:00 ] 127.0.0.1 /Public/Admin//Public/Admin/static/ace/js/chosen.jquery.js
ERR: 无法加载控制器:Public

[ 2017-05-22T17:22:02+08:00 ] 127.0.0.1 /Public/Admin//Public/Admin/static/ace/js/bootbox.js
ERR: 无法加载控制器:Public

[ 2017-05-22T17:22:02+08:00 ] 127.0.0.1 /Public/Admin//Public/Admin/static/ace/js/date-time/bootstrap-datepicker.js
ERR: 无法加载控制器:Public

[ 2017-05-22T17:22:02+08:00 ] 127.0.0.1 /Public/Admin/static/ace/css/less/ace.css
ERR: 无法加载控制器:Public

[ 2017-05-22T17:22:02+08:00 ] 127.0.0.1 /Public/Admin//Public/Admin/static/ace/js/bootstrap.js
ERR: 无法加载控制器:Public

[ 2017-05-22T17:22:02+08:00 ] 127.0.0.1 /Public/Admin//Public/Admin/static/ace/js/bootbox.js
ERR: 无法加载控制器:Public

[ 2017-05-22T17:22:03+08:00 ] 127.0.0.1 /Public/Admin//Public/Admin/static/ace/js/ace/ace.js
ERR: 无法加载控制器:Public

[ 2017-05-22T17:22:03+08:00 ] 127.0.0.1 /Public/Admin//Public/Admin/static/ace/js/chosen.jquery.js
ERR: 无法加载控制器:Public

[ 2017-05-22T17:22:03+08:00 ] 127.0.0.1 /Public/Admin//Public/Admin/static/ace/js/date-time/bootstrap-datepicker.js
ERR: 无法加载控制器:Public

[ 2017-05-22T17:22:04+08:00 ] 127.0.0.1 /Public/Admin//Public/Admin/static/ace/js/bootstrap.js
ERR: 无法加载控制器:Public

[ 2017-05-22T17:22:05+08:00 ] 127.0.0.1 /Public/Admin/static/ace/css/less/ace.css
ERR: 无法加载控制器:Public

[ 2017-05-22T17:22:05+08:00 ] 127.0.0.1 /Public/Admin//Public/Admin/static/ace/js/chosen.jquery.js
ERR: 无法加载控制器:Public

[ 2017-05-22T17:22:05+08:00 ] 127.0.0.1 /Public/Admin//Public/Admin/static/ace/js/bootbox.js
ERR: 无法加载控制器:Public

[ 2017-05-22T17:22:05+08:00 ] 127.0.0.1 /Public/Admin//Public/Admin/static/ace/js/ace/ace.js
ERR: 无法加载控制器:Public

[ 2017-05-22T17:22:05+08:00 ] 127.0.0.1 /Public/Admin//Public/Admin/static/ace/js/date-time/bootstrap-datepicker.js
ERR: 无法加载控制器:Public

[ 2017-05-22T17:22:05+08:00 ] 127.0.0.1 /Public/Admin/static/ace/css/less/ace.css
ERR: 无法加载控制器:Public

[ 2017-05-22T17:22:05+08:00 ] 127.0.0.1 /Public/Admin//Public/Admin/static/ace/js/bootstrap.js
ERR: 无法加载控制器:Public

[ 2017-05-22T17:22:05+08:00 ] 127.0.0.1 /Public/Admin//Public/Admin/static/ace/js/bootbox.js
ERR: 无法加载控制器:Public

[ 2017-05-22T17:22:05+08:00 ] 127.0.0.1 /Public/Admin//Public/Admin/static/ace/js/ace/ace.js
ERR: 无法加载控制器:Public

[ 2017-05-22T17:22:05+08:00 ] 127.0.0.1 /Public/Admin//Public/Admin/static/ace/js/chosen.jquery.js
ERR: 无法加载控制器:Public

[ 2017-05-22T17:22:05+08:00 ] 127.0.0.1 /Public/Admin//Public/Admin/static/ace/js/date-time/bootstrap-datepicker.js
ERR: 无法加载控制器:Public

[ 2017-05-22T17:22:08+08:00 ] 127.0.0.1 /Public/Admin//Public/Admin/static/ace/js/bootbox.js
ERR: 无法加载控制器:Public

[ 2017-05-22T17:22:08+08:00 ] 127.0.0.1 /Public/Admin//Public/Admin/static/ace/js/bootstrap.js
ERR: 无法加载控制器:Public

[ 2017-05-22T17:22:08+08:00 ] 127.0.0.1 /Public/Admin/static/ace/css/less/ace.css
ERR: 无法加载控制器:Public

[ 2017-05-22T17:22:08+08:00 ] 127.0.0.1 /Public/Admin//Public/Admin/static/ace/js/chosen.jquery.js
ERR: 无法加载控制器:Public

[ 2017-05-22T17:22:08+08:00 ] 127.0.0.1 /Public/Admin//Public/Admin/static/ace/js/ace/ace.js
ERR: 无法加载控制器:Public

[ 2017-05-22T17:22:08+08:00 ] 127.0.0.1 /Public/Admin//Public/Admin/static/ace/js/date-time/bootstrap-datepicker.js
ERR: 无法加载控制器:Public

[ 2017-05-22T17:22:08+08:00 ] 127.0.0.1 /Public/Admin/static/ace/css/less/ace.css
ERR: 无法加载控制器:Public

[ 2017-05-22T17:22:09+08:00 ] 127.0.0.1 /Public/Admin//Public/Admin/static/ace/js/bootstrap.js
ERR: 无法加载控制器:Public

[ 2017-05-22T17:22:09+08:00 ] 127.0.0.1 /Public/Admin//Public/Admin/static/ace/js/bootbox.js
ERR: 无法加载控制器:Public

[ 2017-05-22T17:22:09+08:00 ] 127.0.0.1 /Public/Admin//Public/Admin/static/ace/js/ace/ace.js
ERR: 无法加载控制器:Public

[ 2017-05-22T17:22:09+08:00 ] 127.0.0.1 /Public/Admin//Public/Admin/static/ace/js/chosen.jquery.js
ERR: 无法加载控制器:Public

[ 2017-05-22T17:22:09+08:00 ] 127.0.0.1 /Public/Admin//Public/Admin/static/ace/js/date-time/bootstrap-datepicker.js
ERR: 无法加载控制器:Public

[ 2017-05-22T17:22:09+08:00 ] 127.0.0.1 /Public/Admin//Public/Admin/static/ace/js/bootbox.js
ERR: 无法加载控制器:Public

[ 2017-05-22T17:22:09+08:00 ] 127.0.0.1 /Public/Admin/static/ace/css/less/ace.css
ERR: 无法加载控制器:Public

[ 2017-05-22T17:22:09+08:00 ] 127.0.0.1 /Public/Admin//Public/Admin/static/ace/js/bootstrap.js
ERR: 无法加载控制器:Public

[ 2017-05-22T17:22:09+08:00 ] 127.0.0.1 /Public/Admin//Public/Admin/static/ace/js/chosen.jquery.js
ERR: 无法加载控制器:Public

[ 2017-05-22T17:22:09+08:00 ] 127.0.0.1 /Public/Admin//Public/Admin/static/ace/js/ace/ace.js
ERR: 无法加载控制器:Public

[ 2017-05-22T17:22:09+08:00 ] 127.0.0.1 /Public/Admin//Public/Admin/static/ace/js/date-time/bootstrap-datepicker.js
ERR: 无法加载控制器:Public

[ 2017-05-22T17:22:09+08:00 ] 127.0.0.1 /Public/Admin/static/ace/css/less/ace.css
ERR: 无法加载控制器:Public

[ 2017-05-22T17:22:09+08:00 ] 127.0.0.1 /Public/Admin//Public/Admin/static/ace/js/bootstrap.js
ERR: 无法加载控制器:Public

[ 2017-05-22T17:22:09+08:00 ] 127.0.0.1 /Public/Admin//Public/Admin/static/ace/js/bootbox.js
ERR: 无法加载控制器:Public

[ 2017-05-22T17:22:09+08:00 ] 127.0.0.1 /Public/Admin//Public/Admin/static/ace/js/ace/ace.js
ERR: 无法加载控制器:Public

[ 2017-05-22T17:22:09+08:00 ] 127.0.0.1 /Public/Admin//Public/Admin/static/ace/js/chosen.jquery.js
ERR: 无法加载控制器:Public

[ 2017-05-22T17:22:09+08:00 ] 127.0.0.1 /Public/Admin//Public/Admin/static/ace/js/date-time/bootstrap-datepicker.js
ERR: 无法加载控制器:Public

[ 2017-05-22T17:22:13+08:00 ] 127.0.0.1 /Public/Admin/static/ace/css/less/ace.css
ERR: 无法加载控制器:Public

[ 2017-05-22T17:22:13+08:00 ] 127.0.0.1 /Public/Admin//Public/Admin/static/ace/js/bootstrap.js
ERR: 无法加载控制器:Public

[ 2017-05-22T17:22:13+08:00 ] 127.0.0.1 /Public/Admin//Public/Admin/static/ace/js/date-time/bootstrap-datepicker.js
ERR: 无法加载控制器:Public

[ 2017-05-22T17:22:13+08:00 ] 127.0.0.1 /Public/Admin//Public/Admin/static/ace/js/chosen.jquery.js
ERR: 无法加载控制器:Public

[ 2017-05-22T17:22:13+08:00 ] 127.0.0.1 /Public/Admin//Public/Admin/static/ace/js/bootbox.js
ERR: 无法加载控制器:Public

[ 2017-05-22T17:22:13+08:00 ] 127.0.0.1 /Public/Admin//Public/Admin/static/ace/js/ace/ace.js
ERR: 无法加载控制器:Public

[ 2017-05-22T17:22:13+08:00 ] 127.0.0.1 /Public/Admin/static/ace/css/less/ace.css
ERR: 无法加载控制器:Public

[ 2017-05-22T17:22:13+08:00 ] 127.0.0.1 /Public/Admin//Public/Admin/static/ace/js/bootstrap.js
ERR: 无法加载控制器:Public

[ 2017-05-22T17:22:13+08:00 ] 127.0.0.1 /Public/Admin//Public/Admin/static/ace/js/bootbox.js
ERR: 无法加载控制器:Public

[ 2017-05-22T17:22:13+08:00 ] 127.0.0.1 /Public/Admin//Public/Admin/static/ace/js/ace/ace.js
ERR: 无法加载控制器:Public

[ 2017-05-22T17:22:13+08:00 ] 127.0.0.1 /Public/Admin//Public/Admin/static/ace/js/chosen.jquery.js
ERR: 无法加载控制器:Public

[ 2017-05-22T17:22:13+08:00 ] 127.0.0.1 /Public/Admin//Public/Admin/static/ace/js/date-time/bootstrap-datepicker.js
ERR: 无法加载控制器:Public

[ 2017-05-22T17:22:14+08:00 ] 127.0.0.1 /Public/Admin/static/ace/css/less/ace.css
ERR: 无法加载控制器:Public

[ 2017-05-22T17:22:14+08:00 ] 127.0.0.1 /Public/Admin//Public/Admin/static/ace/js/chosen.jquery.js
ERR: 无法加载控制器:Public

[ 2017-05-22T17:22:14+08:00 ] 127.0.0.1 /Public/Admin//Public/Admin/static/ace/js/bootstrap.js
ERR: 无法加载控制器:Public

[ 2017-05-22T17:22:14+08:00 ] 127.0.0.1 /Public/Admin//Public/Admin/static/ace/js/date-time/bootstrap-datepicker.js
ERR: 无法加载控制器:Public

[ 2017-05-22T17:22:14+08:00 ] 127.0.0.1 /Public/Admin//Public/Admin/static/ace/js/bootbox.js
ERR: 无法加载控制器:Public

[ 2017-05-22T17:22:14+08:00 ] 127.0.0.1 /Public/Admin//Public/Admin/static/ace/js/ace/ace.js
ERR: 无法加载控制器:Public

[ 2017-05-22T17:22:14+08:00 ] 127.0.0.1 /Public/Admin/static/ace/css/less/ace.css
ERR: 无法加载控制器:Public

[ 2017-05-22T17:22:14+08:00 ] 127.0.0.1 /Public/Admin//Public/Admin/static/ace/js/bootstrap.js
ERR: 无法加载控制器:Public

[ 2017-05-22T17:22:14+08:00 ] 127.0.0.1 /Public/Admin//Public/Admin/static/ace/js/bootbox.js
ERR: 无法加载控制器:Public

[ 2017-05-22T17:22:14+08:00 ] 127.0.0.1 /Public/Admin//Public/Admin/static/ace/js/ace/ace.js
ERR: 无法加载控制器:Public

[ 2017-05-22T17:22:14+08:00 ] 127.0.0.1 /Public/Admin//Public/Admin/static/ace/js/chosen.jquery.js
ERR: 无法加载控制器:Public

[ 2017-05-22T17:22:14+08:00 ] 127.0.0.1 /Public/Admin//Public/Admin/static/ace/js/date-time/bootstrap-datepicker.js
ERR: 无法加载控制器:Public

[ 2017-05-22T17:22:15+08:00 ] 127.0.0.1 /Public/Admin//Public/Admin/static/ace/js/date-time/bootstrap-datepicker.js
ERR: 无法加载控制器:Public

[ 2017-05-22T17:22:15+08:00 ] 127.0.0.1 /Public/Admin/static/ace/css/less/ace.css
ERR: 无法加载控制器:Public

[ 2017-05-22T17:22:15+08:00 ] 127.0.0.1 /Public/Admin//Public/Admin/static/ace/js/bootstrap.js
ERR: 无法加载控制器:Public

[ 2017-05-22T17:22:15+08:00 ] 127.0.0.1 /Public/Admin//Public/Admin/static/ace/js/chosen.jquery.js
ERR: 无法加载控制器:Public

[ 2017-05-22T17:22:15+08:00 ] 127.0.0.1 /Public/Admin//Public/Admin/static/ace/js/ace/ace.js
ERR: 无法加载控制器:Public

[ 2017-05-22T17:22:15+08:00 ] 127.0.0.1 /Public/Admin//Public/Admin/static/ace/js/bootbox.js
ERR: 无法加载控制器:Public

[ 2017-05-22T17:22:15+08:00 ] 127.0.0.1 /Public/Admin/static/ace/css/less/ace.css
ERR: 无法加载控制器:Public

[ 2017-05-22T17:22:15+08:00 ] 127.0.0.1 /Public/Admin//Public/Admin/static/ace/js/bootstrap.js
ERR: 无法加载控制器:Public

[ 2017-05-22T17:22:15+08:00 ] 127.0.0.1 /Public/Admin//Public/Admin/static/ace/js/bootbox.js
ERR: 无法加载控制器:Public

[ 2017-05-22T17:22:15+08:00 ] 127.0.0.1 /Public/Admin//Public/Admin/static/ace/js/ace/ace.js
ERR: 无法加载控制器:Public

[ 2017-05-22T17:22:15+08:00 ] 127.0.0.1 /Public/Admin//Public/Admin/static/ace/js/chosen.jquery.js
ERR: 无法加载控制器:Public

[ 2017-05-22T17:22:15+08:00 ] 127.0.0.1 /Public/Admin//Public/Admin/static/ace/js/date-time/bootstrap-datepicker.js
ERR: 无法加载控制器:Public

[ 2017-05-22T17:26:14+08:00 ] 127.0.0.1 /Public/Admin/static/ace/css/less/ace.css
ERR: 无法加载控制器:Public

[ 2017-05-22T17:26:14+08:00 ] 127.0.0.1 /Public/Admin//Public/Admin/static/ace/js/bootbox.js
ERR: 无法加载控制器:Public

[ 2017-05-22T17:26:14+08:00 ] 127.0.0.1 /Public/Admin//Public/Admin/static/ace/js/bootstrap.js
ERR: 无法加载控制器:Public

[ 2017-05-22T17:26:14+08:00 ] 127.0.0.1 /Public/Admin//Public/Admin/static/ace/js/ace/ace.js
ERR: 无法加载控制器:Public

[ 2017-05-22T17:26:14+08:00 ] 127.0.0.1 /Public/Admin//Public/Admin/static/ace/js/chosen.jquery.js
ERR: 无法加载控制器:Public

[ 2017-05-22T17:26:14+08:00 ] 127.0.0.1 /Public/Admin//Public/Admin/static/ace/js/date-time/bootstrap-datepicker.js
ERR: 无法加载控制器:Public

[ 2017-05-22T17:26:14+08:00 ] 127.0.0.1 /Public/Admin/static/ace/css/less/ace.css
ERR: 无法加载控制器:Public

[ 2017-05-22T17:26:14+08:00 ] 127.0.0.1 /Public/Admin//Public/Admin/static/ace/js/bootstrap.js
ERR: 无法加载控制器:Public

[ 2017-05-22T17:26:14+08:00 ] 127.0.0.1 /Public/Admin//Public/Admin/static/ace/js/bootbox.js
ERR: 无法加载控制器:Public

[ 2017-05-22T17:26:14+08:00 ] 127.0.0.1 /Public/Admin//Public/Admin/static/ace/js/ace/ace.js
ERR: 无法加载控制器:Public

[ 2017-05-22T17:26:14+08:00 ] 127.0.0.1 /Public/Admin//Public/Admin/static/ace/js/chosen.jquery.js
ERR: 无法加载控制器:Public

[ 2017-05-22T17:26:14+08:00 ] 127.0.0.1 /Public/Admin//Public/Admin/static/ace/js/date-time/bootstrap-datepicker.js
ERR: 无法加载控制器:Public

[ 2017-05-22T17:36:51+08:00 ] 127.0.0.1 /Public/Admin/static/ace/css/less/ace.css
ERR: 无法加载控制器:Public

[ 2017-05-22T17:36:51+08:00 ] 127.0.0.1 /Public/Admin//Public/Admin/static/ace/js/bootstrap.js
ERR: 无法加载控制器:Public

[ 2017-05-22T17:36:51+08:00 ] 127.0.0.1 /Public/Admin//Public/Admin/static/ace/js/bootbox.js
ERR: 无法加载控制器:Public

[ 2017-05-22T17:36:51+08:00 ] 127.0.0.1 /Public/Admin//Public/Admin/static/ace/js/ace/ace.js
ERR: 无法加载控制器:Public

[ 2017-05-22T17:36:51+08:00 ] 127.0.0.1 /Public/Admin//Public/Admin/static/ace/js/date-time/bootstrap-datepicker.js
ERR: 无法加载控制器:Public

[ 2017-05-22T17:36:51+08:00 ] 127.0.0.1 /Public/Admin//Public/Admin/static/ace/js/chosen.jquery.js
ERR: 无法加载控制器:Public

[ 2017-05-22T17:36:51+08:00 ] 127.0.0.1 /Public/Admin/static/ace/css/less/ace.css
ERR: 无法加载控制器:Public

[ 2017-05-22T17:36:52+08:00 ] 127.0.0.1 /Public/Admin//Public/Admin/static/ace/js/bootstrap.js
ERR: 无法加载控制器:Public

[ 2017-05-22T17:36:52+08:00 ] 127.0.0.1 /Public/Admin//Public/Admin/static/ace/js/bootbox.js
ERR: 无法加载控制器:Public

[ 2017-05-22T17:36:52+08:00 ] 127.0.0.1 /Public/Admin//Public/Admin/static/ace/js/ace/ace.js
ERR: 无法加载控制器:Public

[ 2017-05-22T17:36:52+08:00 ] 127.0.0.1 /Public/Admin//Public/Admin/static/ace/js/chosen.jquery.js
ERR: 无法加载控制器:Public

[ 2017-05-22T17:36:52+08:00 ] 127.0.0.1 /Public/Admin//Public/Admin/static/ace/js/date-time/bootstrap-datepicker.js
ERR: 无法加载控制器:Public

[ 2017-05-22T17:36:55+08:00 ] 127.0.0.1 /Public/Admin/static/ace/css/less/ace.css
ERR: 无法加载控制器:Public

[ 2017-05-22T17:36:55+08:00 ] 127.0.0.1 /Public/Admin//Public/Admin/static/ace/js/bootbox.js
ERR: 无法加载控制器:Public

[ 2017-05-22T17:36:55+08:00 ] 127.0.0.1 /Public/Admin//Public/Admin/static/ace/js/bootstrap.js
ERR: 无法加载控制器:Public

[ 2017-05-22T17:36:55+08:00 ] 127.0.0.1 /Public/Admin//Public/Admin/static/ace/js/chosen.jquery.js
ERR: 无法加载控制器:Public

[ 2017-05-22T17:36:55+08:00 ] 127.0.0.1 /Public/Admin//Public/Admin/static/ace/js/ace/ace.js
ERR: 无法加载控制器:Public

[ 2017-05-22T17:36:55+08:00 ] 127.0.0.1 /Public/Admin//Public/Admin/static/ace/js/date-time/bootstrap-datepicker.js
ERR: 无法加载控制器:Public

[ 2017-05-22T17:36:55+08:00 ] 127.0.0.1 /Public/Admin/static/ace/css/less/ace.css
ERR: 无法加载控制器:Public

[ 2017-05-22T17:36:55+08:00 ] 127.0.0.1 /Public/Admin//Public/Admin/static/ace/js/bootstrap.js
ERR: 无法加载控制器:Public

[ 2017-05-22T17:36:55+08:00 ] 127.0.0.1 /Public/Admin//Public/Admin/static/ace/js/bootbox.js
ERR: 无法加载控制器:Public

[ 2017-05-22T17:36:55+08:00 ] 127.0.0.1 /Public/Admin//Public/Admin/static/ace/js/ace/ace.js
ERR: 无法加载控制器:Public

[ 2017-05-22T17:36:55+08:00 ] 127.0.0.1 /Public/Admin//Public/Admin/static/ace/js/chosen.jquery.js
ERR: 无法加载控制器:Public

[ 2017-05-22T17:36:55+08:00 ] 127.0.0.1 /Public/Admin//Public/Admin/static/ace/js/date-time/bootstrap-datepicker.js
ERR: 无法加载控制器:Public

[ 2017-05-22T17:37:29+08:00 ] 127.0.0.1 /Public/Admin//Public/Admin/static/ace/js/bootstrap.js
ERR: 无法加载控制器:Public

[ 2017-05-22T17:37:29+08:00 ] 127.0.0.1 /Public/Admin/static/ace/css/less/ace.css
ERR: 无法加载控制器:Public

[ 2017-05-22T17:37:29+08:00 ] 127.0.0.1 /Public/Admin//Public/Admin/static/ace/js/bootbox.js
ERR: 无法加载控制器:Public

[ 2017-05-22T17:37:29+08:00 ] 127.0.0.1 /Public/Admin//Public/Admin/static/ace/js/ace/ace.js
ERR: 无法加载控制器:Public

[ 2017-05-22T17:37:29+08:00 ] 127.0.0.1 /Public/Admin//Public/Admin/static/ace/js/chosen.jquery.js
ERR: 无法加载控制器:Public

[ 2017-05-22T17:37:29+08:00 ] 127.0.0.1 /Public/Admin//Public/Admin/static/ace/js/date-time/bootstrap-datepicker.js
ERR: 无法加载控制器:Public

[ 2017-05-22T17:37:29+08:00 ] 127.0.0.1 /Public/Admin/static/ace/css/less/ace.css
ERR: 无法加载控制器:Public

[ 2017-05-22T17:37:30+08:00 ] 127.0.0.1 /Public/Admin//Public/Admin/static/ace/js/bootstrap.js
ERR: 无法加载控制器:Public

[ 2017-05-22T17:37:30+08:00 ] 127.0.0.1 /Public/Admin//Public/Admin/static/ace/js/bootbox.js
ERR: 无法加载控制器:Public

[ 2017-05-22T17:37:30+08:00 ] 127.0.0.1 /Public/Admin//Public/Admin/static/ace/js/ace/ace.js
ERR: 无法加载控制器:Public

[ 2017-05-22T17:37:30+08:00 ] 127.0.0.1 /Public/Admin//Public/Admin/static/ace/js/chosen.jquery.js
ERR: 无法加载控制器:Public

[ 2017-05-22T17:37:30+08:00 ] 127.0.0.1 /Public/Admin//Public/Admin/static/ace/js/date-time/bootstrap-datepicker.js
ERR: 无法加载控制器:Public

[ 2017-05-22T17:37:35+08:00 ] 127.0.0.1 /Public/Admin//Public/Admin/static/ace/js/date-time/bootstrap-datepicker.js
ERR: 无法加载控制器:Public

[ 2017-05-22T17:37:35+08:00 ] 127.0.0.1 /Public/Admin//Public/Admin/static/ace/js/bootbox.js
ERR: 无法加载控制器:Public

[ 2017-05-22T17:37:35+08:00 ] 127.0.0.1 /Public/Admin/static/ace/css/less/ace.css
ERR: 无法加载控制器:Public

[ 2017-05-22T17:37:35+08:00 ] 127.0.0.1 /Public/Admin//Public/Admin/static/ace/js/bootstrap.js
ERR: 无法加载控制器:Public

[ 2017-05-22T17:37:35+08:00 ] 127.0.0.1 /Public/Admin//Public/Admin/static/ace/js/ace/ace.js
ERR: 无法加载控制器:Public

[ 2017-05-22T17:37:35+08:00 ] 127.0.0.1 /Public/Admin//Public/Admin/static/ace/js/chosen.jquery.js
ERR: 无法加载控制器:Public

[ 2017-05-22T17:37:36+08:00 ] 127.0.0.1 /Public/Admin/static/ace/css/less/ace.css
ERR: 无法加载控制器:Public

[ 2017-05-22T17:37:36+08:00 ] 127.0.0.1 /Public/Admin//Public/Admin/static/ace/js/bootstrap.js
ERR: 无法加载控制器:Public

[ 2017-05-22T17:37:36+08:00 ] 127.0.0.1 /Public/Admin//Public/Admin/static/ace/js/bootbox.js
ERR: 无法加载控制器:Public

[ 2017-05-22T17:37:36+08:00 ] 127.0.0.1 /Public/Admin//Public/Admin/static/ace/js/ace/ace.js
ERR: 无法加载控制器:Public

[ 2017-05-22T17:37:36+08:00 ] 127.0.0.1 /Public/Admin//Public/Admin/static/ace/js/chosen.jquery.js
ERR: 无法加载控制器:Public

[ 2017-05-22T17:37:36+08:00 ] 127.0.0.1 /Public/Admin//Public/Admin/static/ace/js/date-time/bootstrap-datepicker.js
ERR: 无法加载控制器:Public

[ 2017-05-22T17:37:41+08:00 ] 127.0.0.1 /Public/Admin/static/ace/css/less/ace.css
ERR: 无法加载控制器:Public

[ 2017-05-22T17:37:41+08:00 ] 127.0.0.1 /Public/Admin//Public/Admin/static/ace/js/bootbox.js
ERR: 无法加载控制器:Public

[ 2017-05-22T17:37:41+08:00 ] 127.0.0.1 /Public/Admin//Public/Admin/static/ace/js/bootstrap.js
ERR: 无法加载控制器:Public

[ 2017-05-22T17:37:41+08:00 ] 127.0.0.1 /Public/Admin//Public/Admin/static/ace/js/chosen.jquery.js
ERR: 无法加载控制器:Public

[ 2017-05-22T17:37:41+08:00 ] 127.0.0.1 /Public/Admin//Public/Admin/static/ace/js/date-time/bootstrap-datepicker.js
ERR: 无法加载控制器:Public

[ 2017-05-22T17:37:41+08:00 ] 127.0.0.1 /Public/Admin//Public/Admin/static/ace/js/ace/ace.js
ERR: 无法加载控制器:Public

[ 2017-05-22T17:37:41+08:00 ] 127.0.0.1 /Public/Admin/static/ace/css/less/ace.css
ERR: 无法加载控制器:Public

[ 2017-05-22T17:37:41+08:00 ] 127.0.0.1 /Public/Admin//Public/Admin/static/ace/js/bootstrap.js
ERR: 无法加载控制器:Public

[ 2017-05-22T17:37:41+08:00 ] 127.0.0.1 /Public/Admin//Public/Admin/static/ace/js/bootbox.js
ERR: 无法加载控制器:Public

[ 2017-05-22T17:37:41+08:00 ] 127.0.0.1 /Public/Admin//Public/Admin/static/ace/js/ace/ace.js
ERR: 无法加载控制器:Public

[ 2017-05-22T17:37:41+08:00 ] 127.0.0.1 /Public/Admin//Public/Admin/static/ace/js/chosen.jquery.js
ERR: 无法加载控制器:Public

[ 2017-05-22T17:37:41+08:00 ] 127.0.0.1 /Public/Admin//Public/Admin/static/ace/js/date-time/bootstrap-datepicker.js
ERR: 无法加载控制器:Public

[ 2017-05-22T17:37:42+08:00 ] 127.0.0.1 /Public/Admin/static/ace/css/less/ace.css
ERR: 无法加载控制器:Public

[ 2017-05-22T17:37:42+08:00 ] 127.0.0.1 /Public/Admin//Public/Admin/static/ace/js/bootstrap.js
ERR: 无法加载控制器:Public

[ 2017-05-22T17:37:42+08:00 ] 127.0.0.1 /Public/Admin//Public/Admin/static/ace/js/ace/ace.js
ERR: 无法加载控制器:Public

[ 2017-05-22T17:37:42+08:00 ] 127.0.0.1 /Public/Admin//Public/Admin/static/ace/js/bootbox.js
ERR: 无法加载控制器:Public

[ 2017-05-22T17:37:42+08:00 ] 127.0.0.1 /Public/Admin//Public/Admin/static/ace/js/date-time/bootstrap-datepicker.js
ERR: 无法加载控制器:Public

[ 2017-05-22T17:37:42+08:00 ] 127.0.0.1 /Public/Admin//Public/Admin/static/ace/js/chosen.jquery.js
ERR: 无法加载控制器:Public

[ 2017-05-22T17:37:42+08:00 ] 127.0.0.1 /Public/Admin/static/ace/css/less/ace.css
ERR: 无法加载控制器:Public

[ 2017-05-22T17:37:42+08:00 ] 127.0.0.1 /Public/Admin//Public/Admin/static/ace/js/bootstrap.js
ERR: 无法加载控制器:Public

[ 2017-05-22T17:37:42+08:00 ] 127.0.0.1 /Public/Admin//Public/Admin/static/ace/js/bootbox.js
ERR: 无法加载控制器:Public

[ 2017-05-22T17:37:42+08:00 ] 127.0.0.1 /Public/Admin//Public/Admin/static/ace/js/ace/ace.js
ERR: 无法加载控制器:Public

[ 2017-05-22T17:37:42+08:00 ] 127.0.0.1 /Public/Admin//Public/Admin/static/ace/js/chosen.jquery.js
ERR: 无法加载控制器:Public

[ 2017-05-22T17:37:42+08:00 ] 127.0.0.1 /Public/Admin//Public/Admin/static/ace/js/date-time/bootstrap-datepicker.js
ERR: 无法加载控制器:Public

[ 2017-05-22T17:37:45+08:00 ] 127.0.0.1 /Public/Admin//Public/Admin/static/ace/js/bootstrap.js
ERR: 无法加载控制器:Public

[ 2017-05-22T17:37:45+08:00 ] 127.0.0.1 /Public/Admin/static/ace/css/less/ace.css
ERR: 无法加载控制器:Public

[ 2017-05-22T17:37:45+08:00 ] 127.0.0.1 /Public/Admin//Public/Admin/static/ace/js/bootbox.js
ERR: 无法加载控制器:Public

[ 2017-05-22T17:37:45+08:00 ] 127.0.0.1 /Public/Admin//Public/Admin/static/ace/js/date-time/bootstrap-datepicker.js
ERR: 无法加载控制器:Public

[ 2017-05-22T17:37:45+08:00 ] 127.0.0.1 /Public/Admin//Public/Admin/static/ace/js/chosen.jquery.js
ERR: 无法加载控制器:Public

[ 2017-05-22T17:37:45+08:00 ] 127.0.0.1 /Public/Admin//Public/Admin/static/ace/js/ace/ace.js
ERR: 无法加载控制器:Public

[ 2017-05-22T17:37:45+08:00 ] 127.0.0.1 /Public/Admin/static/ace/css/less/ace.css
ERR: 无法加载控制器:Public

[ 2017-05-22T17:37:45+08:00 ] 127.0.0.1 /Public/Admin//Public/Admin/static/ace/js/bootstrap.js
ERR: 无法加载控制器:Public

[ 2017-05-22T17:37:45+08:00 ] 127.0.0.1 /Public/Admin//Public/Admin/static/ace/js/bootbox.js
ERR: 无法加载控制器:Public

[ 2017-05-22T17:37:46+08:00 ] 127.0.0.1 /Public/Admin//Public/Admin/static/ace/js/ace/ace.js
ERR: 无法加载控制器:Public

[ 2017-05-22T17:37:46+08:00 ] 127.0.0.1 /Public/Admin//Public/Admin/static/ace/js/chosen.jquery.js
ERR: 无法加载控制器:Public

[ 2017-05-22T17:37:46+08:00 ] 127.0.0.1 /Public/Admin//Public/Admin/static/ace/js/date-time/bootstrap-datepicker.js
ERR: 无法加载控制器:Public

[ 2017-05-22T17:38:54+08:00 ] 127.0.0.1 /Public/Admin//Public/Admin/static/ace/js/bootstrap.js
ERR: 无法加载控制器:Public

[ 2017-05-22T17:38:54+08:00 ] 127.0.0.1 /Public/Admin/static/ace/css/less/ace.css
ERR: 无法加载控制器:Public

[ 2017-05-22T17:38:54+08:00 ] 127.0.0.1 /Public/Admin//Public/Admin/static/ace/js/ace/ace.js
ERR: 无法加载控制器:Public

[ 2017-05-22T17:38:54+08:00 ] 127.0.0.1 /Public/Admin//Public/Admin/static/ace/js/bootbox.js
ERR: 无法加载控制器:Public

[ 2017-05-22T17:38:54+08:00 ] 127.0.0.1 /Public/Admin//Public/Admin/static/ace/js/date-time/bootstrap-datepicker.js
ERR: 无法加载控制器:Public

[ 2017-05-22T17:38:54+08:00 ] 127.0.0.1 /Public/Admin//Public/Admin/static/ace/js/chosen.jquery.js
ERR: 无法加载控制器:Public

[ 2017-05-22T17:38:54+08:00 ] 127.0.0.1 /Public/Admin/static/ace/css/less/ace.css
ERR: 无法加载控制器:Public

[ 2017-05-22T17:38:54+08:00 ] 127.0.0.1 /Public/Admin//Public/Admin/static/ace/js/bootstrap.js
ERR: 无法加载控制器:Public

[ 2017-05-22T17:38:54+08:00 ] 127.0.0.1 /Public/Admin//Public/Admin/static/ace/js/bootbox.js
ERR: 无法加载控制器:Public

[ 2017-05-22T17:38:54+08:00 ] 127.0.0.1 /Public/Admin//Public/Admin/static/ace/js/ace/ace.js
ERR: 无法加载控制器:Public

[ 2017-05-22T17:38:55+08:00 ] 127.0.0.1 /Public/Admin//Public/Admin/static/ace/js/chosen.jquery.js
ERR: 无法加载控制器:Public

[ 2017-05-22T17:38:55+08:00 ] 127.0.0.1 /Public/Admin//Public/Admin/static/ace/js/date-time/bootstrap-datepicker.js
ERR: 无法加载控制器:Public

[ 2017-05-22T17:39:02+08:00 ] 127.0.0.1 /Public/Admin/static/ace/css/less/ace.css
ERR: 无法加载控制器:Public

[ 2017-05-22T17:39:02+08:00 ] 127.0.0.1 /Public/Admin//Public/Admin/static/ace/js/bootstrap.js
ERR: 无法加载控制器:Public

[ 2017-05-22T17:39:02+08:00 ] 127.0.0.1 /Public/Admin//Public/Admin/static/ace/js/ace/ace.js
ERR: 无法加载控制器:Public

[ 2017-05-22T17:39:02+08:00 ] 127.0.0.1 /Public/Admin//Public/Admin/static/ace/js/date-time/bootstrap-datepicker.js
ERR: 无法加载控制器:Public

[ 2017-05-22T17:39:02+08:00 ] 127.0.0.1 /Public/Admin//Public/Admin/static/ace/js/bootbox.js
ERR: 无法加载控制器:Public

[ 2017-05-22T17:39:02+08:00 ] 127.0.0.1 /Public/Admin//Public/Admin/static/ace/js/chosen.jquery.js
ERR: 无法加载控制器:Public

[ 2017-05-22T17:39:02+08:00 ] 127.0.0.1 /Public/Admin/static/ace/css/less/ace.css
ERR: 无法加载控制器:Public

[ 2017-05-22T17:39:02+08:00 ] 127.0.0.1 /Public/Admin//Public/Admin/static/ace/js/bootstrap.js
ERR: 无法加载控制器:Public

[ 2017-05-22T17:39:02+08:00 ] 127.0.0.1 /Public/Admin//Public/Admin/static/ace/js/bootbox.js
ERR: 无法加载控制器:Public

[ 2017-05-22T17:39:02+08:00 ] 127.0.0.1 /Public/Admin//Public/Admin/static/ace/js/ace/ace.js
ERR: 无法加载控制器:Public

[ 2017-05-22T17:39:02+08:00 ] 127.0.0.1 /Public/Admin//Public/Admin/static/ace/js/chosen.jquery.js
ERR: 无法加载控制器:Public

[ 2017-05-22T17:39:02+08:00 ] 127.0.0.1 /Public/Admin//Public/Admin/static/ace/js/date-time/bootstrap-datepicker.js
ERR: 无法加载控制器:Public

[ 2017-05-22T17:39:26+08:00 ] 127.0.0.1 /Public/Admin/static/ace/css/less/ace.css
ERR: 无法加载控制器:Public

[ 2017-05-22T17:39:26+08:00 ] 127.0.0.1 /Public/Admin//Public/Admin/static/ace/js/bootstrap.js
ERR: 无法加载控制器:Public

[ 2017-05-22T17:39:26+08:00 ] 127.0.0.1 /Public/Admin//Public/Admin/static/ace/js/bootbox.js
ERR: 无法加载控制器:Public

[ 2017-05-22T17:39:26+08:00 ] 127.0.0.1 /Public/Admin//Public/Admin/static/ace/js/ace/ace.js
ERR: 无法加载控制器:Public

[ 2017-05-22T17:39:26+08:00 ] 127.0.0.1 /Public/Admin//Public/Admin/static/ace/js/date-time/bootstrap-datepicker.js
ERR: 无法加载控制器:Public

[ 2017-05-22T17:39:26+08:00 ] 127.0.0.1 /Public/Admin//Public/Admin/static/ace/js/chosen.jquery.js
ERR: 无法加载控制器:Public

[ 2017-05-22T17:39:26+08:00 ] 127.0.0.1 /Public/Admin/static/ace/css/less/ace.css
ERR: 无法加载控制器:Public

[ 2017-05-22T17:39:26+08:00 ] 127.0.0.1 /Public/Admin//Public/Admin/static/ace/js/bootstrap.js
ERR: 无法加载控制器:Public

[ 2017-05-22T17:39:26+08:00 ] 127.0.0.1 /Public/Admin//Public/Admin/static/ace/js/bootbox.js
ERR: 无法加载控制器:Public

[ 2017-05-22T17:39:26+08:00 ] 127.0.0.1 /Public/Admin//Public/Admin/static/ace/js/ace/ace.js
ERR: 无法加载控制器:Public

[ 2017-05-22T17:39:26+08:00 ] 127.0.0.1 /Public/Admin//Public/Admin/static/ace/js/chosen.jquery.js
ERR: 无法加载控制器:Public

[ 2017-05-22T17:39:26+08:00 ] 127.0.0.1 /Public/Admin//Public/Admin/static/ace/js/date-time/bootstrap-datepicker.js
ERR: 无法加载控制器:Public

[ 2017-05-22T17:40:01+08:00 ] 127.0.0.1 /Public/Admin/static/ace/css/less/ace.css
ERR: 无法加载控制器:Public

[ 2017-05-22T17:40:01+08:00 ] 127.0.0.1 /Public/Admin//Public/Admin/static/ace/js/chosen.jquery.js
ERR: 无法加载控制器:Public

[ 2017-05-22T17:40:01+08:00 ] 127.0.0.1 /Public/Admin//Public/Admin/static/ace/js/bootstrap.js
ERR: 无法加载控制器:Public

[ 2017-05-22T17:40:01+08:00 ] 127.0.0.1 /Public/Admin//Public/Admin/static/ace/js/ace/ace.js
ERR: 无法加载控制器:Public

[ 2017-05-22T17:40:01+08:00 ] 127.0.0.1 /Public/Admin//Public/Admin/static/ace/js/bootbox.js
ERR: 无法加载控制器:Public

[ 2017-05-22T17:40:01+08:00 ] 127.0.0.1 /Public/Admin//Public/Admin/static/ace/js/date-time/bootstrap-datepicker.js
ERR: 无法加载控制器:Public

[ 2017-05-22T17:40:02+08:00 ] 127.0.0.1 /Public/Admin/static/ace/css/less/ace.css
ERR: 无法加载控制器:Public

[ 2017-05-22T17:40:02+08:00 ] 127.0.0.1 /Public/Admin//Public/Admin/static/ace/js/bootstrap.js
ERR: 无法加载控制器:Public

[ 2017-05-22T17:40:02+08:00 ] 127.0.0.1 /Public/Admin//Public/Admin/static/ace/js/bootbox.js
ERR: 无法加载控制器:Public

[ 2017-05-22T17:40:02+08:00 ] 127.0.0.1 /Public/Admin//Public/Admin/static/ace/js/ace/ace.js
ERR: 无法加载控制器:Public

[ 2017-05-22T17:40:02+08:00 ] 127.0.0.1 /Public/Admin//Public/Admin/static/ace/js/chosen.jquery.js
ERR: 无法加载控制器:Public

[ 2017-05-22T17:40:02+08:00 ] 127.0.0.1 /Public/Admin//Public/Admin/static/ace/js/date-time/bootstrap-datepicker.js
ERR: 无法加载控制器:Public

[ 2017-05-22T17:58:36+08:00 ] 127.0.0.1 /Public/Admin//Public/Admin/static/ace/js/ace/ace.js
ERR: 无法加载控制器:Public

[ 2017-05-22T17:58:36+08:00 ] 127.0.0.1 /Public/Admin//Public/Admin/static/ace/js/bootstrap.js
ERR: 无法加载控制器:Public

[ 2017-05-22T17:58:36+08:00 ] 127.0.0.1 /Public/Admin//Public/Admin/static/ace/js/bootbox.js
ERR: 无法加载控制器:Public

[ 2017-05-22T17:58:36+08:00 ] 127.0.0.1 /Public/Admin/static/ace/css/less/ace.css
ERR: 无法加载控制器:Public

[ 2017-05-22T17:58:36+08:00 ] 127.0.0.1 /Public/Admin//Public/Admin/static/ace/js/chosen.jquery.js
ERR: 无法加载控制器:Public

[ 2017-05-22T17:58:36+08:00 ] 127.0.0.1 /Public/Admin//Public/Admin/static/ace/js/date-time/bootstrap-datepicker.js
ERR: 无法加载控制器:Public

[ 2017-05-22T17:58:36+08:00 ] 127.0.0.1 /Public/Admin/static/ace/css/less/ace.css
ERR: 无法加载控制器:Public

[ 2017-05-22T17:58:36+08:00 ] 127.0.0.1 /Public/Admin//Public/Admin/static/ace/js/bootstrap.js
ERR: 无法加载控制器:Public

[ 2017-05-22T17:58:36+08:00 ] 127.0.0.1 /Public/Admin//Public/Admin/static/ace/js/bootbox.js
ERR: 无法加载控制器:Public

[ 2017-05-22T17:58:36+08:00 ] 127.0.0.1 /Public/Admin//Public/Admin/static/ace/js/ace/ace.js
ERR: 无法加载控制器:Public

[ 2017-05-22T17:58:37+08:00 ] 127.0.0.1 /Public/Admin//Public/Admin/static/ace/js/chosen.jquery.js
ERR: 无法加载控制器:Public

[ 2017-05-22T17:58:37+08:00 ] 127.0.0.1 /Public/Admin//Public/Admin/static/ace/js/date-time/bootstrap-datepicker.js
ERR: 无法加载控制器:Public

[ 2017-05-22T18:04:45+08:00 ] 127.0.0.1 /Public/Admin/static/ace/css/less/ace.css
ERR: 无法加载控制器:Public

[ 2017-05-22T18:04:45+08:00 ] 127.0.0.1 /Public/Admin/static/ace/css/less/ace.css
ERR: 无法加载控制器:Public

[ 2017-05-22T18:22:20+08:00 ] 127.0.0.1 /static/ace/js/ace-extra.js
ERR: 无法加载控制器:Static

[ 2017-05-22T18:22:20+08:00 ] 127.0.0.1 /static/login/css/style_01.css
ERR: 无法加载控制器:Static

[ 2017-05-22T18:22:20+08:00 ] 127.0.0.1 /static/js/jquery.tips.js
ERR: 无法加载控制器:Static

[ 2017-05-22T18:22:20+08:00 ] 127.0.0.1 /static/ace/js/chosen.jquery.js
ERR: 无法加载控制器:Static

[ 2017-05-22T18:22:20+08:00 ] 127.0.0.1 /static/ace/js/date-time/bootstrap-datepicker.js
ERR: 无法加载控制器:Static

[ 2017-05-22T18:22:20+08:00 ] 127.0.0.1 /static/ace/js/bootstrap.js
ERR: 无法加载控制器:Static

[ 2017-05-22T18:22:21+08:00 ] 127.0.0.1 /static/login/css/style_01.css
ERR: 无法加载控制器:Static

[ 2017-05-22T18:22:21+08:00 ] 127.0.0.1 /static/ace/js/bootstrap.js
ERR: 无法加载控制器:Static

[ 2017-05-22T18:22:21+08:00 ] 127.0.0.1 /static/ace/js/chosen.jquery.js
ERR: 无法加载控制器:Static

[ 2017-05-22T18:22:21+08:00 ] 127.0.0.1 /static/ace/js/date-time/bootstrap-datepicker.js
ERR: 无法加载控制器:Static

[ 2017-05-22T18:22:21+08:00 ] 127.0.0.1 /static/js/jquery.tips.js
ERR: 无法加载控制器:Static

[ 2017-05-22T18:23:48+08:00 ] 127.0.0.1 /static/js/jquery.tips.js
ERR: 无法加载控制器:Static

[ 2017-05-22T18:23:48+08:00 ] 127.0.0.1 /static/js/jquery.tips.js
ERR: 无法加载控制器:Static

[ 2017-05-22T18:24:52+08:00 ] 127.0.0.1 /static/js/jquery.tips.js
ERR: 无法加载控制器:Static

[ 2017-05-22T18:24:52+08:00 ] 127.0.0.1 /static/js/jquery.tips.js
ERR: 无法加载控制器:Static

[ 2017-05-22T18:27:11+08:00 ] 127.0.0.1 /static/js/jquery.tips.js
ERR: 无法加载控制器:Static

[ 2017-05-22T18:27:11+08:00 ] 127.0.0.1 /static/js/jquery.tips.js
ERR: 无法加载控制器:Static

[ 2017-05-22T18:27:28+08:00 ] 127.0.0.1 /static/js/jquery.tips.js
ERR: 无法加载控制器:Static

[ 2017-05-22T18:27:28+08:00 ] 127.0.0.1 /static/js/jquery.tips.js
ERR: 无法加载控制器:Static

[ 2017-05-22T18:28:44+08:00 ] 127.0.0.1 /static/js/jquery.tips.js
ERR: 无法加载控制器:Static

[ 2017-05-22T18:28:45+08:00 ] 127.0.0.1 /static/js/jquery.tips.js
ERR: 无法加载控制器:Static

[ 2017-05-22T18:29:03+08:00 ] 127.0.0.1 /static/js/jquery.tips.js
ERR: 无法加载控制器:Static

[ 2017-05-22T18:29:03+08:00 ] 127.0.0.1 /static/js/jquery.tips.js
ERR: 无法加载控制器:Static

